[2024-08-24T00:00:27.831+0000] {processor.py:161} INFO - Started process (PID=37378) to work on /home/airflow/.local/lib/python3.12/site-packages/airflow/example_dags/tutorial.py
[2024-08-24T00:00:27.832+0000] {processor.py:830} INFO - Processing file /home/airflow/.local/lib/python3.12/site-packages/airflow/example_dags/tutorial.py for tasks to queue
[2024-08-24T00:00:27.833+0000] {logging_mixin.py:188} INFO - [2024-08-24T00:00:27.833+0000] {dagbag.py:540} INFO - Filling up the DagBag from /home/airflow/.local/lib/python3.12/site-packages/airflow/example_dags/tutorial.py
[2024-08-24T00:00:27.836+0000] {processor.py:840} INFO - DAG(s) 'tutorial' retrieved from /home/airflow/.local/lib/python3.12/site-packages/airflow/example_dags/tutorial.py
[2024-08-24T00:00:27.848+0000] {logging_mixin.py:188} INFO - [2024-08-24T00:00:27.848+0000] {dag.py:3096} INFO - Sync 1 DAGs
[2024-08-24T00:00:27.862+0000] {logging_mixin.py:188} INFO - [2024-08-24T00:00:27.861+0000] {dag.py:3954} INFO - Setting next_dagrun for tutorial to 2024-08-23 00:00:00+00:00, run_after=2024-08-24 00:00:00+00:00
[2024-08-24T00:00:27.872+0000] {processor.py:183} INFO - Processing /home/airflow/.local/lib/python3.12/site-packages/airflow/example_dags/tutorial.py took 0.044 seconds
[2024-08-24T00:00:58.012+0000] {processor.py:161} INFO - Started process (PID=37438) to work on /home/airflow/.local/lib/python3.12/site-packages/airflow/example_dags/tutorial.py
[2024-08-24T00:00:58.012+0000] {processor.py:830} INFO - Processing file /home/airflow/.local/lib/python3.12/site-packages/airflow/example_dags/tutorial.py for tasks to queue
[2024-08-24T00:00:58.013+0000] {logging_mixin.py:188} INFO - [2024-08-24T00:00:58.013+0000] {dagbag.py:540} INFO - Filling up the DagBag from /home/airflow/.local/lib/python3.12/site-packages/airflow/example_dags/tutorial.py
[2024-08-24T00:00:58.017+0000] {processor.py:840} INFO - DAG(s) 'tutorial' retrieved from /home/airflow/.local/lib/python3.12/site-packages/airflow/example_dags/tutorial.py
[2024-08-24T00:00:58.028+0000] {logging_mixin.py:188} INFO - [2024-08-24T00:00:58.028+0000] {dag.py:3096} INFO - Sync 1 DAGs
[2024-08-24T00:00:58.041+0000] {logging_mixin.py:188} INFO - [2024-08-24T00:00:58.041+0000] {dag.py:3954} INFO - Setting next_dagrun for tutorial to 2024-08-23 00:00:00+00:00, run_after=2024-08-24 00:00:00+00:00
[2024-08-24T00:00:58.052+0000] {processor.py:183} INFO - Processing /home/airflow/.local/lib/python3.12/site-packages/airflow/example_dags/tutorial.py took 0.043 seconds
[2024-08-24T00:01:28.315+0000] {processor.py:161} INFO - Started process (PID=37498) to work on /home/airflow/.local/lib/python3.12/site-packages/airflow/example_dags/tutorial.py
[2024-08-24T00:01:28.315+0000] {processor.py:830} INFO - Processing file /home/airflow/.local/lib/python3.12/site-packages/airflow/example_dags/tutorial.py for tasks to queue
[2024-08-24T00:01:28.316+0000] {logging_mixin.py:188} INFO - [2024-08-24T00:01:28.316+0000] {dagbag.py:540} INFO - Filling up the DagBag from /home/airflow/.local/lib/python3.12/site-packages/airflow/example_dags/tutorial.py
[2024-08-24T00:01:28.320+0000] {processor.py:840} INFO - DAG(s) 'tutorial' retrieved from /home/airflow/.local/lib/python3.12/site-packages/airflow/example_dags/tutorial.py
[2024-08-24T00:01:28.333+0000] {logging_mixin.py:188} INFO - [2024-08-24T00:01:28.332+0000] {dag.py:3096} INFO - Sync 1 DAGs
[2024-08-24T00:01:28.348+0000] {logging_mixin.py:188} INFO - [2024-08-24T00:01:28.347+0000] {dag.py:3954} INFO - Setting next_dagrun for tutorial to 2024-08-23 00:00:00+00:00, run_after=2024-08-24 00:00:00+00:00
[2024-08-24T00:01:28.359+0000] {processor.py:183} INFO - Processing /home/airflow/.local/lib/python3.12/site-packages/airflow/example_dags/tutorial.py took 0.047 seconds
[2024-08-24T00:01:58.470+0000] {processor.py:161} INFO - Started process (PID=37558) to work on /home/airflow/.local/lib/python3.12/site-packages/airflow/example_dags/tutorial.py
[2024-08-24T00:01:58.470+0000] {processor.py:830} INFO - Processing file /home/airflow/.local/lib/python3.12/site-packages/airflow/example_dags/tutorial.py for tasks to queue
[2024-08-24T00:01:58.471+0000] {logging_mixin.py:188} INFO - [2024-08-24T00:01:58.471+0000] {dagbag.py:540} INFO - Filling up the DagBag from /home/airflow/.local/lib/python3.12/site-packages/airflow/example_dags/tutorial.py
[2024-08-24T00:01:58.474+0000] {processor.py:840} INFO - DAG(s) 'tutorial' retrieved from /home/airflow/.local/lib/python3.12/site-packages/airflow/example_dags/tutorial.py
[2024-08-24T00:01:58.487+0000] {logging_mixin.py:188} INFO - [2024-08-24T00:01:58.487+0000] {dag.py:3096} INFO - Sync 1 DAGs
[2024-08-24T00:01:58.501+0000] {logging_mixin.py:188} INFO - [2024-08-24T00:01:58.501+0000] {dag.py:3954} INFO - Setting next_dagrun for tutorial to 2024-08-23 00:00:00+00:00, run_after=2024-08-24 00:00:00+00:00
[2024-08-24T00:01:58.511+0000] {processor.py:183} INFO - Processing /home/airflow/.local/lib/python3.12/site-packages/airflow/example_dags/tutorial.py took 0.045 seconds
[2024-08-24T00:02:28.690+0000] {processor.py:161} INFO - Started process (PID=37618) to work on /home/airflow/.local/lib/python3.12/site-packages/airflow/example_dags/tutorial.py
[2024-08-24T00:02:28.690+0000] {processor.py:830} INFO - Processing file /home/airflow/.local/lib/python3.12/site-packages/airflow/example_dags/tutorial.py for tasks to queue
[2024-08-24T00:02:28.691+0000] {logging_mixin.py:188} INFO - [2024-08-24T00:02:28.691+0000] {dagbag.py:540} INFO - Filling up the DagBag from /home/airflow/.local/lib/python3.12/site-packages/airflow/example_dags/tutorial.py
[2024-08-24T00:02:28.694+0000] {processor.py:840} INFO - DAG(s) 'tutorial' retrieved from /home/airflow/.local/lib/python3.12/site-packages/airflow/example_dags/tutorial.py
[2024-08-24T00:02:28.706+0000] {logging_mixin.py:188} INFO - [2024-08-24T00:02:28.706+0000] {dag.py:3096} INFO - Sync 1 DAGs
[2024-08-24T00:02:28.719+0000] {logging_mixin.py:188} INFO - [2024-08-24T00:02:28.719+0000] {dag.py:3954} INFO - Setting next_dagrun for tutorial to 2024-08-23 00:00:00+00:00, run_after=2024-08-24 00:00:00+00:00
[2024-08-24T00:02:28.729+0000] {processor.py:183} INFO - Processing /home/airflow/.local/lib/python3.12/site-packages/airflow/example_dags/tutorial.py took 0.043 seconds
[2024-08-24T00:02:59.053+0000] {processor.py:161} INFO - Started process (PID=37678) to work on /home/airflow/.local/lib/python3.12/site-packages/airflow/example_dags/tutorial.py
[2024-08-24T00:02:59.053+0000] {processor.py:830} INFO - Processing file /home/airflow/.local/lib/python3.12/site-packages/airflow/example_dags/tutorial.py for tasks to queue
[2024-08-24T00:02:59.054+0000] {logging_mixin.py:188} INFO - [2024-08-24T00:02:59.054+0000] {dagbag.py:540} INFO - Filling up the DagBag from /home/airflow/.local/lib/python3.12/site-packages/airflow/example_dags/tutorial.py
[2024-08-24T00:02:59.057+0000] {processor.py:840} INFO - DAG(s) 'tutorial' retrieved from /home/airflow/.local/lib/python3.12/site-packages/airflow/example_dags/tutorial.py
[2024-08-24T00:02:59.070+0000] {logging_mixin.py:188} INFO - [2024-08-24T00:02:59.070+0000] {dag.py:3096} INFO - Sync 1 DAGs
[2024-08-24T00:02:59.082+0000] {logging_mixin.py:188} INFO - [2024-08-24T00:02:59.082+0000] {dag.py:3954} INFO - Setting next_dagrun for tutorial to 2024-08-23 00:00:00+00:00, run_after=2024-08-24 00:00:00+00:00
[2024-08-24T00:02:59.091+0000] {processor.py:183} INFO - Processing /home/airflow/.local/lib/python3.12/site-packages/airflow/example_dags/tutorial.py took 0.042 seconds
[2024-08-24T00:03:29.187+0000] {processor.py:161} INFO - Started process (PID=37738) to work on /home/airflow/.local/lib/python3.12/site-packages/airflow/example_dags/tutorial.py
[2024-08-24T00:03:29.188+0000] {processor.py:830} INFO - Processing file /home/airflow/.local/lib/python3.12/site-packages/airflow/example_dags/tutorial.py for tasks to queue
[2024-08-24T00:03:29.189+0000] {logging_mixin.py:188} INFO - [2024-08-24T00:03:29.189+0000] {dagbag.py:540} INFO - Filling up the DagBag from /home/airflow/.local/lib/python3.12/site-packages/airflow/example_dags/tutorial.py
[2024-08-24T00:03:29.192+0000] {processor.py:840} INFO - DAG(s) 'tutorial' retrieved from /home/airflow/.local/lib/python3.12/site-packages/airflow/example_dags/tutorial.py
[2024-08-24T00:03:29.204+0000] {logging_mixin.py:188} INFO - [2024-08-24T00:03:29.204+0000] {dag.py:3096} INFO - Sync 1 DAGs
[2024-08-24T00:03:29.217+0000] {logging_mixin.py:188} INFO - [2024-08-24T00:03:29.217+0000] {dag.py:3954} INFO - Setting next_dagrun for tutorial to 2024-08-23 00:00:00+00:00, run_after=2024-08-24 00:00:00+00:00
[2024-08-24T00:03:29.229+0000] {processor.py:183} INFO - Processing /home/airflow/.local/lib/python3.12/site-packages/airflow/example_dags/tutorial.py took 0.045 seconds
[2024-08-24T00:03:59.319+0000] {processor.py:161} INFO - Started process (PID=37798) to work on /home/airflow/.local/lib/python3.12/site-packages/airflow/example_dags/tutorial.py
[2024-08-24T00:03:59.319+0000] {processor.py:830} INFO - Processing file /home/airflow/.local/lib/python3.12/site-packages/airflow/example_dags/tutorial.py for tasks to queue
[2024-08-24T00:03:59.320+0000] {logging_mixin.py:188} INFO - [2024-08-24T00:03:59.320+0000] {dagbag.py:540} INFO - Filling up the DagBag from /home/airflow/.local/lib/python3.12/site-packages/airflow/example_dags/tutorial.py
[2024-08-24T00:03:59.324+0000] {processor.py:840} INFO - DAG(s) 'tutorial' retrieved from /home/airflow/.local/lib/python3.12/site-packages/airflow/example_dags/tutorial.py
[2024-08-24T00:03:59.337+0000] {logging_mixin.py:188} INFO - [2024-08-24T00:03:59.337+0000] {dag.py:3096} INFO - Sync 1 DAGs
[2024-08-24T00:03:59.350+0000] {logging_mixin.py:188} INFO - [2024-08-24T00:03:59.350+0000] {dag.py:3954} INFO - Setting next_dagrun for tutorial to 2024-08-23 00:00:00+00:00, run_after=2024-08-24 00:00:00+00:00
[2024-08-24T00:03:59.361+0000] {processor.py:183} INFO - Processing /home/airflow/.local/lib/python3.12/site-packages/airflow/example_dags/tutorial.py took 0.046 seconds
[2024-08-24T00:04:29.761+0000] {processor.py:161} INFO - Started process (PID=37858) to work on /home/airflow/.local/lib/python3.12/site-packages/airflow/example_dags/tutorial.py
[2024-08-24T00:04:29.762+0000] {processor.py:830} INFO - Processing file /home/airflow/.local/lib/python3.12/site-packages/airflow/example_dags/tutorial.py for tasks to queue
[2024-08-24T00:04:29.763+0000] {logging_mixin.py:188} INFO - [2024-08-24T00:04:29.763+0000] {dagbag.py:540} INFO - Filling up the DagBag from /home/airflow/.local/lib/python3.12/site-packages/airflow/example_dags/tutorial.py
[2024-08-24T00:04:29.766+0000] {processor.py:840} INFO - DAG(s) 'tutorial' retrieved from /home/airflow/.local/lib/python3.12/site-packages/airflow/example_dags/tutorial.py
[2024-08-24T00:04:29.777+0000] {logging_mixin.py:188} INFO - [2024-08-24T00:04:29.777+0000] {dag.py:3096} INFO - Sync 1 DAGs
[2024-08-24T00:04:29.789+0000] {logging_mixin.py:188} INFO - [2024-08-24T00:04:29.789+0000] {dag.py:3954} INFO - Setting next_dagrun for tutorial to 2024-08-23 00:00:00+00:00, run_after=2024-08-24 00:00:00+00:00
[2024-08-24T00:04:29.799+0000] {processor.py:183} INFO - Processing /home/airflow/.local/lib/python3.12/site-packages/airflow/example_dags/tutorial.py took 0.041 seconds
[2024-08-24T00:05:00.082+0000] {processor.py:161} INFO - Started process (PID=37918) to work on /home/airflow/.local/lib/python3.12/site-packages/airflow/example_dags/tutorial.py
[2024-08-24T00:05:00.083+0000] {processor.py:830} INFO - Processing file /home/airflow/.local/lib/python3.12/site-packages/airflow/example_dags/tutorial.py for tasks to queue
[2024-08-24T00:05:00.084+0000] {logging_mixin.py:188} INFO - [2024-08-24T00:05:00.084+0000] {dagbag.py:540} INFO - Filling up the DagBag from /home/airflow/.local/lib/python3.12/site-packages/airflow/example_dags/tutorial.py
[2024-08-24T00:05:00.088+0000] {processor.py:840} INFO - DAG(s) 'tutorial' retrieved from /home/airflow/.local/lib/python3.12/site-packages/airflow/example_dags/tutorial.py
[2024-08-24T00:05:00.101+0000] {logging_mixin.py:188} INFO - [2024-08-24T00:05:00.101+0000] {dag.py:3096} INFO - Sync 1 DAGs
[2024-08-24T00:05:00.115+0000] {logging_mixin.py:188} INFO - [2024-08-24T00:05:00.115+0000] {dag.py:3954} INFO - Setting next_dagrun for tutorial to 2024-08-23 00:00:00+00:00, run_after=2024-08-24 00:00:00+00:00
[2024-08-24T00:05:00.127+0000] {processor.py:183} INFO - Processing /home/airflow/.local/lib/python3.12/site-packages/airflow/example_dags/tutorial.py took 0.048 seconds
[2024-08-24T00:05:30.161+0000] {processor.py:161} INFO - Started process (PID=37977) to work on /home/airflow/.local/lib/python3.12/site-packages/airflow/example_dags/tutorial.py
[2024-08-24T00:05:30.162+0000] {processor.py:830} INFO - Processing file /home/airflow/.local/lib/python3.12/site-packages/airflow/example_dags/tutorial.py for tasks to queue
[2024-08-24T00:05:30.163+0000] {logging_mixin.py:188} INFO - [2024-08-24T00:05:30.163+0000] {dagbag.py:540} INFO - Filling up the DagBag from /home/airflow/.local/lib/python3.12/site-packages/airflow/example_dags/tutorial.py
[2024-08-24T00:05:30.167+0000] {processor.py:840} INFO - DAG(s) 'tutorial' retrieved from /home/airflow/.local/lib/python3.12/site-packages/airflow/example_dags/tutorial.py
[2024-08-24T00:05:30.179+0000] {logging_mixin.py:188} INFO - [2024-08-24T00:05:30.179+0000] {dag.py:3096} INFO - Sync 1 DAGs
[2024-08-24T00:05:30.193+0000] {logging_mixin.py:188} INFO - [2024-08-24T00:05:30.193+0000] {dag.py:3954} INFO - Setting next_dagrun for tutorial to 2024-08-23 00:00:00+00:00, run_after=2024-08-24 00:00:00+00:00
[2024-08-24T00:05:30.204+0000] {processor.py:183} INFO - Processing /home/airflow/.local/lib/python3.12/site-packages/airflow/example_dags/tutorial.py took 0.047 seconds
[2024-08-24T00:06:00.521+0000] {processor.py:161} INFO - Started process (PID=38037) to work on /home/airflow/.local/lib/python3.12/site-packages/airflow/example_dags/tutorial.py
[2024-08-24T00:06:00.522+0000] {processor.py:830} INFO - Processing file /home/airflow/.local/lib/python3.12/site-packages/airflow/example_dags/tutorial.py for tasks to queue
[2024-08-24T00:06:00.523+0000] {logging_mixin.py:188} INFO - [2024-08-24T00:06:00.523+0000] {dagbag.py:540} INFO - Filling up the DagBag from /home/airflow/.local/lib/python3.12/site-packages/airflow/example_dags/tutorial.py
[2024-08-24T00:06:00.527+0000] {processor.py:840} INFO - DAG(s) 'tutorial' retrieved from /home/airflow/.local/lib/python3.12/site-packages/airflow/example_dags/tutorial.py
[2024-08-24T00:06:00.539+0000] {logging_mixin.py:188} INFO - [2024-08-24T00:06:00.539+0000] {dag.py:3096} INFO - Sync 1 DAGs
[2024-08-24T00:06:00.552+0000] {logging_mixin.py:188} INFO - [2024-08-24T00:06:00.552+0000] {dag.py:3954} INFO - Setting next_dagrun for tutorial to 2024-08-23 00:00:00+00:00, run_after=2024-08-24 00:00:00+00:00
[2024-08-24T00:06:00.563+0000] {processor.py:183} INFO - Processing /home/airflow/.local/lib/python3.12/site-packages/airflow/example_dags/tutorial.py took 0.046 seconds
[2024-08-24T00:06:31.245+0000] {processor.py:161} INFO - Started process (PID=38097) to work on /home/airflow/.local/lib/python3.12/site-packages/airflow/example_dags/tutorial.py
[2024-08-24T00:06:31.245+0000] {processor.py:830} INFO - Processing file /home/airflow/.local/lib/python3.12/site-packages/airflow/example_dags/tutorial.py for tasks to queue
[2024-08-24T00:06:31.247+0000] {logging_mixin.py:188} INFO - [2024-08-24T00:06:31.247+0000] {dagbag.py:540} INFO - Filling up the DagBag from /home/airflow/.local/lib/python3.12/site-packages/airflow/example_dags/tutorial.py
[2024-08-24T00:06:31.251+0000] {processor.py:840} INFO - DAG(s) 'tutorial' retrieved from /home/airflow/.local/lib/python3.12/site-packages/airflow/example_dags/tutorial.py
[2024-08-24T00:06:31.263+0000] {logging_mixin.py:188} INFO - [2024-08-24T00:06:31.262+0000] {dag.py:3096} INFO - Sync 1 DAGs
[2024-08-24T00:06:31.277+0000] {logging_mixin.py:188} INFO - [2024-08-24T00:06:31.277+0000] {dag.py:3954} INFO - Setting next_dagrun for tutorial to 2024-08-23 00:00:00+00:00, run_after=2024-08-24 00:00:00+00:00
[2024-08-24T00:06:31.289+0000] {processor.py:183} INFO - Processing /home/airflow/.local/lib/python3.12/site-packages/airflow/example_dags/tutorial.py took 0.047 seconds
[2024-08-24T00:07:01.500+0000] {processor.py:161} INFO - Started process (PID=38157) to work on /home/airflow/.local/lib/python3.12/site-packages/airflow/example_dags/tutorial.py
[2024-08-24T00:07:01.501+0000] {processor.py:830} INFO - Processing file /home/airflow/.local/lib/python3.12/site-packages/airflow/example_dags/tutorial.py for tasks to queue
[2024-08-24T00:07:01.502+0000] {logging_mixin.py:188} INFO - [2024-08-24T00:07:01.502+0000] {dagbag.py:540} INFO - Filling up the DagBag from /home/airflow/.local/lib/python3.12/site-packages/airflow/example_dags/tutorial.py
[2024-08-24T00:07:01.505+0000] {processor.py:840} INFO - DAG(s) 'tutorial' retrieved from /home/airflow/.local/lib/python3.12/site-packages/airflow/example_dags/tutorial.py
[2024-08-24T00:07:01.519+0000] {logging_mixin.py:188} INFO - [2024-08-24T00:07:01.519+0000] {dag.py:3096} INFO - Sync 1 DAGs
[2024-08-24T00:07:01.531+0000] {logging_mixin.py:188} INFO - [2024-08-24T00:07:01.531+0000] {dag.py:3954} INFO - Setting next_dagrun for tutorial to 2024-08-23 00:00:00+00:00, run_after=2024-08-24 00:00:00+00:00
[2024-08-24T00:07:01.544+0000] {processor.py:183} INFO - Processing /home/airflow/.local/lib/python3.12/site-packages/airflow/example_dags/tutorial.py took 0.047 seconds
[2024-08-24T00:07:31.698+0000] {processor.py:161} INFO - Started process (PID=38217) to work on /home/airflow/.local/lib/python3.12/site-packages/airflow/example_dags/tutorial.py
[2024-08-24T00:07:31.698+0000] {processor.py:830} INFO - Processing file /home/airflow/.local/lib/python3.12/site-packages/airflow/example_dags/tutorial.py for tasks to queue
[2024-08-24T00:07:31.699+0000] {logging_mixin.py:188} INFO - [2024-08-24T00:07:31.699+0000] {dagbag.py:540} INFO - Filling up the DagBag from /home/airflow/.local/lib/python3.12/site-packages/airflow/example_dags/tutorial.py
[2024-08-24T00:07:31.703+0000] {processor.py:840} INFO - DAG(s) 'tutorial' retrieved from /home/airflow/.local/lib/python3.12/site-packages/airflow/example_dags/tutorial.py
[2024-08-24T00:07:31.715+0000] {logging_mixin.py:188} INFO - [2024-08-24T00:07:31.715+0000] {dag.py:3096} INFO - Sync 1 DAGs
[2024-08-24T00:07:31.730+0000] {logging_mixin.py:188} INFO - [2024-08-24T00:07:31.729+0000] {dag.py:3954} INFO - Setting next_dagrun for tutorial to 2024-08-23 00:00:00+00:00, run_after=2024-08-24 00:00:00+00:00
[2024-08-24T00:07:31.741+0000] {processor.py:183} INFO - Processing /home/airflow/.local/lib/python3.12/site-packages/airflow/example_dags/tutorial.py took 0.047 seconds
[2024-08-24T00:08:01.956+0000] {processor.py:161} INFO - Started process (PID=38277) to work on /home/airflow/.local/lib/python3.12/site-packages/airflow/example_dags/tutorial.py
[2024-08-24T00:08:01.957+0000] {processor.py:830} INFO - Processing file /home/airflow/.local/lib/python3.12/site-packages/airflow/example_dags/tutorial.py for tasks to queue
[2024-08-24T00:08:01.958+0000] {logging_mixin.py:188} INFO - [2024-08-24T00:08:01.958+0000] {dagbag.py:540} INFO - Filling up the DagBag from /home/airflow/.local/lib/python3.12/site-packages/airflow/example_dags/tutorial.py
[2024-08-24T00:08:01.961+0000] {processor.py:840} INFO - DAG(s) 'tutorial' retrieved from /home/airflow/.local/lib/python3.12/site-packages/airflow/example_dags/tutorial.py
[2024-08-24T00:08:01.975+0000] {logging_mixin.py:188} INFO - [2024-08-24T00:08:01.974+0000] {dag.py:3096} INFO - Sync 1 DAGs
[2024-08-24T00:08:01.987+0000] {logging_mixin.py:188} INFO - [2024-08-24T00:08:01.987+0000] {dag.py:3954} INFO - Setting next_dagrun for tutorial to 2024-08-23 00:00:00+00:00, run_after=2024-08-24 00:00:00+00:00
[2024-08-24T00:08:01.997+0000] {processor.py:183} INFO - Processing /home/airflow/.local/lib/python3.12/site-packages/airflow/example_dags/tutorial.py took 0.045 seconds
[2024-08-24T00:08:32.082+0000] {processor.py:161} INFO - Started process (PID=38337) to work on /home/airflow/.local/lib/python3.12/site-packages/airflow/example_dags/tutorial.py
[2024-08-24T00:08:32.082+0000] {processor.py:830} INFO - Processing file /home/airflow/.local/lib/python3.12/site-packages/airflow/example_dags/tutorial.py for tasks to queue
[2024-08-24T00:08:32.083+0000] {logging_mixin.py:188} INFO - [2024-08-24T00:08:32.083+0000] {dagbag.py:540} INFO - Filling up the DagBag from /home/airflow/.local/lib/python3.12/site-packages/airflow/example_dags/tutorial.py
[2024-08-24T00:08:32.087+0000] {processor.py:840} INFO - DAG(s) 'tutorial' retrieved from /home/airflow/.local/lib/python3.12/site-packages/airflow/example_dags/tutorial.py
[2024-08-24T00:08:32.099+0000] {logging_mixin.py:188} INFO - [2024-08-24T00:08:32.099+0000] {dag.py:3096} INFO - Sync 1 DAGs
[2024-08-24T00:08:32.113+0000] {logging_mixin.py:188} INFO - [2024-08-24T00:08:32.113+0000] {dag.py:3954} INFO - Setting next_dagrun for tutorial to 2024-08-23 00:00:00+00:00, run_after=2024-08-24 00:00:00+00:00
[2024-08-24T00:08:32.124+0000] {processor.py:183} INFO - Processing /home/airflow/.local/lib/python3.12/site-packages/airflow/example_dags/tutorial.py took 0.046 seconds
[2024-08-24T00:09:02.850+0000] {processor.py:161} INFO - Started process (PID=38397) to work on /home/airflow/.local/lib/python3.12/site-packages/airflow/example_dags/tutorial.py
[2024-08-24T00:09:02.851+0000] {processor.py:830} INFO - Processing file /home/airflow/.local/lib/python3.12/site-packages/airflow/example_dags/tutorial.py for tasks to queue
[2024-08-24T00:09:02.852+0000] {logging_mixin.py:188} INFO - [2024-08-24T00:09:02.852+0000] {dagbag.py:540} INFO - Filling up the DagBag from /home/airflow/.local/lib/python3.12/site-packages/airflow/example_dags/tutorial.py
[2024-08-24T00:09:02.855+0000] {processor.py:840} INFO - DAG(s) 'tutorial' retrieved from /home/airflow/.local/lib/python3.12/site-packages/airflow/example_dags/tutorial.py
[2024-08-24T00:09:02.867+0000] {logging_mixin.py:188} INFO - [2024-08-24T00:09:02.867+0000] {dag.py:3096} INFO - Sync 1 DAGs
[2024-08-24T00:09:02.881+0000] {logging_mixin.py:188} INFO - [2024-08-24T00:09:02.881+0000] {dag.py:3954} INFO - Setting next_dagrun for tutorial to 2024-08-23 00:00:00+00:00, run_after=2024-08-24 00:00:00+00:00
[2024-08-24T00:09:02.893+0000] {processor.py:183} INFO - Processing /home/airflow/.local/lib/python3.12/site-packages/airflow/example_dags/tutorial.py took 0.046 seconds
[2024-08-24T00:09:33.313+0000] {processor.py:161} INFO - Started process (PID=38457) to work on /home/airflow/.local/lib/python3.12/site-packages/airflow/example_dags/tutorial.py
[2024-08-24T00:09:33.313+0000] {processor.py:830} INFO - Processing file /home/airflow/.local/lib/python3.12/site-packages/airflow/example_dags/tutorial.py for tasks to queue
[2024-08-24T00:09:33.315+0000] {logging_mixin.py:188} INFO - [2024-08-24T00:09:33.315+0000] {dagbag.py:540} INFO - Filling up the DagBag from /home/airflow/.local/lib/python3.12/site-packages/airflow/example_dags/tutorial.py
[2024-08-24T00:09:33.318+0000] {processor.py:840} INFO - DAG(s) 'tutorial' retrieved from /home/airflow/.local/lib/python3.12/site-packages/airflow/example_dags/tutorial.py
[2024-08-24T00:09:33.331+0000] {logging_mixin.py:188} INFO - [2024-08-24T00:09:33.331+0000] {dag.py:3096} INFO - Sync 1 DAGs
[2024-08-24T00:09:33.344+0000] {logging_mixin.py:188} INFO - [2024-08-24T00:09:33.344+0000] {dag.py:3954} INFO - Setting next_dagrun for tutorial to 2024-08-23 00:00:00+00:00, run_after=2024-08-24 00:00:00+00:00
[2024-08-24T00:09:33.355+0000] {processor.py:183} INFO - Processing /home/airflow/.local/lib/python3.12/site-packages/airflow/example_dags/tutorial.py took 0.046 seconds
[2024-08-24T00:10:03.696+0000] {processor.py:161} INFO - Started process (PID=38517) to work on /home/airflow/.local/lib/python3.12/site-packages/airflow/example_dags/tutorial.py
[2024-08-24T00:10:03.697+0000] {processor.py:830} INFO - Processing file /home/airflow/.local/lib/python3.12/site-packages/airflow/example_dags/tutorial.py for tasks to queue
[2024-08-24T00:10:03.698+0000] {logging_mixin.py:188} INFO - [2024-08-24T00:10:03.697+0000] {dagbag.py:540} INFO - Filling up the DagBag from /home/airflow/.local/lib/python3.12/site-packages/airflow/example_dags/tutorial.py
[2024-08-24T00:10:03.701+0000] {processor.py:840} INFO - DAG(s) 'tutorial' retrieved from /home/airflow/.local/lib/python3.12/site-packages/airflow/example_dags/tutorial.py
[2024-08-24T00:10:03.715+0000] {logging_mixin.py:188} INFO - [2024-08-24T00:10:03.715+0000] {dag.py:3096} INFO - Sync 1 DAGs
[2024-08-24T00:10:03.841+0000] {logging_mixin.py:188} INFO - [2024-08-24T00:10:03.841+0000] {dag.py:3954} INFO - Setting next_dagrun for tutorial to 2024-08-23 00:00:00+00:00, run_after=2024-08-24 00:00:00+00:00
[2024-08-24T00:10:03.853+0000] {processor.py:183} INFO - Processing /home/airflow/.local/lib/python3.12/site-packages/airflow/example_dags/tutorial.py took 0.161 seconds
[2024-08-24T00:10:34.468+0000] {processor.py:161} INFO - Started process (PID=38577) to work on /home/airflow/.local/lib/python3.12/site-packages/airflow/example_dags/tutorial.py
[2024-08-24T00:10:34.469+0000] {processor.py:830} INFO - Processing file /home/airflow/.local/lib/python3.12/site-packages/airflow/example_dags/tutorial.py for tasks to queue
[2024-08-24T00:10:34.470+0000] {logging_mixin.py:188} INFO - [2024-08-24T00:10:34.470+0000] {dagbag.py:540} INFO - Filling up the DagBag from /home/airflow/.local/lib/python3.12/site-packages/airflow/example_dags/tutorial.py
[2024-08-24T00:10:34.474+0000] {processor.py:840} INFO - DAG(s) 'tutorial' retrieved from /home/airflow/.local/lib/python3.12/site-packages/airflow/example_dags/tutorial.py
[2024-08-24T00:10:34.486+0000] {logging_mixin.py:188} INFO - [2024-08-24T00:10:34.486+0000] {dag.py:3096} INFO - Sync 1 DAGs
[2024-08-24T00:10:34.501+0000] {logging_mixin.py:188} INFO - [2024-08-24T00:10:34.501+0000] {dag.py:3954} INFO - Setting next_dagrun for tutorial to 2024-08-23 00:00:00+00:00, run_after=2024-08-24 00:00:00+00:00
[2024-08-24T00:10:34.513+0000] {processor.py:183} INFO - Processing /home/airflow/.local/lib/python3.12/site-packages/airflow/example_dags/tutorial.py took 0.049 seconds
[2024-08-24T00:11:04.648+0000] {processor.py:161} INFO - Started process (PID=38637) to work on /home/airflow/.local/lib/python3.12/site-packages/airflow/example_dags/tutorial.py
[2024-08-24T00:11:04.649+0000] {processor.py:830} INFO - Processing file /home/airflow/.local/lib/python3.12/site-packages/airflow/example_dags/tutorial.py for tasks to queue
[2024-08-24T00:11:04.650+0000] {logging_mixin.py:188} INFO - [2024-08-24T00:11:04.649+0000] {dagbag.py:540} INFO - Filling up the DagBag from /home/airflow/.local/lib/python3.12/site-packages/airflow/example_dags/tutorial.py
[2024-08-24T00:11:04.653+0000] {processor.py:840} INFO - DAG(s) 'tutorial' retrieved from /home/airflow/.local/lib/python3.12/site-packages/airflow/example_dags/tutorial.py
[2024-08-24T00:11:04.665+0000] {logging_mixin.py:188} INFO - [2024-08-24T00:11:04.665+0000] {dag.py:3096} INFO - Sync 1 DAGs
[2024-08-24T00:11:04.680+0000] {logging_mixin.py:188} INFO - [2024-08-24T00:11:04.680+0000] {dag.py:3954} INFO - Setting next_dagrun for tutorial to 2024-08-23 00:00:00+00:00, run_after=2024-08-24 00:00:00+00:00
[2024-08-24T00:11:04.692+0000] {processor.py:183} INFO - Processing /home/airflow/.local/lib/python3.12/site-packages/airflow/example_dags/tutorial.py took 0.048 seconds
[2024-08-24T00:11:34.732+0000] {processor.py:161} INFO - Started process (PID=38697) to work on /home/airflow/.local/lib/python3.12/site-packages/airflow/example_dags/tutorial.py
[2024-08-24T00:11:34.732+0000] {processor.py:830} INFO - Processing file /home/airflow/.local/lib/python3.12/site-packages/airflow/example_dags/tutorial.py for tasks to queue
[2024-08-24T00:11:34.734+0000] {logging_mixin.py:188} INFO - [2024-08-24T00:11:34.733+0000] {dagbag.py:540} INFO - Filling up the DagBag from /home/airflow/.local/lib/python3.12/site-packages/airflow/example_dags/tutorial.py
[2024-08-24T00:11:34.738+0000] {processor.py:840} INFO - DAG(s) 'tutorial' retrieved from /home/airflow/.local/lib/python3.12/site-packages/airflow/example_dags/tutorial.py
[2024-08-24T00:11:34.751+0000] {logging_mixin.py:188} INFO - [2024-08-24T00:11:34.751+0000] {dag.py:3096} INFO - Sync 1 DAGs
[2024-08-24T00:11:34.765+0000] {logging_mixin.py:188} INFO - [2024-08-24T00:11:34.765+0000] {dag.py:3954} INFO - Setting next_dagrun for tutorial to 2024-08-23 00:00:00+00:00, run_after=2024-08-24 00:00:00+00:00
[2024-08-24T00:11:34.777+0000] {processor.py:183} INFO - Processing /home/airflow/.local/lib/python3.12/site-packages/airflow/example_dags/tutorial.py took 0.048 seconds
[2024-08-24T00:12:04.957+0000] {processor.py:161} INFO - Started process (PID=38757) to work on /home/airflow/.local/lib/python3.12/site-packages/airflow/example_dags/tutorial.py
[2024-08-24T00:12:04.957+0000] {processor.py:830} INFO - Processing file /home/airflow/.local/lib/python3.12/site-packages/airflow/example_dags/tutorial.py for tasks to queue
[2024-08-24T00:12:04.958+0000] {logging_mixin.py:188} INFO - [2024-08-24T00:12:04.958+0000] {dagbag.py:540} INFO - Filling up the DagBag from /home/airflow/.local/lib/python3.12/site-packages/airflow/example_dags/tutorial.py
[2024-08-24T00:12:04.961+0000] {processor.py:840} INFO - DAG(s) 'tutorial' retrieved from /home/airflow/.local/lib/python3.12/site-packages/airflow/example_dags/tutorial.py
[2024-08-24T00:12:04.973+0000] {logging_mixin.py:188} INFO - [2024-08-24T00:12:04.973+0000] {dag.py:3096} INFO - Sync 1 DAGs
[2024-08-24T00:12:04.987+0000] {logging_mixin.py:188} INFO - [2024-08-24T00:12:04.987+0000] {dag.py:3954} INFO - Setting next_dagrun for tutorial to 2024-08-23 00:00:00+00:00, run_after=2024-08-24 00:00:00+00:00
[2024-08-24T00:12:04.997+0000] {processor.py:183} INFO - Processing /home/airflow/.local/lib/python3.12/site-packages/airflow/example_dags/tutorial.py took 0.044 seconds
[2024-08-24T00:12:35.086+0000] {processor.py:161} INFO - Started process (PID=38817) to work on /home/airflow/.local/lib/python3.12/site-packages/airflow/example_dags/tutorial.py
[2024-08-24T00:12:35.086+0000] {processor.py:830} INFO - Processing file /home/airflow/.local/lib/python3.12/site-packages/airflow/example_dags/tutorial.py for tasks to queue
[2024-08-24T00:12:35.087+0000] {logging_mixin.py:188} INFO - [2024-08-24T00:12:35.087+0000] {dagbag.py:540} INFO - Filling up the DagBag from /home/airflow/.local/lib/python3.12/site-packages/airflow/example_dags/tutorial.py
[2024-08-24T00:12:35.091+0000] {processor.py:840} INFO - DAG(s) 'tutorial' retrieved from /home/airflow/.local/lib/python3.12/site-packages/airflow/example_dags/tutorial.py
[2024-08-24T00:12:35.102+0000] {logging_mixin.py:188} INFO - [2024-08-24T00:12:35.102+0000] {dag.py:3096} INFO - Sync 1 DAGs
[2024-08-24T00:12:35.115+0000] {logging_mixin.py:188} INFO - [2024-08-24T00:12:35.115+0000] {dag.py:3954} INFO - Setting next_dagrun for tutorial to 2024-08-23 00:00:00+00:00, run_after=2024-08-24 00:00:00+00:00
[2024-08-24T00:12:35.125+0000] {processor.py:183} INFO - Processing /home/airflow/.local/lib/python3.12/site-packages/airflow/example_dags/tutorial.py took 0.043 seconds
[2024-08-24T00:13:05.168+0000] {processor.py:161} INFO - Started process (PID=38877) to work on /home/airflow/.local/lib/python3.12/site-packages/airflow/example_dags/tutorial.py
[2024-08-24T00:13:05.169+0000] {processor.py:830} INFO - Processing file /home/airflow/.local/lib/python3.12/site-packages/airflow/example_dags/tutorial.py for tasks to queue
[2024-08-24T00:13:05.170+0000] {logging_mixin.py:188} INFO - [2024-08-24T00:13:05.170+0000] {dagbag.py:540} INFO - Filling up the DagBag from /home/airflow/.local/lib/python3.12/site-packages/airflow/example_dags/tutorial.py
[2024-08-24T00:13:05.173+0000] {processor.py:840} INFO - DAG(s) 'tutorial' retrieved from /home/airflow/.local/lib/python3.12/site-packages/airflow/example_dags/tutorial.py
[2024-08-24T00:13:05.186+0000] {logging_mixin.py:188} INFO - [2024-08-24T00:13:05.186+0000] {dag.py:3096} INFO - Sync 1 DAGs
[2024-08-24T00:13:05.200+0000] {logging_mixin.py:188} INFO - [2024-08-24T00:13:05.200+0000] {dag.py:3954} INFO - Setting next_dagrun for tutorial to 2024-08-23 00:00:00+00:00, run_after=2024-08-24 00:00:00+00:00
[2024-08-24T00:13:05.211+0000] {processor.py:183} INFO - Processing /home/airflow/.local/lib/python3.12/site-packages/airflow/example_dags/tutorial.py took 0.046 seconds
[2024-08-24T00:13:35.429+0000] {processor.py:161} INFO - Started process (PID=38937) to work on /home/airflow/.local/lib/python3.12/site-packages/airflow/example_dags/tutorial.py
[2024-08-24T00:13:35.430+0000] {processor.py:830} INFO - Processing file /home/airflow/.local/lib/python3.12/site-packages/airflow/example_dags/tutorial.py for tasks to queue
[2024-08-24T00:13:35.431+0000] {logging_mixin.py:188} INFO - [2024-08-24T00:13:35.430+0000] {dagbag.py:540} INFO - Filling up the DagBag from /home/airflow/.local/lib/python3.12/site-packages/airflow/example_dags/tutorial.py
[2024-08-24T00:13:35.434+0000] {processor.py:840} INFO - DAG(s) 'tutorial' retrieved from /home/airflow/.local/lib/python3.12/site-packages/airflow/example_dags/tutorial.py
[2024-08-24T00:13:35.447+0000] {logging_mixin.py:188} INFO - [2024-08-24T00:13:35.446+0000] {dag.py:3096} INFO - Sync 1 DAGs
[2024-08-24T00:13:35.459+0000] {logging_mixin.py:188} INFO - [2024-08-24T00:13:35.459+0000] {dag.py:3954} INFO - Setting next_dagrun for tutorial to 2024-08-23 00:00:00+00:00, run_after=2024-08-24 00:00:00+00:00
[2024-08-24T00:13:35.470+0000] {processor.py:183} INFO - Processing /home/airflow/.local/lib/python3.12/site-packages/airflow/example_dags/tutorial.py took 0.045 seconds
[2024-08-24T00:14:05.594+0000] {processor.py:161} INFO - Started process (PID=38997) to work on /home/airflow/.local/lib/python3.12/site-packages/airflow/example_dags/tutorial.py
[2024-08-24T00:14:05.595+0000] {processor.py:830} INFO - Processing file /home/airflow/.local/lib/python3.12/site-packages/airflow/example_dags/tutorial.py for tasks to queue
[2024-08-24T00:14:05.596+0000] {logging_mixin.py:188} INFO - [2024-08-24T00:14:05.596+0000] {dagbag.py:540} INFO - Filling up the DagBag from /home/airflow/.local/lib/python3.12/site-packages/airflow/example_dags/tutorial.py
[2024-08-24T00:14:05.600+0000] {processor.py:840} INFO - DAG(s) 'tutorial' retrieved from /home/airflow/.local/lib/python3.12/site-packages/airflow/example_dags/tutorial.py
[2024-08-24T00:14:05.613+0000] {logging_mixin.py:188} INFO - [2024-08-24T00:14:05.612+0000] {dag.py:3096} INFO - Sync 1 DAGs
[2024-08-24T00:14:05.626+0000] {logging_mixin.py:188} INFO - [2024-08-24T00:14:05.626+0000] {dag.py:3954} INFO - Setting next_dagrun for tutorial to 2024-08-23 00:00:00+00:00, run_after=2024-08-24 00:00:00+00:00
[2024-08-24T00:14:05.637+0000] {processor.py:183} INFO - Processing /home/airflow/.local/lib/python3.12/site-packages/airflow/example_dags/tutorial.py took 0.046 seconds
[2024-08-24T00:14:35.834+0000] {processor.py:161} INFO - Started process (PID=39057) to work on /home/airflow/.local/lib/python3.12/site-packages/airflow/example_dags/tutorial.py
[2024-08-24T00:14:35.834+0000] {processor.py:830} INFO - Processing file /home/airflow/.local/lib/python3.12/site-packages/airflow/example_dags/tutorial.py for tasks to queue
[2024-08-24T00:14:35.836+0000] {logging_mixin.py:188} INFO - [2024-08-24T00:14:35.835+0000] {dagbag.py:540} INFO - Filling up the DagBag from /home/airflow/.local/lib/python3.12/site-packages/airflow/example_dags/tutorial.py
[2024-08-24T00:14:35.839+0000] {processor.py:840} INFO - DAG(s) 'tutorial' retrieved from /home/airflow/.local/lib/python3.12/site-packages/airflow/example_dags/tutorial.py
[2024-08-24T00:14:35.853+0000] {logging_mixin.py:188} INFO - [2024-08-24T00:14:35.852+0000] {dag.py:3096} INFO - Sync 1 DAGs
[2024-08-24T00:14:35.867+0000] {logging_mixin.py:188} INFO - [2024-08-24T00:14:35.867+0000] {dag.py:3954} INFO - Setting next_dagrun for tutorial to 2024-08-23 00:00:00+00:00, run_after=2024-08-24 00:00:00+00:00
[2024-08-24T00:14:35.878+0000] {processor.py:183} INFO - Processing /home/airflow/.local/lib/python3.12/site-packages/airflow/example_dags/tutorial.py took 0.048 seconds
[2024-08-24T00:15:05.919+0000] {processor.py:161} INFO - Started process (PID=39117) to work on /home/airflow/.local/lib/python3.12/site-packages/airflow/example_dags/tutorial.py
[2024-08-24T00:15:05.919+0000] {processor.py:830} INFO - Processing file /home/airflow/.local/lib/python3.12/site-packages/airflow/example_dags/tutorial.py for tasks to queue
[2024-08-24T00:15:05.921+0000] {logging_mixin.py:188} INFO - [2024-08-24T00:15:05.920+0000] {dagbag.py:540} INFO - Filling up the DagBag from /home/airflow/.local/lib/python3.12/site-packages/airflow/example_dags/tutorial.py
[2024-08-24T00:15:05.924+0000] {processor.py:840} INFO - DAG(s) 'tutorial' retrieved from /home/airflow/.local/lib/python3.12/site-packages/airflow/example_dags/tutorial.py
[2024-08-24T00:15:05.936+0000] {logging_mixin.py:188} INFO - [2024-08-24T00:15:05.935+0000] {dag.py:3096} INFO - Sync 1 DAGs
[2024-08-24T00:15:05.950+0000] {logging_mixin.py:188} INFO - [2024-08-24T00:15:05.950+0000] {dag.py:3954} INFO - Setting next_dagrun for tutorial to 2024-08-23 00:00:00+00:00, run_after=2024-08-24 00:00:00+00:00
[2024-08-24T00:15:05.962+0000] {processor.py:183} INFO - Processing /home/airflow/.local/lib/python3.12/site-packages/airflow/example_dags/tutorial.py took 0.047 seconds
[2024-08-24T00:15:36.136+0000] {processor.py:161} INFO - Started process (PID=39177) to work on /home/airflow/.local/lib/python3.12/site-packages/airflow/example_dags/tutorial.py
[2024-08-24T00:15:36.136+0000] {processor.py:830} INFO - Processing file /home/airflow/.local/lib/python3.12/site-packages/airflow/example_dags/tutorial.py for tasks to queue
[2024-08-24T00:15:36.137+0000] {logging_mixin.py:188} INFO - [2024-08-24T00:15:36.137+0000] {dagbag.py:540} INFO - Filling up the DagBag from /home/airflow/.local/lib/python3.12/site-packages/airflow/example_dags/tutorial.py
[2024-08-24T00:15:36.140+0000] {processor.py:840} INFO - DAG(s) 'tutorial' retrieved from /home/airflow/.local/lib/python3.12/site-packages/airflow/example_dags/tutorial.py
[2024-08-24T00:15:36.153+0000] {logging_mixin.py:188} INFO - [2024-08-24T00:15:36.153+0000] {dag.py:3096} INFO - Sync 1 DAGs
[2024-08-24T00:15:36.167+0000] {logging_mixin.py:188} INFO - [2024-08-24T00:15:36.166+0000] {dag.py:3954} INFO - Setting next_dagrun for tutorial to 2024-08-23 00:00:00+00:00, run_after=2024-08-24 00:00:00+00:00
[2024-08-24T00:15:36.177+0000] {processor.py:183} INFO - Processing /home/airflow/.local/lib/python3.12/site-packages/airflow/example_dags/tutorial.py took 0.045 seconds
[2024-08-24T00:16:06.217+0000] {processor.py:161} INFO - Started process (PID=39238) to work on /home/airflow/.local/lib/python3.12/site-packages/airflow/example_dags/tutorial.py
[2024-08-24T00:16:06.217+0000] {processor.py:830} INFO - Processing file /home/airflow/.local/lib/python3.12/site-packages/airflow/example_dags/tutorial.py for tasks to queue
[2024-08-24T00:16:06.219+0000] {logging_mixin.py:188} INFO - [2024-08-24T00:16:06.219+0000] {dagbag.py:540} INFO - Filling up the DagBag from /home/airflow/.local/lib/python3.12/site-packages/airflow/example_dags/tutorial.py
[2024-08-24T00:16:06.223+0000] {processor.py:840} INFO - DAG(s) 'tutorial' retrieved from /home/airflow/.local/lib/python3.12/site-packages/airflow/example_dags/tutorial.py
[2024-08-24T00:16:06.234+0000] {logging_mixin.py:188} INFO - [2024-08-24T00:16:06.234+0000] {dag.py:3096} INFO - Sync 1 DAGs
[2024-08-24T00:16:06.247+0000] {logging_mixin.py:188} INFO - [2024-08-24T00:16:06.247+0000] {dag.py:3954} INFO - Setting next_dagrun for tutorial to 2024-08-23 00:00:00+00:00, run_after=2024-08-24 00:00:00+00:00
[2024-08-24T00:16:06.258+0000] {processor.py:183} INFO - Processing /home/airflow/.local/lib/python3.12/site-packages/airflow/example_dags/tutorial.py took 0.045 seconds
[2024-08-24T00:16:36.339+0000] {processor.py:161} INFO - Started process (PID=39298) to work on /home/airflow/.local/lib/python3.12/site-packages/airflow/example_dags/tutorial.py
[2024-08-24T00:16:36.340+0000] {processor.py:830} INFO - Processing file /home/airflow/.local/lib/python3.12/site-packages/airflow/example_dags/tutorial.py for tasks to queue
[2024-08-24T00:16:36.341+0000] {logging_mixin.py:188} INFO - [2024-08-24T00:16:36.341+0000] {dagbag.py:540} INFO - Filling up the DagBag from /home/airflow/.local/lib/python3.12/site-packages/airflow/example_dags/tutorial.py
[2024-08-24T00:16:36.344+0000] {processor.py:840} INFO - DAG(s) 'tutorial' retrieved from /home/airflow/.local/lib/python3.12/site-packages/airflow/example_dags/tutorial.py
[2024-08-24T00:16:36.357+0000] {logging_mixin.py:188} INFO - [2024-08-24T00:16:36.357+0000] {dag.py:3096} INFO - Sync 1 DAGs
[2024-08-24T00:16:36.370+0000] {logging_mixin.py:188} INFO - [2024-08-24T00:16:36.370+0000] {dag.py:3954} INFO - Setting next_dagrun for tutorial to 2024-08-23 00:00:00+00:00, run_after=2024-08-24 00:00:00+00:00
[2024-08-24T00:16:36.382+0000] {processor.py:183} INFO - Processing /home/airflow/.local/lib/python3.12/site-packages/airflow/example_dags/tutorial.py took 0.046 seconds
[2024-08-24T00:17:06.486+0000] {processor.py:161} INFO - Started process (PID=39358) to work on /home/airflow/.local/lib/python3.12/site-packages/airflow/example_dags/tutorial.py
[2024-08-24T00:17:06.486+0000] {processor.py:830} INFO - Processing file /home/airflow/.local/lib/python3.12/site-packages/airflow/example_dags/tutorial.py for tasks to queue
[2024-08-24T00:17:06.488+0000] {logging_mixin.py:188} INFO - [2024-08-24T00:17:06.488+0000] {dagbag.py:540} INFO - Filling up the DagBag from /home/airflow/.local/lib/python3.12/site-packages/airflow/example_dags/tutorial.py
[2024-08-24T00:17:06.492+0000] {processor.py:840} INFO - DAG(s) 'tutorial' retrieved from /home/airflow/.local/lib/python3.12/site-packages/airflow/example_dags/tutorial.py
[2024-08-24T00:17:06.504+0000] {logging_mixin.py:188} INFO - [2024-08-24T00:17:06.504+0000] {dag.py:3096} INFO - Sync 1 DAGs
[2024-08-24T00:17:06.519+0000] {logging_mixin.py:188} INFO - [2024-08-24T00:17:06.519+0000] {dag.py:3954} INFO - Setting next_dagrun for tutorial to 2024-08-23 00:00:00+00:00, run_after=2024-08-24 00:00:00+00:00
[2024-08-24T00:17:06.531+0000] {processor.py:183} INFO - Processing /home/airflow/.local/lib/python3.12/site-packages/airflow/example_dags/tutorial.py took 0.049 seconds
[2024-08-24T00:17:36.652+0000] {processor.py:161} INFO - Started process (PID=39418) to work on /home/airflow/.local/lib/python3.12/site-packages/airflow/example_dags/tutorial.py
[2024-08-24T00:17:36.653+0000] {processor.py:830} INFO - Processing file /home/airflow/.local/lib/python3.12/site-packages/airflow/example_dags/tutorial.py for tasks to queue
[2024-08-24T00:17:36.654+0000] {logging_mixin.py:188} INFO - [2024-08-24T00:17:36.654+0000] {dagbag.py:540} INFO - Filling up the DagBag from /home/airflow/.local/lib/python3.12/site-packages/airflow/example_dags/tutorial.py
[2024-08-24T00:17:36.658+0000] {processor.py:840} INFO - DAG(s) 'tutorial' retrieved from /home/airflow/.local/lib/python3.12/site-packages/airflow/example_dags/tutorial.py
[2024-08-24T00:17:36.671+0000] {logging_mixin.py:188} INFO - [2024-08-24T00:17:36.671+0000] {dag.py:3096} INFO - Sync 1 DAGs
[2024-08-24T00:17:36.684+0000] {logging_mixin.py:188} INFO - [2024-08-24T00:17:36.684+0000] {dag.py:3954} INFO - Setting next_dagrun for tutorial to 2024-08-23 00:00:00+00:00, run_after=2024-08-24 00:00:00+00:00
[2024-08-24T00:17:36.696+0000] {processor.py:183} INFO - Processing /home/airflow/.local/lib/python3.12/site-packages/airflow/example_dags/tutorial.py took 0.047 seconds
[2024-08-24T00:18:06.763+0000] {processor.py:161} INFO - Started process (PID=39478) to work on /home/airflow/.local/lib/python3.12/site-packages/airflow/example_dags/tutorial.py
[2024-08-24T00:18:06.763+0000] {processor.py:830} INFO - Processing file /home/airflow/.local/lib/python3.12/site-packages/airflow/example_dags/tutorial.py for tasks to queue
[2024-08-24T00:18:06.764+0000] {logging_mixin.py:188} INFO - [2024-08-24T00:18:06.764+0000] {dagbag.py:540} INFO - Filling up the DagBag from /home/airflow/.local/lib/python3.12/site-packages/airflow/example_dags/tutorial.py
[2024-08-24T00:18:06.769+0000] {processor.py:840} INFO - DAG(s) 'tutorial' retrieved from /home/airflow/.local/lib/python3.12/site-packages/airflow/example_dags/tutorial.py
[2024-08-24T00:18:06.782+0000] {logging_mixin.py:188} INFO - [2024-08-24T00:18:06.782+0000] {dag.py:3096} INFO - Sync 1 DAGs
[2024-08-24T00:18:06.797+0000] {logging_mixin.py:188} INFO - [2024-08-24T00:18:06.797+0000] {dag.py:3954} INFO - Setting next_dagrun for tutorial to 2024-08-23 00:00:00+00:00, run_after=2024-08-24 00:00:00+00:00
[2024-08-24T00:18:06.808+0000] {processor.py:183} INFO - Processing /home/airflow/.local/lib/python3.12/site-packages/airflow/example_dags/tutorial.py took 0.049 seconds
[2024-08-24T00:18:36.878+0000] {processor.py:161} INFO - Started process (PID=39538) to work on /home/airflow/.local/lib/python3.12/site-packages/airflow/example_dags/tutorial.py
[2024-08-24T00:18:36.879+0000] {processor.py:830} INFO - Processing file /home/airflow/.local/lib/python3.12/site-packages/airflow/example_dags/tutorial.py for tasks to queue
[2024-08-24T00:18:36.880+0000] {logging_mixin.py:188} INFO - [2024-08-24T00:18:36.880+0000] {dagbag.py:540} INFO - Filling up the DagBag from /home/airflow/.local/lib/python3.12/site-packages/airflow/example_dags/tutorial.py
[2024-08-24T00:18:36.883+0000] {processor.py:840} INFO - DAG(s) 'tutorial' retrieved from /home/airflow/.local/lib/python3.12/site-packages/airflow/example_dags/tutorial.py
[2024-08-24T00:18:36.896+0000] {logging_mixin.py:188} INFO - [2024-08-24T00:18:36.896+0000] {dag.py:3096} INFO - Sync 1 DAGs
[2024-08-24T00:18:36.910+0000] {logging_mixin.py:188} INFO - [2024-08-24T00:18:36.910+0000] {dag.py:3954} INFO - Setting next_dagrun for tutorial to 2024-08-23 00:00:00+00:00, run_after=2024-08-24 00:00:00+00:00
[2024-08-24T00:18:36.920+0000] {processor.py:183} INFO - Processing /home/airflow/.local/lib/python3.12/site-packages/airflow/example_dags/tutorial.py took 0.045 seconds
[2024-08-24T00:19:07.091+0000] {processor.py:161} INFO - Started process (PID=39598) to work on /home/airflow/.local/lib/python3.12/site-packages/airflow/example_dags/tutorial.py
[2024-08-24T00:19:07.092+0000] {processor.py:830} INFO - Processing file /home/airflow/.local/lib/python3.12/site-packages/airflow/example_dags/tutorial.py for tasks to queue
[2024-08-24T00:19:07.093+0000] {logging_mixin.py:188} INFO - [2024-08-24T00:19:07.093+0000] {dagbag.py:540} INFO - Filling up the DagBag from /home/airflow/.local/lib/python3.12/site-packages/airflow/example_dags/tutorial.py
[2024-08-24T00:19:07.097+0000] {processor.py:840} INFO - DAG(s) 'tutorial' retrieved from /home/airflow/.local/lib/python3.12/site-packages/airflow/example_dags/tutorial.py
[2024-08-24T00:19:07.110+0000] {logging_mixin.py:188} INFO - [2024-08-24T00:19:07.109+0000] {dag.py:3096} INFO - Sync 1 DAGs
[2024-08-24T00:19:07.123+0000] {logging_mixin.py:188} INFO - [2024-08-24T00:19:07.123+0000] {dag.py:3954} INFO - Setting next_dagrun for tutorial to 2024-08-23 00:00:00+00:00, run_after=2024-08-24 00:00:00+00:00
[2024-08-24T00:19:07.133+0000] {processor.py:183} INFO - Processing /home/airflow/.local/lib/python3.12/site-packages/airflow/example_dags/tutorial.py took 0.046 seconds
[2024-08-24T00:19:37.266+0000] {processor.py:161} INFO - Started process (PID=39658) to work on /home/airflow/.local/lib/python3.12/site-packages/airflow/example_dags/tutorial.py
[2024-08-24T00:19:37.266+0000] {processor.py:830} INFO - Processing file /home/airflow/.local/lib/python3.12/site-packages/airflow/example_dags/tutorial.py for tasks to queue
[2024-08-24T00:19:37.268+0000] {logging_mixin.py:188} INFO - [2024-08-24T00:19:37.268+0000] {dagbag.py:540} INFO - Filling up the DagBag from /home/airflow/.local/lib/python3.12/site-packages/airflow/example_dags/tutorial.py
[2024-08-24T00:19:37.273+0000] {processor.py:840} INFO - DAG(s) 'tutorial' retrieved from /home/airflow/.local/lib/python3.12/site-packages/airflow/example_dags/tutorial.py
[2024-08-24T00:19:37.287+0000] {logging_mixin.py:188} INFO - [2024-08-24T00:19:37.287+0000] {dag.py:3096} INFO - Sync 1 DAGs
[2024-08-24T00:19:37.303+0000] {logging_mixin.py:188} INFO - [2024-08-24T00:19:37.303+0000] {dag.py:3954} INFO - Setting next_dagrun for tutorial to 2024-08-23 00:00:00+00:00, run_after=2024-08-24 00:00:00+00:00
[2024-08-24T00:19:37.315+0000] {processor.py:183} INFO - Processing /home/airflow/.local/lib/python3.12/site-packages/airflow/example_dags/tutorial.py took 0.053 seconds
[2024-08-24T00:20:07.447+0000] {processor.py:161} INFO - Started process (PID=39716) to work on /home/airflow/.local/lib/python3.12/site-packages/airflow/example_dags/tutorial.py
[2024-08-24T00:20:07.447+0000] {processor.py:830} INFO - Processing file /home/airflow/.local/lib/python3.12/site-packages/airflow/example_dags/tutorial.py for tasks to queue
[2024-08-24T00:20:07.448+0000] {logging_mixin.py:188} INFO - [2024-08-24T00:20:07.448+0000] {dagbag.py:540} INFO - Filling up the DagBag from /home/airflow/.local/lib/python3.12/site-packages/airflow/example_dags/tutorial.py
[2024-08-24T00:20:07.452+0000] {processor.py:840} INFO - DAG(s) 'tutorial' retrieved from /home/airflow/.local/lib/python3.12/site-packages/airflow/example_dags/tutorial.py
[2024-08-24T00:20:07.465+0000] {logging_mixin.py:188} INFO - [2024-08-24T00:20:07.465+0000] {dag.py:3096} INFO - Sync 1 DAGs
[2024-08-24T00:20:07.479+0000] {logging_mixin.py:188} INFO - [2024-08-24T00:20:07.479+0000] {dag.py:3954} INFO - Setting next_dagrun for tutorial to 2024-08-23 00:00:00+00:00, run_after=2024-08-24 00:00:00+00:00
[2024-08-24T00:20:07.491+0000] {processor.py:183} INFO - Processing /home/airflow/.local/lib/python3.12/site-packages/airflow/example_dags/tutorial.py took 0.047 seconds
[2024-08-24T00:20:37.546+0000] {processor.py:161} INFO - Started process (PID=39776) to work on /home/airflow/.local/lib/python3.12/site-packages/airflow/example_dags/tutorial.py
[2024-08-24T00:20:37.546+0000] {processor.py:830} INFO - Processing file /home/airflow/.local/lib/python3.12/site-packages/airflow/example_dags/tutorial.py for tasks to queue
[2024-08-24T00:20:37.548+0000] {logging_mixin.py:188} INFO - [2024-08-24T00:20:37.547+0000] {dagbag.py:540} INFO - Filling up the DagBag from /home/airflow/.local/lib/python3.12/site-packages/airflow/example_dags/tutorial.py
[2024-08-24T00:20:37.552+0000] {processor.py:840} INFO - DAG(s) 'tutorial' retrieved from /home/airflow/.local/lib/python3.12/site-packages/airflow/example_dags/tutorial.py
[2024-08-24T00:20:37.565+0000] {logging_mixin.py:188} INFO - [2024-08-24T00:20:37.565+0000] {dag.py:3096} INFO - Sync 1 DAGs
[2024-08-24T00:20:37.579+0000] {logging_mixin.py:188} INFO - [2024-08-24T00:20:37.578+0000] {dag.py:3954} INFO - Setting next_dagrun for tutorial to 2024-08-23 00:00:00+00:00, run_after=2024-08-24 00:00:00+00:00
[2024-08-24T00:20:37.590+0000] {processor.py:183} INFO - Processing /home/airflow/.local/lib/python3.12/site-packages/airflow/example_dags/tutorial.py took 0.049 seconds
[2024-08-24T00:21:07.816+0000] {processor.py:161} INFO - Started process (PID=39836) to work on /home/airflow/.local/lib/python3.12/site-packages/airflow/example_dags/tutorial.py
[2024-08-24T00:21:07.817+0000] {processor.py:830} INFO - Processing file /home/airflow/.local/lib/python3.12/site-packages/airflow/example_dags/tutorial.py for tasks to queue
[2024-08-24T00:21:07.818+0000] {logging_mixin.py:188} INFO - [2024-08-24T00:21:07.818+0000] {dagbag.py:540} INFO - Filling up the DagBag from /home/airflow/.local/lib/python3.12/site-packages/airflow/example_dags/tutorial.py
[2024-08-24T00:21:07.821+0000] {processor.py:840} INFO - DAG(s) 'tutorial' retrieved from /home/airflow/.local/lib/python3.12/site-packages/airflow/example_dags/tutorial.py
[2024-08-24T00:21:07.835+0000] {logging_mixin.py:188} INFO - [2024-08-24T00:21:07.835+0000] {dag.py:3096} INFO - Sync 1 DAGs
[2024-08-24T00:21:07.848+0000] {logging_mixin.py:188} INFO - [2024-08-24T00:21:07.848+0000] {dag.py:3954} INFO - Setting next_dagrun for tutorial to 2024-08-23 00:00:00+00:00, run_after=2024-08-24 00:00:00+00:00
[2024-08-24T00:21:07.861+0000] {processor.py:183} INFO - Processing /home/airflow/.local/lib/python3.12/site-packages/airflow/example_dags/tutorial.py took 0.049 seconds
[2024-08-24T00:21:38.709+0000] {processor.py:161} INFO - Started process (PID=39896) to work on /home/airflow/.local/lib/python3.12/site-packages/airflow/example_dags/tutorial.py
[2024-08-24T00:21:38.710+0000] {processor.py:830} INFO - Processing file /home/airflow/.local/lib/python3.12/site-packages/airflow/example_dags/tutorial.py for tasks to queue
[2024-08-24T00:21:38.711+0000] {logging_mixin.py:188} INFO - [2024-08-24T00:21:38.711+0000] {dagbag.py:540} INFO - Filling up the DagBag from /home/airflow/.local/lib/python3.12/site-packages/airflow/example_dags/tutorial.py
[2024-08-24T00:21:38.715+0000] {processor.py:840} INFO - DAG(s) 'tutorial' retrieved from /home/airflow/.local/lib/python3.12/site-packages/airflow/example_dags/tutorial.py
[2024-08-24T00:21:38.726+0000] {logging_mixin.py:188} INFO - [2024-08-24T00:21:38.726+0000] {dag.py:3096} INFO - Sync 1 DAGs
[2024-08-24T00:21:38.741+0000] {logging_mixin.py:188} INFO - [2024-08-24T00:21:38.741+0000] {dag.py:3954} INFO - Setting next_dagrun for tutorial to 2024-08-23 00:00:00+00:00, run_after=2024-08-24 00:00:00+00:00
[2024-08-24T00:21:38.752+0000] {processor.py:183} INFO - Processing /home/airflow/.local/lib/python3.12/site-packages/airflow/example_dags/tutorial.py took 0.047 seconds
[2024-08-24T00:22:08.823+0000] {processor.py:161} INFO - Started process (PID=39956) to work on /home/airflow/.local/lib/python3.12/site-packages/airflow/example_dags/tutorial.py
[2024-08-24T00:22:08.823+0000] {processor.py:830} INFO - Processing file /home/airflow/.local/lib/python3.12/site-packages/airflow/example_dags/tutorial.py for tasks to queue
[2024-08-24T00:22:08.824+0000] {logging_mixin.py:188} INFO - [2024-08-24T00:22:08.824+0000] {dagbag.py:540} INFO - Filling up the DagBag from /home/airflow/.local/lib/python3.12/site-packages/airflow/example_dags/tutorial.py
[2024-08-24T00:22:08.828+0000] {processor.py:840} INFO - DAG(s) 'tutorial' retrieved from /home/airflow/.local/lib/python3.12/site-packages/airflow/example_dags/tutorial.py
[2024-08-24T00:22:08.840+0000] {logging_mixin.py:188} INFO - [2024-08-24T00:22:08.839+0000] {dag.py:3096} INFO - Sync 1 DAGs
[2024-08-24T00:22:08.852+0000] {logging_mixin.py:188} INFO - [2024-08-24T00:22:08.852+0000] {dag.py:3954} INFO - Setting next_dagrun for tutorial to 2024-08-23 00:00:00+00:00, run_after=2024-08-24 00:00:00+00:00
[2024-08-24T00:22:08.864+0000] {processor.py:183} INFO - Processing /home/airflow/.local/lib/python3.12/site-packages/airflow/example_dags/tutorial.py took 0.045 seconds
[2024-08-24T00:22:38.916+0000] {processor.py:161} INFO - Started process (PID=40016) to work on /home/airflow/.local/lib/python3.12/site-packages/airflow/example_dags/tutorial.py
[2024-08-24T00:22:38.916+0000] {processor.py:830} INFO - Processing file /home/airflow/.local/lib/python3.12/site-packages/airflow/example_dags/tutorial.py for tasks to queue
[2024-08-24T00:22:38.917+0000] {logging_mixin.py:188} INFO - [2024-08-24T00:22:38.917+0000] {dagbag.py:540} INFO - Filling up the DagBag from /home/airflow/.local/lib/python3.12/site-packages/airflow/example_dags/tutorial.py
[2024-08-24T00:22:38.921+0000] {processor.py:840} INFO - DAG(s) 'tutorial' retrieved from /home/airflow/.local/lib/python3.12/site-packages/airflow/example_dags/tutorial.py
[2024-08-24T00:22:38.934+0000] {logging_mixin.py:188} INFO - [2024-08-24T00:22:38.934+0000] {dag.py:3096} INFO - Sync 1 DAGs
[2024-08-24T00:22:38.947+0000] {logging_mixin.py:188} INFO - [2024-08-24T00:22:38.947+0000] {dag.py:3954} INFO - Setting next_dagrun for tutorial to 2024-08-23 00:00:00+00:00, run_after=2024-08-24 00:00:00+00:00
[2024-08-24T00:22:38.959+0000] {processor.py:183} INFO - Processing /home/airflow/.local/lib/python3.12/site-packages/airflow/example_dags/tutorial.py took 0.046 seconds
[2024-08-24T00:23:09.162+0000] {processor.py:161} INFO - Started process (PID=40076) to work on /home/airflow/.local/lib/python3.12/site-packages/airflow/example_dags/tutorial.py
[2024-08-24T00:23:09.162+0000] {processor.py:830} INFO - Processing file /home/airflow/.local/lib/python3.12/site-packages/airflow/example_dags/tutorial.py for tasks to queue
[2024-08-24T00:23:09.164+0000] {logging_mixin.py:188} INFO - [2024-08-24T00:23:09.164+0000] {dagbag.py:540} INFO - Filling up the DagBag from /home/airflow/.local/lib/python3.12/site-packages/airflow/example_dags/tutorial.py
[2024-08-24T00:23:09.167+0000] {processor.py:840} INFO - DAG(s) 'tutorial' retrieved from /home/airflow/.local/lib/python3.12/site-packages/airflow/example_dags/tutorial.py
[2024-08-24T00:23:09.179+0000] {logging_mixin.py:188} INFO - [2024-08-24T00:23:09.179+0000] {dag.py:3096} INFO - Sync 1 DAGs
[2024-08-24T00:23:09.192+0000] {logging_mixin.py:188} INFO - [2024-08-24T00:23:09.192+0000] {dag.py:3954} INFO - Setting next_dagrun for tutorial to 2024-08-23 00:00:00+00:00, run_after=2024-08-24 00:00:00+00:00
[2024-08-24T00:23:09.203+0000] {processor.py:183} INFO - Processing /home/airflow/.local/lib/python3.12/site-packages/airflow/example_dags/tutorial.py took 0.045 seconds
[2024-08-24T00:23:39.863+0000] {processor.py:161} INFO - Started process (PID=40134) to work on /home/airflow/.local/lib/python3.12/site-packages/airflow/example_dags/tutorial.py
[2024-08-24T00:23:39.864+0000] {processor.py:830} INFO - Processing file /home/airflow/.local/lib/python3.12/site-packages/airflow/example_dags/tutorial.py for tasks to queue
[2024-08-24T00:23:39.865+0000] {logging_mixin.py:188} INFO - [2024-08-24T00:23:39.865+0000] {dagbag.py:540} INFO - Filling up the DagBag from /home/airflow/.local/lib/python3.12/site-packages/airflow/example_dags/tutorial.py
[2024-08-24T00:23:39.868+0000] {processor.py:840} INFO - DAG(s) 'tutorial' retrieved from /home/airflow/.local/lib/python3.12/site-packages/airflow/example_dags/tutorial.py
[2024-08-24T00:23:39.881+0000] {logging_mixin.py:188} INFO - [2024-08-24T00:23:39.881+0000] {dag.py:3096} INFO - Sync 1 DAGs
[2024-08-24T00:23:39.895+0000] {logging_mixin.py:188} INFO - [2024-08-24T00:23:39.895+0000] {dag.py:3954} INFO - Setting next_dagrun for tutorial to 2024-08-23 00:00:00+00:00, run_after=2024-08-24 00:00:00+00:00
[2024-08-24T00:23:39.906+0000] {processor.py:183} INFO - Processing /home/airflow/.local/lib/python3.12/site-packages/airflow/example_dags/tutorial.py took 0.046 seconds
[2024-08-24T00:24:10.535+0000] {processor.py:161} INFO - Started process (PID=40194) to work on /home/airflow/.local/lib/python3.12/site-packages/airflow/example_dags/tutorial.py
[2024-08-24T00:24:10.535+0000] {processor.py:830} INFO - Processing file /home/airflow/.local/lib/python3.12/site-packages/airflow/example_dags/tutorial.py for tasks to queue
[2024-08-24T00:24:10.537+0000] {logging_mixin.py:188} INFO - [2024-08-24T00:24:10.537+0000] {dagbag.py:540} INFO - Filling up the DagBag from /home/airflow/.local/lib/python3.12/site-packages/airflow/example_dags/tutorial.py
[2024-08-24T00:24:10.540+0000] {processor.py:840} INFO - DAG(s) 'tutorial' retrieved from /home/airflow/.local/lib/python3.12/site-packages/airflow/example_dags/tutorial.py
[2024-08-24T00:24:10.552+0000] {logging_mixin.py:188} INFO - [2024-08-24T00:24:10.552+0000] {dag.py:3096} INFO - Sync 1 DAGs
[2024-08-24T00:24:10.566+0000] {logging_mixin.py:188} INFO - [2024-08-24T00:24:10.566+0000] {dag.py:3954} INFO - Setting next_dagrun for tutorial to 2024-08-23 00:00:00+00:00, run_after=2024-08-24 00:00:00+00:00
[2024-08-24T00:24:10.577+0000] {processor.py:183} INFO - Processing /home/airflow/.local/lib/python3.12/site-packages/airflow/example_dags/tutorial.py took 0.046 seconds
[2024-08-24T00:24:41.228+0000] {processor.py:161} INFO - Started process (PID=40254) to work on /home/airflow/.local/lib/python3.12/site-packages/airflow/example_dags/tutorial.py
[2024-08-24T00:24:41.228+0000] {processor.py:830} INFO - Processing file /home/airflow/.local/lib/python3.12/site-packages/airflow/example_dags/tutorial.py for tasks to queue
[2024-08-24T00:24:41.230+0000] {logging_mixin.py:188} INFO - [2024-08-24T00:24:41.230+0000] {dagbag.py:540} INFO - Filling up the DagBag from /home/airflow/.local/lib/python3.12/site-packages/airflow/example_dags/tutorial.py
[2024-08-24T00:24:41.234+0000] {processor.py:840} INFO - DAG(s) 'tutorial' retrieved from /home/airflow/.local/lib/python3.12/site-packages/airflow/example_dags/tutorial.py
[2024-08-24T00:24:41.246+0000] {logging_mixin.py:188} INFO - [2024-08-24T00:24:41.246+0000] {dag.py:3096} INFO - Sync 1 DAGs
[2024-08-24T00:24:41.259+0000] {logging_mixin.py:188} INFO - [2024-08-24T00:24:41.259+0000] {dag.py:3954} INFO - Setting next_dagrun for tutorial to 2024-08-23 00:00:00+00:00, run_after=2024-08-24 00:00:00+00:00
[2024-08-24T00:24:41.270+0000] {processor.py:183} INFO - Processing /home/airflow/.local/lib/python3.12/site-packages/airflow/example_dags/tutorial.py took 0.046 seconds
[2024-08-24T00:25:12.086+0000] {processor.py:161} INFO - Started process (PID=40314) to work on /home/airflow/.local/lib/python3.12/site-packages/airflow/example_dags/tutorial.py
[2024-08-24T00:25:12.087+0000] {processor.py:830} INFO - Processing file /home/airflow/.local/lib/python3.12/site-packages/airflow/example_dags/tutorial.py for tasks to queue
[2024-08-24T00:25:12.088+0000] {logging_mixin.py:188} INFO - [2024-08-24T00:25:12.088+0000] {dagbag.py:540} INFO - Filling up the DagBag from /home/airflow/.local/lib/python3.12/site-packages/airflow/example_dags/tutorial.py
[2024-08-24T00:25:12.092+0000] {processor.py:840} INFO - DAG(s) 'tutorial' retrieved from /home/airflow/.local/lib/python3.12/site-packages/airflow/example_dags/tutorial.py
[2024-08-24T00:25:12.104+0000] {logging_mixin.py:188} INFO - [2024-08-24T00:25:12.104+0000] {dag.py:3096} INFO - Sync 1 DAGs
[2024-08-24T00:25:12.117+0000] {logging_mixin.py:188} INFO - [2024-08-24T00:25:12.117+0000] {dag.py:3954} INFO - Setting next_dagrun for tutorial to 2024-08-23 00:00:00+00:00, run_after=2024-08-24 00:00:00+00:00
[2024-08-24T00:25:12.128+0000] {processor.py:183} INFO - Processing /home/airflow/.local/lib/python3.12/site-packages/airflow/example_dags/tutorial.py took 0.045 seconds
[2024-08-24T00:25:42.750+0000] {processor.py:161} INFO - Started process (PID=40375) to work on /home/airflow/.local/lib/python3.12/site-packages/airflow/example_dags/tutorial.py
[2024-08-24T00:25:42.751+0000] {processor.py:830} INFO - Processing file /home/airflow/.local/lib/python3.12/site-packages/airflow/example_dags/tutorial.py for tasks to queue
[2024-08-24T00:25:42.752+0000] {logging_mixin.py:188} INFO - [2024-08-24T00:25:42.752+0000] {dagbag.py:540} INFO - Filling up the DagBag from /home/airflow/.local/lib/python3.12/site-packages/airflow/example_dags/tutorial.py
[2024-08-24T00:25:42.755+0000] {processor.py:840} INFO - DAG(s) 'tutorial' retrieved from /home/airflow/.local/lib/python3.12/site-packages/airflow/example_dags/tutorial.py
[2024-08-24T00:25:42.770+0000] {logging_mixin.py:188} INFO - [2024-08-24T00:25:42.770+0000] {dag.py:3096} INFO - Sync 1 DAGs
[2024-08-24T00:25:42.783+0000] {logging_mixin.py:188} INFO - [2024-08-24T00:25:42.782+0000] {dag.py:3954} INFO - Setting next_dagrun for tutorial to 2024-08-23 00:00:00+00:00, run_after=2024-08-24 00:00:00+00:00
[2024-08-24T00:25:42.793+0000] {processor.py:183} INFO - Processing /home/airflow/.local/lib/python3.12/site-packages/airflow/example_dags/tutorial.py took 0.046 seconds
[2024-08-24T00:26:13.380+0000] {processor.py:161} INFO - Started process (PID=40435) to work on /home/airflow/.local/lib/python3.12/site-packages/airflow/example_dags/tutorial.py
[2024-08-24T00:26:13.381+0000] {processor.py:830} INFO - Processing file /home/airflow/.local/lib/python3.12/site-packages/airflow/example_dags/tutorial.py for tasks to queue
[2024-08-24T00:26:13.382+0000] {logging_mixin.py:188} INFO - [2024-08-24T00:26:13.382+0000] {dagbag.py:540} INFO - Filling up the DagBag from /home/airflow/.local/lib/python3.12/site-packages/airflow/example_dags/tutorial.py
[2024-08-24T00:26:13.385+0000] {processor.py:840} INFO - DAG(s) 'tutorial' retrieved from /home/airflow/.local/lib/python3.12/site-packages/airflow/example_dags/tutorial.py
[2024-08-24T00:26:13.398+0000] {logging_mixin.py:188} INFO - [2024-08-24T00:26:13.397+0000] {dag.py:3096} INFO - Sync 1 DAGs
[2024-08-24T00:26:13.411+0000] {logging_mixin.py:188} INFO - [2024-08-24T00:26:13.411+0000] {dag.py:3954} INFO - Setting next_dagrun for tutorial to 2024-08-23 00:00:00+00:00, run_after=2024-08-24 00:00:00+00:00
[2024-08-24T00:26:13.423+0000] {processor.py:183} INFO - Processing /home/airflow/.local/lib/python3.12/site-packages/airflow/example_dags/tutorial.py took 0.047 seconds
[2024-08-24T00:26:44.046+0000] {processor.py:161} INFO - Started process (PID=40495) to work on /home/airflow/.local/lib/python3.12/site-packages/airflow/example_dags/tutorial.py
[2024-08-24T00:26:44.047+0000] {processor.py:830} INFO - Processing file /home/airflow/.local/lib/python3.12/site-packages/airflow/example_dags/tutorial.py for tasks to queue
[2024-08-24T00:26:44.049+0000] {logging_mixin.py:188} INFO - [2024-08-24T00:26:44.049+0000] {dagbag.py:540} INFO - Filling up the DagBag from /home/airflow/.local/lib/python3.12/site-packages/airflow/example_dags/tutorial.py
[2024-08-24T00:26:44.052+0000] {processor.py:840} INFO - DAG(s) 'tutorial' retrieved from /home/airflow/.local/lib/python3.12/site-packages/airflow/example_dags/tutorial.py
[2024-08-24T00:26:44.067+0000] {logging_mixin.py:188} INFO - [2024-08-24T00:26:44.066+0000] {dag.py:3096} INFO - Sync 1 DAGs
[2024-08-24T00:26:44.081+0000] {logging_mixin.py:188} INFO - [2024-08-24T00:26:44.081+0000] {dag.py:3954} INFO - Setting next_dagrun for tutorial to 2024-08-23 00:00:00+00:00, run_after=2024-08-24 00:00:00+00:00
[2024-08-24T00:26:44.091+0000] {processor.py:183} INFO - Processing /home/airflow/.local/lib/python3.12/site-packages/airflow/example_dags/tutorial.py took 0.048 seconds
[2024-08-24T00:27:14.771+0000] {processor.py:161} INFO - Started process (PID=40555) to work on /home/airflow/.local/lib/python3.12/site-packages/airflow/example_dags/tutorial.py
[2024-08-24T00:27:14.772+0000] {processor.py:830} INFO - Processing file /home/airflow/.local/lib/python3.12/site-packages/airflow/example_dags/tutorial.py for tasks to queue
[2024-08-24T00:27:14.774+0000] {logging_mixin.py:188} INFO - [2024-08-24T00:27:14.774+0000] {dagbag.py:540} INFO - Filling up the DagBag from /home/airflow/.local/lib/python3.12/site-packages/airflow/example_dags/tutorial.py
[2024-08-24T00:27:14.777+0000] {processor.py:840} INFO - DAG(s) 'tutorial' retrieved from /home/airflow/.local/lib/python3.12/site-packages/airflow/example_dags/tutorial.py
[2024-08-24T00:27:14.789+0000] {logging_mixin.py:188} INFO - [2024-08-24T00:27:14.789+0000] {dag.py:3096} INFO - Sync 1 DAGs
[2024-08-24T00:27:14.803+0000] {logging_mixin.py:188} INFO - [2024-08-24T00:27:14.803+0000] {dag.py:3954} INFO - Setting next_dagrun for tutorial to 2024-08-23 00:00:00+00:00, run_after=2024-08-24 00:00:00+00:00
[2024-08-24T00:27:14.815+0000] {processor.py:183} INFO - Processing /home/airflow/.local/lib/python3.12/site-packages/airflow/example_dags/tutorial.py took 0.048 seconds
[2024-08-24T00:27:45.035+0000] {processor.py:161} INFO - Started process (PID=40615) to work on /home/airflow/.local/lib/python3.12/site-packages/airflow/example_dags/tutorial.py
[2024-08-24T00:27:45.035+0000] {processor.py:830} INFO - Processing file /home/airflow/.local/lib/python3.12/site-packages/airflow/example_dags/tutorial.py for tasks to queue
[2024-08-24T00:27:45.037+0000] {logging_mixin.py:188} INFO - [2024-08-24T00:27:45.037+0000] {dagbag.py:540} INFO - Filling up the DagBag from /home/airflow/.local/lib/python3.12/site-packages/airflow/example_dags/tutorial.py
[2024-08-24T00:27:45.040+0000] {processor.py:840} INFO - DAG(s) 'tutorial' retrieved from /home/airflow/.local/lib/python3.12/site-packages/airflow/example_dags/tutorial.py
[2024-08-24T00:27:45.054+0000] {logging_mixin.py:188} INFO - [2024-08-24T00:27:45.054+0000] {dag.py:3096} INFO - Sync 1 DAGs
[2024-08-24T00:27:45.068+0000] {logging_mixin.py:188} INFO - [2024-08-24T00:27:45.067+0000] {dag.py:3954} INFO - Setting next_dagrun for tutorial to 2024-08-23 00:00:00+00:00, run_after=2024-08-24 00:00:00+00:00
[2024-08-24T00:27:45.079+0000] {processor.py:183} INFO - Processing /home/airflow/.local/lib/python3.12/site-packages/airflow/example_dags/tutorial.py took 0.048 seconds
[2024-08-24T00:28:15.990+0000] {processor.py:161} INFO - Started process (PID=40675) to work on /home/airflow/.local/lib/python3.12/site-packages/airflow/example_dags/tutorial.py
[2024-08-24T00:28:15.990+0000] {processor.py:830} INFO - Processing file /home/airflow/.local/lib/python3.12/site-packages/airflow/example_dags/tutorial.py for tasks to queue
[2024-08-24T00:28:15.992+0000] {logging_mixin.py:188} INFO - [2024-08-24T00:28:15.992+0000] {dagbag.py:540} INFO - Filling up the DagBag from /home/airflow/.local/lib/python3.12/site-packages/airflow/example_dags/tutorial.py
[2024-08-24T00:28:15.995+0000] {processor.py:840} INFO - DAG(s) 'tutorial' retrieved from /home/airflow/.local/lib/python3.12/site-packages/airflow/example_dags/tutorial.py
[2024-08-24T00:28:16.007+0000] {logging_mixin.py:188} INFO - [2024-08-24T00:28:16.007+0000] {dag.py:3096} INFO - Sync 1 DAGs
[2024-08-24T00:28:16.019+0000] {logging_mixin.py:188} INFO - [2024-08-24T00:28:16.019+0000] {dag.py:3954} INFO - Setting next_dagrun for tutorial to 2024-08-23 00:00:00+00:00, run_after=2024-08-24 00:00:00+00:00
[2024-08-24T00:28:16.028+0000] {processor.py:183} INFO - Processing /home/airflow/.local/lib/python3.12/site-packages/airflow/example_dags/tutorial.py took 0.042 seconds
[2024-08-24T00:28:46.765+0000] {processor.py:161} INFO - Started process (PID=40735) to work on /home/airflow/.local/lib/python3.12/site-packages/airflow/example_dags/tutorial.py
[2024-08-24T00:28:46.765+0000] {processor.py:830} INFO - Processing file /home/airflow/.local/lib/python3.12/site-packages/airflow/example_dags/tutorial.py for tasks to queue
[2024-08-24T00:28:46.767+0000] {logging_mixin.py:188} INFO - [2024-08-24T00:28:46.767+0000] {dagbag.py:540} INFO - Filling up the DagBag from /home/airflow/.local/lib/python3.12/site-packages/airflow/example_dags/tutorial.py
[2024-08-24T00:28:46.770+0000] {processor.py:840} INFO - DAG(s) 'tutorial' retrieved from /home/airflow/.local/lib/python3.12/site-packages/airflow/example_dags/tutorial.py
[2024-08-24T00:28:46.781+0000] {logging_mixin.py:188} INFO - [2024-08-24T00:28:46.781+0000] {dag.py:3096} INFO - Sync 1 DAGs
[2024-08-24T00:28:46.795+0000] {logging_mixin.py:188} INFO - [2024-08-24T00:28:46.795+0000] {dag.py:3954} INFO - Setting next_dagrun for tutorial to 2024-08-23 00:00:00+00:00, run_after=2024-08-24 00:00:00+00:00
[2024-08-24T00:28:46.806+0000] {processor.py:183} INFO - Processing /home/airflow/.local/lib/python3.12/site-packages/airflow/example_dags/tutorial.py took 0.044 seconds
[2024-08-24T00:29:17.366+0000] {processor.py:161} INFO - Started process (PID=40795) to work on /home/airflow/.local/lib/python3.12/site-packages/airflow/example_dags/tutorial.py
[2024-08-24T00:29:17.367+0000] {processor.py:830} INFO - Processing file /home/airflow/.local/lib/python3.12/site-packages/airflow/example_dags/tutorial.py for tasks to queue
[2024-08-24T00:29:17.369+0000] {logging_mixin.py:188} INFO - [2024-08-24T00:29:17.368+0000] {dagbag.py:540} INFO - Filling up the DagBag from /home/airflow/.local/lib/python3.12/site-packages/airflow/example_dags/tutorial.py
[2024-08-24T00:29:17.372+0000] {processor.py:840} INFO - DAG(s) 'tutorial' retrieved from /home/airflow/.local/lib/python3.12/site-packages/airflow/example_dags/tutorial.py
[2024-08-24T00:29:17.386+0000] {logging_mixin.py:188} INFO - [2024-08-24T00:29:17.385+0000] {dag.py:3096} INFO - Sync 1 DAGs
[2024-08-24T00:29:17.399+0000] {logging_mixin.py:188} INFO - [2024-08-24T00:29:17.399+0000] {dag.py:3954} INFO - Setting next_dagrun for tutorial to 2024-08-23 00:00:00+00:00, run_after=2024-08-24 00:00:00+00:00
[2024-08-24T00:29:17.411+0000] {processor.py:183} INFO - Processing /home/airflow/.local/lib/python3.12/site-packages/airflow/example_dags/tutorial.py took 0.048 seconds
[2024-08-24T00:29:47.899+0000] {processor.py:161} INFO - Started process (PID=40861) to work on /home/airflow/.local/lib/python3.12/site-packages/airflow/example_dags/tutorial.py
[2024-08-24T00:29:47.899+0000] {processor.py:830} INFO - Processing file /home/airflow/.local/lib/python3.12/site-packages/airflow/example_dags/tutorial.py for tasks to queue
[2024-08-24T00:29:47.901+0000] {logging_mixin.py:188} INFO - [2024-08-24T00:29:47.901+0000] {dagbag.py:540} INFO - Filling up the DagBag from /home/airflow/.local/lib/python3.12/site-packages/airflow/example_dags/tutorial.py
[2024-08-24T00:29:47.904+0000] {processor.py:840} INFO - DAG(s) 'tutorial' retrieved from /home/airflow/.local/lib/python3.12/site-packages/airflow/example_dags/tutorial.py
[2024-08-24T00:29:47.916+0000] {logging_mixin.py:188} INFO - [2024-08-24T00:29:47.916+0000] {dag.py:3096} INFO - Sync 1 DAGs
[2024-08-24T00:29:47.930+0000] {logging_mixin.py:188} INFO - [2024-08-24T00:29:47.930+0000] {dag.py:3954} INFO - Setting next_dagrun for tutorial to 2024-08-23 00:00:00+00:00, run_after=2024-08-24 00:00:00+00:00
[2024-08-24T00:29:47.940+0000] {processor.py:183} INFO - Processing /home/airflow/.local/lib/python3.12/site-packages/airflow/example_dags/tutorial.py took 0.046 seconds
[2024-08-24T00:30:18.517+0000] {processor.py:161} INFO - Started process (PID=40921) to work on /home/airflow/.local/lib/python3.12/site-packages/airflow/example_dags/tutorial.py
[2024-08-24T00:30:18.517+0000] {processor.py:830} INFO - Processing file /home/airflow/.local/lib/python3.12/site-packages/airflow/example_dags/tutorial.py for tasks to queue
[2024-08-24T00:30:18.518+0000] {logging_mixin.py:188} INFO - [2024-08-24T00:30:18.518+0000] {dagbag.py:540} INFO - Filling up the DagBag from /home/airflow/.local/lib/python3.12/site-packages/airflow/example_dags/tutorial.py
[2024-08-24T00:30:18.521+0000] {processor.py:840} INFO - DAG(s) 'tutorial' retrieved from /home/airflow/.local/lib/python3.12/site-packages/airflow/example_dags/tutorial.py
[2024-08-24T00:30:18.534+0000] {logging_mixin.py:188} INFO - [2024-08-24T00:30:18.534+0000] {dag.py:3096} INFO - Sync 1 DAGs
[2024-08-24T00:30:18.547+0000] {logging_mixin.py:188} INFO - [2024-08-24T00:30:18.547+0000] {dag.py:3954} INFO - Setting next_dagrun for tutorial to 2024-08-23 00:00:00+00:00, run_after=2024-08-24 00:00:00+00:00
[2024-08-24T00:30:18.557+0000] {processor.py:183} INFO - Processing /home/airflow/.local/lib/python3.12/site-packages/airflow/example_dags/tutorial.py took 0.044 seconds
[2024-08-24T00:30:49.138+0000] {processor.py:161} INFO - Started process (PID=40981) to work on /home/airflow/.local/lib/python3.12/site-packages/airflow/example_dags/tutorial.py
[2024-08-24T00:30:49.138+0000] {processor.py:830} INFO - Processing file /home/airflow/.local/lib/python3.12/site-packages/airflow/example_dags/tutorial.py for tasks to queue
[2024-08-24T00:30:49.140+0000] {logging_mixin.py:188} INFO - [2024-08-24T00:30:49.139+0000] {dagbag.py:540} INFO - Filling up the DagBag from /home/airflow/.local/lib/python3.12/site-packages/airflow/example_dags/tutorial.py
[2024-08-24T00:30:49.143+0000] {processor.py:840} INFO - DAG(s) 'tutorial' retrieved from /home/airflow/.local/lib/python3.12/site-packages/airflow/example_dags/tutorial.py
[2024-08-24T00:30:49.156+0000] {logging_mixin.py:188} INFO - [2024-08-24T00:30:49.156+0000] {dag.py:3096} INFO - Sync 1 DAGs
[2024-08-24T00:30:49.170+0000] {logging_mixin.py:188} INFO - [2024-08-24T00:30:49.170+0000] {dag.py:3954} INFO - Setting next_dagrun for tutorial to 2024-08-23 00:00:00+00:00, run_after=2024-08-24 00:00:00+00:00
[2024-08-24T00:30:49.180+0000] {processor.py:183} INFO - Processing /home/airflow/.local/lib/python3.12/site-packages/airflow/example_dags/tutorial.py took 0.045 seconds
[2024-08-24T00:31:19.733+0000] {processor.py:161} INFO - Started process (PID=41041) to work on /home/airflow/.local/lib/python3.12/site-packages/airflow/example_dags/tutorial.py
[2024-08-24T00:31:19.734+0000] {processor.py:830} INFO - Processing file /home/airflow/.local/lib/python3.12/site-packages/airflow/example_dags/tutorial.py for tasks to queue
[2024-08-24T00:31:19.736+0000] {logging_mixin.py:188} INFO - [2024-08-24T00:31:19.735+0000] {dagbag.py:540} INFO - Filling up the DagBag from /home/airflow/.local/lib/python3.12/site-packages/airflow/example_dags/tutorial.py
[2024-08-24T00:31:19.739+0000] {processor.py:840} INFO - DAG(s) 'tutorial' retrieved from /home/airflow/.local/lib/python3.12/site-packages/airflow/example_dags/tutorial.py
[2024-08-24T00:31:19.753+0000] {logging_mixin.py:188} INFO - [2024-08-24T00:31:19.753+0000] {dag.py:3096} INFO - Sync 1 DAGs
[2024-08-24T00:31:19.765+0000] {logging_mixin.py:188} INFO - [2024-08-24T00:31:19.765+0000] {dag.py:3954} INFO - Setting next_dagrun for tutorial to 2024-08-23 00:00:00+00:00, run_after=2024-08-24 00:00:00+00:00
[2024-08-24T00:31:19.775+0000] {processor.py:183} INFO - Processing /home/airflow/.local/lib/python3.12/site-packages/airflow/example_dags/tutorial.py took 0.045 seconds
[2024-08-24T00:31:50.295+0000] {processor.py:161} INFO - Started process (PID=41101) to work on /home/airflow/.local/lib/python3.12/site-packages/airflow/example_dags/tutorial.py
[2024-08-24T00:31:50.296+0000] {processor.py:830} INFO - Processing file /home/airflow/.local/lib/python3.12/site-packages/airflow/example_dags/tutorial.py for tasks to queue
[2024-08-24T00:31:50.297+0000] {logging_mixin.py:188} INFO - [2024-08-24T00:31:50.297+0000] {dagbag.py:540} INFO - Filling up the DagBag from /home/airflow/.local/lib/python3.12/site-packages/airflow/example_dags/tutorial.py
[2024-08-24T00:31:50.301+0000] {processor.py:840} INFO - DAG(s) 'tutorial' retrieved from /home/airflow/.local/lib/python3.12/site-packages/airflow/example_dags/tutorial.py
[2024-08-24T00:31:50.313+0000] {logging_mixin.py:188} INFO - [2024-08-24T00:31:50.313+0000] {dag.py:3096} INFO - Sync 1 DAGs
[2024-08-24T00:31:50.327+0000] {logging_mixin.py:188} INFO - [2024-08-24T00:31:50.326+0000] {dag.py:3954} INFO - Setting next_dagrun for tutorial to 2024-08-23 00:00:00+00:00, run_after=2024-08-24 00:00:00+00:00
[2024-08-24T00:31:50.338+0000] {processor.py:183} INFO - Processing /home/airflow/.local/lib/python3.12/site-packages/airflow/example_dags/tutorial.py took 0.046 seconds
[2024-08-24T00:32:20.974+0000] {processor.py:161} INFO - Started process (PID=41161) to work on /home/airflow/.local/lib/python3.12/site-packages/airflow/example_dags/tutorial.py
[2024-08-24T00:32:20.974+0000] {processor.py:830} INFO - Processing file /home/airflow/.local/lib/python3.12/site-packages/airflow/example_dags/tutorial.py for tasks to queue
[2024-08-24T00:32:20.976+0000] {logging_mixin.py:188} INFO - [2024-08-24T00:32:20.976+0000] {dagbag.py:540} INFO - Filling up the DagBag from /home/airflow/.local/lib/python3.12/site-packages/airflow/example_dags/tutorial.py
[2024-08-24T00:32:20.980+0000] {processor.py:840} INFO - DAG(s) 'tutorial' retrieved from /home/airflow/.local/lib/python3.12/site-packages/airflow/example_dags/tutorial.py
[2024-08-24T00:32:20.992+0000] {logging_mixin.py:188} INFO - [2024-08-24T00:32:20.992+0000] {dag.py:3096} INFO - Sync 1 DAGs
[2024-08-24T00:32:21.005+0000] {logging_mixin.py:188} INFO - [2024-08-24T00:32:21.005+0000] {dag.py:3954} INFO - Setting next_dagrun for tutorial to 2024-08-23 00:00:00+00:00, run_after=2024-08-24 00:00:00+00:00
[2024-08-24T00:32:21.016+0000] {processor.py:183} INFO - Processing /home/airflow/.local/lib/python3.12/site-packages/airflow/example_dags/tutorial.py took 0.046 seconds
[2024-08-24T00:32:51.518+0000] {processor.py:161} INFO - Started process (PID=41221) to work on /home/airflow/.local/lib/python3.12/site-packages/airflow/example_dags/tutorial.py
[2024-08-24T00:32:51.519+0000] {processor.py:830} INFO - Processing file /home/airflow/.local/lib/python3.12/site-packages/airflow/example_dags/tutorial.py for tasks to queue
[2024-08-24T00:32:51.520+0000] {logging_mixin.py:188} INFO - [2024-08-24T00:32:51.520+0000] {dagbag.py:540} INFO - Filling up the DagBag from /home/airflow/.local/lib/python3.12/site-packages/airflow/example_dags/tutorial.py
[2024-08-24T00:32:51.524+0000] {processor.py:840} INFO - DAG(s) 'tutorial' retrieved from /home/airflow/.local/lib/python3.12/site-packages/airflow/example_dags/tutorial.py
[2024-08-24T00:32:51.536+0000] {logging_mixin.py:188} INFO - [2024-08-24T00:32:51.536+0000] {dag.py:3096} INFO - Sync 1 DAGs
[2024-08-24T00:32:51.549+0000] {logging_mixin.py:188} INFO - [2024-08-24T00:32:51.548+0000] {dag.py:3954} INFO - Setting next_dagrun for tutorial to 2024-08-23 00:00:00+00:00, run_after=2024-08-24 00:00:00+00:00
[2024-08-24T00:32:51.558+0000] {processor.py:183} INFO - Processing /home/airflow/.local/lib/python3.12/site-packages/airflow/example_dags/tutorial.py took 0.043 seconds
[2024-08-24T00:33:22.251+0000] {processor.py:161} INFO - Started process (PID=41282) to work on /home/airflow/.local/lib/python3.12/site-packages/airflow/example_dags/tutorial.py
[2024-08-24T00:33:22.252+0000] {processor.py:830} INFO - Processing file /home/airflow/.local/lib/python3.12/site-packages/airflow/example_dags/tutorial.py for tasks to queue
[2024-08-24T00:33:22.254+0000] {logging_mixin.py:188} INFO - [2024-08-24T00:33:22.254+0000] {dagbag.py:540} INFO - Filling up the DagBag from /home/airflow/.local/lib/python3.12/site-packages/airflow/example_dags/tutorial.py
[2024-08-24T00:33:22.258+0000] {processor.py:840} INFO - DAG(s) 'tutorial' retrieved from /home/airflow/.local/lib/python3.12/site-packages/airflow/example_dags/tutorial.py
[2024-08-24T00:33:22.270+0000] {logging_mixin.py:188} INFO - [2024-08-24T00:33:22.270+0000] {dag.py:3096} INFO - Sync 1 DAGs
[2024-08-24T00:33:22.285+0000] {logging_mixin.py:188} INFO - [2024-08-24T00:33:22.285+0000] {dag.py:3954} INFO - Setting next_dagrun for tutorial to 2024-08-23 00:00:00+00:00, run_after=2024-08-24 00:00:00+00:00
[2024-08-24T00:33:22.296+0000] {processor.py:183} INFO - Processing /home/airflow/.local/lib/python3.12/site-packages/airflow/example_dags/tutorial.py took 0.049 seconds
[2024-08-24T00:33:52.363+0000] {processor.py:161} INFO - Started process (PID=41343) to work on /home/airflow/.local/lib/python3.12/site-packages/airflow/example_dags/tutorial.py
[2024-08-24T00:33:52.363+0000] {processor.py:830} INFO - Processing file /home/airflow/.local/lib/python3.12/site-packages/airflow/example_dags/tutorial.py for tasks to queue
[2024-08-24T00:33:52.365+0000] {logging_mixin.py:188} INFO - [2024-08-24T00:33:52.365+0000] {dagbag.py:540} INFO - Filling up the DagBag from /home/airflow/.local/lib/python3.12/site-packages/airflow/example_dags/tutorial.py
[2024-08-24T00:33:52.368+0000] {processor.py:840} INFO - DAG(s) 'tutorial' retrieved from /home/airflow/.local/lib/python3.12/site-packages/airflow/example_dags/tutorial.py
[2024-08-24T00:33:52.380+0000] {logging_mixin.py:188} INFO - [2024-08-24T00:33:52.380+0000] {dag.py:3096} INFO - Sync 1 DAGs
[2024-08-24T00:33:52.393+0000] {logging_mixin.py:188} INFO - [2024-08-24T00:33:52.393+0000] {dag.py:3954} INFO - Setting next_dagrun for tutorial to 2024-08-23 00:00:00+00:00, run_after=2024-08-24 00:00:00+00:00
[2024-08-24T00:33:52.402+0000] {processor.py:183} INFO - Processing /home/airflow/.local/lib/python3.12/site-packages/airflow/example_dags/tutorial.py took 0.043 seconds
[2024-08-24T00:34:22.947+0000] {processor.py:161} INFO - Started process (PID=41403) to work on /home/airflow/.local/lib/python3.12/site-packages/airflow/example_dags/tutorial.py
[2024-08-24T00:34:22.948+0000] {processor.py:830} INFO - Processing file /home/airflow/.local/lib/python3.12/site-packages/airflow/example_dags/tutorial.py for tasks to queue
[2024-08-24T00:34:22.949+0000] {logging_mixin.py:188} INFO - [2024-08-24T00:34:22.949+0000] {dagbag.py:540} INFO - Filling up the DagBag from /home/airflow/.local/lib/python3.12/site-packages/airflow/example_dags/tutorial.py
[2024-08-24T00:34:22.952+0000] {processor.py:840} INFO - DAG(s) 'tutorial' retrieved from /home/airflow/.local/lib/python3.12/site-packages/airflow/example_dags/tutorial.py
[2024-08-24T00:34:22.964+0000] {logging_mixin.py:188} INFO - [2024-08-24T00:34:22.964+0000] {dag.py:3096} INFO - Sync 1 DAGs
[2024-08-24T00:34:22.977+0000] {logging_mixin.py:188} INFO - [2024-08-24T00:34:22.977+0000] {dag.py:3954} INFO - Setting next_dagrun for tutorial to 2024-08-23 00:00:00+00:00, run_after=2024-08-24 00:00:00+00:00
[2024-08-24T00:34:22.987+0000] {processor.py:183} INFO - Processing /home/airflow/.local/lib/python3.12/site-packages/airflow/example_dags/tutorial.py took 0.042 seconds
[2024-08-24T00:34:53.434+0000] {processor.py:161} INFO - Started process (PID=41463) to work on /home/airflow/.local/lib/python3.12/site-packages/airflow/example_dags/tutorial.py
[2024-08-24T00:34:53.435+0000] {processor.py:830} INFO - Processing file /home/airflow/.local/lib/python3.12/site-packages/airflow/example_dags/tutorial.py for tasks to queue
[2024-08-24T00:34:53.437+0000] {logging_mixin.py:188} INFO - [2024-08-24T00:34:53.436+0000] {dagbag.py:540} INFO - Filling up the DagBag from /home/airflow/.local/lib/python3.12/site-packages/airflow/example_dags/tutorial.py
[2024-08-24T00:34:53.440+0000] {processor.py:840} INFO - DAG(s) 'tutorial' retrieved from /home/airflow/.local/lib/python3.12/site-packages/airflow/example_dags/tutorial.py
[2024-08-24T00:34:53.455+0000] {logging_mixin.py:188} INFO - [2024-08-24T00:34:53.455+0000] {dag.py:3096} INFO - Sync 1 DAGs
[2024-08-24T00:34:53.471+0000] {logging_mixin.py:188} INFO - [2024-08-24T00:34:53.470+0000] {dag.py:3954} INFO - Setting next_dagrun for tutorial to 2024-08-23 00:00:00+00:00, run_after=2024-08-24 00:00:00+00:00
[2024-08-24T00:34:53.481+0000] {processor.py:183} INFO - Processing /home/airflow/.local/lib/python3.12/site-packages/airflow/example_dags/tutorial.py took 0.051 seconds
[2024-08-24T00:35:24.134+0000] {processor.py:161} INFO - Started process (PID=41523) to work on /home/airflow/.local/lib/python3.12/site-packages/airflow/example_dags/tutorial.py
[2024-08-24T00:35:24.134+0000] {processor.py:830} INFO - Processing file /home/airflow/.local/lib/python3.12/site-packages/airflow/example_dags/tutorial.py for tasks to queue
[2024-08-24T00:35:24.135+0000] {logging_mixin.py:188} INFO - [2024-08-24T00:35:24.135+0000] {dagbag.py:540} INFO - Filling up the DagBag from /home/airflow/.local/lib/python3.12/site-packages/airflow/example_dags/tutorial.py
[2024-08-24T00:35:24.139+0000] {processor.py:840} INFO - DAG(s) 'tutorial' retrieved from /home/airflow/.local/lib/python3.12/site-packages/airflow/example_dags/tutorial.py
[2024-08-24T00:35:24.150+0000] {logging_mixin.py:188} INFO - [2024-08-24T00:35:24.150+0000] {dag.py:3096} INFO - Sync 1 DAGs
[2024-08-24T00:35:24.164+0000] {logging_mixin.py:188} INFO - [2024-08-24T00:35:24.164+0000] {dag.py:3954} INFO - Setting next_dagrun for tutorial to 2024-08-23 00:00:00+00:00, run_after=2024-08-24 00:00:00+00:00
[2024-08-24T00:35:24.174+0000] {processor.py:183} INFO - Processing /home/airflow/.local/lib/python3.12/site-packages/airflow/example_dags/tutorial.py took 0.044 seconds
[2024-08-24T00:35:54.642+0000] {processor.py:161} INFO - Started process (PID=41583) to work on /home/airflow/.local/lib/python3.12/site-packages/airflow/example_dags/tutorial.py
[2024-08-24T00:35:54.643+0000] {processor.py:830} INFO - Processing file /home/airflow/.local/lib/python3.12/site-packages/airflow/example_dags/tutorial.py for tasks to queue
[2024-08-24T00:35:54.644+0000] {logging_mixin.py:188} INFO - [2024-08-24T00:35:54.644+0000] {dagbag.py:540} INFO - Filling up the DagBag from /home/airflow/.local/lib/python3.12/site-packages/airflow/example_dags/tutorial.py
[2024-08-24T00:35:54.647+0000] {processor.py:840} INFO - DAG(s) 'tutorial' retrieved from /home/airflow/.local/lib/python3.12/site-packages/airflow/example_dags/tutorial.py
[2024-08-24T00:35:54.661+0000] {logging_mixin.py:188} INFO - [2024-08-24T00:35:54.661+0000] {dag.py:3096} INFO - Sync 1 DAGs
[2024-08-24T00:35:54.675+0000] {logging_mixin.py:188} INFO - [2024-08-24T00:35:54.675+0000] {dag.py:3954} INFO - Setting next_dagrun for tutorial to 2024-08-23 00:00:00+00:00, run_after=2024-08-24 00:00:00+00:00
[2024-08-24T00:35:54.688+0000] {processor.py:183} INFO - Processing /home/airflow/.local/lib/python3.12/site-packages/airflow/example_dags/tutorial.py took 0.049 seconds
[2024-08-24T00:36:25.186+0000] {processor.py:161} INFO - Started process (PID=41643) to work on /home/airflow/.local/lib/python3.12/site-packages/airflow/example_dags/tutorial.py
[2024-08-24T00:36:25.187+0000] {processor.py:830} INFO - Processing file /home/airflow/.local/lib/python3.12/site-packages/airflow/example_dags/tutorial.py for tasks to queue
[2024-08-24T00:36:25.189+0000] {logging_mixin.py:188} INFO - [2024-08-24T00:36:25.189+0000] {dagbag.py:540} INFO - Filling up the DagBag from /home/airflow/.local/lib/python3.12/site-packages/airflow/example_dags/tutorial.py
[2024-08-24T00:36:25.192+0000] {processor.py:840} INFO - DAG(s) 'tutorial' retrieved from /home/airflow/.local/lib/python3.12/site-packages/airflow/example_dags/tutorial.py
[2024-08-24T00:36:25.205+0000] {logging_mixin.py:188} INFO - [2024-08-24T00:36:25.205+0000] {dag.py:3096} INFO - Sync 1 DAGs
[2024-08-24T00:36:25.220+0000] {logging_mixin.py:188} INFO - [2024-08-24T00:36:25.220+0000] {dag.py:3954} INFO - Setting next_dagrun for tutorial to 2024-08-23 00:00:00+00:00, run_after=2024-08-24 00:00:00+00:00
[2024-08-24T00:36:25.231+0000] {processor.py:183} INFO - Processing /home/airflow/.local/lib/python3.12/site-packages/airflow/example_dags/tutorial.py took 0.048 seconds
[2024-08-24T00:36:55.846+0000] {processor.py:161} INFO - Started process (PID=41703) to work on /home/airflow/.local/lib/python3.12/site-packages/airflow/example_dags/tutorial.py
[2024-08-24T00:36:55.847+0000] {processor.py:830} INFO - Processing file /home/airflow/.local/lib/python3.12/site-packages/airflow/example_dags/tutorial.py for tasks to queue
[2024-08-24T00:36:55.849+0000] {logging_mixin.py:188} INFO - [2024-08-24T00:36:55.849+0000] {dagbag.py:540} INFO - Filling up the DagBag from /home/airflow/.local/lib/python3.12/site-packages/airflow/example_dags/tutorial.py
[2024-08-24T00:36:55.852+0000] {processor.py:840} INFO - DAG(s) 'tutorial' retrieved from /home/airflow/.local/lib/python3.12/site-packages/airflow/example_dags/tutorial.py
[2024-08-24T00:36:55.863+0000] {logging_mixin.py:188} INFO - [2024-08-24T00:36:55.863+0000] {dag.py:3096} INFO - Sync 1 DAGs
[2024-08-24T00:36:55.876+0000] {logging_mixin.py:188} INFO - [2024-08-24T00:36:55.875+0000] {dag.py:3954} INFO - Setting next_dagrun for tutorial to 2024-08-23 00:00:00+00:00, run_after=2024-08-24 00:00:00+00:00
[2024-08-24T00:36:55.886+0000] {processor.py:183} INFO - Processing /home/airflow/.local/lib/python3.12/site-packages/airflow/example_dags/tutorial.py took 0.042 seconds
[2024-08-24T00:37:26.405+0000] {processor.py:161} INFO - Started process (PID=41763) to work on /home/airflow/.local/lib/python3.12/site-packages/airflow/example_dags/tutorial.py
[2024-08-24T00:37:26.406+0000] {processor.py:830} INFO - Processing file /home/airflow/.local/lib/python3.12/site-packages/airflow/example_dags/tutorial.py for tasks to queue
[2024-08-24T00:37:26.409+0000] {logging_mixin.py:188} INFO - [2024-08-24T00:37:26.409+0000] {dagbag.py:540} INFO - Filling up the DagBag from /home/airflow/.local/lib/python3.12/site-packages/airflow/example_dags/tutorial.py
[2024-08-24T00:37:26.415+0000] {processor.py:840} INFO - DAG(s) 'tutorial' retrieved from /home/airflow/.local/lib/python3.12/site-packages/airflow/example_dags/tutorial.py
[2024-08-24T00:37:26.437+0000] {logging_mixin.py:188} INFO - [2024-08-24T00:37:26.436+0000] {dag.py:3096} INFO - Sync 1 DAGs
[2024-08-24T00:37:26.456+0000] {logging_mixin.py:188} INFO - [2024-08-24T00:37:26.456+0000] {dag.py:3954} INFO - Setting next_dagrun for tutorial to 2024-08-23 00:00:00+00:00, run_after=2024-08-24 00:00:00+00:00
[2024-08-24T00:37:26.469+0000] {processor.py:183} INFO - Processing /home/airflow/.local/lib/python3.12/site-packages/airflow/example_dags/tutorial.py took 0.069 seconds
[2024-08-24T00:37:56.881+0000] {processor.py:161} INFO - Started process (PID=41823) to work on /home/airflow/.local/lib/python3.12/site-packages/airflow/example_dags/tutorial.py
[2024-08-24T00:37:56.881+0000] {processor.py:830} INFO - Processing file /home/airflow/.local/lib/python3.12/site-packages/airflow/example_dags/tutorial.py for tasks to queue
[2024-08-24T00:37:56.884+0000] {logging_mixin.py:188} INFO - [2024-08-24T00:37:56.883+0000] {dagbag.py:540} INFO - Filling up the DagBag from /home/airflow/.local/lib/python3.12/site-packages/airflow/example_dags/tutorial.py
[2024-08-24T00:37:56.888+0000] {processor.py:840} INFO - DAG(s) 'tutorial' retrieved from /home/airflow/.local/lib/python3.12/site-packages/airflow/example_dags/tutorial.py
[2024-08-24T00:37:56.902+0000] {logging_mixin.py:188} INFO - [2024-08-24T00:37:56.902+0000] {dag.py:3096} INFO - Sync 1 DAGs
[2024-08-24T00:37:56.914+0000] {logging_mixin.py:188} INFO - [2024-08-24T00:37:56.914+0000] {dag.py:3954} INFO - Setting next_dagrun for tutorial to 2024-08-23 00:00:00+00:00, run_after=2024-08-24 00:00:00+00:00
[2024-08-24T00:37:56.923+0000] {processor.py:183} INFO - Processing /home/airflow/.local/lib/python3.12/site-packages/airflow/example_dags/tutorial.py took 0.047 seconds
[2024-08-24T00:38:27.273+0000] {processor.py:161} INFO - Started process (PID=41883) to work on /home/airflow/.local/lib/python3.12/site-packages/airflow/example_dags/tutorial.py
[2024-08-24T00:38:27.274+0000] {processor.py:830} INFO - Processing file /home/airflow/.local/lib/python3.12/site-packages/airflow/example_dags/tutorial.py for tasks to queue
[2024-08-24T00:38:27.275+0000] {logging_mixin.py:188} INFO - [2024-08-24T00:38:27.275+0000] {dagbag.py:540} INFO - Filling up the DagBag from /home/airflow/.local/lib/python3.12/site-packages/airflow/example_dags/tutorial.py
[2024-08-24T00:38:27.278+0000] {processor.py:840} INFO - DAG(s) 'tutorial' retrieved from /home/airflow/.local/lib/python3.12/site-packages/airflow/example_dags/tutorial.py
[2024-08-24T00:38:27.289+0000] {logging_mixin.py:188} INFO - [2024-08-24T00:38:27.289+0000] {dag.py:3096} INFO - Sync 1 DAGs
[2024-08-24T00:38:27.300+0000] {logging_mixin.py:188} INFO - [2024-08-24T00:38:27.300+0000] {dag.py:3954} INFO - Setting next_dagrun for tutorial to 2024-08-23 00:00:00+00:00, run_after=2024-08-24 00:00:00+00:00
[2024-08-24T00:38:27.309+0000] {processor.py:183} INFO - Processing /home/airflow/.local/lib/python3.12/site-packages/airflow/example_dags/tutorial.py took 0.039 seconds
[2024-08-24T00:38:57.660+0000] {processor.py:161} INFO - Started process (PID=41943) to work on /home/airflow/.local/lib/python3.12/site-packages/airflow/example_dags/tutorial.py
[2024-08-24T00:38:57.661+0000] {processor.py:830} INFO - Processing file /home/airflow/.local/lib/python3.12/site-packages/airflow/example_dags/tutorial.py for tasks to queue
[2024-08-24T00:38:57.662+0000] {logging_mixin.py:188} INFO - [2024-08-24T00:38:57.662+0000] {dagbag.py:540} INFO - Filling up the DagBag from /home/airflow/.local/lib/python3.12/site-packages/airflow/example_dags/tutorial.py
[2024-08-24T00:38:57.665+0000] {processor.py:840} INFO - DAG(s) 'tutorial' retrieved from /home/airflow/.local/lib/python3.12/site-packages/airflow/example_dags/tutorial.py
[2024-08-24T00:38:57.677+0000] {logging_mixin.py:188} INFO - [2024-08-24T00:38:57.677+0000] {dag.py:3096} INFO - Sync 1 DAGs
[2024-08-24T00:38:57.688+0000] {logging_mixin.py:188} INFO - [2024-08-24T00:38:57.688+0000] {dag.py:3954} INFO - Setting next_dagrun for tutorial to 2024-08-23 00:00:00+00:00, run_after=2024-08-24 00:00:00+00:00
[2024-08-24T00:38:57.698+0000] {processor.py:183} INFO - Processing /home/airflow/.local/lib/python3.12/site-packages/airflow/example_dags/tutorial.py took 0.042 seconds
[2024-08-24T00:39:28.095+0000] {processor.py:161} INFO - Started process (PID=42003) to work on /home/airflow/.local/lib/python3.12/site-packages/airflow/example_dags/tutorial.py
[2024-08-24T00:39:28.095+0000] {processor.py:830} INFO - Processing file /home/airflow/.local/lib/python3.12/site-packages/airflow/example_dags/tutorial.py for tasks to queue
[2024-08-24T00:39:28.097+0000] {logging_mixin.py:188} INFO - [2024-08-24T00:39:28.097+0000] {dagbag.py:540} INFO - Filling up the DagBag from /home/airflow/.local/lib/python3.12/site-packages/airflow/example_dags/tutorial.py
[2024-08-24T00:39:28.100+0000] {processor.py:840} INFO - DAG(s) 'tutorial' retrieved from /home/airflow/.local/lib/python3.12/site-packages/airflow/example_dags/tutorial.py
[2024-08-24T00:39:28.111+0000] {logging_mixin.py:188} INFO - [2024-08-24T00:39:28.111+0000] {dag.py:3096} INFO - Sync 1 DAGs
[2024-08-24T00:39:28.122+0000] {logging_mixin.py:188} INFO - [2024-08-24T00:39:28.122+0000] {dag.py:3954} INFO - Setting next_dagrun for tutorial to 2024-08-23 00:00:00+00:00, run_after=2024-08-24 00:00:00+00:00
[2024-08-24T00:39:28.132+0000] {processor.py:183} INFO - Processing /home/airflow/.local/lib/python3.12/site-packages/airflow/example_dags/tutorial.py took 0.040 seconds
[2024-08-24T00:39:58.473+0000] {processor.py:161} INFO - Started process (PID=42063) to work on /home/airflow/.local/lib/python3.12/site-packages/airflow/example_dags/tutorial.py
[2024-08-24T00:39:58.474+0000] {processor.py:830} INFO - Processing file /home/airflow/.local/lib/python3.12/site-packages/airflow/example_dags/tutorial.py for tasks to queue
[2024-08-24T00:39:58.475+0000] {logging_mixin.py:188} INFO - [2024-08-24T00:39:58.475+0000] {dagbag.py:540} INFO - Filling up the DagBag from /home/airflow/.local/lib/python3.12/site-packages/airflow/example_dags/tutorial.py
[2024-08-24T00:39:58.478+0000] {processor.py:840} INFO - DAG(s) 'tutorial' retrieved from /home/airflow/.local/lib/python3.12/site-packages/airflow/example_dags/tutorial.py
[2024-08-24T00:39:58.489+0000] {logging_mixin.py:188} INFO - [2024-08-24T00:39:58.489+0000] {dag.py:3096} INFO - Sync 1 DAGs
[2024-08-24T00:39:58.501+0000] {logging_mixin.py:188} INFO - [2024-08-24T00:39:58.501+0000] {dag.py:3954} INFO - Setting next_dagrun for tutorial to 2024-08-23 00:00:00+00:00, run_after=2024-08-24 00:00:00+00:00
[2024-08-24T00:39:58.510+0000] {processor.py:183} INFO - Processing /home/airflow/.local/lib/python3.12/site-packages/airflow/example_dags/tutorial.py took 0.041 seconds
