[2024-08-26T01:25:13.480+0000] {processor.py:161} INFO - Started process (PID=52) to work on /opt/airflow/dags/airflow-dag-python.py
[2024-08-26T01:25:13.481+0000] {processor.py:830} INFO - Processing file /opt/airflow/dags/airflow-dag-python.py for tasks to queue
[2024-08-26T01:25:13.482+0000] {logging_mixin.py:188} INFO - [2024-08-26T01:25:13.482+0000] {dagbag.py:540} INFO - Filling up the DagBag from /opt/airflow/dags/airflow-dag-python.py
[2024-08-26T01:25:13.917+0000] {processor.py:840} INFO - DAG(s) 'clickhouse_data_loader' retrieved from /opt/airflow/dags/airflow-dag-python.py
[2024-08-26T01:25:13.936+0000] {logging_mixin.py:188} INFO - [2024-08-26T01:25:13.936+0000] {dag.py:3096} INFO - Sync 1 DAGs
[2024-08-26T01:25:13.947+0000] {logging_mixin.py:188} INFO - [2024-08-26T01:25:13.947+0000] {dag.py:3954} INFO - Setting next_dagrun for clickhouse_data_loader to 2024-08-25 00:00:00+00:00, run_after=2024-08-26 00:00:00+00:00
[2024-08-26T01:25:13.957+0000] {processor.py:183} INFO - Processing /opt/airflow/dags/airflow-dag-python.py took 0.481 seconds
[2024-08-26T01:25:44.012+0000] {processor.py:161} INFO - Started process (PID=113) to work on /opt/airflow/dags/airflow-dag-python.py
[2024-08-26T01:25:44.012+0000] {processor.py:830} INFO - Processing file /opt/airflow/dags/airflow-dag-python.py for tasks to queue
[2024-08-26T01:25:44.013+0000] {logging_mixin.py:188} INFO - [2024-08-26T01:25:44.013+0000] {dagbag.py:540} INFO - Filling up the DagBag from /opt/airflow/dags/airflow-dag-python.py
[2024-08-26T01:25:44.303+0000] {processor.py:840} INFO - DAG(s) 'clickhouse_data_loader' retrieved from /opt/airflow/dags/airflow-dag-python.py
[2024-08-26T01:25:44.311+0000] {logging_mixin.py:188} INFO - [2024-08-26T01:25:44.311+0000] {dag.py:3096} INFO - Sync 1 DAGs
[2024-08-26T01:25:44.322+0000] {logging_mixin.py:188} INFO - [2024-08-26T01:25:44.322+0000] {dag.py:3954} INFO - Setting next_dagrun for clickhouse_data_loader to 2024-08-25 00:00:00+00:00, run_after=2024-08-26 00:00:00+00:00
[2024-08-26T01:25:44.331+0000] {processor.py:183} INFO - Processing /opt/airflow/dags/airflow-dag-python.py took 0.322 seconds
[2024-08-26T01:26:14.356+0000] {processor.py:161} INFO - Started process (PID=179) to work on /opt/airflow/dags/airflow-dag-python.py
[2024-08-26T01:26:14.357+0000] {processor.py:830} INFO - Processing file /opt/airflow/dags/airflow-dag-python.py for tasks to queue
[2024-08-26T01:26:14.358+0000] {logging_mixin.py:188} INFO - [2024-08-26T01:26:14.357+0000] {dagbag.py:540} INFO - Filling up the DagBag from /opt/airflow/dags/airflow-dag-python.py
[2024-08-26T01:26:14.674+0000] {processor.py:840} INFO - DAG(s) 'clickhouse_data_loader' retrieved from /opt/airflow/dags/airflow-dag-python.py
[2024-08-26T01:26:14.683+0000] {logging_mixin.py:188} INFO - [2024-08-26T01:26:14.683+0000] {dag.py:3096} INFO - Sync 1 DAGs
[2024-08-26T01:26:14.694+0000] {logging_mixin.py:188} INFO - [2024-08-26T01:26:14.694+0000] {dag.py:3954} INFO - Setting next_dagrun for clickhouse_data_loader to 2024-08-25 00:00:00+00:00, run_after=2024-08-26 00:00:00+00:00
[2024-08-26T01:26:14.703+0000] {processor.py:183} INFO - Processing /opt/airflow/dags/airflow-dag-python.py took 0.350 seconds
[2024-08-26T01:26:44.759+0000] {processor.py:161} INFO - Started process (PID=243) to work on /opt/airflow/dags/airflow-dag-python.py
[2024-08-26T01:26:44.760+0000] {processor.py:830} INFO - Processing file /opt/airflow/dags/airflow-dag-python.py for tasks to queue
[2024-08-26T01:26:44.761+0000] {logging_mixin.py:188} INFO - [2024-08-26T01:26:44.761+0000] {dagbag.py:540} INFO - Filling up the DagBag from /opt/airflow/dags/airflow-dag-python.py
[2024-08-26T01:26:45.064+0000] {processor.py:840} INFO - DAG(s) 'clickhouse_data_loader' retrieved from /opt/airflow/dags/airflow-dag-python.py
[2024-08-26T01:26:45.074+0000] {logging_mixin.py:188} INFO - [2024-08-26T01:26:45.073+0000] {dag.py:3096} INFO - Sync 1 DAGs
[2024-08-26T01:26:45.086+0000] {logging_mixin.py:188} INFO - [2024-08-26T01:26:45.086+0000] {dag.py:3954} INFO - Setting next_dagrun for clickhouse_data_loader to 2024-08-25 00:00:00+00:00, run_after=2024-08-26 00:00:00+00:00
[2024-08-26T01:26:45.096+0000] {processor.py:183} INFO - Processing /opt/airflow/dags/airflow-dag-python.py took 0.340 seconds
[2024-08-26T01:27:15.899+0000] {processor.py:161} INFO - Started process (PID=312) to work on /opt/airflow/dags/airflow-dag-python.py
[2024-08-26T01:27:15.900+0000] {processor.py:830} INFO - Processing file /opt/airflow/dags/airflow-dag-python.py for tasks to queue
[2024-08-26T01:27:15.900+0000] {logging_mixin.py:188} INFO - [2024-08-26T01:27:15.900+0000] {dagbag.py:540} INFO - Filling up the DagBag from /opt/airflow/dags/airflow-dag-python.py
[2024-08-26T01:27:16.207+0000] {processor.py:840} INFO - DAG(s) 'clickhouse_data_loader' retrieved from /opt/airflow/dags/airflow-dag-python.py
[2024-08-26T01:27:16.217+0000] {logging_mixin.py:188} INFO - [2024-08-26T01:27:16.217+0000] {dag.py:3096} INFO - Sync 1 DAGs
[2024-08-26T01:27:16.230+0000] {logging_mixin.py:188} INFO - [2024-08-26T01:27:16.230+0000] {dag.py:3954} INFO - Setting next_dagrun for clickhouse_data_loader to 2024-08-25 00:00:00+00:00, run_after=2024-08-26 00:00:00+00:00
[2024-08-26T01:27:16.239+0000] {processor.py:183} INFO - Processing /opt/airflow/dags/airflow-dag-python.py took 0.343 seconds
[2024-08-26T01:27:46.431+0000] {processor.py:161} INFO - Started process (PID=377) to work on /opt/airflow/dags/airflow-dag-python.py
[2024-08-26T01:27:46.432+0000] {processor.py:830} INFO - Processing file /opt/airflow/dags/airflow-dag-python.py for tasks to queue
[2024-08-26T01:27:46.433+0000] {logging_mixin.py:188} INFO - [2024-08-26T01:27:46.433+0000] {dagbag.py:540} INFO - Filling up the DagBag from /opt/airflow/dags/airflow-dag-python.py
[2024-08-26T01:27:46.722+0000] {processor.py:840} INFO - DAG(s) 'clickhouse_data_loader' retrieved from /opt/airflow/dags/airflow-dag-python.py
[2024-08-26T01:27:46.730+0000] {logging_mixin.py:188} INFO - [2024-08-26T01:27:46.730+0000] {dag.py:3096} INFO - Sync 1 DAGs
[2024-08-26T01:27:46.740+0000] {logging_mixin.py:188} INFO - [2024-08-26T01:27:46.740+0000] {dag.py:3954} INFO - Setting next_dagrun for clickhouse_data_loader to 2024-08-25 00:00:00+00:00, run_after=2024-08-26 00:00:00+00:00
[2024-08-26T01:27:46.749+0000] {processor.py:183} INFO - Processing /opt/airflow/dags/airflow-dag-python.py took 0.321 seconds
[2024-08-26T01:28:17.599+0000] {processor.py:161} INFO - Started process (PID=437) to work on /opt/airflow/dags/airflow-dag-python.py
[2024-08-26T01:28:17.599+0000] {processor.py:830} INFO - Processing file /opt/airflow/dags/airflow-dag-python.py for tasks to queue
[2024-08-26T01:28:17.601+0000] {logging_mixin.py:188} INFO - [2024-08-26T01:28:17.601+0000] {dagbag.py:540} INFO - Filling up the DagBag from /opt/airflow/dags/airflow-dag-python.py
[2024-08-26T01:28:17.920+0000] {processor.py:840} INFO - DAG(s) 'clickhouse_data_loader' retrieved from /opt/airflow/dags/airflow-dag-python.py
[2024-08-26T01:28:17.930+0000] {logging_mixin.py:188} INFO - [2024-08-26T01:28:17.929+0000] {dag.py:3096} INFO - Sync 1 DAGs
[2024-08-26T01:28:17.941+0000] {logging_mixin.py:188} INFO - [2024-08-26T01:28:17.941+0000] {dag.py:3954} INFO - Setting next_dagrun for clickhouse_data_loader to 2024-08-25 00:00:00+00:00, run_after=2024-08-26 00:00:00+00:00
[2024-08-26T01:28:17.951+0000] {processor.py:183} INFO - Processing /opt/airflow/dags/airflow-dag-python.py took 0.356 seconds
[2024-08-26T01:28:48.013+0000] {processor.py:161} INFO - Started process (PID=501) to work on /opt/airflow/dags/airflow-dag-python.py
[2024-08-26T01:28:48.014+0000] {processor.py:830} INFO - Processing file /opt/airflow/dags/airflow-dag-python.py for tasks to queue
[2024-08-26T01:28:48.015+0000] {logging_mixin.py:188} INFO - [2024-08-26T01:28:48.015+0000] {dagbag.py:540} INFO - Filling up the DagBag from /opt/airflow/dags/airflow-dag-python.py
[2024-08-26T01:28:48.320+0000] {processor.py:840} INFO - DAG(s) 'clickhouse_data_loader' retrieved from /opt/airflow/dags/airflow-dag-python.py
[2024-08-26T01:28:48.329+0000] {logging_mixin.py:188} INFO - [2024-08-26T01:28:48.328+0000] {dag.py:3096} INFO - Sync 1 DAGs
[2024-08-26T01:28:48.339+0000] {logging_mixin.py:188} INFO - [2024-08-26T01:28:48.338+0000] {dag.py:3954} INFO - Setting next_dagrun for clickhouse_data_loader to 2024-08-25 00:00:00+00:00, run_after=2024-08-26 00:00:00+00:00
[2024-08-26T01:28:48.348+0000] {processor.py:183} INFO - Processing /opt/airflow/dags/airflow-dag-python.py took 0.338 seconds
[2024-08-26T01:29:18.401+0000] {processor.py:161} INFO - Started process (PID=565) to work on /opt/airflow/dags/airflow-dag-python.py
[2024-08-26T01:29:18.402+0000] {processor.py:830} INFO - Processing file /opt/airflow/dags/airflow-dag-python.py for tasks to queue
[2024-08-26T01:29:18.403+0000] {logging_mixin.py:188} INFO - [2024-08-26T01:29:18.402+0000] {dagbag.py:540} INFO - Filling up the DagBag from /opt/airflow/dags/airflow-dag-python.py
[2024-08-26T01:29:18.708+0000] {processor.py:840} INFO - DAG(s) 'clickhouse_data_loader' retrieved from /opt/airflow/dags/airflow-dag-python.py
[2024-08-26T01:29:18.717+0000] {logging_mixin.py:188} INFO - [2024-08-26T01:29:18.716+0000] {dag.py:3096} INFO - Sync 1 DAGs
[2024-08-26T01:29:18.726+0000] {logging_mixin.py:188} INFO - [2024-08-26T01:29:18.726+0000] {dag.py:3954} INFO - Setting next_dagrun for clickhouse_data_loader to 2024-08-25 00:00:00+00:00, run_after=2024-08-26 00:00:00+00:00
[2024-08-26T01:29:18.735+0000] {processor.py:183} INFO - Processing /opt/airflow/dags/airflow-dag-python.py took 0.336 seconds
[2024-08-26T01:29:48.765+0000] {processor.py:161} INFO - Started process (PID=630) to work on /opt/airflow/dags/airflow-dag-python.py
[2024-08-26T01:29:48.765+0000] {processor.py:830} INFO - Processing file /opt/airflow/dags/airflow-dag-python.py for tasks to queue
[2024-08-26T01:29:48.766+0000] {logging_mixin.py:188} INFO - [2024-08-26T01:29:48.766+0000] {dagbag.py:540} INFO - Filling up the DagBag from /opt/airflow/dags/airflow-dag-python.py
[2024-08-26T01:29:49.068+0000] {processor.py:840} INFO - DAG(s) 'clickhouse_data_loader' retrieved from /opt/airflow/dags/airflow-dag-python.py
[2024-08-26T01:29:49.077+0000] {logging_mixin.py:188} INFO - [2024-08-26T01:29:49.077+0000] {dag.py:3096} INFO - Sync 1 DAGs
[2024-08-26T01:29:49.087+0000] {logging_mixin.py:188} INFO - [2024-08-26T01:29:49.087+0000] {dag.py:3954} INFO - Setting next_dagrun for clickhouse_data_loader to 2024-08-25 00:00:00+00:00, run_after=2024-08-26 00:00:00+00:00
[2024-08-26T01:29:49.096+0000] {processor.py:183} INFO - Processing /opt/airflow/dags/airflow-dag-python.py took 0.334 seconds
[2024-08-26T01:30:19.142+0000] {processor.py:161} INFO - Started process (PID=695) to work on /opt/airflow/dags/airflow-dag-python.py
[2024-08-26T01:30:19.143+0000] {processor.py:830} INFO - Processing file /opt/airflow/dags/airflow-dag-python.py for tasks to queue
[2024-08-26T01:30:19.144+0000] {logging_mixin.py:188} INFO - [2024-08-26T01:30:19.143+0000] {dagbag.py:540} INFO - Filling up the DagBag from /opt/airflow/dags/airflow-dag-python.py
[2024-08-26T01:30:19.419+0000] {processor.py:840} INFO - DAG(s) 'clickhouse_data_loader' retrieved from /opt/airflow/dags/airflow-dag-python.py
[2024-08-26T01:30:19.428+0000] {logging_mixin.py:188} INFO - [2024-08-26T01:30:19.427+0000] {dag.py:3096} INFO - Sync 1 DAGs
[2024-08-26T01:30:19.437+0000] {logging_mixin.py:188} INFO - [2024-08-26T01:30:19.437+0000] {dag.py:3954} INFO - Setting next_dagrun for clickhouse_data_loader to 2024-08-25 00:00:00+00:00, run_after=2024-08-26 00:00:00+00:00
[2024-08-26T01:30:19.446+0000] {processor.py:183} INFO - Processing /opt/airflow/dags/airflow-dag-python.py took 0.307 seconds
[2024-08-26T01:30:50.284+0000] {processor.py:161} INFO - Started process (PID=756) to work on /opt/airflow/dags/airflow-dag-python.py
[2024-08-26T01:30:50.285+0000] {processor.py:830} INFO - Processing file /opt/airflow/dags/airflow-dag-python.py for tasks to queue
[2024-08-26T01:30:50.286+0000] {logging_mixin.py:188} INFO - [2024-08-26T01:30:50.285+0000] {dagbag.py:540} INFO - Filling up the DagBag from /opt/airflow/dags/airflow-dag-python.py
[2024-08-26T01:30:50.609+0000] {processor.py:840} INFO - DAG(s) 'clickhouse_data_loader' retrieved from /opt/airflow/dags/airflow-dag-python.py
[2024-08-26T01:30:50.618+0000] {logging_mixin.py:188} INFO - [2024-08-26T01:30:50.617+0000] {dag.py:3096} INFO - Sync 1 DAGs
[2024-08-26T01:30:50.629+0000] {logging_mixin.py:188} INFO - [2024-08-26T01:30:50.629+0000] {dag.py:3954} INFO - Setting next_dagrun for clickhouse_data_loader to 2024-08-25 00:00:00+00:00, run_after=2024-08-26 00:00:00+00:00
[2024-08-26T01:30:50.639+0000] {processor.py:183} INFO - Processing /opt/airflow/dags/airflow-dag-python.py took 0.358 seconds
[2024-08-26T01:31:20.698+0000] {processor.py:161} INFO - Started process (PID=818) to work on /opt/airflow/dags/airflow-dag-python.py
[2024-08-26T01:31:20.699+0000] {processor.py:830} INFO - Processing file /opt/airflow/dags/airflow-dag-python.py for tasks to queue
[2024-08-26T01:31:20.700+0000] {logging_mixin.py:188} INFO - [2024-08-26T01:31:20.699+0000] {dagbag.py:540} INFO - Filling up the DagBag from /opt/airflow/dags/airflow-dag-python.py
[2024-08-26T01:31:20.992+0000] {processor.py:840} INFO - DAG(s) 'clickhouse_data_loader' retrieved from /opt/airflow/dags/airflow-dag-python.py
[2024-08-26T01:31:21.000+0000] {logging_mixin.py:188} INFO - [2024-08-26T01:31:20.999+0000] {dag.py:3096} INFO - Sync 1 DAGs
[2024-08-26T01:31:21.010+0000] {logging_mixin.py:188} INFO - [2024-08-26T01:31:21.010+0000] {dag.py:3954} INFO - Setting next_dagrun for clickhouse_data_loader to 2024-08-25 00:00:00+00:00, run_after=2024-08-26 00:00:00+00:00
[2024-08-26T01:31:21.018+0000] {processor.py:183} INFO - Processing /opt/airflow/dags/airflow-dag-python.py took 0.323 seconds
[2024-08-26T01:31:51.353+0000] {processor.py:161} INFO - Started process (PID=879) to work on /opt/airflow/dags/airflow-dag-python.py
[2024-08-26T01:31:51.354+0000] {processor.py:830} INFO - Processing file /opt/airflow/dags/airflow-dag-python.py for tasks to queue
[2024-08-26T01:31:51.355+0000] {logging_mixin.py:188} INFO - [2024-08-26T01:31:51.355+0000] {dagbag.py:540} INFO - Filling up the DagBag from /opt/airflow/dags/airflow-dag-python.py
[2024-08-26T01:31:51.658+0000] {processor.py:840} INFO - DAG(s) 'clickhouse_data_loader' retrieved from /opt/airflow/dags/airflow-dag-python.py
[2024-08-26T01:31:51.667+0000] {logging_mixin.py:188} INFO - [2024-08-26T01:31:51.667+0000] {dag.py:3096} INFO - Sync 1 DAGs
[2024-08-26T01:31:51.680+0000] {logging_mixin.py:188} INFO - [2024-08-26T01:31:51.680+0000] {dag.py:3954} INFO - Setting next_dagrun for clickhouse_data_loader to 2024-08-25 00:00:00+00:00, run_after=2024-08-26 00:00:00+00:00
[2024-08-26T01:31:51.690+0000] {processor.py:183} INFO - Processing /opt/airflow/dags/airflow-dag-python.py took 0.340 seconds
[2024-08-26T01:32:21.888+0000] {processor.py:161} INFO - Started process (PID=942) to work on /opt/airflow/dags/airflow-dag-python.py
[2024-08-26T01:32:21.889+0000] {processor.py:830} INFO - Processing file /opt/airflow/dags/airflow-dag-python.py for tasks to queue
[2024-08-26T01:32:21.890+0000] {logging_mixin.py:188} INFO - [2024-08-26T01:32:21.890+0000] {dagbag.py:540} INFO - Filling up the DagBag from /opt/airflow/dags/airflow-dag-python.py
[2024-08-26T01:32:22.180+0000] {processor.py:840} INFO - DAG(s) 'clickhouse_data_loader' retrieved from /opt/airflow/dags/airflow-dag-python.py
[2024-08-26T01:32:22.188+0000] {logging_mixin.py:188} INFO - [2024-08-26T01:32:22.188+0000] {dag.py:3096} INFO - Sync 1 DAGs
[2024-08-26T01:32:22.199+0000] {logging_mixin.py:188} INFO - [2024-08-26T01:32:22.199+0000] {dag.py:3954} INFO - Setting next_dagrun for clickhouse_data_loader to 2024-08-25 00:00:00+00:00, run_after=2024-08-26 00:00:00+00:00
[2024-08-26T01:32:22.207+0000] {processor.py:183} INFO - Processing /opt/airflow/dags/airflow-dag-python.py took 0.322 seconds
[2024-08-26T01:32:52.509+0000] {processor.py:161} INFO - Started process (PID=1002) to work on /opt/airflow/dags/airflow-dag-python.py
[2024-08-26T01:32:52.509+0000] {processor.py:830} INFO - Processing file /opt/airflow/dags/airflow-dag-python.py for tasks to queue
[2024-08-26T01:32:52.511+0000] {logging_mixin.py:188} INFO - [2024-08-26T01:32:52.510+0000] {dagbag.py:540} INFO - Filling up the DagBag from /opt/airflow/dags/airflow-dag-python.py
[2024-08-26T01:32:52.811+0000] {processor.py:840} INFO - DAG(s) 'clickhouse_data_loader' retrieved from /opt/airflow/dags/airflow-dag-python.py
[2024-08-26T01:32:52.820+0000] {logging_mixin.py:188} INFO - [2024-08-26T01:32:52.820+0000] {dag.py:3096} INFO - Sync 1 DAGs
[2024-08-26T01:32:52.831+0000] {logging_mixin.py:188} INFO - [2024-08-26T01:32:52.831+0000] {dag.py:3954} INFO - Setting next_dagrun for clickhouse_data_loader to 2024-08-25 00:00:00+00:00, run_after=2024-08-26 00:00:00+00:00
[2024-08-26T01:32:52.841+0000] {processor.py:183} INFO - Processing /opt/airflow/dags/airflow-dag-python.py took 0.336 seconds
[2024-08-26T01:33:22.883+0000] {processor.py:161} INFO - Started process (PID=1063) to work on /opt/airflow/dags/airflow-dag-python.py
[2024-08-26T01:33:22.884+0000] {processor.py:830} INFO - Processing file /opt/airflow/dags/airflow-dag-python.py for tasks to queue
[2024-08-26T01:33:22.885+0000] {logging_mixin.py:188} INFO - [2024-08-26T01:33:22.885+0000] {dagbag.py:540} INFO - Filling up the DagBag from /opt/airflow/dags/airflow-dag-python.py
[2024-08-26T01:33:23.194+0000] {processor.py:840} INFO - DAG(s) 'clickhouse_data_loader' retrieved from /opt/airflow/dags/airflow-dag-python.py
[2024-08-26T01:33:23.204+0000] {logging_mixin.py:188} INFO - [2024-08-26T01:33:23.203+0000] {dag.py:3096} INFO - Sync 1 DAGs
[2024-08-26T01:33:23.214+0000] {logging_mixin.py:188} INFO - [2024-08-26T01:33:23.213+0000] {dag.py:3954} INFO - Setting next_dagrun for clickhouse_data_loader to 2024-08-25 00:00:00+00:00, run_after=2024-08-26 00:00:00+00:00
[2024-08-26T01:33:23.224+0000] {processor.py:183} INFO - Processing /opt/airflow/dags/airflow-dag-python.py took 0.344 seconds
[2024-08-26T01:33:53.266+0000] {processor.py:161} INFO - Started process (PID=1124) to work on /opt/airflow/dags/airflow-dag-python.py
[2024-08-26T01:33:53.267+0000] {processor.py:830} INFO - Processing file /opt/airflow/dags/airflow-dag-python.py for tasks to queue
[2024-08-26T01:33:53.268+0000] {logging_mixin.py:188} INFO - [2024-08-26T01:33:53.268+0000] {dagbag.py:540} INFO - Filling up the DagBag from /opt/airflow/dags/airflow-dag-python.py
[2024-08-26T01:33:53.456+0000] {processor.py:840} INFO - DAG(s) 'clickhouse_data_loader' retrieved from /opt/airflow/dags/airflow-dag-python.py
[2024-08-26T01:33:53.466+0000] {logging_mixin.py:188} INFO - [2024-08-26T01:33:53.466+0000] {dag.py:3096} INFO - Sync 1 DAGs
[2024-08-26T01:33:53.478+0000] {logging_mixin.py:188} INFO - [2024-08-26T01:33:53.477+0000] {dag.py:3954} INFO - Setting next_dagrun for clickhouse_data_loader to 2024-08-25 00:00:00+00:00, run_after=2024-08-26 00:00:00+00:00
[2024-08-26T01:33:53.487+0000] {processor.py:183} INFO - Processing /opt/airflow/dags/airflow-dag-python.py took 0.224 seconds
[2024-08-26T01:34:23.960+0000] {processor.py:161} INFO - Started process (PID=1177) to work on /opt/airflow/dags/airflow-dag-python.py
[2024-08-26T01:34:23.960+0000] {processor.py:830} INFO - Processing file /opt/airflow/dags/airflow-dag-python.py for tasks to queue
[2024-08-26T01:34:23.961+0000] {logging_mixin.py:188} INFO - [2024-08-26T01:34:23.961+0000] {dagbag.py:540} INFO - Filling up the DagBag from /opt/airflow/dags/airflow-dag-python.py
[2024-08-26T01:34:24.162+0000] {processor.py:840} INFO - DAG(s) 'clickhouse_data_loader' retrieved from /opt/airflow/dags/airflow-dag-python.py
[2024-08-26T01:34:24.172+0000] {logging_mixin.py:188} INFO - [2024-08-26T01:34:24.172+0000] {dag.py:3096} INFO - Sync 1 DAGs
[2024-08-26T01:34:24.184+0000] {logging_mixin.py:188} INFO - [2024-08-26T01:34:24.184+0000] {dag.py:3954} INFO - Setting next_dagrun for clickhouse_data_loader to 2024-08-25 00:00:00+00:00, run_after=2024-08-26 00:00:00+00:00
[2024-08-26T01:34:24.193+0000] {processor.py:183} INFO - Processing /opt/airflow/dags/airflow-dag-python.py took 0.237 seconds
[2024-08-26T01:34:54.793+0000] {processor.py:161} INFO - Started process (PID=1237) to work on /opt/airflow/dags/airflow-dag-python.py
[2024-08-26T01:34:54.793+0000] {processor.py:830} INFO - Processing file /opt/airflow/dags/airflow-dag-python.py for tasks to queue
[2024-08-26T01:34:54.794+0000] {logging_mixin.py:188} INFO - [2024-08-26T01:34:54.794+0000] {dagbag.py:540} INFO - Filling up the DagBag from /opt/airflow/dags/airflow-dag-python.py
[2024-08-26T01:34:54.985+0000] {processor.py:840} INFO - DAG(s) 'clickhouse_data_loader' retrieved from /opt/airflow/dags/airflow-dag-python.py
[2024-08-26T01:34:54.995+0000] {logging_mixin.py:188} INFO - [2024-08-26T01:34:54.995+0000] {dag.py:3096} INFO - Sync 1 DAGs
[2024-08-26T01:34:55.007+0000] {logging_mixin.py:188} INFO - [2024-08-26T01:34:55.006+0000] {dag.py:3954} INFO - Setting next_dagrun for clickhouse_data_loader to 2024-08-25 00:00:00+00:00, run_after=2024-08-26 00:00:00+00:00
[2024-08-26T01:34:55.016+0000] {processor.py:183} INFO - Processing /opt/airflow/dags/airflow-dag-python.py took 0.226 seconds
[2024-08-26T01:35:25.676+0000] {processor.py:161} INFO - Started process (PID=1297) to work on /opt/airflow/dags/airflow-dag-python.py
[2024-08-26T01:35:25.677+0000] {processor.py:830} INFO - Processing file /opt/airflow/dags/airflow-dag-python.py for tasks to queue
[2024-08-26T01:35:25.678+0000] {logging_mixin.py:188} INFO - [2024-08-26T01:35:25.677+0000] {dagbag.py:540} INFO - Filling up the DagBag from /opt/airflow/dags/airflow-dag-python.py
[2024-08-26T01:35:25.880+0000] {processor.py:840} INFO - DAG(s) 'clickhouse_data_loader' retrieved from /opt/airflow/dags/airflow-dag-python.py
[2024-08-26T01:35:25.892+0000] {logging_mixin.py:188} INFO - [2024-08-26T01:35:25.891+0000] {dag.py:3096} INFO - Sync 1 DAGs
[2024-08-26T01:35:25.903+0000] {logging_mixin.py:188} INFO - [2024-08-26T01:35:25.903+0000] {dag.py:3954} INFO - Setting next_dagrun for clickhouse_data_loader to 2024-08-25 00:00:00+00:00, run_after=2024-08-26 00:00:00+00:00
[2024-08-26T01:35:25.913+0000] {processor.py:183} INFO - Processing /opt/airflow/dags/airflow-dag-python.py took 0.241 seconds
[2024-08-26T01:35:56.576+0000] {processor.py:161} INFO - Started process (PID=1357) to work on /opt/airflow/dags/airflow-dag-python.py
[2024-08-26T01:35:56.577+0000] {processor.py:830} INFO - Processing file /opt/airflow/dags/airflow-dag-python.py for tasks to queue
[2024-08-26T01:35:56.578+0000] {logging_mixin.py:188} INFO - [2024-08-26T01:35:56.578+0000] {dagbag.py:540} INFO - Filling up the DagBag from /opt/airflow/dags/airflow-dag-python.py
[2024-08-26T01:35:56.772+0000] {processor.py:840} INFO - DAG(s) 'clickhouse_data_loader' retrieved from /opt/airflow/dags/airflow-dag-python.py
[2024-08-26T01:35:56.782+0000] {logging_mixin.py:188} INFO - [2024-08-26T01:35:56.781+0000] {dag.py:3096} INFO - Sync 1 DAGs
[2024-08-26T01:35:56.794+0000] {logging_mixin.py:188} INFO - [2024-08-26T01:35:56.794+0000] {dag.py:3954} INFO - Setting next_dagrun for clickhouse_data_loader to 2024-08-25 00:00:00+00:00, run_after=2024-08-26 00:00:00+00:00
[2024-08-26T01:35:56.803+0000] {processor.py:183} INFO - Processing /opt/airflow/dags/airflow-dag-python.py took 0.230 seconds
[2024-08-26T01:36:26.892+0000] {processor.py:161} INFO - Started process (PID=1418) to work on /opt/airflow/dags/airflow-dag-python.py
[2024-08-26T01:36:26.893+0000] {processor.py:830} INFO - Processing file /opt/airflow/dags/airflow-dag-python.py for tasks to queue
[2024-08-26T01:36:26.894+0000] {logging_mixin.py:188} INFO - [2024-08-26T01:36:26.894+0000] {dagbag.py:540} INFO - Filling up the DagBag from /opt/airflow/dags/airflow-dag-python.py
[2024-08-26T01:36:27.092+0000] {processor.py:840} INFO - DAG(s) 'clickhouse_data_loader' retrieved from /opt/airflow/dags/airflow-dag-python.py
[2024-08-26T01:36:27.101+0000] {logging_mixin.py:188} INFO - [2024-08-26T01:36:27.101+0000] {dag.py:3096} INFO - Sync 1 DAGs
[2024-08-26T01:36:27.113+0000] {logging_mixin.py:188} INFO - [2024-08-26T01:36:27.113+0000] {dag.py:3954} INFO - Setting next_dagrun for clickhouse_data_loader to 2024-08-25 00:00:00+00:00, run_after=2024-08-26 00:00:00+00:00
[2024-08-26T01:36:27.122+0000] {processor.py:183} INFO - Processing /opt/airflow/dags/airflow-dag-python.py took 0.233 seconds
[2024-08-26T01:36:57.203+0000] {processor.py:161} INFO - Started process (PID=1481) to work on /opt/airflow/dags/airflow-dag-python.py
[2024-08-26T01:36:57.203+0000] {processor.py:830} INFO - Processing file /opt/airflow/dags/airflow-dag-python.py for tasks to queue
[2024-08-26T01:36:57.204+0000] {logging_mixin.py:188} INFO - [2024-08-26T01:36:57.204+0000] {dagbag.py:540} INFO - Filling up the DagBag from /opt/airflow/dags/airflow-dag-python.py
[2024-08-26T01:36:57.394+0000] {processor.py:840} INFO - DAG(s) 'clickhouse_data_loader' retrieved from /opt/airflow/dags/airflow-dag-python.py
[2024-08-26T01:36:57.403+0000] {logging_mixin.py:188} INFO - [2024-08-26T01:36:57.403+0000] {dag.py:3096} INFO - Sync 1 DAGs
[2024-08-26T01:36:57.414+0000] {logging_mixin.py:188} INFO - [2024-08-26T01:36:57.414+0000] {dag.py:3954} INFO - Setting next_dagrun for clickhouse_data_loader to 2024-08-25 00:00:00+00:00, run_after=2024-08-26 00:00:00+00:00
[2024-08-26T01:36:57.423+0000] {processor.py:183} INFO - Processing /opt/airflow/dags/airflow-dag-python.py took 0.224 seconds
[2024-08-26T01:37:27.495+0000] {processor.py:161} INFO - Started process (PID=1544) to work on /opt/airflow/dags/airflow-dag-python.py
[2024-08-26T01:37:27.496+0000] {processor.py:830} INFO - Processing file /opt/airflow/dags/airflow-dag-python.py for tasks to queue
[2024-08-26T01:37:27.497+0000] {logging_mixin.py:188} INFO - [2024-08-26T01:37:27.497+0000] {dagbag.py:540} INFO - Filling up the DagBag from /opt/airflow/dags/airflow-dag-python.py
[2024-08-26T01:37:27.689+0000] {processor.py:840} INFO - DAG(s) 'clickhouse_data_loader' retrieved from /opt/airflow/dags/airflow-dag-python.py
[2024-08-26T01:37:27.699+0000] {logging_mixin.py:188} INFO - [2024-08-26T01:37:27.699+0000] {dag.py:3096} INFO - Sync 1 DAGs
[2024-08-26T01:37:27.711+0000] {logging_mixin.py:188} INFO - [2024-08-26T01:37:27.710+0000] {dag.py:3954} INFO - Setting next_dagrun for clickhouse_data_loader to 2024-08-25 00:00:00+00:00, run_after=2024-08-26 00:00:00+00:00
[2024-08-26T01:37:27.720+0000] {processor.py:183} INFO - Processing /opt/airflow/dags/airflow-dag-python.py took 0.228 seconds
[2024-08-26T01:37:58.594+0000] {processor.py:161} INFO - Started process (PID=1604) to work on /opt/airflow/dags/airflow-dag-python.py
[2024-08-26T01:37:58.595+0000] {processor.py:830} INFO - Processing file /opt/airflow/dags/airflow-dag-python.py for tasks to queue
[2024-08-26T01:37:58.596+0000] {logging_mixin.py:188} INFO - [2024-08-26T01:37:58.595+0000] {dagbag.py:540} INFO - Filling up the DagBag from /opt/airflow/dags/airflow-dag-python.py
[2024-08-26T01:37:58.789+0000] {processor.py:840} INFO - DAG(s) 'clickhouse_data_loader' retrieved from /opt/airflow/dags/airflow-dag-python.py
[2024-08-26T01:37:58.798+0000] {logging_mixin.py:188} INFO - [2024-08-26T01:37:58.798+0000] {dag.py:3096} INFO - Sync 1 DAGs
[2024-08-26T01:37:58.810+0000] {logging_mixin.py:188} INFO - [2024-08-26T01:37:58.809+0000] {dag.py:3954} INFO - Setting next_dagrun for clickhouse_data_loader to 2024-08-25 00:00:00+00:00, run_after=2024-08-26 00:00:00+00:00
[2024-08-26T01:37:58.820+0000] {processor.py:183} INFO - Processing /opt/airflow/dags/airflow-dag-python.py took 0.228 seconds
[2024-08-26T01:38:28.868+0000] {processor.py:161} INFO - Started process (PID=1667) to work on /opt/airflow/dags/airflow-dag-python.py
[2024-08-26T01:38:28.869+0000] {processor.py:830} INFO - Processing file /opt/airflow/dags/airflow-dag-python.py for tasks to queue
[2024-08-26T01:38:28.870+0000] {logging_mixin.py:188} INFO - [2024-08-26T01:38:28.870+0000] {dagbag.py:540} INFO - Filling up the DagBag from /opt/airflow/dags/airflow-dag-python.py
[2024-08-26T01:38:29.071+0000] {processor.py:840} INFO - DAG(s) 'clickhouse_data_loader' retrieved from /opt/airflow/dags/airflow-dag-python.py
[2024-08-26T01:38:29.083+0000] {logging_mixin.py:188} INFO - [2024-08-26T01:38:29.083+0000] {dag.py:3096} INFO - Sync 1 DAGs
[2024-08-26T01:38:29.099+0000] {logging_mixin.py:188} INFO - [2024-08-26T01:38:29.098+0000] {dag.py:3954} INFO - Setting next_dagrun for clickhouse_data_loader to 2024-08-25 00:00:00+00:00, run_after=2024-08-26 00:00:00+00:00
[2024-08-26T01:38:29.108+0000] {processor.py:183} INFO - Processing /opt/airflow/dags/airflow-dag-python.py took 0.244 seconds
[2024-08-26T01:39:00.112+0000] {processor.py:161} INFO - Started process (PID=1731) to work on /opt/airflow/dags/airflow-dag-python.py
[2024-08-26T01:39:00.112+0000] {processor.py:830} INFO - Processing file /opt/airflow/dags/airflow-dag-python.py for tasks to queue
[2024-08-26T01:39:00.114+0000] {logging_mixin.py:188} INFO - [2024-08-26T01:39:00.113+0000] {dagbag.py:540} INFO - Filling up the DagBag from /opt/airflow/dags/airflow-dag-python.py
[2024-08-26T01:39:00.326+0000] {processor.py:840} INFO - DAG(s) 'clickhouse_data_loader' retrieved from /opt/airflow/dags/airflow-dag-python.py
[2024-08-26T01:39:00.337+0000] {logging_mixin.py:188} INFO - [2024-08-26T01:39:00.337+0000] {dag.py:3096} INFO - Sync 1 DAGs
[2024-08-26T01:39:00.350+0000] {logging_mixin.py:188} INFO - [2024-08-26T01:39:00.349+0000] {dag.py:3954} INFO - Setting next_dagrun for clickhouse_data_loader to 2024-08-25 00:00:00+00:00, run_after=2024-08-26 00:00:00+00:00
[2024-08-26T01:39:00.360+0000] {processor.py:183} INFO - Processing /opt/airflow/dags/airflow-dag-python.py took 0.252 seconds
[2024-08-26T01:39:31.083+0000] {processor.py:161} INFO - Started process (PID=1791) to work on /opt/airflow/dags/airflow-dag-python.py
[2024-08-26T01:39:31.084+0000] {processor.py:830} INFO - Processing file /opt/airflow/dags/airflow-dag-python.py for tasks to queue
[2024-08-26T01:39:31.085+0000] {logging_mixin.py:188} INFO - [2024-08-26T01:39:31.085+0000] {dagbag.py:540} INFO - Filling up the DagBag from /opt/airflow/dags/airflow-dag-python.py
[2024-08-26T01:39:31.273+0000] {processor.py:840} INFO - DAG(s) 'clickhouse_data_loader' retrieved from /opt/airflow/dags/airflow-dag-python.py
[2024-08-26T01:39:31.283+0000] {logging_mixin.py:188} INFO - [2024-08-26T01:39:31.282+0000] {dag.py:3096} INFO - Sync 1 DAGs
[2024-08-26T01:39:31.294+0000] {logging_mixin.py:188} INFO - [2024-08-26T01:39:31.294+0000] {dag.py:3954} INFO - Setting next_dagrun for clickhouse_data_loader to 2024-08-25 00:00:00+00:00, run_after=2024-08-26 00:00:00+00:00
[2024-08-26T01:39:31.303+0000] {processor.py:183} INFO - Processing /opt/airflow/dags/airflow-dag-python.py took 0.223 seconds
[2024-08-26T01:40:01.853+0000] {processor.py:161} INFO - Started process (PID=1851) to work on /opt/airflow/dags/airflow-dag-python.py
[2024-08-26T01:40:01.854+0000] {processor.py:830} INFO - Processing file /opt/airflow/dags/airflow-dag-python.py for tasks to queue
[2024-08-26T01:40:01.854+0000] {logging_mixin.py:188} INFO - [2024-08-26T01:40:01.854+0000] {dagbag.py:540} INFO - Filling up the DagBag from /opt/airflow/dags/airflow-dag-python.py
[2024-08-26T01:40:02.045+0000] {processor.py:840} INFO - DAG(s) 'clickhouse_data_loader' retrieved from /opt/airflow/dags/airflow-dag-python.py
[2024-08-26T01:40:02.054+0000] {logging_mixin.py:188} INFO - [2024-08-26T01:40:02.054+0000] {dag.py:3096} INFO - Sync 1 DAGs
[2024-08-26T01:40:02.065+0000] {logging_mixin.py:188} INFO - [2024-08-26T01:40:02.065+0000] {dag.py:3954} INFO - Setting next_dagrun for clickhouse_data_loader to 2024-08-25 00:00:00+00:00, run_after=2024-08-26 00:00:00+00:00
[2024-08-26T01:40:02.075+0000] {processor.py:183} INFO - Processing /opt/airflow/dags/airflow-dag-python.py took 0.225 seconds
[2024-08-26T01:40:32.616+0000] {processor.py:161} INFO - Started process (PID=1911) to work on /opt/airflow/dags/airflow-dag-python.py
[2024-08-26T01:40:32.616+0000] {processor.py:830} INFO - Processing file /opt/airflow/dags/airflow-dag-python.py for tasks to queue
[2024-08-26T01:40:32.617+0000] {logging_mixin.py:188} INFO - [2024-08-26T01:40:32.617+0000] {dagbag.py:540} INFO - Filling up the DagBag from /opt/airflow/dags/airflow-dag-python.py
[2024-08-26T01:40:32.808+0000] {processor.py:840} INFO - DAG(s) 'clickhouse_data_loader' retrieved from /opt/airflow/dags/airflow-dag-python.py
[2024-08-26T01:40:32.817+0000] {logging_mixin.py:188} INFO - [2024-08-26T01:40:32.817+0000] {dag.py:3096} INFO - Sync 1 DAGs
[2024-08-26T01:40:32.827+0000] {logging_mixin.py:188} INFO - [2024-08-26T01:40:32.827+0000] {dag.py:3954} INFO - Setting next_dagrun for clickhouse_data_loader to 2024-08-25 00:00:00+00:00, run_after=2024-08-26 00:00:00+00:00
[2024-08-26T01:40:32.837+0000] {processor.py:183} INFO - Processing /opt/airflow/dags/airflow-dag-python.py took 0.226 seconds
[2024-08-26T01:41:03.361+0000] {processor.py:161} INFO - Started process (PID=1971) to work on /opt/airflow/dags/airflow-dag-python.py
[2024-08-26T01:41:03.362+0000] {processor.py:830} INFO - Processing file /opt/airflow/dags/airflow-dag-python.py for tasks to queue
[2024-08-26T01:41:03.363+0000] {logging_mixin.py:188} INFO - [2024-08-26T01:41:03.363+0000] {dagbag.py:540} INFO - Filling up the DagBag from /opt/airflow/dags/airflow-dag-python.py
[2024-08-26T01:41:03.558+0000] {processor.py:840} INFO - DAG(s) 'clickhouse_data_loader' retrieved from /opt/airflow/dags/airflow-dag-python.py
[2024-08-26T01:41:03.569+0000] {logging_mixin.py:188} INFO - [2024-08-26T01:41:03.568+0000] {dag.py:3096} INFO - Sync 1 DAGs
[2024-08-26T01:41:03.579+0000] {logging_mixin.py:188} INFO - [2024-08-26T01:41:03.579+0000] {dag.py:3954} INFO - Setting next_dagrun for clickhouse_data_loader to 2024-08-25 00:00:00+00:00, run_after=2024-08-26 00:00:00+00:00
[2024-08-26T01:41:03.588+0000] {processor.py:183} INFO - Processing /opt/airflow/dags/airflow-dag-python.py took 0.230 seconds
[2024-08-26T01:41:34.046+0000] {processor.py:161} INFO - Started process (PID=2031) to work on /opt/airflow/dags/airflow-dag-python.py
[2024-08-26T01:41:34.047+0000] {processor.py:830} INFO - Processing file /opt/airflow/dags/airflow-dag-python.py for tasks to queue
[2024-08-26T01:41:34.048+0000] {logging_mixin.py:188} INFO - [2024-08-26T01:41:34.047+0000] {dagbag.py:540} INFO - Filling up the DagBag from /opt/airflow/dags/airflow-dag-python.py
[2024-08-26T01:41:34.240+0000] {processor.py:840} INFO - DAG(s) 'clickhouse_data_loader' retrieved from /opt/airflow/dags/airflow-dag-python.py
[2024-08-26T01:41:34.249+0000] {logging_mixin.py:188} INFO - [2024-08-26T01:41:34.249+0000] {dag.py:3096} INFO - Sync 1 DAGs
[2024-08-26T01:41:34.260+0000] {logging_mixin.py:188} INFO - [2024-08-26T01:41:34.260+0000] {dag.py:3954} INFO - Setting next_dagrun for clickhouse_data_loader to 2024-08-25 00:00:00+00:00, run_after=2024-08-26 00:00:00+00:00
[2024-08-26T01:41:34.269+0000] {processor.py:183} INFO - Processing /opt/airflow/dags/airflow-dag-python.py took 0.226 seconds
[2024-08-26T01:42:04.785+0000] {processor.py:161} INFO - Started process (PID=2091) to work on /opt/airflow/dags/airflow-dag-python.py
[2024-08-26T01:42:04.785+0000] {processor.py:830} INFO - Processing file /opt/airflow/dags/airflow-dag-python.py for tasks to queue
[2024-08-26T01:42:04.786+0000] {logging_mixin.py:188} INFO - [2024-08-26T01:42:04.786+0000] {dagbag.py:540} INFO - Filling up the DagBag from /opt/airflow/dags/airflow-dag-python.py
[2024-08-26T01:42:04.978+0000] {processor.py:840} INFO - DAG(s) 'clickhouse_data_loader' retrieved from /opt/airflow/dags/airflow-dag-python.py
[2024-08-26T01:42:04.988+0000] {logging_mixin.py:188} INFO - [2024-08-26T01:42:04.988+0000] {dag.py:3096} INFO - Sync 1 DAGs
[2024-08-26T01:42:05.000+0000] {logging_mixin.py:188} INFO - [2024-08-26T01:42:05.000+0000] {dag.py:3954} INFO - Setting next_dagrun for clickhouse_data_loader to 2024-08-25 00:00:00+00:00, run_after=2024-08-26 00:00:00+00:00
[2024-08-26T01:42:05.010+0000] {processor.py:183} INFO - Processing /opt/airflow/dags/airflow-dag-python.py took 0.229 seconds
[2024-08-26T01:42:35.499+0000] {processor.py:161} INFO - Started process (PID=2151) to work on /opt/airflow/dags/airflow-dag-python.py
[2024-08-26T01:42:35.499+0000] {processor.py:830} INFO - Processing file /opt/airflow/dags/airflow-dag-python.py for tasks to queue
[2024-08-26T01:42:35.500+0000] {logging_mixin.py:188} INFO - [2024-08-26T01:42:35.500+0000] {dagbag.py:540} INFO - Filling up the DagBag from /opt/airflow/dags/airflow-dag-python.py
[2024-08-26T01:42:35.690+0000] {processor.py:840} INFO - DAG(s) 'clickhouse_data_loader' retrieved from /opt/airflow/dags/airflow-dag-python.py
[2024-08-26T01:42:35.700+0000] {logging_mixin.py:188} INFO - [2024-08-26T01:42:35.700+0000] {dag.py:3096} INFO - Sync 1 DAGs
[2024-08-26T01:42:35.711+0000] {logging_mixin.py:188} INFO - [2024-08-26T01:42:35.711+0000] {dag.py:3954} INFO - Setting next_dagrun for clickhouse_data_loader to 2024-08-25 00:00:00+00:00, run_after=2024-08-26 00:00:00+00:00
[2024-08-26T01:42:35.720+0000] {processor.py:183} INFO - Processing /opt/airflow/dags/airflow-dag-python.py took 0.224 seconds
[2024-08-26T01:43:06.142+0000] {processor.py:161} INFO - Started process (PID=2211) to work on /opt/airflow/dags/airflow-dag-python.py
[2024-08-26T01:43:06.143+0000] {processor.py:830} INFO - Processing file /opt/airflow/dags/airflow-dag-python.py for tasks to queue
[2024-08-26T01:43:06.144+0000] {logging_mixin.py:188} INFO - [2024-08-26T01:43:06.144+0000] {dagbag.py:540} INFO - Filling up the DagBag from /opt/airflow/dags/airflow-dag-python.py
[2024-08-26T01:43:06.332+0000] {processor.py:840} INFO - DAG(s) 'clickhouse_data_loader' retrieved from /opt/airflow/dags/airflow-dag-python.py
[2024-08-26T01:43:06.341+0000] {logging_mixin.py:188} INFO - [2024-08-26T01:43:06.341+0000] {dag.py:3096} INFO - Sync 1 DAGs
[2024-08-26T01:43:06.353+0000] {logging_mixin.py:188} INFO - [2024-08-26T01:43:06.353+0000] {dag.py:3954} INFO - Setting next_dagrun for clickhouse_data_loader to 2024-08-25 00:00:00+00:00, run_after=2024-08-26 00:00:00+00:00
[2024-08-26T01:43:06.362+0000] {processor.py:183} INFO - Processing /opt/airflow/dags/airflow-dag-python.py took 0.224 seconds
[2024-08-26T01:43:36.841+0000] {processor.py:161} INFO - Started process (PID=2271) to work on /opt/airflow/dags/airflow-dag-python.py
[2024-08-26T01:43:36.842+0000] {processor.py:830} INFO - Processing file /opt/airflow/dags/airflow-dag-python.py for tasks to queue
[2024-08-26T01:43:36.843+0000] {logging_mixin.py:188} INFO - [2024-08-26T01:43:36.843+0000] {dagbag.py:540} INFO - Filling up the DagBag from /opt/airflow/dags/airflow-dag-python.py
[2024-08-26T01:43:37.040+0000] {processor.py:840} INFO - DAG(s) 'clickhouse_data_loader' retrieved from /opt/airflow/dags/airflow-dag-python.py
[2024-08-26T01:43:37.051+0000] {logging_mixin.py:188} INFO - [2024-08-26T01:43:37.051+0000] {dag.py:3096} INFO - Sync 1 DAGs
[2024-08-26T01:43:37.063+0000] {logging_mixin.py:188} INFO - [2024-08-26T01:43:37.063+0000] {dag.py:3954} INFO - Setting next_dagrun for clickhouse_data_loader to 2024-08-25 00:00:00+00:00, run_after=2024-08-26 00:00:00+00:00
[2024-08-26T01:43:37.072+0000] {processor.py:183} INFO - Processing /opt/airflow/dags/airflow-dag-python.py took 0.234 seconds
[2024-08-26T01:44:07.610+0000] {processor.py:161} INFO - Started process (PID=2331) to work on /opt/airflow/dags/airflow-dag-python.py
[2024-08-26T01:44:07.611+0000] {processor.py:830} INFO - Processing file /opt/airflow/dags/airflow-dag-python.py for tasks to queue
[2024-08-26T01:44:07.612+0000] {logging_mixin.py:188} INFO - [2024-08-26T01:44:07.612+0000] {dagbag.py:540} INFO - Filling up the DagBag from /opt/airflow/dags/airflow-dag-python.py
[2024-08-26T01:44:07.809+0000] {processor.py:840} INFO - DAG(s) 'clickhouse_data_loader' retrieved from /opt/airflow/dags/airflow-dag-python.py
[2024-08-26T01:44:07.819+0000] {logging_mixin.py:188} INFO - [2024-08-26T01:44:07.819+0000] {dag.py:3096} INFO - Sync 1 DAGs
[2024-08-26T01:44:07.832+0000] {logging_mixin.py:188} INFO - [2024-08-26T01:44:07.831+0000] {dag.py:3954} INFO - Setting next_dagrun for clickhouse_data_loader to 2024-08-25 00:00:00+00:00, run_after=2024-08-26 00:00:00+00:00
[2024-08-26T01:44:07.841+0000] {processor.py:183} INFO - Processing /opt/airflow/dags/airflow-dag-python.py took 0.234 seconds
[2024-08-26T01:44:38.242+0000] {processor.py:161} INFO - Started process (PID=2391) to work on /opt/airflow/dags/airflow-dag-python.py
[2024-08-26T01:44:38.242+0000] {processor.py:830} INFO - Processing file /opt/airflow/dags/airflow-dag-python.py for tasks to queue
[2024-08-26T01:44:38.243+0000] {logging_mixin.py:188} INFO - [2024-08-26T01:44:38.243+0000] {dagbag.py:540} INFO - Filling up the DagBag from /opt/airflow/dags/airflow-dag-python.py
[2024-08-26T01:44:38.429+0000] {processor.py:840} INFO - DAG(s) 'clickhouse_data_loader' retrieved from /opt/airflow/dags/airflow-dag-python.py
[2024-08-26T01:44:38.439+0000] {logging_mixin.py:188} INFO - [2024-08-26T01:44:38.438+0000] {dag.py:3096} INFO - Sync 1 DAGs
[2024-08-26T01:44:38.450+0000] {logging_mixin.py:188} INFO - [2024-08-26T01:44:38.450+0000] {dag.py:3954} INFO - Setting next_dagrun for clickhouse_data_loader to 2024-08-25 00:00:00+00:00, run_after=2024-08-26 00:00:00+00:00
[2024-08-26T01:44:38.458+0000] {processor.py:183} INFO - Processing /opt/airflow/dags/airflow-dag-python.py took 0.221 seconds
[2024-08-26T01:45:08.810+0000] {processor.py:161} INFO - Started process (PID=2451) to work on /opt/airflow/dags/airflow-dag-python.py
[2024-08-26T01:45:08.810+0000] {processor.py:830} INFO - Processing file /opt/airflow/dags/airflow-dag-python.py for tasks to queue
[2024-08-26T01:45:08.811+0000] {logging_mixin.py:188} INFO - [2024-08-26T01:45:08.811+0000] {dagbag.py:540} INFO - Filling up the DagBag from /opt/airflow/dags/airflow-dag-python.py
[2024-08-26T01:45:08.998+0000] {processor.py:840} INFO - DAG(s) 'clickhouse_data_loader' retrieved from /opt/airflow/dags/airflow-dag-python.py
[2024-08-26T01:45:09.008+0000] {logging_mixin.py:188} INFO - [2024-08-26T01:45:09.008+0000] {dag.py:3096} INFO - Sync 1 DAGs
[2024-08-26T01:45:09.019+0000] {logging_mixin.py:188} INFO - [2024-08-26T01:45:09.018+0000] {dag.py:3954} INFO - Setting next_dagrun for clickhouse_data_loader to 2024-08-25 00:00:00+00:00, run_after=2024-08-26 00:00:00+00:00
[2024-08-26T01:45:09.028+0000] {processor.py:183} INFO - Processing /opt/airflow/dags/airflow-dag-python.py took 0.222 seconds
[2024-08-26T01:45:39.456+0000] {processor.py:161} INFO - Started process (PID=2511) to work on /opt/airflow/dags/airflow-dag-python.py
[2024-08-26T01:45:39.457+0000] {processor.py:830} INFO - Processing file /opt/airflow/dags/airflow-dag-python.py for tasks to queue
[2024-08-26T01:45:39.458+0000] {logging_mixin.py:188} INFO - [2024-08-26T01:45:39.457+0000] {dagbag.py:540} INFO - Filling up the DagBag from /opt/airflow/dags/airflow-dag-python.py
[2024-08-26T01:45:39.644+0000] {processor.py:840} INFO - DAG(s) 'clickhouse_data_loader' retrieved from /opt/airflow/dags/airflow-dag-python.py
[2024-08-26T01:45:39.654+0000] {logging_mixin.py:188} INFO - [2024-08-26T01:45:39.654+0000] {dag.py:3096} INFO - Sync 1 DAGs
[2024-08-26T01:45:39.665+0000] {logging_mixin.py:188} INFO - [2024-08-26T01:45:39.665+0000] {dag.py:3954} INFO - Setting next_dagrun for clickhouse_data_loader to 2024-08-25 00:00:00+00:00, run_after=2024-08-26 00:00:00+00:00
[2024-08-26T01:45:39.674+0000] {processor.py:183} INFO - Processing /opt/airflow/dags/airflow-dag-python.py took 0.221 seconds
[2024-08-26T01:46:10.088+0000] {processor.py:161} INFO - Started process (PID=2571) to work on /opt/airflow/dags/airflow-dag-python.py
[2024-08-26T01:46:10.088+0000] {processor.py:830} INFO - Processing file /opt/airflow/dags/airflow-dag-python.py for tasks to queue
[2024-08-26T01:46:10.089+0000] {logging_mixin.py:188} INFO - [2024-08-26T01:46:10.089+0000] {dagbag.py:540} INFO - Filling up the DagBag from /opt/airflow/dags/airflow-dag-python.py
[2024-08-26T01:46:10.270+0000] {processor.py:840} INFO - DAG(s) 'clickhouse_data_loader' retrieved from /opt/airflow/dags/airflow-dag-python.py
[2024-08-26T01:46:10.280+0000] {logging_mixin.py:188} INFO - [2024-08-26T01:46:10.279+0000] {dag.py:3096} INFO - Sync 1 DAGs
[2024-08-26T01:46:10.291+0000] {logging_mixin.py:188} INFO - [2024-08-26T01:46:10.290+0000] {dag.py:3954} INFO - Setting next_dagrun for clickhouse_data_loader to 2024-08-25 00:00:00+00:00, run_after=2024-08-26 00:00:00+00:00
[2024-08-26T01:46:10.301+0000] {processor.py:183} INFO - Processing /opt/airflow/dags/airflow-dag-python.py took 0.217 seconds
[2024-08-26T01:46:40.803+0000] {processor.py:161} INFO - Started process (PID=2631) to work on /opt/airflow/dags/airflow-dag-python.py
[2024-08-26T01:46:40.804+0000] {processor.py:830} INFO - Processing file /opt/airflow/dags/airflow-dag-python.py for tasks to queue
[2024-08-26T01:46:40.805+0000] {logging_mixin.py:188} INFO - [2024-08-26T01:46:40.805+0000] {dagbag.py:540} INFO - Filling up the DagBag from /opt/airflow/dags/airflow-dag-python.py
[2024-08-26T01:46:40.995+0000] {processor.py:840} INFO - DAG(s) 'clickhouse_data_loader' retrieved from /opt/airflow/dags/airflow-dag-python.py
[2024-08-26T01:46:41.006+0000] {logging_mixin.py:188} INFO - [2024-08-26T01:46:41.005+0000] {dag.py:3096} INFO - Sync 1 DAGs
[2024-08-26T01:46:41.017+0000] {logging_mixin.py:188} INFO - [2024-08-26T01:46:41.017+0000] {dag.py:3954} INFO - Setting next_dagrun for clickhouse_data_loader to 2024-08-25 00:00:00+00:00, run_after=2024-08-26 00:00:00+00:00
[2024-08-26T01:46:41.027+0000] {processor.py:183} INFO - Processing /opt/airflow/dags/airflow-dag-python.py took 0.226 seconds
[2024-08-26T01:47:11.453+0000] {processor.py:161} INFO - Started process (PID=2691) to work on /opt/airflow/dags/airflow-dag-python.py
[2024-08-26T01:47:11.454+0000] {processor.py:830} INFO - Processing file /opt/airflow/dags/airflow-dag-python.py for tasks to queue
[2024-08-26T01:47:11.455+0000] {logging_mixin.py:188} INFO - [2024-08-26T01:47:11.455+0000] {dagbag.py:540} INFO - Filling up the DagBag from /opt/airflow/dags/airflow-dag-python.py
[2024-08-26T01:47:11.646+0000] {processor.py:840} INFO - DAG(s) 'clickhouse_data_loader' retrieved from /opt/airflow/dags/airflow-dag-python.py
[2024-08-26T01:47:11.656+0000] {logging_mixin.py:188} INFO - [2024-08-26T01:47:11.656+0000] {dag.py:3096} INFO - Sync 1 DAGs
[2024-08-26T01:47:11.668+0000] {logging_mixin.py:188} INFO - [2024-08-26T01:47:11.667+0000] {dag.py:3954} INFO - Setting next_dagrun for clickhouse_data_loader to 2024-08-25 00:00:00+00:00, run_after=2024-08-26 00:00:00+00:00
[2024-08-26T01:47:11.677+0000] {processor.py:183} INFO - Processing /opt/airflow/dags/airflow-dag-python.py took 0.227 seconds
[2024-08-26T01:47:42.055+0000] {processor.py:161} INFO - Started process (PID=2751) to work on /opt/airflow/dags/airflow-dag-python.py
[2024-08-26T01:47:42.056+0000] {processor.py:830} INFO - Processing file /opt/airflow/dags/airflow-dag-python.py for tasks to queue
[2024-08-26T01:47:42.057+0000] {logging_mixin.py:188} INFO - [2024-08-26T01:47:42.057+0000] {dagbag.py:540} INFO - Filling up the DagBag from /opt/airflow/dags/airflow-dag-python.py
[2024-08-26T01:47:42.244+0000] {processor.py:840} INFO - DAG(s) 'clickhouse_data_loader' retrieved from /opt/airflow/dags/airflow-dag-python.py
[2024-08-26T01:47:42.254+0000] {logging_mixin.py:188} INFO - [2024-08-26T01:47:42.254+0000] {dag.py:3096} INFO - Sync 1 DAGs
[2024-08-26T01:47:42.265+0000] {logging_mixin.py:188} INFO - [2024-08-26T01:47:42.265+0000] {dag.py:3954} INFO - Setting next_dagrun for clickhouse_data_loader to 2024-08-25 00:00:00+00:00, run_after=2024-08-26 00:00:00+00:00
[2024-08-26T01:47:42.274+0000] {processor.py:183} INFO - Processing /opt/airflow/dags/airflow-dag-python.py took 0.222 seconds
[2024-08-26T01:48:12.716+0000] {processor.py:161} INFO - Started process (PID=2811) to work on /opt/airflow/dags/airflow-dag-python.py
[2024-08-26T01:48:12.717+0000] {processor.py:830} INFO - Processing file /opt/airflow/dags/airflow-dag-python.py for tasks to queue
[2024-08-26T01:48:12.718+0000] {logging_mixin.py:188} INFO - [2024-08-26T01:48:12.717+0000] {dagbag.py:540} INFO - Filling up the DagBag from /opt/airflow/dags/airflow-dag-python.py
[2024-08-26T01:48:12.906+0000] {processor.py:840} INFO - DAG(s) 'clickhouse_data_loader' retrieved from /opt/airflow/dags/airflow-dag-python.py
[2024-08-26T01:48:12.916+0000] {logging_mixin.py:188} INFO - [2024-08-26T01:48:12.915+0000] {dag.py:3096} INFO - Sync 1 DAGs
[2024-08-26T01:48:12.926+0000] {logging_mixin.py:188} INFO - [2024-08-26T01:48:12.926+0000] {dag.py:3954} INFO - Setting next_dagrun for clickhouse_data_loader to 2024-08-25 00:00:00+00:00, run_after=2024-08-26 00:00:00+00:00
[2024-08-26T01:48:12.936+0000] {processor.py:183} INFO - Processing /opt/airflow/dags/airflow-dag-python.py took 0.223 seconds
[2024-08-26T01:48:43.349+0000] {processor.py:161} INFO - Started process (PID=2871) to work on /opt/airflow/dags/airflow-dag-python.py
[2024-08-26T01:48:43.350+0000] {processor.py:830} INFO - Processing file /opt/airflow/dags/airflow-dag-python.py for tasks to queue
[2024-08-26T01:48:43.351+0000] {logging_mixin.py:188} INFO - [2024-08-26T01:48:43.351+0000] {dagbag.py:540} INFO - Filling up the DagBag from /opt/airflow/dags/airflow-dag-python.py
[2024-08-26T01:48:43.544+0000] {processor.py:840} INFO - DAG(s) 'clickhouse_data_loader' retrieved from /opt/airflow/dags/airflow-dag-python.py
[2024-08-26T01:48:43.555+0000] {logging_mixin.py:188} INFO - [2024-08-26T01:48:43.555+0000] {dag.py:3096} INFO - Sync 1 DAGs
[2024-08-26T01:48:43.567+0000] {logging_mixin.py:188} INFO - [2024-08-26T01:48:43.567+0000] {dag.py:3954} INFO - Setting next_dagrun for clickhouse_data_loader to 2024-08-25 00:00:00+00:00, run_after=2024-08-26 00:00:00+00:00
[2024-08-26T01:48:43.576+0000] {processor.py:183} INFO - Processing /opt/airflow/dags/airflow-dag-python.py took 0.230 seconds
[2024-08-26T01:49:14.017+0000] {processor.py:161} INFO - Started process (PID=2931) to work on /opt/airflow/dags/airflow-dag-python.py
[2024-08-26T01:49:14.017+0000] {processor.py:830} INFO - Processing file /opt/airflow/dags/airflow-dag-python.py for tasks to queue
[2024-08-26T01:49:14.018+0000] {logging_mixin.py:188} INFO - [2024-08-26T01:49:14.018+0000] {dagbag.py:540} INFO - Filling up the DagBag from /opt/airflow/dags/airflow-dag-python.py
[2024-08-26T01:49:14.208+0000] {processor.py:840} INFO - DAG(s) 'clickhouse_data_loader' retrieved from /opt/airflow/dags/airflow-dag-python.py
[2024-08-26T01:49:14.219+0000] {logging_mixin.py:188} INFO - [2024-08-26T01:49:14.219+0000] {dag.py:3096} INFO - Sync 1 DAGs
[2024-08-26T01:49:14.230+0000] {logging_mixin.py:188} INFO - [2024-08-26T01:49:14.230+0000] {dag.py:3954} INFO - Setting next_dagrun for clickhouse_data_loader to 2024-08-25 00:00:00+00:00, run_after=2024-08-26 00:00:00+00:00
[2024-08-26T01:49:14.240+0000] {processor.py:183} INFO - Processing /opt/airflow/dags/airflow-dag-python.py took 0.226 seconds
[2024-08-26T01:49:44.687+0000] {processor.py:161} INFO - Started process (PID=2991) to work on /opt/airflow/dags/airflow-dag-python.py
[2024-08-26T01:49:44.688+0000] {processor.py:830} INFO - Processing file /opt/airflow/dags/airflow-dag-python.py for tasks to queue
[2024-08-26T01:49:44.689+0000] {logging_mixin.py:188} INFO - [2024-08-26T01:49:44.689+0000] {dagbag.py:540} INFO - Filling up the DagBag from /opt/airflow/dags/airflow-dag-python.py
[2024-08-26T01:49:44.882+0000] {processor.py:840} INFO - DAG(s) 'clickhouse_data_loader' retrieved from /opt/airflow/dags/airflow-dag-python.py
[2024-08-26T01:49:44.892+0000] {logging_mixin.py:188} INFO - [2024-08-26T01:49:44.892+0000] {dag.py:3096} INFO - Sync 1 DAGs
[2024-08-26T01:49:44.904+0000] {logging_mixin.py:188} INFO - [2024-08-26T01:49:44.904+0000] {dag.py:3954} INFO - Setting next_dagrun for clickhouse_data_loader to 2024-08-25 00:00:00+00:00, run_after=2024-08-26 00:00:00+00:00
[2024-08-26T01:49:44.914+0000] {processor.py:183} INFO - Processing /opt/airflow/dags/airflow-dag-python.py took 0.230 seconds
[2024-08-26T01:50:15.406+0000] {processor.py:161} INFO - Started process (PID=3051) to work on /opt/airflow/dags/airflow-dag-python.py
[2024-08-26T01:50:15.407+0000] {processor.py:830} INFO - Processing file /opt/airflow/dags/airflow-dag-python.py for tasks to queue
[2024-08-26T01:50:15.408+0000] {logging_mixin.py:188} INFO - [2024-08-26T01:50:15.408+0000] {dagbag.py:540} INFO - Filling up the DagBag from /opt/airflow/dags/airflow-dag-python.py
[2024-08-26T01:50:15.597+0000] {processor.py:840} INFO - DAG(s) 'clickhouse_data_loader' retrieved from /opt/airflow/dags/airflow-dag-python.py
[2024-08-26T01:50:15.607+0000] {logging_mixin.py:188} INFO - [2024-08-26T01:50:15.606+0000] {dag.py:3096} INFO - Sync 1 DAGs
[2024-08-26T01:50:15.717+0000] {logging_mixin.py:188} INFO - [2024-08-26T01:50:15.717+0000] {dag.py:3954} INFO - Setting next_dagrun for clickhouse_data_loader to 2024-08-25 00:00:00+00:00, run_after=2024-08-26 00:00:00+00:00
[2024-08-26T01:50:15.726+0000] {processor.py:183} INFO - Processing /opt/airflow/dags/airflow-dag-python.py took 0.323 seconds
[2024-08-26T01:50:46.088+0000] {processor.py:161} INFO - Started process (PID=3111) to work on /opt/airflow/dags/airflow-dag-python.py
[2024-08-26T01:50:46.088+0000] {processor.py:830} INFO - Processing file /opt/airflow/dags/airflow-dag-python.py for tasks to queue
[2024-08-26T01:50:46.089+0000] {logging_mixin.py:188} INFO - [2024-08-26T01:50:46.089+0000] {dagbag.py:540} INFO - Filling up the DagBag from /opt/airflow/dags/airflow-dag-python.py
[2024-08-26T01:50:46.277+0000] {processor.py:840} INFO - DAG(s) 'clickhouse_data_loader' retrieved from /opt/airflow/dags/airflow-dag-python.py
[2024-08-26T01:50:46.286+0000] {logging_mixin.py:188} INFO - [2024-08-26T01:50:46.286+0000] {dag.py:3096} INFO - Sync 1 DAGs
[2024-08-26T01:50:46.392+0000] {logging_mixin.py:188} INFO - [2024-08-26T01:50:46.391+0000] {dag.py:3954} INFO - Setting next_dagrun for clickhouse_data_loader to 2024-08-25 00:00:00+00:00, run_after=2024-08-26 00:00:00+00:00
[2024-08-26T01:50:46.401+0000] {processor.py:183} INFO - Processing /opt/airflow/dags/airflow-dag-python.py took 0.316 seconds
[2024-08-26T01:51:16.755+0000] {processor.py:161} INFO - Started process (PID=3177) to work on /opt/airflow/dags/airflow-dag-python.py
[2024-08-26T01:51:16.756+0000] {processor.py:830} INFO - Processing file /opt/airflow/dags/airflow-dag-python.py for tasks to queue
[2024-08-26T01:51:16.757+0000] {logging_mixin.py:188} INFO - [2024-08-26T01:51:16.757+0000] {dagbag.py:540} INFO - Filling up the DagBag from /opt/airflow/dags/airflow-dag-python.py
[2024-08-26T01:51:16.949+0000] {processor.py:840} INFO - DAG(s) 'clickhouse_data_loader' retrieved from /opt/airflow/dags/airflow-dag-python.py
[2024-08-26T01:51:16.959+0000] {logging_mixin.py:188} INFO - [2024-08-26T01:51:16.958+0000] {dag.py:3096} INFO - Sync 1 DAGs
[2024-08-26T01:51:16.970+0000] {logging_mixin.py:188} INFO - [2024-08-26T01:51:16.970+0000] {dag.py:3954} INFO - Setting next_dagrun for clickhouse_data_loader to 2024-08-25 00:00:00+00:00, run_after=2024-08-26 00:00:00+00:00
[2024-08-26T01:51:17.070+0000] {processor.py:183} INFO - Processing /opt/airflow/dags/airflow-dag-python.py took 0.318 seconds
[2024-08-26T01:51:47.446+0000] {processor.py:161} INFO - Started process (PID=3237) to work on /opt/airflow/dags/airflow-dag-python.py
[2024-08-26T01:51:47.447+0000] {processor.py:830} INFO - Processing file /opt/airflow/dags/airflow-dag-python.py for tasks to queue
[2024-08-26T01:51:47.448+0000] {logging_mixin.py:188} INFO - [2024-08-26T01:51:47.448+0000] {dagbag.py:540} INFO - Filling up the DagBag from /opt/airflow/dags/airflow-dag-python.py
[2024-08-26T01:51:47.642+0000] {processor.py:840} INFO - DAG(s) 'clickhouse_data_loader' retrieved from /opt/airflow/dags/airflow-dag-python.py
[2024-08-26T01:51:47.652+0000] {logging_mixin.py:188} INFO - [2024-08-26T01:51:47.651+0000] {dag.py:3096} INFO - Sync 1 DAGs
[2024-08-26T01:51:47.662+0000] {logging_mixin.py:188} INFO - [2024-08-26T01:51:47.662+0000] {dag.py:3954} INFO - Setting next_dagrun for clickhouse_data_loader to 2024-08-25 00:00:00+00:00, run_after=2024-08-26 00:00:00+00:00
[2024-08-26T01:51:47.761+0000] {processor.py:183} INFO - Processing /opt/airflow/dags/airflow-dag-python.py took 0.318 seconds
[2024-08-26T01:52:18.122+0000] {processor.py:161} INFO - Started process (PID=3297) to work on /opt/airflow/dags/airflow-dag-python.py
[2024-08-26T01:52:18.122+0000] {processor.py:830} INFO - Processing file /opt/airflow/dags/airflow-dag-python.py for tasks to queue
[2024-08-26T01:52:18.123+0000] {logging_mixin.py:188} INFO - [2024-08-26T01:52:18.123+0000] {dagbag.py:540} INFO - Filling up the DagBag from /opt/airflow/dags/airflow-dag-python.py
[2024-08-26T01:52:18.316+0000] {processor.py:840} INFO - DAG(s) 'clickhouse_data_loader' retrieved from /opt/airflow/dags/airflow-dag-python.py
[2024-08-26T01:52:18.326+0000] {logging_mixin.py:188} INFO - [2024-08-26T01:52:18.325+0000] {dag.py:3096} INFO - Sync 1 DAGs
[2024-08-26T01:52:18.337+0000] {logging_mixin.py:188} INFO - [2024-08-26T01:52:18.337+0000] {dag.py:3954} INFO - Setting next_dagrun for clickhouse_data_loader to 2024-08-25 00:00:00+00:00, run_after=2024-08-26 00:00:00+00:00
[2024-08-26T01:52:18.347+0000] {processor.py:183} INFO - Processing /opt/airflow/dags/airflow-dag-python.py took 0.228 seconds
[2024-08-26T01:52:48.741+0000] {processor.py:161} INFO - Started process (PID=3357) to work on /opt/airflow/dags/airflow-dag-python.py
[2024-08-26T01:52:48.741+0000] {processor.py:830} INFO - Processing file /opt/airflow/dags/airflow-dag-python.py for tasks to queue
[2024-08-26T01:52:48.742+0000] {logging_mixin.py:188} INFO - [2024-08-26T01:52:48.742+0000] {dagbag.py:540} INFO - Filling up the DagBag from /opt/airflow/dags/airflow-dag-python.py
[2024-08-26T01:52:48.931+0000] {processor.py:840} INFO - DAG(s) 'clickhouse_data_loader' retrieved from /opt/airflow/dags/airflow-dag-python.py
[2024-08-26T01:52:48.941+0000] {logging_mixin.py:188} INFO - [2024-08-26T01:52:48.941+0000] {dag.py:3096} INFO - Sync 1 DAGs
[2024-08-26T01:52:48.952+0000] {logging_mixin.py:188} INFO - [2024-08-26T01:52:48.952+0000] {dag.py:3954} INFO - Setting next_dagrun for clickhouse_data_loader to 2024-08-25 00:00:00+00:00, run_after=2024-08-26 00:00:00+00:00
[2024-08-26T01:52:48.961+0000] {processor.py:183} INFO - Processing /opt/airflow/dags/airflow-dag-python.py took 0.223 seconds
[2024-08-26T01:53:19.387+0000] {processor.py:161} INFO - Started process (PID=3417) to work on /opt/airflow/dags/airflow-dag-python.py
[2024-08-26T01:53:19.388+0000] {processor.py:830} INFO - Processing file /opt/airflow/dags/airflow-dag-python.py for tasks to queue
[2024-08-26T01:53:19.389+0000] {logging_mixin.py:188} INFO - [2024-08-26T01:53:19.389+0000] {dagbag.py:540} INFO - Filling up the DagBag from /opt/airflow/dags/airflow-dag-python.py
[2024-08-26T01:53:19.572+0000] {processor.py:840} INFO - DAG(s) 'clickhouse_data_loader' retrieved from /opt/airflow/dags/airflow-dag-python.py
[2024-08-26T01:53:19.581+0000] {logging_mixin.py:188} INFO - [2024-08-26T01:53:19.581+0000] {dag.py:3096} INFO - Sync 1 DAGs
[2024-08-26T01:53:19.592+0000] {logging_mixin.py:188} INFO - [2024-08-26T01:53:19.592+0000] {dag.py:3954} INFO - Setting next_dagrun for clickhouse_data_loader to 2024-08-25 00:00:00+00:00, run_after=2024-08-26 00:00:00+00:00
[2024-08-26T01:53:19.601+0000] {processor.py:183} INFO - Processing /opt/airflow/dags/airflow-dag-python.py took 0.217 seconds
[2024-08-26T01:53:50.080+0000] {processor.py:161} INFO - Started process (PID=3477) to work on /opt/airflow/dags/airflow-dag-python.py
[2024-08-26T01:53:50.081+0000] {processor.py:830} INFO - Processing file /opt/airflow/dags/airflow-dag-python.py for tasks to queue
[2024-08-26T01:53:50.082+0000] {logging_mixin.py:188} INFO - [2024-08-26T01:53:50.081+0000] {dagbag.py:540} INFO - Filling up the DagBag from /opt/airflow/dags/airflow-dag-python.py
[2024-08-26T01:53:50.266+0000] {processor.py:840} INFO - DAG(s) 'clickhouse_data_loader' retrieved from /opt/airflow/dags/airflow-dag-python.py
[2024-08-26T01:53:50.366+0000] {logging_mixin.py:188} INFO - [2024-08-26T01:53:50.365+0000] {dag.py:3096} INFO - Sync 1 DAGs
[2024-08-26T01:53:50.376+0000] {logging_mixin.py:188} INFO - [2024-08-26T01:53:50.376+0000] {dag.py:3954} INFO - Setting next_dagrun for clickhouse_data_loader to 2024-08-25 00:00:00+00:00, run_after=2024-08-26 00:00:00+00:00
[2024-08-26T01:53:50.385+0000] {processor.py:183} INFO - Processing /opt/airflow/dags/airflow-dag-python.py took 0.308 seconds
[2024-08-26T01:54:20.767+0000] {processor.py:161} INFO - Started process (PID=3537) to work on /opt/airflow/dags/airflow-dag-python.py
[2024-08-26T01:54:20.768+0000] {processor.py:830} INFO - Processing file /opt/airflow/dags/airflow-dag-python.py for tasks to queue
[2024-08-26T01:54:20.769+0000] {logging_mixin.py:188} INFO - [2024-08-26T01:54:20.769+0000] {dagbag.py:540} INFO - Filling up the DagBag from /opt/airflow/dags/airflow-dag-python.py
[2024-08-26T01:54:20.959+0000] {processor.py:840} INFO - DAG(s) 'clickhouse_data_loader' retrieved from /opt/airflow/dags/airflow-dag-python.py
[2024-08-26T01:54:21.061+0000] {logging_mixin.py:188} INFO - [2024-08-26T01:54:21.060+0000] {dag.py:3096} INFO - Sync 1 DAGs
[2024-08-26T01:54:21.071+0000] {logging_mixin.py:188} INFO - [2024-08-26T01:54:21.071+0000] {dag.py:3954} INFO - Setting next_dagrun for clickhouse_data_loader to 2024-08-25 00:00:00+00:00, run_after=2024-08-26 00:00:00+00:00
[2024-08-26T01:54:21.080+0000] {processor.py:183} INFO - Processing /opt/airflow/dags/airflow-dag-python.py took 0.316 seconds
[2024-08-26T01:54:51.419+0000] {processor.py:161} INFO - Started process (PID=3597) to work on /opt/airflow/dags/airflow-dag-python.py
[2024-08-26T01:54:51.420+0000] {processor.py:830} INFO - Processing file /opt/airflow/dags/airflow-dag-python.py for tasks to queue
[2024-08-26T01:54:51.421+0000] {logging_mixin.py:188} INFO - [2024-08-26T01:54:51.421+0000] {dagbag.py:540} INFO - Filling up the DagBag from /opt/airflow/dags/airflow-dag-python.py
[2024-08-26T01:54:51.623+0000] {processor.py:840} INFO - DAG(s) 'clickhouse_data_loader' retrieved from /opt/airflow/dags/airflow-dag-python.py
[2024-08-26T01:54:51.743+0000] {logging_mixin.py:188} INFO - [2024-08-26T01:54:51.743+0000] {dag.py:3096} INFO - Sync 1 DAGs
[2024-08-26T01:54:51.755+0000] {logging_mixin.py:188} INFO - [2024-08-26T01:54:51.755+0000] {dag.py:3954} INFO - Setting next_dagrun for clickhouse_data_loader to 2024-08-25 00:00:00+00:00, run_after=2024-08-26 00:00:00+00:00
[2024-08-26T01:54:51.766+0000] {processor.py:183} INFO - Processing /opt/airflow/dags/airflow-dag-python.py took 0.350 seconds
[2024-08-26T01:55:22.145+0000] {processor.py:161} INFO - Started process (PID=3657) to work on /opt/airflow/dags/airflow-dag-python.py
[2024-08-26T01:55:22.145+0000] {processor.py:830} INFO - Processing file /opt/airflow/dags/airflow-dag-python.py for tasks to queue
[2024-08-26T01:55:22.146+0000] {logging_mixin.py:188} INFO - [2024-08-26T01:55:22.146+0000] {dagbag.py:540} INFO - Filling up the DagBag from /opt/airflow/dags/airflow-dag-python.py
[2024-08-26T01:55:22.456+0000] {processor.py:840} INFO - DAG(s) 'clickhouse_data_loader' retrieved from /opt/airflow/dags/airflow-dag-python.py
[2024-08-26T01:55:22.466+0000] {logging_mixin.py:188} INFO - [2024-08-26T01:55:22.466+0000] {dag.py:3096} INFO - Sync 1 DAGs
[2024-08-26T01:55:22.476+0000] {logging_mixin.py:188} INFO - [2024-08-26T01:55:22.476+0000] {dag.py:3954} INFO - Setting next_dagrun for clickhouse_data_loader to 2024-08-25 00:00:00+00:00, run_after=2024-08-26 00:00:00+00:00
[2024-08-26T01:55:22.485+0000] {processor.py:183} INFO - Processing /opt/airflow/dags/airflow-dag-python.py took 0.344 seconds
[2024-08-26T01:55:52.824+0000] {processor.py:161} INFO - Started process (PID=3717) to work on /opt/airflow/dags/airflow-dag-python.py
[2024-08-26T01:55:52.825+0000] {processor.py:830} INFO - Processing file /opt/airflow/dags/airflow-dag-python.py for tasks to queue
[2024-08-26T01:55:52.826+0000] {logging_mixin.py:188} INFO - [2024-08-26T01:55:52.825+0000] {dagbag.py:540} INFO - Filling up the DagBag from /opt/airflow/dags/airflow-dag-python.py
[2024-08-26T01:55:53.108+0000] {processor.py:840} INFO - DAG(s) 'clickhouse_data_loader' retrieved from /opt/airflow/dags/airflow-dag-python.py
[2024-08-26T01:55:53.117+0000] {logging_mixin.py:188} INFO - [2024-08-26T01:55:53.116+0000] {dag.py:3096} INFO - Sync 1 DAGs
[2024-08-26T01:55:53.128+0000] {logging_mixin.py:188} INFO - [2024-08-26T01:55:53.127+0000] {dag.py:3954} INFO - Setting next_dagrun for clickhouse_data_loader to 2024-08-25 00:00:00+00:00, run_after=2024-08-26 00:00:00+00:00
[2024-08-26T01:55:53.136+0000] {processor.py:183} INFO - Processing /opt/airflow/dags/airflow-dag-python.py took 0.316 seconds
[2024-08-26T01:56:23.794+0000] {processor.py:161} INFO - Started process (PID=3777) to work on /opt/airflow/dags/airflow-dag-python.py
[2024-08-26T01:56:23.795+0000] {processor.py:830} INFO - Processing file /opt/airflow/dags/airflow-dag-python.py for tasks to queue
[2024-08-26T01:56:23.796+0000] {logging_mixin.py:188} INFO - [2024-08-26T01:56:23.796+0000] {dagbag.py:540} INFO - Filling up the DagBag from /opt/airflow/dags/airflow-dag-python.py
[2024-08-26T01:56:24.069+0000] {processor.py:840} INFO - DAG(s) 'clickhouse_data_loader' retrieved from /opt/airflow/dags/airflow-dag-python.py
[2024-08-26T01:56:24.078+0000] {logging_mixin.py:188} INFO - [2024-08-26T01:56:24.078+0000] {dag.py:3096} INFO - Sync 1 DAGs
[2024-08-26T01:56:24.089+0000] {logging_mixin.py:188} INFO - [2024-08-26T01:56:24.088+0000] {dag.py:3954} INFO - Setting next_dagrun for clickhouse_data_loader to 2024-08-25 00:00:00+00:00, run_after=2024-08-26 00:00:00+00:00
[2024-08-26T01:56:24.097+0000] {processor.py:183} INFO - Processing /opt/airflow/dags/airflow-dag-python.py took 0.306 seconds
[2024-08-26T01:56:54.897+0000] {processor.py:161} INFO - Started process (PID=3837) to work on /opt/airflow/dags/airflow-dag-python.py
[2024-08-26T01:56:54.897+0000] {processor.py:830} INFO - Processing file /opt/airflow/dags/airflow-dag-python.py for tasks to queue
[2024-08-26T01:56:54.898+0000] {logging_mixin.py:188} INFO - [2024-08-26T01:56:54.898+0000] {dagbag.py:540} INFO - Filling up the DagBag from /opt/airflow/dags/airflow-dag-python.py
[2024-08-26T01:56:55.173+0000] {processor.py:840} INFO - DAG(s) 'clickhouse_data_loader' retrieved from /opt/airflow/dags/airflow-dag-python.py
[2024-08-26T01:56:55.181+0000] {logging_mixin.py:188} INFO - [2024-08-26T01:56:55.181+0000] {dag.py:3096} INFO - Sync 1 DAGs
[2024-08-26T01:56:55.192+0000] {logging_mixin.py:188} INFO - [2024-08-26T01:56:55.192+0000] {dag.py:3954} INFO - Setting next_dagrun for clickhouse_data_loader to 2024-08-25 00:00:00+00:00, run_after=2024-08-26 00:00:00+00:00
[2024-08-26T01:56:55.201+0000] {processor.py:183} INFO - Processing /opt/airflow/dags/airflow-dag-python.py took 0.307 seconds
[2024-08-26T01:57:26.014+0000] {processor.py:161} INFO - Started process (PID=3897) to work on /opt/airflow/dags/airflow-dag-python.py
[2024-08-26T01:57:26.015+0000] {processor.py:830} INFO - Processing file /opt/airflow/dags/airflow-dag-python.py for tasks to queue
[2024-08-26T01:57:26.016+0000] {logging_mixin.py:188} INFO - [2024-08-26T01:57:26.016+0000] {dagbag.py:540} INFO - Filling up the DagBag from /opt/airflow/dags/airflow-dag-python.py
[2024-08-26T01:57:26.312+0000] {processor.py:840} INFO - DAG(s) 'clickhouse_data_loader' retrieved from /opt/airflow/dags/airflow-dag-python.py
[2024-08-26T01:57:26.321+0000] {logging_mixin.py:188} INFO - [2024-08-26T01:57:26.321+0000] {dag.py:3096} INFO - Sync 1 DAGs
[2024-08-26T01:57:26.331+0000] {logging_mixin.py:188} INFO - [2024-08-26T01:57:26.331+0000] {dag.py:3954} INFO - Setting next_dagrun for clickhouse_data_loader to 2024-08-25 00:00:00+00:00, run_after=2024-08-26 00:00:00+00:00
[2024-08-26T01:57:26.340+0000] {processor.py:183} INFO - Processing /opt/airflow/dags/airflow-dag-python.py took 0.330 seconds
[2024-08-26T01:57:57.169+0000] {processor.py:161} INFO - Started process (PID=3957) to work on /opt/airflow/dags/airflow-dag-python.py
[2024-08-26T01:57:57.169+0000] {processor.py:830} INFO - Processing file /opt/airflow/dags/airflow-dag-python.py for tasks to queue
[2024-08-26T01:57:57.170+0000] {logging_mixin.py:188} INFO - [2024-08-26T01:57:57.170+0000] {dagbag.py:540} INFO - Filling up the DagBag from /opt/airflow/dags/airflow-dag-python.py
[2024-08-26T01:57:57.466+0000] {processor.py:840} INFO - DAG(s) 'clickhouse_data_loader' retrieved from /opt/airflow/dags/airflow-dag-python.py
[2024-08-26T01:57:57.475+0000] {logging_mixin.py:188} INFO - [2024-08-26T01:57:57.474+0000] {dag.py:3096} INFO - Sync 1 DAGs
[2024-08-26T01:57:57.484+0000] {logging_mixin.py:188} INFO - [2024-08-26T01:57:57.484+0000] {dag.py:3954} INFO - Setting next_dagrun for clickhouse_data_loader to 2024-08-25 00:00:00+00:00, run_after=2024-08-26 00:00:00+00:00
[2024-08-26T01:57:57.493+0000] {processor.py:183} INFO - Processing /opt/airflow/dags/airflow-dag-python.py took 0.327 seconds
[2024-08-26T01:58:28.364+0000] {processor.py:161} INFO - Started process (PID=4017) to work on /opt/airflow/dags/airflow-dag-python.py
[2024-08-26T01:58:28.364+0000] {processor.py:830} INFO - Processing file /opt/airflow/dags/airflow-dag-python.py for tasks to queue
[2024-08-26T01:58:28.365+0000] {logging_mixin.py:188} INFO - [2024-08-26T01:58:28.365+0000] {dagbag.py:540} INFO - Filling up the DagBag from /opt/airflow/dags/airflow-dag-python.py
[2024-08-26T01:58:28.640+0000] {processor.py:840} INFO - DAG(s) 'clickhouse_data_loader' retrieved from /opt/airflow/dags/airflow-dag-python.py
[2024-08-26T01:58:28.648+0000] {logging_mixin.py:188} INFO - [2024-08-26T01:58:28.648+0000] {dag.py:3096} INFO - Sync 1 DAGs
[2024-08-26T01:58:28.659+0000] {logging_mixin.py:188} INFO - [2024-08-26T01:58:28.658+0000] {dag.py:3954} INFO - Setting next_dagrun for clickhouse_data_loader to 2024-08-25 00:00:00+00:00, run_after=2024-08-26 00:00:00+00:00
[2024-08-26T01:58:28.667+0000] {processor.py:183} INFO - Processing /opt/airflow/dags/airflow-dag-python.py took 0.307 seconds
[2024-08-26T01:58:59.509+0000] {processor.py:161} INFO - Started process (PID=4077) to work on /opt/airflow/dags/airflow-dag-python.py
[2024-08-26T01:58:59.510+0000] {processor.py:830} INFO - Processing file /opt/airflow/dags/airflow-dag-python.py for tasks to queue
[2024-08-26T01:58:59.511+0000] {logging_mixin.py:188} INFO - [2024-08-26T01:58:59.511+0000] {dagbag.py:540} INFO - Filling up the DagBag from /opt/airflow/dags/airflow-dag-python.py
[2024-08-26T01:58:59.804+0000] {processor.py:840} INFO - DAG(s) 'clickhouse_data_loader' retrieved from /opt/airflow/dags/airflow-dag-python.py
[2024-08-26T01:58:59.813+0000] {logging_mixin.py:188} INFO - [2024-08-26T01:58:59.813+0000] {dag.py:3096} INFO - Sync 1 DAGs
[2024-08-26T01:58:59.823+0000] {logging_mixin.py:188} INFO - [2024-08-26T01:58:59.823+0000] {dag.py:3954} INFO - Setting next_dagrun for clickhouse_data_loader to 2024-08-25 00:00:00+00:00, run_after=2024-08-26 00:00:00+00:00
[2024-08-26T01:58:59.832+0000] {processor.py:183} INFO - Processing /opt/airflow/dags/airflow-dag-python.py took 0.326 seconds
[2024-08-26T01:59:30.475+0000] {processor.py:161} INFO - Started process (PID=4137) to work on /opt/airflow/dags/airflow-dag-python.py
[2024-08-26T01:59:30.476+0000] {processor.py:830} INFO - Processing file /opt/airflow/dags/airflow-dag-python.py for tasks to queue
[2024-08-26T01:59:30.477+0000] {logging_mixin.py:188} INFO - [2024-08-26T01:59:30.477+0000] {dagbag.py:540} INFO - Filling up the DagBag from /opt/airflow/dags/airflow-dag-python.py
[2024-08-26T01:59:30.758+0000] {processor.py:840} INFO - DAG(s) 'clickhouse_data_loader' retrieved from /opt/airflow/dags/airflow-dag-python.py
[2024-08-26T01:59:30.766+0000] {logging_mixin.py:188} INFO - [2024-08-26T01:59:30.766+0000] {dag.py:3096} INFO - Sync 1 DAGs
[2024-08-26T01:59:30.776+0000] {logging_mixin.py:188} INFO - [2024-08-26T01:59:30.776+0000] {dag.py:3954} INFO - Setting next_dagrun for clickhouse_data_loader to 2024-08-25 00:00:00+00:00, run_after=2024-08-26 00:00:00+00:00
[2024-08-26T01:59:30.785+0000] {processor.py:183} INFO - Processing /opt/airflow/dags/airflow-dag-python.py took 0.312 seconds
[2024-08-26T02:00:01.093+0000] {processor.py:161} INFO - Started process (PID=4197) to work on /opt/airflow/dags/airflow-dag-python.py
[2024-08-26T02:00:01.093+0000] {processor.py:830} INFO - Processing file /opt/airflow/dags/airflow-dag-python.py for tasks to queue
[2024-08-26T02:00:01.094+0000] {logging_mixin.py:188} INFO - [2024-08-26T02:00:01.094+0000] {dagbag.py:540} INFO - Filling up the DagBag from /opt/airflow/dags/airflow-dag-python.py
[2024-08-26T02:00:01.371+0000] {processor.py:840} INFO - DAG(s) 'clickhouse_data_loader' retrieved from /opt/airflow/dags/airflow-dag-python.py
[2024-08-26T02:00:01.381+0000] {logging_mixin.py:188} INFO - [2024-08-26T02:00:01.380+0000] {dag.py:3096} INFO - Sync 1 DAGs
[2024-08-26T02:00:01.391+0000] {logging_mixin.py:188} INFO - [2024-08-26T02:00:01.391+0000] {dag.py:3954} INFO - Setting next_dagrun for clickhouse_data_loader to 2024-08-25 00:00:00+00:00, run_after=2024-08-26 00:00:00+00:00
[2024-08-26T02:00:01.399+0000] {processor.py:183} INFO - Processing /opt/airflow/dags/airflow-dag-python.py took 0.310 seconds
[2024-08-26T02:00:31.771+0000] {processor.py:161} INFO - Started process (PID=4257) to work on /opt/airflow/dags/airflow-dag-python.py
[2024-08-26T02:00:31.771+0000] {processor.py:830} INFO - Processing file /opt/airflow/dags/airflow-dag-python.py for tasks to queue
[2024-08-26T02:00:31.772+0000] {logging_mixin.py:188} INFO - [2024-08-26T02:00:31.772+0000] {dagbag.py:540} INFO - Filling up the DagBag from /opt/airflow/dags/airflow-dag-python.py
[2024-08-26T02:00:32.046+0000] {processor.py:840} INFO - DAG(s) 'clickhouse_data_loader' retrieved from /opt/airflow/dags/airflow-dag-python.py
[2024-08-26T02:00:32.055+0000] {logging_mixin.py:188} INFO - [2024-08-26T02:00:32.054+0000] {dag.py:3096} INFO - Sync 1 DAGs
[2024-08-26T02:00:32.065+0000] {logging_mixin.py:188} INFO - [2024-08-26T02:00:32.065+0000] {dag.py:3954} INFO - Setting next_dagrun for clickhouse_data_loader to 2024-08-25 00:00:00+00:00, run_after=2024-08-26 00:00:00+00:00
[2024-08-26T02:00:32.074+0000] {processor.py:183} INFO - Processing /opt/airflow/dags/airflow-dag-python.py took 0.306 seconds
[2024-08-26T02:01:02.431+0000] {processor.py:161} INFO - Started process (PID=4317) to work on /opt/airflow/dags/airflow-dag-python.py
[2024-08-26T02:01:02.432+0000] {processor.py:830} INFO - Processing file /opt/airflow/dags/airflow-dag-python.py for tasks to queue
[2024-08-26T02:01:02.433+0000] {logging_mixin.py:188} INFO - [2024-08-26T02:01:02.433+0000] {dagbag.py:540} INFO - Filling up the DagBag from /opt/airflow/dags/airflow-dag-python.py
[2024-08-26T02:01:02.717+0000] {processor.py:840} INFO - DAG(s) 'clickhouse_data_loader' retrieved from /opt/airflow/dags/airflow-dag-python.py
[2024-08-26T02:01:02.725+0000] {logging_mixin.py:188} INFO - [2024-08-26T02:01:02.725+0000] {dag.py:3096} INFO - Sync 1 DAGs
[2024-08-26T02:01:02.736+0000] {logging_mixin.py:188} INFO - [2024-08-26T02:01:02.736+0000] {dag.py:3954} INFO - Setting next_dagrun for clickhouse_data_loader to 2024-08-25 00:00:00+00:00, run_after=2024-08-26 00:00:00+00:00
[2024-08-26T02:01:02.744+0000] {processor.py:183} INFO - Processing /opt/airflow/dags/airflow-dag-python.py took 0.316 seconds
[2024-08-26T02:01:33.268+0000] {processor.py:161} INFO - Started process (PID=4377) to work on /opt/airflow/dags/airflow-dag-python.py
[2024-08-26T02:01:33.268+0000] {processor.py:830} INFO - Processing file /opt/airflow/dags/airflow-dag-python.py for tasks to queue
[2024-08-26T02:01:33.269+0000] {logging_mixin.py:188} INFO - [2024-08-26T02:01:33.269+0000] {dagbag.py:540} INFO - Filling up the DagBag from /opt/airflow/dags/airflow-dag-python.py
[2024-08-26T02:01:33.595+0000] {processor.py:840} INFO - DAG(s) 'clickhouse_data_loader' retrieved from /opt/airflow/dags/airflow-dag-python.py
[2024-08-26T02:01:33.609+0000] {logging_mixin.py:188} INFO - [2024-08-26T02:01:33.608+0000] {dag.py:3096} INFO - Sync 1 DAGs
[2024-08-26T02:01:33.624+0000] {logging_mixin.py:188} INFO - [2024-08-26T02:01:33.624+0000] {dag.py:3954} INFO - Setting next_dagrun for clickhouse_data_loader to 2024-08-25 00:00:00+00:00, run_after=2024-08-26 00:00:00+00:00
[2024-08-26T02:01:33.635+0000] {processor.py:183} INFO - Processing /opt/airflow/dags/airflow-dag-python.py took 0.371 seconds
[2024-08-26T02:02:04.382+0000] {processor.py:161} INFO - Started process (PID=4437) to work on /opt/airflow/dags/airflow-dag-python.py
[2024-08-26T02:02:04.383+0000] {processor.py:830} INFO - Processing file /opt/airflow/dags/airflow-dag-python.py for tasks to queue
[2024-08-26T02:02:04.384+0000] {logging_mixin.py:188} INFO - [2024-08-26T02:02:04.384+0000] {dagbag.py:540} INFO - Filling up the DagBag from /opt/airflow/dags/airflow-dag-python.py
[2024-08-26T02:02:04.663+0000] {processor.py:840} INFO - DAG(s) 'clickhouse_data_loader' retrieved from /opt/airflow/dags/airflow-dag-python.py
[2024-08-26T02:02:04.671+0000] {logging_mixin.py:188} INFO - [2024-08-26T02:02:04.671+0000] {dag.py:3096} INFO - Sync 1 DAGs
[2024-08-26T02:02:04.682+0000] {logging_mixin.py:188} INFO - [2024-08-26T02:02:04.682+0000] {dag.py:3954} INFO - Setting next_dagrun for clickhouse_data_loader to 2024-08-25 00:00:00+00:00, run_after=2024-08-26 00:00:00+00:00
[2024-08-26T02:02:04.691+0000] {processor.py:183} INFO - Processing /opt/airflow/dags/airflow-dag-python.py took 0.312 seconds
[2024-08-26T02:02:35.492+0000] {processor.py:161} INFO - Started process (PID=4497) to work on /opt/airflow/dags/airflow-dag-python.py
[2024-08-26T02:02:35.492+0000] {processor.py:830} INFO - Processing file /opt/airflow/dags/airflow-dag-python.py for tasks to queue
[2024-08-26T02:02:35.494+0000] {logging_mixin.py:188} INFO - [2024-08-26T02:02:35.493+0000] {dagbag.py:540} INFO - Filling up the DagBag from /opt/airflow/dags/airflow-dag-python.py
[2024-08-26T02:02:35.830+0000] {processor.py:840} INFO - DAG(s) 'clickhouse_data_loader' retrieved from /opt/airflow/dags/airflow-dag-python.py
[2024-08-26T02:02:35.841+0000] {logging_mixin.py:188} INFO - [2024-08-26T02:02:35.841+0000] {dag.py:3096} INFO - Sync 1 DAGs
[2024-08-26T02:02:35.854+0000] {logging_mixin.py:188} INFO - [2024-08-26T02:02:35.854+0000] {dag.py:3954} INFO - Setting next_dagrun for clickhouse_data_loader to 2024-08-25 00:00:00+00:00, run_after=2024-08-26 00:00:00+00:00
[2024-08-26T02:02:35.865+0000] {processor.py:183} INFO - Processing /opt/airflow/dags/airflow-dag-python.py took 0.377 seconds
[2024-08-26T02:03:06.518+0000] {processor.py:161} INFO - Started process (PID=4557) to work on /opt/airflow/dags/airflow-dag-python.py
[2024-08-26T02:03:06.519+0000] {processor.py:830} INFO - Processing file /opt/airflow/dags/airflow-dag-python.py for tasks to queue
[2024-08-26T02:03:06.519+0000] {logging_mixin.py:188} INFO - [2024-08-26T02:03:06.519+0000] {dagbag.py:540} INFO - Filling up the DagBag from /opt/airflow/dags/airflow-dag-python.py
[2024-08-26T02:03:06.883+0000] {processor.py:840} INFO - DAG(s) 'clickhouse_data_loader' retrieved from /opt/airflow/dags/airflow-dag-python.py
[2024-08-26T02:03:06.892+0000] {logging_mixin.py:188} INFO - [2024-08-26T02:03:06.891+0000] {dag.py:3096} INFO - Sync 1 DAGs
[2024-08-26T02:03:06.902+0000] {logging_mixin.py:188} INFO - [2024-08-26T02:03:06.902+0000] {dag.py:3954} INFO - Setting next_dagrun for clickhouse_data_loader to 2024-08-25 00:00:00+00:00, run_after=2024-08-26 00:00:00+00:00
[2024-08-26T02:03:06.911+0000] {processor.py:183} INFO - Processing /opt/airflow/dags/airflow-dag-python.py took 0.396 seconds
[2024-08-26T02:03:37.695+0000] {processor.py:161} INFO - Started process (PID=4617) to work on /opt/airflow/dags/airflow-dag-python.py
[2024-08-26T02:03:37.695+0000] {processor.py:830} INFO - Processing file /opt/airflow/dags/airflow-dag-python.py for tasks to queue
[2024-08-26T02:03:37.697+0000] {logging_mixin.py:188} INFO - [2024-08-26T02:03:37.697+0000] {dagbag.py:540} INFO - Filling up the DagBag from /opt/airflow/dags/airflow-dag-python.py
[2024-08-26T02:03:38.021+0000] {processor.py:840} INFO - DAG(s) 'clickhouse_data_loader' retrieved from /opt/airflow/dags/airflow-dag-python.py
[2024-08-26T02:03:38.030+0000] {logging_mixin.py:188} INFO - [2024-08-26T02:03:38.029+0000] {dag.py:3096} INFO - Sync 1 DAGs
[2024-08-26T02:03:38.040+0000] {logging_mixin.py:188} INFO - [2024-08-26T02:03:38.040+0000] {dag.py:3954} INFO - Setting next_dagrun for clickhouse_data_loader to 2024-08-25 00:00:00+00:00, run_after=2024-08-26 00:00:00+00:00
[2024-08-26T02:03:38.051+0000] {processor.py:183} INFO - Processing /opt/airflow/dags/airflow-dag-python.py took 0.360 seconds
[2024-08-26T02:04:08.767+0000] {processor.py:161} INFO - Started process (PID=4677) to work on /opt/airflow/dags/airflow-dag-python.py
[2024-08-26T02:04:08.767+0000] {processor.py:830} INFO - Processing file /opt/airflow/dags/airflow-dag-python.py for tasks to queue
[2024-08-26T02:04:08.768+0000] {logging_mixin.py:188} INFO - [2024-08-26T02:04:08.768+0000] {dagbag.py:540} INFO - Filling up the DagBag from /opt/airflow/dags/airflow-dag-python.py
[2024-08-26T02:04:09.102+0000] {processor.py:840} INFO - DAG(s) 'clickhouse_data_loader' retrieved from /opt/airflow/dags/airflow-dag-python.py
[2024-08-26T02:04:09.111+0000] {logging_mixin.py:188} INFO - [2024-08-26T02:04:09.111+0000] {dag.py:3096} INFO - Sync 1 DAGs
[2024-08-26T02:04:09.121+0000] {logging_mixin.py:188} INFO - [2024-08-26T02:04:09.121+0000] {dag.py:3954} INFO - Setting next_dagrun for clickhouse_data_loader to 2024-08-25 00:00:00+00:00, run_after=2024-08-26 00:00:00+00:00
[2024-08-26T02:04:09.130+0000] {processor.py:183} INFO - Processing /opt/airflow/dags/airflow-dag-python.py took 0.366 seconds
[2024-08-26T02:04:39.881+0000] {processor.py:161} INFO - Started process (PID=4737) to work on /opt/airflow/dags/airflow-dag-python.py
[2024-08-26T02:04:39.882+0000] {processor.py:830} INFO - Processing file /opt/airflow/dags/airflow-dag-python.py for tasks to queue
[2024-08-26T02:04:39.883+0000] {logging_mixin.py:188} INFO - [2024-08-26T02:04:39.883+0000] {dagbag.py:540} INFO - Filling up the DagBag from /opt/airflow/dags/airflow-dag-python.py
[2024-08-26T02:04:40.180+0000] {processor.py:840} INFO - DAG(s) 'clickhouse_data_loader' retrieved from /opt/airflow/dags/airflow-dag-python.py
[2024-08-26T02:04:40.189+0000] {logging_mixin.py:188} INFO - [2024-08-26T02:04:40.189+0000] {dag.py:3096} INFO - Sync 1 DAGs
[2024-08-26T02:04:40.200+0000] {logging_mixin.py:188} INFO - [2024-08-26T02:04:40.200+0000] {dag.py:3954} INFO - Setting next_dagrun for clickhouse_data_loader to 2024-08-25 00:00:00+00:00, run_after=2024-08-26 00:00:00+00:00
[2024-08-26T02:04:40.208+0000] {processor.py:183} INFO - Processing /opt/airflow/dags/airflow-dag-python.py took 0.331 seconds
