[2024-08-15T00:00:02.127+0000] {processor.py:161} INFO - Started process (PID=3733) to work on /home/airflow/.local/lib/python3.12/site-packages/airflow/example_dags/example_task_group_decorator.py
[2024-08-15T00:00:02.128+0000] {processor.py:830} INFO - Processing file /home/airflow/.local/lib/python3.12/site-packages/airflow/example_dags/example_task_group_decorator.py for tasks to queue
[2024-08-15T00:00:02.129+0000] {logging_mixin.py:188} INFO - [2024-08-15T00:00:02.128+0000] {dagbag.py:540} INFO - Filling up the DagBag from /home/airflow/.local/lib/python3.12/site-packages/airflow/example_dags/example_task_group_decorator.py
[2024-08-15T00:00:02.137+0000] {processor.py:840} INFO - DAG(s) 'example_task_group_decorator' retrieved from /home/airflow/.local/lib/python3.12/site-packages/airflow/example_dags/example_task_group_decorator.py
[2024-08-15T00:00:02.152+0000] {logging_mixin.py:188} INFO - [2024-08-15T00:00:02.152+0000] {dag.py:3096} INFO - Sync 1 DAGs
[2024-08-15T00:00:02.164+0000] {logging_mixin.py:188} INFO - [2024-08-15T00:00:02.164+0000] {dag.py:3954} INFO - Setting next_dagrun for example_task_group_decorator to 2024-08-14 00:00:00+00:00, run_after=2024-08-15 00:00:00+00:00
[2024-08-15T00:00:02.174+0000] {processor.py:183} INFO - Processing /home/airflow/.local/lib/python3.12/site-packages/airflow/example_dags/example_task_group_decorator.py took 0.051 seconds
[2024-08-15T00:00:32.790+0000] {processor.py:161} INFO - Started process (PID=3791) to work on /home/airflow/.local/lib/python3.12/site-packages/airflow/example_dags/example_task_group_decorator.py
[2024-08-15T00:00:32.791+0000] {processor.py:830} INFO - Processing file /home/airflow/.local/lib/python3.12/site-packages/airflow/example_dags/example_task_group_decorator.py for tasks to queue
[2024-08-15T00:00:32.792+0000] {logging_mixin.py:188} INFO - [2024-08-15T00:00:32.791+0000] {dagbag.py:540} INFO - Filling up the DagBag from /home/airflow/.local/lib/python3.12/site-packages/airflow/example_dags/example_task_group_decorator.py
[2024-08-15T00:00:32.799+0000] {processor.py:840} INFO - DAG(s) 'example_task_group_decorator' retrieved from /home/airflow/.local/lib/python3.12/site-packages/airflow/example_dags/example_task_group_decorator.py
[2024-08-15T00:00:32.814+0000] {logging_mixin.py:188} INFO - [2024-08-15T00:00:32.814+0000] {dag.py:3096} INFO - Sync 1 DAGs
[2024-08-15T00:00:32.826+0000] {logging_mixin.py:188} INFO - [2024-08-15T00:00:32.826+0000] {dag.py:3954} INFO - Setting next_dagrun for example_task_group_decorator to 2024-08-14 00:00:00+00:00, run_after=2024-08-15 00:00:00+00:00
[2024-08-15T00:00:32.835+0000] {processor.py:183} INFO - Processing /home/airflow/.local/lib/python3.12/site-packages/airflow/example_dags/example_task_group_decorator.py took 0.048 seconds
[2024-08-15T00:01:03.445+0000] {processor.py:161} INFO - Started process (PID=3849) to work on /home/airflow/.local/lib/python3.12/site-packages/airflow/example_dags/example_task_group_decorator.py
[2024-08-15T00:01:03.445+0000] {processor.py:830} INFO - Processing file /home/airflow/.local/lib/python3.12/site-packages/airflow/example_dags/example_task_group_decorator.py for tasks to queue
[2024-08-15T00:01:03.446+0000] {logging_mixin.py:188} INFO - [2024-08-15T00:01:03.446+0000] {dagbag.py:540} INFO - Filling up the DagBag from /home/airflow/.local/lib/python3.12/site-packages/airflow/example_dags/example_task_group_decorator.py
[2024-08-15T00:01:03.454+0000] {processor.py:840} INFO - DAG(s) 'example_task_group_decorator' retrieved from /home/airflow/.local/lib/python3.12/site-packages/airflow/example_dags/example_task_group_decorator.py
[2024-08-15T00:01:03.469+0000] {logging_mixin.py:188} INFO - [2024-08-15T00:01:03.469+0000] {dag.py:3096} INFO - Sync 1 DAGs
[2024-08-15T00:01:03.481+0000] {logging_mixin.py:188} INFO - [2024-08-15T00:01:03.481+0000] {dag.py:3954} INFO - Setting next_dagrun for example_task_group_decorator to 2024-08-14 00:00:00+00:00, run_after=2024-08-15 00:00:00+00:00
[2024-08-15T00:01:03.491+0000] {processor.py:183} INFO - Processing /home/airflow/.local/lib/python3.12/site-packages/airflow/example_dags/example_task_group_decorator.py took 0.049 seconds
[2024-08-15T00:01:34.092+0000] {processor.py:161} INFO - Started process (PID=3907) to work on /home/airflow/.local/lib/python3.12/site-packages/airflow/example_dags/example_task_group_decorator.py
[2024-08-15T00:01:34.092+0000] {processor.py:830} INFO - Processing file /home/airflow/.local/lib/python3.12/site-packages/airflow/example_dags/example_task_group_decorator.py for tasks to queue
[2024-08-15T00:01:34.093+0000] {logging_mixin.py:188} INFO - [2024-08-15T00:01:34.093+0000] {dagbag.py:540} INFO - Filling up the DagBag from /home/airflow/.local/lib/python3.12/site-packages/airflow/example_dags/example_task_group_decorator.py
[2024-08-15T00:01:34.100+0000] {processor.py:840} INFO - DAG(s) 'example_task_group_decorator' retrieved from /home/airflow/.local/lib/python3.12/site-packages/airflow/example_dags/example_task_group_decorator.py
[2024-08-15T00:01:34.115+0000] {logging_mixin.py:188} INFO - [2024-08-15T00:01:34.115+0000] {dag.py:3096} INFO - Sync 1 DAGs
[2024-08-15T00:01:34.133+0000] {logging_mixin.py:188} INFO - [2024-08-15T00:01:34.133+0000] {dag.py:3954} INFO - Setting next_dagrun for example_task_group_decorator to 2024-08-14 00:00:00+00:00, run_after=2024-08-15 00:00:00+00:00
[2024-08-15T00:01:34.144+0000] {processor.py:183} INFO - Processing /home/airflow/.local/lib/python3.12/site-packages/airflow/example_dags/example_task_group_decorator.py took 0.056 seconds
[2024-08-15T00:02:04.744+0000] {processor.py:161} INFO - Started process (PID=3965) to work on /home/airflow/.local/lib/python3.12/site-packages/airflow/example_dags/example_task_group_decorator.py
[2024-08-15T00:02:04.745+0000] {processor.py:830} INFO - Processing file /home/airflow/.local/lib/python3.12/site-packages/airflow/example_dags/example_task_group_decorator.py for tasks to queue
[2024-08-15T00:02:04.746+0000] {logging_mixin.py:188} INFO - [2024-08-15T00:02:04.746+0000] {dagbag.py:540} INFO - Filling up the DagBag from /home/airflow/.local/lib/python3.12/site-packages/airflow/example_dags/example_task_group_decorator.py
[2024-08-15T00:02:04.754+0000] {processor.py:840} INFO - DAG(s) 'example_task_group_decorator' retrieved from /home/airflow/.local/lib/python3.12/site-packages/airflow/example_dags/example_task_group_decorator.py
[2024-08-15T00:02:04.772+0000] {logging_mixin.py:188} INFO - [2024-08-15T00:02:04.772+0000] {dag.py:3096} INFO - Sync 1 DAGs
[2024-08-15T00:02:04.784+0000] {logging_mixin.py:188} INFO - [2024-08-15T00:02:04.784+0000] {dag.py:3954} INFO - Setting next_dagrun for example_task_group_decorator to 2024-08-14 00:00:00+00:00, run_after=2024-08-15 00:00:00+00:00
[2024-08-15T00:02:04.793+0000] {processor.py:183} INFO - Processing /home/airflow/.local/lib/python3.12/site-packages/airflow/example_dags/example_task_group_decorator.py took 0.053 seconds
[2024-08-15T00:02:35.391+0000] {processor.py:161} INFO - Started process (PID=4023) to work on /home/airflow/.local/lib/python3.12/site-packages/airflow/example_dags/example_task_group_decorator.py
[2024-08-15T00:02:35.391+0000] {processor.py:830} INFO - Processing file /home/airflow/.local/lib/python3.12/site-packages/airflow/example_dags/example_task_group_decorator.py for tasks to queue
[2024-08-15T00:02:35.392+0000] {logging_mixin.py:188} INFO - [2024-08-15T00:02:35.392+0000] {dagbag.py:540} INFO - Filling up the DagBag from /home/airflow/.local/lib/python3.12/site-packages/airflow/example_dags/example_task_group_decorator.py
[2024-08-15T00:02:35.400+0000] {processor.py:840} INFO - DAG(s) 'example_task_group_decorator' retrieved from /home/airflow/.local/lib/python3.12/site-packages/airflow/example_dags/example_task_group_decorator.py
[2024-08-15T00:02:35.414+0000] {logging_mixin.py:188} INFO - [2024-08-15T00:02:35.414+0000] {dag.py:3096} INFO - Sync 1 DAGs
[2024-08-15T00:02:35.427+0000] {logging_mixin.py:188} INFO - [2024-08-15T00:02:35.427+0000] {dag.py:3954} INFO - Setting next_dagrun for example_task_group_decorator to 2024-08-14 00:00:00+00:00, run_after=2024-08-15 00:00:00+00:00
[2024-08-15T00:02:35.438+0000] {processor.py:183} INFO - Processing /home/airflow/.local/lib/python3.12/site-packages/airflow/example_dags/example_task_group_decorator.py took 0.050 seconds
[2024-08-15T00:03:05.940+0000] {processor.py:161} INFO - Started process (PID=4081) to work on /home/airflow/.local/lib/python3.12/site-packages/airflow/example_dags/example_task_group_decorator.py
[2024-08-15T00:03:05.941+0000] {processor.py:830} INFO - Processing file /home/airflow/.local/lib/python3.12/site-packages/airflow/example_dags/example_task_group_decorator.py for tasks to queue
[2024-08-15T00:03:05.942+0000] {logging_mixin.py:188} INFO - [2024-08-15T00:03:05.942+0000] {dagbag.py:540} INFO - Filling up the DagBag from /home/airflow/.local/lib/python3.12/site-packages/airflow/example_dags/example_task_group_decorator.py
[2024-08-15T00:03:05.949+0000] {processor.py:840} INFO - DAG(s) 'example_task_group_decorator' retrieved from /home/airflow/.local/lib/python3.12/site-packages/airflow/example_dags/example_task_group_decorator.py
[2024-08-15T00:03:05.963+0000] {logging_mixin.py:188} INFO - [2024-08-15T00:03:05.963+0000] {dag.py:3096} INFO - Sync 1 DAGs
[2024-08-15T00:03:05.975+0000] {logging_mixin.py:188} INFO - [2024-08-15T00:03:05.975+0000] {dag.py:3954} INFO - Setting next_dagrun for example_task_group_decorator to 2024-08-14 00:00:00+00:00, run_after=2024-08-15 00:00:00+00:00
[2024-08-15T00:03:05.985+0000] {processor.py:183} INFO - Processing /home/airflow/.local/lib/python3.12/site-packages/airflow/example_dags/example_task_group_decorator.py took 0.048 seconds
[2024-08-15T00:03:36.627+0000] {processor.py:161} INFO - Started process (PID=4139) to work on /home/airflow/.local/lib/python3.12/site-packages/airflow/example_dags/example_task_group_decorator.py
[2024-08-15T00:03:36.628+0000] {processor.py:830} INFO - Processing file /home/airflow/.local/lib/python3.12/site-packages/airflow/example_dags/example_task_group_decorator.py for tasks to queue
[2024-08-15T00:03:36.629+0000] {logging_mixin.py:188} INFO - [2024-08-15T00:03:36.629+0000] {dagbag.py:540} INFO - Filling up the DagBag from /home/airflow/.local/lib/python3.12/site-packages/airflow/example_dags/example_task_group_decorator.py
[2024-08-15T00:03:36.636+0000] {processor.py:840} INFO - DAG(s) 'example_task_group_decorator' retrieved from /home/airflow/.local/lib/python3.12/site-packages/airflow/example_dags/example_task_group_decorator.py
[2024-08-15T00:03:36.651+0000] {logging_mixin.py:188} INFO - [2024-08-15T00:03:36.651+0000] {dag.py:3096} INFO - Sync 1 DAGs
[2024-08-15T00:03:36.662+0000] {logging_mixin.py:188} INFO - [2024-08-15T00:03:36.662+0000] {dag.py:3954} INFO - Setting next_dagrun for example_task_group_decorator to 2024-08-14 00:00:00+00:00, run_after=2024-08-15 00:00:00+00:00
[2024-08-15T00:03:36.672+0000] {processor.py:183} INFO - Processing /home/airflow/.local/lib/python3.12/site-packages/airflow/example_dags/example_task_group_decorator.py took 0.048 seconds
[2024-08-15T00:04:07.296+0000] {processor.py:161} INFO - Started process (PID=4197) to work on /home/airflow/.local/lib/python3.12/site-packages/airflow/example_dags/example_task_group_decorator.py
[2024-08-15T00:04:07.296+0000] {processor.py:830} INFO - Processing file /home/airflow/.local/lib/python3.12/site-packages/airflow/example_dags/example_task_group_decorator.py for tasks to queue
[2024-08-15T00:04:07.297+0000] {logging_mixin.py:188} INFO - [2024-08-15T00:04:07.297+0000] {dagbag.py:540} INFO - Filling up the DagBag from /home/airflow/.local/lib/python3.12/site-packages/airflow/example_dags/example_task_group_decorator.py
[2024-08-15T00:04:07.305+0000] {processor.py:840} INFO - DAG(s) 'example_task_group_decorator' retrieved from /home/airflow/.local/lib/python3.12/site-packages/airflow/example_dags/example_task_group_decorator.py
[2024-08-15T00:04:07.321+0000] {logging_mixin.py:188} INFO - [2024-08-15T00:04:07.321+0000] {dag.py:3096} INFO - Sync 1 DAGs
[2024-08-15T00:04:07.333+0000] {logging_mixin.py:188} INFO - [2024-08-15T00:04:07.333+0000] {dag.py:3954} INFO - Setting next_dagrun for example_task_group_decorator to 2024-08-14 00:00:00+00:00, run_after=2024-08-15 00:00:00+00:00
[2024-08-15T00:04:07.342+0000] {processor.py:183} INFO - Processing /home/airflow/.local/lib/python3.12/site-packages/airflow/example_dags/example_task_group_decorator.py took 0.049 seconds
[2024-08-15T00:04:37.931+0000] {processor.py:161} INFO - Started process (PID=4255) to work on /home/airflow/.local/lib/python3.12/site-packages/airflow/example_dags/example_task_group_decorator.py
[2024-08-15T00:04:37.931+0000] {processor.py:830} INFO - Processing file /home/airflow/.local/lib/python3.12/site-packages/airflow/example_dags/example_task_group_decorator.py for tasks to queue
[2024-08-15T00:04:37.932+0000] {logging_mixin.py:188} INFO - [2024-08-15T00:04:37.932+0000] {dagbag.py:540} INFO - Filling up the DagBag from /home/airflow/.local/lib/python3.12/site-packages/airflow/example_dags/example_task_group_decorator.py
[2024-08-15T00:04:37.940+0000] {processor.py:840} INFO - DAG(s) 'example_task_group_decorator' retrieved from /home/airflow/.local/lib/python3.12/site-packages/airflow/example_dags/example_task_group_decorator.py
[2024-08-15T00:04:37.955+0000] {logging_mixin.py:188} INFO - [2024-08-15T00:04:37.955+0000] {dag.py:3096} INFO - Sync 1 DAGs
[2024-08-15T00:04:37.966+0000] {logging_mixin.py:188} INFO - [2024-08-15T00:04:37.966+0000] {dag.py:3954} INFO - Setting next_dagrun for example_task_group_decorator to 2024-08-14 00:00:00+00:00, run_after=2024-08-15 00:00:00+00:00
[2024-08-15T00:04:37.976+0000] {processor.py:183} INFO - Processing /home/airflow/.local/lib/python3.12/site-packages/airflow/example_dags/example_task_group_decorator.py took 0.049 seconds
[2024-08-15T00:05:08.608+0000] {processor.py:161} INFO - Started process (PID=4313) to work on /home/airflow/.local/lib/python3.12/site-packages/airflow/example_dags/example_task_group_decorator.py
[2024-08-15T00:05:08.608+0000] {processor.py:830} INFO - Processing file /home/airflow/.local/lib/python3.12/site-packages/airflow/example_dags/example_task_group_decorator.py for tasks to queue
[2024-08-15T00:05:08.609+0000] {logging_mixin.py:188} INFO - [2024-08-15T00:05:08.609+0000] {dagbag.py:540} INFO - Filling up the DagBag from /home/airflow/.local/lib/python3.12/site-packages/airflow/example_dags/example_task_group_decorator.py
[2024-08-15T00:05:08.617+0000] {processor.py:840} INFO - DAG(s) 'example_task_group_decorator' retrieved from /home/airflow/.local/lib/python3.12/site-packages/airflow/example_dags/example_task_group_decorator.py
[2024-08-15T00:05:08.631+0000] {logging_mixin.py:188} INFO - [2024-08-15T00:05:08.631+0000] {dag.py:3096} INFO - Sync 1 DAGs
[2024-08-15T00:05:08.643+0000] {logging_mixin.py:188} INFO - [2024-08-15T00:05:08.643+0000] {dag.py:3954} INFO - Setting next_dagrun for example_task_group_decorator to 2024-08-14 00:00:00+00:00, run_after=2024-08-15 00:00:00+00:00
[2024-08-15T00:05:08.653+0000] {processor.py:183} INFO - Processing /home/airflow/.local/lib/python3.12/site-packages/airflow/example_dags/example_task_group_decorator.py took 0.048 seconds
[2024-08-15T00:05:39.270+0000] {processor.py:161} INFO - Started process (PID=4371) to work on /home/airflow/.local/lib/python3.12/site-packages/airflow/example_dags/example_task_group_decorator.py
[2024-08-15T00:05:39.270+0000] {processor.py:830} INFO - Processing file /home/airflow/.local/lib/python3.12/site-packages/airflow/example_dags/example_task_group_decorator.py for tasks to queue
[2024-08-15T00:05:39.271+0000] {logging_mixin.py:188} INFO - [2024-08-15T00:05:39.271+0000] {dagbag.py:540} INFO - Filling up the DagBag from /home/airflow/.local/lib/python3.12/site-packages/airflow/example_dags/example_task_group_decorator.py
[2024-08-15T00:05:39.279+0000] {processor.py:840} INFO - DAG(s) 'example_task_group_decorator' retrieved from /home/airflow/.local/lib/python3.12/site-packages/airflow/example_dags/example_task_group_decorator.py
[2024-08-15T00:05:39.294+0000] {logging_mixin.py:188} INFO - [2024-08-15T00:05:39.294+0000] {dag.py:3096} INFO - Sync 1 DAGs
[2024-08-15T00:05:39.306+0000] {logging_mixin.py:188} INFO - [2024-08-15T00:05:39.306+0000] {dag.py:3954} INFO - Setting next_dagrun for example_task_group_decorator to 2024-08-14 00:00:00+00:00, run_after=2024-08-15 00:00:00+00:00
[2024-08-15T00:05:39.316+0000] {processor.py:183} INFO - Processing /home/airflow/.local/lib/python3.12/site-packages/airflow/example_dags/example_task_group_decorator.py took 0.049 seconds
[2024-08-15T00:06:09.953+0000] {processor.py:161} INFO - Started process (PID=4429) to work on /home/airflow/.local/lib/python3.12/site-packages/airflow/example_dags/example_task_group_decorator.py
[2024-08-15T00:06:09.954+0000] {processor.py:830} INFO - Processing file /home/airflow/.local/lib/python3.12/site-packages/airflow/example_dags/example_task_group_decorator.py for tasks to queue
[2024-08-15T00:06:09.955+0000] {logging_mixin.py:188} INFO - [2024-08-15T00:06:09.955+0000] {dagbag.py:540} INFO - Filling up the DagBag from /home/airflow/.local/lib/python3.12/site-packages/airflow/example_dags/example_task_group_decorator.py
[2024-08-15T00:06:09.962+0000] {processor.py:840} INFO - DAG(s) 'example_task_group_decorator' retrieved from /home/airflow/.local/lib/python3.12/site-packages/airflow/example_dags/example_task_group_decorator.py
[2024-08-15T00:06:09.977+0000] {logging_mixin.py:188} INFO - [2024-08-15T00:06:09.977+0000] {dag.py:3096} INFO - Sync 1 DAGs
[2024-08-15T00:06:09.989+0000] {logging_mixin.py:188} INFO - [2024-08-15T00:06:09.989+0000] {dag.py:3954} INFO - Setting next_dagrun for example_task_group_decorator to 2024-08-14 00:00:00+00:00, run_after=2024-08-15 00:00:00+00:00
[2024-08-15T00:06:09.998+0000] {processor.py:183} INFO - Processing /home/airflow/.local/lib/python3.12/site-packages/airflow/example_dags/example_task_group_decorator.py took 0.048 seconds
[2024-08-15T00:06:40.529+0000] {processor.py:161} INFO - Started process (PID=4487) to work on /home/airflow/.local/lib/python3.12/site-packages/airflow/example_dags/example_task_group_decorator.py
[2024-08-15T00:06:40.529+0000] {processor.py:830} INFO - Processing file /home/airflow/.local/lib/python3.12/site-packages/airflow/example_dags/example_task_group_decorator.py for tasks to queue
[2024-08-15T00:06:40.530+0000] {logging_mixin.py:188} INFO - [2024-08-15T00:06:40.530+0000] {dagbag.py:540} INFO - Filling up the DagBag from /home/airflow/.local/lib/python3.12/site-packages/airflow/example_dags/example_task_group_decorator.py
[2024-08-15T00:06:40.538+0000] {processor.py:840} INFO - DAG(s) 'example_task_group_decorator' retrieved from /home/airflow/.local/lib/python3.12/site-packages/airflow/example_dags/example_task_group_decorator.py
[2024-08-15T00:06:40.553+0000] {logging_mixin.py:188} INFO - [2024-08-15T00:06:40.553+0000] {dag.py:3096} INFO - Sync 1 DAGs
[2024-08-15T00:06:40.565+0000] {logging_mixin.py:188} INFO - [2024-08-15T00:06:40.565+0000] {dag.py:3954} INFO - Setting next_dagrun for example_task_group_decorator to 2024-08-14 00:00:00+00:00, run_after=2024-08-15 00:00:00+00:00
[2024-08-15T00:06:40.575+0000] {processor.py:183} INFO - Processing /home/airflow/.local/lib/python3.12/site-packages/airflow/example_dags/example_task_group_decorator.py took 0.049 seconds
[2024-08-15T00:07:11.096+0000] {processor.py:161} INFO - Started process (PID=4545) to work on /home/airflow/.local/lib/python3.12/site-packages/airflow/example_dags/example_task_group_decorator.py
[2024-08-15T00:07:11.096+0000] {processor.py:830} INFO - Processing file /home/airflow/.local/lib/python3.12/site-packages/airflow/example_dags/example_task_group_decorator.py for tasks to queue
[2024-08-15T00:07:11.097+0000] {logging_mixin.py:188} INFO - [2024-08-15T00:07:11.097+0000] {dagbag.py:540} INFO - Filling up the DagBag from /home/airflow/.local/lib/python3.12/site-packages/airflow/example_dags/example_task_group_decorator.py
[2024-08-15T00:07:11.105+0000] {processor.py:840} INFO - DAG(s) 'example_task_group_decorator' retrieved from /home/airflow/.local/lib/python3.12/site-packages/airflow/example_dags/example_task_group_decorator.py
[2024-08-15T00:07:11.118+0000] {logging_mixin.py:188} INFO - [2024-08-15T00:07:11.118+0000] {dag.py:3096} INFO - Sync 1 DAGs
[2024-08-15T00:07:11.130+0000] {logging_mixin.py:188} INFO - [2024-08-15T00:07:11.130+0000] {dag.py:3954} INFO - Setting next_dagrun for example_task_group_decorator to 2024-08-14 00:00:00+00:00, run_after=2024-08-15 00:00:00+00:00
[2024-08-15T00:07:11.139+0000] {processor.py:183} INFO - Processing /home/airflow/.local/lib/python3.12/site-packages/airflow/example_dags/example_task_group_decorator.py took 0.047 seconds
[2024-08-15T00:07:41.741+0000] {processor.py:161} INFO - Started process (PID=4603) to work on /home/airflow/.local/lib/python3.12/site-packages/airflow/example_dags/example_task_group_decorator.py
[2024-08-15T00:07:41.741+0000] {processor.py:830} INFO - Processing file /home/airflow/.local/lib/python3.12/site-packages/airflow/example_dags/example_task_group_decorator.py for tasks to queue
[2024-08-15T00:07:41.742+0000] {logging_mixin.py:188} INFO - [2024-08-15T00:07:41.742+0000] {dagbag.py:540} INFO - Filling up the DagBag from /home/airflow/.local/lib/python3.12/site-packages/airflow/example_dags/example_task_group_decorator.py
[2024-08-15T00:07:41.750+0000] {processor.py:840} INFO - DAG(s) 'example_task_group_decorator' retrieved from /home/airflow/.local/lib/python3.12/site-packages/airflow/example_dags/example_task_group_decorator.py
[2024-08-15T00:07:41.764+0000] {logging_mixin.py:188} INFO - [2024-08-15T00:07:41.764+0000] {dag.py:3096} INFO - Sync 1 DAGs
[2024-08-15T00:07:41.775+0000] {logging_mixin.py:188} INFO - [2024-08-15T00:07:41.775+0000] {dag.py:3954} INFO - Setting next_dagrun for example_task_group_decorator to 2024-08-14 00:00:00+00:00, run_after=2024-08-15 00:00:00+00:00
[2024-08-15T00:07:41.784+0000] {processor.py:183} INFO - Processing /home/airflow/.local/lib/python3.12/site-packages/airflow/example_dags/example_task_group_decorator.py took 0.047 seconds
[2024-08-15T00:08:12.342+0000] {processor.py:161} INFO - Started process (PID=4661) to work on /home/airflow/.local/lib/python3.12/site-packages/airflow/example_dags/example_task_group_decorator.py
[2024-08-15T00:08:12.343+0000] {processor.py:830} INFO - Processing file /home/airflow/.local/lib/python3.12/site-packages/airflow/example_dags/example_task_group_decorator.py for tasks to queue
[2024-08-15T00:08:12.344+0000] {logging_mixin.py:188} INFO - [2024-08-15T00:08:12.344+0000] {dagbag.py:540} INFO - Filling up the DagBag from /home/airflow/.local/lib/python3.12/site-packages/airflow/example_dags/example_task_group_decorator.py
[2024-08-15T00:08:12.351+0000] {processor.py:840} INFO - DAG(s) 'example_task_group_decorator' retrieved from /home/airflow/.local/lib/python3.12/site-packages/airflow/example_dags/example_task_group_decorator.py
[2024-08-15T00:08:12.367+0000] {logging_mixin.py:188} INFO - [2024-08-15T00:08:12.366+0000] {dag.py:3096} INFO - Sync 1 DAGs
[2024-08-15T00:08:12.379+0000] {logging_mixin.py:188} INFO - [2024-08-15T00:08:12.379+0000] {dag.py:3954} INFO - Setting next_dagrun for example_task_group_decorator to 2024-08-14 00:00:00+00:00, run_after=2024-08-15 00:00:00+00:00
[2024-08-15T00:08:12.388+0000] {processor.py:183} INFO - Processing /home/airflow/.local/lib/python3.12/site-packages/airflow/example_dags/example_task_group_decorator.py took 0.049 seconds
[2024-08-15T00:08:43.009+0000] {processor.py:161} INFO - Started process (PID=4719) to work on /home/airflow/.local/lib/python3.12/site-packages/airflow/example_dags/example_task_group_decorator.py
[2024-08-15T00:08:43.010+0000] {processor.py:830} INFO - Processing file /home/airflow/.local/lib/python3.12/site-packages/airflow/example_dags/example_task_group_decorator.py for tasks to queue
[2024-08-15T00:08:43.011+0000] {logging_mixin.py:188} INFO - [2024-08-15T00:08:43.010+0000] {dagbag.py:540} INFO - Filling up the DagBag from /home/airflow/.local/lib/python3.12/site-packages/airflow/example_dags/example_task_group_decorator.py
[2024-08-15T00:08:43.018+0000] {processor.py:840} INFO - DAG(s) 'example_task_group_decorator' retrieved from /home/airflow/.local/lib/python3.12/site-packages/airflow/example_dags/example_task_group_decorator.py
[2024-08-15T00:08:43.033+0000] {logging_mixin.py:188} INFO - [2024-08-15T00:08:43.033+0000] {dag.py:3096} INFO - Sync 1 DAGs
[2024-08-15T00:08:43.046+0000] {logging_mixin.py:188} INFO - [2024-08-15T00:08:43.046+0000] {dag.py:3954} INFO - Setting next_dagrun for example_task_group_decorator to 2024-08-14 00:00:00+00:00, run_after=2024-08-15 00:00:00+00:00
[2024-08-15T00:08:43.056+0000] {processor.py:183} INFO - Processing /home/airflow/.local/lib/python3.12/site-packages/airflow/example_dags/example_task_group_decorator.py took 0.051 seconds
[2024-08-15T00:09:13.721+0000] {processor.py:161} INFO - Started process (PID=4777) to work on /home/airflow/.local/lib/python3.12/site-packages/airflow/example_dags/example_task_group_decorator.py
[2024-08-15T00:09:13.722+0000] {processor.py:830} INFO - Processing file /home/airflow/.local/lib/python3.12/site-packages/airflow/example_dags/example_task_group_decorator.py for tasks to queue
[2024-08-15T00:09:13.723+0000] {logging_mixin.py:188} INFO - [2024-08-15T00:09:13.722+0000] {dagbag.py:540} INFO - Filling up the DagBag from /home/airflow/.local/lib/python3.12/site-packages/airflow/example_dags/example_task_group_decorator.py
[2024-08-15T00:09:13.730+0000] {processor.py:840} INFO - DAG(s) 'example_task_group_decorator' retrieved from /home/airflow/.local/lib/python3.12/site-packages/airflow/example_dags/example_task_group_decorator.py
[2024-08-15T00:09:13.744+0000] {logging_mixin.py:188} INFO - [2024-08-15T00:09:13.744+0000] {dag.py:3096} INFO - Sync 1 DAGs
[2024-08-15T00:09:13.756+0000] {logging_mixin.py:188} INFO - [2024-08-15T00:09:13.755+0000] {dag.py:3954} INFO - Setting next_dagrun for example_task_group_decorator to 2024-08-14 00:00:00+00:00, run_after=2024-08-15 00:00:00+00:00
[2024-08-15T00:09:13.766+0000] {processor.py:183} INFO - Processing /home/airflow/.local/lib/python3.12/site-packages/airflow/example_dags/example_task_group_decorator.py took 0.048 seconds
[2024-08-15T00:09:44.335+0000] {processor.py:161} INFO - Started process (PID=4835) to work on /home/airflow/.local/lib/python3.12/site-packages/airflow/example_dags/example_task_group_decorator.py
[2024-08-15T00:09:44.336+0000] {processor.py:830} INFO - Processing file /home/airflow/.local/lib/python3.12/site-packages/airflow/example_dags/example_task_group_decorator.py for tasks to queue
[2024-08-15T00:09:44.336+0000] {logging_mixin.py:188} INFO - [2024-08-15T00:09:44.336+0000] {dagbag.py:540} INFO - Filling up the DagBag from /home/airflow/.local/lib/python3.12/site-packages/airflow/example_dags/example_task_group_decorator.py
[2024-08-15T00:09:44.344+0000] {processor.py:840} INFO - DAG(s) 'example_task_group_decorator' retrieved from /home/airflow/.local/lib/python3.12/site-packages/airflow/example_dags/example_task_group_decorator.py
[2024-08-15T00:09:44.358+0000] {logging_mixin.py:188} INFO - [2024-08-15T00:09:44.358+0000] {dag.py:3096} INFO - Sync 1 DAGs
[2024-08-15T00:09:44.369+0000] {logging_mixin.py:188} INFO - [2024-08-15T00:09:44.369+0000] {dag.py:3954} INFO - Setting next_dagrun for example_task_group_decorator to 2024-08-14 00:00:00+00:00, run_after=2024-08-15 00:00:00+00:00
[2024-08-15T00:09:44.379+0000] {processor.py:183} INFO - Processing /home/airflow/.local/lib/python3.12/site-packages/airflow/example_dags/example_task_group_decorator.py took 0.047 seconds
[2024-08-15T00:10:14.999+0000] {processor.py:161} INFO - Started process (PID=4893) to work on /home/airflow/.local/lib/python3.12/site-packages/airflow/example_dags/example_task_group_decorator.py
[2024-08-15T00:10:14.999+0000] {processor.py:830} INFO - Processing file /home/airflow/.local/lib/python3.12/site-packages/airflow/example_dags/example_task_group_decorator.py for tasks to queue
[2024-08-15T00:10:15.000+0000] {logging_mixin.py:188} INFO - [2024-08-15T00:10:15.000+0000] {dagbag.py:540} INFO - Filling up the DagBag from /home/airflow/.local/lib/python3.12/site-packages/airflow/example_dags/example_task_group_decorator.py
[2024-08-15T00:10:15.008+0000] {processor.py:840} INFO - DAG(s) 'example_task_group_decorator' retrieved from /home/airflow/.local/lib/python3.12/site-packages/airflow/example_dags/example_task_group_decorator.py
[2024-08-15T00:10:15.023+0000] {logging_mixin.py:188} INFO - [2024-08-15T00:10:15.022+0000] {dag.py:3096} INFO - Sync 1 DAGs
[2024-08-15T00:10:15.034+0000] {logging_mixin.py:188} INFO - [2024-08-15T00:10:15.034+0000] {dag.py:3954} INFO - Setting next_dagrun for example_task_group_decorator to 2024-08-14 00:00:00+00:00, run_after=2024-08-15 00:00:00+00:00
[2024-08-15T00:10:15.043+0000] {processor.py:183} INFO - Processing /home/airflow/.local/lib/python3.12/site-packages/airflow/example_dags/example_task_group_decorator.py took 0.047 seconds
[2024-08-15T00:10:45.563+0000] {processor.py:161} INFO - Started process (PID=4951) to work on /home/airflow/.local/lib/python3.12/site-packages/airflow/example_dags/example_task_group_decorator.py
[2024-08-15T00:10:45.564+0000] {processor.py:830} INFO - Processing file /home/airflow/.local/lib/python3.12/site-packages/airflow/example_dags/example_task_group_decorator.py for tasks to queue
[2024-08-15T00:10:45.565+0000] {logging_mixin.py:188} INFO - [2024-08-15T00:10:45.564+0000] {dagbag.py:540} INFO - Filling up the DagBag from /home/airflow/.local/lib/python3.12/site-packages/airflow/example_dags/example_task_group_decorator.py
[2024-08-15T00:10:45.572+0000] {processor.py:840} INFO - DAG(s) 'example_task_group_decorator' retrieved from /home/airflow/.local/lib/python3.12/site-packages/airflow/example_dags/example_task_group_decorator.py
[2024-08-15T00:10:45.587+0000] {logging_mixin.py:188} INFO - [2024-08-15T00:10:45.587+0000] {dag.py:3096} INFO - Sync 1 DAGs
[2024-08-15T00:10:45.599+0000] {logging_mixin.py:188} INFO - [2024-08-15T00:10:45.599+0000] {dag.py:3954} INFO - Setting next_dagrun for example_task_group_decorator to 2024-08-14 00:00:00+00:00, run_after=2024-08-15 00:00:00+00:00
[2024-08-15T00:10:45.609+0000] {processor.py:183} INFO - Processing /home/airflow/.local/lib/python3.12/site-packages/airflow/example_dags/example_task_group_decorator.py took 0.049 seconds
[2024-08-15T00:11:16.232+0000] {processor.py:161} INFO - Started process (PID=5009) to work on /home/airflow/.local/lib/python3.12/site-packages/airflow/example_dags/example_task_group_decorator.py
[2024-08-15T00:11:16.232+0000] {processor.py:830} INFO - Processing file /home/airflow/.local/lib/python3.12/site-packages/airflow/example_dags/example_task_group_decorator.py for tasks to queue
[2024-08-15T00:11:16.233+0000] {logging_mixin.py:188} INFO - [2024-08-15T00:11:16.233+0000] {dagbag.py:540} INFO - Filling up the DagBag from /home/airflow/.local/lib/python3.12/site-packages/airflow/example_dags/example_task_group_decorator.py
[2024-08-15T00:11:16.242+0000] {processor.py:840} INFO - DAG(s) 'example_task_group_decorator' retrieved from /home/airflow/.local/lib/python3.12/site-packages/airflow/example_dags/example_task_group_decorator.py
[2024-08-15T00:11:16.257+0000] {logging_mixin.py:188} INFO - [2024-08-15T00:11:16.257+0000] {dag.py:3096} INFO - Sync 1 DAGs
[2024-08-15T00:11:16.270+0000] {logging_mixin.py:188} INFO - [2024-08-15T00:11:16.270+0000] {dag.py:3954} INFO - Setting next_dagrun for example_task_group_decorator to 2024-08-14 00:00:00+00:00, run_after=2024-08-15 00:00:00+00:00
[2024-08-15T00:11:16.280+0000] {processor.py:183} INFO - Processing /home/airflow/.local/lib/python3.12/site-packages/airflow/example_dags/example_task_group_decorator.py took 0.051 seconds
