[2024-08-15T00:00:05.833+0000] {processor.py:161} INFO - Started process (PID=3756) to work on /home/airflow/.local/lib/python3.12/site-packages/airflow/example_dags/example_bash_operator.py
[2024-08-15T00:00:05.833+0000] {processor.py:830} INFO - Processing file /home/airflow/.local/lib/python3.12/site-packages/airflow/example_dags/example_bash_operator.py for tasks to queue
[2024-08-15T00:00:05.834+0000] {logging_mixin.py:188} INFO - [2024-08-15T00:00:05.834+0000] {dagbag.py:540} INFO - Filling up the DagBag from /home/airflow/.local/lib/python3.12/site-packages/airflow/example_dags/example_bash_operator.py
[2024-08-15T00:00:05.840+0000] {processor.py:840} INFO - DAG(s) 'example_bash_operator' retrieved from /home/airflow/.local/lib/python3.12/site-packages/airflow/example_dags/example_bash_operator.py
[2024-08-15T00:00:05.857+0000] {logging_mixin.py:188} INFO - [2024-08-15T00:00:05.857+0000] {dag.py:3096} INFO - Sync 1 DAGs
[2024-08-15T00:00:05.869+0000] {logging_mixin.py:188} INFO - [2024-08-15T00:00:05.869+0000] {dag.py:3954} INFO - Setting next_dagrun for example_bash_operator to 2024-08-14 00:00:00+00:00, run_after=2024-08-15 00:00:00+00:00
[2024-08-15T00:00:05.879+0000] {processor.py:183} INFO - Processing /home/airflow/.local/lib/python3.12/site-packages/airflow/example_dags/example_bash_operator.py took 0.049 seconds
[2024-08-15T00:00:36.489+0000] {processor.py:161} INFO - Started process (PID=3814) to work on /home/airflow/.local/lib/python3.12/site-packages/airflow/example_dags/example_bash_operator.py
[2024-08-15T00:00:36.490+0000] {processor.py:830} INFO - Processing file /home/airflow/.local/lib/python3.12/site-packages/airflow/example_dags/example_bash_operator.py for tasks to queue
[2024-08-15T00:00:36.490+0000] {logging_mixin.py:188} INFO - [2024-08-15T00:00:36.490+0000] {dagbag.py:540} INFO - Filling up the DagBag from /home/airflow/.local/lib/python3.12/site-packages/airflow/example_dags/example_bash_operator.py
[2024-08-15T00:00:36.496+0000] {processor.py:840} INFO - DAG(s) 'example_bash_operator' retrieved from /home/airflow/.local/lib/python3.12/site-packages/airflow/example_dags/example_bash_operator.py
[2024-08-15T00:00:36.511+0000] {logging_mixin.py:188} INFO - [2024-08-15T00:00:36.511+0000] {dag.py:3096} INFO - Sync 1 DAGs
[2024-08-15T00:00:36.523+0000] {logging_mixin.py:188} INFO - [2024-08-15T00:00:36.523+0000] {dag.py:3954} INFO - Setting next_dagrun for example_bash_operator to 2024-08-14 00:00:00+00:00, run_after=2024-08-15 00:00:00+00:00
[2024-08-15T00:00:36.533+0000] {processor.py:183} INFO - Processing /home/airflow/.local/lib/python3.12/site-packages/airflow/example_dags/example_bash_operator.py took 0.048 seconds
[2024-08-15T00:01:07.153+0000] {processor.py:161} INFO - Started process (PID=3872) to work on /home/airflow/.local/lib/python3.12/site-packages/airflow/example_dags/example_bash_operator.py
[2024-08-15T00:01:07.153+0000] {processor.py:830} INFO - Processing file /home/airflow/.local/lib/python3.12/site-packages/airflow/example_dags/example_bash_operator.py for tasks to queue
[2024-08-15T00:01:07.154+0000] {logging_mixin.py:188} INFO - [2024-08-15T00:01:07.154+0000] {dagbag.py:540} INFO - Filling up the DagBag from /home/airflow/.local/lib/python3.12/site-packages/airflow/example_dags/example_bash_operator.py
[2024-08-15T00:01:07.160+0000] {processor.py:840} INFO - DAG(s) 'example_bash_operator' retrieved from /home/airflow/.local/lib/python3.12/site-packages/airflow/example_dags/example_bash_operator.py
[2024-08-15T00:01:07.175+0000] {logging_mixin.py:188} INFO - [2024-08-15T00:01:07.175+0000] {dag.py:3096} INFO - Sync 1 DAGs
[2024-08-15T00:01:07.187+0000] {logging_mixin.py:188} INFO - [2024-08-15T00:01:07.187+0000] {dag.py:3954} INFO - Setting next_dagrun for example_bash_operator to 2024-08-14 00:00:00+00:00, run_after=2024-08-15 00:00:00+00:00
[2024-08-15T00:01:07.197+0000] {processor.py:183} INFO - Processing /home/airflow/.local/lib/python3.12/site-packages/airflow/example_dags/example_bash_operator.py took 0.047 seconds
[2024-08-15T00:01:37.833+0000] {processor.py:161} INFO - Started process (PID=3930) to work on /home/airflow/.local/lib/python3.12/site-packages/airflow/example_dags/example_bash_operator.py
[2024-08-15T00:01:37.834+0000] {processor.py:830} INFO - Processing file /home/airflow/.local/lib/python3.12/site-packages/airflow/example_dags/example_bash_operator.py for tasks to queue
[2024-08-15T00:01:37.835+0000] {logging_mixin.py:188} INFO - [2024-08-15T00:01:37.834+0000] {dagbag.py:540} INFO - Filling up the DagBag from /home/airflow/.local/lib/python3.12/site-packages/airflow/example_dags/example_bash_operator.py
[2024-08-15T00:01:37.841+0000] {processor.py:840} INFO - DAG(s) 'example_bash_operator' retrieved from /home/airflow/.local/lib/python3.12/site-packages/airflow/example_dags/example_bash_operator.py
[2024-08-15T00:01:37.856+0000] {logging_mixin.py:188} INFO - [2024-08-15T00:01:37.856+0000] {dag.py:3096} INFO - Sync 1 DAGs
[2024-08-15T00:01:37.868+0000] {logging_mixin.py:188} INFO - [2024-08-15T00:01:37.868+0000] {dag.py:3954} INFO - Setting next_dagrun for example_bash_operator to 2024-08-14 00:00:00+00:00, run_after=2024-08-15 00:00:00+00:00
[2024-08-15T00:01:37.877+0000] {processor.py:183} INFO - Processing /home/airflow/.local/lib/python3.12/site-packages/airflow/example_dags/example_bash_operator.py took 0.047 seconds
[2024-08-15T00:02:08.473+0000] {processor.py:161} INFO - Started process (PID=3988) to work on /home/airflow/.local/lib/python3.12/site-packages/airflow/example_dags/example_bash_operator.py
[2024-08-15T00:02:08.473+0000] {processor.py:830} INFO - Processing file /home/airflow/.local/lib/python3.12/site-packages/airflow/example_dags/example_bash_operator.py for tasks to queue
[2024-08-15T00:02:08.474+0000] {logging_mixin.py:188} INFO - [2024-08-15T00:02:08.474+0000] {dagbag.py:540} INFO - Filling up the DagBag from /home/airflow/.local/lib/python3.12/site-packages/airflow/example_dags/example_bash_operator.py
[2024-08-15T00:02:08.480+0000] {processor.py:840} INFO - DAG(s) 'example_bash_operator' retrieved from /home/airflow/.local/lib/python3.12/site-packages/airflow/example_dags/example_bash_operator.py
[2024-08-15T00:02:08.494+0000] {logging_mixin.py:188} INFO - [2024-08-15T00:02:08.494+0000] {dag.py:3096} INFO - Sync 1 DAGs
[2024-08-15T00:02:08.506+0000] {logging_mixin.py:188} INFO - [2024-08-15T00:02:08.506+0000] {dag.py:3954} INFO - Setting next_dagrun for example_bash_operator to 2024-08-14 00:00:00+00:00, run_after=2024-08-15 00:00:00+00:00
[2024-08-15T00:02:08.515+0000] {processor.py:183} INFO - Processing /home/airflow/.local/lib/python3.12/site-packages/airflow/example_dags/example_bash_operator.py took 0.045 seconds
[2024-08-15T00:02:39.093+0000] {processor.py:161} INFO - Started process (PID=4046) to work on /home/airflow/.local/lib/python3.12/site-packages/airflow/example_dags/example_bash_operator.py
[2024-08-15T00:02:39.093+0000] {processor.py:830} INFO - Processing file /home/airflow/.local/lib/python3.12/site-packages/airflow/example_dags/example_bash_operator.py for tasks to queue
[2024-08-15T00:02:39.094+0000] {logging_mixin.py:188} INFO - [2024-08-15T00:02:39.094+0000] {dagbag.py:540} INFO - Filling up the DagBag from /home/airflow/.local/lib/python3.12/site-packages/airflow/example_dags/example_bash_operator.py
[2024-08-15T00:02:39.100+0000] {processor.py:840} INFO - DAG(s) 'example_bash_operator' retrieved from /home/airflow/.local/lib/python3.12/site-packages/airflow/example_dags/example_bash_operator.py
[2024-08-15T00:02:39.116+0000] {logging_mixin.py:188} INFO - [2024-08-15T00:02:39.116+0000] {dag.py:3096} INFO - Sync 1 DAGs
[2024-08-15T00:02:39.129+0000] {logging_mixin.py:188} INFO - [2024-08-15T00:02:39.129+0000] {dag.py:3954} INFO - Setting next_dagrun for example_bash_operator to 2024-08-14 00:00:00+00:00, run_after=2024-08-15 00:00:00+00:00
[2024-08-15T00:02:39.138+0000] {processor.py:183} INFO - Processing /home/airflow/.local/lib/python3.12/site-packages/airflow/example_dags/example_bash_operator.py took 0.049 seconds
[2024-08-15T00:03:09.708+0000] {processor.py:161} INFO - Started process (PID=4104) to work on /home/airflow/.local/lib/python3.12/site-packages/airflow/example_dags/example_bash_operator.py
[2024-08-15T00:03:09.708+0000] {processor.py:830} INFO - Processing file /home/airflow/.local/lib/python3.12/site-packages/airflow/example_dags/example_bash_operator.py for tasks to queue
[2024-08-15T00:03:09.709+0000] {logging_mixin.py:188} INFO - [2024-08-15T00:03:09.709+0000] {dagbag.py:540} INFO - Filling up the DagBag from /home/airflow/.local/lib/python3.12/site-packages/airflow/example_dags/example_bash_operator.py
[2024-08-15T00:03:09.716+0000] {processor.py:840} INFO - DAG(s) 'example_bash_operator' retrieved from /home/airflow/.local/lib/python3.12/site-packages/airflow/example_dags/example_bash_operator.py
[2024-08-15T00:03:09.730+0000] {logging_mixin.py:188} INFO - [2024-08-15T00:03:09.730+0000] {dag.py:3096} INFO - Sync 1 DAGs
[2024-08-15T00:03:09.742+0000] {logging_mixin.py:188} INFO - [2024-08-15T00:03:09.742+0000] {dag.py:3954} INFO - Setting next_dagrun for example_bash_operator to 2024-08-14 00:00:00+00:00, run_after=2024-08-15 00:00:00+00:00
[2024-08-15T00:03:09.751+0000] {processor.py:183} INFO - Processing /home/airflow/.local/lib/python3.12/site-packages/airflow/example_dags/example_bash_operator.py took 0.047 seconds
[2024-08-15T00:03:40.370+0000] {processor.py:161} INFO - Started process (PID=4163) to work on /home/airflow/.local/lib/python3.12/site-packages/airflow/example_dags/example_bash_operator.py
[2024-08-15T00:03:40.371+0000] {processor.py:830} INFO - Processing file /home/airflow/.local/lib/python3.12/site-packages/airflow/example_dags/example_bash_operator.py for tasks to queue
[2024-08-15T00:03:40.372+0000] {logging_mixin.py:188} INFO - [2024-08-15T00:03:40.371+0000] {dagbag.py:540} INFO - Filling up the DagBag from /home/airflow/.local/lib/python3.12/site-packages/airflow/example_dags/example_bash_operator.py
[2024-08-15T00:03:40.378+0000] {processor.py:840} INFO - DAG(s) 'example_bash_operator' retrieved from /home/airflow/.local/lib/python3.12/site-packages/airflow/example_dags/example_bash_operator.py
[2024-08-15T00:03:40.393+0000] {logging_mixin.py:188} INFO - [2024-08-15T00:03:40.393+0000] {dag.py:3096} INFO - Sync 1 DAGs
[2024-08-15T00:03:40.407+0000] {logging_mixin.py:188} INFO - [2024-08-15T00:03:40.407+0000] {dag.py:3954} INFO - Setting next_dagrun for example_bash_operator to 2024-08-14 00:00:00+00:00, run_after=2024-08-15 00:00:00+00:00
[2024-08-15T00:03:40.417+0000] {processor.py:183} INFO - Processing /home/airflow/.local/lib/python3.12/site-packages/airflow/example_dags/example_bash_operator.py took 0.050 seconds
[2024-08-15T00:04:11.033+0000] {processor.py:161} INFO - Started process (PID=4220) to work on /home/airflow/.local/lib/python3.12/site-packages/airflow/example_dags/example_bash_operator.py
[2024-08-15T00:04:11.033+0000] {processor.py:830} INFO - Processing file /home/airflow/.local/lib/python3.12/site-packages/airflow/example_dags/example_bash_operator.py for tasks to queue
[2024-08-15T00:04:11.034+0000] {logging_mixin.py:188} INFO - [2024-08-15T00:04:11.034+0000] {dagbag.py:540} INFO - Filling up the DagBag from /home/airflow/.local/lib/python3.12/site-packages/airflow/example_dags/example_bash_operator.py
[2024-08-15T00:04:11.040+0000] {processor.py:840} INFO - DAG(s) 'example_bash_operator' retrieved from /home/airflow/.local/lib/python3.12/site-packages/airflow/example_dags/example_bash_operator.py
[2024-08-15T00:04:11.055+0000] {logging_mixin.py:188} INFO - [2024-08-15T00:04:11.055+0000] {dag.py:3096} INFO - Sync 1 DAGs
[2024-08-15T00:04:11.067+0000] {logging_mixin.py:188} INFO - [2024-08-15T00:04:11.066+0000] {dag.py:3954} INFO - Setting next_dagrun for example_bash_operator to 2024-08-14 00:00:00+00:00, run_after=2024-08-15 00:00:00+00:00
[2024-08-15T00:04:11.077+0000] {processor.py:183} INFO - Processing /home/airflow/.local/lib/python3.12/site-packages/airflow/example_dags/example_bash_operator.py took 0.047 seconds
[2024-08-15T00:04:41.722+0000] {processor.py:161} INFO - Started process (PID=4278) to work on /home/airflow/.local/lib/python3.12/site-packages/airflow/example_dags/example_bash_operator.py
[2024-08-15T00:04:41.722+0000] {processor.py:830} INFO - Processing file /home/airflow/.local/lib/python3.12/site-packages/airflow/example_dags/example_bash_operator.py for tasks to queue
[2024-08-15T00:04:41.723+0000] {logging_mixin.py:188} INFO - [2024-08-15T00:04:41.723+0000] {dagbag.py:540} INFO - Filling up the DagBag from /home/airflow/.local/lib/python3.12/site-packages/airflow/example_dags/example_bash_operator.py
[2024-08-15T00:04:41.730+0000] {processor.py:840} INFO - DAG(s) 'example_bash_operator' retrieved from /home/airflow/.local/lib/python3.12/site-packages/airflow/example_dags/example_bash_operator.py
[2024-08-15T00:04:41.744+0000] {logging_mixin.py:188} INFO - [2024-08-15T00:04:41.744+0000] {dag.py:3096} INFO - Sync 1 DAGs
[2024-08-15T00:04:41.756+0000] {logging_mixin.py:188} INFO - [2024-08-15T00:04:41.756+0000] {dag.py:3954} INFO - Setting next_dagrun for example_bash_operator to 2024-08-14 00:00:00+00:00, run_after=2024-08-15 00:00:00+00:00
[2024-08-15T00:04:41.766+0000] {processor.py:183} INFO - Processing /home/airflow/.local/lib/python3.12/site-packages/airflow/example_dags/example_bash_operator.py took 0.048 seconds
[2024-08-15T00:05:12.350+0000] {processor.py:161} INFO - Started process (PID=4336) to work on /home/airflow/.local/lib/python3.12/site-packages/airflow/example_dags/example_bash_operator.py
[2024-08-15T00:05:12.350+0000] {processor.py:830} INFO - Processing file /home/airflow/.local/lib/python3.12/site-packages/airflow/example_dags/example_bash_operator.py for tasks to queue
[2024-08-15T00:05:12.351+0000] {logging_mixin.py:188} INFO - [2024-08-15T00:05:12.351+0000] {dagbag.py:540} INFO - Filling up the DagBag from /home/airflow/.local/lib/python3.12/site-packages/airflow/example_dags/example_bash_operator.py
[2024-08-15T00:05:12.357+0000] {processor.py:840} INFO - DAG(s) 'example_bash_operator' retrieved from /home/airflow/.local/lib/python3.12/site-packages/airflow/example_dags/example_bash_operator.py
[2024-08-15T00:05:12.371+0000] {logging_mixin.py:188} INFO - [2024-08-15T00:05:12.371+0000] {dag.py:3096} INFO - Sync 1 DAGs
[2024-08-15T00:05:12.383+0000] {logging_mixin.py:188} INFO - [2024-08-15T00:05:12.382+0000] {dag.py:3954} INFO - Setting next_dagrun for example_bash_operator to 2024-08-14 00:00:00+00:00, run_after=2024-08-15 00:00:00+00:00
[2024-08-15T00:05:12.392+0000] {processor.py:183} INFO - Processing /home/airflow/.local/lib/python3.12/site-packages/airflow/example_dags/example_bash_operator.py took 0.046 seconds
[2024-08-15T00:05:43.020+0000] {processor.py:161} INFO - Started process (PID=4394) to work on /home/airflow/.local/lib/python3.12/site-packages/airflow/example_dags/example_bash_operator.py
[2024-08-15T00:05:43.020+0000] {processor.py:830} INFO - Processing file /home/airflow/.local/lib/python3.12/site-packages/airflow/example_dags/example_bash_operator.py for tasks to queue
[2024-08-15T00:05:43.021+0000] {logging_mixin.py:188} INFO - [2024-08-15T00:05:43.021+0000] {dagbag.py:540} INFO - Filling up the DagBag from /home/airflow/.local/lib/python3.12/site-packages/airflow/example_dags/example_bash_operator.py
[2024-08-15T00:05:43.027+0000] {processor.py:840} INFO - DAG(s) 'example_bash_operator' retrieved from /home/airflow/.local/lib/python3.12/site-packages/airflow/example_dags/example_bash_operator.py
[2024-08-15T00:05:43.041+0000] {logging_mixin.py:188} INFO - [2024-08-15T00:05:43.041+0000] {dag.py:3096} INFO - Sync 1 DAGs
[2024-08-15T00:05:43.053+0000] {logging_mixin.py:188} INFO - [2024-08-15T00:05:43.053+0000] {dag.py:3954} INFO - Setting next_dagrun for example_bash_operator to 2024-08-14 00:00:00+00:00, run_after=2024-08-15 00:00:00+00:00
[2024-08-15T00:05:43.062+0000] {processor.py:183} INFO - Processing /home/airflow/.local/lib/python3.12/site-packages/airflow/example_dags/example_bash_operator.py took 0.045 seconds
[2024-08-15T00:06:13.652+0000] {processor.py:161} INFO - Started process (PID=4452) to work on /home/airflow/.local/lib/python3.12/site-packages/airflow/example_dags/example_bash_operator.py
[2024-08-15T00:06:13.653+0000] {processor.py:830} INFO - Processing file /home/airflow/.local/lib/python3.12/site-packages/airflow/example_dags/example_bash_operator.py for tasks to queue
[2024-08-15T00:06:13.654+0000] {logging_mixin.py:188} INFO - [2024-08-15T00:06:13.653+0000] {dagbag.py:540} INFO - Filling up the DagBag from /home/airflow/.local/lib/python3.12/site-packages/airflow/example_dags/example_bash_operator.py
[2024-08-15T00:06:13.659+0000] {processor.py:840} INFO - DAG(s) 'example_bash_operator' retrieved from /home/airflow/.local/lib/python3.12/site-packages/airflow/example_dags/example_bash_operator.py
[2024-08-15T00:06:13.673+0000] {logging_mixin.py:188} INFO - [2024-08-15T00:06:13.673+0000] {dag.py:3096} INFO - Sync 1 DAGs
[2024-08-15T00:06:13.685+0000] {logging_mixin.py:188} INFO - [2024-08-15T00:06:13.685+0000] {dag.py:3954} INFO - Setting next_dagrun for example_bash_operator to 2024-08-14 00:00:00+00:00, run_after=2024-08-15 00:00:00+00:00
[2024-08-15T00:06:13.694+0000] {processor.py:183} INFO - Processing /home/airflow/.local/lib/python3.12/site-packages/airflow/example_dags/example_bash_operator.py took 0.045 seconds
[2024-08-15T00:06:44.262+0000] {processor.py:161} INFO - Started process (PID=4510) to work on /home/airflow/.local/lib/python3.12/site-packages/airflow/example_dags/example_bash_operator.py
[2024-08-15T00:06:44.263+0000] {processor.py:830} INFO - Processing file /home/airflow/.local/lib/python3.12/site-packages/airflow/example_dags/example_bash_operator.py for tasks to queue
[2024-08-15T00:06:44.264+0000] {logging_mixin.py:188} INFO - [2024-08-15T00:06:44.263+0000] {dagbag.py:540} INFO - Filling up the DagBag from /home/airflow/.local/lib/python3.12/site-packages/airflow/example_dags/example_bash_operator.py
[2024-08-15T00:06:44.269+0000] {processor.py:840} INFO - DAG(s) 'example_bash_operator' retrieved from /home/airflow/.local/lib/python3.12/site-packages/airflow/example_dags/example_bash_operator.py
[2024-08-15T00:06:44.284+0000] {logging_mixin.py:188} INFO - [2024-08-15T00:06:44.284+0000] {dag.py:3096} INFO - Sync 1 DAGs
[2024-08-15T00:06:44.296+0000] {logging_mixin.py:188} INFO - [2024-08-15T00:06:44.296+0000] {dag.py:3954} INFO - Setting next_dagrun for example_bash_operator to 2024-08-14 00:00:00+00:00, run_after=2024-08-15 00:00:00+00:00
[2024-08-15T00:06:44.306+0000] {processor.py:183} INFO - Processing /home/airflow/.local/lib/python3.12/site-packages/airflow/example_dags/example_bash_operator.py took 0.047 seconds
[2024-08-15T00:07:14.796+0000] {processor.py:161} INFO - Started process (PID=4568) to work on /home/airflow/.local/lib/python3.12/site-packages/airflow/example_dags/example_bash_operator.py
[2024-08-15T00:07:14.796+0000] {processor.py:830} INFO - Processing file /home/airflow/.local/lib/python3.12/site-packages/airflow/example_dags/example_bash_operator.py for tasks to queue
[2024-08-15T00:07:14.797+0000] {logging_mixin.py:188} INFO - [2024-08-15T00:07:14.797+0000] {dagbag.py:540} INFO - Filling up the DagBag from /home/airflow/.local/lib/python3.12/site-packages/airflow/example_dags/example_bash_operator.py
[2024-08-15T00:07:14.803+0000] {processor.py:840} INFO - DAG(s) 'example_bash_operator' retrieved from /home/airflow/.local/lib/python3.12/site-packages/airflow/example_dags/example_bash_operator.py
[2024-08-15T00:07:14.817+0000] {logging_mixin.py:188} INFO - [2024-08-15T00:07:14.817+0000] {dag.py:3096} INFO - Sync 1 DAGs
[2024-08-15T00:07:14.829+0000] {logging_mixin.py:188} INFO - [2024-08-15T00:07:14.829+0000] {dag.py:3954} INFO - Setting next_dagrun for example_bash_operator to 2024-08-14 00:00:00+00:00, run_after=2024-08-15 00:00:00+00:00
[2024-08-15T00:07:14.838+0000] {processor.py:183} INFO - Processing /home/airflow/.local/lib/python3.12/site-packages/airflow/example_dags/example_bash_operator.py took 0.045 seconds
[2024-08-15T00:07:45.427+0000] {processor.py:161} INFO - Started process (PID=4626) to work on /home/airflow/.local/lib/python3.12/site-packages/airflow/example_dags/example_bash_operator.py
[2024-08-15T00:07:45.427+0000] {processor.py:830} INFO - Processing file /home/airflow/.local/lib/python3.12/site-packages/airflow/example_dags/example_bash_operator.py for tasks to queue
[2024-08-15T00:07:45.428+0000] {logging_mixin.py:188} INFO - [2024-08-15T00:07:45.428+0000] {dagbag.py:540} INFO - Filling up the DagBag from /home/airflow/.local/lib/python3.12/site-packages/airflow/example_dags/example_bash_operator.py
[2024-08-15T00:07:45.434+0000] {processor.py:840} INFO - DAG(s) 'example_bash_operator' retrieved from /home/airflow/.local/lib/python3.12/site-packages/airflow/example_dags/example_bash_operator.py
[2024-08-15T00:07:45.450+0000] {logging_mixin.py:188} INFO - [2024-08-15T00:07:45.449+0000] {dag.py:3096} INFO - Sync 1 DAGs
[2024-08-15T00:07:45.462+0000] {logging_mixin.py:188} INFO - [2024-08-15T00:07:45.462+0000] {dag.py:3954} INFO - Setting next_dagrun for example_bash_operator to 2024-08-14 00:00:00+00:00, run_after=2024-08-15 00:00:00+00:00
[2024-08-15T00:07:45.471+0000] {processor.py:183} INFO - Processing /home/airflow/.local/lib/python3.12/site-packages/airflow/example_dags/example_bash_operator.py took 0.048 seconds
[2024-08-15T00:08:16.105+0000] {processor.py:161} INFO - Started process (PID=4684) to work on /home/airflow/.local/lib/python3.12/site-packages/airflow/example_dags/example_bash_operator.py
[2024-08-15T00:08:16.105+0000] {processor.py:830} INFO - Processing file /home/airflow/.local/lib/python3.12/site-packages/airflow/example_dags/example_bash_operator.py for tasks to queue
[2024-08-15T00:08:16.106+0000] {logging_mixin.py:188} INFO - [2024-08-15T00:08:16.106+0000] {dagbag.py:540} INFO - Filling up the DagBag from /home/airflow/.local/lib/python3.12/site-packages/airflow/example_dags/example_bash_operator.py
[2024-08-15T00:08:16.112+0000] {processor.py:840} INFO - DAG(s) 'example_bash_operator' retrieved from /home/airflow/.local/lib/python3.12/site-packages/airflow/example_dags/example_bash_operator.py
[2024-08-15T00:08:16.128+0000] {logging_mixin.py:188} INFO - [2024-08-15T00:08:16.128+0000] {dag.py:3096} INFO - Sync 1 DAGs
[2024-08-15T00:08:16.140+0000] {logging_mixin.py:188} INFO - [2024-08-15T00:08:16.140+0000] {dag.py:3954} INFO - Setting next_dagrun for example_bash_operator to 2024-08-14 00:00:00+00:00, run_after=2024-08-15 00:00:00+00:00
[2024-08-15T00:08:16.149+0000] {processor.py:183} INFO - Processing /home/airflow/.local/lib/python3.12/site-packages/airflow/example_dags/example_bash_operator.py took 0.048 seconds
[2024-08-15T00:08:46.760+0000] {processor.py:161} INFO - Started process (PID=4742) to work on /home/airflow/.local/lib/python3.12/site-packages/airflow/example_dags/example_bash_operator.py
[2024-08-15T00:08:46.761+0000] {processor.py:830} INFO - Processing file /home/airflow/.local/lib/python3.12/site-packages/airflow/example_dags/example_bash_operator.py for tasks to queue
[2024-08-15T00:08:46.762+0000] {logging_mixin.py:188} INFO - [2024-08-15T00:08:46.761+0000] {dagbag.py:540} INFO - Filling up the DagBag from /home/airflow/.local/lib/python3.12/site-packages/airflow/example_dags/example_bash_operator.py
[2024-08-15T00:08:46.768+0000] {processor.py:840} INFO - DAG(s) 'example_bash_operator' retrieved from /home/airflow/.local/lib/python3.12/site-packages/airflow/example_dags/example_bash_operator.py
[2024-08-15T00:08:46.783+0000] {logging_mixin.py:188} INFO - [2024-08-15T00:08:46.783+0000] {dag.py:3096} INFO - Sync 1 DAGs
[2024-08-15T00:08:46.795+0000] {logging_mixin.py:188} INFO - [2024-08-15T00:08:46.795+0000] {dag.py:3954} INFO - Setting next_dagrun for example_bash_operator to 2024-08-14 00:00:00+00:00, run_after=2024-08-15 00:00:00+00:00
[2024-08-15T00:08:46.805+0000] {processor.py:183} INFO - Processing /home/airflow/.local/lib/python3.12/site-packages/airflow/example_dags/example_bash_operator.py took 0.048 seconds
[2024-08-15T00:09:17.432+0000] {processor.py:161} INFO - Started process (PID=4800) to work on /home/airflow/.local/lib/python3.12/site-packages/airflow/example_dags/example_bash_operator.py
[2024-08-15T00:09:17.433+0000] {processor.py:830} INFO - Processing file /home/airflow/.local/lib/python3.12/site-packages/airflow/example_dags/example_bash_operator.py for tasks to queue
[2024-08-15T00:09:17.434+0000] {logging_mixin.py:188} INFO - [2024-08-15T00:09:17.434+0000] {dagbag.py:540} INFO - Filling up the DagBag from /home/airflow/.local/lib/python3.12/site-packages/airflow/example_dags/example_bash_operator.py
[2024-08-15T00:09:17.440+0000] {processor.py:840} INFO - DAG(s) 'example_bash_operator' retrieved from /home/airflow/.local/lib/python3.12/site-packages/airflow/example_dags/example_bash_operator.py
[2024-08-15T00:09:17.454+0000] {logging_mixin.py:188} INFO - [2024-08-15T00:09:17.453+0000] {dag.py:3096} INFO - Sync 1 DAGs
[2024-08-15T00:09:17.465+0000] {logging_mixin.py:188} INFO - [2024-08-15T00:09:17.465+0000] {dag.py:3954} INFO - Setting next_dagrun for example_bash_operator to 2024-08-14 00:00:00+00:00, run_after=2024-08-15 00:00:00+00:00
[2024-08-15T00:09:17.474+0000] {processor.py:183} INFO - Processing /home/airflow/.local/lib/python3.12/site-packages/airflow/example_dags/example_bash_operator.py took 0.044 seconds
[2024-08-15T00:09:48.039+0000] {processor.py:161} INFO - Started process (PID=4858) to work on /home/airflow/.local/lib/python3.12/site-packages/airflow/example_dags/example_bash_operator.py
[2024-08-15T00:09:48.040+0000] {processor.py:830} INFO - Processing file /home/airflow/.local/lib/python3.12/site-packages/airflow/example_dags/example_bash_operator.py for tasks to queue
[2024-08-15T00:09:48.041+0000] {logging_mixin.py:188} INFO - [2024-08-15T00:09:48.041+0000] {dagbag.py:540} INFO - Filling up the DagBag from /home/airflow/.local/lib/python3.12/site-packages/airflow/example_dags/example_bash_operator.py
[2024-08-15T00:09:48.047+0000] {processor.py:840} INFO - DAG(s) 'example_bash_operator' retrieved from /home/airflow/.local/lib/python3.12/site-packages/airflow/example_dags/example_bash_operator.py
[2024-08-15T00:09:48.062+0000] {logging_mixin.py:188} INFO - [2024-08-15T00:09:48.061+0000] {dag.py:3096} INFO - Sync 1 DAGs
[2024-08-15T00:09:48.073+0000] {logging_mixin.py:188} INFO - [2024-08-15T00:09:48.073+0000] {dag.py:3954} INFO - Setting next_dagrun for example_bash_operator to 2024-08-14 00:00:00+00:00, run_after=2024-08-15 00:00:00+00:00
[2024-08-15T00:09:48.083+0000] {processor.py:183} INFO - Processing /home/airflow/.local/lib/python3.12/site-packages/airflow/example_dags/example_bash_operator.py took 0.047 seconds
[2024-08-15T00:10:18.657+0000] {processor.py:161} INFO - Started process (PID=4916) to work on /home/airflow/.local/lib/python3.12/site-packages/airflow/example_dags/example_bash_operator.py
[2024-08-15T00:10:18.657+0000] {processor.py:830} INFO - Processing file /home/airflow/.local/lib/python3.12/site-packages/airflow/example_dags/example_bash_operator.py for tasks to queue
[2024-08-15T00:10:18.658+0000] {logging_mixin.py:188} INFO - [2024-08-15T00:10:18.658+0000] {dagbag.py:540} INFO - Filling up the DagBag from /home/airflow/.local/lib/python3.12/site-packages/airflow/example_dags/example_bash_operator.py
[2024-08-15T00:10:18.665+0000] {processor.py:840} INFO - DAG(s) 'example_bash_operator' retrieved from /home/airflow/.local/lib/python3.12/site-packages/airflow/example_dags/example_bash_operator.py
[2024-08-15T00:10:18.680+0000] {logging_mixin.py:188} INFO - [2024-08-15T00:10:18.680+0000] {dag.py:3096} INFO - Sync 1 DAGs
[2024-08-15T00:10:18.693+0000] {logging_mixin.py:188} INFO - [2024-08-15T00:10:18.693+0000] {dag.py:3954} INFO - Setting next_dagrun for example_bash_operator to 2024-08-14 00:00:00+00:00, run_after=2024-08-15 00:00:00+00:00
[2024-08-15T00:10:18.704+0000] {processor.py:183} INFO - Processing /home/airflow/.local/lib/python3.12/site-packages/airflow/example_dags/example_bash_operator.py took 0.051 seconds
[2024-08-15T00:10:49.283+0000] {processor.py:161} INFO - Started process (PID=4974) to work on /home/airflow/.local/lib/python3.12/site-packages/airflow/example_dags/example_bash_operator.py
[2024-08-15T00:10:49.283+0000] {processor.py:830} INFO - Processing file /home/airflow/.local/lib/python3.12/site-packages/airflow/example_dags/example_bash_operator.py for tasks to queue
[2024-08-15T00:10:49.285+0000] {logging_mixin.py:188} INFO - [2024-08-15T00:10:49.284+0000] {dagbag.py:540} INFO - Filling up the DagBag from /home/airflow/.local/lib/python3.12/site-packages/airflow/example_dags/example_bash_operator.py
[2024-08-15T00:10:49.291+0000] {processor.py:840} INFO - DAG(s) 'example_bash_operator' retrieved from /home/airflow/.local/lib/python3.12/site-packages/airflow/example_dags/example_bash_operator.py
[2024-08-15T00:10:49.307+0000] {logging_mixin.py:188} INFO - [2024-08-15T00:10:49.307+0000] {dag.py:3096} INFO - Sync 1 DAGs
[2024-08-15T00:10:49.320+0000] {logging_mixin.py:188} INFO - [2024-08-15T00:10:49.320+0000] {dag.py:3954} INFO - Setting next_dagrun for example_bash_operator to 2024-08-14 00:00:00+00:00, run_after=2024-08-15 00:00:00+00:00
[2024-08-15T00:10:49.329+0000] {processor.py:183} INFO - Processing /home/airflow/.local/lib/python3.12/site-packages/airflow/example_dags/example_bash_operator.py took 0.050 seconds
[2024-08-15T00:11:19.933+0000] {processor.py:161} INFO - Started process (PID=5032) to work on /home/airflow/.local/lib/python3.12/site-packages/airflow/example_dags/example_bash_operator.py
[2024-08-15T00:11:19.933+0000] {processor.py:830} INFO - Processing file /home/airflow/.local/lib/python3.12/site-packages/airflow/example_dags/example_bash_operator.py for tasks to queue
[2024-08-15T00:11:19.934+0000] {logging_mixin.py:188} INFO - [2024-08-15T00:11:19.934+0000] {dagbag.py:540} INFO - Filling up the DagBag from /home/airflow/.local/lib/python3.12/site-packages/airflow/example_dags/example_bash_operator.py
[2024-08-15T00:11:19.940+0000] {processor.py:840} INFO - DAG(s) 'example_bash_operator' retrieved from /home/airflow/.local/lib/python3.12/site-packages/airflow/example_dags/example_bash_operator.py
[2024-08-15T00:11:19.954+0000] {logging_mixin.py:188} INFO - [2024-08-15T00:11:19.954+0000] {dag.py:3096} INFO - Sync 1 DAGs
[2024-08-15T00:11:19.965+0000] {logging_mixin.py:188} INFO - [2024-08-15T00:11:19.965+0000] {dag.py:3954} INFO - Setting next_dagrun for example_bash_operator to 2024-08-14 00:00:00+00:00, run_after=2024-08-15 00:00:00+00:00
[2024-08-15T00:11:19.975+0000] {processor.py:183} INFO - Processing /home/airflow/.local/lib/python3.12/site-packages/airflow/example_dags/example_bash_operator.py took 0.045 seconds
