[2024-08-15T00:00:05.331+0000] {processor.py:161} INFO - Started process (PID=3742) to work on /home/airflow/.local/lib/python3.12/site-packages/airflow/example_dags/example_complex.py
[2024-08-15T00:00:05.332+0000] {processor.py:830} INFO - Processing file /home/airflow/.local/lib/python3.12/site-packages/airflow/example_dags/example_complex.py for tasks to queue
[2024-08-15T00:00:05.333+0000] {logging_mixin.py:188} INFO - [2024-08-15T00:00:05.333+0000] {dagbag.py:540} INFO - Filling up the DagBag from /home/airflow/.local/lib/python3.12/site-packages/airflow/example_dags/example_complex.py
[2024-08-15T00:00:05.338+0000] {processor.py:840} INFO - DAG(s) 'example_complex' retrieved from /home/airflow/.local/lib/python3.12/site-packages/airflow/example_dags/example_complex.py
[2024-08-15T00:00:05.357+0000] {logging_mixin.py:188} INFO - [2024-08-15T00:00:05.357+0000] {dag.py:3096} INFO - Sync 1 DAGs
[2024-08-15T00:00:05.364+0000] {logging_mixin.py:188} INFO - [2024-08-15T00:00:05.364+0000] {dag.py:3954} INFO - Setting next_dagrun for example_complex to None, run_after=None
[2024-08-15T00:00:05.373+0000] {processor.py:183} INFO - Processing /home/airflow/.local/lib/python3.12/site-packages/airflow/example_dags/example_complex.py took 0.045 seconds
[2024-08-15T00:00:36.013+0000] {processor.py:161} INFO - Started process (PID=3800) to work on /home/airflow/.local/lib/python3.12/site-packages/airflow/example_dags/example_complex.py
[2024-08-15T00:00:36.013+0000] {processor.py:830} INFO - Processing file /home/airflow/.local/lib/python3.12/site-packages/airflow/example_dags/example_complex.py for tasks to queue
[2024-08-15T00:00:36.014+0000] {logging_mixin.py:188} INFO - [2024-08-15T00:00:36.014+0000] {dagbag.py:540} INFO - Filling up the DagBag from /home/airflow/.local/lib/python3.12/site-packages/airflow/example_dags/example_complex.py
[2024-08-15T00:00:36.020+0000] {processor.py:840} INFO - DAG(s) 'example_complex' retrieved from /home/airflow/.local/lib/python3.12/site-packages/airflow/example_dags/example_complex.py
[2024-08-15T00:00:36.039+0000] {logging_mixin.py:188} INFO - [2024-08-15T00:00:36.039+0000] {dag.py:3096} INFO - Sync 1 DAGs
[2024-08-15T00:00:36.046+0000] {logging_mixin.py:188} INFO - [2024-08-15T00:00:36.046+0000] {dag.py:3954} INFO - Setting next_dagrun for example_complex to None, run_after=None
[2024-08-15T00:00:36.056+0000] {processor.py:183} INFO - Processing /home/airflow/.local/lib/python3.12/site-packages/airflow/example_dags/example_complex.py took 0.047 seconds
[2024-08-15T00:01:06.635+0000] {processor.py:161} INFO - Started process (PID=3858) to work on /home/airflow/.local/lib/python3.12/site-packages/airflow/example_dags/example_complex.py
[2024-08-15T00:01:06.635+0000] {processor.py:830} INFO - Processing file /home/airflow/.local/lib/python3.12/site-packages/airflow/example_dags/example_complex.py for tasks to queue
[2024-08-15T00:01:06.636+0000] {logging_mixin.py:188} INFO - [2024-08-15T00:01:06.636+0000] {dagbag.py:540} INFO - Filling up the DagBag from /home/airflow/.local/lib/python3.12/site-packages/airflow/example_dags/example_complex.py
[2024-08-15T00:01:06.641+0000] {processor.py:840} INFO - DAG(s) 'example_complex' retrieved from /home/airflow/.local/lib/python3.12/site-packages/airflow/example_dags/example_complex.py
[2024-08-15T00:01:06.659+0000] {logging_mixin.py:188} INFO - [2024-08-15T00:01:06.659+0000] {dag.py:3096} INFO - Sync 1 DAGs
[2024-08-15T00:01:06.666+0000] {logging_mixin.py:188} INFO - [2024-08-15T00:01:06.666+0000] {dag.py:3954} INFO - Setting next_dagrun for example_complex to None, run_after=None
[2024-08-15T00:01:06.677+0000] {processor.py:183} INFO - Processing /home/airflow/.local/lib/python3.12/site-packages/airflow/example_dags/example_complex.py took 0.045 seconds
[2024-08-15T00:01:37.313+0000] {processor.py:161} INFO - Started process (PID=3916) to work on /home/airflow/.local/lib/python3.12/site-packages/airflow/example_dags/example_complex.py
[2024-08-15T00:01:37.313+0000] {processor.py:830} INFO - Processing file /home/airflow/.local/lib/python3.12/site-packages/airflow/example_dags/example_complex.py for tasks to queue
[2024-08-15T00:01:37.314+0000] {logging_mixin.py:188} INFO - [2024-08-15T00:01:37.314+0000] {dagbag.py:540} INFO - Filling up the DagBag from /home/airflow/.local/lib/python3.12/site-packages/airflow/example_dags/example_complex.py
[2024-08-15T00:01:37.320+0000] {processor.py:840} INFO - DAG(s) 'example_complex' retrieved from /home/airflow/.local/lib/python3.12/site-packages/airflow/example_dags/example_complex.py
[2024-08-15T00:01:37.337+0000] {logging_mixin.py:188} INFO - [2024-08-15T00:01:37.337+0000] {dag.py:3096} INFO - Sync 1 DAGs
[2024-08-15T00:01:37.344+0000] {logging_mixin.py:188} INFO - [2024-08-15T00:01:37.344+0000] {dag.py:3954} INFO - Setting next_dagrun for example_complex to None, run_after=None
[2024-08-15T00:01:37.353+0000] {processor.py:183} INFO - Processing /home/airflow/.local/lib/python3.12/site-packages/airflow/example_dags/example_complex.py took 0.043 seconds
[2024-08-15T00:02:07.947+0000] {processor.py:161} INFO - Started process (PID=3974) to work on /home/airflow/.local/lib/python3.12/site-packages/airflow/example_dags/example_complex.py
[2024-08-15T00:02:07.948+0000] {processor.py:830} INFO - Processing file /home/airflow/.local/lib/python3.12/site-packages/airflow/example_dags/example_complex.py for tasks to queue
[2024-08-15T00:02:07.949+0000] {logging_mixin.py:188} INFO - [2024-08-15T00:02:07.948+0000] {dagbag.py:540} INFO - Filling up the DagBag from /home/airflow/.local/lib/python3.12/site-packages/airflow/example_dags/example_complex.py
[2024-08-15T00:02:07.954+0000] {processor.py:840} INFO - DAG(s) 'example_complex' retrieved from /home/airflow/.local/lib/python3.12/site-packages/airflow/example_dags/example_complex.py
[2024-08-15T00:02:07.973+0000] {logging_mixin.py:188} INFO - [2024-08-15T00:02:07.973+0000] {dag.py:3096} INFO - Sync 1 DAGs
[2024-08-15T00:02:07.980+0000] {logging_mixin.py:188} INFO - [2024-08-15T00:02:07.979+0000] {dag.py:3954} INFO - Setting next_dagrun for example_complex to None, run_after=None
[2024-08-15T00:02:07.989+0000] {processor.py:183} INFO - Processing /home/airflow/.local/lib/python3.12/site-packages/airflow/example_dags/example_complex.py took 0.045 seconds
[2024-08-15T00:02:38.635+0000] {processor.py:161} INFO - Started process (PID=4032) to work on /home/airflow/.local/lib/python3.12/site-packages/airflow/example_dags/example_complex.py
[2024-08-15T00:02:38.636+0000] {processor.py:830} INFO - Processing file /home/airflow/.local/lib/python3.12/site-packages/airflow/example_dags/example_complex.py for tasks to queue
[2024-08-15T00:02:38.637+0000] {logging_mixin.py:188} INFO - [2024-08-15T00:02:38.637+0000] {dagbag.py:540} INFO - Filling up the DagBag from /home/airflow/.local/lib/python3.12/site-packages/airflow/example_dags/example_complex.py
[2024-08-15T00:02:38.643+0000] {processor.py:840} INFO - DAG(s) 'example_complex' retrieved from /home/airflow/.local/lib/python3.12/site-packages/airflow/example_dags/example_complex.py
[2024-08-15T00:02:38.663+0000] {logging_mixin.py:188} INFO - [2024-08-15T00:02:38.663+0000] {dag.py:3096} INFO - Sync 1 DAGs
[2024-08-15T00:02:38.671+0000] {logging_mixin.py:188} INFO - [2024-08-15T00:02:38.671+0000] {dag.py:3954} INFO - Setting next_dagrun for example_complex to None, run_after=None
[2024-08-15T00:02:38.681+0000] {processor.py:183} INFO - Processing /home/airflow/.local/lib/python3.12/site-packages/airflow/example_dags/example_complex.py took 0.049 seconds
[2024-08-15T00:03:09.168+0000] {processor.py:161} INFO - Started process (PID=4090) to work on /home/airflow/.local/lib/python3.12/site-packages/airflow/example_dags/example_complex.py
[2024-08-15T00:03:09.168+0000] {processor.py:830} INFO - Processing file /home/airflow/.local/lib/python3.12/site-packages/airflow/example_dags/example_complex.py for tasks to queue
[2024-08-15T00:03:09.169+0000] {logging_mixin.py:188} INFO - [2024-08-15T00:03:09.169+0000] {dagbag.py:540} INFO - Filling up the DagBag from /home/airflow/.local/lib/python3.12/site-packages/airflow/example_dags/example_complex.py
[2024-08-15T00:03:09.175+0000] {processor.py:840} INFO - DAG(s) 'example_complex' retrieved from /home/airflow/.local/lib/python3.12/site-packages/airflow/example_dags/example_complex.py
[2024-08-15T00:03:09.193+0000] {logging_mixin.py:188} INFO - [2024-08-15T00:03:09.193+0000] {dag.py:3096} INFO - Sync 1 DAGs
[2024-08-15T00:03:09.200+0000] {logging_mixin.py:188} INFO - [2024-08-15T00:03:09.200+0000] {dag.py:3954} INFO - Setting next_dagrun for example_complex to None, run_after=None
[2024-08-15T00:03:09.210+0000] {processor.py:183} INFO - Processing /home/airflow/.local/lib/python3.12/site-packages/airflow/example_dags/example_complex.py took 0.046 seconds
[2024-08-15T00:03:39.879+0000] {processor.py:161} INFO - Started process (PID=4148) to work on /home/airflow/.local/lib/python3.12/site-packages/airflow/example_dags/example_complex.py
[2024-08-15T00:03:39.879+0000] {processor.py:830} INFO - Processing file /home/airflow/.local/lib/python3.12/site-packages/airflow/example_dags/example_complex.py for tasks to queue
[2024-08-15T00:03:39.880+0000] {logging_mixin.py:188} INFO - [2024-08-15T00:03:39.880+0000] {dagbag.py:540} INFO - Filling up the DagBag from /home/airflow/.local/lib/python3.12/site-packages/airflow/example_dags/example_complex.py
[2024-08-15T00:03:39.885+0000] {processor.py:840} INFO - DAG(s) 'example_complex' retrieved from /home/airflow/.local/lib/python3.12/site-packages/airflow/example_dags/example_complex.py
[2024-08-15T00:03:39.903+0000] {logging_mixin.py:188} INFO - [2024-08-15T00:03:39.903+0000] {dag.py:3096} INFO - Sync 1 DAGs
[2024-08-15T00:03:39.909+0000] {logging_mixin.py:188} INFO - [2024-08-15T00:03:39.909+0000] {dag.py:3954} INFO - Setting next_dagrun for example_complex to None, run_after=None
[2024-08-15T00:03:39.918+0000] {processor.py:183} INFO - Processing /home/airflow/.local/lib/python3.12/site-packages/airflow/example_dags/example_complex.py took 0.043 seconds
[2024-08-15T00:04:10.503+0000] {processor.py:161} INFO - Started process (PID=4206) to work on /home/airflow/.local/lib/python3.12/site-packages/airflow/example_dags/example_complex.py
[2024-08-15T00:04:10.504+0000] {processor.py:830} INFO - Processing file /home/airflow/.local/lib/python3.12/site-packages/airflow/example_dags/example_complex.py for tasks to queue
[2024-08-15T00:04:10.505+0000] {logging_mixin.py:188} INFO - [2024-08-15T00:04:10.505+0000] {dagbag.py:540} INFO - Filling up the DagBag from /home/airflow/.local/lib/python3.12/site-packages/airflow/example_dags/example_complex.py
[2024-08-15T00:04:10.510+0000] {processor.py:840} INFO - DAG(s) 'example_complex' retrieved from /home/airflow/.local/lib/python3.12/site-packages/airflow/example_dags/example_complex.py
[2024-08-15T00:04:10.529+0000] {logging_mixin.py:188} INFO - [2024-08-15T00:04:10.529+0000] {dag.py:3096} INFO - Sync 1 DAGs
[2024-08-15T00:04:10.536+0000] {logging_mixin.py:188} INFO - [2024-08-15T00:04:10.536+0000] {dag.py:3954} INFO - Setting next_dagrun for example_complex to None, run_after=None
[2024-08-15T00:04:10.546+0000] {processor.py:183} INFO - Processing /home/airflow/.local/lib/python3.12/site-packages/airflow/example_dags/example_complex.py took 0.046 seconds
[2024-08-15T00:04:41.159+0000] {processor.py:161} INFO - Started process (PID=4264) to work on /home/airflow/.local/lib/python3.12/site-packages/airflow/example_dags/example_complex.py
[2024-08-15T00:04:41.159+0000] {processor.py:830} INFO - Processing file /home/airflow/.local/lib/python3.12/site-packages/airflow/example_dags/example_complex.py for tasks to queue
[2024-08-15T00:04:41.160+0000] {logging_mixin.py:188} INFO - [2024-08-15T00:04:41.160+0000] {dagbag.py:540} INFO - Filling up the DagBag from /home/airflow/.local/lib/python3.12/site-packages/airflow/example_dags/example_complex.py
[2024-08-15T00:04:41.166+0000] {processor.py:840} INFO - DAG(s) 'example_complex' retrieved from /home/airflow/.local/lib/python3.12/site-packages/airflow/example_dags/example_complex.py
[2024-08-15T00:04:41.186+0000] {logging_mixin.py:188} INFO - [2024-08-15T00:04:41.186+0000] {dag.py:3096} INFO - Sync 1 DAGs
[2024-08-15T00:04:41.195+0000] {logging_mixin.py:188} INFO - [2024-08-15T00:04:41.195+0000] {dag.py:3954} INFO - Setting next_dagrun for example_complex to None, run_after=None
[2024-08-15T00:04:41.207+0000] {processor.py:183} INFO - Processing /home/airflow/.local/lib/python3.12/site-packages/airflow/example_dags/example_complex.py took 0.052 seconds
[2024-08-15T00:05:11.827+0000] {processor.py:161} INFO - Started process (PID=4322) to work on /home/airflow/.local/lib/python3.12/site-packages/airflow/example_dags/example_complex.py
[2024-08-15T00:05:11.828+0000] {processor.py:830} INFO - Processing file /home/airflow/.local/lib/python3.12/site-packages/airflow/example_dags/example_complex.py for tasks to queue
[2024-08-15T00:05:11.829+0000] {logging_mixin.py:188} INFO - [2024-08-15T00:05:11.828+0000] {dagbag.py:540} INFO - Filling up the DagBag from /home/airflow/.local/lib/python3.12/site-packages/airflow/example_dags/example_complex.py
[2024-08-15T00:05:11.834+0000] {processor.py:840} INFO - DAG(s) 'example_complex' retrieved from /home/airflow/.local/lib/python3.12/site-packages/airflow/example_dags/example_complex.py
[2024-08-15T00:05:11.853+0000] {logging_mixin.py:188} INFO - [2024-08-15T00:05:11.853+0000] {dag.py:3096} INFO - Sync 1 DAGs
[2024-08-15T00:05:11.860+0000] {logging_mixin.py:188} INFO - [2024-08-15T00:05:11.859+0000] {dag.py:3954} INFO - Setting next_dagrun for example_complex to None, run_after=None
[2024-08-15T00:05:11.869+0000] {processor.py:183} INFO - Processing /home/airflow/.local/lib/python3.12/site-packages/airflow/example_dags/example_complex.py took 0.045 seconds
[2024-08-15T00:05:42.489+0000] {processor.py:161} INFO - Started process (PID=4380) to work on /home/airflow/.local/lib/python3.12/site-packages/airflow/example_dags/example_complex.py
[2024-08-15T00:05:42.490+0000] {processor.py:830} INFO - Processing file /home/airflow/.local/lib/python3.12/site-packages/airflow/example_dags/example_complex.py for tasks to queue
[2024-08-15T00:05:42.491+0000] {logging_mixin.py:188} INFO - [2024-08-15T00:05:42.491+0000] {dagbag.py:540} INFO - Filling up the DagBag from /home/airflow/.local/lib/python3.12/site-packages/airflow/example_dags/example_complex.py
[2024-08-15T00:05:42.497+0000] {processor.py:840} INFO - DAG(s) 'example_complex' retrieved from /home/airflow/.local/lib/python3.12/site-packages/airflow/example_dags/example_complex.py
[2024-08-15T00:05:42.517+0000] {logging_mixin.py:188} INFO - [2024-08-15T00:05:42.517+0000] {dag.py:3096} INFO - Sync 1 DAGs
[2024-08-15T00:05:42.524+0000] {logging_mixin.py:188} INFO - [2024-08-15T00:05:42.524+0000] {dag.py:3954} INFO - Setting next_dagrun for example_complex to None, run_after=None
[2024-08-15T00:05:42.535+0000] {processor.py:183} INFO - Processing /home/airflow/.local/lib/python3.12/site-packages/airflow/example_dags/example_complex.py took 0.049 seconds
[2024-08-15T00:06:13.156+0000] {processor.py:161} INFO - Started process (PID=4438) to work on /home/airflow/.local/lib/python3.12/site-packages/airflow/example_dags/example_complex.py
[2024-08-15T00:06:13.156+0000] {processor.py:830} INFO - Processing file /home/airflow/.local/lib/python3.12/site-packages/airflow/example_dags/example_complex.py for tasks to queue
[2024-08-15T00:06:13.157+0000] {logging_mixin.py:188} INFO - [2024-08-15T00:06:13.157+0000] {dagbag.py:540} INFO - Filling up the DagBag from /home/airflow/.local/lib/python3.12/site-packages/airflow/example_dags/example_complex.py
[2024-08-15T00:06:13.163+0000] {processor.py:840} INFO - DAG(s) 'example_complex' retrieved from /home/airflow/.local/lib/python3.12/site-packages/airflow/example_dags/example_complex.py
[2024-08-15T00:06:13.181+0000] {logging_mixin.py:188} INFO - [2024-08-15T00:06:13.181+0000] {dag.py:3096} INFO - Sync 1 DAGs
[2024-08-15T00:06:13.188+0000] {logging_mixin.py:188} INFO - [2024-08-15T00:06:13.188+0000] {dag.py:3954} INFO - Setting next_dagrun for example_complex to None, run_after=None
[2024-08-15T00:06:13.198+0000] {processor.py:183} INFO - Processing /home/airflow/.local/lib/python3.12/site-packages/airflow/example_dags/example_complex.py took 0.046 seconds
[2024-08-15T00:06:43.757+0000] {processor.py:161} INFO - Started process (PID=4496) to work on /home/airflow/.local/lib/python3.12/site-packages/airflow/example_dags/example_complex.py
[2024-08-15T00:06:43.757+0000] {processor.py:830} INFO - Processing file /home/airflow/.local/lib/python3.12/site-packages/airflow/example_dags/example_complex.py for tasks to queue
[2024-08-15T00:06:43.758+0000] {logging_mixin.py:188} INFO - [2024-08-15T00:06:43.758+0000] {dagbag.py:540} INFO - Filling up the DagBag from /home/airflow/.local/lib/python3.12/site-packages/airflow/example_dags/example_complex.py
[2024-08-15T00:06:43.764+0000] {processor.py:840} INFO - DAG(s) 'example_complex' retrieved from /home/airflow/.local/lib/python3.12/site-packages/airflow/example_dags/example_complex.py
[2024-08-15T00:06:43.782+0000] {logging_mixin.py:188} INFO - [2024-08-15T00:06:43.782+0000] {dag.py:3096} INFO - Sync 1 DAGs
[2024-08-15T00:06:43.790+0000] {logging_mixin.py:188} INFO - [2024-08-15T00:06:43.790+0000] {dag.py:3954} INFO - Setting next_dagrun for example_complex to None, run_after=None
[2024-08-15T00:06:43.800+0000] {processor.py:183} INFO - Processing /home/airflow/.local/lib/python3.12/site-packages/airflow/example_dags/example_complex.py took 0.047 seconds
[2024-08-15T00:07:14.318+0000] {processor.py:161} INFO - Started process (PID=4554) to work on /home/airflow/.local/lib/python3.12/site-packages/airflow/example_dags/example_complex.py
[2024-08-15T00:07:14.318+0000] {processor.py:830} INFO - Processing file /home/airflow/.local/lib/python3.12/site-packages/airflow/example_dags/example_complex.py for tasks to queue
[2024-08-15T00:07:14.319+0000] {logging_mixin.py:188} INFO - [2024-08-15T00:07:14.319+0000] {dagbag.py:540} INFO - Filling up the DagBag from /home/airflow/.local/lib/python3.12/site-packages/airflow/example_dags/example_complex.py
[2024-08-15T00:07:14.324+0000] {processor.py:840} INFO - DAG(s) 'example_complex' retrieved from /home/airflow/.local/lib/python3.12/site-packages/airflow/example_dags/example_complex.py
[2024-08-15T00:07:14.342+0000] {logging_mixin.py:188} INFO - [2024-08-15T00:07:14.342+0000] {dag.py:3096} INFO - Sync 1 DAGs
[2024-08-15T00:07:14.348+0000] {logging_mixin.py:188} INFO - [2024-08-15T00:07:14.348+0000] {dag.py:3954} INFO - Setting next_dagrun for example_complex to None, run_after=None
[2024-08-15T00:07:14.357+0000] {processor.py:183} INFO - Processing /home/airflow/.local/lib/python3.12/site-packages/airflow/example_dags/example_complex.py took 0.042 seconds
[2024-08-15T00:07:44.989+0000] {processor.py:161} INFO - Started process (PID=4612) to work on /home/airflow/.local/lib/python3.12/site-packages/airflow/example_dags/example_complex.py
[2024-08-15T00:07:44.990+0000] {processor.py:830} INFO - Processing file /home/airflow/.local/lib/python3.12/site-packages/airflow/example_dags/example_complex.py for tasks to queue
[2024-08-15T00:07:44.991+0000] {logging_mixin.py:188} INFO - [2024-08-15T00:07:44.991+0000] {dagbag.py:540} INFO - Filling up the DagBag from /home/airflow/.local/lib/python3.12/site-packages/airflow/example_dags/example_complex.py
[2024-08-15T00:07:44.996+0000] {processor.py:840} INFO - DAG(s) 'example_complex' retrieved from /home/airflow/.local/lib/python3.12/site-packages/airflow/example_dags/example_complex.py
[2024-08-15T00:07:45.014+0000] {logging_mixin.py:188} INFO - [2024-08-15T00:07:45.014+0000] {dag.py:3096} INFO - Sync 1 DAGs
[2024-08-15T00:07:45.020+0000] {logging_mixin.py:188} INFO - [2024-08-15T00:07:45.020+0000] {dag.py:3954} INFO - Setting next_dagrun for example_complex to None, run_after=None
[2024-08-15T00:07:45.029+0000] {processor.py:183} INFO - Processing /home/airflow/.local/lib/python3.12/site-packages/airflow/example_dags/example_complex.py took 0.043 seconds
[2024-08-15T00:08:15.625+0000] {processor.py:161} INFO - Started process (PID=4670) to work on /home/airflow/.local/lib/python3.12/site-packages/airflow/example_dags/example_complex.py
[2024-08-15T00:08:15.625+0000] {processor.py:830} INFO - Processing file /home/airflow/.local/lib/python3.12/site-packages/airflow/example_dags/example_complex.py for tasks to queue
[2024-08-15T00:08:15.626+0000] {logging_mixin.py:188} INFO - [2024-08-15T00:08:15.626+0000] {dagbag.py:540} INFO - Filling up the DagBag from /home/airflow/.local/lib/python3.12/site-packages/airflow/example_dags/example_complex.py
[2024-08-15T00:08:15.632+0000] {processor.py:840} INFO - DAG(s) 'example_complex' retrieved from /home/airflow/.local/lib/python3.12/site-packages/airflow/example_dags/example_complex.py
[2024-08-15T00:08:15.650+0000] {logging_mixin.py:188} INFO - [2024-08-15T00:08:15.650+0000] {dag.py:3096} INFO - Sync 1 DAGs
[2024-08-15T00:08:15.657+0000] {logging_mixin.py:188} INFO - [2024-08-15T00:08:15.657+0000] {dag.py:3954} INFO - Setting next_dagrun for example_complex to None, run_after=None
[2024-08-15T00:08:15.666+0000] {processor.py:183} INFO - Processing /home/airflow/.local/lib/python3.12/site-packages/airflow/example_dags/example_complex.py took 0.045 seconds
[2024-08-15T00:08:46.228+0000] {processor.py:161} INFO - Started process (PID=4728) to work on /home/airflow/.local/lib/python3.12/site-packages/airflow/example_dags/example_complex.py
[2024-08-15T00:08:46.228+0000] {processor.py:830} INFO - Processing file /home/airflow/.local/lib/python3.12/site-packages/airflow/example_dags/example_complex.py for tasks to queue
[2024-08-15T00:08:46.229+0000] {logging_mixin.py:188} INFO - [2024-08-15T00:08:46.229+0000] {dagbag.py:540} INFO - Filling up the DagBag from /home/airflow/.local/lib/python3.12/site-packages/airflow/example_dags/example_complex.py
[2024-08-15T00:08:46.235+0000] {processor.py:840} INFO - DAG(s) 'example_complex' retrieved from /home/airflow/.local/lib/python3.12/site-packages/airflow/example_dags/example_complex.py
[2024-08-15T00:08:46.254+0000] {logging_mixin.py:188} INFO - [2024-08-15T00:08:46.253+0000] {dag.py:3096} INFO - Sync 1 DAGs
[2024-08-15T00:08:46.260+0000] {logging_mixin.py:188} INFO - [2024-08-15T00:08:46.260+0000] {dag.py:3954} INFO - Setting next_dagrun for example_complex to None, run_after=None
[2024-08-15T00:08:46.271+0000] {processor.py:183} INFO - Processing /home/airflow/.local/lib/python3.12/site-packages/airflow/example_dags/example_complex.py took 0.046 seconds
[2024-08-15T00:09:16.921+0000] {processor.py:161} INFO - Started process (PID=4786) to work on /home/airflow/.local/lib/python3.12/site-packages/airflow/example_dags/example_complex.py
[2024-08-15T00:09:16.922+0000] {processor.py:830} INFO - Processing file /home/airflow/.local/lib/python3.12/site-packages/airflow/example_dags/example_complex.py for tasks to queue
[2024-08-15T00:09:16.923+0000] {logging_mixin.py:188} INFO - [2024-08-15T00:09:16.923+0000] {dagbag.py:540} INFO - Filling up the DagBag from /home/airflow/.local/lib/python3.12/site-packages/airflow/example_dags/example_complex.py
[2024-08-15T00:09:16.928+0000] {processor.py:840} INFO - DAG(s) 'example_complex' retrieved from /home/airflow/.local/lib/python3.12/site-packages/airflow/example_dags/example_complex.py
[2024-08-15T00:09:16.947+0000] {logging_mixin.py:188} INFO - [2024-08-15T00:09:16.947+0000] {dag.py:3096} INFO - Sync 1 DAGs
[2024-08-15T00:09:16.954+0000] {logging_mixin.py:188} INFO - [2024-08-15T00:09:16.954+0000] {dag.py:3954} INFO - Setting next_dagrun for example_complex to None, run_after=None
[2024-08-15T00:09:16.964+0000] {processor.py:183} INFO - Processing /home/airflow/.local/lib/python3.12/site-packages/airflow/example_dags/example_complex.py took 0.046 seconds
[2024-08-15T00:09:47.550+0000] {processor.py:161} INFO - Started process (PID=4844) to work on /home/airflow/.local/lib/python3.12/site-packages/airflow/example_dags/example_complex.py
[2024-08-15T00:09:47.550+0000] {processor.py:830} INFO - Processing file /home/airflow/.local/lib/python3.12/site-packages/airflow/example_dags/example_complex.py for tasks to queue
[2024-08-15T00:09:47.551+0000] {logging_mixin.py:188} INFO - [2024-08-15T00:09:47.551+0000] {dagbag.py:540} INFO - Filling up the DagBag from /home/airflow/.local/lib/python3.12/site-packages/airflow/example_dags/example_complex.py
[2024-08-15T00:09:47.556+0000] {processor.py:840} INFO - DAG(s) 'example_complex' retrieved from /home/airflow/.local/lib/python3.12/site-packages/airflow/example_dags/example_complex.py
[2024-08-15T00:09:47.573+0000] {logging_mixin.py:188} INFO - [2024-08-15T00:09:47.573+0000] {dag.py:3096} INFO - Sync 1 DAGs
[2024-08-15T00:09:47.580+0000] {logging_mixin.py:188} INFO - [2024-08-15T00:09:47.580+0000] {dag.py:3954} INFO - Setting next_dagrun for example_complex to None, run_after=None
[2024-08-15T00:09:47.589+0000] {processor.py:183} INFO - Processing /home/airflow/.local/lib/python3.12/site-packages/airflow/example_dags/example_complex.py took 0.042 seconds
[2024-08-15T00:10:18.196+0000] {processor.py:161} INFO - Started process (PID=4902) to work on /home/airflow/.local/lib/python3.12/site-packages/airflow/example_dags/example_complex.py
[2024-08-15T00:10:18.197+0000] {processor.py:830} INFO - Processing file /home/airflow/.local/lib/python3.12/site-packages/airflow/example_dags/example_complex.py for tasks to queue
[2024-08-15T00:10:18.198+0000] {logging_mixin.py:188} INFO - [2024-08-15T00:10:18.198+0000] {dagbag.py:540} INFO - Filling up the DagBag from /home/airflow/.local/lib/python3.12/site-packages/airflow/example_dags/example_complex.py
[2024-08-15T00:10:18.203+0000] {processor.py:840} INFO - DAG(s) 'example_complex' retrieved from /home/airflow/.local/lib/python3.12/site-packages/airflow/example_dags/example_complex.py
[2024-08-15T00:10:18.221+0000] {logging_mixin.py:188} INFO - [2024-08-15T00:10:18.221+0000] {dag.py:3096} INFO - Sync 1 DAGs
[2024-08-15T00:10:18.228+0000] {logging_mixin.py:188} INFO - [2024-08-15T00:10:18.228+0000] {dag.py:3954} INFO - Setting next_dagrun for example_complex to None, run_after=None
[2024-08-15T00:10:18.237+0000] {processor.py:183} INFO - Processing /home/airflow/.local/lib/python3.12/site-packages/airflow/example_dags/example_complex.py took 0.044 seconds
[2024-08-15T00:10:48.844+0000] {processor.py:161} INFO - Started process (PID=4960) to work on /home/airflow/.local/lib/python3.12/site-packages/airflow/example_dags/example_complex.py
[2024-08-15T00:10:48.844+0000] {processor.py:830} INFO - Processing file /home/airflow/.local/lib/python3.12/site-packages/airflow/example_dags/example_complex.py for tasks to queue
[2024-08-15T00:10:48.845+0000] {logging_mixin.py:188} INFO - [2024-08-15T00:10:48.845+0000] {dagbag.py:540} INFO - Filling up the DagBag from /home/airflow/.local/lib/python3.12/site-packages/airflow/example_dags/example_complex.py
[2024-08-15T00:10:48.851+0000] {processor.py:840} INFO - DAG(s) 'example_complex' retrieved from /home/airflow/.local/lib/python3.12/site-packages/airflow/example_dags/example_complex.py
[2024-08-15T00:10:48.870+0000] {logging_mixin.py:188} INFO - [2024-08-15T00:10:48.870+0000] {dag.py:3096} INFO - Sync 1 DAGs
[2024-08-15T00:10:48.877+0000] {logging_mixin.py:188} INFO - [2024-08-15T00:10:48.877+0000] {dag.py:3954} INFO - Setting next_dagrun for example_complex to None, run_after=None
[2024-08-15T00:10:48.887+0000] {processor.py:183} INFO - Processing /home/airflow/.local/lib/python3.12/site-packages/airflow/example_dags/example_complex.py took 0.047 seconds
[2024-08-15T00:11:19.434+0000] {processor.py:161} INFO - Started process (PID=5018) to work on /home/airflow/.local/lib/python3.12/site-packages/airflow/example_dags/example_complex.py
[2024-08-15T00:11:19.435+0000] {processor.py:830} INFO - Processing file /home/airflow/.local/lib/python3.12/site-packages/airflow/example_dags/example_complex.py for tasks to queue
[2024-08-15T00:11:19.436+0000] {logging_mixin.py:188} INFO - [2024-08-15T00:11:19.435+0000] {dagbag.py:540} INFO - Filling up the DagBag from /home/airflow/.local/lib/python3.12/site-packages/airflow/example_dags/example_complex.py
[2024-08-15T00:11:19.441+0000] {processor.py:840} INFO - DAG(s) 'example_complex' retrieved from /home/airflow/.local/lib/python3.12/site-packages/airflow/example_dags/example_complex.py
[2024-08-15T00:11:19.458+0000] {logging_mixin.py:188} INFO - [2024-08-15T00:11:19.458+0000] {dag.py:3096} INFO - Sync 1 DAGs
[2024-08-15T00:11:19.465+0000] {logging_mixin.py:188} INFO - [2024-08-15T00:11:19.465+0000] {dag.py:3954} INFO - Setting next_dagrun for example_complex to None, run_after=None
[2024-08-15T00:11:19.474+0000] {processor.py:183} INFO - Processing /home/airflow/.local/lib/python3.12/site-packages/airflow/example_dags/example_complex.py took 0.043 seconds
