[2024-08-15T00:00:02.073+0000] {processor.py:161} INFO - Started process (PID=3731) to work on /home/airflow/.local/lib/python3.12/site-packages/airflow/example_dags/example_time_delta_sensor_async.py
[2024-08-15T00:00:02.073+0000] {processor.py:830} INFO - Processing file /home/airflow/.local/lib/python3.12/site-packages/airflow/example_dags/example_time_delta_sensor_async.py for tasks to queue
[2024-08-15T00:00:02.074+0000] {logging_mixin.py:188} INFO - [2024-08-15T00:00:02.074+0000] {dagbag.py:540} INFO - Filling up the DagBag from /home/airflow/.local/lib/python3.12/site-packages/airflow/example_dags/example_time_delta_sensor_async.py
[2024-08-15T00:00:02.076+0000] {processor.py:840} INFO - DAG(s) 'example_time_delta_sensor_async' retrieved from /home/airflow/.local/lib/python3.12/site-packages/airflow/example_dags/example_time_delta_sensor_async.py
[2024-08-15T00:00:02.087+0000] {logging_mixin.py:188} INFO - [2024-08-15T00:00:02.087+0000] {dag.py:3096} INFO - Sync 1 DAGs
[2024-08-15T00:00:02.094+0000] {logging_mixin.py:188} INFO - [2024-08-15T00:00:02.094+0000] {dag.py:3954} INFO - Setting next_dagrun for example_time_delta_sensor_async to None, run_after=None
[2024-08-15T00:00:02.104+0000] {processor.py:183} INFO - Processing /home/airflow/.local/lib/python3.12/site-packages/airflow/example_dags/example_time_delta_sensor_async.py took 0.035 seconds
[2024-08-15T00:00:32.738+0000] {processor.py:161} INFO - Started process (PID=3789) to work on /home/airflow/.local/lib/python3.12/site-packages/airflow/example_dags/example_time_delta_sensor_async.py
[2024-08-15T00:00:32.738+0000] {processor.py:830} INFO - Processing file /home/airflow/.local/lib/python3.12/site-packages/airflow/example_dags/example_time_delta_sensor_async.py for tasks to queue
[2024-08-15T00:00:32.740+0000] {logging_mixin.py:188} INFO - [2024-08-15T00:00:32.739+0000] {dagbag.py:540} INFO - Filling up the DagBag from /home/airflow/.local/lib/python3.12/site-packages/airflow/example_dags/example_time_delta_sensor_async.py
[2024-08-15T00:00:32.742+0000] {processor.py:840} INFO - DAG(s) 'example_time_delta_sensor_async' retrieved from /home/airflow/.local/lib/python3.12/site-packages/airflow/example_dags/example_time_delta_sensor_async.py
[2024-08-15T00:00:32.754+0000] {logging_mixin.py:188} INFO - [2024-08-15T00:00:32.753+0000] {dag.py:3096} INFO - Sync 1 DAGs
[2024-08-15T00:00:32.761+0000] {logging_mixin.py:188} INFO - [2024-08-15T00:00:32.761+0000] {dag.py:3954} INFO - Setting next_dagrun for example_time_delta_sensor_async to None, run_after=None
[2024-08-15T00:00:32.772+0000] {processor.py:183} INFO - Processing /home/airflow/.local/lib/python3.12/site-packages/airflow/example_dags/example_time_delta_sensor_async.py took 0.037 seconds
[2024-08-15T00:01:03.388+0000] {processor.py:161} INFO - Started process (PID=3847) to work on /home/airflow/.local/lib/python3.12/site-packages/airflow/example_dags/example_time_delta_sensor_async.py
[2024-08-15T00:01:03.389+0000] {processor.py:830} INFO - Processing file /home/airflow/.local/lib/python3.12/site-packages/airflow/example_dags/example_time_delta_sensor_async.py for tasks to queue
[2024-08-15T00:01:03.390+0000] {logging_mixin.py:188} INFO - [2024-08-15T00:01:03.390+0000] {dagbag.py:540} INFO - Filling up the DagBag from /home/airflow/.local/lib/python3.12/site-packages/airflow/example_dags/example_time_delta_sensor_async.py
[2024-08-15T00:01:03.392+0000] {processor.py:840} INFO - DAG(s) 'example_time_delta_sensor_async' retrieved from /home/airflow/.local/lib/python3.12/site-packages/airflow/example_dags/example_time_delta_sensor_async.py
[2024-08-15T00:01:03.402+0000] {logging_mixin.py:188} INFO - [2024-08-15T00:01:03.402+0000] {dag.py:3096} INFO - Sync 1 DAGs
[2024-08-15T00:01:03.415+0000] {logging_mixin.py:188} INFO - [2024-08-15T00:01:03.415+0000] {dag.py:3954} INFO - Setting next_dagrun for example_time_delta_sensor_async to None, run_after=None
[2024-08-15T00:01:03.425+0000] {processor.py:183} INFO - Processing /home/airflow/.local/lib/python3.12/site-packages/airflow/example_dags/example_time_delta_sensor_async.py took 0.039 seconds
[2024-08-15T00:01:34.044+0000] {processor.py:161} INFO - Started process (PID=3905) to work on /home/airflow/.local/lib/python3.12/site-packages/airflow/example_dags/example_time_delta_sensor_async.py
[2024-08-15T00:01:34.045+0000] {processor.py:830} INFO - Processing file /home/airflow/.local/lib/python3.12/site-packages/airflow/example_dags/example_time_delta_sensor_async.py for tasks to queue
[2024-08-15T00:01:34.046+0000] {logging_mixin.py:188} INFO - [2024-08-15T00:01:34.045+0000] {dagbag.py:540} INFO - Filling up the DagBag from /home/airflow/.local/lib/python3.12/site-packages/airflow/example_dags/example_time_delta_sensor_async.py
[2024-08-15T00:01:34.048+0000] {processor.py:840} INFO - DAG(s) 'example_time_delta_sensor_async' retrieved from /home/airflow/.local/lib/python3.12/site-packages/airflow/example_dags/example_time_delta_sensor_async.py
[2024-08-15T00:01:34.058+0000] {logging_mixin.py:188} INFO - [2024-08-15T00:01:34.058+0000] {dag.py:3096} INFO - Sync 1 DAGs
[2024-08-15T00:01:34.065+0000] {logging_mixin.py:188} INFO - [2024-08-15T00:01:34.065+0000] {dag.py:3954} INFO - Setting next_dagrun for example_time_delta_sensor_async to None, run_after=None
[2024-08-15T00:01:34.074+0000] {processor.py:183} INFO - Processing /home/airflow/.local/lib/python3.12/site-packages/airflow/example_dags/example_time_delta_sensor_async.py took 0.033 seconds
[2024-08-15T00:02:04.694+0000] {processor.py:161} INFO - Started process (PID=3963) to work on /home/airflow/.local/lib/python3.12/site-packages/airflow/example_dags/example_time_delta_sensor_async.py
[2024-08-15T00:02:04.695+0000] {processor.py:830} INFO - Processing file /home/airflow/.local/lib/python3.12/site-packages/airflow/example_dags/example_time_delta_sensor_async.py for tasks to queue
[2024-08-15T00:02:04.696+0000] {logging_mixin.py:188} INFO - [2024-08-15T00:02:04.696+0000] {dagbag.py:540} INFO - Filling up the DagBag from /home/airflow/.local/lib/python3.12/site-packages/airflow/example_dags/example_time_delta_sensor_async.py
[2024-08-15T00:02:04.698+0000] {processor.py:840} INFO - DAG(s) 'example_time_delta_sensor_async' retrieved from /home/airflow/.local/lib/python3.12/site-packages/airflow/example_dags/example_time_delta_sensor_async.py
[2024-08-15T00:02:04.709+0000] {logging_mixin.py:188} INFO - [2024-08-15T00:02:04.708+0000] {dag.py:3096} INFO - Sync 1 DAGs
[2024-08-15T00:02:04.715+0000] {logging_mixin.py:188} INFO - [2024-08-15T00:02:04.715+0000] {dag.py:3954} INFO - Setting next_dagrun for example_time_delta_sensor_async to None, run_after=None
[2024-08-15T00:02:04.725+0000] {processor.py:183} INFO - Processing /home/airflow/.local/lib/python3.12/site-packages/airflow/example_dags/example_time_delta_sensor_async.py took 0.033 seconds
[2024-08-15T00:02:35.340+0000] {processor.py:161} INFO - Started process (PID=4021) to work on /home/airflow/.local/lib/python3.12/site-packages/airflow/example_dags/example_time_delta_sensor_async.py
[2024-08-15T00:02:35.340+0000] {processor.py:830} INFO - Processing file /home/airflow/.local/lib/python3.12/site-packages/airflow/example_dags/example_time_delta_sensor_async.py for tasks to queue
[2024-08-15T00:02:35.341+0000] {logging_mixin.py:188} INFO - [2024-08-15T00:02:35.341+0000] {dagbag.py:540} INFO - Filling up the DagBag from /home/airflow/.local/lib/python3.12/site-packages/airflow/example_dags/example_time_delta_sensor_async.py
[2024-08-15T00:02:35.344+0000] {processor.py:840} INFO - DAG(s) 'example_time_delta_sensor_async' retrieved from /home/airflow/.local/lib/python3.12/site-packages/airflow/example_dags/example_time_delta_sensor_async.py
[2024-08-15T00:02:35.355+0000] {logging_mixin.py:188} INFO - [2024-08-15T00:02:35.354+0000] {dag.py:3096} INFO - Sync 1 DAGs
[2024-08-15T00:02:35.361+0000] {logging_mixin.py:188} INFO - [2024-08-15T00:02:35.361+0000] {dag.py:3954} INFO - Setting next_dagrun for example_time_delta_sensor_async to None, run_after=None
[2024-08-15T00:02:35.371+0000] {processor.py:183} INFO - Processing /home/airflow/.local/lib/python3.12/site-packages/airflow/example_dags/example_time_delta_sensor_async.py took 0.034 seconds
[2024-08-15T00:03:05.893+0000] {processor.py:161} INFO - Started process (PID=4079) to work on /home/airflow/.local/lib/python3.12/site-packages/airflow/example_dags/example_time_delta_sensor_async.py
[2024-08-15T00:03:05.893+0000] {processor.py:830} INFO - Processing file /home/airflow/.local/lib/python3.12/site-packages/airflow/example_dags/example_time_delta_sensor_async.py for tasks to queue
[2024-08-15T00:03:05.894+0000] {logging_mixin.py:188} INFO - [2024-08-15T00:03:05.894+0000] {dagbag.py:540} INFO - Filling up the DagBag from /home/airflow/.local/lib/python3.12/site-packages/airflow/example_dags/example_time_delta_sensor_async.py
[2024-08-15T00:03:05.896+0000] {processor.py:840} INFO - DAG(s) 'example_time_delta_sensor_async' retrieved from /home/airflow/.local/lib/python3.12/site-packages/airflow/example_dags/example_time_delta_sensor_async.py
[2024-08-15T00:03:05.907+0000] {logging_mixin.py:188} INFO - [2024-08-15T00:03:05.907+0000] {dag.py:3096} INFO - Sync 1 DAGs
[2024-08-15T00:03:05.913+0000] {logging_mixin.py:188} INFO - [2024-08-15T00:03:05.913+0000] {dag.py:3954} INFO - Setting next_dagrun for example_time_delta_sensor_async to None, run_after=None
[2024-08-15T00:03:05.923+0000] {processor.py:183} INFO - Processing /home/airflow/.local/lib/python3.12/site-packages/airflow/example_dags/example_time_delta_sensor_async.py took 0.033 seconds
[2024-08-15T00:03:36.574+0000] {processor.py:161} INFO - Started process (PID=4137) to work on /home/airflow/.local/lib/python3.12/site-packages/airflow/example_dags/example_time_delta_sensor_async.py
[2024-08-15T00:03:36.574+0000] {processor.py:830} INFO - Processing file /home/airflow/.local/lib/python3.12/site-packages/airflow/example_dags/example_time_delta_sensor_async.py for tasks to queue
[2024-08-15T00:03:36.575+0000] {logging_mixin.py:188} INFO - [2024-08-15T00:03:36.575+0000] {dagbag.py:540} INFO - Filling up the DagBag from /home/airflow/.local/lib/python3.12/site-packages/airflow/example_dags/example_time_delta_sensor_async.py
[2024-08-15T00:03:36.577+0000] {processor.py:840} INFO - DAG(s) 'example_time_delta_sensor_async' retrieved from /home/airflow/.local/lib/python3.12/site-packages/airflow/example_dags/example_time_delta_sensor_async.py
[2024-08-15T00:03:36.590+0000] {logging_mixin.py:188} INFO - [2024-08-15T00:03:36.590+0000] {dag.py:3096} INFO - Sync 1 DAGs
[2024-08-15T00:03:36.596+0000] {logging_mixin.py:188} INFO - [2024-08-15T00:03:36.596+0000] {dag.py:3954} INFO - Setting next_dagrun for example_time_delta_sensor_async to None, run_after=None
[2024-08-15T00:03:36.607+0000] {processor.py:183} INFO - Processing /home/airflow/.local/lib/python3.12/site-packages/airflow/example_dags/example_time_delta_sensor_async.py took 0.036 seconds
[2024-08-15T00:04:07.247+0000] {processor.py:161} INFO - Started process (PID=4195) to work on /home/airflow/.local/lib/python3.12/site-packages/airflow/example_dags/example_time_delta_sensor_async.py
[2024-08-15T00:04:07.248+0000] {processor.py:830} INFO - Processing file /home/airflow/.local/lib/python3.12/site-packages/airflow/example_dags/example_time_delta_sensor_async.py for tasks to queue
[2024-08-15T00:04:07.248+0000] {logging_mixin.py:188} INFO - [2024-08-15T00:04:07.248+0000] {dagbag.py:540} INFO - Filling up the DagBag from /home/airflow/.local/lib/python3.12/site-packages/airflow/example_dags/example_time_delta_sensor_async.py
[2024-08-15T00:04:07.251+0000] {processor.py:840} INFO - DAG(s) 'example_time_delta_sensor_async' retrieved from /home/airflow/.local/lib/python3.12/site-packages/airflow/example_dags/example_time_delta_sensor_async.py
[2024-08-15T00:04:07.262+0000] {logging_mixin.py:188} INFO - [2024-08-15T00:04:07.262+0000] {dag.py:3096} INFO - Sync 1 DAGs
[2024-08-15T00:04:07.269+0000] {logging_mixin.py:188} INFO - [2024-08-15T00:04:07.269+0000] {dag.py:3954} INFO - Setting next_dagrun for example_time_delta_sensor_async to None, run_after=None
[2024-08-15T00:04:07.278+0000] {processor.py:183} INFO - Processing /home/airflow/.local/lib/python3.12/site-packages/airflow/example_dags/example_time_delta_sensor_async.py took 0.034 seconds
[2024-08-15T00:04:37.881+0000] {processor.py:161} INFO - Started process (PID=4253) to work on /home/airflow/.local/lib/python3.12/site-packages/airflow/example_dags/example_time_delta_sensor_async.py
[2024-08-15T00:04:37.881+0000] {processor.py:830} INFO - Processing file /home/airflow/.local/lib/python3.12/site-packages/airflow/example_dags/example_time_delta_sensor_async.py for tasks to queue
[2024-08-15T00:04:37.882+0000] {logging_mixin.py:188} INFO - [2024-08-15T00:04:37.882+0000] {dagbag.py:540} INFO - Filling up the DagBag from /home/airflow/.local/lib/python3.12/site-packages/airflow/example_dags/example_time_delta_sensor_async.py
[2024-08-15T00:04:37.884+0000] {processor.py:840} INFO - DAG(s) 'example_time_delta_sensor_async' retrieved from /home/airflow/.local/lib/python3.12/site-packages/airflow/example_dags/example_time_delta_sensor_async.py
[2024-08-15T00:04:37.895+0000] {logging_mixin.py:188} INFO - [2024-08-15T00:04:37.895+0000] {dag.py:3096} INFO - Sync 1 DAGs
[2024-08-15T00:04:37.902+0000] {logging_mixin.py:188} INFO - [2024-08-15T00:04:37.902+0000] {dag.py:3954} INFO - Setting next_dagrun for example_time_delta_sensor_async to None, run_after=None
[2024-08-15T00:04:37.913+0000] {processor.py:183} INFO - Processing /home/airflow/.local/lib/python3.12/site-packages/airflow/example_dags/example_time_delta_sensor_async.py took 0.035 seconds
[2024-08-15T00:05:08.535+0000] {processor.py:161} INFO - Started process (PID=4311) to work on /home/airflow/.local/lib/python3.12/site-packages/airflow/example_dags/example_time_delta_sensor_async.py
[2024-08-15T00:05:08.536+0000] {processor.py:830} INFO - Processing file /home/airflow/.local/lib/python3.12/site-packages/airflow/example_dags/example_time_delta_sensor_async.py for tasks to queue
[2024-08-15T00:05:08.537+0000] {logging_mixin.py:188} INFO - [2024-08-15T00:05:08.537+0000] {dagbag.py:540} INFO - Filling up the DagBag from /home/airflow/.local/lib/python3.12/site-packages/airflow/example_dags/example_time_delta_sensor_async.py
[2024-08-15T00:05:08.539+0000] {processor.py:840} INFO - DAG(s) 'example_time_delta_sensor_async' retrieved from /home/airflow/.local/lib/python3.12/site-packages/airflow/example_dags/example_time_delta_sensor_async.py
[2024-08-15T00:05:08.551+0000] {logging_mixin.py:188} INFO - [2024-08-15T00:05:08.550+0000] {dag.py:3096} INFO - Sync 1 DAGs
[2024-08-15T00:05:08.558+0000] {logging_mixin.py:188} INFO - [2024-08-15T00:05:08.558+0000] {dag.py:3954} INFO - Setting next_dagrun for example_time_delta_sensor_async to None, run_after=None
[2024-08-15T00:05:08.569+0000] {processor.py:183} INFO - Processing /home/airflow/.local/lib/python3.12/site-packages/airflow/example_dags/example_time_delta_sensor_async.py took 0.037 seconds
[2024-08-15T00:05:39.218+0000] {processor.py:161} INFO - Started process (PID=4369) to work on /home/airflow/.local/lib/python3.12/site-packages/airflow/example_dags/example_time_delta_sensor_async.py
[2024-08-15T00:05:39.219+0000] {processor.py:830} INFO - Processing file /home/airflow/.local/lib/python3.12/site-packages/airflow/example_dags/example_time_delta_sensor_async.py for tasks to queue
[2024-08-15T00:05:39.220+0000] {logging_mixin.py:188} INFO - [2024-08-15T00:05:39.219+0000] {dagbag.py:540} INFO - Filling up the DagBag from /home/airflow/.local/lib/python3.12/site-packages/airflow/example_dags/example_time_delta_sensor_async.py
[2024-08-15T00:05:39.222+0000] {processor.py:840} INFO - DAG(s) 'example_time_delta_sensor_async' retrieved from /home/airflow/.local/lib/python3.12/site-packages/airflow/example_dags/example_time_delta_sensor_async.py
[2024-08-15T00:05:39.233+0000] {logging_mixin.py:188} INFO - [2024-08-15T00:05:39.233+0000] {dag.py:3096} INFO - Sync 1 DAGs
[2024-08-15T00:05:39.240+0000] {logging_mixin.py:188} INFO - [2024-08-15T00:05:39.240+0000] {dag.py:3954} INFO - Setting next_dagrun for example_time_delta_sensor_async to None, run_after=None
[2024-08-15T00:05:39.249+0000] {processor.py:183} INFO - Processing /home/airflow/.local/lib/python3.12/site-packages/airflow/example_dags/example_time_delta_sensor_async.py took 0.034 seconds
[2024-08-15T00:06:09.902+0000] {processor.py:161} INFO - Started process (PID=4427) to work on /home/airflow/.local/lib/python3.12/site-packages/airflow/example_dags/example_time_delta_sensor_async.py
[2024-08-15T00:06:09.902+0000] {processor.py:830} INFO - Processing file /home/airflow/.local/lib/python3.12/site-packages/airflow/example_dags/example_time_delta_sensor_async.py for tasks to queue
[2024-08-15T00:06:09.903+0000] {logging_mixin.py:188} INFO - [2024-08-15T00:06:09.903+0000] {dagbag.py:540} INFO - Filling up the DagBag from /home/airflow/.local/lib/python3.12/site-packages/airflow/example_dags/example_time_delta_sensor_async.py
[2024-08-15T00:06:09.906+0000] {processor.py:840} INFO - DAG(s) 'example_time_delta_sensor_async' retrieved from /home/airflow/.local/lib/python3.12/site-packages/airflow/example_dags/example_time_delta_sensor_async.py
[2024-08-15T00:06:09.917+0000] {logging_mixin.py:188} INFO - [2024-08-15T00:06:09.916+0000] {dag.py:3096} INFO - Sync 1 DAGs
[2024-08-15T00:06:09.924+0000] {logging_mixin.py:188} INFO - [2024-08-15T00:06:09.923+0000] {dag.py:3954} INFO - Setting next_dagrun for example_time_delta_sensor_async to None, run_after=None
[2024-08-15T00:06:09.933+0000] {processor.py:183} INFO - Processing /home/airflow/.local/lib/python3.12/site-packages/airflow/example_dags/example_time_delta_sensor_async.py took 0.034 seconds
[2024-08-15T00:06:40.459+0000] {processor.py:161} INFO - Started process (PID=4485) to work on /home/airflow/.local/lib/python3.12/site-packages/airflow/example_dags/example_time_delta_sensor_async.py
[2024-08-15T00:06:40.460+0000] {processor.py:830} INFO - Processing file /home/airflow/.local/lib/python3.12/site-packages/airflow/example_dags/example_time_delta_sensor_async.py for tasks to queue
[2024-08-15T00:06:40.461+0000] {logging_mixin.py:188} INFO - [2024-08-15T00:06:40.461+0000] {dagbag.py:540} INFO - Filling up the DagBag from /home/airflow/.local/lib/python3.12/site-packages/airflow/example_dags/example_time_delta_sensor_async.py
[2024-08-15T00:06:40.463+0000] {processor.py:840} INFO - DAG(s) 'example_time_delta_sensor_async' retrieved from /home/airflow/.local/lib/python3.12/site-packages/airflow/example_dags/example_time_delta_sensor_async.py
[2024-08-15T00:06:40.474+0000] {logging_mixin.py:188} INFO - [2024-08-15T00:06:40.473+0000] {dag.py:3096} INFO - Sync 1 DAGs
[2024-08-15T00:06:40.480+0000] {logging_mixin.py:188} INFO - [2024-08-15T00:06:40.480+0000] {dag.py:3954} INFO - Setting next_dagrun for example_time_delta_sensor_async to None, run_after=None
[2024-08-15T00:06:40.490+0000] {processor.py:183} INFO - Processing /home/airflow/.local/lib/python3.12/site-packages/airflow/example_dags/example_time_delta_sensor_async.py took 0.033 seconds
[2024-08-15T00:07:11.048+0000] {processor.py:161} INFO - Started process (PID=4543) to work on /home/airflow/.local/lib/python3.12/site-packages/airflow/example_dags/example_time_delta_sensor_async.py
[2024-08-15T00:07:11.048+0000] {processor.py:830} INFO - Processing file /home/airflow/.local/lib/python3.12/site-packages/airflow/example_dags/example_time_delta_sensor_async.py for tasks to queue
[2024-08-15T00:07:11.049+0000] {logging_mixin.py:188} INFO - [2024-08-15T00:07:11.049+0000] {dagbag.py:540} INFO - Filling up the DagBag from /home/airflow/.local/lib/python3.12/site-packages/airflow/example_dags/example_time_delta_sensor_async.py
[2024-08-15T00:07:11.051+0000] {processor.py:840} INFO - DAG(s) 'example_time_delta_sensor_async' retrieved from /home/airflow/.local/lib/python3.12/site-packages/airflow/example_dags/example_time_delta_sensor_async.py
[2024-08-15T00:07:11.062+0000] {logging_mixin.py:188} INFO - [2024-08-15T00:07:11.062+0000] {dag.py:3096} INFO - Sync 1 DAGs
[2024-08-15T00:07:11.069+0000] {logging_mixin.py:188} INFO - [2024-08-15T00:07:11.069+0000] {dag.py:3954} INFO - Setting next_dagrun for example_time_delta_sensor_async to None, run_after=None
[2024-08-15T00:07:11.079+0000] {processor.py:183} INFO - Processing /home/airflow/.local/lib/python3.12/site-packages/airflow/example_dags/example_time_delta_sensor_async.py took 0.034 seconds
[2024-08-15T00:07:41.690+0000] {processor.py:161} INFO - Started process (PID=4601) to work on /home/airflow/.local/lib/python3.12/site-packages/airflow/example_dags/example_time_delta_sensor_async.py
[2024-08-15T00:07:41.691+0000] {processor.py:830} INFO - Processing file /home/airflow/.local/lib/python3.12/site-packages/airflow/example_dags/example_time_delta_sensor_async.py for tasks to queue
[2024-08-15T00:07:41.692+0000] {logging_mixin.py:188} INFO - [2024-08-15T00:07:41.692+0000] {dagbag.py:540} INFO - Filling up the DagBag from /home/airflow/.local/lib/python3.12/site-packages/airflow/example_dags/example_time_delta_sensor_async.py
[2024-08-15T00:07:41.694+0000] {processor.py:840} INFO - DAG(s) 'example_time_delta_sensor_async' retrieved from /home/airflow/.local/lib/python3.12/site-packages/airflow/example_dags/example_time_delta_sensor_async.py
[2024-08-15T00:07:41.705+0000] {logging_mixin.py:188} INFO - [2024-08-15T00:07:41.705+0000] {dag.py:3096} INFO - Sync 1 DAGs
[2024-08-15T00:07:41.712+0000] {logging_mixin.py:188} INFO - [2024-08-15T00:07:41.712+0000] {dag.py:3954} INFO - Setting next_dagrun for example_time_delta_sensor_async to None, run_after=None
[2024-08-15T00:07:41.721+0000] {processor.py:183} INFO - Processing /home/airflow/.local/lib/python3.12/site-packages/airflow/example_dags/example_time_delta_sensor_async.py took 0.034 seconds
[2024-08-15T00:08:12.270+0000] {processor.py:161} INFO - Started process (PID=4659) to work on /home/airflow/.local/lib/python3.12/site-packages/airflow/example_dags/example_time_delta_sensor_async.py
[2024-08-15T00:08:12.271+0000] {processor.py:830} INFO - Processing file /home/airflow/.local/lib/python3.12/site-packages/airflow/example_dags/example_time_delta_sensor_async.py for tasks to queue
[2024-08-15T00:08:12.272+0000] {logging_mixin.py:188} INFO - [2024-08-15T00:08:12.272+0000] {dagbag.py:540} INFO - Filling up the DagBag from /home/airflow/.local/lib/python3.12/site-packages/airflow/example_dags/example_time_delta_sensor_async.py
[2024-08-15T00:08:12.274+0000] {processor.py:840} INFO - DAG(s) 'example_time_delta_sensor_async' retrieved from /home/airflow/.local/lib/python3.12/site-packages/airflow/example_dags/example_time_delta_sensor_async.py
[2024-08-15T00:08:12.285+0000] {logging_mixin.py:188} INFO - [2024-08-15T00:08:12.285+0000] {dag.py:3096} INFO - Sync 1 DAGs
[2024-08-15T00:08:12.292+0000] {logging_mixin.py:188} INFO - [2024-08-15T00:08:12.292+0000] {dag.py:3954} INFO - Setting next_dagrun for example_time_delta_sensor_async to None, run_after=None
[2024-08-15T00:08:12.302+0000] {processor.py:183} INFO - Processing /home/airflow/.local/lib/python3.12/site-packages/airflow/example_dags/example_time_delta_sensor_async.py took 0.034 seconds
[2024-08-15T00:08:42.958+0000] {processor.py:161} INFO - Started process (PID=4717) to work on /home/airflow/.local/lib/python3.12/site-packages/airflow/example_dags/example_time_delta_sensor_async.py
[2024-08-15T00:08:42.958+0000] {processor.py:830} INFO - Processing file /home/airflow/.local/lib/python3.12/site-packages/airflow/example_dags/example_time_delta_sensor_async.py for tasks to queue
[2024-08-15T00:08:42.959+0000] {logging_mixin.py:188} INFO - [2024-08-15T00:08:42.959+0000] {dagbag.py:540} INFO - Filling up the DagBag from /home/airflow/.local/lib/python3.12/site-packages/airflow/example_dags/example_time_delta_sensor_async.py
[2024-08-15T00:08:42.961+0000] {processor.py:840} INFO - DAG(s) 'example_time_delta_sensor_async' retrieved from /home/airflow/.local/lib/python3.12/site-packages/airflow/example_dags/example_time_delta_sensor_async.py
[2024-08-15T00:08:42.972+0000] {logging_mixin.py:188} INFO - [2024-08-15T00:08:42.972+0000] {dag.py:3096} INFO - Sync 1 DAGs
[2024-08-15T00:08:42.979+0000] {logging_mixin.py:188} INFO - [2024-08-15T00:08:42.979+0000] {dag.py:3954} INFO - Setting next_dagrun for example_time_delta_sensor_async to None, run_after=None
[2024-08-15T00:08:42.990+0000] {processor.py:183} INFO - Processing /home/airflow/.local/lib/python3.12/site-packages/airflow/example_dags/example_time_delta_sensor_async.py took 0.035 seconds
[2024-08-15T00:09:13.671+0000] {processor.py:161} INFO - Started process (PID=4775) to work on /home/airflow/.local/lib/python3.12/site-packages/airflow/example_dags/example_time_delta_sensor_async.py
[2024-08-15T00:09:13.671+0000] {processor.py:830} INFO - Processing file /home/airflow/.local/lib/python3.12/site-packages/airflow/example_dags/example_time_delta_sensor_async.py for tasks to queue
[2024-08-15T00:09:13.672+0000] {logging_mixin.py:188} INFO - [2024-08-15T00:09:13.672+0000] {dagbag.py:540} INFO - Filling up the DagBag from /home/airflow/.local/lib/python3.12/site-packages/airflow/example_dags/example_time_delta_sensor_async.py
[2024-08-15T00:09:13.675+0000] {processor.py:840} INFO - DAG(s) 'example_time_delta_sensor_async' retrieved from /home/airflow/.local/lib/python3.12/site-packages/airflow/example_dags/example_time_delta_sensor_async.py
[2024-08-15T00:09:13.685+0000] {logging_mixin.py:188} INFO - [2024-08-15T00:09:13.685+0000] {dag.py:3096} INFO - Sync 1 DAGs
[2024-08-15T00:09:13.692+0000] {logging_mixin.py:188} INFO - [2024-08-15T00:09:13.691+0000] {dag.py:3954} INFO - Setting next_dagrun for example_time_delta_sensor_async to None, run_after=None
[2024-08-15T00:09:13.701+0000] {processor.py:183} INFO - Processing /home/airflow/.local/lib/python3.12/site-packages/airflow/example_dags/example_time_delta_sensor_async.py took 0.033 seconds
[2024-08-15T00:09:44.266+0000] {processor.py:161} INFO - Started process (PID=4833) to work on /home/airflow/.local/lib/python3.12/site-packages/airflow/example_dags/example_time_delta_sensor_async.py
[2024-08-15T00:09:44.267+0000] {processor.py:830} INFO - Processing file /home/airflow/.local/lib/python3.12/site-packages/airflow/example_dags/example_time_delta_sensor_async.py for tasks to queue
[2024-08-15T00:09:44.268+0000] {logging_mixin.py:188} INFO - [2024-08-15T00:09:44.267+0000] {dagbag.py:540} INFO - Filling up the DagBag from /home/airflow/.local/lib/python3.12/site-packages/airflow/example_dags/example_time_delta_sensor_async.py
[2024-08-15T00:09:44.270+0000] {processor.py:840} INFO - DAG(s) 'example_time_delta_sensor_async' retrieved from /home/airflow/.local/lib/python3.12/site-packages/airflow/example_dags/example_time_delta_sensor_async.py
[2024-08-15T00:09:44.280+0000] {logging_mixin.py:188} INFO - [2024-08-15T00:09:44.280+0000] {dag.py:3096} INFO - Sync 1 DAGs
[2024-08-15T00:09:44.287+0000] {logging_mixin.py:188} INFO - [2024-08-15T00:09:44.287+0000] {dag.py:3954} INFO - Setting next_dagrun for example_time_delta_sensor_async to None, run_after=None
[2024-08-15T00:09:44.296+0000] {processor.py:183} INFO - Processing /home/airflow/.local/lib/python3.12/site-packages/airflow/example_dags/example_time_delta_sensor_async.py took 0.033 seconds
[2024-08-15T00:10:14.950+0000] {processor.py:161} INFO - Started process (PID=4891) to work on /home/airflow/.local/lib/python3.12/site-packages/airflow/example_dags/example_time_delta_sensor_async.py
[2024-08-15T00:10:14.950+0000] {processor.py:830} INFO - Processing file /home/airflow/.local/lib/python3.12/site-packages/airflow/example_dags/example_time_delta_sensor_async.py for tasks to queue
[2024-08-15T00:10:14.951+0000] {logging_mixin.py:188} INFO - [2024-08-15T00:10:14.951+0000] {dagbag.py:540} INFO - Filling up the DagBag from /home/airflow/.local/lib/python3.12/site-packages/airflow/example_dags/example_time_delta_sensor_async.py
[2024-08-15T00:10:14.953+0000] {processor.py:840} INFO - DAG(s) 'example_time_delta_sensor_async' retrieved from /home/airflow/.local/lib/python3.12/site-packages/airflow/example_dags/example_time_delta_sensor_async.py
[2024-08-15T00:10:14.964+0000] {logging_mixin.py:188} INFO - [2024-08-15T00:10:14.964+0000] {dag.py:3096} INFO - Sync 1 DAGs
[2024-08-15T00:10:14.970+0000] {logging_mixin.py:188} INFO - [2024-08-15T00:10:14.970+0000] {dag.py:3954} INFO - Setting next_dagrun for example_time_delta_sensor_async to None, run_after=None
[2024-08-15T00:10:14.979+0000] {processor.py:183} INFO - Processing /home/airflow/.local/lib/python3.12/site-packages/airflow/example_dags/example_time_delta_sensor_async.py took 0.033 seconds
[2024-08-15T00:10:45.515+0000] {processor.py:161} INFO - Started process (PID=4949) to work on /home/airflow/.local/lib/python3.12/site-packages/airflow/example_dags/example_time_delta_sensor_async.py
[2024-08-15T00:10:45.515+0000] {processor.py:830} INFO - Processing file /home/airflow/.local/lib/python3.12/site-packages/airflow/example_dags/example_time_delta_sensor_async.py for tasks to queue
[2024-08-15T00:10:45.516+0000] {logging_mixin.py:188} INFO - [2024-08-15T00:10:45.516+0000] {dagbag.py:540} INFO - Filling up the DagBag from /home/airflow/.local/lib/python3.12/site-packages/airflow/example_dags/example_time_delta_sensor_async.py
[2024-08-15T00:10:45.519+0000] {processor.py:840} INFO - DAG(s) 'example_time_delta_sensor_async' retrieved from /home/airflow/.local/lib/python3.12/site-packages/airflow/example_dags/example_time_delta_sensor_async.py
[2024-08-15T00:10:45.529+0000] {logging_mixin.py:188} INFO - [2024-08-15T00:10:45.529+0000] {dag.py:3096} INFO - Sync 1 DAGs
[2024-08-15T00:10:45.537+0000] {logging_mixin.py:188} INFO - [2024-08-15T00:10:45.536+0000] {dag.py:3954} INFO - Setting next_dagrun for example_time_delta_sensor_async to None, run_after=None
[2024-08-15T00:10:45.546+0000] {processor.py:183} INFO - Processing /home/airflow/.local/lib/python3.12/site-packages/airflow/example_dags/example_time_delta_sensor_async.py took 0.034 seconds
[2024-08-15T00:11:16.175+0000] {processor.py:161} INFO - Started process (PID=5007) to work on /home/airflow/.local/lib/python3.12/site-packages/airflow/example_dags/example_time_delta_sensor_async.py
[2024-08-15T00:11:16.175+0000] {processor.py:830} INFO - Processing file /home/airflow/.local/lib/python3.12/site-packages/airflow/example_dags/example_time_delta_sensor_async.py for tasks to queue
[2024-08-15T00:11:16.176+0000] {logging_mixin.py:188} INFO - [2024-08-15T00:11:16.176+0000] {dagbag.py:540} INFO - Filling up the DagBag from /home/airflow/.local/lib/python3.12/site-packages/airflow/example_dags/example_time_delta_sensor_async.py
[2024-08-15T00:11:16.179+0000] {processor.py:840} INFO - DAG(s) 'example_time_delta_sensor_async' retrieved from /home/airflow/.local/lib/python3.12/site-packages/airflow/example_dags/example_time_delta_sensor_async.py
[2024-08-15T00:11:16.191+0000] {logging_mixin.py:188} INFO - [2024-08-15T00:11:16.190+0000] {dag.py:3096} INFO - Sync 1 DAGs
[2024-08-15T00:11:16.199+0000] {logging_mixin.py:188} INFO - [2024-08-15T00:11:16.198+0000] {dag.py:3954} INFO - Setting next_dagrun for example_time_delta_sensor_async to None, run_after=None
[2024-08-15T00:11:16.210+0000] {processor.py:183} INFO - Processing /home/airflow/.local/lib/python3.12/site-packages/airflow/example_dags/example_time_delta_sensor_async.py took 0.038 seconds
