[2024-08-15T00:00:05.566+0000] {processor.py:161} INFO - Started process (PID=3749) to work on /home/airflow/.local/lib/python3.12/site-packages/airflow/example_dags/example_dag_decorator.py
[2024-08-15T00:00:05.566+0000] {processor.py:830} INFO - Processing file /home/airflow/.local/lib/python3.12/site-packages/airflow/example_dags/example_dag_decorator.py for tasks to queue
[2024-08-15T00:00:05.567+0000] {logging_mixin.py:188} INFO - [2024-08-15T00:00:05.567+0000] {dagbag.py:540} INFO - Filling up the DagBag from /home/airflow/.local/lib/python3.12/site-packages/airflow/example_dags/example_dag_decorator.py
[2024-08-15T00:00:05.620+0000] {processor.py:840} INFO - DAG(s) 'example_dag_decorator' retrieved from /home/airflow/.local/lib/python3.12/site-packages/airflow/example_dags/example_dag_decorator.py
[2024-08-15T00:00:05.675+0000] {logging_mixin.py:188} INFO - [2024-08-15T00:00:05.675+0000] {dag.py:3096} INFO - Sync 1 DAGs
[2024-08-15T00:00:05.681+0000] {logging_mixin.py:188} INFO - [2024-08-15T00:00:05.681+0000] {dag.py:3954} INFO - Setting next_dagrun for example_dag_decorator to None, run_after=None
[2024-08-15T00:00:05.691+0000] {processor.py:183} INFO - Processing /home/airflow/.local/lib/python3.12/site-packages/airflow/example_dags/example_dag_decorator.py took 0.128 seconds
[2024-08-15T00:00:36.230+0000] {processor.py:161} INFO - Started process (PID=3807) to work on /home/airflow/.local/lib/python3.12/site-packages/airflow/example_dags/example_dag_decorator.py
[2024-08-15T00:00:36.230+0000] {processor.py:830} INFO - Processing file /home/airflow/.local/lib/python3.12/site-packages/airflow/example_dags/example_dag_decorator.py for tasks to queue
[2024-08-15T00:00:36.231+0000] {logging_mixin.py:188} INFO - [2024-08-15T00:00:36.231+0000] {dagbag.py:540} INFO - Filling up the DagBag from /home/airflow/.local/lib/python3.12/site-packages/airflow/example_dags/example_dag_decorator.py
[2024-08-15T00:00:36.287+0000] {processor.py:840} INFO - DAG(s) 'example_dag_decorator' retrieved from /home/airflow/.local/lib/python3.12/site-packages/airflow/example_dags/example_dag_decorator.py
[2024-08-15T00:00:36.342+0000] {logging_mixin.py:188} INFO - [2024-08-15T00:00:36.342+0000] {dag.py:3096} INFO - Sync 1 DAGs
[2024-08-15T00:00:36.347+0000] {logging_mixin.py:188} INFO - [2024-08-15T00:00:36.347+0000] {dag.py:3954} INFO - Setting next_dagrun for example_dag_decorator to None, run_after=None
[2024-08-15T00:00:36.357+0000] {processor.py:183} INFO - Processing /home/airflow/.local/lib/python3.12/site-packages/airflow/example_dags/example_dag_decorator.py took 0.131 seconds
[2024-08-15T00:01:06.878+0000] {processor.py:161} INFO - Started process (PID=3865) to work on /home/airflow/.local/lib/python3.12/site-packages/airflow/example_dags/example_dag_decorator.py
[2024-08-15T00:01:06.878+0000] {processor.py:830} INFO - Processing file /home/airflow/.local/lib/python3.12/site-packages/airflow/example_dags/example_dag_decorator.py for tasks to queue
[2024-08-15T00:01:06.879+0000] {logging_mixin.py:188} INFO - [2024-08-15T00:01:06.879+0000] {dagbag.py:540} INFO - Filling up the DagBag from /home/airflow/.local/lib/python3.12/site-packages/airflow/example_dags/example_dag_decorator.py
[2024-08-15T00:01:06.935+0000] {processor.py:840} INFO - DAG(s) 'example_dag_decorator' retrieved from /home/airflow/.local/lib/python3.12/site-packages/airflow/example_dags/example_dag_decorator.py
[2024-08-15T00:01:06.994+0000] {logging_mixin.py:188} INFO - [2024-08-15T00:01:06.994+0000] {dag.py:3096} INFO - Sync 1 DAGs
[2024-08-15T00:01:07.001+0000] {logging_mixin.py:188} INFO - [2024-08-15T00:01:07.001+0000] {dag.py:3954} INFO - Setting next_dagrun for example_dag_decorator to None, run_after=None
[2024-08-15T00:01:07.013+0000] {processor.py:183} INFO - Processing /home/airflow/.local/lib/python3.12/site-packages/airflow/example_dags/example_dag_decorator.py took 0.138 seconds
[2024-08-15T00:01:37.570+0000] {processor.py:161} INFO - Started process (PID=3923) to work on /home/airflow/.local/lib/python3.12/site-packages/airflow/example_dags/example_dag_decorator.py
[2024-08-15T00:01:37.571+0000] {processor.py:830} INFO - Processing file /home/airflow/.local/lib/python3.12/site-packages/airflow/example_dags/example_dag_decorator.py for tasks to queue
[2024-08-15T00:01:37.572+0000] {logging_mixin.py:188} INFO - [2024-08-15T00:01:37.572+0000] {dagbag.py:540} INFO - Filling up the DagBag from /home/airflow/.local/lib/python3.12/site-packages/airflow/example_dags/example_dag_decorator.py
[2024-08-15T00:01:37.629+0000] {processor.py:840} INFO - DAG(s) 'example_dag_decorator' retrieved from /home/airflow/.local/lib/python3.12/site-packages/airflow/example_dags/example_dag_decorator.py
[2024-08-15T00:01:37.688+0000] {logging_mixin.py:188} INFO - [2024-08-15T00:01:37.688+0000] {dag.py:3096} INFO - Sync 1 DAGs
[2024-08-15T00:01:37.694+0000] {logging_mixin.py:188} INFO - [2024-08-15T00:01:37.694+0000] {dag.py:3954} INFO - Setting next_dagrun for example_dag_decorator to None, run_after=None
[2024-08-15T00:01:37.704+0000] {processor.py:183} INFO - Processing /home/airflow/.local/lib/python3.12/site-packages/airflow/example_dags/example_dag_decorator.py took 0.137 seconds
[2024-08-15T00:02:08.159+0000] {processor.py:161} INFO - Started process (PID=3981) to work on /home/airflow/.local/lib/python3.12/site-packages/airflow/example_dags/example_dag_decorator.py
[2024-08-15T00:02:08.159+0000] {processor.py:830} INFO - Processing file /home/airflow/.local/lib/python3.12/site-packages/airflow/example_dags/example_dag_decorator.py for tasks to queue
[2024-08-15T00:02:08.160+0000] {logging_mixin.py:188} INFO - [2024-08-15T00:02:08.160+0000] {dagbag.py:540} INFO - Filling up the DagBag from /home/airflow/.local/lib/python3.12/site-packages/airflow/example_dags/example_dag_decorator.py
[2024-08-15T00:02:08.213+0000] {processor.py:840} INFO - DAG(s) 'example_dag_decorator' retrieved from /home/airflow/.local/lib/python3.12/site-packages/airflow/example_dags/example_dag_decorator.py
[2024-08-15T00:02:08.270+0000] {logging_mixin.py:188} INFO - [2024-08-15T00:02:08.270+0000] {dag.py:3096} INFO - Sync 1 DAGs
[2024-08-15T00:02:08.276+0000] {logging_mixin.py:188} INFO - [2024-08-15T00:02:08.276+0000] {dag.py:3954} INFO - Setting next_dagrun for example_dag_decorator to None, run_after=None
[2024-08-15T00:02:08.285+0000] {processor.py:183} INFO - Processing /home/airflow/.local/lib/python3.12/site-packages/airflow/example_dags/example_dag_decorator.py took 0.130 seconds
[2024-08-15T00:02:38.870+0000] {processor.py:161} INFO - Started process (PID=4039) to work on /home/airflow/.local/lib/python3.12/site-packages/airflow/example_dags/example_dag_decorator.py
[2024-08-15T00:02:38.871+0000] {processor.py:830} INFO - Processing file /home/airflow/.local/lib/python3.12/site-packages/airflow/example_dags/example_dag_decorator.py for tasks to queue
[2024-08-15T00:02:38.872+0000] {logging_mixin.py:188} INFO - [2024-08-15T00:02:38.872+0000] {dagbag.py:540} INFO - Filling up the DagBag from /home/airflow/.local/lib/python3.12/site-packages/airflow/example_dags/example_dag_decorator.py
[2024-08-15T00:02:38.923+0000] {processor.py:840} INFO - DAG(s) 'example_dag_decorator' retrieved from /home/airflow/.local/lib/python3.12/site-packages/airflow/example_dags/example_dag_decorator.py
[2024-08-15T00:02:38.981+0000] {logging_mixin.py:188} INFO - [2024-08-15T00:02:38.981+0000] {dag.py:3096} INFO - Sync 1 DAGs
[2024-08-15T00:02:38.987+0000] {logging_mixin.py:188} INFO - [2024-08-15T00:02:38.986+0000] {dag.py:3954} INFO - Setting next_dagrun for example_dag_decorator to None, run_after=None
[2024-08-15T00:02:38.997+0000] {processor.py:183} INFO - Processing /home/airflow/.local/lib/python3.12/site-packages/airflow/example_dags/example_dag_decorator.py took 0.130 seconds
[2024-08-15T00:03:09.381+0000] {processor.py:161} INFO - Started process (PID=4097) to work on /home/airflow/.local/lib/python3.12/site-packages/airflow/example_dags/example_dag_decorator.py
[2024-08-15T00:03:09.381+0000] {processor.py:830} INFO - Processing file /home/airflow/.local/lib/python3.12/site-packages/airflow/example_dags/example_dag_decorator.py for tasks to queue
[2024-08-15T00:03:09.382+0000] {logging_mixin.py:188} INFO - [2024-08-15T00:03:09.382+0000] {dagbag.py:540} INFO - Filling up the DagBag from /home/airflow/.local/lib/python3.12/site-packages/airflow/example_dags/example_dag_decorator.py
[2024-08-15T00:03:09.434+0000] {processor.py:840} INFO - DAG(s) 'example_dag_decorator' retrieved from /home/airflow/.local/lib/python3.12/site-packages/airflow/example_dags/example_dag_decorator.py
[2024-08-15T00:03:09.490+0000] {logging_mixin.py:188} INFO - [2024-08-15T00:03:09.490+0000] {dag.py:3096} INFO - Sync 1 DAGs
[2024-08-15T00:03:09.497+0000] {logging_mixin.py:188} INFO - [2024-08-15T00:03:09.497+0000] {dag.py:3954} INFO - Setting next_dagrun for example_dag_decorator to None, run_after=None
[2024-08-15T00:03:09.507+0000] {processor.py:183} INFO - Processing /home/airflow/.local/lib/python3.12/site-packages/airflow/example_dags/example_dag_decorator.py took 0.130 seconds
[2024-08-15T00:03:40.051+0000] {processor.py:161} INFO - Started process (PID=4155) to work on /home/airflow/.local/lib/python3.12/site-packages/airflow/example_dags/example_dag_decorator.py
[2024-08-15T00:03:40.051+0000] {processor.py:830} INFO - Processing file /home/airflow/.local/lib/python3.12/site-packages/airflow/example_dags/example_dag_decorator.py for tasks to queue
[2024-08-15T00:03:40.052+0000] {logging_mixin.py:188} INFO - [2024-08-15T00:03:40.052+0000] {dagbag.py:540} INFO - Filling up the DagBag from /home/airflow/.local/lib/python3.12/site-packages/airflow/example_dags/example_dag_decorator.py
[2024-08-15T00:03:40.104+0000] {processor.py:840} INFO - DAG(s) 'example_dag_decorator' retrieved from /home/airflow/.local/lib/python3.12/site-packages/airflow/example_dags/example_dag_decorator.py
[2024-08-15T00:03:40.165+0000] {logging_mixin.py:188} INFO - [2024-08-15T00:03:40.165+0000] {dag.py:3096} INFO - Sync 1 DAGs
[2024-08-15T00:03:40.171+0000] {logging_mixin.py:188} INFO - [2024-08-15T00:03:40.171+0000] {dag.py:3954} INFO - Setting next_dagrun for example_dag_decorator to None, run_after=None
[2024-08-15T00:03:40.181+0000] {processor.py:183} INFO - Processing /home/airflow/.local/lib/python3.12/site-packages/airflow/example_dags/example_dag_decorator.py took 0.133 seconds
[2024-08-15T00:04:10.716+0000] {processor.py:161} INFO - Started process (PID=4213) to work on /home/airflow/.local/lib/python3.12/site-packages/airflow/example_dags/example_dag_decorator.py
[2024-08-15T00:04:10.717+0000] {processor.py:830} INFO - Processing file /home/airflow/.local/lib/python3.12/site-packages/airflow/example_dags/example_dag_decorator.py for tasks to queue
[2024-08-15T00:04:10.718+0000] {logging_mixin.py:188} INFO - [2024-08-15T00:04:10.717+0000] {dagbag.py:540} INFO - Filling up the DagBag from /home/airflow/.local/lib/python3.12/site-packages/airflow/example_dags/example_dag_decorator.py
[2024-08-15T00:04:10.771+0000] {processor.py:840} INFO - DAG(s) 'example_dag_decorator' retrieved from /home/airflow/.local/lib/python3.12/site-packages/airflow/example_dags/example_dag_decorator.py
[2024-08-15T00:04:10.829+0000] {logging_mixin.py:188} INFO - [2024-08-15T00:04:10.828+0000] {dag.py:3096} INFO - Sync 1 DAGs
[2024-08-15T00:04:10.834+0000] {logging_mixin.py:188} INFO - [2024-08-15T00:04:10.834+0000] {dag.py:3954} INFO - Setting next_dagrun for example_dag_decorator to None, run_after=None
[2024-08-15T00:04:10.844+0000] {processor.py:183} INFO - Processing /home/airflow/.local/lib/python3.12/site-packages/airflow/example_dags/example_dag_decorator.py took 0.131 seconds
[2024-08-15T00:04:41.388+0000] {processor.py:161} INFO - Started process (PID=4271) to work on /home/airflow/.local/lib/python3.12/site-packages/airflow/example_dags/example_dag_decorator.py
[2024-08-15T00:04:41.389+0000] {processor.py:830} INFO - Processing file /home/airflow/.local/lib/python3.12/site-packages/airflow/example_dags/example_dag_decorator.py for tasks to queue
[2024-08-15T00:04:41.390+0000] {logging_mixin.py:188} INFO - [2024-08-15T00:04:41.390+0000] {dagbag.py:540} INFO - Filling up the DagBag from /home/airflow/.local/lib/python3.12/site-packages/airflow/example_dags/example_dag_decorator.py
[2024-08-15T00:04:41.446+0000] {processor.py:840} INFO - DAG(s) 'example_dag_decorator' retrieved from /home/airflow/.local/lib/python3.12/site-packages/airflow/example_dags/example_dag_decorator.py
[2024-08-15T00:04:41.506+0000] {logging_mixin.py:188} INFO - [2024-08-15T00:04:41.505+0000] {dag.py:3096} INFO - Sync 1 DAGs
[2024-08-15T00:04:41.512+0000] {logging_mixin.py:188} INFO - [2024-08-15T00:04:41.512+0000] {dag.py:3954} INFO - Setting next_dagrun for example_dag_decorator to None, run_after=None
[2024-08-15T00:04:41.523+0000] {processor.py:183} INFO - Processing /home/airflow/.local/lib/python3.12/site-packages/airflow/example_dags/example_dag_decorator.py took 0.138 seconds
[2024-08-15T00:05:12.042+0000] {processor.py:161} INFO - Started process (PID=4329) to work on /home/airflow/.local/lib/python3.12/site-packages/airflow/example_dags/example_dag_decorator.py
[2024-08-15T00:05:12.043+0000] {processor.py:830} INFO - Processing file /home/airflow/.local/lib/python3.12/site-packages/airflow/example_dags/example_dag_decorator.py for tasks to queue
[2024-08-15T00:05:12.044+0000] {logging_mixin.py:188} INFO - [2024-08-15T00:05:12.044+0000] {dagbag.py:540} INFO - Filling up the DagBag from /home/airflow/.local/lib/python3.12/site-packages/airflow/example_dags/example_dag_decorator.py
[2024-08-15T00:05:12.095+0000] {processor.py:840} INFO - DAG(s) 'example_dag_decorator' retrieved from /home/airflow/.local/lib/python3.12/site-packages/airflow/example_dags/example_dag_decorator.py
[2024-08-15T00:05:12.151+0000] {logging_mixin.py:188} INFO - [2024-08-15T00:05:12.151+0000] {dag.py:3096} INFO - Sync 1 DAGs
[2024-08-15T00:05:12.157+0000] {logging_mixin.py:188} INFO - [2024-08-15T00:05:12.157+0000] {dag.py:3954} INFO - Setting next_dagrun for example_dag_decorator to None, run_after=None
[2024-08-15T00:05:12.166+0000] {processor.py:183} INFO - Processing /home/airflow/.local/lib/python3.12/site-packages/airflow/example_dags/example_dag_decorator.py took 0.127 seconds
[2024-08-15T00:05:42.699+0000] {processor.py:161} INFO - Started process (PID=4387) to work on /home/airflow/.local/lib/python3.12/site-packages/airflow/example_dags/example_dag_decorator.py
[2024-08-15T00:05:42.700+0000] {processor.py:830} INFO - Processing file /home/airflow/.local/lib/python3.12/site-packages/airflow/example_dags/example_dag_decorator.py for tasks to queue
[2024-08-15T00:05:42.701+0000] {logging_mixin.py:188} INFO - [2024-08-15T00:05:42.701+0000] {dagbag.py:540} INFO - Filling up the DagBag from /home/airflow/.local/lib/python3.12/site-packages/airflow/example_dags/example_dag_decorator.py
[2024-08-15T00:05:42.753+0000] {processor.py:840} INFO - DAG(s) 'example_dag_decorator' retrieved from /home/airflow/.local/lib/python3.12/site-packages/airflow/example_dags/example_dag_decorator.py
[2024-08-15T00:05:42.811+0000] {logging_mixin.py:188} INFO - [2024-08-15T00:05:42.810+0000] {dag.py:3096} INFO - Sync 1 DAGs
[2024-08-15T00:05:42.817+0000] {logging_mixin.py:188} INFO - [2024-08-15T00:05:42.816+0000] {dag.py:3954} INFO - Setting next_dagrun for example_dag_decorator to None, run_after=None
[2024-08-15T00:05:42.827+0000] {processor.py:183} INFO - Processing /home/airflow/.local/lib/python3.12/site-packages/airflow/example_dags/example_dag_decorator.py took 0.131 seconds
[2024-08-15T00:06:13.392+0000] {processor.py:161} INFO - Started process (PID=4445) to work on /home/airflow/.local/lib/python3.12/site-packages/airflow/example_dags/example_dag_decorator.py
[2024-08-15T00:06:13.392+0000] {processor.py:830} INFO - Processing file /home/airflow/.local/lib/python3.12/site-packages/airflow/example_dags/example_dag_decorator.py for tasks to queue
[2024-08-15T00:06:13.393+0000] {logging_mixin.py:188} INFO - [2024-08-15T00:06:13.393+0000] {dagbag.py:540} INFO - Filling up the DagBag from /home/airflow/.local/lib/python3.12/site-packages/airflow/example_dags/example_dag_decorator.py
[2024-08-15T00:06:13.445+0000] {processor.py:840} INFO - DAG(s) 'example_dag_decorator' retrieved from /home/airflow/.local/lib/python3.12/site-packages/airflow/example_dags/example_dag_decorator.py
[2024-08-15T00:06:13.502+0000] {logging_mixin.py:188} INFO - [2024-08-15T00:06:13.502+0000] {dag.py:3096} INFO - Sync 1 DAGs
[2024-08-15T00:06:13.508+0000] {logging_mixin.py:188} INFO - [2024-08-15T00:06:13.508+0000] {dag.py:3954} INFO - Setting next_dagrun for example_dag_decorator to None, run_after=None
[2024-08-15T00:06:13.518+0000] {processor.py:183} INFO - Processing /home/airflow/.local/lib/python3.12/site-packages/airflow/example_dags/example_dag_decorator.py took 0.129 seconds
[2024-08-15T00:06:43.986+0000] {processor.py:161} INFO - Started process (PID=4503) to work on /home/airflow/.local/lib/python3.12/site-packages/airflow/example_dags/example_dag_decorator.py
[2024-08-15T00:06:43.986+0000] {processor.py:830} INFO - Processing file /home/airflow/.local/lib/python3.12/site-packages/airflow/example_dags/example_dag_decorator.py for tasks to queue
[2024-08-15T00:06:43.988+0000] {logging_mixin.py:188} INFO - [2024-08-15T00:06:43.987+0000] {dagbag.py:540} INFO - Filling up the DagBag from /home/airflow/.local/lib/python3.12/site-packages/airflow/example_dags/example_dag_decorator.py
[2024-08-15T00:06:44.043+0000] {processor.py:840} INFO - DAG(s) 'example_dag_decorator' retrieved from /home/airflow/.local/lib/python3.12/site-packages/airflow/example_dags/example_dag_decorator.py
[2024-08-15T00:06:44.108+0000] {logging_mixin.py:188} INFO - [2024-08-15T00:06:44.108+0000] {dag.py:3096} INFO - Sync 1 DAGs
[2024-08-15T00:06:44.114+0000] {logging_mixin.py:188} INFO - [2024-08-15T00:06:44.114+0000] {dag.py:3954} INFO - Setting next_dagrun for example_dag_decorator to None, run_after=None
[2024-08-15T00:06:44.124+0000] {processor.py:183} INFO - Processing /home/airflow/.local/lib/python3.12/site-packages/airflow/example_dags/example_dag_decorator.py took 0.142 seconds
[2024-08-15T00:07:14.543+0000] {processor.py:161} INFO - Started process (PID=4561) to work on /home/airflow/.local/lib/python3.12/site-packages/airflow/example_dags/example_dag_decorator.py
[2024-08-15T00:07:14.543+0000] {processor.py:830} INFO - Processing file /home/airflow/.local/lib/python3.12/site-packages/airflow/example_dags/example_dag_decorator.py for tasks to queue
[2024-08-15T00:07:14.544+0000] {logging_mixin.py:188} INFO - [2024-08-15T00:07:14.544+0000] {dagbag.py:540} INFO - Filling up the DagBag from /home/airflow/.local/lib/python3.12/site-packages/airflow/example_dags/example_dag_decorator.py
[2024-08-15T00:07:14.597+0000] {processor.py:840} INFO - DAG(s) 'example_dag_decorator' retrieved from /home/airflow/.local/lib/python3.12/site-packages/airflow/example_dags/example_dag_decorator.py
[2024-08-15T00:07:14.653+0000] {logging_mixin.py:188} INFO - [2024-08-15T00:07:14.653+0000] {dag.py:3096} INFO - Sync 1 DAGs
[2024-08-15T00:07:14.659+0000] {logging_mixin.py:188} INFO - [2024-08-15T00:07:14.659+0000] {dag.py:3954} INFO - Setting next_dagrun for example_dag_decorator to None, run_after=None
[2024-08-15T00:07:14.668+0000] {processor.py:183} INFO - Processing /home/airflow/.local/lib/python3.12/site-packages/airflow/example_dags/example_dag_decorator.py took 0.129 seconds
[2024-08-15T00:07:45.158+0000] {processor.py:161} INFO - Started process (PID=4619) to work on /home/airflow/.local/lib/python3.12/site-packages/airflow/example_dags/example_dag_decorator.py
[2024-08-15T00:07:45.159+0000] {processor.py:830} INFO - Processing file /home/airflow/.local/lib/python3.12/site-packages/airflow/example_dags/example_dag_decorator.py for tasks to queue
[2024-08-15T00:07:45.160+0000] {logging_mixin.py:188} INFO - [2024-08-15T00:07:45.159+0000] {dagbag.py:540} INFO - Filling up the DagBag from /home/airflow/.local/lib/python3.12/site-packages/airflow/example_dags/example_dag_decorator.py
[2024-08-15T00:07:45.212+0000] {processor.py:840} INFO - DAG(s) 'example_dag_decorator' retrieved from /home/airflow/.local/lib/python3.12/site-packages/airflow/example_dags/example_dag_decorator.py
[2024-08-15T00:07:45.271+0000] {logging_mixin.py:188} INFO - [2024-08-15T00:07:45.271+0000] {dag.py:3096} INFO - Sync 1 DAGs
[2024-08-15T00:07:45.277+0000] {logging_mixin.py:188} INFO - [2024-08-15T00:07:45.277+0000] {dag.py:3954} INFO - Setting next_dagrun for example_dag_decorator to None, run_after=None
[2024-08-15T00:07:45.287+0000] {processor.py:183} INFO - Processing /home/airflow/.local/lib/python3.12/site-packages/airflow/example_dags/example_dag_decorator.py took 0.132 seconds
[2024-08-15T00:08:15.872+0000] {processor.py:161} INFO - Started process (PID=4677) to work on /home/airflow/.local/lib/python3.12/site-packages/airflow/example_dags/example_dag_decorator.py
[2024-08-15T00:08:15.872+0000] {processor.py:830} INFO - Processing file /home/airflow/.local/lib/python3.12/site-packages/airflow/example_dags/example_dag_decorator.py for tasks to queue
[2024-08-15T00:08:15.873+0000] {logging_mixin.py:188} INFO - [2024-08-15T00:08:15.873+0000] {dagbag.py:540} INFO - Filling up the DagBag from /home/airflow/.local/lib/python3.12/site-packages/airflow/example_dags/example_dag_decorator.py
[2024-08-15T00:08:15.930+0000] {processor.py:840} INFO - DAG(s) 'example_dag_decorator' retrieved from /home/airflow/.local/lib/python3.12/site-packages/airflow/example_dags/example_dag_decorator.py
[2024-08-15T00:08:15.992+0000] {logging_mixin.py:188} INFO - [2024-08-15T00:08:15.991+0000] {dag.py:3096} INFO - Sync 1 DAGs
[2024-08-15T00:08:15.998+0000] {logging_mixin.py:188} INFO - [2024-08-15T00:08:15.997+0000] {dag.py:3954} INFO - Setting next_dagrun for example_dag_decorator to None, run_after=None
[2024-08-15T00:08:16.008+0000] {processor.py:183} INFO - Processing /home/airflow/.local/lib/python3.12/site-packages/airflow/example_dags/example_dag_decorator.py took 0.139 seconds
[2024-08-15T00:08:46.438+0000] {processor.py:161} INFO - Started process (PID=4735) to work on /home/airflow/.local/lib/python3.12/site-packages/airflow/example_dags/example_dag_decorator.py
[2024-08-15T00:08:46.439+0000] {processor.py:830} INFO - Processing file /home/airflow/.local/lib/python3.12/site-packages/airflow/example_dags/example_dag_decorator.py for tasks to queue
[2024-08-15T00:08:46.440+0000] {logging_mixin.py:188} INFO - [2024-08-15T00:08:46.439+0000] {dagbag.py:540} INFO - Filling up the DagBag from /home/airflow/.local/lib/python3.12/site-packages/airflow/example_dags/example_dag_decorator.py
[2024-08-15T00:08:46.493+0000] {processor.py:840} INFO - DAG(s) 'example_dag_decorator' retrieved from /home/airflow/.local/lib/python3.12/site-packages/airflow/example_dags/example_dag_decorator.py
[2024-08-15T00:08:46.551+0000] {logging_mixin.py:188} INFO - [2024-08-15T00:08:46.551+0000] {dag.py:3096} INFO - Sync 1 DAGs
[2024-08-15T00:08:46.557+0000] {logging_mixin.py:188} INFO - [2024-08-15T00:08:46.557+0000] {dag.py:3954} INFO - Setting next_dagrun for example_dag_decorator to None, run_after=None
[2024-08-15T00:08:46.567+0000] {processor.py:183} INFO - Processing /home/airflow/.local/lib/python3.12/site-packages/airflow/example_dags/example_dag_decorator.py took 0.132 seconds
[2024-08-15T00:09:17.132+0000] {processor.py:161} INFO - Started process (PID=4793) to work on /home/airflow/.local/lib/python3.12/site-packages/airflow/example_dags/example_dag_decorator.py
[2024-08-15T00:09:17.132+0000] {processor.py:830} INFO - Processing file /home/airflow/.local/lib/python3.12/site-packages/airflow/example_dags/example_dag_decorator.py for tasks to queue
[2024-08-15T00:09:17.133+0000] {logging_mixin.py:188} INFO - [2024-08-15T00:09:17.133+0000] {dagbag.py:540} INFO - Filling up the DagBag from /home/airflow/.local/lib/python3.12/site-packages/airflow/example_dags/example_dag_decorator.py
[2024-08-15T00:09:17.186+0000] {processor.py:840} INFO - DAG(s) 'example_dag_decorator' retrieved from /home/airflow/.local/lib/python3.12/site-packages/airflow/example_dags/example_dag_decorator.py
[2024-08-15T00:09:17.244+0000] {logging_mixin.py:188} INFO - [2024-08-15T00:09:17.244+0000] {dag.py:3096} INFO - Sync 1 DAGs
[2024-08-15T00:09:17.348+0000] {logging_mixin.py:188} INFO - [2024-08-15T00:09:17.348+0000] {dag.py:3954} INFO - Setting next_dagrun for example_dag_decorator to None, run_after=None
[2024-08-15T00:09:17.359+0000] {processor.py:183} INFO - Processing /home/airflow/.local/lib/python3.12/site-packages/airflow/example_dags/example_dag_decorator.py took 0.230 seconds
[2024-08-15T00:09:47.776+0000] {processor.py:161} INFO - Started process (PID=4851) to work on /home/airflow/.local/lib/python3.12/site-packages/airflow/example_dags/example_dag_decorator.py
[2024-08-15T00:09:47.777+0000] {processor.py:830} INFO - Processing file /home/airflow/.local/lib/python3.12/site-packages/airflow/example_dags/example_dag_decorator.py for tasks to queue
[2024-08-15T00:09:47.778+0000] {logging_mixin.py:188} INFO - [2024-08-15T00:09:47.777+0000] {dagbag.py:540} INFO - Filling up the DagBag from /home/airflow/.local/lib/python3.12/site-packages/airflow/example_dags/example_dag_decorator.py
[2024-08-15T00:09:47.830+0000] {processor.py:840} INFO - DAG(s) 'example_dag_decorator' retrieved from /home/airflow/.local/lib/python3.12/site-packages/airflow/example_dags/example_dag_decorator.py
[2024-08-15T00:09:47.888+0000] {logging_mixin.py:188} INFO - [2024-08-15T00:09:47.887+0000] {dag.py:3096} INFO - Sync 1 DAGs
[2024-08-15T00:09:47.893+0000] {logging_mixin.py:188} INFO - [2024-08-15T00:09:47.893+0000] {dag.py:3954} INFO - Setting next_dagrun for example_dag_decorator to None, run_after=None
[2024-08-15T00:09:47.904+0000] {processor.py:183} INFO - Processing /home/airflow/.local/lib/python3.12/site-packages/airflow/example_dags/example_dag_decorator.py took 0.131 seconds
[2024-08-15T00:10:18.407+0000] {processor.py:161} INFO - Started process (PID=4909) to work on /home/airflow/.local/lib/python3.12/site-packages/airflow/example_dags/example_dag_decorator.py
[2024-08-15T00:10:18.408+0000] {processor.py:830} INFO - Processing file /home/airflow/.local/lib/python3.12/site-packages/airflow/example_dags/example_dag_decorator.py for tasks to queue
[2024-08-15T00:10:18.409+0000] {logging_mixin.py:188} INFO - [2024-08-15T00:10:18.409+0000] {dagbag.py:540} INFO - Filling up the DagBag from /home/airflow/.local/lib/python3.12/site-packages/airflow/example_dags/example_dag_decorator.py
[2024-08-15T00:10:18.463+0000] {processor.py:840} INFO - DAG(s) 'example_dag_decorator' retrieved from /home/airflow/.local/lib/python3.12/site-packages/airflow/example_dags/example_dag_decorator.py
[2024-08-15T00:10:18.520+0000] {logging_mixin.py:188} INFO - [2024-08-15T00:10:18.520+0000] {dag.py:3096} INFO - Sync 1 DAGs
[2024-08-15T00:10:18.526+0000] {logging_mixin.py:188} INFO - [2024-08-15T00:10:18.526+0000] {dag.py:3954} INFO - Setting next_dagrun for example_dag_decorator to None, run_after=None
[2024-08-15T00:10:18.536+0000] {processor.py:183} INFO - Processing /home/airflow/.local/lib/python3.12/site-packages/airflow/example_dags/example_dag_decorator.py took 0.132 seconds
[2024-08-15T00:10:49.020+0000] {processor.py:161} INFO - Started process (PID=4967) to work on /home/airflow/.local/lib/python3.12/site-packages/airflow/example_dags/example_dag_decorator.py
[2024-08-15T00:10:49.021+0000] {processor.py:830} INFO - Processing file /home/airflow/.local/lib/python3.12/site-packages/airflow/example_dags/example_dag_decorator.py for tasks to queue
[2024-08-15T00:10:49.022+0000] {logging_mixin.py:188} INFO - [2024-08-15T00:10:49.021+0000] {dagbag.py:540} INFO - Filling up the DagBag from /home/airflow/.local/lib/python3.12/site-packages/airflow/example_dags/example_dag_decorator.py
[2024-08-15T00:10:49.076+0000] {processor.py:840} INFO - DAG(s) 'example_dag_decorator' retrieved from /home/airflow/.local/lib/python3.12/site-packages/airflow/example_dags/example_dag_decorator.py
[2024-08-15T00:10:49.135+0000] {logging_mixin.py:188} INFO - [2024-08-15T00:10:49.135+0000] {dag.py:3096} INFO - Sync 1 DAGs
[2024-08-15T00:10:49.141+0000] {logging_mixin.py:188} INFO - [2024-08-15T00:10:49.141+0000] {dag.py:3954} INFO - Setting next_dagrun for example_dag_decorator to None, run_after=None
[2024-08-15T00:10:49.152+0000] {processor.py:183} INFO - Processing /home/airflow/.local/lib/python3.12/site-packages/airflow/example_dags/example_dag_decorator.py took 0.135 seconds
[2024-08-15T00:11:19.678+0000] {processor.py:161} INFO - Started process (PID=5025) to work on /home/airflow/.local/lib/python3.12/site-packages/airflow/example_dags/example_dag_decorator.py
[2024-08-15T00:11:19.679+0000] {processor.py:830} INFO - Processing file /home/airflow/.local/lib/python3.12/site-packages/airflow/example_dags/example_dag_decorator.py for tasks to queue
[2024-08-15T00:11:19.680+0000] {logging_mixin.py:188} INFO - [2024-08-15T00:11:19.679+0000] {dagbag.py:540} INFO - Filling up the DagBag from /home/airflow/.local/lib/python3.12/site-packages/airflow/example_dags/example_dag_decorator.py
[2024-08-15T00:11:19.732+0000] {processor.py:840} INFO - DAG(s) 'example_dag_decorator' retrieved from /home/airflow/.local/lib/python3.12/site-packages/airflow/example_dags/example_dag_decorator.py
[2024-08-15T00:11:19.788+0000] {logging_mixin.py:188} INFO - [2024-08-15T00:11:19.788+0000] {dag.py:3096} INFO - Sync 1 DAGs
[2024-08-15T00:11:19.793+0000] {logging_mixin.py:188} INFO - [2024-08-15T00:11:19.793+0000] {dag.py:3954} INFO - Setting next_dagrun for example_dag_decorator to None, run_after=None
[2024-08-15T00:11:19.803+0000] {processor.py:183} INFO - Processing /home/airflow/.local/lib/python3.12/site-packages/airflow/example_dags/example_dag_decorator.py took 0.128 seconds
