[2024-08-15T00:00:01.713+0000] {processor.py:161} INFO - Started process (PID=3723) to work on /home/airflow/.local/lib/python3.12/site-packages/airflow/example_dags/example_python_decorator.py
[2024-08-15T00:00:01.714+0000] {processor.py:830} INFO - Processing file /home/airflow/.local/lib/python3.12/site-packages/airflow/example_dags/example_python_decorator.py for tasks to queue
[2024-08-15T00:00:01.715+0000] {logging_mixin.py:188} INFO - [2024-08-15T00:00:01.714+0000] {dagbag.py:540} INFO - Filling up the DagBag from /home/airflow/.local/lib/python3.12/site-packages/airflow/example_dags/example_python_decorator.py
[2024-08-15T00:00:01.721+0000] {processor.py:840} INFO - DAG(s) 'example_python_decorator' retrieved from /home/airflow/.local/lib/python3.12/site-packages/airflow/example_dags/example_python_decorator.py
[2024-08-15T00:00:01.734+0000] {logging_mixin.py:188} INFO - [2024-08-15T00:00:01.734+0000] {dag.py:3096} INFO - Sync 1 DAGs
[2024-08-15T00:00:01.741+0000] {logging_mixin.py:188} INFO - [2024-08-15T00:00:01.741+0000] {dag.py:3954} INFO - Setting next_dagrun for example_python_decorator to None, run_after=None
[2024-08-15T00:00:01.751+0000] {processor.py:183} INFO - Processing /home/airflow/.local/lib/python3.12/site-packages/airflow/example_dags/example_python_decorator.py took 0.041 seconds
[2024-08-15T00:00:32.462+0000] {processor.py:161} INFO - Started process (PID=3781) to work on /home/airflow/.local/lib/python3.12/site-packages/airflow/example_dags/example_python_decorator.py
[2024-08-15T00:00:32.463+0000] {processor.py:830} INFO - Processing file /home/airflow/.local/lib/python3.12/site-packages/airflow/example_dags/example_python_decorator.py for tasks to queue
[2024-08-15T00:00:32.464+0000] {logging_mixin.py:188} INFO - [2024-08-15T00:00:32.464+0000] {dagbag.py:540} INFO - Filling up the DagBag from /home/airflow/.local/lib/python3.12/site-packages/airflow/example_dags/example_python_decorator.py
[2024-08-15T00:00:32.471+0000] {processor.py:840} INFO - DAG(s) 'example_python_decorator' retrieved from /home/airflow/.local/lib/python3.12/site-packages/airflow/example_dags/example_python_decorator.py
[2024-08-15T00:00:32.484+0000] {logging_mixin.py:188} INFO - [2024-08-15T00:00:32.483+0000] {dag.py:3096} INFO - Sync 1 DAGs
[2024-08-15T00:00:32.491+0000] {logging_mixin.py:188} INFO - [2024-08-15T00:00:32.491+0000] {dag.py:3954} INFO - Setting next_dagrun for example_python_decorator to None, run_after=None
[2024-08-15T00:00:32.501+0000] {processor.py:183} INFO - Processing /home/airflow/.local/lib/python3.12/site-packages/airflow/example_dags/example_python_decorator.py took 0.042 seconds
[2024-08-15T00:01:03.102+0000] {processor.py:161} INFO - Started process (PID=3839) to work on /home/airflow/.local/lib/python3.12/site-packages/airflow/example_dags/example_python_decorator.py
[2024-08-15T00:01:03.102+0000] {processor.py:830} INFO - Processing file /home/airflow/.local/lib/python3.12/site-packages/airflow/example_dags/example_python_decorator.py for tasks to queue
[2024-08-15T00:01:03.103+0000] {logging_mixin.py:188} INFO - [2024-08-15T00:01:03.103+0000] {dagbag.py:540} INFO - Filling up the DagBag from /home/airflow/.local/lib/python3.12/site-packages/airflow/example_dags/example_python_decorator.py
[2024-08-15T00:01:03.110+0000] {processor.py:840} INFO - DAG(s) 'example_python_decorator' retrieved from /home/airflow/.local/lib/python3.12/site-packages/airflow/example_dags/example_python_decorator.py
[2024-08-15T00:01:03.122+0000] {logging_mixin.py:188} INFO - [2024-08-15T00:01:03.122+0000] {dag.py:3096} INFO - Sync 1 DAGs
[2024-08-15T00:01:03.128+0000] {logging_mixin.py:188} INFO - [2024-08-15T00:01:03.128+0000] {dag.py:3954} INFO - Setting next_dagrun for example_python_decorator to None, run_after=None
[2024-08-15T00:01:03.138+0000] {processor.py:183} INFO - Processing /home/airflow/.local/lib/python3.12/site-packages/airflow/example_dags/example_python_decorator.py took 0.039 seconds
[2024-08-15T00:01:33.776+0000] {processor.py:161} INFO - Started process (PID=3897) to work on /home/airflow/.local/lib/python3.12/site-packages/airflow/example_dags/example_python_decorator.py
[2024-08-15T00:01:33.777+0000] {processor.py:830} INFO - Processing file /home/airflow/.local/lib/python3.12/site-packages/airflow/example_dags/example_python_decorator.py for tasks to queue
[2024-08-15T00:01:33.778+0000] {logging_mixin.py:188} INFO - [2024-08-15T00:01:33.778+0000] {dagbag.py:540} INFO - Filling up the DagBag from /home/airflow/.local/lib/python3.12/site-packages/airflow/example_dags/example_python_decorator.py
[2024-08-15T00:01:33.784+0000] {processor.py:840} INFO - DAG(s) 'example_python_decorator' retrieved from /home/airflow/.local/lib/python3.12/site-packages/airflow/example_dags/example_python_decorator.py
[2024-08-15T00:01:33.797+0000] {logging_mixin.py:188} INFO - [2024-08-15T00:01:33.796+0000] {dag.py:3096} INFO - Sync 1 DAGs
[2024-08-15T00:01:33.803+0000] {logging_mixin.py:188} INFO - [2024-08-15T00:01:33.803+0000] {dag.py:3954} INFO - Setting next_dagrun for example_python_decorator to None, run_after=None
[2024-08-15T00:01:33.813+0000] {processor.py:183} INFO - Processing /home/airflow/.local/lib/python3.12/site-packages/airflow/example_dags/example_python_decorator.py took 0.040 seconds
[2024-08-15T00:02:04.406+0000] {processor.py:161} INFO - Started process (PID=3955) to work on /home/airflow/.local/lib/python3.12/site-packages/airflow/example_dags/example_python_decorator.py
[2024-08-15T00:02:04.407+0000] {processor.py:830} INFO - Processing file /home/airflow/.local/lib/python3.12/site-packages/airflow/example_dags/example_python_decorator.py for tasks to queue
[2024-08-15T00:02:04.408+0000] {logging_mixin.py:188} INFO - [2024-08-15T00:02:04.408+0000] {dagbag.py:540} INFO - Filling up the DagBag from /home/airflow/.local/lib/python3.12/site-packages/airflow/example_dags/example_python_decorator.py
[2024-08-15T00:02:04.414+0000] {processor.py:840} INFO - DAG(s) 'example_python_decorator' retrieved from /home/airflow/.local/lib/python3.12/site-packages/airflow/example_dags/example_python_decorator.py
[2024-08-15T00:02:04.427+0000] {logging_mixin.py:188} INFO - [2024-08-15T00:02:04.426+0000] {dag.py:3096} INFO - Sync 1 DAGs
[2024-08-15T00:02:04.433+0000] {logging_mixin.py:188} INFO - [2024-08-15T00:02:04.433+0000] {dag.py:3954} INFO - Setting next_dagrun for example_python_decorator to None, run_after=None
[2024-08-15T00:02:04.443+0000] {processor.py:183} INFO - Processing /home/airflow/.local/lib/python3.12/site-packages/airflow/example_dags/example_python_decorator.py took 0.040 seconds
[2024-08-15T00:02:35.039+0000] {processor.py:161} INFO - Started process (PID=4013) to work on /home/airflow/.local/lib/python3.12/site-packages/airflow/example_dags/example_python_decorator.py
[2024-08-15T00:02:35.040+0000] {processor.py:830} INFO - Processing file /home/airflow/.local/lib/python3.12/site-packages/airflow/example_dags/example_python_decorator.py for tasks to queue
[2024-08-15T00:02:35.041+0000] {logging_mixin.py:188} INFO - [2024-08-15T00:02:35.040+0000] {dagbag.py:540} INFO - Filling up the DagBag from /home/airflow/.local/lib/python3.12/site-packages/airflow/example_dags/example_python_decorator.py
[2024-08-15T00:02:35.048+0000] {processor.py:840} INFO - DAG(s) 'example_python_decorator' retrieved from /home/airflow/.local/lib/python3.12/site-packages/airflow/example_dags/example_python_decorator.py
[2024-08-15T00:02:35.062+0000] {logging_mixin.py:188} INFO - [2024-08-15T00:02:35.062+0000] {dag.py:3096} INFO - Sync 1 DAGs
[2024-08-15T00:02:35.070+0000] {logging_mixin.py:188} INFO - [2024-08-15T00:02:35.070+0000] {dag.py:3954} INFO - Setting next_dagrun for example_python_decorator to None, run_after=None
[2024-08-15T00:02:35.081+0000] {processor.py:183} INFO - Processing /home/airflow/.local/lib/python3.12/site-packages/airflow/example_dags/example_python_decorator.py took 0.045 seconds
[2024-08-15T00:03:05.686+0000] {processor.py:161} INFO - Started process (PID=4071) to work on /home/airflow/.local/lib/python3.12/site-packages/airflow/example_dags/example_python_decorator.py
[2024-08-15T00:03:05.687+0000] {processor.py:830} INFO - Processing file /home/airflow/.local/lib/python3.12/site-packages/airflow/example_dags/example_python_decorator.py for tasks to queue
[2024-08-15T00:03:05.688+0000] {logging_mixin.py:188} INFO - [2024-08-15T00:03:05.688+0000] {dagbag.py:540} INFO - Filling up the DagBag from /home/airflow/.local/lib/python3.12/site-packages/airflow/example_dags/example_python_decorator.py
[2024-08-15T00:03:05.694+0000] {processor.py:840} INFO - DAG(s) 'example_python_decorator' retrieved from /home/airflow/.local/lib/python3.12/site-packages/airflow/example_dags/example_python_decorator.py
[2024-08-15T00:03:05.706+0000] {logging_mixin.py:188} INFO - [2024-08-15T00:03:05.706+0000] {dag.py:3096} INFO - Sync 1 DAGs
[2024-08-15T00:03:05.712+0000] {logging_mixin.py:188} INFO - [2024-08-15T00:03:05.712+0000] {dag.py:3954} INFO - Setting next_dagrun for example_python_decorator to None, run_after=None
[2024-08-15T00:03:05.722+0000] {processor.py:183} INFO - Processing /home/airflow/.local/lib/python3.12/site-packages/airflow/example_dags/example_python_decorator.py took 0.038 seconds
[2024-08-15T00:03:36.277+0000] {processor.py:161} INFO - Started process (PID=4129) to work on /home/airflow/.local/lib/python3.12/site-packages/airflow/example_dags/example_python_decorator.py
[2024-08-15T00:03:36.278+0000] {processor.py:830} INFO - Processing file /home/airflow/.local/lib/python3.12/site-packages/airflow/example_dags/example_python_decorator.py for tasks to queue
[2024-08-15T00:03:36.279+0000] {logging_mixin.py:188} INFO - [2024-08-15T00:03:36.278+0000] {dagbag.py:540} INFO - Filling up the DagBag from /home/airflow/.local/lib/python3.12/site-packages/airflow/example_dags/example_python_decorator.py
[2024-08-15T00:03:36.286+0000] {processor.py:840} INFO - DAG(s) 'example_python_decorator' retrieved from /home/airflow/.local/lib/python3.12/site-packages/airflow/example_dags/example_python_decorator.py
[2024-08-15T00:03:36.298+0000] {logging_mixin.py:188} INFO - [2024-08-15T00:03:36.297+0000] {dag.py:3096} INFO - Sync 1 DAGs
[2024-08-15T00:03:36.304+0000] {logging_mixin.py:188} INFO - [2024-08-15T00:03:36.304+0000] {dag.py:3954} INFO - Setting next_dagrun for example_python_decorator to None, run_after=None
[2024-08-15T00:03:36.314+0000] {processor.py:183} INFO - Processing /home/airflow/.local/lib/python3.12/site-packages/airflow/example_dags/example_python_decorator.py took 0.040 seconds
[2024-08-15T00:04:06.946+0000] {processor.py:161} INFO - Started process (PID=4187) to work on /home/airflow/.local/lib/python3.12/site-packages/airflow/example_dags/example_python_decorator.py
[2024-08-15T00:04:06.946+0000] {processor.py:830} INFO - Processing file /home/airflow/.local/lib/python3.12/site-packages/airflow/example_dags/example_python_decorator.py for tasks to queue
[2024-08-15T00:04:06.947+0000] {logging_mixin.py:188} INFO - [2024-08-15T00:04:06.947+0000] {dagbag.py:540} INFO - Filling up the DagBag from /home/airflow/.local/lib/python3.12/site-packages/airflow/example_dags/example_python_decorator.py
[2024-08-15T00:04:06.954+0000] {processor.py:840} INFO - DAG(s) 'example_python_decorator' retrieved from /home/airflow/.local/lib/python3.12/site-packages/airflow/example_dags/example_python_decorator.py
[2024-08-15T00:04:06.967+0000] {logging_mixin.py:188} INFO - [2024-08-15T00:04:06.967+0000] {dag.py:3096} INFO - Sync 1 DAGs
[2024-08-15T00:04:06.974+0000] {logging_mixin.py:188} INFO - [2024-08-15T00:04:06.974+0000] {dag.py:3954} INFO - Setting next_dagrun for example_python_decorator to None, run_after=None
[2024-08-15T00:04:06.984+0000] {processor.py:183} INFO - Processing /home/airflow/.local/lib/python3.12/site-packages/airflow/example_dags/example_python_decorator.py took 0.041 seconds
[2024-08-15T00:04:37.615+0000] {processor.py:161} INFO - Started process (PID=4245) to work on /home/airflow/.local/lib/python3.12/site-packages/airflow/example_dags/example_python_decorator.py
[2024-08-15T00:04:37.615+0000] {processor.py:830} INFO - Processing file /home/airflow/.local/lib/python3.12/site-packages/airflow/example_dags/example_python_decorator.py for tasks to queue
[2024-08-15T00:04:37.616+0000] {logging_mixin.py:188} INFO - [2024-08-15T00:04:37.616+0000] {dagbag.py:540} INFO - Filling up the DagBag from /home/airflow/.local/lib/python3.12/site-packages/airflow/example_dags/example_python_decorator.py
[2024-08-15T00:04:37.623+0000] {processor.py:840} INFO - DAG(s) 'example_python_decorator' retrieved from /home/airflow/.local/lib/python3.12/site-packages/airflow/example_dags/example_python_decorator.py
[2024-08-15T00:04:37.636+0000] {logging_mixin.py:188} INFO - [2024-08-15T00:04:37.636+0000] {dag.py:3096} INFO - Sync 1 DAGs
[2024-08-15T00:04:37.642+0000] {logging_mixin.py:188} INFO - [2024-08-15T00:04:37.642+0000] {dag.py:3954} INFO - Setting next_dagrun for example_python_decorator to None, run_after=None
[2024-08-15T00:04:37.652+0000] {processor.py:183} INFO - Processing /home/airflow/.local/lib/python3.12/site-packages/airflow/example_dags/example_python_decorator.py took 0.041 seconds
[2024-08-15T00:05:08.308+0000] {processor.py:161} INFO - Started process (PID=4303) to work on /home/airflow/.local/lib/python3.12/site-packages/airflow/example_dags/example_python_decorator.py
[2024-08-15T00:05:08.308+0000] {processor.py:830} INFO - Processing file /home/airflow/.local/lib/python3.12/site-packages/airflow/example_dags/example_python_decorator.py for tasks to queue
[2024-08-15T00:05:08.309+0000] {logging_mixin.py:188} INFO - [2024-08-15T00:05:08.309+0000] {dagbag.py:540} INFO - Filling up the DagBag from /home/airflow/.local/lib/python3.12/site-packages/airflow/example_dags/example_python_decorator.py
[2024-08-15T00:05:08.316+0000] {processor.py:840} INFO - DAG(s) 'example_python_decorator' retrieved from /home/airflow/.local/lib/python3.12/site-packages/airflow/example_dags/example_python_decorator.py
[2024-08-15T00:05:08.328+0000] {logging_mixin.py:188} INFO - [2024-08-15T00:05:08.327+0000] {dag.py:3096} INFO - Sync 1 DAGs
[2024-08-15T00:05:08.334+0000] {logging_mixin.py:188} INFO - [2024-08-15T00:05:08.334+0000] {dag.py:3954} INFO - Setting next_dagrun for example_python_decorator to None, run_after=None
[2024-08-15T00:05:08.344+0000] {processor.py:183} INFO - Processing /home/airflow/.local/lib/python3.12/site-packages/airflow/example_dags/example_python_decorator.py took 0.039 seconds
[2024-08-15T00:05:38.925+0000] {processor.py:161} INFO - Started process (PID=4361) to work on /home/airflow/.local/lib/python3.12/site-packages/airflow/example_dags/example_python_decorator.py
[2024-08-15T00:05:38.925+0000] {processor.py:830} INFO - Processing file /home/airflow/.local/lib/python3.12/site-packages/airflow/example_dags/example_python_decorator.py for tasks to queue
[2024-08-15T00:05:38.926+0000] {logging_mixin.py:188} INFO - [2024-08-15T00:05:38.926+0000] {dagbag.py:540} INFO - Filling up the DagBag from /home/airflow/.local/lib/python3.12/site-packages/airflow/example_dags/example_python_decorator.py
[2024-08-15T00:05:38.933+0000] {processor.py:840} INFO - DAG(s) 'example_python_decorator' retrieved from /home/airflow/.local/lib/python3.12/site-packages/airflow/example_dags/example_python_decorator.py
[2024-08-15T00:05:38.945+0000] {logging_mixin.py:188} INFO - [2024-08-15T00:05:38.945+0000] {dag.py:3096} INFO - Sync 1 DAGs
[2024-08-15T00:05:38.952+0000] {logging_mixin.py:188} INFO - [2024-08-15T00:05:38.952+0000] {dag.py:3954} INFO - Setting next_dagrun for example_python_decorator to None, run_after=None
[2024-08-15T00:05:38.961+0000] {processor.py:183} INFO - Processing /home/airflow/.local/lib/python3.12/site-packages/airflow/example_dags/example_python_decorator.py took 0.040 seconds
[2024-08-15T00:06:09.606+0000] {processor.py:161} INFO - Started process (PID=4419) to work on /home/airflow/.local/lib/python3.12/site-packages/airflow/example_dags/example_python_decorator.py
[2024-08-15T00:06:09.607+0000] {processor.py:830} INFO - Processing file /home/airflow/.local/lib/python3.12/site-packages/airflow/example_dags/example_python_decorator.py for tasks to queue
[2024-08-15T00:06:09.608+0000] {logging_mixin.py:188} INFO - [2024-08-15T00:06:09.608+0000] {dagbag.py:540} INFO - Filling up the DagBag from /home/airflow/.local/lib/python3.12/site-packages/airflow/example_dags/example_python_decorator.py
[2024-08-15T00:06:09.615+0000] {processor.py:840} INFO - DAG(s) 'example_python_decorator' retrieved from /home/airflow/.local/lib/python3.12/site-packages/airflow/example_dags/example_python_decorator.py
[2024-08-15T00:06:09.627+0000] {logging_mixin.py:188} INFO - [2024-08-15T00:06:09.627+0000] {dag.py:3096} INFO - Sync 1 DAGs
[2024-08-15T00:06:09.634+0000] {logging_mixin.py:188} INFO - [2024-08-15T00:06:09.634+0000] {dag.py:3954} INFO - Setting next_dagrun for example_python_decorator to None, run_after=None
[2024-08-15T00:06:09.644+0000] {processor.py:183} INFO - Processing /home/airflow/.local/lib/python3.12/site-packages/airflow/example_dags/example_python_decorator.py took 0.041 seconds
[2024-08-15T00:06:40.243+0000] {processor.py:161} INFO - Started process (PID=4477) to work on /home/airflow/.local/lib/python3.12/site-packages/airflow/example_dags/example_python_decorator.py
[2024-08-15T00:06:40.243+0000] {processor.py:830} INFO - Processing file /home/airflow/.local/lib/python3.12/site-packages/airflow/example_dags/example_python_decorator.py for tasks to queue
[2024-08-15T00:06:40.245+0000] {logging_mixin.py:188} INFO - [2024-08-15T00:06:40.244+0000] {dagbag.py:540} INFO - Filling up the DagBag from /home/airflow/.local/lib/python3.12/site-packages/airflow/example_dags/example_python_decorator.py
[2024-08-15T00:06:40.251+0000] {processor.py:840} INFO - DAG(s) 'example_python_decorator' retrieved from /home/airflow/.local/lib/python3.12/site-packages/airflow/example_dags/example_python_decorator.py
[2024-08-15T00:06:40.264+0000] {logging_mixin.py:188} INFO - [2024-08-15T00:06:40.263+0000] {dag.py:3096} INFO - Sync 1 DAGs
[2024-08-15T00:06:40.270+0000] {logging_mixin.py:188} INFO - [2024-08-15T00:06:40.270+0000] {dag.py:3954} INFO - Setting next_dagrun for example_python_decorator to None, run_after=None
[2024-08-15T00:06:40.280+0000] {processor.py:183} INFO - Processing /home/airflow/.local/lib/python3.12/site-packages/airflow/example_dags/example_python_decorator.py took 0.040 seconds
[2024-08-15T00:07:10.847+0000] {processor.py:161} INFO - Started process (PID=4535) to work on /home/airflow/.local/lib/python3.12/site-packages/airflow/example_dags/example_python_decorator.py
[2024-08-15T00:07:10.848+0000] {processor.py:830} INFO - Processing file /home/airflow/.local/lib/python3.12/site-packages/airflow/example_dags/example_python_decorator.py for tasks to queue
[2024-08-15T00:07:10.849+0000] {logging_mixin.py:188} INFO - [2024-08-15T00:07:10.849+0000] {dagbag.py:540} INFO - Filling up the DagBag from /home/airflow/.local/lib/python3.12/site-packages/airflow/example_dags/example_python_decorator.py
[2024-08-15T00:07:10.855+0000] {processor.py:840} INFO - DAG(s) 'example_python_decorator' retrieved from /home/airflow/.local/lib/python3.12/site-packages/airflow/example_dags/example_python_decorator.py
[2024-08-15T00:07:10.866+0000] {logging_mixin.py:188} INFO - [2024-08-15T00:07:10.866+0000] {dag.py:3096} INFO - Sync 1 DAGs
[2024-08-15T00:07:10.873+0000] {logging_mixin.py:188} INFO - [2024-08-15T00:07:10.873+0000] {dag.py:3954} INFO - Setting next_dagrun for example_python_decorator to None, run_after=None
[2024-08-15T00:07:10.882+0000] {processor.py:183} INFO - Processing /home/airflow/.local/lib/python3.12/site-packages/airflow/example_dags/example_python_decorator.py took 0.037 seconds
[2024-08-15T00:07:41.405+0000] {processor.py:161} INFO - Started process (PID=4593) to work on /home/airflow/.local/lib/python3.12/site-packages/airflow/example_dags/example_python_decorator.py
[2024-08-15T00:07:41.406+0000] {processor.py:830} INFO - Processing file /home/airflow/.local/lib/python3.12/site-packages/airflow/example_dags/example_python_decorator.py for tasks to queue
[2024-08-15T00:07:41.407+0000] {logging_mixin.py:188} INFO - [2024-08-15T00:07:41.407+0000] {dagbag.py:540} INFO - Filling up the DagBag from /home/airflow/.local/lib/python3.12/site-packages/airflow/example_dags/example_python_decorator.py
[2024-08-15T00:07:41.414+0000] {processor.py:840} INFO - DAG(s) 'example_python_decorator' retrieved from /home/airflow/.local/lib/python3.12/site-packages/airflow/example_dags/example_python_decorator.py
[2024-08-15T00:07:41.426+0000] {logging_mixin.py:188} INFO - [2024-08-15T00:07:41.426+0000] {dag.py:3096} INFO - Sync 1 DAGs
[2024-08-15T00:07:41.432+0000] {logging_mixin.py:188} INFO - [2024-08-15T00:07:41.432+0000] {dag.py:3954} INFO - Setting next_dagrun for example_python_decorator to None, run_after=None
[2024-08-15T00:07:41.442+0000] {processor.py:183} INFO - Processing /home/airflow/.local/lib/python3.12/site-packages/airflow/example_dags/example_python_decorator.py took 0.039 seconds
[2024-08-15T00:08:12.047+0000] {processor.py:161} INFO - Started process (PID=4651) to work on /home/airflow/.local/lib/python3.12/site-packages/airflow/example_dags/example_python_decorator.py
[2024-08-15T00:08:12.047+0000] {processor.py:830} INFO - Processing file /home/airflow/.local/lib/python3.12/site-packages/airflow/example_dags/example_python_decorator.py for tasks to queue
[2024-08-15T00:08:12.048+0000] {logging_mixin.py:188} INFO - [2024-08-15T00:08:12.048+0000] {dagbag.py:540} INFO - Filling up the DagBag from /home/airflow/.local/lib/python3.12/site-packages/airflow/example_dags/example_python_decorator.py
[2024-08-15T00:08:12.055+0000] {processor.py:840} INFO - DAG(s) 'example_python_decorator' retrieved from /home/airflow/.local/lib/python3.12/site-packages/airflow/example_dags/example_python_decorator.py
[2024-08-15T00:08:12.068+0000] {logging_mixin.py:188} INFO - [2024-08-15T00:08:12.068+0000] {dag.py:3096} INFO - Sync 1 DAGs
[2024-08-15T00:08:12.075+0000] {logging_mixin.py:188} INFO - [2024-08-15T00:08:12.075+0000] {dag.py:3954} INFO - Setting next_dagrun for example_python_decorator to None, run_after=None
[2024-08-15T00:08:12.085+0000] {processor.py:183} INFO - Processing /home/airflow/.local/lib/python3.12/site-packages/airflow/example_dags/example_python_decorator.py took 0.041 seconds
[2024-08-15T00:08:42.692+0000] {processor.py:161} INFO - Started process (PID=4709) to work on /home/airflow/.local/lib/python3.12/site-packages/airflow/example_dags/example_python_decorator.py
[2024-08-15T00:08:42.692+0000] {processor.py:830} INFO - Processing file /home/airflow/.local/lib/python3.12/site-packages/airflow/example_dags/example_python_decorator.py for tasks to queue
[2024-08-15T00:08:42.693+0000] {logging_mixin.py:188} INFO - [2024-08-15T00:08:42.693+0000] {dagbag.py:540} INFO - Filling up the DagBag from /home/airflow/.local/lib/python3.12/site-packages/airflow/example_dags/example_python_decorator.py
[2024-08-15T00:08:42.700+0000] {processor.py:840} INFO - DAG(s) 'example_python_decorator' retrieved from /home/airflow/.local/lib/python3.12/site-packages/airflow/example_dags/example_python_decorator.py
[2024-08-15T00:08:42.712+0000] {logging_mixin.py:188} INFO - [2024-08-15T00:08:42.712+0000] {dag.py:3096} INFO - Sync 1 DAGs
[2024-08-15T00:08:42.719+0000] {logging_mixin.py:188} INFO - [2024-08-15T00:08:42.719+0000] {dag.py:3954} INFO - Setting next_dagrun for example_python_decorator to None, run_after=None
[2024-08-15T00:08:42.728+0000] {processor.py:183} INFO - Processing /home/airflow/.local/lib/python3.12/site-packages/airflow/example_dags/example_python_decorator.py took 0.039 seconds
[2024-08-15T00:09:13.391+0000] {processor.py:161} INFO - Started process (PID=4767) to work on /home/airflow/.local/lib/python3.12/site-packages/airflow/example_dags/example_python_decorator.py
[2024-08-15T00:09:13.391+0000] {processor.py:830} INFO - Processing file /home/airflow/.local/lib/python3.12/site-packages/airflow/example_dags/example_python_decorator.py for tasks to queue
[2024-08-15T00:09:13.392+0000] {logging_mixin.py:188} INFO - [2024-08-15T00:09:13.392+0000] {dagbag.py:540} INFO - Filling up the DagBag from /home/airflow/.local/lib/python3.12/site-packages/airflow/example_dags/example_python_decorator.py
[2024-08-15T00:09:13.399+0000] {processor.py:840} INFO - DAG(s) 'example_python_decorator' retrieved from /home/airflow/.local/lib/python3.12/site-packages/airflow/example_dags/example_python_decorator.py
[2024-08-15T00:09:13.411+0000] {logging_mixin.py:188} INFO - [2024-08-15T00:09:13.410+0000] {dag.py:3096} INFO - Sync 1 DAGs
[2024-08-15T00:09:13.417+0000] {logging_mixin.py:188} INFO - [2024-08-15T00:09:13.417+0000] {dag.py:3954} INFO - Setting next_dagrun for example_python_decorator to None, run_after=None
[2024-08-15T00:09:13.426+0000] {processor.py:183} INFO - Processing /home/airflow/.local/lib/python3.12/site-packages/airflow/example_dags/example_python_decorator.py took 0.039 seconds
[2024-08-15T00:09:44.040+0000] {processor.py:161} INFO - Started process (PID=4825) to work on /home/airflow/.local/lib/python3.12/site-packages/airflow/example_dags/example_python_decorator.py
[2024-08-15T00:09:44.041+0000] {processor.py:830} INFO - Processing file /home/airflow/.local/lib/python3.12/site-packages/airflow/example_dags/example_python_decorator.py for tasks to queue
[2024-08-15T00:09:44.042+0000] {logging_mixin.py:188} INFO - [2024-08-15T00:09:44.042+0000] {dagbag.py:540} INFO - Filling up the DagBag from /home/airflow/.local/lib/python3.12/site-packages/airflow/example_dags/example_python_decorator.py
[2024-08-15T00:09:44.049+0000] {processor.py:840} INFO - DAG(s) 'example_python_decorator' retrieved from /home/airflow/.local/lib/python3.12/site-packages/airflow/example_dags/example_python_decorator.py
[2024-08-15T00:09:44.061+0000] {logging_mixin.py:188} INFO - [2024-08-15T00:09:44.061+0000] {dag.py:3096} INFO - Sync 1 DAGs
[2024-08-15T00:09:44.068+0000] {logging_mixin.py:188} INFO - [2024-08-15T00:09:44.068+0000] {dag.py:3954} INFO - Setting next_dagrun for example_python_decorator to None, run_after=None
[2024-08-15T00:09:44.078+0000] {processor.py:183} INFO - Processing /home/airflow/.local/lib/python3.12/site-packages/airflow/example_dags/example_python_decorator.py took 0.040 seconds
[2024-08-15T00:10:14.663+0000] {processor.py:161} INFO - Started process (PID=4883) to work on /home/airflow/.local/lib/python3.12/site-packages/airflow/example_dags/example_python_decorator.py
[2024-08-15T00:10:14.663+0000] {processor.py:830} INFO - Processing file /home/airflow/.local/lib/python3.12/site-packages/airflow/example_dags/example_python_decorator.py for tasks to queue
[2024-08-15T00:10:14.664+0000] {logging_mixin.py:188} INFO - [2024-08-15T00:10:14.664+0000] {dagbag.py:540} INFO - Filling up the DagBag from /home/airflow/.local/lib/python3.12/site-packages/airflow/example_dags/example_python_decorator.py
[2024-08-15T00:10:14.672+0000] {processor.py:840} INFO - DAG(s) 'example_python_decorator' retrieved from /home/airflow/.local/lib/python3.12/site-packages/airflow/example_dags/example_python_decorator.py
[2024-08-15T00:10:14.684+0000] {logging_mixin.py:188} INFO - [2024-08-15T00:10:14.684+0000] {dag.py:3096} INFO - Sync 1 DAGs
[2024-08-15T00:10:14.691+0000] {logging_mixin.py:188} INFO - [2024-08-15T00:10:14.691+0000] {dag.py:3954} INFO - Setting next_dagrun for example_python_decorator to None, run_after=None
[2024-08-15T00:10:14.701+0000] {processor.py:183} INFO - Processing /home/airflow/.local/lib/python3.12/site-packages/airflow/example_dags/example_python_decorator.py took 0.042 seconds
[2024-08-15T00:10:45.250+0000] {processor.py:161} INFO - Started process (PID=4941) to work on /home/airflow/.local/lib/python3.12/site-packages/airflow/example_dags/example_python_decorator.py
[2024-08-15T00:10:45.250+0000] {processor.py:830} INFO - Processing file /home/airflow/.local/lib/python3.12/site-packages/airflow/example_dags/example_python_decorator.py for tasks to queue
[2024-08-15T00:10:45.251+0000] {logging_mixin.py:188} INFO - [2024-08-15T00:10:45.251+0000] {dagbag.py:540} INFO - Filling up the DagBag from /home/airflow/.local/lib/python3.12/site-packages/airflow/example_dags/example_python_decorator.py
[2024-08-15T00:10:45.258+0000] {processor.py:840} INFO - DAG(s) 'example_python_decorator' retrieved from /home/airflow/.local/lib/python3.12/site-packages/airflow/example_dags/example_python_decorator.py
[2024-08-15T00:10:45.270+0000] {logging_mixin.py:188} INFO - [2024-08-15T00:10:45.270+0000] {dag.py:3096} INFO - Sync 1 DAGs
[2024-08-15T00:10:45.277+0000] {logging_mixin.py:188} INFO - [2024-08-15T00:10:45.277+0000] {dag.py:3954} INFO - Setting next_dagrun for example_python_decorator to None, run_after=None
[2024-08-15T00:10:45.286+0000] {processor.py:183} INFO - Processing /home/airflow/.local/lib/python3.12/site-packages/airflow/example_dags/example_python_decorator.py took 0.040 seconds
[2024-08-15T00:11:15.857+0000] {processor.py:161} INFO - Started process (PID=4999) to work on /home/airflow/.local/lib/python3.12/site-packages/airflow/example_dags/example_python_decorator.py
[2024-08-15T00:11:15.857+0000] {processor.py:830} INFO - Processing file /home/airflow/.local/lib/python3.12/site-packages/airflow/example_dags/example_python_decorator.py for tasks to queue
[2024-08-15T00:11:15.858+0000] {logging_mixin.py:188} INFO - [2024-08-15T00:11:15.858+0000] {dagbag.py:540} INFO - Filling up the DagBag from /home/airflow/.local/lib/python3.12/site-packages/airflow/example_dags/example_python_decorator.py
[2024-08-15T00:11:15.865+0000] {processor.py:840} INFO - DAG(s) 'example_python_decorator' retrieved from /home/airflow/.local/lib/python3.12/site-packages/airflow/example_dags/example_python_decorator.py
[2024-08-15T00:11:15.878+0000] {logging_mixin.py:188} INFO - [2024-08-15T00:11:15.878+0000] {dag.py:3096} INFO - Sync 1 DAGs
[2024-08-15T00:11:15.885+0000] {logging_mixin.py:188} INFO - [2024-08-15T00:11:15.885+0000] {dag.py:3954} INFO - Setting next_dagrun for example_python_decorator to None, run_after=None
[2024-08-15T00:11:15.895+0000] {processor.py:183} INFO - Processing /home/airflow/.local/lib/python3.12/site-packages/airflow/example_dags/example_python_decorator.py took 0.042 seconds
