[2024-08-15T00:00:07.038+0000] {processor.py:161} INFO - Started process (PID=3761) to work on /home/airflow/.local/lib/python3.12/site-packages/airflow/example_dags/example_datasets.py
[2024-08-15T00:00:07.039+0000] {processor.py:830} INFO - Processing file /home/airflow/.local/lib/python3.12/site-packages/airflow/example_dags/example_datasets.py for tasks to queue
[2024-08-15T00:00:07.040+0000] {logging_mixin.py:188} INFO - [2024-08-15T00:00:07.040+0000] {dagbag.py:540} INFO - Filling up the DagBag from /home/airflow/.local/lib/python3.12/site-packages/airflow/example_dags/example_datasets.py
[2024-08-15T00:00:07.048+0000] {processor.py:840} INFO - DAG(s) 'consume_1_or_both_2_and_3_with_dataset_expressions', 'conditional_dataset_and_time_based_timetable', 'dataset_consumes_1_and_2', 'dataset_consumes_unknown_never_scheduled', 'consume_1_and_2_with_dataset_expressions', 'dataset_consumes_1_never_scheduled', 'consume_1_or_2_with_dataset_expressions', 'dataset_produces_1', 'dataset_produces_2', 'dataset_consumes_1' retrieved from /home/airflow/.local/lib/python3.12/site-packages/airflow/example_dags/example_datasets.py
[2024-08-15T00:00:07.073+0000] {logging_mixin.py:188} INFO - [2024-08-15T00:00:07.073+0000] {dag.py:3096} INFO - Sync 10 DAGs
[2024-08-15T00:00:07.087+0000] {logging_mixin.py:188} INFO - [2024-08-15T00:00:07.087+0000] {dag.py:3954} INFO - Setting next_dagrun for conditional_dataset_and_time_based_timetable to 2024-08-14 01:00:00+00:00, run_after=2024-08-14 01:00:00+00:00
[2024-08-15T00:00:07.089+0000] {logging_mixin.py:188} INFO - [2024-08-15T00:00:07.089+0000] {dag.py:3954} INFO - Setting next_dagrun for consume_1_and_2_with_dataset_expressions to None, run_after=None
[2024-08-15T00:00:07.090+0000] {logging_mixin.py:188} INFO - [2024-08-15T00:00:07.090+0000] {dag.py:3954} INFO - Setting next_dagrun for consume_1_or_2_with_dataset_expressions to None, run_after=None
[2024-08-15T00:00:07.091+0000] {logging_mixin.py:188} INFO - [2024-08-15T00:00:07.091+0000] {dag.py:3954} INFO - Setting next_dagrun for consume_1_or_both_2_and_3_with_dataset_expressions to None, run_after=None
[2024-08-15T00:00:07.092+0000] {logging_mixin.py:188} INFO - [2024-08-15T00:00:07.092+0000] {dag.py:3954} INFO - Setting next_dagrun for dataset_consumes_1 to None, run_after=None
[2024-08-15T00:00:07.092+0000] {logging_mixin.py:188} INFO - [2024-08-15T00:00:07.092+0000] {dag.py:3954} INFO - Setting next_dagrun for dataset_consumes_1_and_2 to None, run_after=None
[2024-08-15T00:00:07.093+0000] {logging_mixin.py:188} INFO - [2024-08-15T00:00:07.093+0000] {dag.py:3954} INFO - Setting next_dagrun for dataset_consumes_1_never_scheduled to None, run_after=None
[2024-08-15T00:00:07.094+0000] {logging_mixin.py:188} INFO - [2024-08-15T00:00:07.094+0000] {dag.py:3954} INFO - Setting next_dagrun for dataset_consumes_unknown_never_scheduled to None, run_after=None
[2024-08-15T00:00:07.095+0000] {logging_mixin.py:188} INFO - [2024-08-15T00:00:07.095+0000] {dag.py:3954} INFO - Setting next_dagrun for dataset_produces_1 to 2024-08-14 00:00:00+00:00, run_after=2024-08-15 00:00:00+00:00
[2024-08-15T00:00:07.096+0000] {logging_mixin.py:188} INFO - [2024-08-15T00:00:07.096+0000] {dag.py:3954} INFO - Setting next_dagrun for dataset_produces_2 to None, run_after=None
[2024-08-15T00:00:07.116+0000] {processor.py:183} INFO - Processing /home/airflow/.local/lib/python3.12/site-packages/airflow/example_dags/example_datasets.py took 0.081 seconds
[2024-08-15T00:00:37.671+0000] {processor.py:161} INFO - Started process (PID=3819) to work on /home/airflow/.local/lib/python3.12/site-packages/airflow/example_dags/example_datasets.py
[2024-08-15T00:00:37.671+0000] {processor.py:830} INFO - Processing file /home/airflow/.local/lib/python3.12/site-packages/airflow/example_dags/example_datasets.py for tasks to queue
[2024-08-15T00:00:37.672+0000] {logging_mixin.py:188} INFO - [2024-08-15T00:00:37.672+0000] {dagbag.py:540} INFO - Filling up the DagBag from /home/airflow/.local/lib/python3.12/site-packages/airflow/example_dags/example_datasets.py
[2024-08-15T00:00:37.679+0000] {processor.py:840} INFO - DAG(s) 'dataset_consumes_1', 'dataset_consumes_unknown_never_scheduled', 'dataset_produces_2', 'consume_1_and_2_with_dataset_expressions', 'dataset_produces_1', 'conditional_dataset_and_time_based_timetable', 'dataset_consumes_1_and_2', 'consume_1_or_2_with_dataset_expressions', 'dataset_consumes_1_never_scheduled', 'consume_1_or_both_2_and_3_with_dataset_expressions' retrieved from /home/airflow/.local/lib/python3.12/site-packages/airflow/example_dags/example_datasets.py
[2024-08-15T00:00:37.704+0000] {logging_mixin.py:188} INFO - [2024-08-15T00:00:37.704+0000] {dag.py:3096} INFO - Sync 10 DAGs
[2024-08-15T00:00:37.717+0000] {logging_mixin.py:188} INFO - [2024-08-15T00:00:37.717+0000] {dag.py:3954} INFO - Setting next_dagrun for conditional_dataset_and_time_based_timetable to 2024-08-14 01:00:00+00:00, run_after=2024-08-14 01:00:00+00:00
[2024-08-15T00:00:37.719+0000] {logging_mixin.py:188} INFO - [2024-08-15T00:00:37.719+0000] {dag.py:3954} INFO - Setting next_dagrun for consume_1_and_2_with_dataset_expressions to None, run_after=None
[2024-08-15T00:00:37.720+0000] {logging_mixin.py:188} INFO - [2024-08-15T00:00:37.720+0000] {dag.py:3954} INFO - Setting next_dagrun for consume_1_or_2_with_dataset_expressions to None, run_after=None
[2024-08-15T00:00:37.721+0000] {logging_mixin.py:188} INFO - [2024-08-15T00:00:37.721+0000] {dag.py:3954} INFO - Setting next_dagrun for consume_1_or_both_2_and_3_with_dataset_expressions to None, run_after=None
[2024-08-15T00:00:37.721+0000] {logging_mixin.py:188} INFO - [2024-08-15T00:00:37.721+0000] {dag.py:3954} INFO - Setting next_dagrun for dataset_consumes_1 to None, run_after=None
[2024-08-15T00:00:37.722+0000] {logging_mixin.py:188} INFO - [2024-08-15T00:00:37.722+0000] {dag.py:3954} INFO - Setting next_dagrun for dataset_consumes_1_and_2 to None, run_after=None
[2024-08-15T00:00:37.723+0000] {logging_mixin.py:188} INFO - [2024-08-15T00:00:37.723+0000] {dag.py:3954} INFO - Setting next_dagrun for dataset_consumes_1_never_scheduled to None, run_after=None
[2024-08-15T00:00:37.724+0000] {logging_mixin.py:188} INFO - [2024-08-15T00:00:37.724+0000] {dag.py:3954} INFO - Setting next_dagrun for dataset_consumes_unknown_never_scheduled to None, run_after=None
[2024-08-15T00:00:37.725+0000] {logging_mixin.py:188} INFO - [2024-08-15T00:00:37.725+0000] {dag.py:3954} INFO - Setting next_dagrun for dataset_produces_1 to 2024-08-14 00:00:00+00:00, run_after=2024-08-15 00:00:00+00:00
[2024-08-15T00:00:37.726+0000] {logging_mixin.py:188} INFO - [2024-08-15T00:00:37.726+0000] {dag.py:3954} INFO - Setting next_dagrun for dataset_produces_2 to None, run_after=None
[2024-08-15T00:00:37.743+0000] {processor.py:183} INFO - Processing /home/airflow/.local/lib/python3.12/site-packages/airflow/example_dags/example_datasets.py took 0.076 seconds
[2024-08-15T00:01:08.340+0000] {processor.py:161} INFO - Started process (PID=3877) to work on /home/airflow/.local/lib/python3.12/site-packages/airflow/example_dags/example_datasets.py
[2024-08-15T00:01:08.340+0000] {processor.py:830} INFO - Processing file /home/airflow/.local/lib/python3.12/site-packages/airflow/example_dags/example_datasets.py for tasks to queue
[2024-08-15T00:01:08.341+0000] {logging_mixin.py:188} INFO - [2024-08-15T00:01:08.341+0000] {dagbag.py:540} INFO - Filling up the DagBag from /home/airflow/.local/lib/python3.12/site-packages/airflow/example_dags/example_datasets.py
[2024-08-15T00:01:08.348+0000] {processor.py:840} INFO - DAG(s) 'dataset_consumes_unknown_never_scheduled', 'dataset_consumes_1_and_2', 'dataset_consumes_1_never_scheduled', 'dataset_produces_2', 'dataset_consumes_1', 'consume_1_or_2_with_dataset_expressions', 'consume_1_or_both_2_and_3_with_dataset_expressions', 'conditional_dataset_and_time_based_timetable', 'dataset_produces_1', 'consume_1_and_2_with_dataset_expressions' retrieved from /home/airflow/.local/lib/python3.12/site-packages/airflow/example_dags/example_datasets.py
[2024-08-15T00:01:08.373+0000] {logging_mixin.py:188} INFO - [2024-08-15T00:01:08.373+0000] {dag.py:3096} INFO - Sync 10 DAGs
[2024-08-15T00:01:08.387+0000] {logging_mixin.py:188} INFO - [2024-08-15T00:01:08.387+0000] {dag.py:3954} INFO - Setting next_dagrun for conditional_dataset_and_time_based_timetable to 2024-08-14 01:00:00+00:00, run_after=2024-08-14 01:00:00+00:00
[2024-08-15T00:01:08.389+0000] {logging_mixin.py:188} INFO - [2024-08-15T00:01:08.389+0000] {dag.py:3954} INFO - Setting next_dagrun for consume_1_and_2_with_dataset_expressions to None, run_after=None
[2024-08-15T00:01:08.390+0000] {logging_mixin.py:188} INFO - [2024-08-15T00:01:08.390+0000] {dag.py:3954} INFO - Setting next_dagrun for consume_1_or_2_with_dataset_expressions to None, run_after=None
[2024-08-15T00:01:08.391+0000] {logging_mixin.py:188} INFO - [2024-08-15T00:01:08.391+0000] {dag.py:3954} INFO - Setting next_dagrun for consume_1_or_both_2_and_3_with_dataset_expressions to None, run_after=None
[2024-08-15T00:01:08.392+0000] {logging_mixin.py:188} INFO - [2024-08-15T00:01:08.392+0000] {dag.py:3954} INFO - Setting next_dagrun for dataset_consumes_1 to None, run_after=None
[2024-08-15T00:01:08.393+0000] {logging_mixin.py:188} INFO - [2024-08-15T00:01:08.393+0000] {dag.py:3954} INFO - Setting next_dagrun for dataset_consumes_1_and_2 to None, run_after=None
[2024-08-15T00:01:08.393+0000] {logging_mixin.py:188} INFO - [2024-08-15T00:01:08.393+0000] {dag.py:3954} INFO - Setting next_dagrun for dataset_consumes_1_never_scheduled to None, run_after=None
[2024-08-15T00:01:08.394+0000] {logging_mixin.py:188} INFO - [2024-08-15T00:01:08.394+0000] {dag.py:3954} INFO - Setting next_dagrun for dataset_consumes_unknown_never_scheduled to None, run_after=None
[2024-08-15T00:01:08.395+0000] {logging_mixin.py:188} INFO - [2024-08-15T00:01:08.395+0000] {dag.py:3954} INFO - Setting next_dagrun for dataset_produces_1 to 2024-08-14 00:00:00+00:00, run_after=2024-08-15 00:00:00+00:00
[2024-08-15T00:01:08.396+0000] {logging_mixin.py:188} INFO - [2024-08-15T00:01:08.396+0000] {dag.py:3954} INFO - Setting next_dagrun for dataset_produces_2 to None, run_after=None
[2024-08-15T00:01:08.414+0000] {processor.py:183} INFO - Processing /home/airflow/.local/lib/python3.12/site-packages/airflow/example_dags/example_datasets.py took 0.077 seconds
[2024-08-15T00:01:38.972+0000] {processor.py:161} INFO - Started process (PID=3935) to work on /home/airflow/.local/lib/python3.12/site-packages/airflow/example_dags/example_datasets.py
[2024-08-15T00:01:38.973+0000] {processor.py:830} INFO - Processing file /home/airflow/.local/lib/python3.12/site-packages/airflow/example_dags/example_datasets.py for tasks to queue
[2024-08-15T00:01:38.974+0000] {logging_mixin.py:188} INFO - [2024-08-15T00:01:38.974+0000] {dagbag.py:540} INFO - Filling up the DagBag from /home/airflow/.local/lib/python3.12/site-packages/airflow/example_dags/example_datasets.py
[2024-08-15T00:01:38.981+0000] {processor.py:840} INFO - DAG(s) 'dataset_produces_1', 'conditional_dataset_and_time_based_timetable', 'dataset_consumes_1_never_scheduled', 'dataset_consumes_unknown_never_scheduled', 'consume_1_or_both_2_and_3_with_dataset_expressions', 'dataset_consumes_1_and_2', 'dataset_consumes_1', 'dataset_produces_2', 'consume_1_and_2_with_dataset_expressions', 'consume_1_or_2_with_dataset_expressions' retrieved from /home/airflow/.local/lib/python3.12/site-packages/airflow/example_dags/example_datasets.py
[2024-08-15T00:01:39.006+0000] {logging_mixin.py:188} INFO - [2024-08-15T00:01:39.005+0000] {dag.py:3096} INFO - Sync 10 DAGs
[2024-08-15T00:01:39.018+0000] {logging_mixin.py:188} INFO - [2024-08-15T00:01:39.018+0000] {dag.py:3954} INFO - Setting next_dagrun for conditional_dataset_and_time_based_timetable to 2024-08-14 01:00:00+00:00, run_after=2024-08-14 01:00:00+00:00
[2024-08-15T00:01:39.020+0000] {logging_mixin.py:188} INFO - [2024-08-15T00:01:39.020+0000] {dag.py:3954} INFO - Setting next_dagrun for consume_1_and_2_with_dataset_expressions to None, run_after=None
[2024-08-15T00:01:39.021+0000] {logging_mixin.py:188} INFO - [2024-08-15T00:01:39.021+0000] {dag.py:3954} INFO - Setting next_dagrun for consume_1_or_2_with_dataset_expressions to None, run_after=None
[2024-08-15T00:01:39.022+0000] {logging_mixin.py:188} INFO - [2024-08-15T00:01:39.022+0000] {dag.py:3954} INFO - Setting next_dagrun for consume_1_or_both_2_and_3_with_dataset_expressions to None, run_after=None
[2024-08-15T00:01:39.022+0000] {logging_mixin.py:188} INFO - [2024-08-15T00:01:39.022+0000] {dag.py:3954} INFO - Setting next_dagrun for dataset_consumes_1 to None, run_after=None
[2024-08-15T00:01:39.023+0000] {logging_mixin.py:188} INFO - [2024-08-15T00:01:39.023+0000] {dag.py:3954} INFO - Setting next_dagrun for dataset_consumes_1_and_2 to None, run_after=None
[2024-08-15T00:01:39.024+0000] {logging_mixin.py:188} INFO - [2024-08-15T00:01:39.024+0000] {dag.py:3954} INFO - Setting next_dagrun for dataset_consumes_1_never_scheduled to None, run_after=None
[2024-08-15T00:01:39.025+0000] {logging_mixin.py:188} INFO - [2024-08-15T00:01:39.024+0000] {dag.py:3954} INFO - Setting next_dagrun for dataset_consumes_unknown_never_scheduled to None, run_after=None
[2024-08-15T00:01:39.026+0000] {logging_mixin.py:188} INFO - [2024-08-15T00:01:39.026+0000] {dag.py:3954} INFO - Setting next_dagrun for dataset_produces_1 to 2024-08-14 00:00:00+00:00, run_after=2024-08-15 00:00:00+00:00
[2024-08-15T00:01:39.027+0000] {logging_mixin.py:188} INFO - [2024-08-15T00:01:39.026+0000] {dag.py:3954} INFO - Setting next_dagrun for dataset_produces_2 to None, run_after=None
[2024-08-15T00:01:39.046+0000] {processor.py:183} INFO - Processing /home/airflow/.local/lib/python3.12/site-packages/airflow/example_dags/example_datasets.py took 0.077 seconds
[2024-08-15T00:02:09.603+0000] {processor.py:161} INFO - Started process (PID=3993) to work on /home/airflow/.local/lib/python3.12/site-packages/airflow/example_dags/example_datasets.py
[2024-08-15T00:02:09.603+0000] {processor.py:830} INFO - Processing file /home/airflow/.local/lib/python3.12/site-packages/airflow/example_dags/example_datasets.py for tasks to queue
[2024-08-15T00:02:09.604+0000] {logging_mixin.py:188} INFO - [2024-08-15T00:02:09.604+0000] {dagbag.py:540} INFO - Filling up the DagBag from /home/airflow/.local/lib/python3.12/site-packages/airflow/example_dags/example_datasets.py
[2024-08-15T00:02:09.611+0000] {processor.py:840} INFO - DAG(s) 'consume_1_and_2_with_dataset_expressions', 'dataset_consumes_1_and_2', 'dataset_consumes_unknown_never_scheduled', 'conditional_dataset_and_time_based_timetable', 'consume_1_or_both_2_and_3_with_dataset_expressions', 'consume_1_or_2_with_dataset_expressions', 'dataset_produces_2', 'dataset_consumes_1_never_scheduled', 'dataset_produces_1', 'dataset_consumes_1' retrieved from /home/airflow/.local/lib/python3.12/site-packages/airflow/example_dags/example_datasets.py
[2024-08-15T00:02:09.636+0000] {logging_mixin.py:188} INFO - [2024-08-15T00:02:09.636+0000] {dag.py:3096} INFO - Sync 10 DAGs
[2024-08-15T00:02:09.649+0000] {logging_mixin.py:188} INFO - [2024-08-15T00:02:09.649+0000] {dag.py:3954} INFO - Setting next_dagrun for conditional_dataset_and_time_based_timetable to 2024-08-14 01:00:00+00:00, run_after=2024-08-14 01:00:00+00:00
[2024-08-15T00:02:09.651+0000] {logging_mixin.py:188} INFO - [2024-08-15T00:02:09.651+0000] {dag.py:3954} INFO - Setting next_dagrun for consume_1_and_2_with_dataset_expressions to None, run_after=None
[2024-08-15T00:02:09.652+0000] {logging_mixin.py:188} INFO - [2024-08-15T00:02:09.652+0000] {dag.py:3954} INFO - Setting next_dagrun for consume_1_or_2_with_dataset_expressions to None, run_after=None
[2024-08-15T00:02:09.652+0000] {logging_mixin.py:188} INFO - [2024-08-15T00:02:09.652+0000] {dag.py:3954} INFO - Setting next_dagrun for consume_1_or_both_2_and_3_with_dataset_expressions to None, run_after=None
[2024-08-15T00:02:09.653+0000] {logging_mixin.py:188} INFO - [2024-08-15T00:02:09.653+0000] {dag.py:3954} INFO - Setting next_dagrun for dataset_consumes_1 to None, run_after=None
[2024-08-15T00:02:09.654+0000] {logging_mixin.py:188} INFO - [2024-08-15T00:02:09.654+0000] {dag.py:3954} INFO - Setting next_dagrun for dataset_consumes_1_and_2 to None, run_after=None
[2024-08-15T00:02:09.655+0000] {logging_mixin.py:188} INFO - [2024-08-15T00:02:09.654+0000] {dag.py:3954} INFO - Setting next_dagrun for dataset_consumes_1_never_scheduled to None, run_after=None
[2024-08-15T00:02:09.655+0000] {logging_mixin.py:188} INFO - [2024-08-15T00:02:09.655+0000] {dag.py:3954} INFO - Setting next_dagrun for dataset_consumes_unknown_never_scheduled to None, run_after=None
[2024-08-15T00:02:09.657+0000] {logging_mixin.py:188} INFO - [2024-08-15T00:02:09.657+0000] {dag.py:3954} INFO - Setting next_dagrun for dataset_produces_1 to 2024-08-14 00:00:00+00:00, run_after=2024-08-15 00:00:00+00:00
[2024-08-15T00:02:09.657+0000] {logging_mixin.py:188} INFO - [2024-08-15T00:02:09.657+0000] {dag.py:3954} INFO - Setting next_dagrun for dataset_produces_2 to None, run_after=None
[2024-08-15T00:02:09.675+0000] {processor.py:183} INFO - Processing /home/airflow/.local/lib/python3.12/site-packages/airflow/example_dags/example_datasets.py took 0.076 seconds
[2024-08-15T00:02:40.253+0000] {processor.py:161} INFO - Started process (PID=4051) to work on /home/airflow/.local/lib/python3.12/site-packages/airflow/example_dags/example_datasets.py
[2024-08-15T00:02:40.254+0000] {processor.py:830} INFO - Processing file /home/airflow/.local/lib/python3.12/site-packages/airflow/example_dags/example_datasets.py for tasks to queue
[2024-08-15T00:02:40.255+0000] {logging_mixin.py:188} INFO - [2024-08-15T00:02:40.255+0000] {dagbag.py:540} INFO - Filling up the DagBag from /home/airflow/.local/lib/python3.12/site-packages/airflow/example_dags/example_datasets.py
[2024-08-15T00:02:40.262+0000] {processor.py:840} INFO - DAG(s) 'consume_1_or_both_2_and_3_with_dataset_expressions', 'consume_1_and_2_with_dataset_expressions', 'dataset_produces_2', 'dataset_produces_1', 'dataset_consumes_unknown_never_scheduled', 'dataset_consumes_1', 'dataset_consumes_1_never_scheduled', 'conditional_dataset_and_time_based_timetable', 'dataset_consumes_1_and_2', 'consume_1_or_2_with_dataset_expressions' retrieved from /home/airflow/.local/lib/python3.12/site-packages/airflow/example_dags/example_datasets.py
[2024-08-15T00:02:40.288+0000] {logging_mixin.py:188} INFO - [2024-08-15T00:02:40.288+0000] {dag.py:3096} INFO - Sync 10 DAGs
[2024-08-15T00:02:40.302+0000] {logging_mixin.py:188} INFO - [2024-08-15T00:02:40.302+0000] {dag.py:3954} INFO - Setting next_dagrun for conditional_dataset_and_time_based_timetable to 2024-08-14 01:00:00+00:00, run_after=2024-08-14 01:00:00+00:00
[2024-08-15T00:02:40.304+0000] {logging_mixin.py:188} INFO - [2024-08-15T00:02:40.304+0000] {dag.py:3954} INFO - Setting next_dagrun for consume_1_and_2_with_dataset_expressions to None, run_after=None
[2024-08-15T00:02:40.305+0000] {logging_mixin.py:188} INFO - [2024-08-15T00:02:40.305+0000] {dag.py:3954} INFO - Setting next_dagrun for consume_1_or_2_with_dataset_expressions to None, run_after=None
[2024-08-15T00:02:40.306+0000] {logging_mixin.py:188} INFO - [2024-08-15T00:02:40.305+0000] {dag.py:3954} INFO - Setting next_dagrun for consume_1_or_both_2_and_3_with_dataset_expressions to None, run_after=None
[2024-08-15T00:02:40.307+0000] {logging_mixin.py:188} INFO - [2024-08-15T00:02:40.307+0000] {dag.py:3954} INFO - Setting next_dagrun for dataset_consumes_1 to None, run_after=None
[2024-08-15T00:02:40.308+0000] {logging_mixin.py:188} INFO - [2024-08-15T00:02:40.308+0000] {dag.py:3954} INFO - Setting next_dagrun for dataset_consumes_1_and_2 to None, run_after=None
[2024-08-15T00:02:40.309+0000] {logging_mixin.py:188} INFO - [2024-08-15T00:02:40.309+0000] {dag.py:3954} INFO - Setting next_dagrun for dataset_consumes_1_never_scheduled to None, run_after=None
[2024-08-15T00:02:40.310+0000] {logging_mixin.py:188} INFO - [2024-08-15T00:02:40.310+0000] {dag.py:3954} INFO - Setting next_dagrun for dataset_consumes_unknown_never_scheduled to None, run_after=None
[2024-08-15T00:02:40.311+0000] {logging_mixin.py:188} INFO - [2024-08-15T00:02:40.311+0000] {dag.py:3954} INFO - Setting next_dagrun for dataset_produces_1 to 2024-08-14 00:00:00+00:00, run_after=2024-08-15 00:00:00+00:00
[2024-08-15T00:02:40.312+0000] {logging_mixin.py:188} INFO - [2024-08-15T00:02:40.312+0000] {dag.py:3954} INFO - Setting next_dagrun for dataset_produces_2 to None, run_after=None
[2024-08-15T00:02:40.333+0000] {processor.py:183} INFO - Processing /home/airflow/.local/lib/python3.12/site-packages/airflow/example_dags/example_datasets.py took 0.083 seconds
[2024-08-15T00:03:10.843+0000] {processor.py:161} INFO - Started process (PID=4109) to work on /home/airflow/.local/lib/python3.12/site-packages/airflow/example_dags/example_datasets.py
[2024-08-15T00:03:10.843+0000] {processor.py:830} INFO - Processing file /home/airflow/.local/lib/python3.12/site-packages/airflow/example_dags/example_datasets.py for tasks to queue
[2024-08-15T00:03:10.845+0000] {logging_mixin.py:188} INFO - [2024-08-15T00:03:10.844+0000] {dagbag.py:540} INFO - Filling up the DagBag from /home/airflow/.local/lib/python3.12/site-packages/airflow/example_dags/example_datasets.py
[2024-08-15T00:03:10.852+0000] {processor.py:840} INFO - DAG(s) 'consume_1_or_2_with_dataset_expressions', 'dataset_produces_2', 'consume_1_and_2_with_dataset_expressions', 'dataset_produces_1', 'dataset_consumes_1_and_2', 'dataset_consumes_1', 'consume_1_or_both_2_and_3_with_dataset_expressions', 'dataset_consumes_unknown_never_scheduled', 'dataset_consumes_1_never_scheduled', 'conditional_dataset_and_time_based_timetable' retrieved from /home/airflow/.local/lib/python3.12/site-packages/airflow/example_dags/example_datasets.py
[2024-08-15T00:03:10.877+0000] {logging_mixin.py:188} INFO - [2024-08-15T00:03:10.877+0000] {dag.py:3096} INFO - Sync 10 DAGs
[2024-08-15T00:03:10.890+0000] {logging_mixin.py:188} INFO - [2024-08-15T00:03:10.890+0000] {dag.py:3954} INFO - Setting next_dagrun for conditional_dataset_and_time_based_timetable to 2024-08-14 01:00:00+00:00, run_after=2024-08-14 01:00:00+00:00
[2024-08-15T00:03:10.893+0000] {logging_mixin.py:188} INFO - [2024-08-15T00:03:10.893+0000] {dag.py:3954} INFO - Setting next_dagrun for consume_1_and_2_with_dataset_expressions to None, run_after=None
[2024-08-15T00:03:10.894+0000] {logging_mixin.py:188} INFO - [2024-08-15T00:03:10.893+0000] {dag.py:3954} INFO - Setting next_dagrun for consume_1_or_2_with_dataset_expressions to None, run_after=None
[2024-08-15T00:03:10.894+0000] {logging_mixin.py:188} INFO - [2024-08-15T00:03:10.894+0000] {dag.py:3954} INFO - Setting next_dagrun for consume_1_or_both_2_and_3_with_dataset_expressions to None, run_after=None
[2024-08-15T00:03:10.895+0000] {logging_mixin.py:188} INFO - [2024-08-15T00:03:10.895+0000] {dag.py:3954} INFO - Setting next_dagrun for dataset_consumes_1 to None, run_after=None
[2024-08-15T00:03:10.896+0000] {logging_mixin.py:188} INFO - [2024-08-15T00:03:10.896+0000] {dag.py:3954} INFO - Setting next_dagrun for dataset_consumes_1_and_2 to None, run_after=None
[2024-08-15T00:03:10.896+0000] {logging_mixin.py:188} INFO - [2024-08-15T00:03:10.896+0000] {dag.py:3954} INFO - Setting next_dagrun for dataset_consumes_1_never_scheduled to None, run_after=None
[2024-08-15T00:03:10.897+0000] {logging_mixin.py:188} INFO - [2024-08-15T00:03:10.897+0000] {dag.py:3954} INFO - Setting next_dagrun for dataset_consumes_unknown_never_scheduled to None, run_after=None
[2024-08-15T00:03:10.899+0000] {logging_mixin.py:188} INFO - [2024-08-15T00:03:10.899+0000] {dag.py:3954} INFO - Setting next_dagrun for dataset_produces_1 to 2024-08-14 00:00:00+00:00, run_after=2024-08-15 00:00:00+00:00
[2024-08-15T00:03:10.899+0000] {logging_mixin.py:188} INFO - [2024-08-15T00:03:10.899+0000] {dag.py:3954} INFO - Setting next_dagrun for dataset_produces_2 to None, run_after=None
[2024-08-15T00:03:10.918+0000] {processor.py:183} INFO - Processing /home/airflow/.local/lib/python3.12/site-packages/airflow/example_dags/example_datasets.py took 0.079 seconds
[2024-08-15T00:03:41.504+0000] {processor.py:161} INFO - Started process (PID=4167) to work on /home/airflow/.local/lib/python3.12/site-packages/airflow/example_dags/example_datasets.py
[2024-08-15T00:03:41.505+0000] {processor.py:830} INFO - Processing file /home/airflow/.local/lib/python3.12/site-packages/airflow/example_dags/example_datasets.py for tasks to queue
[2024-08-15T00:03:41.506+0000] {logging_mixin.py:188} INFO - [2024-08-15T00:03:41.506+0000] {dagbag.py:540} INFO - Filling up the DagBag from /home/airflow/.local/lib/python3.12/site-packages/airflow/example_dags/example_datasets.py
[2024-08-15T00:03:41.513+0000] {processor.py:840} INFO - DAG(s) 'dataset_consumes_1_never_scheduled', 'dataset_consumes_1_and_2', 'dataset_produces_1', 'dataset_consumes_1', 'dataset_consumes_unknown_never_scheduled', 'dataset_produces_2', 'consume_1_and_2_with_dataset_expressions', 'consume_1_or_both_2_and_3_with_dataset_expressions', 'consume_1_or_2_with_dataset_expressions', 'conditional_dataset_and_time_based_timetable' retrieved from /home/airflow/.local/lib/python3.12/site-packages/airflow/example_dags/example_datasets.py
[2024-08-15T00:03:41.538+0000] {logging_mixin.py:188} INFO - [2024-08-15T00:03:41.538+0000] {dag.py:3096} INFO - Sync 10 DAGs
[2024-08-15T00:03:41.552+0000] {logging_mixin.py:188} INFO - [2024-08-15T00:03:41.552+0000] {dag.py:3954} INFO - Setting next_dagrun for conditional_dataset_and_time_based_timetable to 2024-08-14 01:00:00+00:00, run_after=2024-08-14 01:00:00+00:00
[2024-08-15T00:03:41.554+0000] {logging_mixin.py:188} INFO - [2024-08-15T00:03:41.554+0000] {dag.py:3954} INFO - Setting next_dagrun for consume_1_and_2_with_dataset_expressions to None, run_after=None
[2024-08-15T00:03:41.554+0000] {logging_mixin.py:188} INFO - [2024-08-15T00:03:41.554+0000] {dag.py:3954} INFO - Setting next_dagrun for consume_1_or_2_with_dataset_expressions to None, run_after=None
[2024-08-15T00:03:41.555+0000] {logging_mixin.py:188} INFO - [2024-08-15T00:03:41.555+0000] {dag.py:3954} INFO - Setting next_dagrun for consume_1_or_both_2_and_3_with_dataset_expressions to None, run_after=None
[2024-08-15T00:03:41.556+0000] {logging_mixin.py:188} INFO - [2024-08-15T00:03:41.556+0000] {dag.py:3954} INFO - Setting next_dagrun for dataset_consumes_1 to None, run_after=None
[2024-08-15T00:03:41.557+0000] {logging_mixin.py:188} INFO - [2024-08-15T00:03:41.557+0000] {dag.py:3954} INFO - Setting next_dagrun for dataset_consumes_1_and_2 to None, run_after=None
[2024-08-15T00:03:41.558+0000] {logging_mixin.py:188} INFO - [2024-08-15T00:03:41.558+0000] {dag.py:3954} INFO - Setting next_dagrun for dataset_consumes_1_never_scheduled to None, run_after=None
[2024-08-15T00:03:41.559+0000] {logging_mixin.py:188} INFO - [2024-08-15T00:03:41.559+0000] {dag.py:3954} INFO - Setting next_dagrun for dataset_consumes_unknown_never_scheduled to None, run_after=None
[2024-08-15T00:03:41.560+0000] {logging_mixin.py:188} INFO - [2024-08-15T00:03:41.560+0000] {dag.py:3954} INFO - Setting next_dagrun for dataset_produces_1 to 2024-08-14 00:00:00+00:00, run_after=2024-08-15 00:00:00+00:00
[2024-08-15T00:03:41.561+0000] {logging_mixin.py:188} INFO - [2024-08-15T00:03:41.561+0000] {dag.py:3954} INFO - Setting next_dagrun for dataset_produces_2 to None, run_after=None
[2024-08-15T00:03:41.579+0000] {processor.py:183} INFO - Processing /home/airflow/.local/lib/python3.12/site-packages/airflow/example_dags/example_datasets.py took 0.078 seconds
[2024-08-15T00:04:12.171+0000] {processor.py:161} INFO - Started process (PID=4225) to work on /home/airflow/.local/lib/python3.12/site-packages/airflow/example_dags/example_datasets.py
[2024-08-15T00:04:12.171+0000] {processor.py:830} INFO - Processing file /home/airflow/.local/lib/python3.12/site-packages/airflow/example_dags/example_datasets.py for tasks to queue
[2024-08-15T00:04:12.172+0000] {logging_mixin.py:188} INFO - [2024-08-15T00:04:12.172+0000] {dagbag.py:540} INFO - Filling up the DagBag from /home/airflow/.local/lib/python3.12/site-packages/airflow/example_dags/example_datasets.py
[2024-08-15T00:04:12.179+0000] {processor.py:840} INFO - DAG(s) 'dataset_produces_1', 'conditional_dataset_and_time_based_timetable', 'dataset_consumes_1_never_scheduled', 'consume_1_or_2_with_dataset_expressions', 'dataset_consumes_1_and_2', 'consume_1_or_both_2_and_3_with_dataset_expressions', 'dataset_produces_2', 'dataset_consumes_unknown_never_scheduled', 'consume_1_and_2_with_dataset_expressions', 'dataset_consumes_1' retrieved from /home/airflow/.local/lib/python3.12/site-packages/airflow/example_dags/example_datasets.py
[2024-08-15T00:04:12.205+0000] {logging_mixin.py:188} INFO - [2024-08-15T00:04:12.205+0000] {dag.py:3096} INFO - Sync 10 DAGs
[2024-08-15T00:04:12.218+0000] {logging_mixin.py:188} INFO - [2024-08-15T00:04:12.218+0000] {dag.py:3954} INFO - Setting next_dagrun for conditional_dataset_and_time_based_timetable to 2024-08-14 01:00:00+00:00, run_after=2024-08-14 01:00:00+00:00
[2024-08-15T00:04:12.220+0000] {logging_mixin.py:188} INFO - [2024-08-15T00:04:12.220+0000] {dag.py:3954} INFO - Setting next_dagrun for consume_1_and_2_with_dataset_expressions to None, run_after=None
[2024-08-15T00:04:12.221+0000] {logging_mixin.py:188} INFO - [2024-08-15T00:04:12.221+0000] {dag.py:3954} INFO - Setting next_dagrun for consume_1_or_2_with_dataset_expressions to None, run_after=None
[2024-08-15T00:04:12.221+0000] {logging_mixin.py:188} INFO - [2024-08-15T00:04:12.221+0000] {dag.py:3954} INFO - Setting next_dagrun for consume_1_or_both_2_and_3_with_dataset_expressions to None, run_after=None
[2024-08-15T00:04:12.222+0000] {logging_mixin.py:188} INFO - [2024-08-15T00:04:12.222+0000] {dag.py:3954} INFO - Setting next_dagrun for dataset_consumes_1 to None, run_after=None
[2024-08-15T00:04:12.223+0000] {logging_mixin.py:188} INFO - [2024-08-15T00:04:12.223+0000] {dag.py:3954} INFO - Setting next_dagrun for dataset_consumes_1_and_2 to None, run_after=None
[2024-08-15T00:04:12.224+0000] {logging_mixin.py:188} INFO - [2024-08-15T00:04:12.224+0000] {dag.py:3954} INFO - Setting next_dagrun for dataset_consumes_1_never_scheduled to None, run_after=None
[2024-08-15T00:04:12.225+0000] {logging_mixin.py:188} INFO - [2024-08-15T00:04:12.225+0000] {dag.py:3954} INFO - Setting next_dagrun for dataset_consumes_unknown_never_scheduled to None, run_after=None
[2024-08-15T00:04:12.226+0000] {logging_mixin.py:188} INFO - [2024-08-15T00:04:12.226+0000] {dag.py:3954} INFO - Setting next_dagrun for dataset_produces_1 to 2024-08-14 00:00:00+00:00, run_after=2024-08-15 00:00:00+00:00
[2024-08-15T00:04:12.227+0000] {logging_mixin.py:188} INFO - [2024-08-15T00:04:12.227+0000] {dag.py:3954} INFO - Setting next_dagrun for dataset_produces_2 to None, run_after=None
[2024-08-15T00:04:12.245+0000] {processor.py:183} INFO - Processing /home/airflow/.local/lib/python3.12/site-packages/airflow/example_dags/example_datasets.py took 0.077 seconds
[2024-08-15T00:04:42.867+0000] {processor.py:161} INFO - Started process (PID=4283) to work on /home/airflow/.local/lib/python3.12/site-packages/airflow/example_dags/example_datasets.py
[2024-08-15T00:04:42.868+0000] {processor.py:830} INFO - Processing file /home/airflow/.local/lib/python3.12/site-packages/airflow/example_dags/example_datasets.py for tasks to queue
[2024-08-15T00:04:42.869+0000] {logging_mixin.py:188} INFO - [2024-08-15T00:04:42.869+0000] {dagbag.py:540} INFO - Filling up the DagBag from /home/airflow/.local/lib/python3.12/site-packages/airflow/example_dags/example_datasets.py
[2024-08-15T00:04:42.876+0000] {processor.py:840} INFO - DAG(s) 'dataset_produces_1', 'dataset_consumes_unknown_never_scheduled', 'dataset_produces_2', 'consume_1_and_2_with_dataset_expressions', 'dataset_consumes_1', 'consume_1_or_both_2_and_3_with_dataset_expressions', 'conditional_dataset_and_time_based_timetable', 'dataset_consumes_1_and_2', 'dataset_consumes_1_never_scheduled', 'consume_1_or_2_with_dataset_expressions' retrieved from /home/airflow/.local/lib/python3.12/site-packages/airflow/example_dags/example_datasets.py
[2024-08-15T00:04:42.901+0000] {logging_mixin.py:188} INFO - [2024-08-15T00:04:42.901+0000] {dag.py:3096} INFO - Sync 10 DAGs
[2024-08-15T00:04:42.914+0000] {logging_mixin.py:188} INFO - [2024-08-15T00:04:42.914+0000] {dag.py:3954} INFO - Setting next_dagrun for conditional_dataset_and_time_based_timetable to 2024-08-14 01:00:00+00:00, run_after=2024-08-14 01:00:00+00:00
[2024-08-15T00:04:42.916+0000] {logging_mixin.py:188} INFO - [2024-08-15T00:04:42.916+0000] {dag.py:3954} INFO - Setting next_dagrun for consume_1_and_2_with_dataset_expressions to None, run_after=None
[2024-08-15T00:04:42.917+0000] {logging_mixin.py:188} INFO - [2024-08-15T00:04:42.916+0000] {dag.py:3954} INFO - Setting next_dagrun for consume_1_or_2_with_dataset_expressions to None, run_after=None
[2024-08-15T00:04:42.917+0000] {logging_mixin.py:188} INFO - [2024-08-15T00:04:42.917+0000] {dag.py:3954} INFO - Setting next_dagrun for consume_1_or_both_2_and_3_with_dataset_expressions to None, run_after=None
[2024-08-15T00:04:42.918+0000] {logging_mixin.py:188} INFO - [2024-08-15T00:04:42.918+0000] {dag.py:3954} INFO - Setting next_dagrun for dataset_consumes_1 to None, run_after=None
[2024-08-15T00:04:42.919+0000] {logging_mixin.py:188} INFO - [2024-08-15T00:04:42.919+0000] {dag.py:3954} INFO - Setting next_dagrun for dataset_consumes_1_and_2 to None, run_after=None
[2024-08-15T00:04:42.919+0000] {logging_mixin.py:188} INFO - [2024-08-15T00:04:42.919+0000] {dag.py:3954} INFO - Setting next_dagrun for dataset_consumes_1_never_scheduled to None, run_after=None
[2024-08-15T00:04:42.920+0000] {logging_mixin.py:188} INFO - [2024-08-15T00:04:42.920+0000] {dag.py:3954} INFO - Setting next_dagrun for dataset_consumes_unknown_never_scheduled to None, run_after=None
[2024-08-15T00:04:42.921+0000] {logging_mixin.py:188} INFO - [2024-08-15T00:04:42.921+0000] {dag.py:3954} INFO - Setting next_dagrun for dataset_produces_1 to 2024-08-14 00:00:00+00:00, run_after=2024-08-15 00:00:00+00:00
[2024-08-15T00:04:42.922+0000] {logging_mixin.py:188} INFO - [2024-08-15T00:04:42.922+0000] {dag.py:3954} INFO - Setting next_dagrun for dataset_produces_2 to None, run_after=None
[2024-08-15T00:04:42.941+0000] {processor.py:183} INFO - Processing /home/airflow/.local/lib/python3.12/site-packages/airflow/example_dags/example_datasets.py took 0.077 seconds
[2024-08-15T00:05:13.485+0000] {processor.py:161} INFO - Started process (PID=4341) to work on /home/airflow/.local/lib/python3.12/site-packages/airflow/example_dags/example_datasets.py
[2024-08-15T00:05:13.485+0000] {processor.py:830} INFO - Processing file /home/airflow/.local/lib/python3.12/site-packages/airflow/example_dags/example_datasets.py for tasks to queue
[2024-08-15T00:05:13.486+0000] {logging_mixin.py:188} INFO - [2024-08-15T00:05:13.486+0000] {dagbag.py:540} INFO - Filling up the DagBag from /home/airflow/.local/lib/python3.12/site-packages/airflow/example_dags/example_datasets.py
[2024-08-15T00:05:13.493+0000] {processor.py:840} INFO - DAG(s) 'dataset_consumes_unknown_never_scheduled', 'consume_1_and_2_with_dataset_expressions', 'dataset_produces_2', 'consume_1_or_2_with_dataset_expressions', 'dataset_consumes_1_and_2', 'dataset_produces_1', 'dataset_consumes_1', 'dataset_consumes_1_never_scheduled', 'consume_1_or_both_2_and_3_with_dataset_expressions', 'conditional_dataset_and_time_based_timetable' retrieved from /home/airflow/.local/lib/python3.12/site-packages/airflow/example_dags/example_datasets.py
[2024-08-15T00:05:13.519+0000] {logging_mixin.py:188} INFO - [2024-08-15T00:05:13.518+0000] {dag.py:3096} INFO - Sync 10 DAGs
[2024-08-15T00:05:13.532+0000] {logging_mixin.py:188} INFO - [2024-08-15T00:05:13.531+0000] {dag.py:3954} INFO - Setting next_dagrun for conditional_dataset_and_time_based_timetable to 2024-08-14 01:00:00+00:00, run_after=2024-08-14 01:00:00+00:00
[2024-08-15T00:05:13.534+0000] {logging_mixin.py:188} INFO - [2024-08-15T00:05:13.534+0000] {dag.py:3954} INFO - Setting next_dagrun for consume_1_and_2_with_dataset_expressions to None, run_after=None
[2024-08-15T00:05:13.535+0000] {logging_mixin.py:188} INFO - [2024-08-15T00:05:13.535+0000] {dag.py:3954} INFO - Setting next_dagrun for consume_1_or_2_with_dataset_expressions to None, run_after=None
[2024-08-15T00:05:13.536+0000] {logging_mixin.py:188} INFO - [2024-08-15T00:05:13.535+0000] {dag.py:3954} INFO - Setting next_dagrun for consume_1_or_both_2_and_3_with_dataset_expressions to None, run_after=None
[2024-08-15T00:05:13.536+0000] {logging_mixin.py:188} INFO - [2024-08-15T00:05:13.536+0000] {dag.py:3954} INFO - Setting next_dagrun for dataset_consumes_1 to None, run_after=None
[2024-08-15T00:05:13.537+0000] {logging_mixin.py:188} INFO - [2024-08-15T00:05:13.537+0000] {dag.py:3954} INFO - Setting next_dagrun for dataset_consumes_1_and_2 to None, run_after=None
[2024-08-15T00:05:13.538+0000] {logging_mixin.py:188} INFO - [2024-08-15T00:05:13.538+0000] {dag.py:3954} INFO - Setting next_dagrun for dataset_consumes_1_never_scheduled to None, run_after=None
[2024-08-15T00:05:13.538+0000] {logging_mixin.py:188} INFO - [2024-08-15T00:05:13.538+0000] {dag.py:3954} INFO - Setting next_dagrun for dataset_consumes_unknown_never_scheduled to None, run_after=None
[2024-08-15T00:05:13.540+0000] {logging_mixin.py:188} INFO - [2024-08-15T00:05:13.540+0000] {dag.py:3954} INFO - Setting next_dagrun for dataset_produces_1 to 2024-08-14 00:00:00+00:00, run_after=2024-08-15 00:00:00+00:00
[2024-08-15T00:05:13.541+0000] {logging_mixin.py:188} INFO - [2024-08-15T00:05:13.541+0000] {dag.py:3954} INFO - Setting next_dagrun for dataset_produces_2 to None, run_after=None
[2024-08-15T00:05:13.559+0000] {processor.py:183} INFO - Processing /home/airflow/.local/lib/python3.12/site-packages/airflow/example_dags/example_datasets.py took 0.078 seconds
[2024-08-15T00:05:44.155+0000] {processor.py:161} INFO - Started process (PID=4399) to work on /home/airflow/.local/lib/python3.12/site-packages/airflow/example_dags/example_datasets.py
[2024-08-15T00:05:44.156+0000] {processor.py:830} INFO - Processing file /home/airflow/.local/lib/python3.12/site-packages/airflow/example_dags/example_datasets.py for tasks to queue
[2024-08-15T00:05:44.157+0000] {logging_mixin.py:188} INFO - [2024-08-15T00:05:44.157+0000] {dagbag.py:540} INFO - Filling up the DagBag from /home/airflow/.local/lib/python3.12/site-packages/airflow/example_dags/example_datasets.py
[2024-08-15T00:05:44.163+0000] {processor.py:840} INFO - DAG(s) 'consume_1_and_2_with_dataset_expressions', 'dataset_consumes_unknown_never_scheduled', 'dataset_consumes_1', 'dataset_produces_1', 'dataset_produces_2', 'dataset_consumes_1_never_scheduled', 'conditional_dataset_and_time_based_timetable', 'consume_1_or_both_2_and_3_with_dataset_expressions', 'consume_1_or_2_with_dataset_expressions', 'dataset_consumes_1_and_2' retrieved from /home/airflow/.local/lib/python3.12/site-packages/airflow/example_dags/example_datasets.py
[2024-08-15T00:05:44.190+0000] {logging_mixin.py:188} INFO - [2024-08-15T00:05:44.190+0000] {dag.py:3096} INFO - Sync 10 DAGs
[2024-08-15T00:05:44.203+0000] {logging_mixin.py:188} INFO - [2024-08-15T00:05:44.203+0000] {dag.py:3954} INFO - Setting next_dagrun for conditional_dataset_and_time_based_timetable to 2024-08-14 01:00:00+00:00, run_after=2024-08-14 01:00:00+00:00
[2024-08-15T00:05:44.205+0000] {logging_mixin.py:188} INFO - [2024-08-15T00:05:44.205+0000] {dag.py:3954} INFO - Setting next_dagrun for consume_1_and_2_with_dataset_expressions to None, run_after=None
[2024-08-15T00:05:44.206+0000] {logging_mixin.py:188} INFO - [2024-08-15T00:05:44.206+0000] {dag.py:3954} INFO - Setting next_dagrun for consume_1_or_2_with_dataset_expressions to None, run_after=None
[2024-08-15T00:05:44.207+0000] {logging_mixin.py:188} INFO - [2024-08-15T00:05:44.207+0000] {dag.py:3954} INFO - Setting next_dagrun for consume_1_or_both_2_and_3_with_dataset_expressions to None, run_after=None
[2024-08-15T00:05:44.208+0000] {logging_mixin.py:188} INFO - [2024-08-15T00:05:44.207+0000] {dag.py:3954} INFO - Setting next_dagrun for dataset_consumes_1 to None, run_after=None
[2024-08-15T00:05:44.208+0000] {logging_mixin.py:188} INFO - [2024-08-15T00:05:44.208+0000] {dag.py:3954} INFO - Setting next_dagrun for dataset_consumes_1_and_2 to None, run_after=None
[2024-08-15T00:05:44.209+0000] {logging_mixin.py:188} INFO - [2024-08-15T00:05:44.209+0000] {dag.py:3954} INFO - Setting next_dagrun for dataset_consumes_1_never_scheduled to None, run_after=None
[2024-08-15T00:05:44.210+0000] {logging_mixin.py:188} INFO - [2024-08-15T00:05:44.210+0000] {dag.py:3954} INFO - Setting next_dagrun for dataset_consumes_unknown_never_scheduled to None, run_after=None
[2024-08-15T00:05:44.211+0000] {logging_mixin.py:188} INFO - [2024-08-15T00:05:44.211+0000] {dag.py:3954} INFO - Setting next_dagrun for dataset_produces_1 to 2024-08-14 00:00:00+00:00, run_after=2024-08-15 00:00:00+00:00
[2024-08-15T00:05:44.212+0000] {logging_mixin.py:188} INFO - [2024-08-15T00:05:44.212+0000] {dag.py:3954} INFO - Setting next_dagrun for dataset_produces_2 to None, run_after=None
[2024-08-15T00:05:44.233+0000] {processor.py:183} INFO - Processing /home/airflow/.local/lib/python3.12/site-packages/airflow/example_dags/example_datasets.py took 0.081 seconds
[2024-08-15T00:06:14.836+0000] {processor.py:161} INFO - Started process (PID=4457) to work on /home/airflow/.local/lib/python3.12/site-packages/airflow/example_dags/example_datasets.py
[2024-08-15T00:06:14.837+0000] {processor.py:830} INFO - Processing file /home/airflow/.local/lib/python3.12/site-packages/airflow/example_dags/example_datasets.py for tasks to queue
[2024-08-15T00:06:14.838+0000] {logging_mixin.py:188} INFO - [2024-08-15T00:06:14.837+0000] {dagbag.py:540} INFO - Filling up the DagBag from /home/airflow/.local/lib/python3.12/site-packages/airflow/example_dags/example_datasets.py
[2024-08-15T00:06:14.845+0000] {processor.py:840} INFO - DAG(s) 'consume_1_or_2_with_dataset_expressions', 'conditional_dataset_and_time_based_timetable', 'dataset_produces_2', 'dataset_consumes_1', 'dataset_consumes_1_never_scheduled', 'dataset_consumes_unknown_never_scheduled', 'dataset_consumes_1_and_2', 'consume_1_or_both_2_and_3_with_dataset_expressions', 'dataset_produces_1', 'consume_1_and_2_with_dataset_expressions' retrieved from /home/airflow/.local/lib/python3.12/site-packages/airflow/example_dags/example_datasets.py
[2024-08-15T00:06:14.869+0000] {logging_mixin.py:188} INFO - [2024-08-15T00:06:14.868+0000] {dag.py:3096} INFO - Sync 10 DAGs
[2024-08-15T00:06:14.882+0000] {logging_mixin.py:188} INFO - [2024-08-15T00:06:14.882+0000] {dag.py:3954} INFO - Setting next_dagrun for conditional_dataset_and_time_based_timetable to 2024-08-14 01:00:00+00:00, run_after=2024-08-14 01:00:00+00:00
[2024-08-15T00:06:14.884+0000] {logging_mixin.py:188} INFO - [2024-08-15T00:06:14.884+0000] {dag.py:3954} INFO - Setting next_dagrun for consume_1_and_2_with_dataset_expressions to None, run_after=None
[2024-08-15T00:06:14.885+0000] {logging_mixin.py:188} INFO - [2024-08-15T00:06:14.885+0000] {dag.py:3954} INFO - Setting next_dagrun for consume_1_or_2_with_dataset_expressions to None, run_after=None
[2024-08-15T00:06:14.885+0000] {logging_mixin.py:188} INFO - [2024-08-15T00:06:14.885+0000] {dag.py:3954} INFO - Setting next_dagrun for consume_1_or_both_2_and_3_with_dataset_expressions to None, run_after=None
[2024-08-15T00:06:14.886+0000] {logging_mixin.py:188} INFO - [2024-08-15T00:06:14.886+0000] {dag.py:3954} INFO - Setting next_dagrun for dataset_consumes_1 to None, run_after=None
[2024-08-15T00:06:14.887+0000] {logging_mixin.py:188} INFO - [2024-08-15T00:06:14.887+0000] {dag.py:3954} INFO - Setting next_dagrun for dataset_consumes_1_and_2 to None, run_after=None
[2024-08-15T00:06:14.888+0000] {logging_mixin.py:188} INFO - [2024-08-15T00:06:14.888+0000] {dag.py:3954} INFO - Setting next_dagrun for dataset_consumes_1_never_scheduled to None, run_after=None
[2024-08-15T00:06:14.889+0000] {logging_mixin.py:188} INFO - [2024-08-15T00:06:14.889+0000] {dag.py:3954} INFO - Setting next_dagrun for dataset_consumes_unknown_never_scheduled to None, run_after=None
[2024-08-15T00:06:14.890+0000] {logging_mixin.py:188} INFO - [2024-08-15T00:06:14.890+0000] {dag.py:3954} INFO - Setting next_dagrun for dataset_produces_1 to 2024-08-14 00:00:00+00:00, run_after=2024-08-15 00:00:00+00:00
[2024-08-15T00:06:14.891+0000] {logging_mixin.py:188} INFO - [2024-08-15T00:06:14.891+0000] {dag.py:3954} INFO - Setting next_dagrun for dataset_produces_2 to None, run_after=None
[2024-08-15T00:06:14.909+0000] {processor.py:183} INFO - Processing /home/airflow/.local/lib/python3.12/site-packages/airflow/example_dags/example_datasets.py took 0.075 seconds
[2024-08-15T00:06:45.437+0000] {processor.py:161} INFO - Started process (PID=4515) to work on /home/airflow/.local/lib/python3.12/site-packages/airflow/example_dags/example_datasets.py
[2024-08-15T00:06:45.438+0000] {processor.py:830} INFO - Processing file /home/airflow/.local/lib/python3.12/site-packages/airflow/example_dags/example_datasets.py for tasks to queue
[2024-08-15T00:06:45.439+0000] {logging_mixin.py:188} INFO - [2024-08-15T00:06:45.439+0000] {dagbag.py:540} INFO - Filling up the DagBag from /home/airflow/.local/lib/python3.12/site-packages/airflow/example_dags/example_datasets.py
[2024-08-15T00:06:45.446+0000] {processor.py:840} INFO - DAG(s) 'consume_1_or_both_2_and_3_with_dataset_expressions', 'dataset_produces_1', 'consume_1_and_2_with_dataset_expressions', 'dataset_consumes_1_and_2', 'dataset_consumes_1_never_scheduled', 'conditional_dataset_and_time_based_timetable', 'dataset_consumes_unknown_never_scheduled', 'dataset_consumes_1', 'dataset_produces_2', 'consume_1_or_2_with_dataset_expressions' retrieved from /home/airflow/.local/lib/python3.12/site-packages/airflow/example_dags/example_datasets.py
[2024-08-15T00:06:45.470+0000] {logging_mixin.py:188} INFO - [2024-08-15T00:06:45.470+0000] {dag.py:3096} INFO - Sync 10 DAGs
[2024-08-15T00:06:45.484+0000] {logging_mixin.py:188} INFO - [2024-08-15T00:06:45.484+0000] {dag.py:3954} INFO - Setting next_dagrun for conditional_dataset_and_time_based_timetable to 2024-08-14 01:00:00+00:00, run_after=2024-08-14 01:00:00+00:00
[2024-08-15T00:06:45.487+0000] {logging_mixin.py:188} INFO - [2024-08-15T00:06:45.487+0000] {dag.py:3954} INFO - Setting next_dagrun for consume_1_and_2_with_dataset_expressions to None, run_after=None
[2024-08-15T00:06:45.488+0000] {logging_mixin.py:188} INFO - [2024-08-15T00:06:45.487+0000] {dag.py:3954} INFO - Setting next_dagrun for consume_1_or_2_with_dataset_expressions to None, run_after=None
[2024-08-15T00:06:45.489+0000] {logging_mixin.py:188} INFO - [2024-08-15T00:06:45.489+0000] {dag.py:3954} INFO - Setting next_dagrun for consume_1_or_both_2_and_3_with_dataset_expressions to None, run_after=None
[2024-08-15T00:06:45.489+0000] {logging_mixin.py:188} INFO - [2024-08-15T00:06:45.489+0000] {dag.py:3954} INFO - Setting next_dagrun for dataset_consumes_1 to None, run_after=None
[2024-08-15T00:06:45.490+0000] {logging_mixin.py:188} INFO - [2024-08-15T00:06:45.490+0000] {dag.py:3954} INFO - Setting next_dagrun for dataset_consumes_1_and_2 to None, run_after=None
[2024-08-15T00:06:45.491+0000] {logging_mixin.py:188} INFO - [2024-08-15T00:06:45.491+0000] {dag.py:3954} INFO - Setting next_dagrun for dataset_consumes_1_never_scheduled to None, run_after=None
[2024-08-15T00:06:45.492+0000] {logging_mixin.py:188} INFO - [2024-08-15T00:06:45.492+0000] {dag.py:3954} INFO - Setting next_dagrun for dataset_consumes_unknown_never_scheduled to None, run_after=None
[2024-08-15T00:06:45.493+0000] {logging_mixin.py:188} INFO - [2024-08-15T00:06:45.493+0000] {dag.py:3954} INFO - Setting next_dagrun for dataset_produces_1 to 2024-08-14 00:00:00+00:00, run_after=2024-08-15 00:00:00+00:00
[2024-08-15T00:06:45.494+0000] {logging_mixin.py:188} INFO - [2024-08-15T00:06:45.494+0000] {dag.py:3954} INFO - Setting next_dagrun for dataset_produces_2 to None, run_after=None
[2024-08-15T00:06:45.513+0000] {processor.py:183} INFO - Processing /home/airflow/.local/lib/python3.12/site-packages/airflow/example_dags/example_datasets.py took 0.078 seconds
[2024-08-15T00:07:15.976+0000] {processor.py:161} INFO - Started process (PID=4573) to work on /home/airflow/.local/lib/python3.12/site-packages/airflow/example_dags/example_datasets.py
[2024-08-15T00:07:15.976+0000] {processor.py:830} INFO - Processing file /home/airflow/.local/lib/python3.12/site-packages/airflow/example_dags/example_datasets.py for tasks to queue
[2024-08-15T00:07:15.977+0000] {logging_mixin.py:188} INFO - [2024-08-15T00:07:15.977+0000] {dagbag.py:540} INFO - Filling up the DagBag from /home/airflow/.local/lib/python3.12/site-packages/airflow/example_dags/example_datasets.py
[2024-08-15T00:07:15.984+0000] {processor.py:840} INFO - DAG(s) 'dataset_consumes_unknown_never_scheduled', 'dataset_produces_1', 'dataset_consumes_1_never_scheduled', 'consume_1_and_2_with_dataset_expressions', 'dataset_consumes_1', 'consume_1_or_both_2_and_3_with_dataset_expressions', 'dataset_consumes_1_and_2', 'conditional_dataset_and_time_based_timetable', 'dataset_produces_2', 'consume_1_or_2_with_dataset_expressions' retrieved from /home/airflow/.local/lib/python3.12/site-packages/airflow/example_dags/example_datasets.py
[2024-08-15T00:07:16.008+0000] {logging_mixin.py:188} INFO - [2024-08-15T00:07:16.008+0000] {dag.py:3096} INFO - Sync 10 DAGs
[2024-08-15T00:07:16.022+0000] {logging_mixin.py:188} INFO - [2024-08-15T00:07:16.021+0000] {dag.py:3954} INFO - Setting next_dagrun for conditional_dataset_and_time_based_timetable to 2024-08-14 01:00:00+00:00, run_after=2024-08-14 01:00:00+00:00
[2024-08-15T00:07:16.023+0000] {logging_mixin.py:188} INFO - [2024-08-15T00:07:16.023+0000] {dag.py:3954} INFO - Setting next_dagrun for consume_1_and_2_with_dataset_expressions to None, run_after=None
[2024-08-15T00:07:16.024+0000] {logging_mixin.py:188} INFO - [2024-08-15T00:07:16.024+0000] {dag.py:3954} INFO - Setting next_dagrun for consume_1_or_2_with_dataset_expressions to None, run_after=None
[2024-08-15T00:07:16.026+0000] {logging_mixin.py:188} INFO - [2024-08-15T00:07:16.025+0000] {dag.py:3954} INFO - Setting next_dagrun for consume_1_or_both_2_and_3_with_dataset_expressions to None, run_after=None
[2024-08-15T00:07:16.026+0000] {logging_mixin.py:188} INFO - [2024-08-15T00:07:16.026+0000] {dag.py:3954} INFO - Setting next_dagrun for dataset_consumes_1 to None, run_after=None
[2024-08-15T00:07:16.027+0000] {logging_mixin.py:188} INFO - [2024-08-15T00:07:16.027+0000] {dag.py:3954} INFO - Setting next_dagrun for dataset_consumes_1_and_2 to None, run_after=None
[2024-08-15T00:07:16.028+0000] {logging_mixin.py:188} INFO - [2024-08-15T00:07:16.028+0000] {dag.py:3954} INFO - Setting next_dagrun for dataset_consumes_1_never_scheduled to None, run_after=None
[2024-08-15T00:07:16.028+0000] {logging_mixin.py:188} INFO - [2024-08-15T00:07:16.028+0000] {dag.py:3954} INFO - Setting next_dagrun for dataset_consumes_unknown_never_scheduled to None, run_after=None
[2024-08-15T00:07:16.030+0000] {logging_mixin.py:188} INFO - [2024-08-15T00:07:16.030+0000] {dag.py:3954} INFO - Setting next_dagrun for dataset_produces_1 to 2024-08-14 00:00:00+00:00, run_after=2024-08-15 00:00:00+00:00
[2024-08-15T00:07:16.030+0000] {logging_mixin.py:188} INFO - [2024-08-15T00:07:16.030+0000] {dag.py:3954} INFO - Setting next_dagrun for dataset_produces_2 to None, run_after=None
[2024-08-15T00:07:16.048+0000] {processor.py:183} INFO - Processing /home/airflow/.local/lib/python3.12/site-packages/airflow/example_dags/example_datasets.py took 0.076 seconds
[2024-08-15T00:07:46.603+0000] {processor.py:161} INFO - Started process (PID=4631) to work on /home/airflow/.local/lib/python3.12/site-packages/airflow/example_dags/example_datasets.py
[2024-08-15T00:07:46.603+0000] {processor.py:830} INFO - Processing file /home/airflow/.local/lib/python3.12/site-packages/airflow/example_dags/example_datasets.py for tasks to queue
[2024-08-15T00:07:46.604+0000] {logging_mixin.py:188} INFO - [2024-08-15T00:07:46.604+0000] {dagbag.py:540} INFO - Filling up the DagBag from /home/airflow/.local/lib/python3.12/site-packages/airflow/example_dags/example_datasets.py
[2024-08-15T00:07:46.611+0000] {processor.py:840} INFO - DAG(s) 'dataset_consumes_unknown_never_scheduled', 'dataset_consumes_1', 'dataset_produces_1', 'dataset_consumes_1_and_2', 'dataset_consumes_1_never_scheduled', 'dataset_produces_2', 'consume_1_or_both_2_and_3_with_dataset_expressions', 'consume_1_and_2_with_dataset_expressions', 'conditional_dataset_and_time_based_timetable', 'consume_1_or_2_with_dataset_expressions' retrieved from /home/airflow/.local/lib/python3.12/site-packages/airflow/example_dags/example_datasets.py
[2024-08-15T00:07:46.636+0000] {logging_mixin.py:188} INFO - [2024-08-15T00:07:46.635+0000] {dag.py:3096} INFO - Sync 10 DAGs
[2024-08-15T00:07:46.648+0000] {logging_mixin.py:188} INFO - [2024-08-15T00:07:46.648+0000] {dag.py:3954} INFO - Setting next_dagrun for conditional_dataset_and_time_based_timetable to 2024-08-14 01:00:00+00:00, run_after=2024-08-14 01:00:00+00:00
[2024-08-15T00:07:46.650+0000] {logging_mixin.py:188} INFO - [2024-08-15T00:07:46.650+0000] {dag.py:3954} INFO - Setting next_dagrun for consume_1_and_2_with_dataset_expressions to None, run_after=None
[2024-08-15T00:07:46.651+0000] {logging_mixin.py:188} INFO - [2024-08-15T00:07:46.651+0000] {dag.py:3954} INFO - Setting next_dagrun for consume_1_or_2_with_dataset_expressions to None, run_after=None
[2024-08-15T00:07:46.652+0000] {logging_mixin.py:188} INFO - [2024-08-15T00:07:46.652+0000] {dag.py:3954} INFO - Setting next_dagrun for consume_1_or_both_2_and_3_with_dataset_expressions to None, run_after=None
[2024-08-15T00:07:46.653+0000] {logging_mixin.py:188} INFO - [2024-08-15T00:07:46.653+0000] {dag.py:3954} INFO - Setting next_dagrun for dataset_consumes_1 to None, run_after=None
[2024-08-15T00:07:46.653+0000] {logging_mixin.py:188} INFO - [2024-08-15T00:07:46.653+0000] {dag.py:3954} INFO - Setting next_dagrun for dataset_consumes_1_and_2 to None, run_after=None
[2024-08-15T00:07:46.654+0000] {logging_mixin.py:188} INFO - [2024-08-15T00:07:46.654+0000] {dag.py:3954} INFO - Setting next_dagrun for dataset_consumes_1_never_scheduled to None, run_after=None
[2024-08-15T00:07:46.655+0000] {logging_mixin.py:188} INFO - [2024-08-15T00:07:46.655+0000] {dag.py:3954} INFO - Setting next_dagrun for dataset_consumes_unknown_never_scheduled to None, run_after=None
[2024-08-15T00:07:46.656+0000] {logging_mixin.py:188} INFO - [2024-08-15T00:07:46.656+0000] {dag.py:3954} INFO - Setting next_dagrun for dataset_produces_1 to 2024-08-14 00:00:00+00:00, run_after=2024-08-15 00:00:00+00:00
[2024-08-15T00:07:46.657+0000] {logging_mixin.py:188} INFO - [2024-08-15T00:07:46.657+0000] {dag.py:3954} INFO - Setting next_dagrun for dataset_produces_2 to None, run_after=None
[2024-08-15T00:07:46.676+0000] {processor.py:183} INFO - Processing /home/airflow/.local/lib/python3.12/site-packages/airflow/example_dags/example_datasets.py took 0.076 seconds
[2024-08-15T00:08:17.249+0000] {processor.py:161} INFO - Started process (PID=4689) to work on /home/airflow/.local/lib/python3.12/site-packages/airflow/example_dags/example_datasets.py
[2024-08-15T00:08:17.249+0000] {processor.py:830} INFO - Processing file /home/airflow/.local/lib/python3.12/site-packages/airflow/example_dags/example_datasets.py for tasks to queue
[2024-08-15T00:08:17.250+0000] {logging_mixin.py:188} INFO - [2024-08-15T00:08:17.250+0000] {dagbag.py:540} INFO - Filling up the DagBag from /home/airflow/.local/lib/python3.12/site-packages/airflow/example_dags/example_datasets.py
[2024-08-15T00:08:17.257+0000] {processor.py:840} INFO - DAG(s) 'dataset_produces_1', 'dataset_consumes_1_and_2', 'dataset_consumes_1', 'consume_1_or_2_with_dataset_expressions', 'dataset_consumes_1_never_scheduled', 'dataset_consumes_unknown_never_scheduled', 'consume_1_or_both_2_and_3_with_dataset_expressions', 'dataset_produces_2', 'conditional_dataset_and_time_based_timetable', 'consume_1_and_2_with_dataset_expressions' retrieved from /home/airflow/.local/lib/python3.12/site-packages/airflow/example_dags/example_datasets.py
[2024-08-15T00:08:17.283+0000] {logging_mixin.py:188} INFO - [2024-08-15T00:08:17.283+0000] {dag.py:3096} INFO - Sync 10 DAGs
[2024-08-15T00:08:17.296+0000] {logging_mixin.py:188} INFO - [2024-08-15T00:08:17.296+0000] {dag.py:3954} INFO - Setting next_dagrun for conditional_dataset_and_time_based_timetable to 2024-08-14 01:00:00+00:00, run_after=2024-08-14 01:00:00+00:00
[2024-08-15T00:08:17.298+0000] {logging_mixin.py:188} INFO - [2024-08-15T00:08:17.298+0000] {dag.py:3954} INFO - Setting next_dagrun for consume_1_and_2_with_dataset_expressions to None, run_after=None
[2024-08-15T00:08:17.299+0000] {logging_mixin.py:188} INFO - [2024-08-15T00:08:17.299+0000] {dag.py:3954} INFO - Setting next_dagrun for consume_1_or_2_with_dataset_expressions to None, run_after=None
[2024-08-15T00:08:17.300+0000] {logging_mixin.py:188} INFO - [2024-08-15T00:08:17.300+0000] {dag.py:3954} INFO - Setting next_dagrun for consume_1_or_both_2_and_3_with_dataset_expressions to None, run_after=None
[2024-08-15T00:08:17.300+0000] {logging_mixin.py:188} INFO - [2024-08-15T00:08:17.300+0000] {dag.py:3954} INFO - Setting next_dagrun for dataset_consumes_1 to None, run_after=None
[2024-08-15T00:08:17.301+0000] {logging_mixin.py:188} INFO - [2024-08-15T00:08:17.301+0000] {dag.py:3954} INFO - Setting next_dagrun for dataset_consumes_1_and_2 to None, run_after=None
[2024-08-15T00:08:17.302+0000] {logging_mixin.py:188} INFO - [2024-08-15T00:08:17.302+0000] {dag.py:3954} INFO - Setting next_dagrun for dataset_consumes_1_never_scheduled to None, run_after=None
[2024-08-15T00:08:17.303+0000] {logging_mixin.py:188} INFO - [2024-08-15T00:08:17.303+0000] {dag.py:3954} INFO - Setting next_dagrun for dataset_consumes_unknown_never_scheduled to None, run_after=None
[2024-08-15T00:08:17.304+0000] {logging_mixin.py:188} INFO - [2024-08-15T00:08:17.304+0000] {dag.py:3954} INFO - Setting next_dagrun for dataset_produces_1 to 2024-08-14 00:00:00+00:00, run_after=2024-08-15 00:00:00+00:00
[2024-08-15T00:08:17.305+0000] {logging_mixin.py:188} INFO - [2024-08-15T00:08:17.305+0000] {dag.py:3954} INFO - Setting next_dagrun for dataset_produces_2 to None, run_after=None
[2024-08-15T00:08:17.323+0000] {processor.py:183} INFO - Processing /home/airflow/.local/lib/python3.12/site-packages/airflow/example_dags/example_datasets.py took 0.077 seconds
[2024-08-15T00:08:47.958+0000] {processor.py:161} INFO - Started process (PID=4747) to work on /home/airflow/.local/lib/python3.12/site-packages/airflow/example_dags/example_datasets.py
[2024-08-15T00:08:47.959+0000] {processor.py:830} INFO - Processing file /home/airflow/.local/lib/python3.12/site-packages/airflow/example_dags/example_datasets.py for tasks to queue
[2024-08-15T00:08:47.960+0000] {logging_mixin.py:188} INFO - [2024-08-15T00:08:47.960+0000] {dagbag.py:540} INFO - Filling up the DagBag from /home/airflow/.local/lib/python3.12/site-packages/airflow/example_dags/example_datasets.py
[2024-08-15T00:08:47.967+0000] {processor.py:840} INFO - DAG(s) 'dataset_consumes_unknown_never_scheduled', 'consume_1_or_both_2_and_3_with_dataset_expressions', 'conditional_dataset_and_time_based_timetable', 'dataset_produces_2', 'dataset_consumes_1', 'consume_1_or_2_with_dataset_expressions', 'dataset_produces_1', 'dataset_consumes_1_and_2', 'dataset_consumes_1_never_scheduled', 'consume_1_and_2_with_dataset_expressions' retrieved from /home/airflow/.local/lib/python3.12/site-packages/airflow/example_dags/example_datasets.py
[2024-08-15T00:08:47.992+0000] {logging_mixin.py:188} INFO - [2024-08-15T00:08:47.992+0000] {dag.py:3096} INFO - Sync 10 DAGs
[2024-08-15T00:08:48.008+0000] {logging_mixin.py:188} INFO - [2024-08-15T00:08:48.007+0000] {dag.py:3954} INFO - Setting next_dagrun for conditional_dataset_and_time_based_timetable to 2024-08-14 01:00:00+00:00, run_after=2024-08-14 01:00:00+00:00
[2024-08-15T00:08:48.010+0000] {logging_mixin.py:188} INFO - [2024-08-15T00:08:48.010+0000] {dag.py:3954} INFO - Setting next_dagrun for consume_1_and_2_with_dataset_expressions to None, run_after=None
[2024-08-15T00:08:48.010+0000] {logging_mixin.py:188} INFO - [2024-08-15T00:08:48.010+0000] {dag.py:3954} INFO - Setting next_dagrun for consume_1_or_2_with_dataset_expressions to None, run_after=None
[2024-08-15T00:08:48.011+0000] {logging_mixin.py:188} INFO - [2024-08-15T00:08:48.011+0000] {dag.py:3954} INFO - Setting next_dagrun for consume_1_or_both_2_and_3_with_dataset_expressions to None, run_after=None
[2024-08-15T00:08:48.012+0000] {logging_mixin.py:188} INFO - [2024-08-15T00:08:48.012+0000] {dag.py:3954} INFO - Setting next_dagrun for dataset_consumes_1 to None, run_after=None
[2024-08-15T00:08:48.013+0000] {logging_mixin.py:188} INFO - [2024-08-15T00:08:48.013+0000] {dag.py:3954} INFO - Setting next_dagrun for dataset_consumes_1_and_2 to None, run_after=None
[2024-08-15T00:08:48.013+0000] {logging_mixin.py:188} INFO - [2024-08-15T00:08:48.013+0000] {dag.py:3954} INFO - Setting next_dagrun for dataset_consumes_1_never_scheduled to None, run_after=None
[2024-08-15T00:08:48.014+0000] {logging_mixin.py:188} INFO - [2024-08-15T00:08:48.014+0000] {dag.py:3954} INFO - Setting next_dagrun for dataset_consumes_unknown_never_scheduled to None, run_after=None
[2024-08-15T00:08:48.015+0000] {logging_mixin.py:188} INFO - [2024-08-15T00:08:48.015+0000] {dag.py:3954} INFO - Setting next_dagrun for dataset_produces_1 to 2024-08-14 00:00:00+00:00, run_after=2024-08-15 00:00:00+00:00
[2024-08-15T00:08:48.016+0000] {logging_mixin.py:188} INFO - [2024-08-15T00:08:48.016+0000] {dag.py:3954} INFO - Setting next_dagrun for dataset_produces_2 to None, run_after=None
[2024-08-15T00:08:48.034+0000] {processor.py:183} INFO - Processing /home/airflow/.local/lib/python3.12/site-packages/airflow/example_dags/example_datasets.py took 0.078 seconds
[2024-08-15T00:09:18.614+0000] {processor.py:161} INFO - Started process (PID=4805) to work on /home/airflow/.local/lib/python3.12/site-packages/airflow/example_dags/example_datasets.py
[2024-08-15T00:09:18.614+0000] {processor.py:830} INFO - Processing file /home/airflow/.local/lib/python3.12/site-packages/airflow/example_dags/example_datasets.py for tasks to queue
[2024-08-15T00:09:18.615+0000] {logging_mixin.py:188} INFO - [2024-08-15T00:09:18.615+0000] {dagbag.py:540} INFO - Filling up the DagBag from /home/airflow/.local/lib/python3.12/site-packages/airflow/example_dags/example_datasets.py
[2024-08-15T00:09:18.622+0000] {processor.py:840} INFO - DAG(s) 'conditional_dataset_and_time_based_timetable', 'consume_1_or_both_2_and_3_with_dataset_expressions', 'dataset_consumes_1_never_scheduled', 'consume_1_or_2_with_dataset_expressions', 'dataset_consumes_unknown_never_scheduled', 'dataset_produces_1', 'dataset_consumes_1', 'dataset_produces_2', 'dataset_consumes_1_and_2', 'consume_1_and_2_with_dataset_expressions' retrieved from /home/airflow/.local/lib/python3.12/site-packages/airflow/example_dags/example_datasets.py
[2024-08-15T00:09:18.649+0000] {logging_mixin.py:188} INFO - [2024-08-15T00:09:18.649+0000] {dag.py:3096} INFO - Sync 10 DAGs
[2024-08-15T00:09:18.663+0000] {logging_mixin.py:188} INFO - [2024-08-15T00:09:18.663+0000] {dag.py:3954} INFO - Setting next_dagrun for conditional_dataset_and_time_based_timetable to 2024-08-14 01:00:00+00:00, run_after=2024-08-14 01:00:00+00:00
[2024-08-15T00:09:18.665+0000] {logging_mixin.py:188} INFO - [2024-08-15T00:09:18.665+0000] {dag.py:3954} INFO - Setting next_dagrun for consume_1_and_2_with_dataset_expressions to None, run_after=None
[2024-08-15T00:09:18.665+0000] {logging_mixin.py:188} INFO - [2024-08-15T00:09:18.665+0000] {dag.py:3954} INFO - Setting next_dagrun for consume_1_or_2_with_dataset_expressions to None, run_after=None
[2024-08-15T00:09:18.666+0000] {logging_mixin.py:188} INFO - [2024-08-15T00:09:18.666+0000] {dag.py:3954} INFO - Setting next_dagrun for consume_1_or_both_2_and_3_with_dataset_expressions to None, run_after=None
[2024-08-15T00:09:18.667+0000] {logging_mixin.py:188} INFO - [2024-08-15T00:09:18.667+0000] {dag.py:3954} INFO - Setting next_dagrun for dataset_consumes_1 to None, run_after=None
[2024-08-15T00:09:18.668+0000] {logging_mixin.py:188} INFO - [2024-08-15T00:09:18.667+0000] {dag.py:3954} INFO - Setting next_dagrun for dataset_consumes_1_and_2 to None, run_after=None
[2024-08-15T00:09:18.668+0000] {logging_mixin.py:188} INFO - [2024-08-15T00:09:18.668+0000] {dag.py:3954} INFO - Setting next_dagrun for dataset_consumes_1_never_scheduled to None, run_after=None
[2024-08-15T00:09:18.669+0000] {logging_mixin.py:188} INFO - [2024-08-15T00:09:18.669+0000] {dag.py:3954} INFO - Setting next_dagrun for dataset_consumes_unknown_never_scheduled to None, run_after=None
[2024-08-15T00:09:18.670+0000] {logging_mixin.py:188} INFO - [2024-08-15T00:09:18.670+0000] {dag.py:3954} INFO - Setting next_dagrun for dataset_produces_1 to 2024-08-14 00:00:00+00:00, run_after=2024-08-15 00:00:00+00:00
[2024-08-15T00:09:18.671+0000] {logging_mixin.py:188} INFO - [2024-08-15T00:09:18.671+0000] {dag.py:3954} INFO - Setting next_dagrun for dataset_produces_2 to None, run_after=None
[2024-08-15T00:09:18.689+0000] {processor.py:183} INFO - Processing /home/airflow/.local/lib/python3.12/site-packages/airflow/example_dags/example_datasets.py took 0.079 seconds
[2024-08-15T00:09:49.223+0000] {processor.py:161} INFO - Started process (PID=4863) to work on /home/airflow/.local/lib/python3.12/site-packages/airflow/example_dags/example_datasets.py
[2024-08-15T00:09:49.223+0000] {processor.py:830} INFO - Processing file /home/airflow/.local/lib/python3.12/site-packages/airflow/example_dags/example_datasets.py for tasks to queue
[2024-08-15T00:09:49.224+0000] {logging_mixin.py:188} INFO - [2024-08-15T00:09:49.224+0000] {dagbag.py:540} INFO - Filling up the DagBag from /home/airflow/.local/lib/python3.12/site-packages/airflow/example_dags/example_datasets.py
[2024-08-15T00:09:49.231+0000] {processor.py:840} INFO - DAG(s) 'dataset_produces_1', 'consume_1_and_2_with_dataset_expressions', 'conditional_dataset_and_time_based_timetable', 'dataset_consumes_unknown_never_scheduled', 'dataset_produces_2', 'dataset_consumes_1', 'consume_1_or_2_with_dataset_expressions', 'dataset_consumes_1_never_scheduled', 'consume_1_or_both_2_and_3_with_dataset_expressions', 'dataset_consumes_1_and_2' retrieved from /home/airflow/.local/lib/python3.12/site-packages/airflow/example_dags/example_datasets.py
[2024-08-15T00:09:49.257+0000] {logging_mixin.py:188} INFO - [2024-08-15T00:09:49.256+0000] {dag.py:3096} INFO - Sync 10 DAGs
[2024-08-15T00:09:49.270+0000] {logging_mixin.py:188} INFO - [2024-08-15T00:09:49.270+0000] {dag.py:3954} INFO - Setting next_dagrun for conditional_dataset_and_time_based_timetable to 2024-08-14 01:00:00+00:00, run_after=2024-08-14 01:00:00+00:00
[2024-08-15T00:09:49.272+0000] {logging_mixin.py:188} INFO - [2024-08-15T00:09:49.272+0000] {dag.py:3954} INFO - Setting next_dagrun for consume_1_and_2_with_dataset_expressions to None, run_after=None
[2024-08-15T00:09:49.273+0000] {logging_mixin.py:188} INFO - [2024-08-15T00:09:49.273+0000] {dag.py:3954} INFO - Setting next_dagrun for consume_1_or_2_with_dataset_expressions to None, run_after=None
[2024-08-15T00:09:49.274+0000] {logging_mixin.py:188} INFO - [2024-08-15T00:09:49.274+0000] {dag.py:3954} INFO - Setting next_dagrun for consume_1_or_both_2_and_3_with_dataset_expressions to None, run_after=None
[2024-08-15T00:09:49.274+0000] {logging_mixin.py:188} INFO - [2024-08-15T00:09:49.274+0000] {dag.py:3954} INFO - Setting next_dagrun for dataset_consumes_1 to None, run_after=None
[2024-08-15T00:09:49.275+0000] {logging_mixin.py:188} INFO - [2024-08-15T00:09:49.275+0000] {dag.py:3954} INFO - Setting next_dagrun for dataset_consumes_1_and_2 to None, run_after=None
[2024-08-15T00:09:49.276+0000] {logging_mixin.py:188} INFO - [2024-08-15T00:09:49.276+0000] {dag.py:3954} INFO - Setting next_dagrun for dataset_consumes_1_never_scheduled to None, run_after=None
[2024-08-15T00:09:49.277+0000] {logging_mixin.py:188} INFO - [2024-08-15T00:09:49.277+0000] {dag.py:3954} INFO - Setting next_dagrun for dataset_consumes_unknown_never_scheduled to None, run_after=None
[2024-08-15T00:09:49.278+0000] {logging_mixin.py:188} INFO - [2024-08-15T00:09:49.278+0000] {dag.py:3954} INFO - Setting next_dagrun for dataset_produces_1 to 2024-08-14 00:00:00+00:00, run_after=2024-08-15 00:00:00+00:00
[2024-08-15T00:09:49.279+0000] {logging_mixin.py:188} INFO - [2024-08-15T00:09:49.279+0000] {dag.py:3954} INFO - Setting next_dagrun for dataset_produces_2 to None, run_after=None
[2024-08-15T00:09:49.298+0000] {processor.py:183} INFO - Processing /home/airflow/.local/lib/python3.12/site-packages/airflow/example_dags/example_datasets.py took 0.078 seconds
[2024-08-15T00:10:19.797+0000] {processor.py:161} INFO - Started process (PID=4921) to work on /home/airflow/.local/lib/python3.12/site-packages/airflow/example_dags/example_datasets.py
[2024-08-15T00:10:19.797+0000] {processor.py:830} INFO - Processing file /home/airflow/.local/lib/python3.12/site-packages/airflow/example_dags/example_datasets.py for tasks to queue
[2024-08-15T00:10:19.798+0000] {logging_mixin.py:188} INFO - [2024-08-15T00:10:19.798+0000] {dagbag.py:540} INFO - Filling up the DagBag from /home/airflow/.local/lib/python3.12/site-packages/airflow/example_dags/example_datasets.py
[2024-08-15T00:10:19.805+0000] {processor.py:840} INFO - DAG(s) 'dataset_consumes_1_and_2', 'dataset_consumes_unknown_never_scheduled', 'consume_1_or_both_2_and_3_with_dataset_expressions', 'conditional_dataset_and_time_based_timetable', 'consume_1_or_2_with_dataset_expressions', 'dataset_consumes_1_never_scheduled', 'consume_1_and_2_with_dataset_expressions', 'dataset_produces_1', 'dataset_produces_2', 'dataset_consumes_1' retrieved from /home/airflow/.local/lib/python3.12/site-packages/airflow/example_dags/example_datasets.py
[2024-08-15T00:10:19.831+0000] {logging_mixin.py:188} INFO - [2024-08-15T00:10:19.831+0000] {dag.py:3096} INFO - Sync 10 DAGs
[2024-08-15T00:10:19.845+0000] {logging_mixin.py:188} INFO - [2024-08-15T00:10:19.845+0000] {dag.py:3954} INFO - Setting next_dagrun for conditional_dataset_and_time_based_timetable to 2024-08-14 01:00:00+00:00, run_after=2024-08-14 01:00:00+00:00
[2024-08-15T00:10:19.847+0000] {logging_mixin.py:188} INFO - [2024-08-15T00:10:19.847+0000] {dag.py:3954} INFO - Setting next_dagrun for consume_1_and_2_with_dataset_expressions to None, run_after=None
[2024-08-15T00:10:19.848+0000] {logging_mixin.py:188} INFO - [2024-08-15T00:10:19.848+0000] {dag.py:3954} INFO - Setting next_dagrun for consume_1_or_2_with_dataset_expressions to None, run_after=None
[2024-08-15T00:10:19.849+0000] {logging_mixin.py:188} INFO - [2024-08-15T00:10:19.849+0000] {dag.py:3954} INFO - Setting next_dagrun for consume_1_or_both_2_and_3_with_dataset_expressions to None, run_after=None
[2024-08-15T00:10:19.849+0000] {logging_mixin.py:188} INFO - [2024-08-15T00:10:19.849+0000] {dag.py:3954} INFO - Setting next_dagrun for dataset_consumes_1 to None, run_after=None
[2024-08-15T00:10:19.850+0000] {logging_mixin.py:188} INFO - [2024-08-15T00:10:19.850+0000] {dag.py:3954} INFO - Setting next_dagrun for dataset_consumes_1_and_2 to None, run_after=None
[2024-08-15T00:10:19.851+0000] {logging_mixin.py:188} INFO - [2024-08-15T00:10:19.851+0000] {dag.py:3954} INFO - Setting next_dagrun for dataset_consumes_1_never_scheduled to None, run_after=None
[2024-08-15T00:10:19.852+0000] {logging_mixin.py:188} INFO - [2024-08-15T00:10:19.851+0000] {dag.py:3954} INFO - Setting next_dagrun for dataset_consumes_unknown_never_scheduled to None, run_after=None
[2024-08-15T00:10:19.853+0000] {logging_mixin.py:188} INFO - [2024-08-15T00:10:19.853+0000] {dag.py:3954} INFO - Setting next_dagrun for dataset_produces_1 to 2024-08-14 00:00:00+00:00, run_after=2024-08-15 00:00:00+00:00
[2024-08-15T00:10:19.854+0000] {logging_mixin.py:188} INFO - [2024-08-15T00:10:19.854+0000] {dag.py:3954} INFO - Setting next_dagrun for dataset_produces_2 to None, run_after=None
[2024-08-15T00:10:19.872+0000] {processor.py:183} INFO - Processing /home/airflow/.local/lib/python3.12/site-packages/airflow/example_dags/example_datasets.py took 0.079 seconds
[2024-08-15T00:10:50.424+0000] {processor.py:161} INFO - Started process (PID=4979) to work on /home/airflow/.local/lib/python3.12/site-packages/airflow/example_dags/example_datasets.py
[2024-08-15T00:10:50.425+0000] {processor.py:830} INFO - Processing file /home/airflow/.local/lib/python3.12/site-packages/airflow/example_dags/example_datasets.py for tasks to queue
[2024-08-15T00:10:50.426+0000] {logging_mixin.py:188} INFO - [2024-08-15T00:10:50.426+0000] {dagbag.py:540} INFO - Filling up the DagBag from /home/airflow/.local/lib/python3.12/site-packages/airflow/example_dags/example_datasets.py
[2024-08-15T00:10:50.433+0000] {processor.py:840} INFO - DAG(s) 'conditional_dataset_and_time_based_timetable', 'dataset_produces_1', 'consume_1_and_2_with_dataset_expressions', 'dataset_produces_2', 'dataset_consumes_1_never_scheduled', 'dataset_consumes_1', 'dataset_consumes_unknown_never_scheduled', 'dataset_consumes_1_and_2', 'consume_1_or_2_with_dataset_expressions', 'consume_1_or_both_2_and_3_with_dataset_expressions' retrieved from /home/airflow/.local/lib/python3.12/site-packages/airflow/example_dags/example_datasets.py
[2024-08-15T00:10:50.457+0000] {logging_mixin.py:188} INFO - [2024-08-15T00:10:50.457+0000] {dag.py:3096} INFO - Sync 10 DAGs
[2024-08-15T00:10:50.470+0000] {logging_mixin.py:188} INFO - [2024-08-15T00:10:50.470+0000] {dag.py:3954} INFO - Setting next_dagrun for conditional_dataset_and_time_based_timetable to 2024-08-14 01:00:00+00:00, run_after=2024-08-14 01:00:00+00:00
[2024-08-15T00:10:50.472+0000] {logging_mixin.py:188} INFO - [2024-08-15T00:10:50.472+0000] {dag.py:3954} INFO - Setting next_dagrun for consume_1_and_2_with_dataset_expressions to None, run_after=None
[2024-08-15T00:10:50.473+0000] {logging_mixin.py:188} INFO - [2024-08-15T00:10:50.473+0000] {dag.py:3954} INFO - Setting next_dagrun for consume_1_or_2_with_dataset_expressions to None, run_after=None
[2024-08-15T00:10:50.474+0000] {logging_mixin.py:188} INFO - [2024-08-15T00:10:50.474+0000] {dag.py:3954} INFO - Setting next_dagrun for consume_1_or_both_2_and_3_with_dataset_expressions to None, run_after=None
[2024-08-15T00:10:50.475+0000] {logging_mixin.py:188} INFO - [2024-08-15T00:10:50.475+0000] {dag.py:3954} INFO - Setting next_dagrun for dataset_consumes_1 to None, run_after=None
[2024-08-15T00:10:50.475+0000] {logging_mixin.py:188} INFO - [2024-08-15T00:10:50.475+0000] {dag.py:3954} INFO - Setting next_dagrun for dataset_consumes_1_and_2 to None, run_after=None
[2024-08-15T00:10:50.476+0000] {logging_mixin.py:188} INFO - [2024-08-15T00:10:50.476+0000] {dag.py:3954} INFO - Setting next_dagrun for dataset_consumes_1_never_scheduled to None, run_after=None
[2024-08-15T00:10:50.477+0000] {logging_mixin.py:188} INFO - [2024-08-15T00:10:50.477+0000] {dag.py:3954} INFO - Setting next_dagrun for dataset_consumes_unknown_never_scheduled to None, run_after=None
[2024-08-15T00:10:50.478+0000] {logging_mixin.py:188} INFO - [2024-08-15T00:10:50.478+0000] {dag.py:3954} INFO - Setting next_dagrun for dataset_produces_1 to 2024-08-14 00:00:00+00:00, run_after=2024-08-15 00:00:00+00:00
[2024-08-15T00:10:50.479+0000] {logging_mixin.py:188} INFO - [2024-08-15T00:10:50.479+0000] {dag.py:3954} INFO - Setting next_dagrun for dataset_produces_2 to None, run_after=None
[2024-08-15T00:10:50.497+0000] {processor.py:183} INFO - Processing /home/airflow/.local/lib/python3.12/site-packages/airflow/example_dags/example_datasets.py took 0.076 seconds
[2024-08-15T00:11:21.116+0000] {processor.py:161} INFO - Started process (PID=5037) to work on /home/airflow/.local/lib/python3.12/site-packages/airflow/example_dags/example_datasets.py
[2024-08-15T00:11:21.116+0000] {processor.py:830} INFO - Processing file /home/airflow/.local/lib/python3.12/site-packages/airflow/example_dags/example_datasets.py for tasks to queue
[2024-08-15T00:11:21.117+0000] {logging_mixin.py:188} INFO - [2024-08-15T00:11:21.117+0000] {dagbag.py:540} INFO - Filling up the DagBag from /home/airflow/.local/lib/python3.12/site-packages/airflow/example_dags/example_datasets.py
[2024-08-15T00:11:21.125+0000] {processor.py:840} INFO - DAG(s) 'dataset_consumes_1_and_2', 'dataset_produces_1', 'dataset_produces_2', 'consume_1_and_2_with_dataset_expressions', 'dataset_consumes_1_never_scheduled', 'consume_1_or_both_2_and_3_with_dataset_expressions', 'conditional_dataset_and_time_based_timetable', 'dataset_consumes_1', 'dataset_consumes_unknown_never_scheduled', 'consume_1_or_2_with_dataset_expressions' retrieved from /home/airflow/.local/lib/python3.12/site-packages/airflow/example_dags/example_datasets.py
[2024-08-15T00:11:21.152+0000] {logging_mixin.py:188} INFO - [2024-08-15T00:11:21.152+0000] {dag.py:3096} INFO - Sync 10 DAGs
[2024-08-15T00:11:21.166+0000] {logging_mixin.py:188} INFO - [2024-08-15T00:11:21.166+0000] {dag.py:3954} INFO - Setting next_dagrun for conditional_dataset_and_time_based_timetable to 2024-08-14 01:00:00+00:00, run_after=2024-08-14 01:00:00+00:00
[2024-08-15T00:11:21.168+0000] {logging_mixin.py:188} INFO - [2024-08-15T00:11:21.168+0000] {dag.py:3954} INFO - Setting next_dagrun for consume_1_and_2_with_dataset_expressions to None, run_after=None
[2024-08-15T00:11:21.169+0000] {logging_mixin.py:188} INFO - [2024-08-15T00:11:21.168+0000] {dag.py:3954} INFO - Setting next_dagrun for consume_1_or_2_with_dataset_expressions to None, run_after=None
[2024-08-15T00:11:21.169+0000] {logging_mixin.py:188} INFO - [2024-08-15T00:11:21.169+0000] {dag.py:3954} INFO - Setting next_dagrun for consume_1_or_both_2_and_3_with_dataset_expressions to None, run_after=None
[2024-08-15T00:11:21.170+0000] {logging_mixin.py:188} INFO - [2024-08-15T00:11:21.170+0000] {dag.py:3954} INFO - Setting next_dagrun for dataset_consumes_1 to None, run_after=None
[2024-08-15T00:11:21.171+0000] {logging_mixin.py:188} INFO - [2024-08-15T00:11:21.171+0000] {dag.py:3954} INFO - Setting next_dagrun for dataset_consumes_1_and_2 to None, run_after=None
[2024-08-15T00:11:21.172+0000] {logging_mixin.py:188} INFO - [2024-08-15T00:11:21.172+0000] {dag.py:3954} INFO - Setting next_dagrun for dataset_consumes_1_never_scheduled to None, run_after=None
[2024-08-15T00:11:21.172+0000] {logging_mixin.py:188} INFO - [2024-08-15T00:11:21.172+0000] {dag.py:3954} INFO - Setting next_dagrun for dataset_consumes_unknown_never_scheduled to None, run_after=None
[2024-08-15T00:11:21.174+0000] {logging_mixin.py:188} INFO - [2024-08-15T00:11:21.174+0000] {dag.py:3954} INFO - Setting next_dagrun for dataset_produces_1 to 2024-08-14 00:00:00+00:00, run_after=2024-08-15 00:00:00+00:00
[2024-08-15T00:11:21.174+0000] {logging_mixin.py:188} INFO - [2024-08-15T00:11:21.174+0000] {dag.py:3954} INFO - Setting next_dagrun for dataset_produces_2 to None, run_after=None
[2024-08-15T00:11:21.193+0000] {processor.py:183} INFO - Processing /home/airflow/.local/lib/python3.12/site-packages/airflow/example_dags/example_datasets.py took 0.081 seconds
