[2024-08-15T00:00:03.205+0000] {processor.py:161} INFO - Started process (PID=3736) to work on /home/airflow/.local/lib/python3.12/site-packages/airflow/example_dags/example_setup_teardown.py
[2024-08-15T00:00:03.206+0000] {processor.py:830} INFO - Processing file /home/airflow/.local/lib/python3.12/site-packages/airflow/example_dags/example_setup_teardown.py for tasks to queue
[2024-08-15T00:00:03.207+0000] {logging_mixin.py:188} INFO - [2024-08-15T00:00:03.207+0000] {dagbag.py:540} INFO - Filling up the DagBag from /home/airflow/.local/lib/python3.12/site-packages/airflow/example_dags/example_setup_teardown.py
[2024-08-15T00:00:03.211+0000] {processor.py:840} INFO - DAG(s) 'example_setup_teardown' retrieved from /home/airflow/.local/lib/python3.12/site-packages/airflow/example_dags/example_setup_teardown.py
[2024-08-15T00:00:03.223+0000] {logging_mixin.py:188} INFO - [2024-08-15T00:00:03.223+0000] {dag.py:3096} INFO - Sync 1 DAGs
[2024-08-15T00:00:03.234+0000] {logging_mixin.py:188} INFO - [2024-08-15T00:00:03.234+0000] {dag.py:3954} INFO - Setting next_dagrun for example_setup_teardown to 2024-08-14 00:00:00+00:00, run_after=2024-08-15 00:00:00+00:00
[2024-08-15T00:00:03.245+0000] {processor.py:183} INFO - Processing /home/airflow/.local/lib/python3.12/site-packages/airflow/example_dags/example_setup_teardown.py took 0.043 seconds
[2024-08-15T00:00:33.861+0000] {processor.py:161} INFO - Started process (PID=3794) to work on /home/airflow/.local/lib/python3.12/site-packages/airflow/example_dags/example_setup_teardown.py
[2024-08-15T00:00:33.861+0000] {processor.py:830} INFO - Processing file /home/airflow/.local/lib/python3.12/site-packages/airflow/example_dags/example_setup_teardown.py for tasks to queue
[2024-08-15T00:00:33.862+0000] {logging_mixin.py:188} INFO - [2024-08-15T00:00:33.862+0000] {dagbag.py:540} INFO - Filling up the DagBag from /home/airflow/.local/lib/python3.12/site-packages/airflow/example_dags/example_setup_teardown.py
[2024-08-15T00:00:33.866+0000] {processor.py:840} INFO - DAG(s) 'example_setup_teardown' retrieved from /home/airflow/.local/lib/python3.12/site-packages/airflow/example_dags/example_setup_teardown.py
[2024-08-15T00:00:33.877+0000] {logging_mixin.py:188} INFO - [2024-08-15T00:00:33.877+0000] {dag.py:3096} INFO - Sync 1 DAGs
[2024-08-15T00:00:33.888+0000] {logging_mixin.py:188} INFO - [2024-08-15T00:00:33.888+0000] {dag.py:3954} INFO - Setting next_dagrun for example_setup_teardown to 2024-08-14 00:00:00+00:00, run_after=2024-08-15 00:00:00+00:00
[2024-08-15T00:00:33.897+0000] {processor.py:183} INFO - Processing /home/airflow/.local/lib/python3.12/site-packages/airflow/example_dags/example_setup_teardown.py took 0.039 seconds
[2024-08-15T00:01:04.458+0000] {processor.py:161} INFO - Started process (PID=3852) to work on /home/airflow/.local/lib/python3.12/site-packages/airflow/example_dags/example_setup_teardown.py
[2024-08-15T00:01:04.458+0000] {processor.py:830} INFO - Processing file /home/airflow/.local/lib/python3.12/site-packages/airflow/example_dags/example_setup_teardown.py for tasks to queue
[2024-08-15T00:01:04.459+0000] {logging_mixin.py:188} INFO - [2024-08-15T00:01:04.459+0000] {dagbag.py:540} INFO - Filling up the DagBag from /home/airflow/.local/lib/python3.12/site-packages/airflow/example_dags/example_setup_teardown.py
[2024-08-15T00:01:04.462+0000] {processor.py:840} INFO - DAG(s) 'example_setup_teardown' retrieved from /home/airflow/.local/lib/python3.12/site-packages/airflow/example_dags/example_setup_teardown.py
[2024-08-15T00:01:04.475+0000] {logging_mixin.py:188} INFO - [2024-08-15T00:01:04.475+0000] {dag.py:3096} INFO - Sync 1 DAGs
[2024-08-15T00:01:04.487+0000] {logging_mixin.py:188} INFO - [2024-08-15T00:01:04.487+0000] {dag.py:3954} INFO - Setting next_dagrun for example_setup_teardown to 2024-08-14 00:00:00+00:00, run_after=2024-08-15 00:00:00+00:00
[2024-08-15T00:01:04.497+0000] {processor.py:183} INFO - Processing /home/airflow/.local/lib/python3.12/site-packages/airflow/example_dags/example_setup_teardown.py took 0.041 seconds
[2024-08-15T00:01:35.172+0000] {processor.py:161} INFO - Started process (PID=3910) to work on /home/airflow/.local/lib/python3.12/site-packages/airflow/example_dags/example_setup_teardown.py
[2024-08-15T00:01:35.173+0000] {processor.py:830} INFO - Processing file /home/airflow/.local/lib/python3.12/site-packages/airflow/example_dags/example_setup_teardown.py for tasks to queue
[2024-08-15T00:01:35.174+0000] {logging_mixin.py:188} INFO - [2024-08-15T00:01:35.174+0000] {dagbag.py:540} INFO - Filling up the DagBag from /home/airflow/.local/lib/python3.12/site-packages/airflow/example_dags/example_setup_teardown.py
[2024-08-15T00:01:35.177+0000] {processor.py:840} INFO - DAG(s) 'example_setup_teardown' retrieved from /home/airflow/.local/lib/python3.12/site-packages/airflow/example_dags/example_setup_teardown.py
[2024-08-15T00:01:35.189+0000] {logging_mixin.py:188} INFO - [2024-08-15T00:01:35.189+0000] {dag.py:3096} INFO - Sync 1 DAGs
[2024-08-15T00:01:35.201+0000] {logging_mixin.py:188} INFO - [2024-08-15T00:01:35.200+0000] {dag.py:3954} INFO - Setting next_dagrun for example_setup_teardown to 2024-08-14 00:00:00+00:00, run_after=2024-08-15 00:00:00+00:00
[2024-08-15T00:01:35.210+0000] {processor.py:183} INFO - Processing /home/airflow/.local/lib/python3.12/site-packages/airflow/example_dags/example_setup_teardown.py took 0.041 seconds
[2024-08-15T00:02:05.822+0000] {processor.py:161} INFO - Started process (PID=3968) to work on /home/airflow/.local/lib/python3.12/site-packages/airflow/example_dags/example_setup_teardown.py
[2024-08-15T00:02:05.822+0000] {processor.py:830} INFO - Processing file /home/airflow/.local/lib/python3.12/site-packages/airflow/example_dags/example_setup_teardown.py for tasks to queue
[2024-08-15T00:02:05.823+0000] {logging_mixin.py:188} INFO - [2024-08-15T00:02:05.823+0000] {dagbag.py:540} INFO - Filling up the DagBag from /home/airflow/.local/lib/python3.12/site-packages/airflow/example_dags/example_setup_teardown.py
[2024-08-15T00:02:05.827+0000] {processor.py:840} INFO - DAG(s) 'example_setup_teardown' retrieved from /home/airflow/.local/lib/python3.12/site-packages/airflow/example_dags/example_setup_teardown.py
[2024-08-15T00:02:05.838+0000] {logging_mixin.py:188} INFO - [2024-08-15T00:02:05.837+0000] {dag.py:3096} INFO - Sync 1 DAGs
[2024-08-15T00:02:05.849+0000] {logging_mixin.py:188} INFO - [2024-08-15T00:02:05.849+0000] {dag.py:3954} INFO - Setting next_dagrun for example_setup_teardown to 2024-08-14 00:00:00+00:00, run_after=2024-08-15 00:00:00+00:00
[2024-08-15T00:02:05.858+0000] {processor.py:183} INFO - Processing /home/airflow/.local/lib/python3.12/site-packages/airflow/example_dags/example_setup_teardown.py took 0.040 seconds
[2024-08-15T00:02:36.407+0000] {processor.py:161} INFO - Started process (PID=4026) to work on /home/airflow/.local/lib/python3.12/site-packages/airflow/example_dags/example_setup_teardown.py
[2024-08-15T00:02:36.407+0000] {processor.py:830} INFO - Processing file /home/airflow/.local/lib/python3.12/site-packages/airflow/example_dags/example_setup_teardown.py for tasks to queue
[2024-08-15T00:02:36.408+0000] {logging_mixin.py:188} INFO - [2024-08-15T00:02:36.408+0000] {dagbag.py:540} INFO - Filling up the DagBag from /home/airflow/.local/lib/python3.12/site-packages/airflow/example_dags/example_setup_teardown.py
[2024-08-15T00:02:36.411+0000] {processor.py:840} INFO - DAG(s) 'example_setup_teardown' retrieved from /home/airflow/.local/lib/python3.12/site-packages/airflow/example_dags/example_setup_teardown.py
[2024-08-15T00:02:36.424+0000] {logging_mixin.py:188} INFO - [2024-08-15T00:02:36.423+0000] {dag.py:3096} INFO - Sync 1 DAGs
[2024-08-15T00:02:36.437+0000] {logging_mixin.py:188} INFO - [2024-08-15T00:02:36.437+0000] {dag.py:3954} INFO - Setting next_dagrun for example_setup_teardown to 2024-08-14 00:00:00+00:00, run_after=2024-08-15 00:00:00+00:00
[2024-08-15T00:02:36.447+0000] {processor.py:183} INFO - Processing /home/airflow/.local/lib/python3.12/site-packages/airflow/example_dags/example_setup_teardown.py took 0.044 seconds
[2024-08-15T00:03:07.012+0000] {processor.py:161} INFO - Started process (PID=4084) to work on /home/airflow/.local/lib/python3.12/site-packages/airflow/example_dags/example_setup_teardown.py
[2024-08-15T00:03:07.012+0000] {processor.py:830} INFO - Processing file /home/airflow/.local/lib/python3.12/site-packages/airflow/example_dags/example_setup_teardown.py for tasks to queue
[2024-08-15T00:03:07.013+0000] {logging_mixin.py:188} INFO - [2024-08-15T00:03:07.013+0000] {dagbag.py:540} INFO - Filling up the DagBag from /home/airflow/.local/lib/python3.12/site-packages/airflow/example_dags/example_setup_teardown.py
[2024-08-15T00:03:07.016+0000] {processor.py:840} INFO - DAG(s) 'example_setup_teardown' retrieved from /home/airflow/.local/lib/python3.12/site-packages/airflow/example_dags/example_setup_teardown.py
[2024-08-15T00:03:07.027+0000] {logging_mixin.py:188} INFO - [2024-08-15T00:03:07.027+0000] {dag.py:3096} INFO - Sync 1 DAGs
[2024-08-15T00:03:07.039+0000] {logging_mixin.py:188} INFO - [2024-08-15T00:03:07.039+0000] {dag.py:3954} INFO - Setting next_dagrun for example_setup_teardown to 2024-08-14 00:00:00+00:00, run_after=2024-08-15 00:00:00+00:00
[2024-08-15T00:03:07.050+0000] {processor.py:183} INFO - Processing /home/airflow/.local/lib/python3.12/site-packages/airflow/example_dags/example_setup_teardown.py took 0.041 seconds
[2024-08-15T00:03:37.705+0000] {processor.py:161} INFO - Started process (PID=4142) to work on /home/airflow/.local/lib/python3.12/site-packages/airflow/example_dags/example_setup_teardown.py
[2024-08-15T00:03:37.705+0000] {processor.py:830} INFO - Processing file /home/airflow/.local/lib/python3.12/site-packages/airflow/example_dags/example_setup_teardown.py for tasks to queue
[2024-08-15T00:03:37.706+0000] {logging_mixin.py:188} INFO - [2024-08-15T00:03:37.706+0000] {dagbag.py:540} INFO - Filling up the DagBag from /home/airflow/.local/lib/python3.12/site-packages/airflow/example_dags/example_setup_teardown.py
[2024-08-15T00:03:37.709+0000] {processor.py:840} INFO - DAG(s) 'example_setup_teardown' retrieved from /home/airflow/.local/lib/python3.12/site-packages/airflow/example_dags/example_setup_teardown.py
[2024-08-15T00:03:37.720+0000] {logging_mixin.py:188} INFO - [2024-08-15T00:03:37.720+0000] {dag.py:3096} INFO - Sync 1 DAGs
[2024-08-15T00:03:37.732+0000] {logging_mixin.py:188} INFO - [2024-08-15T00:03:37.732+0000] {dag.py:3954} INFO - Setting next_dagrun for example_setup_teardown to 2024-08-14 00:00:00+00:00, run_after=2024-08-15 00:00:00+00:00
[2024-08-15T00:03:37.741+0000] {processor.py:183} INFO - Processing /home/airflow/.local/lib/python3.12/site-packages/airflow/example_dags/example_setup_teardown.py took 0.040 seconds
[2024-08-15T00:04:08.369+0000] {processor.py:161} INFO - Started process (PID=4200) to work on /home/airflow/.local/lib/python3.12/site-packages/airflow/example_dags/example_setup_teardown.py
[2024-08-15T00:04:08.369+0000] {processor.py:830} INFO - Processing file /home/airflow/.local/lib/python3.12/site-packages/airflow/example_dags/example_setup_teardown.py for tasks to queue
[2024-08-15T00:04:08.370+0000] {logging_mixin.py:188} INFO - [2024-08-15T00:04:08.370+0000] {dagbag.py:540} INFO - Filling up the DagBag from /home/airflow/.local/lib/python3.12/site-packages/airflow/example_dags/example_setup_teardown.py
[2024-08-15T00:04:08.374+0000] {processor.py:840} INFO - DAG(s) 'example_setup_teardown' retrieved from /home/airflow/.local/lib/python3.12/site-packages/airflow/example_dags/example_setup_teardown.py
[2024-08-15T00:04:08.385+0000] {logging_mixin.py:188} INFO - [2024-08-15T00:04:08.385+0000] {dag.py:3096} INFO - Sync 1 DAGs
[2024-08-15T00:04:08.397+0000] {logging_mixin.py:188} INFO - [2024-08-15T00:04:08.397+0000] {dag.py:3954} INFO - Setting next_dagrun for example_setup_teardown to 2024-08-14 00:00:00+00:00, run_after=2024-08-15 00:00:00+00:00
[2024-08-15T00:04:08.408+0000] {processor.py:183} INFO - Processing /home/airflow/.local/lib/python3.12/site-packages/airflow/example_dags/example_setup_teardown.py took 0.042 seconds
[2024-08-15T00:04:39.004+0000] {processor.py:161} INFO - Started process (PID=4258) to work on /home/airflow/.local/lib/python3.12/site-packages/airflow/example_dags/example_setup_teardown.py
[2024-08-15T00:04:39.004+0000] {processor.py:830} INFO - Processing file /home/airflow/.local/lib/python3.12/site-packages/airflow/example_dags/example_setup_teardown.py for tasks to queue
[2024-08-15T00:04:39.006+0000] {logging_mixin.py:188} INFO - [2024-08-15T00:04:39.005+0000] {dagbag.py:540} INFO - Filling up the DagBag from /home/airflow/.local/lib/python3.12/site-packages/airflow/example_dags/example_setup_teardown.py
[2024-08-15T00:04:39.009+0000] {processor.py:840} INFO - DAG(s) 'example_setup_teardown' retrieved from /home/airflow/.local/lib/python3.12/site-packages/airflow/example_dags/example_setup_teardown.py
[2024-08-15T00:04:39.021+0000] {logging_mixin.py:188} INFO - [2024-08-15T00:04:39.021+0000] {dag.py:3096} INFO - Sync 1 DAGs
[2024-08-15T00:04:39.033+0000] {logging_mixin.py:188} INFO - [2024-08-15T00:04:39.033+0000] {dag.py:3954} INFO - Setting next_dagrun for example_setup_teardown to 2024-08-14 00:00:00+00:00, run_after=2024-08-15 00:00:00+00:00
[2024-08-15T00:04:39.044+0000] {processor.py:183} INFO - Processing /home/airflow/.local/lib/python3.12/site-packages/airflow/example_dags/example_setup_teardown.py took 0.043 seconds
[2024-08-15T00:05:09.680+0000] {processor.py:161} INFO - Started process (PID=4316) to work on /home/airflow/.local/lib/python3.12/site-packages/airflow/example_dags/example_setup_teardown.py
[2024-08-15T00:05:09.680+0000] {processor.py:830} INFO - Processing file /home/airflow/.local/lib/python3.12/site-packages/airflow/example_dags/example_setup_teardown.py for tasks to queue
[2024-08-15T00:05:09.681+0000] {logging_mixin.py:188} INFO - [2024-08-15T00:05:09.681+0000] {dagbag.py:540} INFO - Filling up the DagBag from /home/airflow/.local/lib/python3.12/site-packages/airflow/example_dags/example_setup_teardown.py
[2024-08-15T00:05:09.684+0000] {processor.py:840} INFO - DAG(s) 'example_setup_teardown' retrieved from /home/airflow/.local/lib/python3.12/site-packages/airflow/example_dags/example_setup_teardown.py
[2024-08-15T00:05:09.696+0000] {logging_mixin.py:188} INFO - [2024-08-15T00:05:09.696+0000] {dag.py:3096} INFO - Sync 1 DAGs
[2024-08-15T00:05:09.708+0000] {logging_mixin.py:188} INFO - [2024-08-15T00:05:09.708+0000] {dag.py:3954} INFO - Setting next_dagrun for example_setup_teardown to 2024-08-14 00:00:00+00:00, run_after=2024-08-15 00:00:00+00:00
[2024-08-15T00:05:09.718+0000] {processor.py:183} INFO - Processing /home/airflow/.local/lib/python3.12/site-packages/airflow/example_dags/example_setup_teardown.py took 0.041 seconds
[2024-08-15T00:05:40.347+0000] {processor.py:161} INFO - Started process (PID=4374) to work on /home/airflow/.local/lib/python3.12/site-packages/airflow/example_dags/example_setup_teardown.py
[2024-08-15T00:05:40.347+0000] {processor.py:830} INFO - Processing file /home/airflow/.local/lib/python3.12/site-packages/airflow/example_dags/example_setup_teardown.py for tasks to queue
[2024-08-15T00:05:40.348+0000] {logging_mixin.py:188} INFO - [2024-08-15T00:05:40.348+0000] {dagbag.py:540} INFO - Filling up the DagBag from /home/airflow/.local/lib/python3.12/site-packages/airflow/example_dags/example_setup_teardown.py
[2024-08-15T00:05:40.352+0000] {processor.py:840} INFO - DAG(s) 'example_setup_teardown' retrieved from /home/airflow/.local/lib/python3.12/site-packages/airflow/example_dags/example_setup_teardown.py
[2024-08-15T00:05:40.363+0000] {logging_mixin.py:188} INFO - [2024-08-15T00:05:40.363+0000] {dag.py:3096} INFO - Sync 1 DAGs
[2024-08-15T00:05:40.377+0000] {logging_mixin.py:188} INFO - [2024-08-15T00:05:40.376+0000] {dag.py:3954} INFO - Setting next_dagrun for example_setup_teardown to 2024-08-14 00:00:00+00:00, run_after=2024-08-15 00:00:00+00:00
[2024-08-15T00:05:40.387+0000] {processor.py:183} INFO - Processing /home/airflow/.local/lib/python3.12/site-packages/airflow/example_dags/example_setup_teardown.py took 0.043 seconds
[2024-08-15T00:06:11.028+0000] {processor.py:161} INFO - Started process (PID=4432) to work on /home/airflow/.local/lib/python3.12/site-packages/airflow/example_dags/example_setup_teardown.py
[2024-08-15T00:06:11.029+0000] {processor.py:830} INFO - Processing file /home/airflow/.local/lib/python3.12/site-packages/airflow/example_dags/example_setup_teardown.py for tasks to queue
[2024-08-15T00:06:11.030+0000] {logging_mixin.py:188} INFO - [2024-08-15T00:06:11.030+0000] {dagbag.py:540} INFO - Filling up the DagBag from /home/airflow/.local/lib/python3.12/site-packages/airflow/example_dags/example_setup_teardown.py
[2024-08-15T00:06:11.033+0000] {processor.py:840} INFO - DAG(s) 'example_setup_teardown' retrieved from /home/airflow/.local/lib/python3.12/site-packages/airflow/example_dags/example_setup_teardown.py
[2024-08-15T00:06:11.044+0000] {logging_mixin.py:188} INFO - [2024-08-15T00:06:11.044+0000] {dag.py:3096} INFO - Sync 1 DAGs
[2024-08-15T00:06:11.056+0000] {logging_mixin.py:188} INFO - [2024-08-15T00:06:11.056+0000] {dag.py:3954} INFO - Setting next_dagrun for example_setup_teardown to 2024-08-14 00:00:00+00:00, run_after=2024-08-15 00:00:00+00:00
[2024-08-15T00:06:11.065+0000] {processor.py:183} INFO - Processing /home/airflow/.local/lib/python3.12/site-packages/airflow/example_dags/example_setup_teardown.py took 0.040 seconds
[2024-08-15T00:06:41.602+0000] {processor.py:161} INFO - Started process (PID=4490) to work on /home/airflow/.local/lib/python3.12/site-packages/airflow/example_dags/example_setup_teardown.py
[2024-08-15T00:06:41.602+0000] {processor.py:830} INFO - Processing file /home/airflow/.local/lib/python3.12/site-packages/airflow/example_dags/example_setup_teardown.py for tasks to queue
[2024-08-15T00:06:41.603+0000] {logging_mixin.py:188} INFO - [2024-08-15T00:06:41.603+0000] {dagbag.py:540} INFO - Filling up the DagBag from /home/airflow/.local/lib/python3.12/site-packages/airflow/example_dags/example_setup_teardown.py
[2024-08-15T00:06:41.606+0000] {processor.py:840} INFO - DAG(s) 'example_setup_teardown' retrieved from /home/airflow/.local/lib/python3.12/site-packages/airflow/example_dags/example_setup_teardown.py
[2024-08-15T00:06:41.618+0000] {logging_mixin.py:188} INFO - [2024-08-15T00:06:41.618+0000] {dag.py:3096} INFO - Sync 1 DAGs
[2024-08-15T00:06:41.631+0000] {logging_mixin.py:188} INFO - [2024-08-15T00:06:41.630+0000] {dag.py:3954} INFO - Setting next_dagrun for example_setup_teardown to 2024-08-14 00:00:00+00:00, run_after=2024-08-15 00:00:00+00:00
[2024-08-15T00:06:41.640+0000] {processor.py:183} INFO - Processing /home/airflow/.local/lib/python3.12/site-packages/airflow/example_dags/example_setup_teardown.py took 0.041 seconds
[2024-08-15T00:07:12.164+0000] {processor.py:161} INFO - Started process (PID=4548) to work on /home/airflow/.local/lib/python3.12/site-packages/airflow/example_dags/example_setup_teardown.py
[2024-08-15T00:07:12.164+0000] {processor.py:830} INFO - Processing file /home/airflow/.local/lib/python3.12/site-packages/airflow/example_dags/example_setup_teardown.py for tasks to queue
[2024-08-15T00:07:12.165+0000] {logging_mixin.py:188} INFO - [2024-08-15T00:07:12.165+0000] {dagbag.py:540} INFO - Filling up the DagBag from /home/airflow/.local/lib/python3.12/site-packages/airflow/example_dags/example_setup_teardown.py
[2024-08-15T00:07:12.168+0000] {processor.py:840} INFO - DAG(s) 'example_setup_teardown' retrieved from /home/airflow/.local/lib/python3.12/site-packages/airflow/example_dags/example_setup_teardown.py
[2024-08-15T00:07:12.180+0000] {logging_mixin.py:188} INFO - [2024-08-15T00:07:12.180+0000] {dag.py:3096} INFO - Sync 1 DAGs
[2024-08-15T00:07:12.191+0000] {logging_mixin.py:188} INFO - [2024-08-15T00:07:12.191+0000] {dag.py:3954} INFO - Setting next_dagrun for example_setup_teardown to 2024-08-14 00:00:00+00:00, run_after=2024-08-15 00:00:00+00:00
[2024-08-15T00:07:12.200+0000] {processor.py:183} INFO - Processing /home/airflow/.local/lib/python3.12/site-packages/airflow/example_dags/example_setup_teardown.py took 0.040 seconds
[2024-08-15T00:07:42.813+0000] {processor.py:161} INFO - Started process (PID=4606) to work on /home/airflow/.local/lib/python3.12/site-packages/airflow/example_dags/example_setup_teardown.py
[2024-08-15T00:07:42.814+0000] {processor.py:830} INFO - Processing file /home/airflow/.local/lib/python3.12/site-packages/airflow/example_dags/example_setup_teardown.py for tasks to queue
[2024-08-15T00:07:42.815+0000] {logging_mixin.py:188} INFO - [2024-08-15T00:07:42.815+0000] {dagbag.py:540} INFO - Filling up the DagBag from /home/airflow/.local/lib/python3.12/site-packages/airflow/example_dags/example_setup_teardown.py
[2024-08-15T00:07:42.818+0000] {processor.py:840} INFO - DAG(s) 'example_setup_teardown' retrieved from /home/airflow/.local/lib/python3.12/site-packages/airflow/example_dags/example_setup_teardown.py
[2024-08-15T00:07:42.830+0000] {logging_mixin.py:188} INFO - [2024-08-15T00:07:42.829+0000] {dag.py:3096} INFO - Sync 1 DAGs
[2024-08-15T00:07:42.841+0000] {logging_mixin.py:188} INFO - [2024-08-15T00:07:42.841+0000] {dag.py:3954} INFO - Setting next_dagrun for example_setup_teardown to 2024-08-14 00:00:00+00:00, run_after=2024-08-15 00:00:00+00:00
[2024-08-15T00:07:42.850+0000] {processor.py:183} INFO - Processing /home/airflow/.local/lib/python3.12/site-packages/airflow/example_dags/example_setup_teardown.py took 0.040 seconds
[2024-08-15T00:08:13.414+0000] {processor.py:161} INFO - Started process (PID=4664) to work on /home/airflow/.local/lib/python3.12/site-packages/airflow/example_dags/example_setup_teardown.py
[2024-08-15T00:08:13.414+0000] {processor.py:830} INFO - Processing file /home/airflow/.local/lib/python3.12/site-packages/airflow/example_dags/example_setup_teardown.py for tasks to queue
[2024-08-15T00:08:13.415+0000] {logging_mixin.py:188} INFO - [2024-08-15T00:08:13.415+0000] {dagbag.py:540} INFO - Filling up the DagBag from /home/airflow/.local/lib/python3.12/site-packages/airflow/example_dags/example_setup_teardown.py
[2024-08-15T00:08:13.418+0000] {processor.py:840} INFO - DAG(s) 'example_setup_teardown' retrieved from /home/airflow/.local/lib/python3.12/site-packages/airflow/example_dags/example_setup_teardown.py
[2024-08-15T00:08:13.429+0000] {logging_mixin.py:188} INFO - [2024-08-15T00:08:13.429+0000] {dag.py:3096} INFO - Sync 1 DAGs
[2024-08-15T00:08:13.440+0000] {logging_mixin.py:188} INFO - [2024-08-15T00:08:13.440+0000] {dag.py:3954} INFO - Setting next_dagrun for example_setup_teardown to 2024-08-14 00:00:00+00:00, run_after=2024-08-15 00:00:00+00:00
[2024-08-15T00:08:13.450+0000] {processor.py:183} INFO - Processing /home/airflow/.local/lib/python3.12/site-packages/airflow/example_dags/example_setup_teardown.py took 0.039 seconds
[2024-08-15T00:08:44.082+0000] {processor.py:161} INFO - Started process (PID=4722) to work on /home/airflow/.local/lib/python3.12/site-packages/airflow/example_dags/example_setup_teardown.py
[2024-08-15T00:08:44.083+0000] {processor.py:830} INFO - Processing file /home/airflow/.local/lib/python3.12/site-packages/airflow/example_dags/example_setup_teardown.py for tasks to queue
[2024-08-15T00:08:44.084+0000] {logging_mixin.py:188} INFO - [2024-08-15T00:08:44.083+0000] {dagbag.py:540} INFO - Filling up the DagBag from /home/airflow/.local/lib/python3.12/site-packages/airflow/example_dags/example_setup_teardown.py
[2024-08-15T00:08:44.087+0000] {processor.py:840} INFO - DAG(s) 'example_setup_teardown' retrieved from /home/airflow/.local/lib/python3.12/site-packages/airflow/example_dags/example_setup_teardown.py
[2024-08-15T00:08:44.100+0000] {logging_mixin.py:188} INFO - [2024-08-15T00:08:44.100+0000] {dag.py:3096} INFO - Sync 1 DAGs
[2024-08-15T00:08:44.112+0000] {logging_mixin.py:188} INFO - [2024-08-15T00:08:44.112+0000] {dag.py:3954} INFO - Setting next_dagrun for example_setup_teardown to 2024-08-14 00:00:00+00:00, run_after=2024-08-15 00:00:00+00:00
[2024-08-15T00:08:44.121+0000] {processor.py:183} INFO - Processing /home/airflow/.local/lib/python3.12/site-packages/airflow/example_dags/example_setup_teardown.py took 0.042 seconds
[2024-08-15T00:09:14.794+0000] {processor.py:161} INFO - Started process (PID=4780) to work on /home/airflow/.local/lib/python3.12/site-packages/airflow/example_dags/example_setup_teardown.py
[2024-08-15T00:09:14.795+0000] {processor.py:830} INFO - Processing file /home/airflow/.local/lib/python3.12/site-packages/airflow/example_dags/example_setup_teardown.py for tasks to queue
[2024-08-15T00:09:14.796+0000] {logging_mixin.py:188} INFO - [2024-08-15T00:09:14.796+0000] {dagbag.py:540} INFO - Filling up the DagBag from /home/airflow/.local/lib/python3.12/site-packages/airflow/example_dags/example_setup_teardown.py
[2024-08-15T00:09:14.799+0000] {processor.py:840} INFO - DAG(s) 'example_setup_teardown' retrieved from /home/airflow/.local/lib/python3.12/site-packages/airflow/example_dags/example_setup_teardown.py
[2024-08-15T00:09:14.810+0000] {logging_mixin.py:188} INFO - [2024-08-15T00:09:14.810+0000] {dag.py:3096} INFO - Sync 1 DAGs
[2024-08-15T00:09:14.822+0000] {logging_mixin.py:188} INFO - [2024-08-15T00:09:14.822+0000] {dag.py:3954} INFO - Setting next_dagrun for example_setup_teardown to 2024-08-14 00:00:00+00:00, run_after=2024-08-15 00:00:00+00:00
[2024-08-15T00:09:14.831+0000] {processor.py:183} INFO - Processing /home/airflow/.local/lib/python3.12/site-packages/airflow/example_dags/example_setup_teardown.py took 0.040 seconds
[2024-08-15T00:09:45.405+0000] {processor.py:161} INFO - Started process (PID=4838) to work on /home/airflow/.local/lib/python3.12/site-packages/airflow/example_dags/example_setup_teardown.py
[2024-08-15T00:09:45.406+0000] {processor.py:830} INFO - Processing file /home/airflow/.local/lib/python3.12/site-packages/airflow/example_dags/example_setup_teardown.py for tasks to queue
[2024-08-15T00:09:45.407+0000] {logging_mixin.py:188} INFO - [2024-08-15T00:09:45.406+0000] {dagbag.py:540} INFO - Filling up the DagBag from /home/airflow/.local/lib/python3.12/site-packages/airflow/example_dags/example_setup_teardown.py
[2024-08-15T00:09:45.410+0000] {processor.py:840} INFO - DAG(s) 'example_setup_teardown' retrieved from /home/airflow/.local/lib/python3.12/site-packages/airflow/example_dags/example_setup_teardown.py
[2024-08-15T00:09:45.421+0000] {logging_mixin.py:188} INFO - [2024-08-15T00:09:45.421+0000] {dag.py:3096} INFO - Sync 1 DAGs
[2024-08-15T00:09:45.432+0000] {logging_mixin.py:188} INFO - [2024-08-15T00:09:45.432+0000] {dag.py:3954} INFO - Setting next_dagrun for example_setup_teardown to 2024-08-14 00:00:00+00:00, run_after=2024-08-15 00:00:00+00:00
[2024-08-15T00:09:45.441+0000] {processor.py:183} INFO - Processing /home/airflow/.local/lib/python3.12/site-packages/airflow/example_dags/example_setup_teardown.py took 0.039 seconds
[2024-08-15T00:10:16.073+0000] {processor.py:161} INFO - Started process (PID=4896) to work on /home/airflow/.local/lib/python3.12/site-packages/airflow/example_dags/example_setup_teardown.py
[2024-08-15T00:10:16.073+0000] {processor.py:830} INFO - Processing file /home/airflow/.local/lib/python3.12/site-packages/airflow/example_dags/example_setup_teardown.py for tasks to queue
[2024-08-15T00:10:16.074+0000] {logging_mixin.py:188} INFO - [2024-08-15T00:10:16.074+0000] {dagbag.py:540} INFO - Filling up the DagBag from /home/airflow/.local/lib/python3.12/site-packages/airflow/example_dags/example_setup_teardown.py
[2024-08-15T00:10:16.077+0000] {processor.py:840} INFO - DAG(s) 'example_setup_teardown' retrieved from /home/airflow/.local/lib/python3.12/site-packages/airflow/example_dags/example_setup_teardown.py
[2024-08-15T00:10:16.088+0000] {logging_mixin.py:188} INFO - [2024-08-15T00:10:16.088+0000] {dag.py:3096} INFO - Sync 1 DAGs
[2024-08-15T00:10:16.100+0000] {logging_mixin.py:188} INFO - [2024-08-15T00:10:16.100+0000] {dag.py:3954} INFO - Setting next_dagrun for example_setup_teardown to 2024-08-14 00:00:00+00:00, run_after=2024-08-15 00:00:00+00:00
[2024-08-15T00:10:16.110+0000] {processor.py:183} INFO - Processing /home/airflow/.local/lib/python3.12/site-packages/airflow/example_dags/example_setup_teardown.py took 0.040 seconds
[2024-08-15T00:10:46.635+0000] {processor.py:161} INFO - Started process (PID=4954) to work on /home/airflow/.local/lib/python3.12/site-packages/airflow/example_dags/example_setup_teardown.py
[2024-08-15T00:10:46.636+0000] {processor.py:830} INFO - Processing file /home/airflow/.local/lib/python3.12/site-packages/airflow/example_dags/example_setup_teardown.py for tasks to queue
[2024-08-15T00:10:46.637+0000] {logging_mixin.py:188} INFO - [2024-08-15T00:10:46.637+0000] {dagbag.py:540} INFO - Filling up the DagBag from /home/airflow/.local/lib/python3.12/site-packages/airflow/example_dags/example_setup_teardown.py
[2024-08-15T00:10:46.640+0000] {processor.py:840} INFO - DAG(s) 'example_setup_teardown' retrieved from /home/airflow/.local/lib/python3.12/site-packages/airflow/example_dags/example_setup_teardown.py
[2024-08-15T00:10:46.651+0000] {logging_mixin.py:188} INFO - [2024-08-15T00:10:46.651+0000] {dag.py:3096} INFO - Sync 1 DAGs
[2024-08-15T00:10:46.663+0000] {logging_mixin.py:188} INFO - [2024-08-15T00:10:46.663+0000] {dag.py:3954} INFO - Setting next_dagrun for example_setup_teardown to 2024-08-14 00:00:00+00:00, run_after=2024-08-15 00:00:00+00:00
[2024-08-15T00:10:46.672+0000] {processor.py:183} INFO - Processing /home/airflow/.local/lib/python3.12/site-packages/airflow/example_dags/example_setup_teardown.py took 0.040 seconds
[2024-08-15T00:11:17.311+0000] {processor.py:161} INFO - Started process (PID=5012) to work on /home/airflow/.local/lib/python3.12/site-packages/airflow/example_dags/example_setup_teardown.py
[2024-08-15T00:11:17.312+0000] {processor.py:830} INFO - Processing file /home/airflow/.local/lib/python3.12/site-packages/airflow/example_dags/example_setup_teardown.py for tasks to queue
[2024-08-15T00:11:17.312+0000] {logging_mixin.py:188} INFO - [2024-08-15T00:11:17.312+0000] {dagbag.py:540} INFO - Filling up the DagBag from /home/airflow/.local/lib/python3.12/site-packages/airflow/example_dags/example_setup_teardown.py
[2024-08-15T00:11:17.316+0000] {processor.py:840} INFO - DAG(s) 'example_setup_teardown' retrieved from /home/airflow/.local/lib/python3.12/site-packages/airflow/example_dags/example_setup_teardown.py
[2024-08-15T00:11:17.327+0000] {logging_mixin.py:188} INFO - [2024-08-15T00:11:17.327+0000] {dag.py:3096} INFO - Sync 1 DAGs
[2024-08-15T00:11:17.339+0000] {logging_mixin.py:188} INFO - [2024-08-15T00:11:17.339+0000] {dag.py:3954} INFO - Setting next_dagrun for example_setup_teardown to 2024-08-14 00:00:00+00:00, run_after=2024-08-15 00:00:00+00:00
[2024-08-15T00:11:17.348+0000] {processor.py:183} INFO - Processing /home/airflow/.local/lib/python3.12/site-packages/airflow/example_dags/example_setup_teardown.py took 0.040 seconds
