[2024-08-15T00:00:01.656+0000] {processor.py:161} INFO - Started process (PID=3721) to work on /home/airflow/.local/lib/python3.12/site-packages/airflow/example_dags/example_external_task_marker_dag.py
[2024-08-15T00:00:01.656+0000] {processor.py:830} INFO - Processing file /home/airflow/.local/lib/python3.12/site-packages/airflow/example_dags/example_external_task_marker_dag.py for tasks to queue
[2024-08-15T00:00:01.657+0000] {logging_mixin.py:188} INFO - [2024-08-15T00:00:01.657+0000] {dagbag.py:540} INFO - Filling up the DagBag from /home/airflow/.local/lib/python3.12/site-packages/airflow/example_dags/example_external_task_marker_dag.py
[2024-08-15T00:00:01.660+0000] {processor.py:840} INFO - DAG(s) 'example_external_task_marker_child', 'example_external_task_marker_parent' retrieved from /home/airflow/.local/lib/python3.12/site-packages/airflow/example_dags/example_external_task_marker_dag.py
[2024-08-15T00:00:01.673+0000] {logging_mixin.py:188} INFO - [2024-08-15T00:00:01.673+0000] {dag.py:3096} INFO - Sync 2 DAGs
[2024-08-15T00:00:01.680+0000] {logging_mixin.py:188} INFO - [2024-08-15T00:00:01.679+0000] {dag.py:3954} INFO - Setting next_dagrun for example_external_task_marker_child to None, run_after=None
[2024-08-15T00:00:01.682+0000] {logging_mixin.py:188} INFO - [2024-08-15T00:00:01.682+0000] {dag.py:3954} INFO - Setting next_dagrun for example_external_task_marker_parent to None, run_after=None
[2024-08-15T00:00:01.690+0000] {processor.py:183} INFO - Processing /home/airflow/.local/lib/python3.12/site-packages/airflow/example_dags/example_external_task_marker_dag.py took 0.038 seconds
[2024-08-15T00:00:32.402+0000] {processor.py:161} INFO - Started process (PID=3779) to work on /home/airflow/.local/lib/python3.12/site-packages/airflow/example_dags/example_external_task_marker_dag.py
[2024-08-15T00:00:32.403+0000] {processor.py:830} INFO - Processing file /home/airflow/.local/lib/python3.12/site-packages/airflow/example_dags/example_external_task_marker_dag.py for tasks to queue
[2024-08-15T00:00:32.404+0000] {logging_mixin.py:188} INFO - [2024-08-15T00:00:32.403+0000] {dagbag.py:540} INFO - Filling up the DagBag from /home/airflow/.local/lib/python3.12/site-packages/airflow/example_dags/example_external_task_marker_dag.py
[2024-08-15T00:00:32.407+0000] {processor.py:840} INFO - DAG(s) 'example_external_task_marker_child', 'example_external_task_marker_parent' retrieved from /home/airflow/.local/lib/python3.12/site-packages/airflow/example_dags/example_external_task_marker_dag.py
[2024-08-15T00:00:32.420+0000] {logging_mixin.py:188} INFO - [2024-08-15T00:00:32.420+0000] {dag.py:3096} INFO - Sync 2 DAGs
[2024-08-15T00:00:32.428+0000] {logging_mixin.py:188} INFO - [2024-08-15T00:00:32.427+0000] {dag.py:3954} INFO - Setting next_dagrun for example_external_task_marker_child to None, run_after=None
[2024-08-15T00:00:32.430+0000] {logging_mixin.py:188} INFO - [2024-08-15T00:00:32.430+0000] {dag.py:3954} INFO - Setting next_dagrun for example_external_task_marker_parent to None, run_after=None
[2024-08-15T00:00:32.440+0000] {processor.py:183} INFO - Processing /home/airflow/.local/lib/python3.12/site-packages/airflow/example_dags/example_external_task_marker_dag.py took 0.042 seconds
[2024-08-15T00:01:03.047+0000] {processor.py:161} INFO - Started process (PID=3837) to work on /home/airflow/.local/lib/python3.12/site-packages/airflow/example_dags/example_external_task_marker_dag.py
[2024-08-15T00:01:03.048+0000] {processor.py:830} INFO - Processing file /home/airflow/.local/lib/python3.12/site-packages/airflow/example_dags/example_external_task_marker_dag.py for tasks to queue
[2024-08-15T00:01:03.049+0000] {logging_mixin.py:188} INFO - [2024-08-15T00:01:03.049+0000] {dagbag.py:540} INFO - Filling up the DagBag from /home/airflow/.local/lib/python3.12/site-packages/airflow/example_dags/example_external_task_marker_dag.py
[2024-08-15T00:01:03.052+0000] {processor.py:840} INFO - DAG(s) 'example_external_task_marker_parent', 'example_external_task_marker_child' retrieved from /home/airflow/.local/lib/python3.12/site-packages/airflow/example_dags/example_external_task_marker_dag.py
[2024-08-15T00:01:03.065+0000] {logging_mixin.py:188} INFO - [2024-08-15T00:01:03.065+0000] {dag.py:3096} INFO - Sync 2 DAGs
[2024-08-15T00:01:03.072+0000] {logging_mixin.py:188} INFO - [2024-08-15T00:01:03.071+0000] {dag.py:3954} INFO - Setting next_dagrun for example_external_task_marker_child to None, run_after=None
[2024-08-15T00:01:03.073+0000] {logging_mixin.py:188} INFO - [2024-08-15T00:01:03.073+0000] {dag.py:3954} INFO - Setting next_dagrun for example_external_task_marker_parent to None, run_after=None
[2024-08-15T00:01:03.081+0000] {processor.py:183} INFO - Processing /home/airflow/.local/lib/python3.12/site-packages/airflow/example_dags/example_external_task_marker_dag.py took 0.037 seconds
[2024-08-15T00:01:33.720+0000] {processor.py:161} INFO - Started process (PID=3895) to work on /home/airflow/.local/lib/python3.12/site-packages/airflow/example_dags/example_external_task_marker_dag.py
[2024-08-15T00:01:33.720+0000] {processor.py:830} INFO - Processing file /home/airflow/.local/lib/python3.12/site-packages/airflow/example_dags/example_external_task_marker_dag.py for tasks to queue
[2024-08-15T00:01:33.722+0000] {logging_mixin.py:188} INFO - [2024-08-15T00:01:33.721+0000] {dagbag.py:540} INFO - Filling up the DagBag from /home/airflow/.local/lib/python3.12/site-packages/airflow/example_dags/example_external_task_marker_dag.py
[2024-08-15T00:01:33.725+0000] {processor.py:840} INFO - DAG(s) 'example_external_task_marker_child', 'example_external_task_marker_parent' retrieved from /home/airflow/.local/lib/python3.12/site-packages/airflow/example_dags/example_external_task_marker_dag.py
[2024-08-15T00:01:33.737+0000] {logging_mixin.py:188} INFO - [2024-08-15T00:01:33.737+0000] {dag.py:3096} INFO - Sync 2 DAGs
[2024-08-15T00:01:33.744+0000] {logging_mixin.py:188} INFO - [2024-08-15T00:01:33.744+0000] {dag.py:3954} INFO - Setting next_dagrun for example_external_task_marker_child to None, run_after=None
[2024-08-15T00:01:33.747+0000] {logging_mixin.py:188} INFO - [2024-08-15T00:01:33.746+0000] {dag.py:3954} INFO - Setting next_dagrun for example_external_task_marker_parent to None, run_after=None
[2024-08-15T00:01:33.756+0000] {processor.py:183} INFO - Processing /home/airflow/.local/lib/python3.12/site-packages/airflow/example_dags/example_external_task_marker_dag.py took 0.039 seconds
[2024-08-15T00:02:04.348+0000] {processor.py:161} INFO - Started process (PID=3953) to work on /home/airflow/.local/lib/python3.12/site-packages/airflow/example_dags/example_external_task_marker_dag.py
[2024-08-15T00:02:04.349+0000] {processor.py:830} INFO - Processing file /home/airflow/.local/lib/python3.12/site-packages/airflow/example_dags/example_external_task_marker_dag.py for tasks to queue
[2024-08-15T00:02:04.350+0000] {logging_mixin.py:188} INFO - [2024-08-15T00:02:04.350+0000] {dagbag.py:540} INFO - Filling up the DagBag from /home/airflow/.local/lib/python3.12/site-packages/airflow/example_dags/example_external_task_marker_dag.py
[2024-08-15T00:02:04.353+0000] {processor.py:840} INFO - DAG(s) 'example_external_task_marker_child', 'example_external_task_marker_parent' retrieved from /home/airflow/.local/lib/python3.12/site-packages/airflow/example_dags/example_external_task_marker_dag.py
[2024-08-15T00:02:04.367+0000] {logging_mixin.py:188} INFO - [2024-08-15T00:02:04.367+0000] {dag.py:3096} INFO - Sync 2 DAGs
[2024-08-15T00:02:04.374+0000] {logging_mixin.py:188} INFO - [2024-08-15T00:02:04.374+0000] {dag.py:3954} INFO - Setting next_dagrun for example_external_task_marker_child to None, run_after=None
[2024-08-15T00:02:04.376+0000] {logging_mixin.py:188} INFO - [2024-08-15T00:02:04.376+0000] {dag.py:3954} INFO - Setting next_dagrun for example_external_task_marker_parent to None, run_after=None
[2024-08-15T00:02:04.385+0000] {processor.py:183} INFO - Processing /home/airflow/.local/lib/python3.12/site-packages/airflow/example_dags/example_external_task_marker_dag.py took 0.040 seconds
[2024-08-15T00:02:34.975+0000] {processor.py:161} INFO - Started process (PID=4011) to work on /home/airflow/.local/lib/python3.12/site-packages/airflow/example_dags/example_external_task_marker_dag.py
[2024-08-15T00:02:34.976+0000] {processor.py:830} INFO - Processing file /home/airflow/.local/lib/python3.12/site-packages/airflow/example_dags/example_external_task_marker_dag.py for tasks to queue
[2024-08-15T00:02:34.977+0000] {logging_mixin.py:188} INFO - [2024-08-15T00:02:34.977+0000] {dagbag.py:540} INFO - Filling up the DagBag from /home/airflow/.local/lib/python3.12/site-packages/airflow/example_dags/example_external_task_marker_dag.py
[2024-08-15T00:02:34.980+0000] {processor.py:840} INFO - DAG(s) 'example_external_task_marker_parent', 'example_external_task_marker_child' retrieved from /home/airflow/.local/lib/python3.12/site-packages/airflow/example_dags/example_external_task_marker_dag.py
[2024-08-15T00:02:34.993+0000] {logging_mixin.py:188} INFO - [2024-08-15T00:02:34.993+0000] {dag.py:3096} INFO - Sync 2 DAGs
[2024-08-15T00:02:35.001+0000] {logging_mixin.py:188} INFO - [2024-08-15T00:02:35.001+0000] {dag.py:3954} INFO - Setting next_dagrun for example_external_task_marker_child to None, run_after=None
[2024-08-15T00:02:35.004+0000] {logging_mixin.py:188} INFO - [2024-08-15T00:02:35.003+0000] {dag.py:3954} INFO - Setting next_dagrun for example_external_task_marker_parent to None, run_after=None
[2024-08-15T00:02:35.015+0000] {processor.py:183} INFO - Processing /home/airflow/.local/lib/python3.12/site-packages/airflow/example_dags/example_external_task_marker_dag.py took 0.042 seconds
[2024-08-15T00:03:05.630+0000] {processor.py:161} INFO - Started process (PID=4069) to work on /home/airflow/.local/lib/python3.12/site-packages/airflow/example_dags/example_external_task_marker_dag.py
[2024-08-15T00:03:05.631+0000] {processor.py:830} INFO - Processing file /home/airflow/.local/lib/python3.12/site-packages/airflow/example_dags/example_external_task_marker_dag.py for tasks to queue
[2024-08-15T00:03:05.632+0000] {logging_mixin.py:188} INFO - [2024-08-15T00:03:05.632+0000] {dagbag.py:540} INFO - Filling up the DagBag from /home/airflow/.local/lib/python3.12/site-packages/airflow/example_dags/example_external_task_marker_dag.py
[2024-08-15T00:03:05.635+0000] {processor.py:840} INFO - DAG(s) 'example_external_task_marker_parent', 'example_external_task_marker_child' retrieved from /home/airflow/.local/lib/python3.12/site-packages/airflow/example_dags/example_external_task_marker_dag.py
[2024-08-15T00:03:05.647+0000] {logging_mixin.py:188} INFO - [2024-08-15T00:03:05.647+0000] {dag.py:3096} INFO - Sync 2 DAGs
[2024-08-15T00:03:05.654+0000] {logging_mixin.py:188} INFO - [2024-08-15T00:03:05.654+0000] {dag.py:3954} INFO - Setting next_dagrun for example_external_task_marker_child to None, run_after=None
[2024-08-15T00:03:05.656+0000] {logging_mixin.py:188} INFO - [2024-08-15T00:03:05.656+0000] {dag.py:3954} INFO - Setting next_dagrun for example_external_task_marker_parent to None, run_after=None
[2024-08-15T00:03:05.665+0000] {processor.py:183} INFO - Processing /home/airflow/.local/lib/python3.12/site-packages/airflow/example_dags/example_external_task_marker_dag.py took 0.038 seconds
[2024-08-15T00:03:36.221+0000] {processor.py:161} INFO - Started process (PID=4127) to work on /home/airflow/.local/lib/python3.12/site-packages/airflow/example_dags/example_external_task_marker_dag.py
[2024-08-15T00:03:36.221+0000] {processor.py:830} INFO - Processing file /home/airflow/.local/lib/python3.12/site-packages/airflow/example_dags/example_external_task_marker_dag.py for tasks to queue
[2024-08-15T00:03:36.222+0000] {logging_mixin.py:188} INFO - [2024-08-15T00:03:36.222+0000] {dagbag.py:540} INFO - Filling up the DagBag from /home/airflow/.local/lib/python3.12/site-packages/airflow/example_dags/example_external_task_marker_dag.py
[2024-08-15T00:03:36.225+0000] {processor.py:840} INFO - DAG(s) 'example_external_task_marker_parent', 'example_external_task_marker_child' retrieved from /home/airflow/.local/lib/python3.12/site-packages/airflow/example_dags/example_external_task_marker_dag.py
[2024-08-15T00:03:36.238+0000] {logging_mixin.py:188} INFO - [2024-08-15T00:03:36.238+0000] {dag.py:3096} INFO - Sync 2 DAGs
[2024-08-15T00:03:36.245+0000] {logging_mixin.py:188} INFO - [2024-08-15T00:03:36.245+0000] {dag.py:3954} INFO - Setting next_dagrun for example_external_task_marker_child to None, run_after=None
[2024-08-15T00:03:36.247+0000] {logging_mixin.py:188} INFO - [2024-08-15T00:03:36.247+0000] {dag.py:3954} INFO - Setting next_dagrun for example_external_task_marker_parent to None, run_after=None
[2024-08-15T00:03:36.256+0000] {processor.py:183} INFO - Processing /home/airflow/.local/lib/python3.12/site-packages/airflow/example_dags/example_external_task_marker_dag.py took 0.039 seconds
[2024-08-15T00:04:06.888+0000] {processor.py:161} INFO - Started process (PID=4185) to work on /home/airflow/.local/lib/python3.12/site-packages/airflow/example_dags/example_external_task_marker_dag.py
[2024-08-15T00:04:06.889+0000] {processor.py:830} INFO - Processing file /home/airflow/.local/lib/python3.12/site-packages/airflow/example_dags/example_external_task_marker_dag.py for tasks to queue
[2024-08-15T00:04:06.890+0000] {logging_mixin.py:188} INFO - [2024-08-15T00:04:06.890+0000] {dagbag.py:540} INFO - Filling up the DagBag from /home/airflow/.local/lib/python3.12/site-packages/airflow/example_dags/example_external_task_marker_dag.py
[2024-08-15T00:04:06.893+0000] {processor.py:840} INFO - DAG(s) 'example_external_task_marker_parent', 'example_external_task_marker_child' retrieved from /home/airflow/.local/lib/python3.12/site-packages/airflow/example_dags/example_external_task_marker_dag.py
[2024-08-15T00:04:06.906+0000] {logging_mixin.py:188} INFO - [2024-08-15T00:04:06.906+0000] {dag.py:3096} INFO - Sync 2 DAGs
[2024-08-15T00:04:06.913+0000] {logging_mixin.py:188} INFO - [2024-08-15T00:04:06.913+0000] {dag.py:3954} INFO - Setting next_dagrun for example_external_task_marker_child to None, run_after=None
[2024-08-15T00:04:06.915+0000] {logging_mixin.py:188} INFO - [2024-08-15T00:04:06.915+0000] {dag.py:3954} INFO - Setting next_dagrun for example_external_task_marker_parent to None, run_after=None
[2024-08-15T00:04:06.924+0000] {processor.py:183} INFO - Processing /home/airflow/.local/lib/python3.12/site-packages/airflow/example_dags/example_external_task_marker_dag.py took 0.039 seconds
[2024-08-15T00:04:37.558+0000] {processor.py:161} INFO - Started process (PID=4243) to work on /home/airflow/.local/lib/python3.12/site-packages/airflow/example_dags/example_external_task_marker_dag.py
[2024-08-15T00:04:37.558+0000] {processor.py:830} INFO - Processing file /home/airflow/.local/lib/python3.12/site-packages/airflow/example_dags/example_external_task_marker_dag.py for tasks to queue
[2024-08-15T00:04:37.559+0000] {logging_mixin.py:188} INFO - [2024-08-15T00:04:37.559+0000] {dagbag.py:540} INFO - Filling up the DagBag from /home/airflow/.local/lib/python3.12/site-packages/airflow/example_dags/example_external_task_marker_dag.py
[2024-08-15T00:04:37.562+0000] {processor.py:840} INFO - DAG(s) 'example_external_task_marker_child', 'example_external_task_marker_parent' retrieved from /home/airflow/.local/lib/python3.12/site-packages/airflow/example_dags/example_external_task_marker_dag.py
[2024-08-15T00:04:37.575+0000] {logging_mixin.py:188} INFO - [2024-08-15T00:04:37.575+0000] {dag.py:3096} INFO - Sync 2 DAGs
[2024-08-15T00:04:37.582+0000] {logging_mixin.py:188} INFO - [2024-08-15T00:04:37.582+0000] {dag.py:3954} INFO - Setting next_dagrun for example_external_task_marker_child to None, run_after=None
[2024-08-15T00:04:37.584+0000] {logging_mixin.py:188} INFO - [2024-08-15T00:04:37.584+0000] {dag.py:3954} INFO - Setting next_dagrun for example_external_task_marker_parent to None, run_after=None
[2024-08-15T00:04:37.593+0000] {processor.py:183} INFO - Processing /home/airflow/.local/lib/python3.12/site-packages/airflow/example_dags/example_external_task_marker_dag.py took 0.039 seconds
[2024-08-15T00:05:08.251+0000] {processor.py:161} INFO - Started process (PID=4301) to work on /home/airflow/.local/lib/python3.12/site-packages/airflow/example_dags/example_external_task_marker_dag.py
[2024-08-15T00:05:08.252+0000] {processor.py:830} INFO - Processing file /home/airflow/.local/lib/python3.12/site-packages/airflow/example_dags/example_external_task_marker_dag.py for tasks to queue
[2024-08-15T00:05:08.253+0000] {logging_mixin.py:188} INFO - [2024-08-15T00:05:08.253+0000] {dagbag.py:540} INFO - Filling up the DagBag from /home/airflow/.local/lib/python3.12/site-packages/airflow/example_dags/example_external_task_marker_dag.py
[2024-08-15T00:05:08.256+0000] {processor.py:840} INFO - DAG(s) 'example_external_task_marker_child', 'example_external_task_marker_parent' retrieved from /home/airflow/.local/lib/python3.12/site-packages/airflow/example_dags/example_external_task_marker_dag.py
[2024-08-15T00:05:08.269+0000] {logging_mixin.py:188} INFO - [2024-08-15T00:05:08.268+0000] {dag.py:3096} INFO - Sync 2 DAGs
[2024-08-15T00:05:08.275+0000] {logging_mixin.py:188} INFO - [2024-08-15T00:05:08.275+0000] {dag.py:3954} INFO - Setting next_dagrun for example_external_task_marker_child to None, run_after=None
[2024-08-15T00:05:08.278+0000] {logging_mixin.py:188} INFO - [2024-08-15T00:05:08.278+0000] {dag.py:3954} INFO - Setting next_dagrun for example_external_task_marker_parent to None, run_after=None
[2024-08-15T00:05:08.288+0000] {processor.py:183} INFO - Processing /home/airflow/.local/lib/python3.12/site-packages/airflow/example_dags/example_external_task_marker_dag.py took 0.040 seconds
[2024-08-15T00:05:38.867+0000] {processor.py:161} INFO - Started process (PID=4359) to work on /home/airflow/.local/lib/python3.12/site-packages/airflow/example_dags/example_external_task_marker_dag.py
[2024-08-15T00:05:38.868+0000] {processor.py:830} INFO - Processing file /home/airflow/.local/lib/python3.12/site-packages/airflow/example_dags/example_external_task_marker_dag.py for tasks to queue
[2024-08-15T00:05:38.869+0000] {logging_mixin.py:188} INFO - [2024-08-15T00:05:38.869+0000] {dagbag.py:540} INFO - Filling up the DagBag from /home/airflow/.local/lib/python3.12/site-packages/airflow/example_dags/example_external_task_marker_dag.py
[2024-08-15T00:05:38.872+0000] {processor.py:840} INFO - DAG(s) 'example_external_task_marker_parent', 'example_external_task_marker_child' retrieved from /home/airflow/.local/lib/python3.12/site-packages/airflow/example_dags/example_external_task_marker_dag.py
[2024-08-15T00:05:38.884+0000] {logging_mixin.py:188} INFO - [2024-08-15T00:05:38.884+0000] {dag.py:3096} INFO - Sync 2 DAGs
[2024-08-15T00:05:38.891+0000] {logging_mixin.py:188} INFO - [2024-08-15T00:05:38.891+0000] {dag.py:3954} INFO - Setting next_dagrun for example_external_task_marker_child to None, run_after=None
[2024-08-15T00:05:38.893+0000] {logging_mixin.py:188} INFO - [2024-08-15T00:05:38.893+0000] {dag.py:3954} INFO - Setting next_dagrun for example_external_task_marker_parent to None, run_after=None
[2024-08-15T00:05:38.902+0000] {processor.py:183} INFO - Processing /home/airflow/.local/lib/python3.12/site-packages/airflow/example_dags/example_external_task_marker_dag.py took 0.038 seconds
[2024-08-15T00:06:09.550+0000] {processor.py:161} INFO - Started process (PID=4417) to work on /home/airflow/.local/lib/python3.12/site-packages/airflow/example_dags/example_external_task_marker_dag.py
[2024-08-15T00:06:09.551+0000] {processor.py:830} INFO - Processing file /home/airflow/.local/lib/python3.12/site-packages/airflow/example_dags/example_external_task_marker_dag.py for tasks to queue
[2024-08-15T00:06:09.552+0000] {logging_mixin.py:188} INFO - [2024-08-15T00:06:09.552+0000] {dagbag.py:540} INFO - Filling up the DagBag from /home/airflow/.local/lib/python3.12/site-packages/airflow/example_dags/example_external_task_marker_dag.py
[2024-08-15T00:06:09.555+0000] {processor.py:840} INFO - DAG(s) 'example_external_task_marker_parent', 'example_external_task_marker_child' retrieved from /home/airflow/.local/lib/python3.12/site-packages/airflow/example_dags/example_external_task_marker_dag.py
[2024-08-15T00:06:09.568+0000] {logging_mixin.py:188} INFO - [2024-08-15T00:06:09.568+0000] {dag.py:3096} INFO - Sync 2 DAGs
[2024-08-15T00:06:09.575+0000] {logging_mixin.py:188} INFO - [2024-08-15T00:06:09.575+0000] {dag.py:3954} INFO - Setting next_dagrun for example_external_task_marker_child to None, run_after=None
[2024-08-15T00:06:09.577+0000] {logging_mixin.py:188} INFO - [2024-08-15T00:06:09.577+0000] {dag.py:3954} INFO - Setting next_dagrun for example_external_task_marker_parent to None, run_after=None
[2024-08-15T00:06:09.586+0000] {processor.py:183} INFO - Processing /home/airflow/.local/lib/python3.12/site-packages/airflow/example_dags/example_external_task_marker_dag.py took 0.039 seconds
[2024-08-15T00:06:40.187+0000] {processor.py:161} INFO - Started process (PID=4475) to work on /home/airflow/.local/lib/python3.12/site-packages/airflow/example_dags/example_external_task_marker_dag.py
[2024-08-15T00:06:40.187+0000] {processor.py:830} INFO - Processing file /home/airflow/.local/lib/python3.12/site-packages/airflow/example_dags/example_external_task_marker_dag.py for tasks to queue
[2024-08-15T00:06:40.188+0000] {logging_mixin.py:188} INFO - [2024-08-15T00:06:40.188+0000] {dagbag.py:540} INFO - Filling up the DagBag from /home/airflow/.local/lib/python3.12/site-packages/airflow/example_dags/example_external_task_marker_dag.py
[2024-08-15T00:06:40.191+0000] {processor.py:840} INFO - DAG(s) 'example_external_task_marker_parent', 'example_external_task_marker_child' retrieved from /home/airflow/.local/lib/python3.12/site-packages/airflow/example_dags/example_external_task_marker_dag.py
[2024-08-15T00:06:40.204+0000] {logging_mixin.py:188} INFO - [2024-08-15T00:06:40.204+0000] {dag.py:3096} INFO - Sync 2 DAGs
[2024-08-15T00:06:40.211+0000] {logging_mixin.py:188} INFO - [2024-08-15T00:06:40.211+0000] {dag.py:3954} INFO - Setting next_dagrun for example_external_task_marker_child to None, run_after=None
[2024-08-15T00:06:40.213+0000] {logging_mixin.py:188} INFO - [2024-08-15T00:06:40.213+0000] {dag.py:3954} INFO - Setting next_dagrun for example_external_task_marker_parent to None, run_after=None
[2024-08-15T00:06:40.222+0000] {processor.py:183} INFO - Processing /home/airflow/.local/lib/python3.12/site-packages/airflow/example_dags/example_external_task_marker_dag.py took 0.038 seconds
[2024-08-15T00:07:10.792+0000] {processor.py:161} INFO - Started process (PID=4533) to work on /home/airflow/.local/lib/python3.12/site-packages/airflow/example_dags/example_external_task_marker_dag.py
[2024-08-15T00:07:10.792+0000] {processor.py:830} INFO - Processing file /home/airflow/.local/lib/python3.12/site-packages/airflow/example_dags/example_external_task_marker_dag.py for tasks to queue
[2024-08-15T00:07:10.793+0000] {logging_mixin.py:188} INFO - [2024-08-15T00:07:10.793+0000] {dagbag.py:540} INFO - Filling up the DagBag from /home/airflow/.local/lib/python3.12/site-packages/airflow/example_dags/example_external_task_marker_dag.py
[2024-08-15T00:07:10.796+0000] {processor.py:840} INFO - DAG(s) 'example_external_task_marker_parent', 'example_external_task_marker_child' retrieved from /home/airflow/.local/lib/python3.12/site-packages/airflow/example_dags/example_external_task_marker_dag.py
[2024-08-15T00:07:10.808+0000] {logging_mixin.py:188} INFO - [2024-08-15T00:07:10.808+0000] {dag.py:3096} INFO - Sync 2 DAGs
[2024-08-15T00:07:10.817+0000] {logging_mixin.py:188} INFO - [2024-08-15T00:07:10.816+0000] {dag.py:3954} INFO - Setting next_dagrun for example_external_task_marker_child to None, run_after=None
[2024-08-15T00:07:10.819+0000] {logging_mixin.py:188} INFO - [2024-08-15T00:07:10.819+0000] {dag.py:3954} INFO - Setting next_dagrun for example_external_task_marker_parent to None, run_after=None
[2024-08-15T00:07:10.827+0000] {processor.py:183} INFO - Processing /home/airflow/.local/lib/python3.12/site-packages/airflow/example_dags/example_external_task_marker_dag.py took 0.039 seconds
[2024-08-15T00:07:41.351+0000] {processor.py:161} INFO - Started process (PID=4591) to work on /home/airflow/.local/lib/python3.12/site-packages/airflow/example_dags/example_external_task_marker_dag.py
[2024-08-15T00:07:41.352+0000] {processor.py:830} INFO - Processing file /home/airflow/.local/lib/python3.12/site-packages/airflow/example_dags/example_external_task_marker_dag.py for tasks to queue
[2024-08-15T00:07:41.353+0000] {logging_mixin.py:188} INFO - [2024-08-15T00:07:41.353+0000] {dagbag.py:540} INFO - Filling up the DagBag from /home/airflow/.local/lib/python3.12/site-packages/airflow/example_dags/example_external_task_marker_dag.py
[2024-08-15T00:07:41.356+0000] {processor.py:840} INFO - DAG(s) 'example_external_task_marker_child', 'example_external_task_marker_parent' retrieved from /home/airflow/.local/lib/python3.12/site-packages/airflow/example_dags/example_external_task_marker_dag.py
[2024-08-15T00:07:41.368+0000] {logging_mixin.py:188} INFO - [2024-08-15T00:07:41.368+0000] {dag.py:3096} INFO - Sync 2 DAGs
[2024-08-15T00:07:41.375+0000] {logging_mixin.py:188} INFO - [2024-08-15T00:07:41.375+0000] {dag.py:3954} INFO - Setting next_dagrun for example_external_task_marker_child to None, run_after=None
[2024-08-15T00:07:41.377+0000] {logging_mixin.py:188} INFO - [2024-08-15T00:07:41.377+0000] {dag.py:3954} INFO - Setting next_dagrun for example_external_task_marker_parent to None, run_after=None
[2024-08-15T00:07:41.385+0000] {processor.py:183} INFO - Processing /home/airflow/.local/lib/python3.12/site-packages/airflow/example_dags/example_external_task_marker_dag.py took 0.037 seconds
[2024-08-15T00:08:11.991+0000] {processor.py:161} INFO - Started process (PID=4649) to work on /home/airflow/.local/lib/python3.12/site-packages/airflow/example_dags/example_external_task_marker_dag.py
[2024-08-15T00:08:11.991+0000] {processor.py:830} INFO - Processing file /home/airflow/.local/lib/python3.12/site-packages/airflow/example_dags/example_external_task_marker_dag.py for tasks to queue
[2024-08-15T00:08:11.992+0000] {logging_mixin.py:188} INFO - [2024-08-15T00:08:11.992+0000] {dagbag.py:540} INFO - Filling up the DagBag from /home/airflow/.local/lib/python3.12/site-packages/airflow/example_dags/example_external_task_marker_dag.py
[2024-08-15T00:08:11.995+0000] {processor.py:840} INFO - DAG(s) 'example_external_task_marker_child', 'example_external_task_marker_parent' retrieved from /home/airflow/.local/lib/python3.12/site-packages/airflow/example_dags/example_external_task_marker_dag.py
[2024-08-15T00:08:12.008+0000] {logging_mixin.py:188} INFO - [2024-08-15T00:08:12.008+0000] {dag.py:3096} INFO - Sync 2 DAGs
[2024-08-15T00:08:12.015+0000] {logging_mixin.py:188} INFO - [2024-08-15T00:08:12.015+0000] {dag.py:3954} INFO - Setting next_dagrun for example_external_task_marker_child to None, run_after=None
[2024-08-15T00:08:12.017+0000] {logging_mixin.py:188} INFO - [2024-08-15T00:08:12.017+0000] {dag.py:3954} INFO - Setting next_dagrun for example_external_task_marker_parent to None, run_after=None
[2024-08-15T00:08:12.026+0000] {processor.py:183} INFO - Processing /home/airflow/.local/lib/python3.12/site-packages/airflow/example_dags/example_external_task_marker_dag.py took 0.038 seconds
[2024-08-15T00:08:42.636+0000] {processor.py:161} INFO - Started process (PID=4707) to work on /home/airflow/.local/lib/python3.12/site-packages/airflow/example_dags/example_external_task_marker_dag.py
[2024-08-15T00:08:42.636+0000] {processor.py:830} INFO - Processing file /home/airflow/.local/lib/python3.12/site-packages/airflow/example_dags/example_external_task_marker_dag.py for tasks to queue
[2024-08-15T00:08:42.637+0000] {logging_mixin.py:188} INFO - [2024-08-15T00:08:42.637+0000] {dagbag.py:540} INFO - Filling up the DagBag from /home/airflow/.local/lib/python3.12/site-packages/airflow/example_dags/example_external_task_marker_dag.py
[2024-08-15T00:08:42.640+0000] {processor.py:840} INFO - DAG(s) 'example_external_task_marker_child', 'example_external_task_marker_parent' retrieved from /home/airflow/.local/lib/python3.12/site-packages/airflow/example_dags/example_external_task_marker_dag.py
[2024-08-15T00:08:42.653+0000] {logging_mixin.py:188} INFO - [2024-08-15T00:08:42.653+0000] {dag.py:3096} INFO - Sync 2 DAGs
[2024-08-15T00:08:42.660+0000] {logging_mixin.py:188} INFO - [2024-08-15T00:08:42.660+0000] {dag.py:3954} INFO - Setting next_dagrun for example_external_task_marker_child to None, run_after=None
[2024-08-15T00:08:42.662+0000] {logging_mixin.py:188} INFO - [2024-08-15T00:08:42.662+0000] {dag.py:3954} INFO - Setting next_dagrun for example_external_task_marker_parent to None, run_after=None
[2024-08-15T00:08:42.671+0000] {processor.py:183} INFO - Processing /home/airflow/.local/lib/python3.12/site-packages/airflow/example_dags/example_external_task_marker_dag.py took 0.038 seconds
[2024-08-15T00:09:13.336+0000] {processor.py:161} INFO - Started process (PID=4765) to work on /home/airflow/.local/lib/python3.12/site-packages/airflow/example_dags/example_external_task_marker_dag.py
[2024-08-15T00:09:13.337+0000] {processor.py:830} INFO - Processing file /home/airflow/.local/lib/python3.12/site-packages/airflow/example_dags/example_external_task_marker_dag.py for tasks to queue
[2024-08-15T00:09:13.338+0000] {logging_mixin.py:188} INFO - [2024-08-15T00:09:13.338+0000] {dagbag.py:540} INFO - Filling up the DagBag from /home/airflow/.local/lib/python3.12/site-packages/airflow/example_dags/example_external_task_marker_dag.py
[2024-08-15T00:09:13.341+0000] {processor.py:840} INFO - DAG(s) 'example_external_task_marker_child', 'example_external_task_marker_parent' retrieved from /home/airflow/.local/lib/python3.12/site-packages/airflow/example_dags/example_external_task_marker_dag.py
[2024-08-15T00:09:13.353+0000] {logging_mixin.py:188} INFO - [2024-08-15T00:09:13.353+0000] {dag.py:3096} INFO - Sync 2 DAGs
[2024-08-15T00:09:13.360+0000] {logging_mixin.py:188} INFO - [2024-08-15T00:09:13.360+0000] {dag.py:3954} INFO - Setting next_dagrun for example_external_task_marker_child to None, run_after=None
[2024-08-15T00:09:13.362+0000] {logging_mixin.py:188} INFO - [2024-08-15T00:09:13.362+0000] {dag.py:3954} INFO - Setting next_dagrun for example_external_task_marker_parent to None, run_after=None
[2024-08-15T00:09:13.370+0000] {processor.py:183} INFO - Processing /home/airflow/.local/lib/python3.12/site-packages/airflow/example_dags/example_external_task_marker_dag.py took 0.037 seconds
[2024-08-15T00:09:43.984+0000] {processor.py:161} INFO - Started process (PID=4823) to work on /home/airflow/.local/lib/python3.12/site-packages/airflow/example_dags/example_external_task_marker_dag.py
[2024-08-15T00:09:43.985+0000] {processor.py:830} INFO - Processing file /home/airflow/.local/lib/python3.12/site-packages/airflow/example_dags/example_external_task_marker_dag.py for tasks to queue
[2024-08-15T00:09:43.986+0000] {logging_mixin.py:188} INFO - [2024-08-15T00:09:43.986+0000] {dagbag.py:540} INFO - Filling up the DagBag from /home/airflow/.local/lib/python3.12/site-packages/airflow/example_dags/example_external_task_marker_dag.py
[2024-08-15T00:09:43.989+0000] {processor.py:840} INFO - DAG(s) 'example_external_task_marker_parent', 'example_external_task_marker_child' retrieved from /home/airflow/.local/lib/python3.12/site-packages/airflow/example_dags/example_external_task_marker_dag.py
[2024-08-15T00:09:44.002+0000] {logging_mixin.py:188} INFO - [2024-08-15T00:09:44.001+0000] {dag.py:3096} INFO - Sync 2 DAGs
[2024-08-15T00:09:44.009+0000] {logging_mixin.py:188} INFO - [2024-08-15T00:09:44.009+0000] {dag.py:3954} INFO - Setting next_dagrun for example_external_task_marker_child to None, run_after=None
[2024-08-15T00:09:44.011+0000] {logging_mixin.py:188} INFO - [2024-08-15T00:09:44.011+0000] {dag.py:3954} INFO - Setting next_dagrun for example_external_task_marker_parent to None, run_after=None
[2024-08-15T00:09:44.020+0000] {processor.py:183} INFO - Processing /home/airflow/.local/lib/python3.12/site-packages/airflow/example_dags/example_external_task_marker_dag.py took 0.039 seconds
[2024-08-15T00:10:14.605+0000] {processor.py:161} INFO - Started process (PID=4881) to work on /home/airflow/.local/lib/python3.12/site-packages/airflow/example_dags/example_external_task_marker_dag.py
[2024-08-15T00:10:14.606+0000] {processor.py:830} INFO - Processing file /home/airflow/.local/lib/python3.12/site-packages/airflow/example_dags/example_external_task_marker_dag.py for tasks to queue
[2024-08-15T00:10:14.607+0000] {logging_mixin.py:188} INFO - [2024-08-15T00:10:14.606+0000] {dagbag.py:540} INFO - Filling up the DagBag from /home/airflow/.local/lib/python3.12/site-packages/airflow/example_dags/example_external_task_marker_dag.py
[2024-08-15T00:10:14.609+0000] {processor.py:840} INFO - DAG(s) 'example_external_task_marker_parent', 'example_external_task_marker_child' retrieved from /home/airflow/.local/lib/python3.12/site-packages/airflow/example_dags/example_external_task_marker_dag.py
[2024-08-15T00:10:14.622+0000] {logging_mixin.py:188} INFO - [2024-08-15T00:10:14.622+0000] {dag.py:3096} INFO - Sync 2 DAGs
[2024-08-15T00:10:14.629+0000] {logging_mixin.py:188} INFO - [2024-08-15T00:10:14.629+0000] {dag.py:3954} INFO - Setting next_dagrun for example_external_task_marker_child to None, run_after=None
[2024-08-15T00:10:14.631+0000] {logging_mixin.py:188} INFO - [2024-08-15T00:10:14.631+0000] {dag.py:3954} INFO - Setting next_dagrun for example_external_task_marker_parent to None, run_after=None
[2024-08-15T00:10:14.641+0000] {processor.py:183} INFO - Processing /home/airflow/.local/lib/python3.12/site-packages/airflow/example_dags/example_external_task_marker_dag.py took 0.040 seconds
[2024-08-15T00:10:45.193+0000] {processor.py:161} INFO - Started process (PID=4939) to work on /home/airflow/.local/lib/python3.12/site-packages/airflow/example_dags/example_external_task_marker_dag.py
[2024-08-15T00:10:45.194+0000] {processor.py:830} INFO - Processing file /home/airflow/.local/lib/python3.12/site-packages/airflow/example_dags/example_external_task_marker_dag.py for tasks to queue
[2024-08-15T00:10:45.195+0000] {logging_mixin.py:188} INFO - [2024-08-15T00:10:45.195+0000] {dagbag.py:540} INFO - Filling up the DagBag from /home/airflow/.local/lib/python3.12/site-packages/airflow/example_dags/example_external_task_marker_dag.py
[2024-08-15T00:10:45.198+0000] {processor.py:840} INFO - DAG(s) 'example_external_task_marker_parent', 'example_external_task_marker_child' retrieved from /home/airflow/.local/lib/python3.12/site-packages/airflow/example_dags/example_external_task_marker_dag.py
[2024-08-15T00:10:45.211+0000] {logging_mixin.py:188} INFO - [2024-08-15T00:10:45.211+0000] {dag.py:3096} INFO - Sync 2 DAGs
[2024-08-15T00:10:45.218+0000] {logging_mixin.py:188} INFO - [2024-08-15T00:10:45.218+0000] {dag.py:3954} INFO - Setting next_dagrun for example_external_task_marker_child to None, run_after=None
[2024-08-15T00:10:45.220+0000] {logging_mixin.py:188} INFO - [2024-08-15T00:10:45.220+0000] {dag.py:3954} INFO - Setting next_dagrun for example_external_task_marker_parent to None, run_after=None
[2024-08-15T00:10:45.228+0000] {processor.py:183} INFO - Processing /home/airflow/.local/lib/python3.12/site-packages/airflow/example_dags/example_external_task_marker_dag.py took 0.038 seconds
[2024-08-15T00:11:15.799+0000] {processor.py:161} INFO - Started process (PID=4997) to work on /home/airflow/.local/lib/python3.12/site-packages/airflow/example_dags/example_external_task_marker_dag.py
[2024-08-15T00:11:15.800+0000] {processor.py:830} INFO - Processing file /home/airflow/.local/lib/python3.12/site-packages/airflow/example_dags/example_external_task_marker_dag.py for tasks to queue
[2024-08-15T00:11:15.801+0000] {logging_mixin.py:188} INFO - [2024-08-15T00:11:15.801+0000] {dagbag.py:540} INFO - Filling up the DagBag from /home/airflow/.local/lib/python3.12/site-packages/airflow/example_dags/example_external_task_marker_dag.py
[2024-08-15T00:11:15.804+0000] {processor.py:840} INFO - DAG(s) 'example_external_task_marker_child', 'example_external_task_marker_parent' retrieved from /home/airflow/.local/lib/python3.12/site-packages/airflow/example_dags/example_external_task_marker_dag.py
[2024-08-15T00:11:15.817+0000] {logging_mixin.py:188} INFO - [2024-08-15T00:11:15.817+0000] {dag.py:3096} INFO - Sync 2 DAGs
[2024-08-15T00:11:15.824+0000] {logging_mixin.py:188} INFO - [2024-08-15T00:11:15.824+0000] {dag.py:3954} INFO - Setting next_dagrun for example_external_task_marker_child to None, run_after=None
[2024-08-15T00:11:15.826+0000] {logging_mixin.py:188} INFO - [2024-08-15T00:11:15.826+0000] {dag.py:3954} INFO - Setting next_dagrun for example_external_task_marker_parent to None, run_after=None
[2024-08-15T00:11:15.835+0000] {processor.py:183} INFO - Processing /home/airflow/.local/lib/python3.12/site-packages/airflow/example_dags/example_external_task_marker_dag.py took 0.039 seconds
