[2024-08-15T00:00:05.774+0000] {processor.py:161} INFO - Started process (PID=3755) to work on /home/airflow/.local/lib/python3.12/site-packages/airflow/example_dags/example_xcomargs.py
[2024-08-15T00:00:05.775+0000] {processor.py:830} INFO - Processing file /home/airflow/.local/lib/python3.12/site-packages/airflow/example_dags/example_xcomargs.py for tasks to queue
[2024-08-15T00:00:05.776+0000] {logging_mixin.py:188} INFO - [2024-08-15T00:00:05.776+0000] {dagbag.py:540} INFO - Filling up the DagBag from /home/airflow/.local/lib/python3.12/site-packages/airflow/example_dags/example_xcomargs.py
[2024-08-15T00:00:05.781+0000] {processor.py:840} INFO - DAG(s) 'example_xcom_args', 'example_xcom_args_with_operators' retrieved from /home/airflow/.local/lib/python3.12/site-packages/airflow/example_dags/example_xcomargs.py
[2024-08-15T00:00:05.795+0000] {logging_mixin.py:188} INFO - [2024-08-15T00:00:05.795+0000] {dag.py:3096} INFO - Sync 2 DAGs
[2024-08-15T00:00:05.802+0000] {logging_mixin.py:188} INFO - [2024-08-15T00:00:05.802+0000] {dag.py:3954} INFO - Setting next_dagrun for example_xcom_args to None, run_after=None
[2024-08-15T00:00:05.804+0000] {logging_mixin.py:188} INFO - [2024-08-15T00:00:05.804+0000] {dag.py:3954} INFO - Setting next_dagrun for example_xcom_args_with_operators to None, run_after=None
[2024-08-15T00:00:05.812+0000] {processor.py:183} INFO - Processing /home/airflow/.local/lib/python3.12/site-packages/airflow/example_dags/example_xcomargs.py took 0.042 seconds
[2024-08-15T00:00:36.488+0000] {processor.py:161} INFO - Started process (PID=3813) to work on /home/airflow/.local/lib/python3.12/site-packages/airflow/example_dags/example_xcomargs.py
[2024-08-15T00:00:36.489+0000] {processor.py:830} INFO - Processing file /home/airflow/.local/lib/python3.12/site-packages/airflow/example_dags/example_xcomargs.py for tasks to queue
[2024-08-15T00:00:36.490+0000] {logging_mixin.py:188} INFO - [2024-08-15T00:00:36.489+0000] {dagbag.py:540} INFO - Filling up the DagBag from /home/airflow/.local/lib/python3.12/site-packages/airflow/example_dags/example_xcomargs.py
[2024-08-15T00:00:36.494+0000] {processor.py:840} INFO - DAG(s) 'example_xcom_args_with_operators', 'example_xcom_args' retrieved from /home/airflow/.local/lib/python3.12/site-packages/airflow/example_dags/example_xcomargs.py
[2024-08-15T00:00:36.508+0000] {logging_mixin.py:188} INFO - [2024-08-15T00:00:36.508+0000] {dag.py:3096} INFO - Sync 2 DAGs
[2024-08-15T00:00:36.515+0000] {logging_mixin.py:188} INFO - [2024-08-15T00:00:36.515+0000] {dag.py:3954} INFO - Setting next_dagrun for example_xcom_args to None, run_after=None
[2024-08-15T00:00:36.517+0000] {logging_mixin.py:188} INFO - [2024-08-15T00:00:36.517+0000] {dag.py:3954} INFO - Setting next_dagrun for example_xcom_args_with_operators to None, run_after=None
[2024-08-15T00:00:36.525+0000] {processor.py:183} INFO - Processing /home/airflow/.local/lib/python3.12/site-packages/airflow/example_dags/example_xcomargs.py took 0.041 seconds
[2024-08-15T00:01:07.153+0000] {processor.py:161} INFO - Started process (PID=3871) to work on /home/airflow/.local/lib/python3.12/site-packages/airflow/example_dags/example_xcomargs.py
[2024-08-15T00:01:07.154+0000] {processor.py:830} INFO - Processing file /home/airflow/.local/lib/python3.12/site-packages/airflow/example_dags/example_xcomargs.py for tasks to queue
[2024-08-15T00:01:07.155+0000] {logging_mixin.py:188} INFO - [2024-08-15T00:01:07.155+0000] {dagbag.py:540} INFO - Filling up the DagBag from /home/airflow/.local/lib/python3.12/site-packages/airflow/example_dags/example_xcomargs.py
[2024-08-15T00:01:07.160+0000] {processor.py:840} INFO - DAG(s) 'example_xcom_args', 'example_xcom_args_with_operators' retrieved from /home/airflow/.local/lib/python3.12/site-packages/airflow/example_dags/example_xcomargs.py
[2024-08-15T00:01:07.174+0000] {logging_mixin.py:188} INFO - [2024-08-15T00:01:07.174+0000] {dag.py:3096} INFO - Sync 2 DAGs
[2024-08-15T00:01:07.182+0000] {logging_mixin.py:188} INFO - [2024-08-15T00:01:07.182+0000] {dag.py:3954} INFO - Setting next_dagrun for example_xcom_args to None, run_after=None
[2024-08-15T00:01:07.184+0000] {logging_mixin.py:188} INFO - [2024-08-15T00:01:07.184+0000] {dag.py:3954} INFO - Setting next_dagrun for example_xcom_args_with_operators to None, run_after=None
[2024-08-15T00:01:07.192+0000] {processor.py:183} INFO - Processing /home/airflow/.local/lib/python3.12/site-packages/airflow/example_dags/example_xcomargs.py took 0.043 seconds
[2024-08-15T00:01:37.789+0000] {processor.py:161} INFO - Started process (PID=3929) to work on /home/airflow/.local/lib/python3.12/site-packages/airflow/example_dags/example_xcomargs.py
[2024-08-15T00:01:37.789+0000] {processor.py:830} INFO - Processing file /home/airflow/.local/lib/python3.12/site-packages/airflow/example_dags/example_xcomargs.py for tasks to queue
[2024-08-15T00:01:37.790+0000] {logging_mixin.py:188} INFO - [2024-08-15T00:01:37.790+0000] {dagbag.py:540} INFO - Filling up the DagBag from /home/airflow/.local/lib/python3.12/site-packages/airflow/example_dags/example_xcomargs.py
[2024-08-15T00:01:37.795+0000] {processor.py:840} INFO - DAG(s) 'example_xcom_args_with_operators', 'example_xcom_args' retrieved from /home/airflow/.local/lib/python3.12/site-packages/airflow/example_dags/example_xcomargs.py
[2024-08-15T00:01:37.807+0000] {logging_mixin.py:188} INFO - [2024-08-15T00:01:37.807+0000] {dag.py:3096} INFO - Sync 2 DAGs
[2024-08-15T00:01:37.814+0000] {logging_mixin.py:188} INFO - [2024-08-15T00:01:37.814+0000] {dag.py:3954} INFO - Setting next_dagrun for example_xcom_args to None, run_after=None
[2024-08-15T00:01:37.816+0000] {logging_mixin.py:188} INFO - [2024-08-15T00:01:37.816+0000] {dag.py:3954} INFO - Setting next_dagrun for example_xcom_args_with_operators to None, run_after=None
[2024-08-15T00:01:37.824+0000] {processor.py:183} INFO - Processing /home/airflow/.local/lib/python3.12/site-packages/airflow/example_dags/example_xcomargs.py took 0.039 seconds
[2024-08-15T00:02:08.417+0000] {processor.py:161} INFO - Started process (PID=3987) to work on /home/airflow/.local/lib/python3.12/site-packages/airflow/example_dags/example_xcomargs.py
[2024-08-15T00:02:08.417+0000] {processor.py:830} INFO - Processing file /home/airflow/.local/lib/python3.12/site-packages/airflow/example_dags/example_xcomargs.py for tasks to queue
[2024-08-15T00:02:08.418+0000] {logging_mixin.py:188} INFO - [2024-08-15T00:02:08.418+0000] {dagbag.py:540} INFO - Filling up the DagBag from /home/airflow/.local/lib/python3.12/site-packages/airflow/example_dags/example_xcomargs.py
[2024-08-15T00:02:08.423+0000] {processor.py:840} INFO - DAG(s) 'example_xcom_args_with_operators', 'example_xcom_args' retrieved from /home/airflow/.local/lib/python3.12/site-packages/airflow/example_dags/example_xcomargs.py
[2024-08-15T00:02:08.436+0000] {logging_mixin.py:188} INFO - [2024-08-15T00:02:08.435+0000] {dag.py:3096} INFO - Sync 2 DAGs
[2024-08-15T00:02:08.442+0000] {logging_mixin.py:188} INFO - [2024-08-15T00:02:08.442+0000] {dag.py:3954} INFO - Setting next_dagrun for example_xcom_args to None, run_after=None
[2024-08-15T00:02:08.444+0000] {logging_mixin.py:188} INFO - [2024-08-15T00:02:08.444+0000] {dag.py:3954} INFO - Setting next_dagrun for example_xcom_args_with_operators to None, run_after=None
[2024-08-15T00:02:08.453+0000] {processor.py:183} INFO - Processing /home/airflow/.local/lib/python3.12/site-packages/airflow/example_dags/example_xcomargs.py took 0.039 seconds
[2024-08-15T00:02:39.068+0000] {processor.py:161} INFO - Started process (PID=4045) to work on /home/airflow/.local/lib/python3.12/site-packages/airflow/example_dags/example_xcomargs.py
[2024-08-15T00:02:39.068+0000] {processor.py:830} INFO - Processing file /home/airflow/.local/lib/python3.12/site-packages/airflow/example_dags/example_xcomargs.py for tasks to queue
[2024-08-15T00:02:39.069+0000] {logging_mixin.py:188} INFO - [2024-08-15T00:02:39.069+0000] {dagbag.py:540} INFO - Filling up the DagBag from /home/airflow/.local/lib/python3.12/site-packages/airflow/example_dags/example_xcomargs.py
[2024-08-15T00:02:39.073+0000] {processor.py:840} INFO - DAG(s) 'example_xcom_args', 'example_xcom_args_with_operators' retrieved from /home/airflow/.local/lib/python3.12/site-packages/airflow/example_dags/example_xcomargs.py
[2024-08-15T00:02:39.087+0000] {logging_mixin.py:188} INFO - [2024-08-15T00:02:39.087+0000] {dag.py:3096} INFO - Sync 2 DAGs
[2024-08-15T00:02:39.095+0000] {logging_mixin.py:188} INFO - [2024-08-15T00:02:39.094+0000] {dag.py:3954} INFO - Setting next_dagrun for example_xcom_args to None, run_after=None
[2024-08-15T00:02:39.097+0000] {logging_mixin.py:188} INFO - [2024-08-15T00:02:39.097+0000] {dag.py:3954} INFO - Setting next_dagrun for example_xcom_args_with_operators to None, run_after=None
[2024-08-15T00:02:39.106+0000] {processor.py:183} INFO - Processing /home/airflow/.local/lib/python3.12/site-packages/airflow/example_dags/example_xcomargs.py took 0.041 seconds
[2024-08-15T00:03:09.646+0000] {processor.py:161} INFO - Started process (PID=4103) to work on /home/airflow/.local/lib/python3.12/site-packages/airflow/example_dags/example_xcomargs.py
[2024-08-15T00:03:09.647+0000] {processor.py:830} INFO - Processing file /home/airflow/.local/lib/python3.12/site-packages/airflow/example_dags/example_xcomargs.py for tasks to queue
[2024-08-15T00:03:09.648+0000] {logging_mixin.py:188} INFO - [2024-08-15T00:03:09.648+0000] {dagbag.py:540} INFO - Filling up the DagBag from /home/airflow/.local/lib/python3.12/site-packages/airflow/example_dags/example_xcomargs.py
[2024-08-15T00:03:09.653+0000] {processor.py:840} INFO - DAG(s) 'example_xcom_args', 'example_xcom_args_with_operators' retrieved from /home/airflow/.local/lib/python3.12/site-packages/airflow/example_dags/example_xcomargs.py
[2024-08-15T00:03:09.667+0000] {logging_mixin.py:188} INFO - [2024-08-15T00:03:09.666+0000] {dag.py:3096} INFO - Sync 2 DAGs
[2024-08-15T00:03:09.674+0000] {logging_mixin.py:188} INFO - [2024-08-15T00:03:09.674+0000] {dag.py:3954} INFO - Setting next_dagrun for example_xcom_args to None, run_after=None
[2024-08-15T00:03:09.677+0000] {logging_mixin.py:188} INFO - [2024-08-15T00:03:09.677+0000] {dag.py:3954} INFO - Setting next_dagrun for example_xcom_args_with_operators to None, run_after=None
[2024-08-15T00:03:09.687+0000] {processor.py:183} INFO - Processing /home/airflow/.local/lib/python3.12/site-packages/airflow/example_dags/example_xcomargs.py took 0.044 seconds
[2024-08-15T00:03:40.313+0000] {processor.py:161} INFO - Started process (PID=4161) to work on /home/airflow/.local/lib/python3.12/site-packages/airflow/example_dags/example_xcomargs.py
[2024-08-15T00:03:40.314+0000] {processor.py:830} INFO - Processing file /home/airflow/.local/lib/python3.12/site-packages/airflow/example_dags/example_xcomargs.py for tasks to queue
[2024-08-15T00:03:40.315+0000] {logging_mixin.py:188} INFO - [2024-08-15T00:03:40.315+0000] {dagbag.py:540} INFO - Filling up the DagBag from /home/airflow/.local/lib/python3.12/site-packages/airflow/example_dags/example_xcomargs.py
[2024-08-15T00:03:40.320+0000] {processor.py:840} INFO - DAG(s) 'example_xcom_args_with_operators', 'example_xcom_args' retrieved from /home/airflow/.local/lib/python3.12/site-packages/airflow/example_dags/example_xcomargs.py
[2024-08-15T00:03:40.332+0000] {logging_mixin.py:188} INFO - [2024-08-15T00:03:40.332+0000] {dag.py:3096} INFO - Sync 2 DAGs
[2024-08-15T00:03:40.339+0000] {logging_mixin.py:188} INFO - [2024-08-15T00:03:40.339+0000] {dag.py:3954} INFO - Setting next_dagrun for example_xcom_args to None, run_after=None
[2024-08-15T00:03:40.341+0000] {logging_mixin.py:188} INFO - [2024-08-15T00:03:40.341+0000] {dag.py:3954} INFO - Setting next_dagrun for example_xcom_args_with_operators to None, run_after=None
[2024-08-15T00:03:40.350+0000] {processor.py:183} INFO - Processing /home/airflow/.local/lib/python3.12/site-packages/airflow/example_dags/example_xcomargs.py took 0.040 seconds
[2024-08-15T00:04:10.977+0000] {processor.py:161} INFO - Started process (PID=4219) to work on /home/airflow/.local/lib/python3.12/site-packages/airflow/example_dags/example_xcomargs.py
[2024-08-15T00:04:10.977+0000] {processor.py:830} INFO - Processing file /home/airflow/.local/lib/python3.12/site-packages/airflow/example_dags/example_xcomargs.py for tasks to queue
[2024-08-15T00:04:10.978+0000] {logging_mixin.py:188} INFO - [2024-08-15T00:04:10.978+0000] {dagbag.py:540} INFO - Filling up the DagBag from /home/airflow/.local/lib/python3.12/site-packages/airflow/example_dags/example_xcomargs.py
[2024-08-15T00:04:10.982+0000] {processor.py:840} INFO - DAG(s) 'example_xcom_args_with_operators', 'example_xcom_args' retrieved from /home/airflow/.local/lib/python3.12/site-packages/airflow/example_dags/example_xcomargs.py
[2024-08-15T00:04:10.995+0000] {logging_mixin.py:188} INFO - [2024-08-15T00:04:10.995+0000] {dag.py:3096} INFO - Sync 2 DAGs
[2024-08-15T00:04:11.002+0000] {logging_mixin.py:188} INFO - [2024-08-15T00:04:11.002+0000] {dag.py:3954} INFO - Setting next_dagrun for example_xcom_args to None, run_after=None
[2024-08-15T00:04:11.004+0000] {logging_mixin.py:188} INFO - [2024-08-15T00:04:11.004+0000] {dag.py:3954} INFO - Setting next_dagrun for example_xcom_args_with_operators to None, run_after=None
[2024-08-15T00:04:11.012+0000] {processor.py:183} INFO - Processing /home/airflow/.local/lib/python3.12/site-packages/airflow/example_dags/example_xcomargs.py took 0.038 seconds
[2024-08-15T00:04:41.661+0000] {processor.py:161} INFO - Started process (PID=4277) to work on /home/airflow/.local/lib/python3.12/site-packages/airflow/example_dags/example_xcomargs.py
[2024-08-15T00:04:41.661+0000] {processor.py:830} INFO - Processing file /home/airflow/.local/lib/python3.12/site-packages/airflow/example_dags/example_xcomargs.py for tasks to queue
[2024-08-15T00:04:41.662+0000] {logging_mixin.py:188} INFO - [2024-08-15T00:04:41.662+0000] {dagbag.py:540} INFO - Filling up the DagBag from /home/airflow/.local/lib/python3.12/site-packages/airflow/example_dags/example_xcomargs.py
[2024-08-15T00:04:41.667+0000] {processor.py:840} INFO - DAG(s) 'example_xcom_args_with_operators', 'example_xcom_args' retrieved from /home/airflow/.local/lib/python3.12/site-packages/airflow/example_dags/example_xcomargs.py
[2024-08-15T00:04:41.681+0000] {logging_mixin.py:188} INFO - [2024-08-15T00:04:41.681+0000] {dag.py:3096} INFO - Sync 2 DAGs
[2024-08-15T00:04:41.688+0000] {logging_mixin.py:188} INFO - [2024-08-15T00:04:41.688+0000] {dag.py:3954} INFO - Setting next_dagrun for example_xcom_args to None, run_after=None
[2024-08-15T00:04:41.691+0000] {logging_mixin.py:188} INFO - [2024-08-15T00:04:41.691+0000] {dag.py:3954} INFO - Setting next_dagrun for example_xcom_args_with_operators to None, run_after=None
[2024-08-15T00:04:41.699+0000] {processor.py:183} INFO - Processing /home/airflow/.local/lib/python3.12/site-packages/airflow/example_dags/example_xcomargs.py took 0.042 seconds
[2024-08-15T00:05:12.294+0000] {processor.py:161} INFO - Started process (PID=4335) to work on /home/airflow/.local/lib/python3.12/site-packages/airflow/example_dags/example_xcomargs.py
[2024-08-15T00:05:12.295+0000] {processor.py:830} INFO - Processing file /home/airflow/.local/lib/python3.12/site-packages/airflow/example_dags/example_xcomargs.py for tasks to queue
[2024-08-15T00:05:12.296+0000] {logging_mixin.py:188} INFO - [2024-08-15T00:05:12.296+0000] {dagbag.py:540} INFO - Filling up the DagBag from /home/airflow/.local/lib/python3.12/site-packages/airflow/example_dags/example_xcomargs.py
[2024-08-15T00:05:12.300+0000] {processor.py:840} INFO - DAG(s) 'example_xcom_args', 'example_xcom_args_with_operators' retrieved from /home/airflow/.local/lib/python3.12/site-packages/airflow/example_dags/example_xcomargs.py
[2024-08-15T00:05:12.313+0000] {logging_mixin.py:188} INFO - [2024-08-15T00:05:12.313+0000] {dag.py:3096} INFO - Sync 2 DAGs
[2024-08-15T00:05:12.320+0000] {logging_mixin.py:188} INFO - [2024-08-15T00:05:12.319+0000] {dag.py:3954} INFO - Setting next_dagrun for example_xcom_args to None, run_after=None
[2024-08-15T00:05:12.321+0000] {logging_mixin.py:188} INFO - [2024-08-15T00:05:12.321+0000] {dag.py:3954} INFO - Setting next_dagrun for example_xcom_args_with_operators to None, run_after=None
[2024-08-15T00:05:12.330+0000] {processor.py:183} INFO - Processing /home/airflow/.local/lib/python3.12/site-packages/airflow/example_dags/example_xcomargs.py took 0.038 seconds
[2024-08-15T00:05:42.963+0000] {processor.py:161} INFO - Started process (PID=4393) to work on /home/airflow/.local/lib/python3.12/site-packages/airflow/example_dags/example_xcomargs.py
[2024-08-15T00:05:42.964+0000] {processor.py:830} INFO - Processing file /home/airflow/.local/lib/python3.12/site-packages/airflow/example_dags/example_xcomargs.py for tasks to queue
[2024-08-15T00:05:42.964+0000] {logging_mixin.py:188} INFO - [2024-08-15T00:05:42.964+0000] {dagbag.py:540} INFO - Filling up the DagBag from /home/airflow/.local/lib/python3.12/site-packages/airflow/example_dags/example_xcomargs.py
[2024-08-15T00:05:42.969+0000] {processor.py:840} INFO - DAG(s) 'example_xcom_args', 'example_xcom_args_with_operators' retrieved from /home/airflow/.local/lib/python3.12/site-packages/airflow/example_dags/example_xcomargs.py
[2024-08-15T00:05:42.982+0000] {logging_mixin.py:188} INFO - [2024-08-15T00:05:42.982+0000] {dag.py:3096} INFO - Sync 2 DAGs
[2024-08-15T00:05:42.989+0000] {logging_mixin.py:188} INFO - [2024-08-15T00:05:42.989+0000] {dag.py:3954} INFO - Setting next_dagrun for example_xcom_args to None, run_after=None
[2024-08-15T00:05:42.991+0000] {logging_mixin.py:188} INFO - [2024-08-15T00:05:42.991+0000] {dag.py:3954} INFO - Setting next_dagrun for example_xcom_args_with_operators to None, run_after=None
[2024-08-15T00:05:43.000+0000] {processor.py:183} INFO - Processing /home/airflow/.local/lib/python3.12/site-packages/airflow/example_dags/example_xcomargs.py took 0.040 seconds
[2024-08-15T00:06:13.652+0000] {processor.py:161} INFO - Started process (PID=4451) to work on /home/airflow/.local/lib/python3.12/site-packages/airflow/example_dags/example_xcomargs.py
[2024-08-15T00:06:13.652+0000] {processor.py:830} INFO - Processing file /home/airflow/.local/lib/python3.12/site-packages/airflow/example_dags/example_xcomargs.py for tasks to queue
[2024-08-15T00:06:13.653+0000] {logging_mixin.py:188} INFO - [2024-08-15T00:06:13.653+0000] {dagbag.py:540} INFO - Filling up the DagBag from /home/airflow/.local/lib/python3.12/site-packages/airflow/example_dags/example_xcomargs.py
[2024-08-15T00:06:13.658+0000] {processor.py:840} INFO - DAG(s) 'example_xcom_args', 'example_xcom_args_with_operators' retrieved from /home/airflow/.local/lib/python3.12/site-packages/airflow/example_dags/example_xcomargs.py
[2024-08-15T00:06:13.671+0000] {logging_mixin.py:188} INFO - [2024-08-15T00:06:13.670+0000] {dag.py:3096} INFO - Sync 2 DAGs
[2024-08-15T00:06:13.678+0000] {logging_mixin.py:188} INFO - [2024-08-15T00:06:13.678+0000] {dag.py:3954} INFO - Setting next_dagrun for example_xcom_args to None, run_after=None
[2024-08-15T00:06:13.680+0000] {logging_mixin.py:188} INFO - [2024-08-15T00:06:13.680+0000] {dag.py:3954} INFO - Setting next_dagrun for example_xcom_args_with_operators to None, run_after=None
[2024-08-15T00:06:13.689+0000] {processor.py:183} INFO - Processing /home/airflow/.local/lib/python3.12/site-packages/airflow/example_dags/example_xcomargs.py took 0.040 seconds
[2024-08-15T00:06:44.262+0000] {processor.py:161} INFO - Started process (PID=4509) to work on /home/airflow/.local/lib/python3.12/site-packages/airflow/example_dags/example_xcomargs.py
[2024-08-15T00:06:44.263+0000] {processor.py:830} INFO - Processing file /home/airflow/.local/lib/python3.12/site-packages/airflow/example_dags/example_xcomargs.py for tasks to queue
[2024-08-15T00:06:44.263+0000] {logging_mixin.py:188} INFO - [2024-08-15T00:06:44.263+0000] {dagbag.py:540} INFO - Filling up the DagBag from /home/airflow/.local/lib/python3.12/site-packages/airflow/example_dags/example_xcomargs.py
[2024-08-15T00:06:44.268+0000] {processor.py:840} INFO - DAG(s) 'example_xcom_args', 'example_xcom_args_with_operators' retrieved from /home/airflow/.local/lib/python3.12/site-packages/airflow/example_dags/example_xcomargs.py
[2024-08-15T00:06:44.281+0000] {logging_mixin.py:188} INFO - [2024-08-15T00:06:44.281+0000] {dag.py:3096} INFO - Sync 2 DAGs
[2024-08-15T00:06:44.288+0000] {logging_mixin.py:188} INFO - [2024-08-15T00:06:44.288+0000] {dag.py:3954} INFO - Setting next_dagrun for example_xcom_args to None, run_after=None
[2024-08-15T00:06:44.290+0000] {logging_mixin.py:188} INFO - [2024-08-15T00:06:44.290+0000] {dag.py:3954} INFO - Setting next_dagrun for example_xcom_args_with_operators to None, run_after=None
[2024-08-15T00:06:44.299+0000] {processor.py:183} INFO - Processing /home/airflow/.local/lib/python3.12/site-packages/airflow/example_dags/example_xcomargs.py took 0.040 seconds
[2024-08-15T00:07:14.796+0000] {processor.py:161} INFO - Started process (PID=4567) to work on /home/airflow/.local/lib/python3.12/site-packages/airflow/example_dags/example_xcomargs.py
[2024-08-15T00:07:14.796+0000] {processor.py:830} INFO - Processing file /home/airflow/.local/lib/python3.12/site-packages/airflow/example_dags/example_xcomargs.py for tasks to queue
[2024-08-15T00:07:14.797+0000] {logging_mixin.py:188} INFO - [2024-08-15T00:07:14.797+0000] {dagbag.py:540} INFO - Filling up the DagBag from /home/airflow/.local/lib/python3.12/site-packages/airflow/example_dags/example_xcomargs.py
[2024-08-15T00:07:14.801+0000] {processor.py:840} INFO - DAG(s) 'example_xcom_args', 'example_xcom_args_with_operators' retrieved from /home/airflow/.local/lib/python3.12/site-packages/airflow/example_dags/example_xcomargs.py
[2024-08-15T00:07:14.814+0000] {logging_mixin.py:188} INFO - [2024-08-15T00:07:14.814+0000] {dag.py:3096} INFO - Sync 2 DAGs
[2024-08-15T00:07:14.822+0000] {logging_mixin.py:188} INFO - [2024-08-15T00:07:14.822+0000] {dag.py:3954} INFO - Setting next_dagrun for example_xcom_args to None, run_after=None
[2024-08-15T00:07:14.824+0000] {logging_mixin.py:188} INFO - [2024-08-15T00:07:14.824+0000] {dag.py:3954} INFO - Setting next_dagrun for example_xcom_args_with_operators to None, run_after=None
[2024-08-15T00:07:14.832+0000] {processor.py:183} INFO - Processing /home/airflow/.local/lib/python3.12/site-packages/airflow/example_dags/example_xcomargs.py took 0.039 seconds
[2024-08-15T00:07:45.426+0000] {processor.py:161} INFO - Started process (PID=4625) to work on /home/airflow/.local/lib/python3.12/site-packages/airflow/example_dags/example_xcomargs.py
[2024-08-15T00:07:45.427+0000] {processor.py:830} INFO - Processing file /home/airflow/.local/lib/python3.12/site-packages/airflow/example_dags/example_xcomargs.py for tasks to queue
[2024-08-15T00:07:45.428+0000] {logging_mixin.py:188} INFO - [2024-08-15T00:07:45.428+0000] {dagbag.py:540} INFO - Filling up the DagBag from /home/airflow/.local/lib/python3.12/site-packages/airflow/example_dags/example_xcomargs.py
[2024-08-15T00:07:45.433+0000] {processor.py:840} INFO - DAG(s) 'example_xcom_args', 'example_xcom_args_with_operators' retrieved from /home/airflow/.local/lib/python3.12/site-packages/airflow/example_dags/example_xcomargs.py
[2024-08-15T00:07:45.446+0000] {logging_mixin.py:188} INFO - [2024-08-15T00:07:45.446+0000] {dag.py:3096} INFO - Sync 2 DAGs
[2024-08-15T00:07:45.453+0000] {logging_mixin.py:188} INFO - [2024-08-15T00:07:45.453+0000] {dag.py:3954} INFO - Setting next_dagrun for example_xcom_args to None, run_after=None
[2024-08-15T00:07:45.455+0000] {logging_mixin.py:188} INFO - [2024-08-15T00:07:45.455+0000] {dag.py:3954} INFO - Setting next_dagrun for example_xcom_args_with_operators to None, run_after=None
[2024-08-15T00:07:45.463+0000] {processor.py:183} INFO - Processing /home/airflow/.local/lib/python3.12/site-packages/airflow/example_dags/example_xcomargs.py took 0.040 seconds
[2024-08-15T00:08:16.075+0000] {processor.py:161} INFO - Started process (PID=4683) to work on /home/airflow/.local/lib/python3.12/site-packages/airflow/example_dags/example_xcomargs.py
[2024-08-15T00:08:16.075+0000] {processor.py:830} INFO - Processing file /home/airflow/.local/lib/python3.12/site-packages/airflow/example_dags/example_xcomargs.py for tasks to queue
[2024-08-15T00:08:16.076+0000] {logging_mixin.py:188} INFO - [2024-08-15T00:08:16.076+0000] {dagbag.py:540} INFO - Filling up the DagBag from /home/airflow/.local/lib/python3.12/site-packages/airflow/example_dags/example_xcomargs.py
[2024-08-15T00:08:16.080+0000] {processor.py:840} INFO - DAG(s) 'example_xcom_args_with_operators', 'example_xcom_args' retrieved from /home/airflow/.local/lib/python3.12/site-packages/airflow/example_dags/example_xcomargs.py
[2024-08-15T00:08:16.093+0000] {logging_mixin.py:188} INFO - [2024-08-15T00:08:16.093+0000] {dag.py:3096} INFO - Sync 2 DAGs
[2024-08-15T00:08:16.100+0000] {logging_mixin.py:188} INFO - [2024-08-15T00:08:16.100+0000] {dag.py:3954} INFO - Setting next_dagrun for example_xcom_args to None, run_after=None
[2024-08-15T00:08:16.102+0000] {logging_mixin.py:188} INFO - [2024-08-15T00:08:16.102+0000] {dag.py:3954} INFO - Setting next_dagrun for example_xcom_args_with_operators to None, run_after=None
[2024-08-15T00:08:16.111+0000] {processor.py:183} INFO - Processing /home/airflow/.local/lib/python3.12/site-packages/airflow/example_dags/example_xcomargs.py took 0.040 seconds
[2024-08-15T00:08:46.703+0000] {processor.py:161} INFO - Started process (PID=4741) to work on /home/airflow/.local/lib/python3.12/site-packages/airflow/example_dags/example_xcomargs.py
[2024-08-15T00:08:46.703+0000] {processor.py:830} INFO - Processing file /home/airflow/.local/lib/python3.12/site-packages/airflow/example_dags/example_xcomargs.py for tasks to queue
[2024-08-15T00:08:46.705+0000] {logging_mixin.py:188} INFO - [2024-08-15T00:08:46.704+0000] {dagbag.py:540} INFO - Filling up the DagBag from /home/airflow/.local/lib/python3.12/site-packages/airflow/example_dags/example_xcomargs.py
[2024-08-15T00:08:46.709+0000] {processor.py:840} INFO - DAG(s) 'example_xcom_args_with_operators', 'example_xcom_args' retrieved from /home/airflow/.local/lib/python3.12/site-packages/airflow/example_dags/example_xcomargs.py
[2024-08-15T00:08:46.722+0000] {logging_mixin.py:188} INFO - [2024-08-15T00:08:46.722+0000] {dag.py:3096} INFO - Sync 2 DAGs
[2024-08-15T00:08:46.729+0000] {logging_mixin.py:188} INFO - [2024-08-15T00:08:46.729+0000] {dag.py:3954} INFO - Setting next_dagrun for example_xcom_args to None, run_after=None
[2024-08-15T00:08:46.731+0000] {logging_mixin.py:188} INFO - [2024-08-15T00:08:46.731+0000] {dag.py:3954} INFO - Setting next_dagrun for example_xcom_args_with_operators to None, run_after=None
[2024-08-15T00:08:46.740+0000] {processor.py:183} INFO - Processing /home/airflow/.local/lib/python3.12/site-packages/airflow/example_dags/example_xcomargs.py took 0.040 seconds
[2024-08-15T00:09:17.432+0000] {processor.py:161} INFO - Started process (PID=4799) to work on /home/airflow/.local/lib/python3.12/site-packages/airflow/example_dags/example_xcomargs.py
[2024-08-15T00:09:17.433+0000] {processor.py:830} INFO - Processing file /home/airflow/.local/lib/python3.12/site-packages/airflow/example_dags/example_xcomargs.py for tasks to queue
[2024-08-15T00:09:17.434+0000] {logging_mixin.py:188} INFO - [2024-08-15T00:09:17.433+0000] {dagbag.py:540} INFO - Filling up the DagBag from /home/airflow/.local/lib/python3.12/site-packages/airflow/example_dags/example_xcomargs.py
[2024-08-15T00:09:17.438+0000] {processor.py:840} INFO - DAG(s) 'example_xcom_args', 'example_xcom_args_with_operators' retrieved from /home/airflow/.local/lib/python3.12/site-packages/airflow/example_dags/example_xcomargs.py
[2024-08-15T00:09:17.451+0000] {logging_mixin.py:188} INFO - [2024-08-15T00:09:17.450+0000] {dag.py:3096} INFO - Sync 2 DAGs
[2024-08-15T00:09:17.458+0000] {logging_mixin.py:188} INFO - [2024-08-15T00:09:17.458+0000] {dag.py:3954} INFO - Setting next_dagrun for example_xcom_args to None, run_after=None
[2024-08-15T00:09:17.460+0000] {logging_mixin.py:188} INFO - [2024-08-15T00:09:17.460+0000] {dag.py:3954} INFO - Setting next_dagrun for example_xcom_args_with_operators to None, run_after=None
[2024-08-15T00:09:17.468+0000] {processor.py:183} INFO - Processing /home/airflow/.local/lib/python3.12/site-packages/airflow/example_dags/example_xcomargs.py took 0.039 seconds
[2024-08-15T00:09:48.039+0000] {processor.py:161} INFO - Started process (PID=4857) to work on /home/airflow/.local/lib/python3.12/site-packages/airflow/example_dags/example_xcomargs.py
[2024-08-15T00:09:48.040+0000] {processor.py:830} INFO - Processing file /home/airflow/.local/lib/python3.12/site-packages/airflow/example_dags/example_xcomargs.py for tasks to queue
[2024-08-15T00:09:48.041+0000] {logging_mixin.py:188} INFO - [2024-08-15T00:09:48.041+0000] {dagbag.py:540} INFO - Filling up the DagBag from /home/airflow/.local/lib/python3.12/site-packages/airflow/example_dags/example_xcomargs.py
[2024-08-15T00:09:48.046+0000] {processor.py:840} INFO - DAG(s) 'example_xcom_args', 'example_xcom_args_with_operators' retrieved from /home/airflow/.local/lib/python3.12/site-packages/airflow/example_dags/example_xcomargs.py
[2024-08-15T00:09:48.060+0000] {logging_mixin.py:188} INFO - [2024-08-15T00:09:48.060+0000] {dag.py:3096} INFO - Sync 2 DAGs
[2024-08-15T00:09:48.067+0000] {logging_mixin.py:188} INFO - [2024-08-15T00:09:48.067+0000] {dag.py:3954} INFO - Setting next_dagrun for example_xcom_args to None, run_after=None
[2024-08-15T00:09:48.070+0000] {logging_mixin.py:188} INFO - [2024-08-15T00:09:48.070+0000] {dag.py:3954} INFO - Setting next_dagrun for example_xcom_args_with_operators to None, run_after=None
[2024-08-15T00:09:48.078+0000] {processor.py:183} INFO - Processing /home/airflow/.local/lib/python3.12/site-packages/airflow/example_dags/example_xcomargs.py took 0.042 seconds
[2024-08-15T00:10:18.609+0000] {processor.py:161} INFO - Started process (PID=4915) to work on /home/airflow/.local/lib/python3.12/site-packages/airflow/example_dags/example_xcomargs.py
[2024-08-15T00:10:18.610+0000] {processor.py:830} INFO - Processing file /home/airflow/.local/lib/python3.12/site-packages/airflow/example_dags/example_xcomargs.py for tasks to queue
[2024-08-15T00:10:18.611+0000] {logging_mixin.py:188} INFO - [2024-08-15T00:10:18.611+0000] {dagbag.py:540} INFO - Filling up the DagBag from /home/airflow/.local/lib/python3.12/site-packages/airflow/example_dags/example_xcomargs.py
[2024-08-15T00:10:18.616+0000] {processor.py:840} INFO - DAG(s) 'example_xcom_args_with_operators', 'example_xcom_args' retrieved from /home/airflow/.local/lib/python3.12/site-packages/airflow/example_dags/example_xcomargs.py
[2024-08-15T00:10:18.629+0000] {logging_mixin.py:188} INFO - [2024-08-15T00:10:18.629+0000] {dag.py:3096} INFO - Sync 2 DAGs
[2024-08-15T00:10:18.637+0000] {logging_mixin.py:188} INFO - [2024-08-15T00:10:18.637+0000] {dag.py:3954} INFO - Setting next_dagrun for example_xcom_args to None, run_after=None
[2024-08-15T00:10:18.640+0000] {logging_mixin.py:188} INFO - [2024-08-15T00:10:18.640+0000] {dag.py:3954} INFO - Setting next_dagrun for example_xcom_args_with_operators to None, run_after=None
[2024-08-15T00:10:18.649+0000] {processor.py:183} INFO - Processing /home/airflow/.local/lib/python3.12/site-packages/airflow/example_dags/example_xcomargs.py took 0.043 seconds
[2024-08-15T00:10:49.239+0000] {processor.py:161} INFO - Started process (PID=4973) to work on /home/airflow/.local/lib/python3.12/site-packages/airflow/example_dags/example_xcomargs.py
[2024-08-15T00:10:49.239+0000] {processor.py:830} INFO - Processing file /home/airflow/.local/lib/python3.12/site-packages/airflow/example_dags/example_xcomargs.py for tasks to queue
[2024-08-15T00:10:49.240+0000] {logging_mixin.py:188} INFO - [2024-08-15T00:10:49.240+0000] {dagbag.py:540} INFO - Filling up the DagBag from /home/airflow/.local/lib/python3.12/site-packages/airflow/example_dags/example_xcomargs.py
[2024-08-15T00:10:49.245+0000] {processor.py:840} INFO - DAG(s) 'example_xcom_args_with_operators', 'example_xcom_args' retrieved from /home/airflow/.local/lib/python3.12/site-packages/airflow/example_dags/example_xcomargs.py
[2024-08-15T00:10:49.258+0000] {logging_mixin.py:188} INFO - [2024-08-15T00:10:49.258+0000] {dag.py:3096} INFO - Sync 2 DAGs
[2024-08-15T00:10:49.265+0000] {logging_mixin.py:188} INFO - [2024-08-15T00:10:49.264+0000] {dag.py:3954} INFO - Setting next_dagrun for example_xcom_args to None, run_after=None
[2024-08-15T00:10:49.267+0000] {logging_mixin.py:188} INFO - [2024-08-15T00:10:49.267+0000] {dag.py:3954} INFO - Setting next_dagrun for example_xcom_args_with_operators to None, run_after=None
[2024-08-15T00:10:49.275+0000] {processor.py:183} INFO - Processing /home/airflow/.local/lib/python3.12/site-packages/airflow/example_dags/example_xcomargs.py took 0.040 seconds
[2024-08-15T00:11:19.933+0000] {processor.py:161} INFO - Started process (PID=5031) to work on /home/airflow/.local/lib/python3.12/site-packages/airflow/example_dags/example_xcomargs.py
[2024-08-15T00:11:19.933+0000] {processor.py:830} INFO - Processing file /home/airflow/.local/lib/python3.12/site-packages/airflow/example_dags/example_xcomargs.py for tasks to queue
[2024-08-15T00:11:19.934+0000] {logging_mixin.py:188} INFO - [2024-08-15T00:11:19.934+0000] {dagbag.py:540} INFO - Filling up the DagBag from /home/airflow/.local/lib/python3.12/site-packages/airflow/example_dags/example_xcomargs.py
[2024-08-15T00:11:19.938+0000] {processor.py:840} INFO - DAG(s) 'example_xcom_args_with_operators', 'example_xcom_args' retrieved from /home/airflow/.local/lib/python3.12/site-packages/airflow/example_dags/example_xcomargs.py
[2024-08-15T00:11:19.951+0000] {logging_mixin.py:188} INFO - [2024-08-15T00:11:19.951+0000] {dag.py:3096} INFO - Sync 2 DAGs
[2024-08-15T00:11:19.958+0000] {logging_mixin.py:188} INFO - [2024-08-15T00:11:19.958+0000] {dag.py:3954} INFO - Setting next_dagrun for example_xcom_args to None, run_after=None
[2024-08-15T00:11:19.960+0000] {logging_mixin.py:188} INFO - [2024-08-15T00:11:19.960+0000] {dag.py:3954} INFO - Setting next_dagrun for example_xcom_args_with_operators to None, run_after=None
[2024-08-15T00:11:19.969+0000] {processor.py:183} INFO - Processing /home/airflow/.local/lib/python3.12/site-packages/airflow/example_dags/example_xcomargs.py took 0.040 seconds
