[2024-08-15T00:00:05.552+0000] {processor.py:161} INFO - Started process (PID=3748) to work on /home/airflow/.local/lib/python3.12/site-packages/airflow/example_dags/example_latest_only_with_trigger.py
[2024-08-15T00:00:05.553+0000] {processor.py:830} INFO - Processing file /home/airflow/.local/lib/python3.12/site-packages/airflow/example_dags/example_latest_only_with_trigger.py for tasks to queue
[2024-08-15T00:00:05.554+0000] {logging_mixin.py:188} INFO - [2024-08-15T00:00:05.554+0000] {dagbag.py:540} INFO - Filling up the DagBag from /home/airflow/.local/lib/python3.12/site-packages/airflow/example_dags/example_latest_only_with_trigger.py
[2024-08-15T00:00:05.557+0000] {processor.py:840} INFO - DAG(s) 'latest_only_with_trigger' retrieved from /home/airflow/.local/lib/python3.12/site-packages/airflow/example_dags/example_latest_only_with_trigger.py
[2024-08-15T00:00:05.568+0000] {logging_mixin.py:188} INFO - [2024-08-15T00:00:05.568+0000] {dag.py:3096} INFO - Sync 1 DAGs
[2024-08-15T00:00:05.580+0000] {logging_mixin.py:188} INFO - [2024-08-15T00:00:05.579+0000] {dag.py:3954} INFO - Setting next_dagrun for latest_only_with_trigger to 2024-08-14 20:00:00+00:00, run_after=2024-08-15 00:00:00+00:00
[2024-08-15T00:00:05.589+0000] {processor.py:183} INFO - Processing /home/airflow/.local/lib/python3.12/site-packages/airflow/example_dags/example_latest_only_with_trigger.py took 0.039 seconds
[2024-08-15T00:00:36.208+0000] {processor.py:161} INFO - Started process (PID=3806) to work on /home/airflow/.local/lib/python3.12/site-packages/airflow/example_dags/example_latest_only_with_trigger.py
[2024-08-15T00:00:36.209+0000] {processor.py:830} INFO - Processing file /home/airflow/.local/lib/python3.12/site-packages/airflow/example_dags/example_latest_only_with_trigger.py for tasks to queue
[2024-08-15T00:00:36.210+0000] {logging_mixin.py:188} INFO - [2024-08-15T00:00:36.209+0000] {dagbag.py:540} INFO - Filling up the DagBag from /home/airflow/.local/lib/python3.12/site-packages/airflow/example_dags/example_latest_only_with_trigger.py
[2024-08-15T00:00:36.213+0000] {processor.py:840} INFO - DAG(s) 'latest_only_with_trigger' retrieved from /home/airflow/.local/lib/python3.12/site-packages/airflow/example_dags/example_latest_only_with_trigger.py
[2024-08-15T00:00:36.225+0000] {logging_mixin.py:188} INFO - [2024-08-15T00:00:36.225+0000] {dag.py:3096} INFO - Sync 1 DAGs
[2024-08-15T00:00:36.238+0000] {logging_mixin.py:188} INFO - [2024-08-15T00:00:36.238+0000] {dag.py:3954} INFO - Setting next_dagrun for latest_only_with_trigger to 2024-08-14 20:00:00+00:00, run_after=2024-08-15 00:00:00+00:00
[2024-08-15T00:00:36.250+0000] {processor.py:183} INFO - Processing /home/airflow/.local/lib/python3.12/site-packages/airflow/example_dags/example_latest_only_with_trigger.py took 0.045 seconds
[2024-08-15T00:01:06.866+0000] {processor.py:161} INFO - Started process (PID=3864) to work on /home/airflow/.local/lib/python3.12/site-packages/airflow/example_dags/example_latest_only_with_trigger.py
[2024-08-15T00:01:06.866+0000] {processor.py:830} INFO - Processing file /home/airflow/.local/lib/python3.12/site-packages/airflow/example_dags/example_latest_only_with_trigger.py for tasks to queue
[2024-08-15T00:01:06.867+0000] {logging_mixin.py:188} INFO - [2024-08-15T00:01:06.867+0000] {dagbag.py:540} INFO - Filling up the DagBag from /home/airflow/.local/lib/python3.12/site-packages/airflow/example_dags/example_latest_only_with_trigger.py
[2024-08-15T00:01:06.870+0000] {processor.py:840} INFO - DAG(s) 'latest_only_with_trigger' retrieved from /home/airflow/.local/lib/python3.12/site-packages/airflow/example_dags/example_latest_only_with_trigger.py
[2024-08-15T00:01:06.882+0000] {logging_mixin.py:188} INFO - [2024-08-15T00:01:06.882+0000] {dag.py:3096} INFO - Sync 1 DAGs
[2024-08-15T00:01:06.895+0000] {logging_mixin.py:188} INFO - [2024-08-15T00:01:06.894+0000] {dag.py:3954} INFO - Setting next_dagrun for latest_only_with_trigger to 2024-08-14 20:00:00+00:00, run_after=2024-08-15 00:00:00+00:00
[2024-08-15T00:01:06.905+0000] {processor.py:183} INFO - Processing /home/airflow/.local/lib/python3.12/site-packages/airflow/example_dags/example_latest_only_with_trigger.py took 0.043 seconds
[2024-08-15T00:01:37.560+0000] {processor.py:161} INFO - Started process (PID=3922) to work on /home/airflow/.local/lib/python3.12/site-packages/airflow/example_dags/example_latest_only_with_trigger.py
[2024-08-15T00:01:37.561+0000] {processor.py:830} INFO - Processing file /home/airflow/.local/lib/python3.12/site-packages/airflow/example_dags/example_latest_only_with_trigger.py for tasks to queue
[2024-08-15T00:01:37.562+0000] {logging_mixin.py:188} INFO - [2024-08-15T00:01:37.562+0000] {dagbag.py:540} INFO - Filling up the DagBag from /home/airflow/.local/lib/python3.12/site-packages/airflow/example_dags/example_latest_only_with_trigger.py
[2024-08-15T00:01:37.565+0000] {processor.py:840} INFO - DAG(s) 'latest_only_with_trigger' retrieved from /home/airflow/.local/lib/python3.12/site-packages/airflow/example_dags/example_latest_only_with_trigger.py
[2024-08-15T00:01:37.578+0000] {logging_mixin.py:188} INFO - [2024-08-15T00:01:37.578+0000] {dag.py:3096} INFO - Sync 1 DAGs
[2024-08-15T00:01:37.591+0000] {logging_mixin.py:188} INFO - [2024-08-15T00:01:37.591+0000] {dag.py:3954} INFO - Setting next_dagrun for latest_only_with_trigger to 2024-08-14 20:00:00+00:00, run_after=2024-08-15 00:00:00+00:00
[2024-08-15T00:01:37.602+0000] {processor.py:183} INFO - Processing /home/airflow/.local/lib/python3.12/site-packages/airflow/example_dags/example_latest_only_with_trigger.py took 0.044 seconds
[2024-08-15T00:02:08.136+0000] {processor.py:161} INFO - Started process (PID=3980) to work on /home/airflow/.local/lib/python3.12/site-packages/airflow/example_dags/example_latest_only_with_trigger.py
[2024-08-15T00:02:08.137+0000] {processor.py:830} INFO - Processing file /home/airflow/.local/lib/python3.12/site-packages/airflow/example_dags/example_latest_only_with_trigger.py for tasks to queue
[2024-08-15T00:02:08.138+0000] {logging_mixin.py:188} INFO - [2024-08-15T00:02:08.138+0000] {dagbag.py:540} INFO - Filling up the DagBag from /home/airflow/.local/lib/python3.12/site-packages/airflow/example_dags/example_latest_only_with_trigger.py
[2024-08-15T00:02:08.142+0000] {processor.py:840} INFO - DAG(s) 'latest_only_with_trigger' retrieved from /home/airflow/.local/lib/python3.12/site-packages/airflow/example_dags/example_latest_only_with_trigger.py
[2024-08-15T00:02:08.153+0000] {logging_mixin.py:188} INFO - [2024-08-15T00:02:08.153+0000] {dag.py:3096} INFO - Sync 1 DAGs
[2024-08-15T00:02:08.165+0000] {logging_mixin.py:188} INFO - [2024-08-15T00:02:08.165+0000] {dag.py:3954} INFO - Setting next_dagrun for latest_only_with_trigger to 2024-08-14 20:00:00+00:00, run_after=2024-08-15 00:00:00+00:00
[2024-08-15T00:02:08.175+0000] {processor.py:183} INFO - Processing /home/airflow/.local/lib/python3.12/site-packages/airflow/example_dags/example_latest_only_with_trigger.py took 0.043 seconds
[2024-08-15T00:02:38.809+0000] {processor.py:161} INFO - Started process (PID=4038) to work on /home/airflow/.local/lib/python3.12/site-packages/airflow/example_dags/example_latest_only_with_trigger.py
[2024-08-15T00:02:38.810+0000] {processor.py:830} INFO - Processing file /home/airflow/.local/lib/python3.12/site-packages/airflow/example_dags/example_latest_only_with_trigger.py for tasks to queue
[2024-08-15T00:02:38.811+0000] {logging_mixin.py:188} INFO - [2024-08-15T00:02:38.811+0000] {dagbag.py:540} INFO - Filling up the DagBag from /home/airflow/.local/lib/python3.12/site-packages/airflow/example_dags/example_latest_only_with_trigger.py
[2024-08-15T00:02:38.814+0000] {processor.py:840} INFO - DAG(s) 'latest_only_with_trigger' retrieved from /home/airflow/.local/lib/python3.12/site-packages/airflow/example_dags/example_latest_only_with_trigger.py
[2024-08-15T00:02:38.826+0000] {logging_mixin.py:188} INFO - [2024-08-15T00:02:38.826+0000] {dag.py:3096} INFO - Sync 1 DAGs
[2024-08-15T00:02:38.839+0000] {logging_mixin.py:188} INFO - [2024-08-15T00:02:38.839+0000] {dag.py:3954} INFO - Setting next_dagrun for latest_only_with_trigger to 2024-08-14 20:00:00+00:00, run_after=2024-08-15 00:00:00+00:00
[2024-08-15T00:02:38.849+0000] {processor.py:183} INFO - Processing /home/airflow/.local/lib/python3.12/site-packages/airflow/example_dags/example_latest_only_with_trigger.py took 0.043 seconds
[2024-08-15T00:03:09.358+0000] {processor.py:161} INFO - Started process (PID=4096) to work on /home/airflow/.local/lib/python3.12/site-packages/airflow/example_dags/example_latest_only_with_trigger.py
[2024-08-15T00:03:09.359+0000] {processor.py:830} INFO - Processing file /home/airflow/.local/lib/python3.12/site-packages/airflow/example_dags/example_latest_only_with_trigger.py for tasks to queue
[2024-08-15T00:03:09.360+0000] {logging_mixin.py:188} INFO - [2024-08-15T00:03:09.359+0000] {dagbag.py:540} INFO - Filling up the DagBag from /home/airflow/.local/lib/python3.12/site-packages/airflow/example_dags/example_latest_only_with_trigger.py
[2024-08-15T00:03:09.363+0000] {processor.py:840} INFO - DAG(s) 'latest_only_with_trigger' retrieved from /home/airflow/.local/lib/python3.12/site-packages/airflow/example_dags/example_latest_only_with_trigger.py
[2024-08-15T00:03:09.374+0000] {logging_mixin.py:188} INFO - [2024-08-15T00:03:09.374+0000] {dag.py:3096} INFO - Sync 1 DAGs
[2024-08-15T00:03:09.386+0000] {logging_mixin.py:188} INFO - [2024-08-15T00:03:09.386+0000] {dag.py:3954} INFO - Setting next_dagrun for latest_only_with_trigger to 2024-08-14 20:00:00+00:00, run_after=2024-08-15 00:00:00+00:00
[2024-08-15T00:03:09.395+0000] {processor.py:183} INFO - Processing /home/airflow/.local/lib/python3.12/site-packages/airflow/example_dags/example_latest_only_with_trigger.py took 0.040 seconds
[2024-08-15T00:03:40.041+0000] {processor.py:161} INFO - Started process (PID=4154) to work on /home/airflow/.local/lib/python3.12/site-packages/airflow/example_dags/example_latest_only_with_trigger.py
[2024-08-15T00:03:40.041+0000] {processor.py:830} INFO - Processing file /home/airflow/.local/lib/python3.12/site-packages/airflow/example_dags/example_latest_only_with_trigger.py for tasks to queue
[2024-08-15T00:03:40.042+0000] {logging_mixin.py:188} INFO - [2024-08-15T00:03:40.042+0000] {dagbag.py:540} INFO - Filling up the DagBag from /home/airflow/.local/lib/python3.12/site-packages/airflow/example_dags/example_latest_only_with_trigger.py
[2024-08-15T00:03:40.045+0000] {processor.py:840} INFO - DAG(s) 'latest_only_with_trigger' retrieved from /home/airflow/.local/lib/python3.12/site-packages/airflow/example_dags/example_latest_only_with_trigger.py
[2024-08-15T00:03:40.056+0000] {logging_mixin.py:188} INFO - [2024-08-15T00:03:40.056+0000] {dag.py:3096} INFO - Sync 1 DAGs
[2024-08-15T00:03:40.067+0000] {logging_mixin.py:188} INFO - [2024-08-15T00:03:40.067+0000] {dag.py:3954} INFO - Setting next_dagrun for latest_only_with_trigger to 2024-08-14 20:00:00+00:00, run_after=2024-08-15 00:00:00+00:00
[2024-08-15T00:03:40.076+0000] {processor.py:183} INFO - Processing /home/airflow/.local/lib/python3.12/site-packages/airflow/example_dags/example_latest_only_with_trigger.py took 0.039 seconds
[2024-08-15T00:04:10.692+0000] {processor.py:161} INFO - Started process (PID=4212) to work on /home/airflow/.local/lib/python3.12/site-packages/airflow/example_dags/example_latest_only_with_trigger.py
[2024-08-15T00:04:10.693+0000] {processor.py:830} INFO - Processing file /home/airflow/.local/lib/python3.12/site-packages/airflow/example_dags/example_latest_only_with_trigger.py for tasks to queue
[2024-08-15T00:04:10.694+0000] {logging_mixin.py:188} INFO - [2024-08-15T00:04:10.694+0000] {dagbag.py:540} INFO - Filling up the DagBag from /home/airflow/.local/lib/python3.12/site-packages/airflow/example_dags/example_latest_only_with_trigger.py
[2024-08-15T00:04:10.697+0000] {processor.py:840} INFO - DAG(s) 'latest_only_with_trigger' retrieved from /home/airflow/.local/lib/python3.12/site-packages/airflow/example_dags/example_latest_only_with_trigger.py
[2024-08-15T00:04:10.708+0000] {logging_mixin.py:188} INFO - [2024-08-15T00:04:10.708+0000] {dag.py:3096} INFO - Sync 1 DAGs
[2024-08-15T00:04:10.721+0000] {logging_mixin.py:188} INFO - [2024-08-15T00:04:10.720+0000] {dag.py:3954} INFO - Setting next_dagrun for latest_only_with_trigger to 2024-08-14 20:00:00+00:00, run_after=2024-08-15 00:00:00+00:00
[2024-08-15T00:04:10.730+0000] {processor.py:183} INFO - Processing /home/airflow/.local/lib/python3.12/site-packages/airflow/example_dags/example_latest_only_with_trigger.py took 0.041 seconds
[2024-08-15T00:04:41.365+0000] {processor.py:161} INFO - Started process (PID=4270) to work on /home/airflow/.local/lib/python3.12/site-packages/airflow/example_dags/example_latest_only_with_trigger.py
[2024-08-15T00:04:41.365+0000] {processor.py:830} INFO - Processing file /home/airflow/.local/lib/python3.12/site-packages/airflow/example_dags/example_latest_only_with_trigger.py for tasks to queue
[2024-08-15T00:04:41.366+0000] {logging_mixin.py:188} INFO - [2024-08-15T00:04:41.366+0000] {dagbag.py:540} INFO - Filling up the DagBag from /home/airflow/.local/lib/python3.12/site-packages/airflow/example_dags/example_latest_only_with_trigger.py
[2024-08-15T00:04:41.369+0000] {processor.py:840} INFO - DAG(s) 'latest_only_with_trigger' retrieved from /home/airflow/.local/lib/python3.12/site-packages/airflow/example_dags/example_latest_only_with_trigger.py
[2024-08-15T00:04:41.382+0000] {logging_mixin.py:188} INFO - [2024-08-15T00:04:41.381+0000] {dag.py:3096} INFO - Sync 1 DAGs
[2024-08-15T00:04:41.394+0000] {logging_mixin.py:188} INFO - [2024-08-15T00:04:41.394+0000] {dag.py:3954} INFO - Setting next_dagrun for latest_only_with_trigger to 2024-08-14 20:00:00+00:00, run_after=2024-08-15 00:00:00+00:00
[2024-08-15T00:04:41.403+0000] {processor.py:183} INFO - Processing /home/airflow/.local/lib/python3.12/site-packages/airflow/example_dags/example_latest_only_with_trigger.py took 0.042 seconds
[2024-08-15T00:05:12.010+0000] {processor.py:161} INFO - Started process (PID=4328) to work on /home/airflow/.local/lib/python3.12/site-packages/airflow/example_dags/example_latest_only_with_trigger.py
[2024-08-15T00:05:12.010+0000] {processor.py:830} INFO - Processing file /home/airflow/.local/lib/python3.12/site-packages/airflow/example_dags/example_latest_only_with_trigger.py for tasks to queue
[2024-08-15T00:05:12.011+0000] {logging_mixin.py:188} INFO - [2024-08-15T00:05:12.011+0000] {dagbag.py:540} INFO - Filling up the DagBag from /home/airflow/.local/lib/python3.12/site-packages/airflow/example_dags/example_latest_only_with_trigger.py
[2024-08-15T00:05:12.014+0000] {processor.py:840} INFO - DAG(s) 'latest_only_with_trigger' retrieved from /home/airflow/.local/lib/python3.12/site-packages/airflow/example_dags/example_latest_only_with_trigger.py
[2024-08-15T00:05:12.026+0000] {logging_mixin.py:188} INFO - [2024-08-15T00:05:12.026+0000] {dag.py:3096} INFO - Sync 1 DAGs
[2024-08-15T00:05:12.038+0000] {logging_mixin.py:188} INFO - [2024-08-15T00:05:12.038+0000] {dag.py:3954} INFO - Setting next_dagrun for latest_only_with_trigger to 2024-08-14 20:00:00+00:00, run_after=2024-08-15 00:00:00+00:00
[2024-08-15T00:05:12.048+0000] {processor.py:183} INFO - Processing /home/airflow/.local/lib/python3.12/site-packages/airflow/example_dags/example_latest_only_with_trigger.py took 0.041 seconds
[2024-08-15T00:05:42.680+0000] {processor.py:161} INFO - Started process (PID=4386) to work on /home/airflow/.local/lib/python3.12/site-packages/airflow/example_dags/example_latest_only_with_trigger.py
[2024-08-15T00:05:42.680+0000] {processor.py:830} INFO - Processing file /home/airflow/.local/lib/python3.12/site-packages/airflow/example_dags/example_latest_only_with_trigger.py for tasks to queue
[2024-08-15T00:05:42.681+0000] {logging_mixin.py:188} INFO - [2024-08-15T00:05:42.681+0000] {dagbag.py:540} INFO - Filling up the DagBag from /home/airflow/.local/lib/python3.12/site-packages/airflow/example_dags/example_latest_only_with_trigger.py
[2024-08-15T00:05:42.684+0000] {processor.py:840} INFO - DAG(s) 'latest_only_with_trigger' retrieved from /home/airflow/.local/lib/python3.12/site-packages/airflow/example_dags/example_latest_only_with_trigger.py
[2024-08-15T00:05:42.695+0000] {logging_mixin.py:188} INFO - [2024-08-15T00:05:42.695+0000] {dag.py:3096} INFO - Sync 1 DAGs
[2024-08-15T00:05:42.707+0000] {logging_mixin.py:188} INFO - [2024-08-15T00:05:42.707+0000] {dag.py:3954} INFO - Setting next_dagrun for latest_only_with_trigger to 2024-08-14 20:00:00+00:00, run_after=2024-08-15 00:00:00+00:00
[2024-08-15T00:05:42.716+0000] {processor.py:183} INFO - Processing /home/airflow/.local/lib/python3.12/site-packages/airflow/example_dags/example_latest_only_with_trigger.py took 0.040 seconds
[2024-08-15T00:06:13.381+0000] {processor.py:161} INFO - Started process (PID=4444) to work on /home/airflow/.local/lib/python3.12/site-packages/airflow/example_dags/example_latest_only_with_trigger.py
[2024-08-15T00:06:13.381+0000] {processor.py:830} INFO - Processing file /home/airflow/.local/lib/python3.12/site-packages/airflow/example_dags/example_latest_only_with_trigger.py for tasks to queue
[2024-08-15T00:06:13.382+0000] {logging_mixin.py:188} INFO - [2024-08-15T00:06:13.382+0000] {dagbag.py:540} INFO - Filling up the DagBag from /home/airflow/.local/lib/python3.12/site-packages/airflow/example_dags/example_latest_only_with_trigger.py
[2024-08-15T00:06:13.385+0000] {processor.py:840} INFO - DAG(s) 'latest_only_with_trigger' retrieved from /home/airflow/.local/lib/python3.12/site-packages/airflow/example_dags/example_latest_only_with_trigger.py
[2024-08-15T00:06:13.396+0000] {logging_mixin.py:188} INFO - [2024-08-15T00:06:13.396+0000] {dag.py:3096} INFO - Sync 1 DAGs
[2024-08-15T00:06:13.408+0000] {logging_mixin.py:188} INFO - [2024-08-15T00:06:13.408+0000] {dag.py:3954} INFO - Setting next_dagrun for latest_only_with_trigger to 2024-08-14 20:00:00+00:00, run_after=2024-08-15 00:00:00+00:00
[2024-08-15T00:06:13.417+0000] {processor.py:183} INFO - Processing /home/airflow/.local/lib/python3.12/site-packages/airflow/example_dags/example_latest_only_with_trigger.py took 0.040 seconds
[2024-08-15T00:06:43.968+0000] {processor.py:161} INFO - Started process (PID=4502) to work on /home/airflow/.local/lib/python3.12/site-packages/airflow/example_dags/example_latest_only_with_trigger.py
[2024-08-15T00:06:43.969+0000] {processor.py:830} INFO - Processing file /home/airflow/.local/lib/python3.12/site-packages/airflow/example_dags/example_latest_only_with_trigger.py for tasks to queue
[2024-08-15T00:06:43.970+0000] {logging_mixin.py:188} INFO - [2024-08-15T00:06:43.970+0000] {dagbag.py:540} INFO - Filling up the DagBag from /home/airflow/.local/lib/python3.12/site-packages/airflow/example_dags/example_latest_only_with_trigger.py
[2024-08-15T00:06:43.973+0000] {processor.py:840} INFO - DAG(s) 'latest_only_with_trigger' retrieved from /home/airflow/.local/lib/python3.12/site-packages/airflow/example_dags/example_latest_only_with_trigger.py
[2024-08-15T00:06:43.985+0000] {logging_mixin.py:188} INFO - [2024-08-15T00:06:43.985+0000] {dag.py:3096} INFO - Sync 1 DAGs
[2024-08-15T00:06:43.998+0000] {logging_mixin.py:188} INFO - [2024-08-15T00:06:43.998+0000] {dag.py:3954} INFO - Setting next_dagrun for latest_only_with_trigger to 2024-08-14 20:00:00+00:00, run_after=2024-08-15 00:00:00+00:00
[2024-08-15T00:06:44.009+0000] {processor.py:183} INFO - Processing /home/airflow/.local/lib/python3.12/site-packages/airflow/example_dags/example_latest_only_with_trigger.py took 0.044 seconds
[2024-08-15T00:07:14.530+0000] {processor.py:161} INFO - Started process (PID=4560) to work on /home/airflow/.local/lib/python3.12/site-packages/airflow/example_dags/example_latest_only_with_trigger.py
[2024-08-15T00:07:14.531+0000] {processor.py:830} INFO - Processing file /home/airflow/.local/lib/python3.12/site-packages/airflow/example_dags/example_latest_only_with_trigger.py for tasks to queue
[2024-08-15T00:07:14.532+0000] {logging_mixin.py:188} INFO - [2024-08-15T00:07:14.532+0000] {dagbag.py:540} INFO - Filling up the DagBag from /home/airflow/.local/lib/python3.12/site-packages/airflow/example_dags/example_latest_only_with_trigger.py
[2024-08-15T00:07:14.535+0000] {processor.py:840} INFO - DAG(s) 'latest_only_with_trigger' retrieved from /home/airflow/.local/lib/python3.12/site-packages/airflow/example_dags/example_latest_only_with_trigger.py
[2024-08-15T00:07:14.546+0000] {logging_mixin.py:188} INFO - [2024-08-15T00:07:14.546+0000] {dag.py:3096} INFO - Sync 1 DAGs
[2024-08-15T00:07:14.557+0000] {logging_mixin.py:188} INFO - [2024-08-15T00:07:14.557+0000] {dag.py:3954} INFO - Setting next_dagrun for latest_only_with_trigger to 2024-08-14 20:00:00+00:00, run_after=2024-08-15 00:00:00+00:00
[2024-08-15T00:07:14.566+0000] {processor.py:183} INFO - Processing /home/airflow/.local/lib/python3.12/site-packages/airflow/example_dags/example_latest_only_with_trigger.py took 0.039 seconds
[2024-08-15T00:07:45.149+0000] {processor.py:161} INFO - Started process (PID=4618) to work on /home/airflow/.local/lib/python3.12/site-packages/airflow/example_dags/example_latest_only_with_trigger.py
[2024-08-15T00:07:45.149+0000] {processor.py:830} INFO - Processing file /home/airflow/.local/lib/python3.12/site-packages/airflow/example_dags/example_latest_only_with_trigger.py for tasks to queue
[2024-08-15T00:07:45.150+0000] {logging_mixin.py:188} INFO - [2024-08-15T00:07:45.150+0000] {dagbag.py:540} INFO - Filling up the DagBag from /home/airflow/.local/lib/python3.12/site-packages/airflow/example_dags/example_latest_only_with_trigger.py
[2024-08-15T00:07:45.153+0000] {processor.py:840} INFO - DAG(s) 'latest_only_with_trigger' retrieved from /home/airflow/.local/lib/python3.12/site-packages/airflow/example_dags/example_latest_only_with_trigger.py
[2024-08-15T00:07:45.164+0000] {logging_mixin.py:188} INFO - [2024-08-15T00:07:45.164+0000] {dag.py:3096} INFO - Sync 1 DAGs
[2024-08-15T00:07:45.175+0000] {logging_mixin.py:188} INFO - [2024-08-15T00:07:45.175+0000] {dag.py:3954} INFO - Setting next_dagrun for latest_only_with_trigger to 2024-08-14 20:00:00+00:00, run_after=2024-08-15 00:00:00+00:00
[2024-08-15T00:07:45.184+0000] {processor.py:183} INFO - Processing /home/airflow/.local/lib/python3.12/site-packages/airflow/example_dags/example_latest_only_with_trigger.py took 0.038 seconds
[2024-08-15T00:08:15.820+0000] {processor.py:161} INFO - Started process (PID=4676) to work on /home/airflow/.local/lib/python3.12/site-packages/airflow/example_dags/example_latest_only_with_trigger.py
[2024-08-15T00:08:15.820+0000] {processor.py:830} INFO - Processing file /home/airflow/.local/lib/python3.12/site-packages/airflow/example_dags/example_latest_only_with_trigger.py for tasks to queue
[2024-08-15T00:08:15.821+0000] {logging_mixin.py:188} INFO - [2024-08-15T00:08:15.821+0000] {dagbag.py:540} INFO - Filling up the DagBag from /home/airflow/.local/lib/python3.12/site-packages/airflow/example_dags/example_latest_only_with_trigger.py
[2024-08-15T00:08:15.824+0000] {processor.py:840} INFO - DAG(s) 'latest_only_with_trigger' retrieved from /home/airflow/.local/lib/python3.12/site-packages/airflow/example_dags/example_latest_only_with_trigger.py
[2024-08-15T00:08:15.835+0000] {logging_mixin.py:188} INFO - [2024-08-15T00:08:15.835+0000] {dag.py:3096} INFO - Sync 1 DAGs
[2024-08-15T00:08:15.847+0000] {logging_mixin.py:188} INFO - [2024-08-15T00:08:15.847+0000] {dag.py:3954} INFO - Setting next_dagrun for latest_only_with_trigger to 2024-08-14 20:00:00+00:00, run_after=2024-08-15 00:00:00+00:00
[2024-08-15T00:08:15.857+0000] {processor.py:183} INFO - Processing /home/airflow/.local/lib/python3.12/site-packages/airflow/example_dags/example_latest_only_with_trigger.py took 0.040 seconds
[2024-08-15T00:08:46.416+0000] {processor.py:161} INFO - Started process (PID=4734) to work on /home/airflow/.local/lib/python3.12/site-packages/airflow/example_dags/example_latest_only_with_trigger.py
[2024-08-15T00:08:46.416+0000] {processor.py:830} INFO - Processing file /home/airflow/.local/lib/python3.12/site-packages/airflow/example_dags/example_latest_only_with_trigger.py for tasks to queue
[2024-08-15T00:08:46.417+0000] {logging_mixin.py:188} INFO - [2024-08-15T00:08:46.417+0000] {dagbag.py:540} INFO - Filling up the DagBag from /home/airflow/.local/lib/python3.12/site-packages/airflow/example_dags/example_latest_only_with_trigger.py
[2024-08-15T00:08:46.420+0000] {processor.py:840} INFO - DAG(s) 'latest_only_with_trigger' retrieved from /home/airflow/.local/lib/python3.12/site-packages/airflow/example_dags/example_latest_only_with_trigger.py
[2024-08-15T00:08:46.432+0000] {logging_mixin.py:188} INFO - [2024-08-15T00:08:46.431+0000] {dag.py:3096} INFO - Sync 1 DAGs
[2024-08-15T00:08:46.444+0000] {logging_mixin.py:188} INFO - [2024-08-15T00:08:46.444+0000] {dag.py:3954} INFO - Setting next_dagrun for latest_only_with_trigger to 2024-08-14 20:00:00+00:00, run_after=2024-08-15 00:00:00+00:00
[2024-08-15T00:08:46.455+0000] {processor.py:183} INFO - Processing /home/airflow/.local/lib/python3.12/site-packages/airflow/example_dags/example_latest_only_with_trigger.py took 0.042 seconds
[2024-08-15T00:09:17.105+0000] {processor.py:161} INFO - Started process (PID=4792) to work on /home/airflow/.local/lib/python3.12/site-packages/airflow/example_dags/example_latest_only_with_trigger.py
[2024-08-15T00:09:17.106+0000] {processor.py:830} INFO - Processing file /home/airflow/.local/lib/python3.12/site-packages/airflow/example_dags/example_latest_only_with_trigger.py for tasks to queue
[2024-08-15T00:09:17.107+0000] {logging_mixin.py:188} INFO - [2024-08-15T00:09:17.106+0000] {dagbag.py:540} INFO - Filling up the DagBag from /home/airflow/.local/lib/python3.12/site-packages/airflow/example_dags/example_latest_only_with_trigger.py
[2024-08-15T00:09:17.110+0000] {processor.py:840} INFO - DAG(s) 'latest_only_with_trigger' retrieved from /home/airflow/.local/lib/python3.12/site-packages/airflow/example_dags/example_latest_only_with_trigger.py
[2024-08-15T00:09:17.121+0000] {logging_mixin.py:188} INFO - [2024-08-15T00:09:17.121+0000] {dag.py:3096} INFO - Sync 1 DAGs
[2024-08-15T00:09:17.133+0000] {logging_mixin.py:188} INFO - [2024-08-15T00:09:17.133+0000] {dag.py:3954} INFO - Setting next_dagrun for latest_only_with_trigger to 2024-08-14 20:00:00+00:00, run_after=2024-08-15 00:00:00+00:00
[2024-08-15T00:09:17.142+0000] {processor.py:183} INFO - Processing /home/airflow/.local/lib/python3.12/site-packages/airflow/example_dags/example_latest_only_with_trigger.py took 0.040 seconds
[2024-08-15T00:09:47.763+0000] {processor.py:161} INFO - Started process (PID=4850) to work on /home/airflow/.local/lib/python3.12/site-packages/airflow/example_dags/example_latest_only_with_trigger.py
[2024-08-15T00:09:47.764+0000] {processor.py:830} INFO - Processing file /home/airflow/.local/lib/python3.12/site-packages/airflow/example_dags/example_latest_only_with_trigger.py for tasks to queue
[2024-08-15T00:09:47.765+0000] {logging_mixin.py:188} INFO - [2024-08-15T00:09:47.764+0000] {dagbag.py:540} INFO - Filling up the DagBag from /home/airflow/.local/lib/python3.12/site-packages/airflow/example_dags/example_latest_only_with_trigger.py
[2024-08-15T00:09:47.767+0000] {processor.py:840} INFO - DAG(s) 'latest_only_with_trigger' retrieved from /home/airflow/.local/lib/python3.12/site-packages/airflow/example_dags/example_latest_only_with_trigger.py
[2024-08-15T00:09:47.779+0000] {logging_mixin.py:188} INFO - [2024-08-15T00:09:47.779+0000] {dag.py:3096} INFO - Sync 1 DAGs
[2024-08-15T00:09:47.790+0000] {logging_mixin.py:188} INFO - [2024-08-15T00:09:47.790+0000] {dag.py:3954} INFO - Setting next_dagrun for latest_only_with_trigger to 2024-08-14 20:00:00+00:00, run_after=2024-08-15 00:00:00+00:00
[2024-08-15T00:09:47.799+0000] {processor.py:183} INFO - Processing /home/airflow/.local/lib/python3.12/site-packages/airflow/example_dags/example_latest_only_with_trigger.py took 0.039 seconds
[2024-08-15T00:10:18.377+0000] {processor.py:161} INFO - Started process (PID=4908) to work on /home/airflow/.local/lib/python3.12/site-packages/airflow/example_dags/example_latest_only_with_trigger.py
[2024-08-15T00:10:18.377+0000] {processor.py:830} INFO - Processing file /home/airflow/.local/lib/python3.12/site-packages/airflow/example_dags/example_latest_only_with_trigger.py for tasks to queue
[2024-08-15T00:10:18.378+0000] {logging_mixin.py:188} INFO - [2024-08-15T00:10:18.378+0000] {dagbag.py:540} INFO - Filling up the DagBag from /home/airflow/.local/lib/python3.12/site-packages/airflow/example_dags/example_latest_only_with_trigger.py
[2024-08-15T00:10:18.381+0000] {processor.py:840} INFO - DAG(s) 'latest_only_with_trigger' retrieved from /home/airflow/.local/lib/python3.12/site-packages/airflow/example_dags/example_latest_only_with_trigger.py
[2024-08-15T00:10:18.392+0000] {logging_mixin.py:188} INFO - [2024-08-15T00:10:18.392+0000] {dag.py:3096} INFO - Sync 1 DAGs
[2024-08-15T00:10:18.404+0000] {logging_mixin.py:188} INFO - [2024-08-15T00:10:18.404+0000] {dag.py:3954} INFO - Setting next_dagrun for latest_only_with_trigger to 2024-08-14 20:00:00+00:00, run_after=2024-08-15 00:00:00+00:00
[2024-08-15T00:10:18.413+0000] {processor.py:183} INFO - Processing /home/airflow/.local/lib/python3.12/site-packages/airflow/example_dags/example_latest_only_with_trigger.py took 0.040 seconds
[2024-08-15T00:10:49.016+0000] {processor.py:161} INFO - Started process (PID=4966) to work on /home/airflow/.local/lib/python3.12/site-packages/airflow/example_dags/example_latest_only_with_trigger.py
[2024-08-15T00:10:49.017+0000] {processor.py:830} INFO - Processing file /home/airflow/.local/lib/python3.12/site-packages/airflow/example_dags/example_latest_only_with_trigger.py for tasks to queue
[2024-08-15T00:10:49.018+0000] {logging_mixin.py:188} INFO - [2024-08-15T00:10:49.017+0000] {dagbag.py:540} INFO - Filling up the DagBag from /home/airflow/.local/lib/python3.12/site-packages/airflow/example_dags/example_latest_only_with_trigger.py
[2024-08-15T00:10:49.020+0000] {processor.py:840} INFO - DAG(s) 'latest_only_with_trigger' retrieved from /home/airflow/.local/lib/python3.12/site-packages/airflow/example_dags/example_latest_only_with_trigger.py
[2024-08-15T00:10:49.031+0000] {logging_mixin.py:188} INFO - [2024-08-15T00:10:49.031+0000] {dag.py:3096} INFO - Sync 1 DAGs
[2024-08-15T00:10:49.043+0000] {logging_mixin.py:188} INFO - [2024-08-15T00:10:49.043+0000] {dag.py:3954} INFO - Setting next_dagrun for latest_only_with_trigger to 2024-08-14 20:00:00+00:00, run_after=2024-08-15 00:00:00+00:00
[2024-08-15T00:10:49.052+0000] {processor.py:183} INFO - Processing /home/airflow/.local/lib/python3.12/site-packages/airflow/example_dags/example_latest_only_with_trigger.py took 0.038 seconds
[2024-08-15T00:11:19.662+0000] {processor.py:161} INFO - Started process (PID=5024) to work on /home/airflow/.local/lib/python3.12/site-packages/airflow/example_dags/example_latest_only_with_trigger.py
[2024-08-15T00:11:19.662+0000] {processor.py:830} INFO - Processing file /home/airflow/.local/lib/python3.12/site-packages/airflow/example_dags/example_latest_only_with_trigger.py for tasks to queue
[2024-08-15T00:11:19.663+0000] {logging_mixin.py:188} INFO - [2024-08-15T00:11:19.663+0000] {dagbag.py:540} INFO - Filling up the DagBag from /home/airflow/.local/lib/python3.12/site-packages/airflow/example_dags/example_latest_only_with_trigger.py
[2024-08-15T00:11:19.666+0000] {processor.py:840} INFO - DAG(s) 'latest_only_with_trigger' retrieved from /home/airflow/.local/lib/python3.12/site-packages/airflow/example_dags/example_latest_only_with_trigger.py
[2024-08-15T00:11:19.679+0000] {logging_mixin.py:188} INFO - [2024-08-15T00:11:19.678+0000] {dag.py:3096} INFO - Sync 1 DAGs
[2024-08-15T00:11:19.690+0000] {logging_mixin.py:188} INFO - [2024-08-15T00:11:19.690+0000] {dag.py:3954} INFO - Setting next_dagrun for latest_only_with_trigger to 2024-08-14 20:00:00+00:00, run_after=2024-08-15 00:00:00+00:00
[2024-08-15T00:11:19.700+0000] {processor.py:183} INFO - Processing /home/airflow/.local/lib/python3.12/site-packages/airflow/example_dags/example_latest_only_with_trigger.py took 0.041 seconds
