[2024-08-15T00:00:05.328+0000] {processor.py:161} INFO - Started process (PID=3741) to work on /home/airflow/.local/lib/python3.12/site-packages/airflow/example_dags/example_branch_python_dop_operator_3.py
[2024-08-15T00:00:05.328+0000] {processor.py:830} INFO - Processing file /home/airflow/.local/lib/python3.12/site-packages/airflow/example_dags/example_branch_python_dop_operator_3.py for tasks to queue
[2024-08-15T00:00:05.329+0000] {logging_mixin.py:188} INFO - [2024-08-15T00:00:05.329+0000] {dagbag.py:540} INFO - Filling up the DagBag from /home/airflow/.local/lib/python3.12/site-packages/airflow/example_dags/example_branch_python_dop_operator_3.py
[2024-08-15T00:00:05.334+0000] {processor.py:840} INFO - DAG(s) 'example_branch_dop_operator_v3' retrieved from /home/airflow/.local/lib/python3.12/site-packages/airflow/example_dags/example_branch_python_dop_operator_3.py
[2024-08-15T00:00:05.344+0000] {logging_mixin.py:188} INFO - [2024-08-15T00:00:05.344+0000] {dag.py:3096} INFO - Sync 1 DAGs
[2024-08-15T00:00:05.358+0000] {logging_mixin.py:188} INFO - [2024-08-15T00:00:05.358+0000] {dag.py:3954} INFO - Setting next_dagrun for example_branch_dop_operator_v3 to 2024-08-14 23:59:00+00:00, run_after=2024-08-15 00:00:00+00:00
[2024-08-15T00:00:05.368+0000] {processor.py:183} INFO - Processing /home/airflow/.local/lib/python3.12/site-packages/airflow/example_dags/example_branch_python_dop_operator_3.py took 0.044 seconds
[2024-08-15T00:00:36.004+0000] {processor.py:161} INFO - Started process (PID=3799) to work on /home/airflow/.local/lib/python3.12/site-packages/airflow/example_dags/example_branch_python_dop_operator_3.py
[2024-08-15T00:00:36.004+0000] {processor.py:830} INFO - Processing file /home/airflow/.local/lib/python3.12/site-packages/airflow/example_dags/example_branch_python_dop_operator_3.py for tasks to queue
[2024-08-15T00:00:36.005+0000] {logging_mixin.py:188} INFO - [2024-08-15T00:00:36.005+0000] {dagbag.py:540} INFO - Filling up the DagBag from /home/airflow/.local/lib/python3.12/site-packages/airflow/example_dags/example_branch_python_dop_operator_3.py
[2024-08-15T00:00:36.010+0000] {processor.py:840} INFO - DAG(s) 'example_branch_dop_operator_v3' retrieved from /home/airflow/.local/lib/python3.12/site-packages/airflow/example_dags/example_branch_python_dop_operator_3.py
[2024-08-15T00:00:36.021+0000] {logging_mixin.py:188} INFO - [2024-08-15T00:00:36.021+0000] {dag.py:3096} INFO - Sync 1 DAGs
[2024-08-15T00:00:36.036+0000] {logging_mixin.py:188} INFO - [2024-08-15T00:00:36.035+0000] {dag.py:3954} INFO - Setting next_dagrun for example_branch_dop_operator_v3 to 2024-08-14 23:59:00+00:00, run_after=2024-08-15 00:00:00+00:00
[2024-08-15T00:00:36.046+0000] {processor.py:183} INFO - Processing /home/airflow/.local/lib/python3.12/site-packages/airflow/example_dags/example_branch_python_dop_operator_3.py took 0.045 seconds
[2024-08-15T00:01:06.631+0000] {processor.py:161} INFO - Started process (PID=3857) to work on /home/airflow/.local/lib/python3.12/site-packages/airflow/example_dags/example_branch_python_dop_operator_3.py
[2024-08-15T00:01:06.632+0000] {processor.py:830} INFO - Processing file /home/airflow/.local/lib/python3.12/site-packages/airflow/example_dags/example_branch_python_dop_operator_3.py for tasks to queue
[2024-08-15T00:01:06.633+0000] {logging_mixin.py:188} INFO - [2024-08-15T00:01:06.633+0000] {dagbag.py:540} INFO - Filling up the DagBag from /home/airflow/.local/lib/python3.12/site-packages/airflow/example_dags/example_branch_python_dop_operator_3.py
[2024-08-15T00:01:06.637+0000] {processor.py:840} INFO - DAG(s) 'example_branch_dop_operator_v3' retrieved from /home/airflow/.local/lib/python3.12/site-packages/airflow/example_dags/example_branch_python_dop_operator_3.py
[2024-08-15T00:01:06.648+0000] {logging_mixin.py:188} INFO - [2024-08-15T00:01:06.648+0000] {dag.py:3096} INFO - Sync 1 DAGs
[2024-08-15T00:01:06.661+0000] {logging_mixin.py:188} INFO - [2024-08-15T00:01:06.661+0000] {dag.py:3954} INFO - Setting next_dagrun for example_branch_dop_operator_v3 to 2024-08-15 00:00:00+00:00, run_after=2024-08-15 00:01:00+00:00
[2024-08-15T00:01:06.671+0000] {processor.py:183} INFO - Processing /home/airflow/.local/lib/python3.12/site-packages/airflow/example_dags/example_branch_python_dop_operator_3.py took 0.043 seconds
[2024-08-15T00:01:37.310+0000] {processor.py:161} INFO - Started process (PID=3915) to work on /home/airflow/.local/lib/python3.12/site-packages/airflow/example_dags/example_branch_python_dop_operator_3.py
[2024-08-15T00:01:37.310+0000] {processor.py:830} INFO - Processing file /home/airflow/.local/lib/python3.12/site-packages/airflow/example_dags/example_branch_python_dop_operator_3.py for tasks to queue
[2024-08-15T00:01:37.311+0000] {logging_mixin.py:188} INFO - [2024-08-15T00:01:37.311+0000] {dagbag.py:540} INFO - Filling up the DagBag from /home/airflow/.local/lib/python3.12/site-packages/airflow/example_dags/example_branch_python_dop_operator_3.py
[2024-08-15T00:01:37.316+0000] {processor.py:840} INFO - DAG(s) 'example_branch_dop_operator_v3' retrieved from /home/airflow/.local/lib/python3.12/site-packages/airflow/example_dags/example_branch_python_dop_operator_3.py
[2024-08-15T00:01:37.326+0000] {logging_mixin.py:188} INFO - [2024-08-15T00:01:37.326+0000] {dag.py:3096} INFO - Sync 1 DAGs
[2024-08-15T00:01:37.339+0000] {logging_mixin.py:188} INFO - [2024-08-15T00:01:37.339+0000] {dag.py:3954} INFO - Setting next_dagrun for example_branch_dop_operator_v3 to 2024-08-15 00:00:00+00:00, run_after=2024-08-15 00:01:00+00:00
[2024-08-15T00:01:37.348+0000] {processor.py:183} INFO - Processing /home/airflow/.local/lib/python3.12/site-packages/airflow/example_dags/example_branch_python_dop_operator_3.py took 0.042 seconds
[2024-08-15T00:02:07.941+0000] {processor.py:161} INFO - Started process (PID=3973) to work on /home/airflow/.local/lib/python3.12/site-packages/airflow/example_dags/example_branch_python_dop_operator_3.py
[2024-08-15T00:02:07.941+0000] {processor.py:830} INFO - Processing file /home/airflow/.local/lib/python3.12/site-packages/airflow/example_dags/example_branch_python_dop_operator_3.py for tasks to queue
[2024-08-15T00:02:07.942+0000] {logging_mixin.py:188} INFO - [2024-08-15T00:02:07.942+0000] {dagbag.py:540} INFO - Filling up the DagBag from /home/airflow/.local/lib/python3.12/site-packages/airflow/example_dags/example_branch_python_dop_operator_3.py
[2024-08-15T00:02:07.947+0000] {processor.py:840} INFO - DAG(s) 'example_branch_dop_operator_v3' retrieved from /home/airflow/.local/lib/python3.12/site-packages/airflow/example_dags/example_branch_python_dop_operator_3.py
[2024-08-15T00:02:07.958+0000] {logging_mixin.py:188} INFO - [2024-08-15T00:02:07.957+0000] {dag.py:3096} INFO - Sync 1 DAGs
[2024-08-15T00:02:07.971+0000] {logging_mixin.py:188} INFO - [2024-08-15T00:02:07.971+0000] {dag.py:3954} INFO - Setting next_dagrun for example_branch_dop_operator_v3 to 2024-08-15 00:01:00+00:00, run_after=2024-08-15 00:02:00+00:00
[2024-08-15T00:02:07.981+0000] {processor.py:183} INFO - Processing /home/airflow/.local/lib/python3.12/site-packages/airflow/example_dags/example_branch_python_dop_operator_3.py took 0.043 seconds
[2024-08-15T00:02:38.574+0000] {processor.py:161} INFO - Started process (PID=4031) to work on /home/airflow/.local/lib/python3.12/site-packages/airflow/example_dags/example_branch_python_dop_operator_3.py
[2024-08-15T00:02:38.574+0000] {processor.py:830} INFO - Processing file /home/airflow/.local/lib/python3.12/site-packages/airflow/example_dags/example_branch_python_dop_operator_3.py for tasks to queue
[2024-08-15T00:02:38.575+0000] {logging_mixin.py:188} INFO - [2024-08-15T00:02:38.575+0000] {dagbag.py:540} INFO - Filling up the DagBag from /home/airflow/.local/lib/python3.12/site-packages/airflow/example_dags/example_branch_python_dop_operator_3.py
[2024-08-15T00:02:38.580+0000] {processor.py:840} INFO - DAG(s) 'example_branch_dop_operator_v3' retrieved from /home/airflow/.local/lib/python3.12/site-packages/airflow/example_dags/example_branch_python_dop_operator_3.py
[2024-08-15T00:02:38.590+0000] {logging_mixin.py:188} INFO - [2024-08-15T00:02:38.590+0000] {dag.py:3096} INFO - Sync 1 DAGs
[2024-08-15T00:02:38.605+0000] {logging_mixin.py:188} INFO - [2024-08-15T00:02:38.604+0000] {dag.py:3954} INFO - Setting next_dagrun for example_branch_dop_operator_v3 to 2024-08-15 00:01:00+00:00, run_after=2024-08-15 00:02:00+00:00
[2024-08-15T00:02:38.614+0000] {processor.py:183} INFO - Processing /home/airflow/.local/lib/python3.12/site-packages/airflow/example_dags/example_branch_python_dop_operator_3.py took 0.044 seconds
[2024-08-15T00:03:09.160+0000] {processor.py:161} INFO - Started process (PID=4089) to work on /home/airflow/.local/lib/python3.12/site-packages/airflow/example_dags/example_branch_python_dop_operator_3.py
[2024-08-15T00:03:09.161+0000] {processor.py:830} INFO - Processing file /home/airflow/.local/lib/python3.12/site-packages/airflow/example_dags/example_branch_python_dop_operator_3.py for tasks to queue
[2024-08-15T00:03:09.162+0000] {logging_mixin.py:188} INFO - [2024-08-15T00:03:09.162+0000] {dagbag.py:540} INFO - Filling up the DagBag from /home/airflow/.local/lib/python3.12/site-packages/airflow/example_dags/example_branch_python_dop_operator_3.py
[2024-08-15T00:03:09.166+0000] {processor.py:840} INFO - DAG(s) 'example_branch_dop_operator_v3' retrieved from /home/airflow/.local/lib/python3.12/site-packages/airflow/example_dags/example_branch_python_dop_operator_3.py
[2024-08-15T00:03:09.177+0000] {logging_mixin.py:188} INFO - [2024-08-15T00:03:09.177+0000] {dag.py:3096} INFO - Sync 1 DAGs
[2024-08-15T00:03:09.190+0000] {logging_mixin.py:188} INFO - [2024-08-15T00:03:09.190+0000] {dag.py:3954} INFO - Setting next_dagrun for example_branch_dop_operator_v3 to 2024-08-15 00:02:00+00:00, run_after=2024-08-15 00:03:00+00:00
[2024-08-15T00:03:09.201+0000] {processor.py:183} INFO - Processing /home/airflow/.local/lib/python3.12/site-packages/airflow/example_dags/example_branch_python_dop_operator_3.py took 0.043 seconds
[2024-08-15T00:03:39.821+0000] {processor.py:161} INFO - Started process (PID=4147) to work on /home/airflow/.local/lib/python3.12/site-packages/airflow/example_dags/example_branch_python_dop_operator_3.py
[2024-08-15T00:03:39.822+0000] {processor.py:830} INFO - Processing file /home/airflow/.local/lib/python3.12/site-packages/airflow/example_dags/example_branch_python_dop_operator_3.py for tasks to queue
[2024-08-15T00:03:39.823+0000] {logging_mixin.py:188} INFO - [2024-08-15T00:03:39.822+0000] {dagbag.py:540} INFO - Filling up the DagBag from /home/airflow/.local/lib/python3.12/site-packages/airflow/example_dags/example_branch_python_dop_operator_3.py
[2024-08-15T00:03:39.827+0000] {processor.py:840} INFO - DAG(s) 'example_branch_dop_operator_v3' retrieved from /home/airflow/.local/lib/python3.12/site-packages/airflow/example_dags/example_branch_python_dop_operator_3.py
[2024-08-15T00:03:39.837+0000] {logging_mixin.py:188} INFO - [2024-08-15T00:03:39.837+0000] {dag.py:3096} INFO - Sync 1 DAGs
[2024-08-15T00:03:39.850+0000] {logging_mixin.py:188} INFO - [2024-08-15T00:03:39.850+0000] {dag.py:3954} INFO - Setting next_dagrun for example_branch_dop_operator_v3 to 2024-08-15 00:02:00+00:00, run_after=2024-08-15 00:03:00+00:00
[2024-08-15T00:03:39.859+0000] {processor.py:183} INFO - Processing /home/airflow/.local/lib/python3.12/site-packages/airflow/example_dags/example_branch_python_dop_operator_3.py took 0.041 seconds
[2024-08-15T00:04:10.498+0000] {processor.py:161} INFO - Started process (PID=4205) to work on /home/airflow/.local/lib/python3.12/site-packages/airflow/example_dags/example_branch_python_dop_operator_3.py
[2024-08-15T00:04:10.499+0000] {processor.py:830} INFO - Processing file /home/airflow/.local/lib/python3.12/site-packages/airflow/example_dags/example_branch_python_dop_operator_3.py for tasks to queue
[2024-08-15T00:04:10.500+0000] {logging_mixin.py:188} INFO - [2024-08-15T00:04:10.500+0000] {dagbag.py:540} INFO - Filling up the DagBag from /home/airflow/.local/lib/python3.12/site-packages/airflow/example_dags/example_branch_python_dop_operator_3.py
[2024-08-15T00:04:10.504+0000] {processor.py:840} INFO - DAG(s) 'example_branch_dop_operator_v3' retrieved from /home/airflow/.local/lib/python3.12/site-packages/airflow/example_dags/example_branch_python_dop_operator_3.py
[2024-08-15T00:04:10.515+0000] {logging_mixin.py:188} INFO - [2024-08-15T00:04:10.515+0000] {dag.py:3096} INFO - Sync 1 DAGs
[2024-08-15T00:04:10.528+0000] {logging_mixin.py:188} INFO - [2024-08-15T00:04:10.528+0000] {dag.py:3954} INFO - Setting next_dagrun for example_branch_dop_operator_v3 to 2024-08-15 00:03:00+00:00, run_after=2024-08-15 00:04:00+00:00
[2024-08-15T00:04:10.538+0000] {processor.py:183} INFO - Processing /home/airflow/.local/lib/python3.12/site-packages/airflow/example_dags/example_branch_python_dop_operator_3.py took 0.042 seconds
[2024-08-15T00:04:41.153+0000] {processor.py:161} INFO - Started process (PID=4263) to work on /home/airflow/.local/lib/python3.12/site-packages/airflow/example_dags/example_branch_python_dop_operator_3.py
[2024-08-15T00:04:41.154+0000] {processor.py:830} INFO - Processing file /home/airflow/.local/lib/python3.12/site-packages/airflow/example_dags/example_branch_python_dop_operator_3.py for tasks to queue
[2024-08-15T00:04:41.155+0000] {logging_mixin.py:188} INFO - [2024-08-15T00:04:41.155+0000] {dagbag.py:540} INFO - Filling up the DagBag from /home/airflow/.local/lib/python3.12/site-packages/airflow/example_dags/example_branch_python_dop_operator_3.py
[2024-08-15T00:04:41.160+0000] {processor.py:840} INFO - DAG(s) 'example_branch_dop_operator_v3' retrieved from /home/airflow/.local/lib/python3.12/site-packages/airflow/example_dags/example_branch_python_dop_operator_3.py
[2024-08-15T00:04:41.171+0000] {logging_mixin.py:188} INFO - [2024-08-15T00:04:41.171+0000] {dag.py:3096} INFO - Sync 1 DAGs
[2024-08-15T00:04:41.186+0000] {logging_mixin.py:188} INFO - [2024-08-15T00:04:41.186+0000] {dag.py:3954} INFO - Setting next_dagrun for example_branch_dop_operator_v3 to 2024-08-15 00:03:00+00:00, run_after=2024-08-15 00:04:00+00:00
[2024-08-15T00:04:41.198+0000] {processor.py:183} INFO - Processing /home/airflow/.local/lib/python3.12/site-packages/airflow/example_dags/example_branch_python_dop_operator_3.py took 0.048 seconds
[2024-08-15T00:05:11.823+0000] {processor.py:161} INFO - Started process (PID=4321) to work on /home/airflow/.local/lib/python3.12/site-packages/airflow/example_dags/example_branch_python_dop_operator_3.py
[2024-08-15T00:05:11.824+0000] {processor.py:830} INFO - Processing file /home/airflow/.local/lib/python3.12/site-packages/airflow/example_dags/example_branch_python_dop_operator_3.py for tasks to queue
[2024-08-15T00:05:11.825+0000] {logging_mixin.py:188} INFO - [2024-08-15T00:05:11.825+0000] {dagbag.py:540} INFO - Filling up the DagBag from /home/airflow/.local/lib/python3.12/site-packages/airflow/example_dags/example_branch_python_dop_operator_3.py
[2024-08-15T00:05:11.830+0000] {processor.py:840} INFO - DAG(s) 'example_branch_dop_operator_v3' retrieved from /home/airflow/.local/lib/python3.12/site-packages/airflow/example_dags/example_branch_python_dop_operator_3.py
[2024-08-15T00:05:11.840+0000] {logging_mixin.py:188} INFO - [2024-08-15T00:05:11.840+0000] {dag.py:3096} INFO - Sync 1 DAGs
[2024-08-15T00:05:11.854+0000] {logging_mixin.py:188} INFO - [2024-08-15T00:05:11.854+0000] {dag.py:3954} INFO - Setting next_dagrun for example_branch_dop_operator_v3 to 2024-08-15 00:04:00+00:00, run_after=2024-08-15 00:05:00+00:00
[2024-08-15T00:05:11.863+0000] {processor.py:183} INFO - Processing /home/airflow/.local/lib/python3.12/site-packages/airflow/example_dags/example_branch_python_dop_operator_3.py took 0.043 seconds
[2024-08-15T00:05:42.477+0000] {processor.py:161} INFO - Started process (PID=4379) to work on /home/airflow/.local/lib/python3.12/site-packages/airflow/example_dags/example_branch_python_dop_operator_3.py
[2024-08-15T00:05:42.478+0000] {processor.py:830} INFO - Processing file /home/airflow/.local/lib/python3.12/site-packages/airflow/example_dags/example_branch_python_dop_operator_3.py for tasks to queue
[2024-08-15T00:05:42.479+0000] {logging_mixin.py:188} INFO - [2024-08-15T00:05:42.479+0000] {dagbag.py:540} INFO - Filling up the DagBag from /home/airflow/.local/lib/python3.12/site-packages/airflow/example_dags/example_branch_python_dop_operator_3.py
[2024-08-15T00:05:42.484+0000] {processor.py:840} INFO - DAG(s) 'example_branch_dop_operator_v3' retrieved from /home/airflow/.local/lib/python3.12/site-packages/airflow/example_dags/example_branch_python_dop_operator_3.py
[2024-08-15T00:05:42.496+0000] {logging_mixin.py:188} INFO - [2024-08-15T00:05:42.496+0000] {dag.py:3096} INFO - Sync 1 DAGs
[2024-08-15T00:05:42.512+0000] {logging_mixin.py:188} INFO - [2024-08-15T00:05:42.512+0000] {dag.py:3954} INFO - Setting next_dagrun for example_branch_dop_operator_v3 to 2024-08-15 00:04:00+00:00, run_after=2024-08-15 00:05:00+00:00
[2024-08-15T00:05:42.522+0000] {processor.py:183} INFO - Processing /home/airflow/.local/lib/python3.12/site-packages/airflow/example_dags/example_branch_python_dop_operator_3.py took 0.048 seconds
[2024-08-15T00:06:13.152+0000] {processor.py:161} INFO - Started process (PID=4437) to work on /home/airflow/.local/lib/python3.12/site-packages/airflow/example_dags/example_branch_python_dop_operator_3.py
[2024-08-15T00:06:13.152+0000] {processor.py:830} INFO - Processing file /home/airflow/.local/lib/python3.12/site-packages/airflow/example_dags/example_branch_python_dop_operator_3.py for tasks to queue
[2024-08-15T00:06:13.153+0000] {logging_mixin.py:188} INFO - [2024-08-15T00:06:13.153+0000] {dagbag.py:540} INFO - Filling up the DagBag from /home/airflow/.local/lib/python3.12/site-packages/airflow/example_dags/example_branch_python_dop_operator_3.py
[2024-08-15T00:06:13.158+0000] {processor.py:840} INFO - DAG(s) 'example_branch_dop_operator_v3' retrieved from /home/airflow/.local/lib/python3.12/site-packages/airflow/example_dags/example_branch_python_dop_operator_3.py
[2024-08-15T00:06:13.169+0000] {logging_mixin.py:188} INFO - [2024-08-15T00:06:13.169+0000] {dag.py:3096} INFO - Sync 1 DAGs
[2024-08-15T00:06:13.183+0000] {logging_mixin.py:188} INFO - [2024-08-15T00:06:13.183+0000] {dag.py:3954} INFO - Setting next_dagrun for example_branch_dop_operator_v3 to 2024-08-15 00:05:00+00:00, run_after=2024-08-15 00:06:00+00:00
[2024-08-15T00:06:13.194+0000] {processor.py:183} INFO - Processing /home/airflow/.local/lib/python3.12/site-packages/airflow/example_dags/example_branch_python_dop_operator_3.py took 0.045 seconds
[2024-08-15T00:06:43.748+0000] {processor.py:161} INFO - Started process (PID=4495) to work on /home/airflow/.local/lib/python3.12/site-packages/airflow/example_dags/example_branch_python_dop_operator_3.py
[2024-08-15T00:06:43.749+0000] {processor.py:830} INFO - Processing file /home/airflow/.local/lib/python3.12/site-packages/airflow/example_dags/example_branch_python_dop_operator_3.py for tasks to queue
[2024-08-15T00:06:43.750+0000] {logging_mixin.py:188} INFO - [2024-08-15T00:06:43.749+0000] {dagbag.py:540} INFO - Filling up the DagBag from /home/airflow/.local/lib/python3.12/site-packages/airflow/example_dags/example_branch_python_dop_operator_3.py
[2024-08-15T00:06:43.754+0000] {processor.py:840} INFO - DAG(s) 'example_branch_dop_operator_v3' retrieved from /home/airflow/.local/lib/python3.12/site-packages/airflow/example_dags/example_branch_python_dop_operator_3.py
[2024-08-15T00:06:43.765+0000] {logging_mixin.py:188} INFO - [2024-08-15T00:06:43.765+0000] {dag.py:3096} INFO - Sync 1 DAGs
[2024-08-15T00:06:43.778+0000] {logging_mixin.py:188} INFO - [2024-08-15T00:06:43.778+0000] {dag.py:3954} INFO - Setting next_dagrun for example_branch_dop_operator_v3 to 2024-08-15 00:05:00+00:00, run_after=2024-08-15 00:06:00+00:00
[2024-08-15T00:06:43.789+0000] {processor.py:183} INFO - Processing /home/airflow/.local/lib/python3.12/site-packages/airflow/example_dags/example_branch_python_dop_operator_3.py took 0.044 seconds
[2024-08-15T00:07:14.315+0000] {processor.py:161} INFO - Started process (PID=4553) to work on /home/airflow/.local/lib/python3.12/site-packages/airflow/example_dags/example_branch_python_dop_operator_3.py
[2024-08-15T00:07:14.315+0000] {processor.py:830} INFO - Processing file /home/airflow/.local/lib/python3.12/site-packages/airflow/example_dags/example_branch_python_dop_operator_3.py for tasks to queue
[2024-08-15T00:07:14.316+0000] {logging_mixin.py:188} INFO - [2024-08-15T00:07:14.316+0000] {dagbag.py:540} INFO - Filling up the DagBag from /home/airflow/.local/lib/python3.12/site-packages/airflow/example_dags/example_branch_python_dop_operator_3.py
[2024-08-15T00:07:14.320+0000] {processor.py:840} INFO - DAG(s) 'example_branch_dop_operator_v3' retrieved from /home/airflow/.local/lib/python3.12/site-packages/airflow/example_dags/example_branch_python_dop_operator_3.py
[2024-08-15T00:07:14.331+0000] {logging_mixin.py:188} INFO - [2024-08-15T00:07:14.331+0000] {dag.py:3096} INFO - Sync 1 DAGs
[2024-08-15T00:07:14.344+0000] {logging_mixin.py:188} INFO - [2024-08-15T00:07:14.344+0000] {dag.py:3954} INFO - Setting next_dagrun for example_branch_dop_operator_v3 to 2024-08-15 00:06:00+00:00, run_after=2024-08-15 00:07:00+00:00
[2024-08-15T00:07:14.353+0000] {processor.py:183} INFO - Processing /home/airflow/.local/lib/python3.12/site-packages/airflow/example_dags/example_branch_python_dop_operator_3.py took 0.041 seconds
[2024-08-15T00:07:44.930+0000] {processor.py:161} INFO - Started process (PID=4611) to work on /home/airflow/.local/lib/python3.12/site-packages/airflow/example_dags/example_branch_python_dop_operator_3.py
[2024-08-15T00:07:44.930+0000] {processor.py:830} INFO - Processing file /home/airflow/.local/lib/python3.12/site-packages/airflow/example_dags/example_branch_python_dop_operator_3.py for tasks to queue
[2024-08-15T00:07:44.931+0000] {logging_mixin.py:188} INFO - [2024-08-15T00:07:44.931+0000] {dagbag.py:540} INFO - Filling up the DagBag from /home/airflow/.local/lib/python3.12/site-packages/airflow/example_dags/example_branch_python_dop_operator_3.py
[2024-08-15T00:07:44.936+0000] {processor.py:840} INFO - DAG(s) 'example_branch_dop_operator_v3' retrieved from /home/airflow/.local/lib/python3.12/site-packages/airflow/example_dags/example_branch_python_dop_operator_3.py
[2024-08-15T00:07:44.947+0000] {logging_mixin.py:188} INFO - [2024-08-15T00:07:44.947+0000] {dag.py:3096} INFO - Sync 1 DAGs
[2024-08-15T00:07:44.960+0000] {logging_mixin.py:188} INFO - [2024-08-15T00:07:44.960+0000] {dag.py:3954} INFO - Setting next_dagrun for example_branch_dop_operator_v3 to 2024-08-15 00:06:00+00:00, run_after=2024-08-15 00:07:00+00:00
[2024-08-15T00:07:44.969+0000] {processor.py:183} INFO - Processing /home/airflow/.local/lib/python3.12/site-packages/airflow/example_dags/example_branch_python_dop_operator_3.py took 0.043 seconds
[2024-08-15T00:08:15.561+0000] {processor.py:161} INFO - Started process (PID=4669) to work on /home/airflow/.local/lib/python3.12/site-packages/airflow/example_dags/example_branch_python_dop_operator_3.py
[2024-08-15T00:08:15.561+0000] {processor.py:830} INFO - Processing file /home/airflow/.local/lib/python3.12/site-packages/airflow/example_dags/example_branch_python_dop_operator_3.py for tasks to queue
[2024-08-15T00:08:15.562+0000] {logging_mixin.py:188} INFO - [2024-08-15T00:08:15.562+0000] {dagbag.py:540} INFO - Filling up the DagBag from /home/airflow/.local/lib/python3.12/site-packages/airflow/example_dags/example_branch_python_dop_operator_3.py
[2024-08-15T00:08:15.567+0000] {processor.py:840} INFO - DAG(s) 'example_branch_dop_operator_v3' retrieved from /home/airflow/.local/lib/python3.12/site-packages/airflow/example_dags/example_branch_python_dop_operator_3.py
[2024-08-15T00:08:15.578+0000] {logging_mixin.py:188} INFO - [2024-08-15T00:08:15.578+0000] {dag.py:3096} INFO - Sync 1 DAGs
[2024-08-15T00:08:15.592+0000] {logging_mixin.py:188} INFO - [2024-08-15T00:08:15.592+0000] {dag.py:3954} INFO - Setting next_dagrun for example_branch_dop_operator_v3 to 2024-08-15 00:07:00+00:00, run_after=2024-08-15 00:08:00+00:00
[2024-08-15T00:08:15.601+0000] {processor.py:183} INFO - Processing /home/airflow/.local/lib/python3.12/site-packages/airflow/example_dags/example_branch_python_dop_operator_3.py took 0.044 seconds
[2024-08-15T00:08:46.221+0000] {processor.py:161} INFO - Started process (PID=4727) to work on /home/airflow/.local/lib/python3.12/site-packages/airflow/example_dags/example_branch_python_dop_operator_3.py
[2024-08-15T00:08:46.221+0000] {processor.py:830} INFO - Processing file /home/airflow/.local/lib/python3.12/site-packages/airflow/example_dags/example_branch_python_dop_operator_3.py for tasks to queue
[2024-08-15T00:08:46.222+0000] {logging_mixin.py:188} INFO - [2024-08-15T00:08:46.222+0000] {dagbag.py:540} INFO - Filling up the DagBag from /home/airflow/.local/lib/python3.12/site-packages/airflow/example_dags/example_branch_python_dop_operator_3.py
[2024-08-15T00:08:46.227+0000] {processor.py:840} INFO - DAG(s) 'example_branch_dop_operator_v3' retrieved from /home/airflow/.local/lib/python3.12/site-packages/airflow/example_dags/example_branch_python_dop_operator_3.py
[2024-08-15T00:08:46.238+0000] {logging_mixin.py:188} INFO - [2024-08-15T00:08:46.238+0000] {dag.py:3096} INFO - Sync 1 DAGs
[2024-08-15T00:08:46.252+0000] {logging_mixin.py:188} INFO - [2024-08-15T00:08:46.252+0000] {dag.py:3954} INFO - Setting next_dagrun for example_branch_dop_operator_v3 to 2024-08-15 00:07:00+00:00, run_after=2024-08-15 00:08:00+00:00
[2024-08-15T00:08:46.262+0000] {processor.py:183} INFO - Processing /home/airflow/.local/lib/python3.12/site-packages/airflow/example_dags/example_branch_python_dop_operator_3.py took 0.044 seconds
[2024-08-15T00:09:16.917+0000] {processor.py:161} INFO - Started process (PID=4785) to work on /home/airflow/.local/lib/python3.12/site-packages/airflow/example_dags/example_branch_python_dop_operator_3.py
[2024-08-15T00:09:16.917+0000] {processor.py:830} INFO - Processing file /home/airflow/.local/lib/python3.12/site-packages/airflow/example_dags/example_branch_python_dop_operator_3.py for tasks to queue
[2024-08-15T00:09:16.918+0000] {logging_mixin.py:188} INFO - [2024-08-15T00:09:16.918+0000] {dagbag.py:540} INFO - Filling up the DagBag from /home/airflow/.local/lib/python3.12/site-packages/airflow/example_dags/example_branch_python_dop_operator_3.py
[2024-08-15T00:09:16.923+0000] {processor.py:840} INFO - DAG(s) 'example_branch_dop_operator_v3' retrieved from /home/airflow/.local/lib/python3.12/site-packages/airflow/example_dags/example_branch_python_dop_operator_3.py
[2024-08-15T00:09:16.934+0000] {logging_mixin.py:188} INFO - [2024-08-15T00:09:16.934+0000] {dag.py:3096} INFO - Sync 1 DAGs
[2024-08-15T00:09:16.947+0000] {logging_mixin.py:188} INFO - [2024-08-15T00:09:16.947+0000] {dag.py:3954} INFO - Setting next_dagrun for example_branch_dop_operator_v3 to 2024-08-15 00:08:00+00:00, run_after=2024-08-15 00:09:00+00:00
[2024-08-15T00:09:16.957+0000] {processor.py:183} INFO - Processing /home/airflow/.local/lib/python3.12/site-packages/airflow/example_dags/example_branch_python_dop_operator_3.py took 0.044 seconds
[2024-08-15T00:09:47.546+0000] {processor.py:161} INFO - Started process (PID=4843) to work on /home/airflow/.local/lib/python3.12/site-packages/airflow/example_dags/example_branch_python_dop_operator_3.py
[2024-08-15T00:09:47.546+0000] {processor.py:830} INFO - Processing file /home/airflow/.local/lib/python3.12/site-packages/airflow/example_dags/example_branch_python_dop_operator_3.py for tasks to queue
[2024-08-15T00:09:47.547+0000] {logging_mixin.py:188} INFO - [2024-08-15T00:09:47.547+0000] {dagbag.py:540} INFO - Filling up the DagBag from /home/airflow/.local/lib/python3.12/site-packages/airflow/example_dags/example_branch_python_dop_operator_3.py
[2024-08-15T00:09:47.551+0000] {processor.py:840} INFO - DAG(s) 'example_branch_dop_operator_v3' retrieved from /home/airflow/.local/lib/python3.12/site-packages/airflow/example_dags/example_branch_python_dop_operator_3.py
[2024-08-15T00:09:47.562+0000] {logging_mixin.py:188} INFO - [2024-08-15T00:09:47.562+0000] {dag.py:3096} INFO - Sync 1 DAGs
[2024-08-15T00:09:47.575+0000] {logging_mixin.py:188} INFO - [2024-08-15T00:09:47.575+0000] {dag.py:3954} INFO - Setting next_dagrun for example_branch_dop_operator_v3 to 2024-08-15 00:08:00+00:00, run_after=2024-08-15 00:09:00+00:00
[2024-08-15T00:09:47.584+0000] {processor.py:183} INFO - Processing /home/airflow/.local/lib/python3.12/site-packages/airflow/example_dags/example_branch_python_dop_operator_3.py took 0.041 seconds
[2024-08-15T00:10:18.191+0000] {processor.py:161} INFO - Started process (PID=4901) to work on /home/airflow/.local/lib/python3.12/site-packages/airflow/example_dags/example_branch_python_dop_operator_3.py
[2024-08-15T00:10:18.192+0000] {processor.py:830} INFO - Processing file /home/airflow/.local/lib/python3.12/site-packages/airflow/example_dags/example_branch_python_dop_operator_3.py for tasks to queue
[2024-08-15T00:10:18.193+0000] {logging_mixin.py:188} INFO - [2024-08-15T00:10:18.193+0000] {dagbag.py:540} INFO - Filling up the DagBag from /home/airflow/.local/lib/python3.12/site-packages/airflow/example_dags/example_branch_python_dop_operator_3.py
[2024-08-15T00:10:18.197+0000] {processor.py:840} INFO - DAG(s) 'example_branch_dop_operator_v3' retrieved from /home/airflow/.local/lib/python3.12/site-packages/airflow/example_dags/example_branch_python_dop_operator_3.py
[2024-08-15T00:10:18.208+0000] {logging_mixin.py:188} INFO - [2024-08-15T00:10:18.208+0000] {dag.py:3096} INFO - Sync 1 DAGs
[2024-08-15T00:10:18.222+0000] {logging_mixin.py:188} INFO - [2024-08-15T00:10:18.221+0000] {dag.py:3954} INFO - Setting next_dagrun for example_branch_dop_operator_v3 to 2024-08-15 00:09:00+00:00, run_after=2024-08-15 00:10:00+00:00
[2024-08-15T00:10:18.231+0000] {processor.py:183} INFO - Processing /home/airflow/.local/lib/python3.12/site-packages/airflow/example_dags/example_branch_python_dop_operator_3.py took 0.043 seconds
[2024-08-15T00:10:48.779+0000] {processor.py:161} INFO - Started process (PID=4959) to work on /home/airflow/.local/lib/python3.12/site-packages/airflow/example_dags/example_branch_python_dop_operator_3.py
[2024-08-15T00:10:48.780+0000] {processor.py:830} INFO - Processing file /home/airflow/.local/lib/python3.12/site-packages/airflow/example_dags/example_branch_python_dop_operator_3.py for tasks to queue
[2024-08-15T00:10:48.781+0000] {logging_mixin.py:188} INFO - [2024-08-15T00:10:48.781+0000] {dagbag.py:540} INFO - Filling up the DagBag from /home/airflow/.local/lib/python3.12/site-packages/airflow/example_dags/example_branch_python_dop_operator_3.py
[2024-08-15T00:10:48.786+0000] {processor.py:840} INFO - DAG(s) 'example_branch_dop_operator_v3' retrieved from /home/airflow/.local/lib/python3.12/site-packages/airflow/example_dags/example_branch_python_dop_operator_3.py
[2024-08-15T00:10:48.798+0000] {logging_mixin.py:188} INFO - [2024-08-15T00:10:48.797+0000] {dag.py:3096} INFO - Sync 1 DAGs
[2024-08-15T00:10:48.812+0000] {logging_mixin.py:188} INFO - [2024-08-15T00:10:48.811+0000] {dag.py:3954} INFO - Setting next_dagrun for example_branch_dop_operator_v3 to 2024-08-15 00:09:00+00:00, run_after=2024-08-15 00:10:00+00:00
[2024-08-15T00:10:48.821+0000] {processor.py:183} INFO - Processing /home/airflow/.local/lib/python3.12/site-packages/airflow/example_dags/example_branch_python_dop_operator_3.py took 0.045 seconds
[2024-08-15T00:11:19.430+0000] {processor.py:161} INFO - Started process (PID=5017) to work on /home/airflow/.local/lib/python3.12/site-packages/airflow/example_dags/example_branch_python_dop_operator_3.py
[2024-08-15T00:11:19.431+0000] {processor.py:830} INFO - Processing file /home/airflow/.local/lib/python3.12/site-packages/airflow/example_dags/example_branch_python_dop_operator_3.py for tasks to queue
[2024-08-15T00:11:19.432+0000] {logging_mixin.py:188} INFO - [2024-08-15T00:11:19.432+0000] {dagbag.py:540} INFO - Filling up the DagBag from /home/airflow/.local/lib/python3.12/site-packages/airflow/example_dags/example_branch_python_dop_operator_3.py
[2024-08-15T00:11:19.436+0000] {processor.py:840} INFO - DAG(s) 'example_branch_dop_operator_v3' retrieved from /home/airflow/.local/lib/python3.12/site-packages/airflow/example_dags/example_branch_python_dop_operator_3.py
[2024-08-15T00:11:19.447+0000] {logging_mixin.py:188} INFO - [2024-08-15T00:11:19.447+0000] {dag.py:3096} INFO - Sync 1 DAGs
[2024-08-15T00:11:19.460+0000] {logging_mixin.py:188} INFO - [2024-08-15T00:11:19.459+0000] {dag.py:3954} INFO - Setting next_dagrun for example_branch_dop_operator_v3 to 2024-08-15 00:10:00+00:00, run_after=2024-08-15 00:11:00+00:00
[2024-08-15T00:11:19.469+0000] {processor.py:183} INFO - Processing /home/airflow/.local/lib/python3.12/site-packages/airflow/example_dags/example_branch_python_dop_operator_3.py took 0.041 seconds
