[2024-08-15T00:00:05.275+0000] {processor.py:161} INFO - Started process (PID=3740) to work on /home/airflow/.local/lib/python3.12/site-packages/airflow/example_dags/example_branch_labels.py
[2024-08-15T00:00:05.276+0000] {processor.py:830} INFO - Processing file /home/airflow/.local/lib/python3.12/site-packages/airflow/example_dags/example_branch_labels.py for tasks to queue
[2024-08-15T00:00:05.277+0000] {logging_mixin.py:188} INFO - [2024-08-15T00:00:05.277+0000] {dagbag.py:540} INFO - Filling up the DagBag from /home/airflow/.local/lib/python3.12/site-packages/airflow/example_dags/example_branch_labels.py
[2024-08-15T00:00:05.281+0000] {processor.py:840} INFO - DAG(s) 'example_branch_labels' retrieved from /home/airflow/.local/lib/python3.12/site-packages/airflow/example_dags/example_branch_labels.py
[2024-08-15T00:00:05.291+0000] {logging_mixin.py:188} INFO - [2024-08-15T00:00:05.291+0000] {dag.py:3096} INFO - Sync 1 DAGs
[2024-08-15T00:00:05.303+0000] {logging_mixin.py:188} INFO - [2024-08-15T00:00:05.303+0000] {dag.py:3954} INFO - Setting next_dagrun for example_branch_labels to 2024-08-14 00:00:00+00:00, run_after=2024-08-15 00:00:00+00:00
[2024-08-15T00:00:05.312+0000] {processor.py:183} INFO - Processing /home/airflow/.local/lib/python3.12/site-packages/airflow/example_dags/example_branch_labels.py took 0.040 seconds
[2024-08-15T00:00:35.951+0000] {processor.py:161} INFO - Started process (PID=3798) to work on /home/airflow/.local/lib/python3.12/site-packages/airflow/example_dags/example_branch_labels.py
[2024-08-15T00:00:35.951+0000] {processor.py:830} INFO - Processing file /home/airflow/.local/lib/python3.12/site-packages/airflow/example_dags/example_branch_labels.py for tasks to queue
[2024-08-15T00:00:35.952+0000] {logging_mixin.py:188} INFO - [2024-08-15T00:00:35.952+0000] {dagbag.py:540} INFO - Filling up the DagBag from /home/airflow/.local/lib/python3.12/site-packages/airflow/example_dags/example_branch_labels.py
[2024-08-15T00:00:35.957+0000] {processor.py:840} INFO - DAG(s) 'example_branch_labels' retrieved from /home/airflow/.local/lib/python3.12/site-packages/airflow/example_dags/example_branch_labels.py
[2024-08-15T00:00:35.969+0000] {logging_mixin.py:188} INFO - [2024-08-15T00:00:35.969+0000] {dag.py:3096} INFO - Sync 1 DAGs
[2024-08-15T00:00:35.982+0000] {logging_mixin.py:188} INFO - [2024-08-15T00:00:35.982+0000] {dag.py:3954} INFO - Setting next_dagrun for example_branch_labels to 2024-08-14 00:00:00+00:00, run_after=2024-08-15 00:00:00+00:00
[2024-08-15T00:00:35.992+0000] {processor.py:183} INFO - Processing /home/airflow/.local/lib/python3.12/site-packages/airflow/example_dags/example_branch_labels.py took 0.044 seconds
[2024-08-15T00:01:06.581+0000] {processor.py:161} INFO - Started process (PID=3856) to work on /home/airflow/.local/lib/python3.12/site-packages/airflow/example_dags/example_branch_labels.py
[2024-08-15T00:01:06.581+0000] {processor.py:830} INFO - Processing file /home/airflow/.local/lib/python3.12/site-packages/airflow/example_dags/example_branch_labels.py for tasks to queue
[2024-08-15T00:01:06.582+0000] {logging_mixin.py:188} INFO - [2024-08-15T00:01:06.582+0000] {dagbag.py:540} INFO - Filling up the DagBag from /home/airflow/.local/lib/python3.12/site-packages/airflow/example_dags/example_branch_labels.py
[2024-08-15T00:01:06.586+0000] {processor.py:840} INFO - DAG(s) 'example_branch_labels' retrieved from /home/airflow/.local/lib/python3.12/site-packages/airflow/example_dags/example_branch_labels.py
[2024-08-15T00:01:06.597+0000] {logging_mixin.py:188} INFO - [2024-08-15T00:01:06.596+0000] {dag.py:3096} INFO - Sync 1 DAGs
[2024-08-15T00:01:06.608+0000] {logging_mixin.py:188} INFO - [2024-08-15T00:01:06.608+0000] {dag.py:3954} INFO - Setting next_dagrun for example_branch_labels to 2024-08-14 00:00:00+00:00, run_after=2024-08-15 00:00:00+00:00
[2024-08-15T00:01:06.617+0000] {processor.py:183} INFO - Processing /home/airflow/.local/lib/python3.12/site-packages/airflow/example_dags/example_branch_labels.py took 0.040 seconds
[2024-08-15T00:01:37.259+0000] {processor.py:161} INFO - Started process (PID=3914) to work on /home/airflow/.local/lib/python3.12/site-packages/airflow/example_dags/example_branch_labels.py
[2024-08-15T00:01:37.259+0000] {processor.py:830} INFO - Processing file /home/airflow/.local/lib/python3.12/site-packages/airflow/example_dags/example_branch_labels.py for tasks to queue
[2024-08-15T00:01:37.260+0000] {logging_mixin.py:188} INFO - [2024-08-15T00:01:37.260+0000] {dagbag.py:540} INFO - Filling up the DagBag from /home/airflow/.local/lib/python3.12/site-packages/airflow/example_dags/example_branch_labels.py
[2024-08-15T00:01:37.264+0000] {processor.py:840} INFO - DAG(s) 'example_branch_labels' retrieved from /home/airflow/.local/lib/python3.12/site-packages/airflow/example_dags/example_branch_labels.py
[2024-08-15T00:01:37.274+0000] {logging_mixin.py:188} INFO - [2024-08-15T00:01:37.274+0000] {dag.py:3096} INFO - Sync 1 DAGs
[2024-08-15T00:01:37.286+0000] {logging_mixin.py:188} INFO - [2024-08-15T00:01:37.286+0000] {dag.py:3954} INFO - Setting next_dagrun for example_branch_labels to 2024-08-14 00:00:00+00:00, run_after=2024-08-15 00:00:00+00:00
[2024-08-15T00:01:37.295+0000] {processor.py:183} INFO - Processing /home/airflow/.local/lib/python3.12/site-packages/airflow/example_dags/example_branch_labels.py took 0.039 seconds
[2024-08-15T00:02:07.890+0000] {processor.py:161} INFO - Started process (PID=3972) to work on /home/airflow/.local/lib/python3.12/site-packages/airflow/example_dags/example_branch_labels.py
[2024-08-15T00:02:07.891+0000] {processor.py:830} INFO - Processing file /home/airflow/.local/lib/python3.12/site-packages/airflow/example_dags/example_branch_labels.py for tasks to queue
[2024-08-15T00:02:07.892+0000] {logging_mixin.py:188} INFO - [2024-08-15T00:02:07.891+0000] {dagbag.py:540} INFO - Filling up the DagBag from /home/airflow/.local/lib/python3.12/site-packages/airflow/example_dags/example_branch_labels.py
[2024-08-15T00:02:07.895+0000] {processor.py:840} INFO - DAG(s) 'example_branch_labels' retrieved from /home/airflow/.local/lib/python3.12/site-packages/airflow/example_dags/example_branch_labels.py
[2024-08-15T00:02:07.906+0000] {logging_mixin.py:188} INFO - [2024-08-15T00:02:07.906+0000] {dag.py:3096} INFO - Sync 1 DAGs
[2024-08-15T00:02:07.919+0000] {logging_mixin.py:188} INFO - [2024-08-15T00:02:07.919+0000] {dag.py:3954} INFO - Setting next_dagrun for example_branch_labels to 2024-08-14 00:00:00+00:00, run_after=2024-08-15 00:00:00+00:00
[2024-08-15T00:02:07.929+0000] {processor.py:183} INFO - Processing /home/airflow/.local/lib/python3.12/site-packages/airflow/example_dags/example_branch_labels.py took 0.041 seconds
[2024-08-15T00:02:38.523+0000] {processor.py:161} INFO - Started process (PID=4030) to work on /home/airflow/.local/lib/python3.12/site-packages/airflow/example_dags/example_branch_labels.py
[2024-08-15T00:02:38.524+0000] {processor.py:830} INFO - Processing file /home/airflow/.local/lib/python3.12/site-packages/airflow/example_dags/example_branch_labels.py for tasks to queue
[2024-08-15T00:02:38.525+0000] {logging_mixin.py:188} INFO - [2024-08-15T00:02:38.525+0000] {dagbag.py:540} INFO - Filling up the DagBag from /home/airflow/.local/lib/python3.12/site-packages/airflow/example_dags/example_branch_labels.py
[2024-08-15T00:02:38.528+0000] {processor.py:840} INFO - DAG(s) 'example_branch_labels' retrieved from /home/airflow/.local/lib/python3.12/site-packages/airflow/example_dags/example_branch_labels.py
[2024-08-15T00:02:38.539+0000] {logging_mixin.py:188} INFO - [2024-08-15T00:02:38.539+0000] {dag.py:3096} INFO - Sync 1 DAGs
[2024-08-15T00:02:38.550+0000] {logging_mixin.py:188} INFO - [2024-08-15T00:02:38.550+0000] {dag.py:3954} INFO - Setting next_dagrun for example_branch_labels to 2024-08-14 00:00:00+00:00, run_after=2024-08-15 00:00:00+00:00
[2024-08-15T00:02:38.559+0000] {processor.py:183} INFO - Processing /home/airflow/.local/lib/python3.12/site-packages/airflow/example_dags/example_branch_labels.py took 0.039 seconds
[2024-08-15T00:03:09.111+0000] {processor.py:161} INFO - Started process (PID=4088) to work on /home/airflow/.local/lib/python3.12/site-packages/airflow/example_dags/example_branch_labels.py
[2024-08-15T00:03:09.112+0000] {processor.py:830} INFO - Processing file /home/airflow/.local/lib/python3.12/site-packages/airflow/example_dags/example_branch_labels.py for tasks to queue
[2024-08-15T00:03:09.113+0000] {logging_mixin.py:188} INFO - [2024-08-15T00:03:09.113+0000] {dagbag.py:540} INFO - Filling up the DagBag from /home/airflow/.local/lib/python3.12/site-packages/airflow/example_dags/example_branch_labels.py
[2024-08-15T00:03:09.117+0000] {processor.py:840} INFO - DAG(s) 'example_branch_labels' retrieved from /home/airflow/.local/lib/python3.12/site-packages/airflow/example_dags/example_branch_labels.py
[2024-08-15T00:03:09.127+0000] {logging_mixin.py:188} INFO - [2024-08-15T00:03:09.127+0000] {dag.py:3096} INFO - Sync 1 DAGs
[2024-08-15T00:03:09.139+0000] {logging_mixin.py:188} INFO - [2024-08-15T00:03:09.139+0000] {dag.py:3954} INFO - Setting next_dagrun for example_branch_labels to 2024-08-14 00:00:00+00:00, run_after=2024-08-15 00:00:00+00:00
[2024-08-15T00:03:09.149+0000] {processor.py:183} INFO - Processing /home/airflow/.local/lib/python3.12/site-packages/airflow/example_dags/example_branch_labels.py took 0.040 seconds
[2024-08-15T00:03:39.772+0000] {processor.py:161} INFO - Started process (PID=4146) to work on /home/airflow/.local/lib/python3.12/site-packages/airflow/example_dags/example_branch_labels.py
[2024-08-15T00:03:39.772+0000] {processor.py:830} INFO - Processing file /home/airflow/.local/lib/python3.12/site-packages/airflow/example_dags/example_branch_labels.py for tasks to queue
[2024-08-15T00:03:39.773+0000] {logging_mixin.py:188} INFO - [2024-08-15T00:03:39.773+0000] {dagbag.py:540} INFO - Filling up the DagBag from /home/airflow/.local/lib/python3.12/site-packages/airflow/example_dags/example_branch_labels.py
[2024-08-15T00:03:39.777+0000] {processor.py:840} INFO - DAG(s) 'example_branch_labels' retrieved from /home/airflow/.local/lib/python3.12/site-packages/airflow/example_dags/example_branch_labels.py
[2024-08-15T00:03:39.787+0000] {logging_mixin.py:188} INFO - [2024-08-15T00:03:39.787+0000] {dag.py:3096} INFO - Sync 1 DAGs
[2024-08-15T00:03:39.798+0000] {logging_mixin.py:188} INFO - [2024-08-15T00:03:39.798+0000] {dag.py:3954} INFO - Setting next_dagrun for example_branch_labels to 2024-08-14 00:00:00+00:00, run_after=2024-08-15 00:00:00+00:00
[2024-08-15T00:03:39.807+0000] {processor.py:183} INFO - Processing /home/airflow/.local/lib/python3.12/site-packages/airflow/example_dags/example_branch_labels.py took 0.038 seconds
[2024-08-15T00:04:10.443+0000] {processor.py:161} INFO - Started process (PID=4204) to work on /home/airflow/.local/lib/python3.12/site-packages/airflow/example_dags/example_branch_labels.py
[2024-08-15T00:04:10.443+0000] {processor.py:830} INFO - Processing file /home/airflow/.local/lib/python3.12/site-packages/airflow/example_dags/example_branch_labels.py for tasks to queue
[2024-08-15T00:04:10.444+0000] {logging_mixin.py:188} INFO - [2024-08-15T00:04:10.444+0000] {dagbag.py:540} INFO - Filling up the DagBag from /home/airflow/.local/lib/python3.12/site-packages/airflow/example_dags/example_branch_labels.py
[2024-08-15T00:04:10.449+0000] {processor.py:840} INFO - DAG(s) 'example_branch_labels' retrieved from /home/airflow/.local/lib/python3.12/site-packages/airflow/example_dags/example_branch_labels.py
[2024-08-15T00:04:10.461+0000] {logging_mixin.py:188} INFO - [2024-08-15T00:04:10.461+0000] {dag.py:3096} INFO - Sync 1 DAGs
[2024-08-15T00:04:10.474+0000] {logging_mixin.py:188} INFO - [2024-08-15T00:04:10.473+0000] {dag.py:3954} INFO - Setting next_dagrun for example_branch_labels to 2024-08-14 00:00:00+00:00, run_after=2024-08-15 00:00:00+00:00
[2024-08-15T00:04:10.483+0000] {processor.py:183} INFO - Processing /home/airflow/.local/lib/python3.12/site-packages/airflow/example_dags/example_branch_labels.py took 0.043 seconds
[2024-08-15T00:04:41.096+0000] {processor.py:161} INFO - Started process (PID=4262) to work on /home/airflow/.local/lib/python3.12/site-packages/airflow/example_dags/example_branch_labels.py
[2024-08-15T00:04:41.096+0000] {processor.py:830} INFO - Processing file /home/airflow/.local/lib/python3.12/site-packages/airflow/example_dags/example_branch_labels.py for tasks to queue
[2024-08-15T00:04:41.097+0000] {logging_mixin.py:188} INFO - [2024-08-15T00:04:41.097+0000] {dagbag.py:540} INFO - Filling up the DagBag from /home/airflow/.local/lib/python3.12/site-packages/airflow/example_dags/example_branch_labels.py
[2024-08-15T00:04:41.102+0000] {processor.py:840} INFO - DAG(s) 'example_branch_labels' retrieved from /home/airflow/.local/lib/python3.12/site-packages/airflow/example_dags/example_branch_labels.py
[2024-08-15T00:04:41.113+0000] {logging_mixin.py:188} INFO - [2024-08-15T00:04:41.113+0000] {dag.py:3096} INFO - Sync 1 DAGs
[2024-08-15T00:04:41.125+0000] {logging_mixin.py:188} INFO - [2024-08-15T00:04:41.125+0000] {dag.py:3954} INFO - Setting next_dagrun for example_branch_labels to 2024-08-14 00:00:00+00:00, run_after=2024-08-15 00:00:00+00:00
[2024-08-15T00:04:41.136+0000] {processor.py:183} INFO - Processing /home/airflow/.local/lib/python3.12/site-packages/airflow/example_dags/example_branch_labels.py took 0.044 seconds
[2024-08-15T00:05:11.774+0000] {processor.py:161} INFO - Started process (PID=4320) to work on /home/airflow/.local/lib/python3.12/site-packages/airflow/example_dags/example_branch_labels.py
[2024-08-15T00:05:11.774+0000] {processor.py:830} INFO - Processing file /home/airflow/.local/lib/python3.12/site-packages/airflow/example_dags/example_branch_labels.py for tasks to queue
[2024-08-15T00:05:11.775+0000] {logging_mixin.py:188} INFO - [2024-08-15T00:05:11.775+0000] {dagbag.py:540} INFO - Filling up the DagBag from /home/airflow/.local/lib/python3.12/site-packages/airflow/example_dags/example_branch_labels.py
[2024-08-15T00:05:11.779+0000] {processor.py:840} INFO - DAG(s) 'example_branch_labels' retrieved from /home/airflow/.local/lib/python3.12/site-packages/airflow/example_dags/example_branch_labels.py
[2024-08-15T00:05:11.789+0000] {logging_mixin.py:188} INFO - [2024-08-15T00:05:11.789+0000] {dag.py:3096} INFO - Sync 1 DAGs
[2024-08-15T00:05:11.800+0000] {logging_mixin.py:188} INFO - [2024-08-15T00:05:11.800+0000] {dag.py:3954} INFO - Setting next_dagrun for example_branch_labels to 2024-08-14 00:00:00+00:00, run_after=2024-08-15 00:00:00+00:00
[2024-08-15T00:05:11.810+0000] {processor.py:183} INFO - Processing /home/airflow/.local/lib/python3.12/site-packages/airflow/example_dags/example_branch_labels.py took 0.038 seconds
[2024-08-15T00:05:42.423+0000] {processor.py:161} INFO - Started process (PID=4378) to work on /home/airflow/.local/lib/python3.12/site-packages/airflow/example_dags/example_branch_labels.py
[2024-08-15T00:05:42.424+0000] {processor.py:830} INFO - Processing file /home/airflow/.local/lib/python3.12/site-packages/airflow/example_dags/example_branch_labels.py for tasks to queue
[2024-08-15T00:05:42.425+0000] {logging_mixin.py:188} INFO - [2024-08-15T00:05:42.424+0000] {dagbag.py:540} INFO - Filling up the DagBag from /home/airflow/.local/lib/python3.12/site-packages/airflow/example_dags/example_branch_labels.py
[2024-08-15T00:05:42.428+0000] {processor.py:840} INFO - DAG(s) 'example_branch_labels' retrieved from /home/airflow/.local/lib/python3.12/site-packages/airflow/example_dags/example_branch_labels.py
[2024-08-15T00:05:42.439+0000] {logging_mixin.py:188} INFO - [2024-08-15T00:05:42.439+0000] {dag.py:3096} INFO - Sync 1 DAGs
[2024-08-15T00:05:42.452+0000] {logging_mixin.py:188} INFO - [2024-08-15T00:05:42.452+0000] {dag.py:3954} INFO - Setting next_dagrun for example_branch_labels to 2024-08-14 00:00:00+00:00, run_after=2024-08-15 00:00:00+00:00
[2024-08-15T00:05:42.463+0000] {processor.py:183} INFO - Processing /home/airflow/.local/lib/python3.12/site-packages/airflow/example_dags/example_branch_labels.py took 0.043 seconds
[2024-08-15T00:06:13.099+0000] {processor.py:161} INFO - Started process (PID=4436) to work on /home/airflow/.local/lib/python3.12/site-packages/airflow/example_dags/example_branch_labels.py
[2024-08-15T00:06:13.099+0000] {processor.py:830} INFO - Processing file /home/airflow/.local/lib/python3.12/site-packages/airflow/example_dags/example_branch_labels.py for tasks to queue
[2024-08-15T00:06:13.100+0000] {logging_mixin.py:188} INFO - [2024-08-15T00:06:13.100+0000] {dagbag.py:540} INFO - Filling up the DagBag from /home/airflow/.local/lib/python3.12/site-packages/airflow/example_dags/example_branch_labels.py
[2024-08-15T00:06:13.104+0000] {processor.py:840} INFO - DAG(s) 'example_branch_labels' retrieved from /home/airflow/.local/lib/python3.12/site-packages/airflow/example_dags/example_branch_labels.py
[2024-08-15T00:06:13.115+0000] {logging_mixin.py:188} INFO - [2024-08-15T00:06:13.115+0000] {dag.py:3096} INFO - Sync 1 DAGs
[2024-08-15T00:06:13.127+0000] {logging_mixin.py:188} INFO - [2024-08-15T00:06:13.127+0000] {dag.py:3954} INFO - Setting next_dagrun for example_branch_labels to 2024-08-14 00:00:00+00:00, run_after=2024-08-15 00:00:00+00:00
[2024-08-15T00:06:13.136+0000] {processor.py:183} INFO - Processing /home/airflow/.local/lib/python3.12/site-packages/airflow/example_dags/example_branch_labels.py took 0.041 seconds
[2024-08-15T00:06:43.699+0000] {processor.py:161} INFO - Started process (PID=4494) to work on /home/airflow/.local/lib/python3.12/site-packages/airflow/example_dags/example_branch_labels.py
[2024-08-15T00:06:43.700+0000] {processor.py:830} INFO - Processing file /home/airflow/.local/lib/python3.12/site-packages/airflow/example_dags/example_branch_labels.py for tasks to queue
[2024-08-15T00:06:43.701+0000] {logging_mixin.py:188} INFO - [2024-08-15T00:06:43.701+0000] {dagbag.py:540} INFO - Filling up the DagBag from /home/airflow/.local/lib/python3.12/site-packages/airflow/example_dags/example_branch_labels.py
[2024-08-15T00:06:43.705+0000] {processor.py:840} INFO - DAG(s) 'example_branch_labels' retrieved from /home/airflow/.local/lib/python3.12/site-packages/airflow/example_dags/example_branch_labels.py
[2024-08-15T00:06:43.715+0000] {logging_mixin.py:188} INFO - [2024-08-15T00:06:43.715+0000] {dag.py:3096} INFO - Sync 1 DAGs
[2024-08-15T00:06:43.727+0000] {logging_mixin.py:188} INFO - [2024-08-15T00:06:43.727+0000] {dag.py:3954} INFO - Setting next_dagrun for example_branch_labels to 2024-08-14 00:00:00+00:00, run_after=2024-08-15 00:00:00+00:00
[2024-08-15T00:06:43.737+0000] {processor.py:183} INFO - Processing /home/airflow/.local/lib/python3.12/site-packages/airflow/example_dags/example_branch_labels.py took 0.041 seconds
[2024-08-15T00:07:14.264+0000] {processor.py:161} INFO - Started process (PID=4552) to work on /home/airflow/.local/lib/python3.12/site-packages/airflow/example_dags/example_branch_labels.py
[2024-08-15T00:07:14.265+0000] {processor.py:830} INFO - Processing file /home/airflow/.local/lib/python3.12/site-packages/airflow/example_dags/example_branch_labels.py for tasks to queue
[2024-08-15T00:07:14.265+0000] {logging_mixin.py:188} INFO - [2024-08-15T00:07:14.265+0000] {dagbag.py:540} INFO - Filling up the DagBag from /home/airflow/.local/lib/python3.12/site-packages/airflow/example_dags/example_branch_labels.py
[2024-08-15T00:07:14.269+0000] {processor.py:840} INFO - DAG(s) 'example_branch_labels' retrieved from /home/airflow/.local/lib/python3.12/site-packages/airflow/example_dags/example_branch_labels.py
[2024-08-15T00:07:14.280+0000] {logging_mixin.py:188} INFO - [2024-08-15T00:07:14.280+0000] {dag.py:3096} INFO - Sync 1 DAGs
[2024-08-15T00:07:14.291+0000] {logging_mixin.py:188} INFO - [2024-08-15T00:07:14.291+0000] {dag.py:3954} INFO - Setting next_dagrun for example_branch_labels to 2024-08-14 00:00:00+00:00, run_after=2024-08-15 00:00:00+00:00
[2024-08-15T00:07:14.300+0000] {processor.py:183} INFO - Processing /home/airflow/.local/lib/python3.12/site-packages/airflow/example_dags/example_branch_labels.py took 0.039 seconds
[2024-08-15T00:07:44.880+0000] {processor.py:161} INFO - Started process (PID=4610) to work on /home/airflow/.local/lib/python3.12/site-packages/airflow/example_dags/example_branch_labels.py
[2024-08-15T00:07:44.880+0000] {processor.py:830} INFO - Processing file /home/airflow/.local/lib/python3.12/site-packages/airflow/example_dags/example_branch_labels.py for tasks to queue
[2024-08-15T00:07:44.881+0000] {logging_mixin.py:188} INFO - [2024-08-15T00:07:44.881+0000] {dagbag.py:540} INFO - Filling up the DagBag from /home/airflow/.local/lib/python3.12/site-packages/airflow/example_dags/example_branch_labels.py
[2024-08-15T00:07:44.885+0000] {processor.py:840} INFO - DAG(s) 'example_branch_labels' retrieved from /home/airflow/.local/lib/python3.12/site-packages/airflow/example_dags/example_branch_labels.py
[2024-08-15T00:07:44.895+0000] {logging_mixin.py:188} INFO - [2024-08-15T00:07:44.895+0000] {dag.py:3096} INFO - Sync 1 DAGs
[2024-08-15T00:07:44.906+0000] {logging_mixin.py:188} INFO - [2024-08-15T00:07:44.906+0000] {dag.py:3954} INFO - Setting next_dagrun for example_branch_labels to 2024-08-14 00:00:00+00:00, run_after=2024-08-15 00:00:00+00:00
[2024-08-15T00:07:44.915+0000] {processor.py:183} INFO - Processing /home/airflow/.local/lib/python3.12/site-packages/airflow/example_dags/example_branch_labels.py took 0.038 seconds
[2024-08-15T00:08:15.508+0000] {processor.py:161} INFO - Started process (PID=4668) to work on /home/airflow/.local/lib/python3.12/site-packages/airflow/example_dags/example_branch_labels.py
[2024-08-15T00:08:15.509+0000] {processor.py:830} INFO - Processing file /home/airflow/.local/lib/python3.12/site-packages/airflow/example_dags/example_branch_labels.py for tasks to queue
[2024-08-15T00:08:15.510+0000] {logging_mixin.py:188} INFO - [2024-08-15T00:08:15.509+0000] {dagbag.py:540} INFO - Filling up the DagBag from /home/airflow/.local/lib/python3.12/site-packages/airflow/example_dags/example_branch_labels.py
[2024-08-15T00:08:15.513+0000] {processor.py:840} INFO - DAG(s) 'example_branch_labels' retrieved from /home/airflow/.local/lib/python3.12/site-packages/airflow/example_dags/example_branch_labels.py
[2024-08-15T00:08:15.525+0000] {logging_mixin.py:188} INFO - [2024-08-15T00:08:15.525+0000] {dag.py:3096} INFO - Sync 1 DAGs
[2024-08-15T00:08:15.537+0000] {logging_mixin.py:188} INFO - [2024-08-15T00:08:15.537+0000] {dag.py:3954} INFO - Setting next_dagrun for example_branch_labels to 2024-08-14 00:00:00+00:00, run_after=2024-08-15 00:00:00+00:00
[2024-08-15T00:08:15.546+0000] {processor.py:183} INFO - Processing /home/airflow/.local/lib/python3.12/site-packages/airflow/example_dags/example_branch_labels.py took 0.040 seconds
[2024-08-15T00:08:46.172+0000] {processor.py:161} INFO - Started process (PID=4726) to work on /home/airflow/.local/lib/python3.12/site-packages/airflow/example_dags/example_branch_labels.py
[2024-08-15T00:08:46.172+0000] {processor.py:830} INFO - Processing file /home/airflow/.local/lib/python3.12/site-packages/airflow/example_dags/example_branch_labels.py for tasks to queue
[2024-08-15T00:08:46.173+0000] {logging_mixin.py:188} INFO - [2024-08-15T00:08:46.173+0000] {dagbag.py:540} INFO - Filling up the DagBag from /home/airflow/.local/lib/python3.12/site-packages/airflow/example_dags/example_branch_labels.py
[2024-08-15T00:08:46.177+0000] {processor.py:840} INFO - DAG(s) 'example_branch_labels' retrieved from /home/airflow/.local/lib/python3.12/site-packages/airflow/example_dags/example_branch_labels.py
[2024-08-15T00:08:46.188+0000] {logging_mixin.py:188} INFO - [2024-08-15T00:08:46.188+0000] {dag.py:3096} INFO - Sync 1 DAGs
[2024-08-15T00:08:46.200+0000] {logging_mixin.py:188} INFO - [2024-08-15T00:08:46.200+0000] {dag.py:3954} INFO - Setting next_dagrun for example_branch_labels to 2024-08-14 00:00:00+00:00, run_after=2024-08-15 00:00:00+00:00
[2024-08-15T00:08:46.210+0000] {processor.py:183} INFO - Processing /home/airflow/.local/lib/python3.12/site-packages/airflow/example_dags/example_branch_labels.py took 0.041 seconds
[2024-08-15T00:09:16.864+0000] {processor.py:161} INFO - Started process (PID=4784) to work on /home/airflow/.local/lib/python3.12/site-packages/airflow/example_dags/example_branch_labels.py
[2024-08-15T00:09:16.865+0000] {processor.py:830} INFO - Processing file /home/airflow/.local/lib/python3.12/site-packages/airflow/example_dags/example_branch_labels.py for tasks to queue
[2024-08-15T00:09:16.866+0000] {logging_mixin.py:188} INFO - [2024-08-15T00:09:16.866+0000] {dagbag.py:540} INFO - Filling up the DagBag from /home/airflow/.local/lib/python3.12/site-packages/airflow/example_dags/example_branch_labels.py
[2024-08-15T00:09:16.870+0000] {processor.py:840} INFO - DAG(s) 'example_branch_labels' retrieved from /home/airflow/.local/lib/python3.12/site-packages/airflow/example_dags/example_branch_labels.py
[2024-08-15T00:09:16.880+0000] {logging_mixin.py:188} INFO - [2024-08-15T00:09:16.880+0000] {dag.py:3096} INFO - Sync 1 DAGs
[2024-08-15T00:09:16.893+0000] {logging_mixin.py:188} INFO - [2024-08-15T00:09:16.893+0000] {dag.py:3954} INFO - Setting next_dagrun for example_branch_labels to 2024-08-14 00:00:00+00:00, run_after=2024-08-15 00:00:00+00:00
[2024-08-15T00:09:16.902+0000] {processor.py:183} INFO - Processing /home/airflow/.local/lib/python3.12/site-packages/airflow/example_dags/example_branch_labels.py took 0.041 seconds
[2024-08-15T00:09:47.496+0000] {processor.py:161} INFO - Started process (PID=4842) to work on /home/airflow/.local/lib/python3.12/site-packages/airflow/example_dags/example_branch_labels.py
[2024-08-15T00:09:47.496+0000] {processor.py:830} INFO - Processing file /home/airflow/.local/lib/python3.12/site-packages/airflow/example_dags/example_branch_labels.py for tasks to queue
[2024-08-15T00:09:47.498+0000] {logging_mixin.py:188} INFO - [2024-08-15T00:09:47.497+0000] {dagbag.py:540} INFO - Filling up the DagBag from /home/airflow/.local/lib/python3.12/site-packages/airflow/example_dags/example_branch_labels.py
[2024-08-15T00:09:47.501+0000] {processor.py:840} INFO - DAG(s) 'example_branch_labels' retrieved from /home/airflow/.local/lib/python3.12/site-packages/airflow/example_dags/example_branch_labels.py
[2024-08-15T00:09:47.512+0000] {logging_mixin.py:188} INFO - [2024-08-15T00:09:47.511+0000] {dag.py:3096} INFO - Sync 1 DAGs
[2024-08-15T00:09:47.523+0000] {logging_mixin.py:188} INFO - [2024-08-15T00:09:47.523+0000] {dag.py:3954} INFO - Setting next_dagrun for example_branch_labels to 2024-08-14 00:00:00+00:00, run_after=2024-08-15 00:00:00+00:00
[2024-08-15T00:09:47.532+0000] {processor.py:183} INFO - Processing /home/airflow/.local/lib/python3.12/site-packages/airflow/example_dags/example_branch_labels.py took 0.039 seconds
[2024-08-15T00:10:18.142+0000] {processor.py:161} INFO - Started process (PID=4900) to work on /home/airflow/.local/lib/python3.12/site-packages/airflow/example_dags/example_branch_labels.py
[2024-08-15T00:10:18.143+0000] {processor.py:830} INFO - Processing file /home/airflow/.local/lib/python3.12/site-packages/airflow/example_dags/example_branch_labels.py for tasks to queue
[2024-08-15T00:10:18.144+0000] {logging_mixin.py:188} INFO - [2024-08-15T00:10:18.143+0000] {dagbag.py:540} INFO - Filling up the DagBag from /home/airflow/.local/lib/python3.12/site-packages/airflow/example_dags/example_branch_labels.py
[2024-08-15T00:10:18.147+0000] {processor.py:840} INFO - DAG(s) 'example_branch_labels' retrieved from /home/airflow/.local/lib/python3.12/site-packages/airflow/example_dags/example_branch_labels.py
[2024-08-15T00:10:18.157+0000] {logging_mixin.py:188} INFO - [2024-08-15T00:10:18.157+0000] {dag.py:3096} INFO - Sync 1 DAGs
[2024-08-15T00:10:18.169+0000] {logging_mixin.py:188} INFO - [2024-08-15T00:10:18.169+0000] {dag.py:3954} INFO - Setting next_dagrun for example_branch_labels to 2024-08-14 00:00:00+00:00, run_after=2024-08-15 00:00:00+00:00
[2024-08-15T00:10:18.179+0000] {processor.py:183} INFO - Processing /home/airflow/.local/lib/python3.12/site-packages/airflow/example_dags/example_branch_labels.py took 0.040 seconds
[2024-08-15T00:10:48.724+0000] {processor.py:161} INFO - Started process (PID=4958) to work on /home/airflow/.local/lib/python3.12/site-packages/airflow/example_dags/example_branch_labels.py
[2024-08-15T00:10:48.725+0000] {processor.py:830} INFO - Processing file /home/airflow/.local/lib/python3.12/site-packages/airflow/example_dags/example_branch_labels.py for tasks to queue
[2024-08-15T00:10:48.726+0000] {logging_mixin.py:188} INFO - [2024-08-15T00:10:48.726+0000] {dagbag.py:540} INFO - Filling up the DagBag from /home/airflow/.local/lib/python3.12/site-packages/airflow/example_dags/example_branch_labels.py
[2024-08-15T00:10:48.730+0000] {processor.py:840} INFO - DAG(s) 'example_branch_labels' retrieved from /home/airflow/.local/lib/python3.12/site-packages/airflow/example_dags/example_branch_labels.py
[2024-08-15T00:10:48.741+0000] {logging_mixin.py:188} INFO - [2024-08-15T00:10:48.741+0000] {dag.py:3096} INFO - Sync 1 DAGs
[2024-08-15T00:10:48.754+0000] {logging_mixin.py:188} INFO - [2024-08-15T00:10:48.753+0000] {dag.py:3954} INFO - Setting next_dagrun for example_branch_labels to 2024-08-14 00:00:00+00:00, run_after=2024-08-15 00:00:00+00:00
[2024-08-15T00:10:48.763+0000] {processor.py:183} INFO - Processing /home/airflow/.local/lib/python3.12/site-packages/airflow/example_dags/example_branch_labels.py took 0.042 seconds
[2024-08-15T00:11:19.381+0000] {processor.py:161} INFO - Started process (PID=5016) to work on /home/airflow/.local/lib/python3.12/site-packages/airflow/example_dags/example_branch_labels.py
[2024-08-15T00:11:19.381+0000] {processor.py:830} INFO - Processing file /home/airflow/.local/lib/python3.12/site-packages/airflow/example_dags/example_branch_labels.py for tasks to queue
[2024-08-15T00:11:19.382+0000] {logging_mixin.py:188} INFO - [2024-08-15T00:11:19.382+0000] {dagbag.py:540} INFO - Filling up the DagBag from /home/airflow/.local/lib/python3.12/site-packages/airflow/example_dags/example_branch_labels.py
[2024-08-15T00:11:19.386+0000] {processor.py:840} INFO - DAG(s) 'example_branch_labels' retrieved from /home/airflow/.local/lib/python3.12/site-packages/airflow/example_dags/example_branch_labels.py
[2024-08-15T00:11:19.396+0000] {logging_mixin.py:188} INFO - [2024-08-15T00:11:19.396+0000] {dag.py:3096} INFO - Sync 1 DAGs
[2024-08-15T00:11:19.408+0000] {logging_mixin.py:188} INFO - [2024-08-15T00:11:19.408+0000] {dag.py:3954} INFO - Setting next_dagrun for example_branch_labels to 2024-08-14 00:00:00+00:00, run_after=2024-08-15 00:00:00+00:00
[2024-08-15T00:11:19.417+0000] {processor.py:183} INFO - Processing /home/airflow/.local/lib/python3.12/site-packages/airflow/example_dags/example_branch_labels.py took 0.039 seconds
