[2024-08-15T00:00:05.390+0000] {processor.py:161} INFO - Started process (PID=3743) to work on /home/airflow/.local/lib/python3.12/site-packages/airflow/example_dags/example_latest_only.py
[2024-08-15T00:00:05.391+0000] {processor.py:830} INFO - Processing file /home/airflow/.local/lib/python3.12/site-packages/airflow/example_dags/example_latest_only.py for tasks to queue
[2024-08-15T00:00:05.392+0000] {logging_mixin.py:188} INFO - [2024-08-15T00:00:05.391+0000] {dagbag.py:540} INFO - Filling up the DagBag from /home/airflow/.local/lib/python3.12/site-packages/airflow/example_dags/example_latest_only.py
[2024-08-15T00:00:05.394+0000] {processor.py:840} INFO - DAG(s) 'latest_only' retrieved from /home/airflow/.local/lib/python3.12/site-packages/airflow/example_dags/example_latest_only.py
[2024-08-15T00:00:05.405+0000] {logging_mixin.py:188} INFO - [2024-08-15T00:00:05.404+0000] {dag.py:3096} INFO - Sync 1 DAGs
[2024-08-15T00:00:05.416+0000] {logging_mixin.py:188} INFO - [2024-08-15T00:00:05.416+0000] {dag.py:3954} INFO - Setting next_dagrun for latest_only to 2024-08-14 20:00:00+00:00, run_after=2024-08-15 00:00:00+00:00
[2024-08-15T00:00:05.425+0000] {processor.py:183} INFO - Processing /home/airflow/.local/lib/python3.12/site-packages/airflow/example_dags/example_latest_only.py took 0.038 seconds
[2024-08-15T00:00:36.065+0000] {processor.py:161} INFO - Started process (PID=3801) to work on /home/airflow/.local/lib/python3.12/site-packages/airflow/example_dags/example_latest_only.py
[2024-08-15T00:00:36.065+0000] {processor.py:830} INFO - Processing file /home/airflow/.local/lib/python3.12/site-packages/airflow/example_dags/example_latest_only.py for tasks to queue
[2024-08-15T00:00:36.066+0000] {logging_mixin.py:188} INFO - [2024-08-15T00:00:36.066+0000] {dagbag.py:540} INFO - Filling up the DagBag from /home/airflow/.local/lib/python3.12/site-packages/airflow/example_dags/example_latest_only.py
[2024-08-15T00:00:36.069+0000] {processor.py:840} INFO - DAG(s) 'latest_only' retrieved from /home/airflow/.local/lib/python3.12/site-packages/airflow/example_dags/example_latest_only.py
[2024-08-15T00:00:36.080+0000] {logging_mixin.py:188} INFO - [2024-08-15T00:00:36.080+0000] {dag.py:3096} INFO - Sync 1 DAGs
[2024-08-15T00:00:36.092+0000] {logging_mixin.py:188} INFO - [2024-08-15T00:00:36.092+0000] {dag.py:3954} INFO - Setting next_dagrun for latest_only to 2024-08-14 20:00:00+00:00, run_after=2024-08-15 00:00:00+00:00
[2024-08-15T00:00:36.102+0000] {processor.py:183} INFO - Processing /home/airflow/.local/lib/python3.12/site-packages/airflow/example_dags/example_latest_only.py took 0.041 seconds
[2024-08-15T00:01:06.694+0000] {processor.py:161} INFO - Started process (PID=3859) to work on /home/airflow/.local/lib/python3.12/site-packages/airflow/example_dags/example_latest_only.py
[2024-08-15T00:01:06.694+0000] {processor.py:830} INFO - Processing file /home/airflow/.local/lib/python3.12/site-packages/airflow/example_dags/example_latest_only.py for tasks to queue
[2024-08-15T00:01:06.695+0000] {logging_mixin.py:188} INFO - [2024-08-15T00:01:06.695+0000] {dagbag.py:540} INFO - Filling up the DagBag from /home/airflow/.local/lib/python3.12/site-packages/airflow/example_dags/example_latest_only.py
[2024-08-15T00:01:06.698+0000] {processor.py:840} INFO - DAG(s) 'latest_only' retrieved from /home/airflow/.local/lib/python3.12/site-packages/airflow/example_dags/example_latest_only.py
[2024-08-15T00:01:06.710+0000] {logging_mixin.py:188} INFO - [2024-08-15T00:01:06.709+0000] {dag.py:3096} INFO - Sync 1 DAGs
[2024-08-15T00:01:06.722+0000] {logging_mixin.py:188} INFO - [2024-08-15T00:01:06.722+0000] {dag.py:3954} INFO - Setting next_dagrun for latest_only to 2024-08-14 20:00:00+00:00, run_after=2024-08-15 00:00:00+00:00
[2024-08-15T00:01:06.731+0000] {processor.py:183} INFO - Processing /home/airflow/.local/lib/python3.12/site-packages/airflow/example_dags/example_latest_only.py took 0.041 seconds
[2024-08-15T00:01:37.369+0000] {processor.py:161} INFO - Started process (PID=3917) to work on /home/airflow/.local/lib/python3.12/site-packages/airflow/example_dags/example_latest_only.py
[2024-08-15T00:01:37.369+0000] {processor.py:830} INFO - Processing file /home/airflow/.local/lib/python3.12/site-packages/airflow/example_dags/example_latest_only.py for tasks to queue
[2024-08-15T00:01:37.370+0000] {logging_mixin.py:188} INFO - [2024-08-15T00:01:37.370+0000] {dagbag.py:540} INFO - Filling up the DagBag from /home/airflow/.local/lib/python3.12/site-packages/airflow/example_dags/example_latest_only.py
[2024-08-15T00:01:37.373+0000] {processor.py:840} INFO - DAG(s) 'latest_only' retrieved from /home/airflow/.local/lib/python3.12/site-packages/airflow/example_dags/example_latest_only.py
[2024-08-15T00:01:37.385+0000] {logging_mixin.py:188} INFO - [2024-08-15T00:01:37.384+0000] {dag.py:3096} INFO - Sync 1 DAGs
[2024-08-15T00:01:37.397+0000] {logging_mixin.py:188} INFO - [2024-08-15T00:01:37.397+0000] {dag.py:3954} INFO - Setting next_dagrun for latest_only to 2024-08-14 20:00:00+00:00, run_after=2024-08-15 00:00:00+00:00
[2024-08-15T00:01:37.407+0000] {processor.py:183} INFO - Processing /home/airflow/.local/lib/python3.12/site-packages/airflow/example_dags/example_latest_only.py took 0.041 seconds
[2024-08-15T00:02:07.999+0000] {processor.py:161} INFO - Started process (PID=3975) to work on /home/airflow/.local/lib/python3.12/site-packages/airflow/example_dags/example_latest_only.py
[2024-08-15T00:02:07.999+0000] {processor.py:830} INFO - Processing file /home/airflow/.local/lib/python3.12/site-packages/airflow/example_dags/example_latest_only.py for tasks to queue
[2024-08-15T00:02:08.000+0000] {logging_mixin.py:188} INFO - [2024-08-15T00:02:08.000+0000] {dagbag.py:540} INFO - Filling up the DagBag from /home/airflow/.local/lib/python3.12/site-packages/airflow/example_dags/example_latest_only.py
[2024-08-15T00:02:08.003+0000] {processor.py:840} INFO - DAG(s) 'latest_only' retrieved from /home/airflow/.local/lib/python3.12/site-packages/airflow/example_dags/example_latest_only.py
[2024-08-15T00:02:08.014+0000] {logging_mixin.py:188} INFO - [2024-08-15T00:02:08.014+0000] {dag.py:3096} INFO - Sync 1 DAGs
[2024-08-15T00:02:08.026+0000] {logging_mixin.py:188} INFO - [2024-08-15T00:02:08.026+0000] {dag.py:3954} INFO - Setting next_dagrun for latest_only to 2024-08-14 20:00:00+00:00, run_after=2024-08-15 00:00:00+00:00
[2024-08-15T00:02:08.035+0000] {processor.py:183} INFO - Processing /home/airflow/.local/lib/python3.12/site-packages/airflow/example_dags/example_latest_only.py took 0.040 seconds
[2024-08-15T00:02:38.635+0000] {processor.py:161} INFO - Started process (PID=4033) to work on /home/airflow/.local/lib/python3.12/site-packages/airflow/example_dags/example_latest_only.py
[2024-08-15T00:02:38.636+0000] {processor.py:830} INFO - Processing file /home/airflow/.local/lib/python3.12/site-packages/airflow/example_dags/example_latest_only.py for tasks to queue
[2024-08-15T00:02:38.637+0000] {logging_mixin.py:188} INFO - [2024-08-15T00:02:38.636+0000] {dagbag.py:540} INFO - Filling up the DagBag from /home/airflow/.local/lib/python3.12/site-packages/airflow/example_dags/example_latest_only.py
[2024-08-15T00:02:38.639+0000] {processor.py:840} INFO - DAG(s) 'latest_only' retrieved from /home/airflow/.local/lib/python3.12/site-packages/airflow/example_dags/example_latest_only.py
[2024-08-15T00:02:38.650+0000] {logging_mixin.py:188} INFO - [2024-08-15T00:02:38.650+0000] {dag.py:3096} INFO - Sync 1 DAGs
[2024-08-15T00:02:38.662+0000] {logging_mixin.py:188} INFO - [2024-08-15T00:02:38.662+0000] {dag.py:3954} INFO - Setting next_dagrun for latest_only to 2024-08-14 20:00:00+00:00, run_after=2024-08-15 00:00:00+00:00
[2024-08-15T00:02:38.672+0000] {processor.py:183} INFO - Processing /home/airflow/.local/lib/python3.12/site-packages/airflow/example_dags/example_latest_only.py took 0.040 seconds
[2024-08-15T00:03:09.219+0000] {processor.py:161} INFO - Started process (PID=4091) to work on /home/airflow/.local/lib/python3.12/site-packages/airflow/example_dags/example_latest_only.py
[2024-08-15T00:03:09.219+0000] {processor.py:830} INFO - Processing file /home/airflow/.local/lib/python3.12/site-packages/airflow/example_dags/example_latest_only.py for tasks to queue
[2024-08-15T00:03:09.220+0000] {logging_mixin.py:188} INFO - [2024-08-15T00:03:09.220+0000] {dagbag.py:540} INFO - Filling up the DagBag from /home/airflow/.local/lib/python3.12/site-packages/airflow/example_dags/example_latest_only.py
[2024-08-15T00:03:09.223+0000] {processor.py:840} INFO - DAG(s) 'latest_only' retrieved from /home/airflow/.local/lib/python3.12/site-packages/airflow/example_dags/example_latest_only.py
[2024-08-15T00:03:09.234+0000] {logging_mixin.py:188} INFO - [2024-08-15T00:03:09.234+0000] {dag.py:3096} INFO - Sync 1 DAGs
[2024-08-15T00:03:09.246+0000] {logging_mixin.py:188} INFO - [2024-08-15T00:03:09.246+0000] {dag.py:3954} INFO - Setting next_dagrun for latest_only to 2024-08-14 20:00:00+00:00, run_after=2024-08-15 00:00:00+00:00
[2024-08-15T00:03:09.255+0000] {processor.py:183} INFO - Processing /home/airflow/.local/lib/python3.12/site-packages/airflow/example_dags/example_latest_only.py took 0.040 seconds
[2024-08-15T00:03:39.879+0000] {processor.py:161} INFO - Started process (PID=4149) to work on /home/airflow/.local/lib/python3.12/site-packages/airflow/example_dags/example_latest_only.py
[2024-08-15T00:03:39.879+0000] {processor.py:830} INFO - Processing file /home/airflow/.local/lib/python3.12/site-packages/airflow/example_dags/example_latest_only.py for tasks to queue
[2024-08-15T00:03:39.880+0000] {logging_mixin.py:188} INFO - [2024-08-15T00:03:39.880+0000] {dagbag.py:540} INFO - Filling up the DagBag from /home/airflow/.local/lib/python3.12/site-packages/airflow/example_dags/example_latest_only.py
[2024-08-15T00:03:39.882+0000] {processor.py:840} INFO - DAG(s) 'latest_only' retrieved from /home/airflow/.local/lib/python3.12/site-packages/airflow/example_dags/example_latest_only.py
[2024-08-15T00:03:39.893+0000] {logging_mixin.py:188} INFO - [2024-08-15T00:03:39.892+0000] {dag.py:3096} INFO - Sync 1 DAGs
[2024-08-15T00:03:39.904+0000] {logging_mixin.py:188} INFO - [2024-08-15T00:03:39.904+0000] {dag.py:3954} INFO - Setting next_dagrun for latest_only to 2024-08-14 20:00:00+00:00, run_after=2024-08-15 00:00:00+00:00
[2024-08-15T00:03:39.913+0000] {processor.py:183} INFO - Processing /home/airflow/.local/lib/python3.12/site-packages/airflow/example_dags/example_latest_only.py took 0.037 seconds
[2024-08-15T00:04:10.556+0000] {processor.py:161} INFO - Started process (PID=4207) to work on /home/airflow/.local/lib/python3.12/site-packages/airflow/example_dags/example_latest_only.py
[2024-08-15T00:04:10.556+0000] {processor.py:830} INFO - Processing file /home/airflow/.local/lib/python3.12/site-packages/airflow/example_dags/example_latest_only.py for tasks to queue
[2024-08-15T00:04:10.557+0000] {logging_mixin.py:188} INFO - [2024-08-15T00:04:10.557+0000] {dagbag.py:540} INFO - Filling up the DagBag from /home/airflow/.local/lib/python3.12/site-packages/airflow/example_dags/example_latest_only.py
[2024-08-15T00:04:10.560+0000] {processor.py:840} INFO - DAG(s) 'latest_only' retrieved from /home/airflow/.local/lib/python3.12/site-packages/airflow/example_dags/example_latest_only.py
[2024-08-15T00:04:10.571+0000] {logging_mixin.py:188} INFO - [2024-08-15T00:04:10.571+0000] {dag.py:3096} INFO - Sync 1 DAGs
[2024-08-15T00:04:10.582+0000] {logging_mixin.py:188} INFO - [2024-08-15T00:04:10.582+0000] {dag.py:3954} INFO - Setting next_dagrun for latest_only to 2024-08-14 20:00:00+00:00, run_after=2024-08-15 00:00:00+00:00
[2024-08-15T00:04:10.592+0000] {processor.py:183} INFO - Processing /home/airflow/.local/lib/python3.12/site-packages/airflow/example_dags/example_latest_only.py took 0.039 seconds
[2024-08-15T00:04:41.218+0000] {processor.py:161} INFO - Started process (PID=4265) to work on /home/airflow/.local/lib/python3.12/site-packages/airflow/example_dags/example_latest_only.py
[2024-08-15T00:04:41.218+0000] {processor.py:830} INFO - Processing file /home/airflow/.local/lib/python3.12/site-packages/airflow/example_dags/example_latest_only.py for tasks to queue
[2024-08-15T00:04:41.219+0000] {logging_mixin.py:188} INFO - [2024-08-15T00:04:41.219+0000] {dagbag.py:540} INFO - Filling up the DagBag from /home/airflow/.local/lib/python3.12/site-packages/airflow/example_dags/example_latest_only.py
[2024-08-15T00:04:41.222+0000] {processor.py:840} INFO - DAG(s) 'latest_only' retrieved from /home/airflow/.local/lib/python3.12/site-packages/airflow/example_dags/example_latest_only.py
[2024-08-15T00:04:41.234+0000] {logging_mixin.py:188} INFO - [2024-08-15T00:04:41.234+0000] {dag.py:3096} INFO - Sync 1 DAGs
[2024-08-15T00:04:41.245+0000] {logging_mixin.py:188} INFO - [2024-08-15T00:04:41.245+0000] {dag.py:3954} INFO - Setting next_dagrun for latest_only to 2024-08-14 20:00:00+00:00, run_after=2024-08-15 00:00:00+00:00
[2024-08-15T00:04:41.257+0000] {processor.py:183} INFO - Processing /home/airflow/.local/lib/python3.12/site-packages/airflow/example_dags/example_latest_only.py took 0.042 seconds
[2024-08-15T00:05:11.883+0000] {processor.py:161} INFO - Started process (PID=4323) to work on /home/airflow/.local/lib/python3.12/site-packages/airflow/example_dags/example_latest_only.py
[2024-08-15T00:05:11.884+0000] {processor.py:830} INFO - Processing file /home/airflow/.local/lib/python3.12/site-packages/airflow/example_dags/example_latest_only.py for tasks to queue
[2024-08-15T00:05:11.885+0000] {logging_mixin.py:188} INFO - [2024-08-15T00:05:11.885+0000] {dagbag.py:540} INFO - Filling up the DagBag from /home/airflow/.local/lib/python3.12/site-packages/airflow/example_dags/example_latest_only.py
[2024-08-15T00:05:11.887+0000] {processor.py:840} INFO - DAG(s) 'latest_only' retrieved from /home/airflow/.local/lib/python3.12/site-packages/airflow/example_dags/example_latest_only.py
[2024-08-15T00:05:11.898+0000] {logging_mixin.py:188} INFO - [2024-08-15T00:05:11.898+0000] {dag.py:3096} INFO - Sync 1 DAGs
[2024-08-15T00:05:11.910+0000] {logging_mixin.py:188} INFO - [2024-08-15T00:05:11.909+0000] {dag.py:3954} INFO - Setting next_dagrun for latest_only to 2024-08-14 20:00:00+00:00, run_after=2024-08-15 00:00:00+00:00
[2024-08-15T00:05:11.919+0000] {processor.py:183} INFO - Processing /home/airflow/.local/lib/python3.12/site-packages/airflow/example_dags/example_latest_only.py took 0.038 seconds
[2024-08-15T00:05:42.541+0000] {processor.py:161} INFO - Started process (PID=4381) to work on /home/airflow/.local/lib/python3.12/site-packages/airflow/example_dags/example_latest_only.py
[2024-08-15T00:05:42.542+0000] {processor.py:830} INFO - Processing file /home/airflow/.local/lib/python3.12/site-packages/airflow/example_dags/example_latest_only.py for tasks to queue
[2024-08-15T00:05:42.543+0000] {logging_mixin.py:188} INFO - [2024-08-15T00:05:42.543+0000] {dagbag.py:540} INFO - Filling up the DagBag from /home/airflow/.local/lib/python3.12/site-packages/airflow/example_dags/example_latest_only.py
[2024-08-15T00:05:42.545+0000] {processor.py:840} INFO - DAG(s) 'latest_only' retrieved from /home/airflow/.local/lib/python3.12/site-packages/airflow/example_dags/example_latest_only.py
[2024-08-15T00:05:42.556+0000] {logging_mixin.py:188} INFO - [2024-08-15T00:05:42.556+0000] {dag.py:3096} INFO - Sync 1 DAGs
[2024-08-15T00:05:42.568+0000] {logging_mixin.py:188} INFO - [2024-08-15T00:05:42.567+0000] {dag.py:3954} INFO - Setting next_dagrun for latest_only to 2024-08-14 20:00:00+00:00, run_after=2024-08-15 00:00:00+00:00
[2024-08-15T00:05:42.577+0000] {processor.py:183} INFO - Processing /home/airflow/.local/lib/python3.12/site-packages/airflow/example_dags/example_latest_only.py took 0.039 seconds
[2024-08-15T00:06:13.214+0000] {processor.py:161} INFO - Started process (PID=4439) to work on /home/airflow/.local/lib/python3.12/site-packages/airflow/example_dags/example_latest_only.py
[2024-08-15T00:06:13.215+0000] {processor.py:830} INFO - Processing file /home/airflow/.local/lib/python3.12/site-packages/airflow/example_dags/example_latest_only.py for tasks to queue
[2024-08-15T00:06:13.216+0000] {logging_mixin.py:188} INFO - [2024-08-15T00:06:13.216+0000] {dagbag.py:540} INFO - Filling up the DagBag from /home/airflow/.local/lib/python3.12/site-packages/airflow/example_dags/example_latest_only.py
[2024-08-15T00:06:13.218+0000] {processor.py:840} INFO - DAG(s) 'latest_only' retrieved from /home/airflow/.local/lib/python3.12/site-packages/airflow/example_dags/example_latest_only.py
[2024-08-15T00:06:13.230+0000] {logging_mixin.py:188} INFO - [2024-08-15T00:06:13.229+0000] {dag.py:3096} INFO - Sync 1 DAGs
[2024-08-15T00:06:13.241+0000] {logging_mixin.py:188} INFO - [2024-08-15T00:06:13.241+0000] {dag.py:3954} INFO - Setting next_dagrun for latest_only to 2024-08-14 20:00:00+00:00, run_after=2024-08-15 00:00:00+00:00
[2024-08-15T00:06:13.251+0000] {processor.py:183} INFO - Processing /home/airflow/.local/lib/python3.12/site-packages/airflow/example_dags/example_latest_only.py took 0.040 seconds
[2024-08-15T00:06:43.809+0000] {processor.py:161} INFO - Started process (PID=4497) to work on /home/airflow/.local/lib/python3.12/site-packages/airflow/example_dags/example_latest_only.py
[2024-08-15T00:06:43.810+0000] {processor.py:830} INFO - Processing file /home/airflow/.local/lib/python3.12/site-packages/airflow/example_dags/example_latest_only.py for tasks to queue
[2024-08-15T00:06:43.811+0000] {logging_mixin.py:188} INFO - [2024-08-15T00:06:43.811+0000] {dagbag.py:540} INFO - Filling up the DagBag from /home/airflow/.local/lib/python3.12/site-packages/airflow/example_dags/example_latest_only.py
[2024-08-15T00:06:43.814+0000] {processor.py:840} INFO - DAG(s) 'latest_only' retrieved from /home/airflow/.local/lib/python3.12/site-packages/airflow/example_dags/example_latest_only.py
[2024-08-15T00:06:43.827+0000] {logging_mixin.py:188} INFO - [2024-08-15T00:06:43.827+0000] {dag.py:3096} INFO - Sync 1 DAGs
[2024-08-15T00:06:43.840+0000] {logging_mixin.py:188} INFO - [2024-08-15T00:06:43.839+0000] {dag.py:3954} INFO - Setting next_dagrun for latest_only to 2024-08-14 20:00:00+00:00, run_after=2024-08-15 00:00:00+00:00
[2024-08-15T00:06:43.850+0000] {processor.py:183} INFO - Processing /home/airflow/.local/lib/python3.12/site-packages/airflow/example_dags/example_latest_only.py took 0.044 seconds
[2024-08-15T00:07:14.373+0000] {processor.py:161} INFO - Started process (PID=4555) to work on /home/airflow/.local/lib/python3.12/site-packages/airflow/example_dags/example_latest_only.py
[2024-08-15T00:07:14.373+0000] {processor.py:830} INFO - Processing file /home/airflow/.local/lib/python3.12/site-packages/airflow/example_dags/example_latest_only.py for tasks to queue
[2024-08-15T00:07:14.374+0000] {logging_mixin.py:188} INFO - [2024-08-15T00:07:14.374+0000] {dagbag.py:540} INFO - Filling up the DagBag from /home/airflow/.local/lib/python3.12/site-packages/airflow/example_dags/example_latest_only.py
[2024-08-15T00:07:14.377+0000] {processor.py:840} INFO - DAG(s) 'latest_only' retrieved from /home/airflow/.local/lib/python3.12/site-packages/airflow/example_dags/example_latest_only.py
[2024-08-15T00:07:14.387+0000] {logging_mixin.py:188} INFO - [2024-08-15T00:07:14.387+0000] {dag.py:3096} INFO - Sync 1 DAGs
[2024-08-15T00:07:14.398+0000] {logging_mixin.py:188} INFO - [2024-08-15T00:07:14.398+0000] {dag.py:3954} INFO - Setting next_dagrun for latest_only to 2024-08-14 20:00:00+00:00, run_after=2024-08-15 00:00:00+00:00
[2024-08-15T00:07:14.407+0000] {processor.py:183} INFO - Processing /home/airflow/.local/lib/python3.12/site-packages/airflow/example_dags/example_latest_only.py took 0.038 seconds
[2024-08-15T00:07:44.989+0000] {processor.py:161} INFO - Started process (PID=4613) to work on /home/airflow/.local/lib/python3.12/site-packages/airflow/example_dags/example_latest_only.py
[2024-08-15T00:07:44.990+0000] {processor.py:830} INFO - Processing file /home/airflow/.local/lib/python3.12/site-packages/airflow/example_dags/example_latest_only.py for tasks to queue
[2024-08-15T00:07:44.991+0000] {logging_mixin.py:188} INFO - [2024-08-15T00:07:44.991+0000] {dagbag.py:540} INFO - Filling up the DagBag from /home/airflow/.local/lib/python3.12/site-packages/airflow/example_dags/example_latest_only.py
[2024-08-15T00:07:44.993+0000] {processor.py:840} INFO - DAG(s) 'latest_only' retrieved from /home/airflow/.local/lib/python3.12/site-packages/airflow/example_dags/example_latest_only.py
[2024-08-15T00:07:45.004+0000] {logging_mixin.py:188} INFO - [2024-08-15T00:07:45.004+0000] {dag.py:3096} INFO - Sync 1 DAGs
[2024-08-15T00:07:45.015+0000] {logging_mixin.py:188} INFO - [2024-08-15T00:07:45.015+0000] {dag.py:3954} INFO - Setting next_dagrun for latest_only to 2024-08-14 20:00:00+00:00, run_after=2024-08-15 00:00:00+00:00
[2024-08-15T00:07:45.024+0000] {processor.py:183} INFO - Processing /home/airflow/.local/lib/python3.12/site-packages/airflow/example_dags/example_latest_only.py took 0.038 seconds
[2024-08-15T00:08:15.626+0000] {processor.py:161} INFO - Started process (PID=4671) to work on /home/airflow/.local/lib/python3.12/site-packages/airflow/example_dags/example_latest_only.py
[2024-08-15T00:08:15.627+0000] {processor.py:830} INFO - Processing file /home/airflow/.local/lib/python3.12/site-packages/airflow/example_dags/example_latest_only.py for tasks to queue
[2024-08-15T00:08:15.627+0000] {logging_mixin.py:188} INFO - [2024-08-15T00:08:15.627+0000] {dagbag.py:540} INFO - Filling up the DagBag from /home/airflow/.local/lib/python3.12/site-packages/airflow/example_dags/example_latest_only.py
[2024-08-15T00:08:15.630+0000] {processor.py:840} INFO - DAG(s) 'latest_only' retrieved from /home/airflow/.local/lib/python3.12/site-packages/airflow/example_dags/example_latest_only.py
[2024-08-15T00:08:15.641+0000] {logging_mixin.py:188} INFO - [2024-08-15T00:08:15.641+0000] {dag.py:3096} INFO - Sync 1 DAGs
[2024-08-15T00:08:15.653+0000] {logging_mixin.py:188} INFO - [2024-08-15T00:08:15.653+0000] {dag.py:3954} INFO - Setting next_dagrun for latest_only to 2024-08-14 20:00:00+00:00, run_after=2024-08-15 00:00:00+00:00
[2024-08-15T00:08:15.663+0000] {processor.py:183} INFO - Processing /home/airflow/.local/lib/python3.12/site-packages/airflow/example_dags/example_latest_only.py took 0.041 seconds
[2024-08-15T00:08:46.280+0000] {processor.py:161} INFO - Started process (PID=4729) to work on /home/airflow/.local/lib/python3.12/site-packages/airflow/example_dags/example_latest_only.py
[2024-08-15T00:08:46.280+0000] {processor.py:830} INFO - Processing file /home/airflow/.local/lib/python3.12/site-packages/airflow/example_dags/example_latest_only.py for tasks to queue
[2024-08-15T00:08:46.281+0000] {logging_mixin.py:188} INFO - [2024-08-15T00:08:46.281+0000] {dagbag.py:540} INFO - Filling up the DagBag from /home/airflow/.local/lib/python3.12/site-packages/airflow/example_dags/example_latest_only.py
[2024-08-15T00:08:46.284+0000] {processor.py:840} INFO - DAG(s) 'latest_only' retrieved from /home/airflow/.local/lib/python3.12/site-packages/airflow/example_dags/example_latest_only.py
[2024-08-15T00:08:46.295+0000] {logging_mixin.py:188} INFO - [2024-08-15T00:08:46.295+0000] {dag.py:3096} INFO - Sync 1 DAGs
[2024-08-15T00:08:46.308+0000] {logging_mixin.py:188} INFO - [2024-08-15T00:08:46.308+0000] {dag.py:3954} INFO - Setting next_dagrun for latest_only to 2024-08-14 20:00:00+00:00, run_after=2024-08-15 00:00:00+00:00
[2024-08-15T00:08:46.318+0000] {processor.py:183} INFO - Processing /home/airflow/.local/lib/python3.12/site-packages/airflow/example_dags/example_latest_only.py took 0.041 seconds
[2024-08-15T00:09:16.976+0000] {processor.py:161} INFO - Started process (PID=4787) to work on /home/airflow/.local/lib/python3.12/site-packages/airflow/example_dags/example_latest_only.py
[2024-08-15T00:09:16.977+0000] {processor.py:830} INFO - Processing file /home/airflow/.local/lib/python3.12/site-packages/airflow/example_dags/example_latest_only.py for tasks to queue
[2024-08-15T00:09:16.978+0000] {logging_mixin.py:188} INFO - [2024-08-15T00:09:16.978+0000] {dagbag.py:540} INFO - Filling up the DagBag from /home/airflow/.local/lib/python3.12/site-packages/airflow/example_dags/example_latest_only.py
[2024-08-15T00:09:16.980+0000] {processor.py:840} INFO - DAG(s) 'latest_only' retrieved from /home/airflow/.local/lib/python3.12/site-packages/airflow/example_dags/example_latest_only.py
[2024-08-15T00:09:16.991+0000] {logging_mixin.py:188} INFO - [2024-08-15T00:09:16.991+0000] {dag.py:3096} INFO - Sync 1 DAGs
[2024-08-15T00:09:17.003+0000] {logging_mixin.py:188} INFO - [2024-08-15T00:09:17.002+0000] {dag.py:3954} INFO - Setting next_dagrun for latest_only to 2024-08-14 20:00:00+00:00, run_after=2024-08-15 00:00:00+00:00
[2024-08-15T00:09:17.013+0000] {processor.py:183} INFO - Processing /home/airflow/.local/lib/python3.12/site-packages/airflow/example_dags/example_latest_only.py took 0.039 seconds
[2024-08-15T00:09:47.604+0000] {processor.py:161} INFO - Started process (PID=4845) to work on /home/airflow/.local/lib/python3.12/site-packages/airflow/example_dags/example_latest_only.py
[2024-08-15T00:09:47.604+0000] {processor.py:830} INFO - Processing file /home/airflow/.local/lib/python3.12/site-packages/airflow/example_dags/example_latest_only.py for tasks to queue
[2024-08-15T00:09:47.605+0000] {logging_mixin.py:188} INFO - [2024-08-15T00:09:47.605+0000] {dagbag.py:540} INFO - Filling up the DagBag from /home/airflow/.local/lib/python3.12/site-packages/airflow/example_dags/example_latest_only.py
[2024-08-15T00:09:47.607+0000] {processor.py:840} INFO - DAG(s) 'latest_only' retrieved from /home/airflow/.local/lib/python3.12/site-packages/airflow/example_dags/example_latest_only.py
[2024-08-15T00:09:47.618+0000] {logging_mixin.py:188} INFO - [2024-08-15T00:09:47.618+0000] {dag.py:3096} INFO - Sync 1 DAGs
[2024-08-15T00:09:47.629+0000] {logging_mixin.py:188} INFO - [2024-08-15T00:09:47.629+0000] {dag.py:3954} INFO - Setting next_dagrun for latest_only to 2024-08-14 20:00:00+00:00, run_after=2024-08-15 00:00:00+00:00
[2024-08-15T00:09:47.638+0000] {processor.py:183} INFO - Processing /home/airflow/.local/lib/python3.12/site-packages/airflow/example_dags/example_latest_only.py took 0.038 seconds
[2024-08-15T00:10:18.253+0000] {processor.py:161} INFO - Started process (PID=4903) to work on /home/airflow/.local/lib/python3.12/site-packages/airflow/example_dags/example_latest_only.py
[2024-08-15T00:10:18.253+0000] {processor.py:830} INFO - Processing file /home/airflow/.local/lib/python3.12/site-packages/airflow/example_dags/example_latest_only.py for tasks to queue
[2024-08-15T00:10:18.254+0000] {logging_mixin.py:188} INFO - [2024-08-15T00:10:18.254+0000] {dagbag.py:540} INFO - Filling up the DagBag from /home/airflow/.local/lib/python3.12/site-packages/airflow/example_dags/example_latest_only.py
[2024-08-15T00:10:18.257+0000] {processor.py:840} INFO - DAG(s) 'latest_only' retrieved from /home/airflow/.local/lib/python3.12/site-packages/airflow/example_dags/example_latest_only.py
[2024-08-15T00:10:18.267+0000] {logging_mixin.py:188} INFO - [2024-08-15T00:10:18.267+0000] {dag.py:3096} INFO - Sync 1 DAGs
[2024-08-15T00:10:18.278+0000] {logging_mixin.py:188} INFO - [2024-08-15T00:10:18.278+0000] {dag.py:3954} INFO - Setting next_dagrun for latest_only to 2024-08-14 20:00:00+00:00, run_after=2024-08-15 00:00:00+00:00
[2024-08-15T00:10:18.287+0000] {processor.py:183} INFO - Processing /home/airflow/.local/lib/python3.12/site-packages/airflow/example_dags/example_latest_only.py took 0.038 seconds
[2024-08-15T00:10:48.844+0000] {processor.py:161} INFO - Started process (PID=4961) to work on /home/airflow/.local/lib/python3.12/site-packages/airflow/example_dags/example_latest_only.py
[2024-08-15T00:10:48.845+0000] {processor.py:830} INFO - Processing file /home/airflow/.local/lib/python3.12/site-packages/airflow/example_dags/example_latest_only.py for tasks to queue
[2024-08-15T00:10:48.845+0000] {logging_mixin.py:188} INFO - [2024-08-15T00:10:48.845+0000] {dagbag.py:540} INFO - Filling up the DagBag from /home/airflow/.local/lib/python3.12/site-packages/airflow/example_dags/example_latest_only.py
[2024-08-15T00:10:48.848+0000] {processor.py:840} INFO - DAG(s) 'latest_only' retrieved from /home/airflow/.local/lib/python3.12/site-packages/airflow/example_dags/example_latest_only.py
[2024-08-15T00:10:48.859+0000] {logging_mixin.py:188} INFO - [2024-08-15T00:10:48.859+0000] {dag.py:3096} INFO - Sync 1 DAGs
[2024-08-15T00:10:48.871+0000] {logging_mixin.py:188} INFO - [2024-08-15T00:10:48.870+0000] {dag.py:3954} INFO - Setting next_dagrun for latest_only to 2024-08-14 20:00:00+00:00, run_after=2024-08-15 00:00:00+00:00
[2024-08-15T00:10:48.880+0000] {processor.py:183} INFO - Processing /home/airflow/.local/lib/python3.12/site-packages/airflow/example_dags/example_latest_only.py took 0.040 seconds
[2024-08-15T00:11:19.489+0000] {processor.py:161} INFO - Started process (PID=5019) to work on /home/airflow/.local/lib/python3.12/site-packages/airflow/example_dags/example_latest_only.py
[2024-08-15T00:11:19.490+0000] {processor.py:830} INFO - Processing file /home/airflow/.local/lib/python3.12/site-packages/airflow/example_dags/example_latest_only.py for tasks to queue
[2024-08-15T00:11:19.490+0000] {logging_mixin.py:188} INFO - [2024-08-15T00:11:19.490+0000] {dagbag.py:540} INFO - Filling up the DagBag from /home/airflow/.local/lib/python3.12/site-packages/airflow/example_dags/example_latest_only.py
[2024-08-15T00:11:19.493+0000] {processor.py:840} INFO - DAG(s) 'latest_only' retrieved from /home/airflow/.local/lib/python3.12/site-packages/airflow/example_dags/example_latest_only.py
[2024-08-15T00:11:19.504+0000] {logging_mixin.py:188} INFO - [2024-08-15T00:11:19.503+0000] {dag.py:3096} INFO - Sync 1 DAGs
[2024-08-15T00:11:19.515+0000] {logging_mixin.py:188} INFO - [2024-08-15T00:11:19.515+0000] {dag.py:3954} INFO - Setting next_dagrun for latest_only to 2024-08-14 20:00:00+00:00, run_after=2024-08-15 00:00:00+00:00
[2024-08-15T00:11:19.524+0000] {processor.py:183} INFO - Processing /home/airflow/.local/lib/python3.12/site-packages/airflow/example_dags/example_latest_only.py took 0.038 seconds
