[2024-08-15T00:00:07.169+0000] {processor.py:161} INFO - Started process (PID=3765) to work on /home/airflow/.local/lib/python3.12/site-packages/airflow/example_dags/example_sensors.py
[2024-08-15T00:00:07.169+0000] {processor.py:830} INFO - Processing file /home/airflow/.local/lib/python3.12/site-packages/airflow/example_dags/example_sensors.py for tasks to queue
[2024-08-15T00:00:07.170+0000] {logging_mixin.py:188} INFO - [2024-08-15T00:00:07.170+0000] {dagbag.py:540} INFO - Filling up the DagBag from /home/airflow/.local/lib/python3.12/site-packages/airflow/example_dags/example_sensors.py
[2024-08-15T00:00:07.175+0000] {processor.py:840} INFO - DAG(s) 'example_sensors' retrieved from /home/airflow/.local/lib/python3.12/site-packages/airflow/example_dags/example_sensors.py
[2024-08-15T00:00:07.189+0000] {logging_mixin.py:188} INFO - [2024-08-15T00:00:07.188+0000] {dag.py:3096} INFO - Sync 1 DAGs
[2024-08-15T00:00:07.196+0000] {logging_mixin.py:188} INFO - [2024-08-15T00:00:07.196+0000] {dag.py:3954} INFO - Setting next_dagrun for example_sensors to None, run_after=None
[2024-08-15T00:00:07.206+0000] {processor.py:183} INFO - Processing /home/airflow/.local/lib/python3.12/site-packages/airflow/example_dags/example_sensors.py took 0.040 seconds
[2024-08-15T00:00:37.793+0000] {processor.py:161} INFO - Started process (PID=3823) to work on /home/airflow/.local/lib/python3.12/site-packages/airflow/example_dags/example_sensors.py
[2024-08-15T00:00:37.793+0000] {processor.py:830} INFO - Processing file /home/airflow/.local/lib/python3.12/site-packages/airflow/example_dags/example_sensors.py for tasks to queue
[2024-08-15T00:00:37.794+0000] {logging_mixin.py:188} INFO - [2024-08-15T00:00:37.794+0000] {dagbag.py:540} INFO - Filling up the DagBag from /home/airflow/.local/lib/python3.12/site-packages/airflow/example_dags/example_sensors.py
[2024-08-15T00:00:37.799+0000] {processor.py:840} INFO - DAG(s) 'example_sensors' retrieved from /home/airflow/.local/lib/python3.12/site-packages/airflow/example_dags/example_sensors.py
[2024-08-15T00:00:37.813+0000] {logging_mixin.py:188} INFO - [2024-08-15T00:00:37.813+0000] {dag.py:3096} INFO - Sync 1 DAGs
[2024-08-15T00:00:37.819+0000] {logging_mixin.py:188} INFO - [2024-08-15T00:00:37.819+0000] {dag.py:3954} INFO - Setting next_dagrun for example_sensors to None, run_after=None
[2024-08-15T00:00:37.829+0000] {processor.py:183} INFO - Processing /home/airflow/.local/lib/python3.12/site-packages/airflow/example_dags/example_sensors.py took 0.040 seconds
[2024-08-15T00:01:08.458+0000] {processor.py:161} INFO - Started process (PID=3881) to work on /home/airflow/.local/lib/python3.12/site-packages/airflow/example_dags/example_sensors.py
[2024-08-15T00:01:08.459+0000] {processor.py:830} INFO - Processing file /home/airflow/.local/lib/python3.12/site-packages/airflow/example_dags/example_sensors.py for tasks to queue
[2024-08-15T00:01:08.460+0000] {logging_mixin.py:188} INFO - [2024-08-15T00:01:08.459+0000] {dagbag.py:540} INFO - Filling up the DagBag from /home/airflow/.local/lib/python3.12/site-packages/airflow/example_dags/example_sensors.py
[2024-08-15T00:01:08.464+0000] {processor.py:840} INFO - DAG(s) 'example_sensors' retrieved from /home/airflow/.local/lib/python3.12/site-packages/airflow/example_dags/example_sensors.py
[2024-08-15T00:01:08.479+0000] {logging_mixin.py:188} INFO - [2024-08-15T00:01:08.479+0000] {dag.py:3096} INFO - Sync 1 DAGs
[2024-08-15T00:01:08.485+0000] {logging_mixin.py:188} INFO - [2024-08-15T00:01:08.485+0000] {dag.py:3954} INFO - Setting next_dagrun for example_sensors to None, run_after=None
[2024-08-15T00:01:08.495+0000] {processor.py:183} INFO - Processing /home/airflow/.local/lib/python3.12/site-packages/airflow/example_dags/example_sensors.py took 0.040 seconds
[2024-08-15T00:01:39.092+0000] {processor.py:161} INFO - Started process (PID=3939) to work on /home/airflow/.local/lib/python3.12/site-packages/airflow/example_dags/example_sensors.py
[2024-08-15T00:01:39.092+0000] {processor.py:830} INFO - Processing file /home/airflow/.local/lib/python3.12/site-packages/airflow/example_dags/example_sensors.py for tasks to queue
[2024-08-15T00:01:39.093+0000] {logging_mixin.py:188} INFO - [2024-08-15T00:01:39.093+0000] {dagbag.py:540} INFO - Filling up the DagBag from /home/airflow/.local/lib/python3.12/site-packages/airflow/example_dags/example_sensors.py
[2024-08-15T00:01:39.098+0000] {processor.py:840} INFO - DAG(s) 'example_sensors' retrieved from /home/airflow/.local/lib/python3.12/site-packages/airflow/example_dags/example_sensors.py
[2024-08-15T00:01:39.112+0000] {logging_mixin.py:188} INFO - [2024-08-15T00:01:39.112+0000] {dag.py:3096} INFO - Sync 1 DAGs
[2024-08-15T00:01:39.119+0000] {logging_mixin.py:188} INFO - [2024-08-15T00:01:39.118+0000] {dag.py:3954} INFO - Setting next_dagrun for example_sensors to None, run_after=None
[2024-08-15T00:01:39.129+0000] {processor.py:183} INFO - Processing /home/airflow/.local/lib/python3.12/site-packages/airflow/example_dags/example_sensors.py took 0.041 seconds
[2024-08-15T00:02:09.723+0000] {processor.py:161} INFO - Started process (PID=3997) to work on /home/airflow/.local/lib/python3.12/site-packages/airflow/example_dags/example_sensors.py
[2024-08-15T00:02:09.724+0000] {processor.py:830} INFO - Processing file /home/airflow/.local/lib/python3.12/site-packages/airflow/example_dags/example_sensors.py for tasks to queue
[2024-08-15T00:02:09.725+0000] {logging_mixin.py:188} INFO - [2024-08-15T00:02:09.724+0000] {dagbag.py:540} INFO - Filling up the DagBag from /home/airflow/.local/lib/python3.12/site-packages/airflow/example_dags/example_sensors.py
[2024-08-15T00:02:09.729+0000] {processor.py:840} INFO - DAG(s) 'example_sensors' retrieved from /home/airflow/.local/lib/python3.12/site-packages/airflow/example_dags/example_sensors.py
[2024-08-15T00:02:09.743+0000] {logging_mixin.py:188} INFO - [2024-08-15T00:02:09.743+0000] {dag.py:3096} INFO - Sync 1 DAGs
[2024-08-15T00:02:09.750+0000] {logging_mixin.py:188} INFO - [2024-08-15T00:02:09.749+0000] {dag.py:3954} INFO - Setting next_dagrun for example_sensors to None, run_after=None
[2024-08-15T00:02:09.759+0000] {processor.py:183} INFO - Processing /home/airflow/.local/lib/python3.12/site-packages/airflow/example_dags/example_sensors.py took 0.039 seconds
[2024-08-15T00:02:40.382+0000] {processor.py:161} INFO - Started process (PID=4055) to work on /home/airflow/.local/lib/python3.12/site-packages/airflow/example_dags/example_sensors.py
[2024-08-15T00:02:40.383+0000] {processor.py:830} INFO - Processing file /home/airflow/.local/lib/python3.12/site-packages/airflow/example_dags/example_sensors.py for tasks to queue
[2024-08-15T00:02:40.384+0000] {logging_mixin.py:188} INFO - [2024-08-15T00:02:40.383+0000] {dagbag.py:540} INFO - Filling up the DagBag from /home/airflow/.local/lib/python3.12/site-packages/airflow/example_dags/example_sensors.py
[2024-08-15T00:02:40.388+0000] {processor.py:840} INFO - DAG(s) 'example_sensors' retrieved from /home/airflow/.local/lib/python3.12/site-packages/airflow/example_dags/example_sensors.py
[2024-08-15T00:02:40.403+0000] {logging_mixin.py:188} INFO - [2024-08-15T00:02:40.403+0000] {dag.py:3096} INFO - Sync 1 DAGs
[2024-08-15T00:02:40.410+0000] {logging_mixin.py:188} INFO - [2024-08-15T00:02:40.410+0000] {dag.py:3954} INFO - Setting next_dagrun for example_sensors to None, run_after=None
[2024-08-15T00:02:40.420+0000] {processor.py:183} INFO - Processing /home/airflow/.local/lib/python3.12/site-packages/airflow/example_dags/example_sensors.py took 0.041 seconds
[2024-08-15T00:03:10.968+0000] {processor.py:161} INFO - Started process (PID=4113) to work on /home/airflow/.local/lib/python3.12/site-packages/airflow/example_dags/example_sensors.py
[2024-08-15T00:03:10.969+0000] {processor.py:830} INFO - Processing file /home/airflow/.local/lib/python3.12/site-packages/airflow/example_dags/example_sensors.py for tasks to queue
[2024-08-15T00:03:10.970+0000] {logging_mixin.py:188} INFO - [2024-08-15T00:03:10.970+0000] {dagbag.py:540} INFO - Filling up the DagBag from /home/airflow/.local/lib/python3.12/site-packages/airflow/example_dags/example_sensors.py
[2024-08-15T00:03:10.974+0000] {processor.py:840} INFO - DAG(s) 'example_sensors' retrieved from /home/airflow/.local/lib/python3.12/site-packages/airflow/example_dags/example_sensors.py
[2024-08-15T00:03:10.989+0000] {logging_mixin.py:188} INFO - [2024-08-15T00:03:10.988+0000] {dag.py:3096} INFO - Sync 1 DAGs
[2024-08-15T00:03:10.995+0000] {logging_mixin.py:188} INFO - [2024-08-15T00:03:10.995+0000] {dag.py:3954} INFO - Setting next_dagrun for example_sensors to None, run_after=None
[2024-08-15T00:03:11.006+0000] {processor.py:183} INFO - Processing /home/airflow/.local/lib/python3.12/site-packages/airflow/example_dags/example_sensors.py took 0.040 seconds
[2024-08-15T00:03:41.629+0000] {processor.py:161} INFO - Started process (PID=4171) to work on /home/airflow/.local/lib/python3.12/site-packages/airflow/example_dags/example_sensors.py
[2024-08-15T00:03:41.629+0000] {processor.py:830} INFO - Processing file /home/airflow/.local/lib/python3.12/site-packages/airflow/example_dags/example_sensors.py for tasks to queue
[2024-08-15T00:03:41.630+0000] {logging_mixin.py:188} INFO - [2024-08-15T00:03:41.630+0000] {dagbag.py:540} INFO - Filling up the DagBag from /home/airflow/.local/lib/python3.12/site-packages/airflow/example_dags/example_sensors.py
[2024-08-15T00:03:41.635+0000] {processor.py:840} INFO - DAG(s) 'example_sensors' retrieved from /home/airflow/.local/lib/python3.12/site-packages/airflow/example_dags/example_sensors.py
[2024-08-15T00:03:41.650+0000] {logging_mixin.py:188} INFO - [2024-08-15T00:03:41.650+0000] {dag.py:3096} INFO - Sync 1 DAGs
[2024-08-15T00:03:41.657+0000] {logging_mixin.py:188} INFO - [2024-08-15T00:03:41.656+0000] {dag.py:3954} INFO - Setting next_dagrun for example_sensors to None, run_after=None
[2024-08-15T00:03:41.667+0000] {processor.py:183} INFO - Processing /home/airflow/.local/lib/python3.12/site-packages/airflow/example_dags/example_sensors.py took 0.042 seconds
[2024-08-15T00:04:12.294+0000] {processor.py:161} INFO - Started process (PID=4229) to work on /home/airflow/.local/lib/python3.12/site-packages/airflow/example_dags/example_sensors.py
[2024-08-15T00:04:12.294+0000] {processor.py:830} INFO - Processing file /home/airflow/.local/lib/python3.12/site-packages/airflow/example_dags/example_sensors.py for tasks to queue
[2024-08-15T00:04:12.295+0000] {logging_mixin.py:188} INFO - [2024-08-15T00:04:12.295+0000] {dagbag.py:540} INFO - Filling up the DagBag from /home/airflow/.local/lib/python3.12/site-packages/airflow/example_dags/example_sensors.py
[2024-08-15T00:04:12.300+0000] {processor.py:840} INFO - DAG(s) 'example_sensors' retrieved from /home/airflow/.local/lib/python3.12/site-packages/airflow/example_dags/example_sensors.py
[2024-08-15T00:04:12.314+0000] {logging_mixin.py:188} INFO - [2024-08-15T00:04:12.314+0000] {dag.py:3096} INFO - Sync 1 DAGs
[2024-08-15T00:04:12.321+0000] {logging_mixin.py:188} INFO - [2024-08-15T00:04:12.321+0000] {dag.py:3954} INFO - Setting next_dagrun for example_sensors to None, run_after=None
[2024-08-15T00:04:12.331+0000] {processor.py:183} INFO - Processing /home/airflow/.local/lib/python3.12/site-packages/airflow/example_dags/example_sensors.py took 0.041 seconds
[2024-08-15T00:04:42.989+0000] {processor.py:161} INFO - Started process (PID=4287) to work on /home/airflow/.local/lib/python3.12/site-packages/airflow/example_dags/example_sensors.py
[2024-08-15T00:04:42.990+0000] {processor.py:830} INFO - Processing file /home/airflow/.local/lib/python3.12/site-packages/airflow/example_dags/example_sensors.py for tasks to queue
[2024-08-15T00:04:42.991+0000] {logging_mixin.py:188} INFO - [2024-08-15T00:04:42.991+0000] {dagbag.py:540} INFO - Filling up the DagBag from /home/airflow/.local/lib/python3.12/site-packages/airflow/example_dags/example_sensors.py
[2024-08-15T00:04:42.996+0000] {processor.py:840} INFO - DAG(s) 'example_sensors' retrieved from /home/airflow/.local/lib/python3.12/site-packages/airflow/example_dags/example_sensors.py
[2024-08-15T00:04:43.010+0000] {logging_mixin.py:188} INFO - [2024-08-15T00:04:43.010+0000] {dag.py:3096} INFO - Sync 1 DAGs
[2024-08-15T00:04:43.017+0000] {logging_mixin.py:188} INFO - [2024-08-15T00:04:43.017+0000] {dag.py:3954} INFO - Setting next_dagrun for example_sensors to None, run_after=None
[2024-08-15T00:04:43.027+0000] {processor.py:183} INFO - Processing /home/airflow/.local/lib/python3.12/site-packages/airflow/example_dags/example_sensors.py took 0.041 seconds
[2024-08-15T00:05:13.609+0000] {processor.py:161} INFO - Started process (PID=4345) to work on /home/airflow/.local/lib/python3.12/site-packages/airflow/example_dags/example_sensors.py
[2024-08-15T00:05:13.609+0000] {processor.py:830} INFO - Processing file /home/airflow/.local/lib/python3.12/site-packages/airflow/example_dags/example_sensors.py for tasks to queue
[2024-08-15T00:05:13.610+0000] {logging_mixin.py:188} INFO - [2024-08-15T00:05:13.610+0000] {dagbag.py:540} INFO - Filling up the DagBag from /home/airflow/.local/lib/python3.12/site-packages/airflow/example_dags/example_sensors.py
[2024-08-15T00:05:13.615+0000] {processor.py:840} INFO - DAG(s) 'example_sensors' retrieved from /home/airflow/.local/lib/python3.12/site-packages/airflow/example_dags/example_sensors.py
[2024-08-15T00:05:13.630+0000] {logging_mixin.py:188} INFO - [2024-08-15T00:05:13.630+0000] {dag.py:3096} INFO - Sync 1 DAGs
[2024-08-15T00:05:13.637+0000] {logging_mixin.py:188} INFO - [2024-08-15T00:05:13.636+0000] {dag.py:3954} INFO - Setting next_dagrun for example_sensors to None, run_after=None
[2024-08-15T00:05:13.647+0000] {processor.py:183} INFO - Processing /home/airflow/.local/lib/python3.12/site-packages/airflow/example_dags/example_sensors.py took 0.041 seconds
[2024-08-15T00:05:44.285+0000] {processor.py:161} INFO - Started process (PID=4403) to work on /home/airflow/.local/lib/python3.12/site-packages/airflow/example_dags/example_sensors.py
[2024-08-15T00:05:44.285+0000] {processor.py:830} INFO - Processing file /home/airflow/.local/lib/python3.12/site-packages/airflow/example_dags/example_sensors.py for tasks to queue
[2024-08-15T00:05:44.286+0000] {logging_mixin.py:188} INFO - [2024-08-15T00:05:44.286+0000] {dagbag.py:540} INFO - Filling up the DagBag from /home/airflow/.local/lib/python3.12/site-packages/airflow/example_dags/example_sensors.py
[2024-08-15T00:05:44.291+0000] {processor.py:840} INFO - DAG(s) 'example_sensors' retrieved from /home/airflow/.local/lib/python3.12/site-packages/airflow/example_dags/example_sensors.py
[2024-08-15T00:05:44.306+0000] {logging_mixin.py:188} INFO - [2024-08-15T00:05:44.306+0000] {dag.py:3096} INFO - Sync 1 DAGs
[2024-08-15T00:05:44.313+0000] {logging_mixin.py:188} INFO - [2024-08-15T00:05:44.313+0000] {dag.py:3954} INFO - Setting next_dagrun for example_sensors to None, run_after=None
[2024-08-15T00:05:44.324+0000] {processor.py:183} INFO - Processing /home/airflow/.local/lib/python3.12/site-packages/airflow/example_dags/example_sensors.py took 0.042 seconds
[2024-08-15T00:06:14.957+0000] {processor.py:161} INFO - Started process (PID=4461) to work on /home/airflow/.local/lib/python3.12/site-packages/airflow/example_dags/example_sensors.py
[2024-08-15T00:06:14.958+0000] {processor.py:830} INFO - Processing file /home/airflow/.local/lib/python3.12/site-packages/airflow/example_dags/example_sensors.py for tasks to queue
[2024-08-15T00:06:14.959+0000] {logging_mixin.py:188} INFO - [2024-08-15T00:06:14.958+0000] {dagbag.py:540} INFO - Filling up the DagBag from /home/airflow/.local/lib/python3.12/site-packages/airflow/example_dags/example_sensors.py
[2024-08-15T00:06:14.963+0000] {processor.py:840} INFO - DAG(s) 'example_sensors' retrieved from /home/airflow/.local/lib/python3.12/site-packages/airflow/example_dags/example_sensors.py
[2024-08-15T00:06:14.977+0000] {logging_mixin.py:188} INFO - [2024-08-15T00:06:14.977+0000] {dag.py:3096} INFO - Sync 1 DAGs
[2024-08-15T00:06:14.984+0000] {logging_mixin.py:188} INFO - [2024-08-15T00:06:14.984+0000] {dag.py:3954} INFO - Setting next_dagrun for example_sensors to None, run_after=None
[2024-08-15T00:06:14.993+0000] {processor.py:183} INFO - Processing /home/airflow/.local/lib/python3.12/site-packages/airflow/example_dags/example_sensors.py took 0.039 seconds
[2024-08-15T00:06:45.563+0000] {processor.py:161} INFO - Started process (PID=4519) to work on /home/airflow/.local/lib/python3.12/site-packages/airflow/example_dags/example_sensors.py
[2024-08-15T00:06:45.564+0000] {processor.py:830} INFO - Processing file /home/airflow/.local/lib/python3.12/site-packages/airflow/example_dags/example_sensors.py for tasks to queue
[2024-08-15T00:06:45.565+0000] {logging_mixin.py:188} INFO - [2024-08-15T00:06:45.565+0000] {dagbag.py:540} INFO - Filling up the DagBag from /home/airflow/.local/lib/python3.12/site-packages/airflow/example_dags/example_sensors.py
[2024-08-15T00:06:45.569+0000] {processor.py:840} INFO - DAG(s) 'example_sensors' retrieved from /home/airflow/.local/lib/python3.12/site-packages/airflow/example_dags/example_sensors.py
[2024-08-15T00:06:45.584+0000] {logging_mixin.py:188} INFO - [2024-08-15T00:06:45.584+0000] {dag.py:3096} INFO - Sync 1 DAGs
[2024-08-15T00:06:45.591+0000] {logging_mixin.py:188} INFO - [2024-08-15T00:06:45.591+0000] {dag.py:3954} INFO - Setting next_dagrun for example_sensors to None, run_after=None
[2024-08-15T00:06:45.601+0000] {processor.py:183} INFO - Processing /home/airflow/.local/lib/python3.12/site-packages/airflow/example_dags/example_sensors.py took 0.041 seconds
[2024-08-15T00:07:16.094+0000] {processor.py:161} INFO - Started process (PID=4577) to work on /home/airflow/.local/lib/python3.12/site-packages/airflow/example_dags/example_sensors.py
[2024-08-15T00:07:16.095+0000] {processor.py:830} INFO - Processing file /home/airflow/.local/lib/python3.12/site-packages/airflow/example_dags/example_sensors.py for tasks to queue
[2024-08-15T00:07:16.095+0000] {logging_mixin.py:188} INFO - [2024-08-15T00:07:16.095+0000] {dagbag.py:540} INFO - Filling up the DagBag from /home/airflow/.local/lib/python3.12/site-packages/airflow/example_dags/example_sensors.py
[2024-08-15T00:07:16.100+0000] {processor.py:840} INFO - DAG(s) 'example_sensors' retrieved from /home/airflow/.local/lib/python3.12/site-packages/airflow/example_dags/example_sensors.py
[2024-08-15T00:07:16.114+0000] {logging_mixin.py:188} INFO - [2024-08-15T00:07:16.114+0000] {dag.py:3096} INFO - Sync 1 DAGs
[2024-08-15T00:07:16.121+0000] {logging_mixin.py:188} INFO - [2024-08-15T00:07:16.121+0000] {dag.py:3954} INFO - Setting next_dagrun for example_sensors to None, run_after=None
[2024-08-15T00:07:16.131+0000] {processor.py:183} INFO - Processing /home/airflow/.local/lib/python3.12/site-packages/airflow/example_dags/example_sensors.py took 0.040 seconds
[2024-08-15T00:07:46.723+0000] {processor.py:161} INFO - Started process (PID=4635) to work on /home/airflow/.local/lib/python3.12/site-packages/airflow/example_dags/example_sensors.py
[2024-08-15T00:07:46.723+0000] {processor.py:830} INFO - Processing file /home/airflow/.local/lib/python3.12/site-packages/airflow/example_dags/example_sensors.py for tasks to queue
[2024-08-15T00:07:46.724+0000] {logging_mixin.py:188} INFO - [2024-08-15T00:07:46.724+0000] {dagbag.py:540} INFO - Filling up the DagBag from /home/airflow/.local/lib/python3.12/site-packages/airflow/example_dags/example_sensors.py
[2024-08-15T00:07:46.729+0000] {processor.py:840} INFO - DAG(s) 'example_sensors' retrieved from /home/airflow/.local/lib/python3.12/site-packages/airflow/example_dags/example_sensors.py
[2024-08-15T00:07:46.743+0000] {logging_mixin.py:188} INFO - [2024-08-15T00:07:46.743+0000] {dag.py:3096} INFO - Sync 1 DAGs
[2024-08-15T00:07:46.750+0000] {logging_mixin.py:188} INFO - [2024-08-15T00:07:46.750+0000] {dag.py:3954} INFO - Setting next_dagrun for example_sensors to None, run_after=None
[2024-08-15T00:07:46.760+0000] {processor.py:183} INFO - Processing /home/airflow/.local/lib/python3.12/site-packages/airflow/example_dags/example_sensors.py took 0.040 seconds
[2024-08-15T00:08:17.370+0000] {processor.py:161} INFO - Started process (PID=4693) to work on /home/airflow/.local/lib/python3.12/site-packages/airflow/example_dags/example_sensors.py
[2024-08-15T00:08:17.371+0000] {processor.py:830} INFO - Processing file /home/airflow/.local/lib/python3.12/site-packages/airflow/example_dags/example_sensors.py for tasks to queue
[2024-08-15T00:08:17.372+0000] {logging_mixin.py:188} INFO - [2024-08-15T00:08:17.371+0000] {dagbag.py:540} INFO - Filling up the DagBag from /home/airflow/.local/lib/python3.12/site-packages/airflow/example_dags/example_sensors.py
[2024-08-15T00:08:17.376+0000] {processor.py:840} INFO - DAG(s) 'example_sensors' retrieved from /home/airflow/.local/lib/python3.12/site-packages/airflow/example_dags/example_sensors.py
[2024-08-15T00:08:17.391+0000] {logging_mixin.py:188} INFO - [2024-08-15T00:08:17.391+0000] {dag.py:3096} INFO - Sync 1 DAGs
[2024-08-15T00:08:17.398+0000] {logging_mixin.py:188} INFO - [2024-08-15T00:08:17.398+0000] {dag.py:3954} INFO - Setting next_dagrun for example_sensors to None, run_after=None
[2024-08-15T00:08:17.410+0000] {processor.py:183} INFO - Processing /home/airflow/.local/lib/python3.12/site-packages/airflow/example_dags/example_sensors.py took 0.043 seconds
[2024-08-15T00:08:48.081+0000] {processor.py:161} INFO - Started process (PID=4751) to work on /home/airflow/.local/lib/python3.12/site-packages/airflow/example_dags/example_sensors.py
[2024-08-15T00:08:48.082+0000] {processor.py:830} INFO - Processing file /home/airflow/.local/lib/python3.12/site-packages/airflow/example_dags/example_sensors.py for tasks to queue
[2024-08-15T00:08:48.083+0000] {logging_mixin.py:188} INFO - [2024-08-15T00:08:48.083+0000] {dagbag.py:540} INFO - Filling up the DagBag from /home/airflow/.local/lib/python3.12/site-packages/airflow/example_dags/example_sensors.py
[2024-08-15T00:08:48.088+0000] {processor.py:840} INFO - DAG(s) 'example_sensors' retrieved from /home/airflow/.local/lib/python3.12/site-packages/airflow/example_dags/example_sensors.py
[2024-08-15T00:08:48.101+0000] {logging_mixin.py:188} INFO - [2024-08-15T00:08:48.101+0000] {dag.py:3096} INFO - Sync 1 DAGs
[2024-08-15T00:08:48.108+0000] {logging_mixin.py:188} INFO - [2024-08-15T00:08:48.108+0000] {dag.py:3954} INFO - Setting next_dagrun for example_sensors to None, run_after=None
[2024-08-15T00:08:48.118+0000] {processor.py:183} INFO - Processing /home/airflow/.local/lib/python3.12/site-packages/airflow/example_dags/example_sensors.py took 0.039 seconds
[2024-08-15T00:09:18.734+0000] {processor.py:161} INFO - Started process (PID=4809) to work on /home/airflow/.local/lib/python3.12/site-packages/airflow/example_dags/example_sensors.py
[2024-08-15T00:09:18.734+0000] {processor.py:830} INFO - Processing file /home/airflow/.local/lib/python3.12/site-packages/airflow/example_dags/example_sensors.py for tasks to queue
[2024-08-15T00:09:18.735+0000] {logging_mixin.py:188} INFO - [2024-08-15T00:09:18.735+0000] {dagbag.py:540} INFO - Filling up the DagBag from /home/airflow/.local/lib/python3.12/site-packages/airflow/example_dags/example_sensors.py
[2024-08-15T00:09:18.740+0000] {processor.py:840} INFO - DAG(s) 'example_sensors' retrieved from /home/airflow/.local/lib/python3.12/site-packages/airflow/example_dags/example_sensors.py
[2024-08-15T00:09:18.754+0000] {logging_mixin.py:188} INFO - [2024-08-15T00:09:18.754+0000] {dag.py:3096} INFO - Sync 1 DAGs
[2024-08-15T00:09:18.761+0000] {logging_mixin.py:188} INFO - [2024-08-15T00:09:18.760+0000] {dag.py:3954} INFO - Setting next_dagrun for example_sensors to None, run_after=None
[2024-08-15T00:09:18.770+0000] {processor.py:183} INFO - Processing /home/airflow/.local/lib/python3.12/site-packages/airflow/example_dags/example_sensors.py took 0.039 seconds
[2024-08-15T00:09:49.348+0000] {processor.py:161} INFO - Started process (PID=4867) to work on /home/airflow/.local/lib/python3.12/site-packages/airflow/example_dags/example_sensors.py
[2024-08-15T00:09:49.348+0000] {processor.py:830} INFO - Processing file /home/airflow/.local/lib/python3.12/site-packages/airflow/example_dags/example_sensors.py for tasks to queue
[2024-08-15T00:09:49.349+0000] {logging_mixin.py:188} INFO - [2024-08-15T00:09:49.349+0000] {dagbag.py:540} INFO - Filling up the DagBag from /home/airflow/.local/lib/python3.12/site-packages/airflow/example_dags/example_sensors.py
[2024-08-15T00:09:49.354+0000] {processor.py:840} INFO - DAG(s) 'example_sensors' retrieved from /home/airflow/.local/lib/python3.12/site-packages/airflow/example_dags/example_sensors.py
[2024-08-15T00:09:49.368+0000] {logging_mixin.py:188} INFO - [2024-08-15T00:09:49.368+0000] {dag.py:3096} INFO - Sync 1 DAGs
[2024-08-15T00:09:49.375+0000] {logging_mixin.py:188} INFO - [2024-08-15T00:09:49.375+0000] {dag.py:3954} INFO - Setting next_dagrun for example_sensors to None, run_after=None
[2024-08-15T00:09:49.385+0000] {processor.py:183} INFO - Processing /home/airflow/.local/lib/python3.12/site-packages/airflow/example_dags/example_sensors.py took 0.040 seconds
[2024-08-15T00:10:19.923+0000] {processor.py:161} INFO - Started process (PID=4925) to work on /home/airflow/.local/lib/python3.12/site-packages/airflow/example_dags/example_sensors.py
[2024-08-15T00:10:19.924+0000] {processor.py:830} INFO - Processing file /home/airflow/.local/lib/python3.12/site-packages/airflow/example_dags/example_sensors.py for tasks to queue
[2024-08-15T00:10:19.925+0000] {logging_mixin.py:188} INFO - [2024-08-15T00:10:19.925+0000] {dagbag.py:540} INFO - Filling up the DagBag from /home/airflow/.local/lib/python3.12/site-packages/airflow/example_dags/example_sensors.py
[2024-08-15T00:10:19.930+0000] {processor.py:840} INFO - DAG(s) 'example_sensors' retrieved from /home/airflow/.local/lib/python3.12/site-packages/airflow/example_dags/example_sensors.py
[2024-08-15T00:10:19.946+0000] {logging_mixin.py:188} INFO - [2024-08-15T00:10:19.946+0000] {dag.py:3096} INFO - Sync 1 DAGs
[2024-08-15T00:10:19.953+0000] {logging_mixin.py:188} INFO - [2024-08-15T00:10:19.953+0000] {dag.py:3954} INFO - Setting next_dagrun for example_sensors to None, run_after=None
[2024-08-15T00:10:19.964+0000] {processor.py:183} INFO - Processing /home/airflow/.local/lib/python3.12/site-packages/airflow/example_dags/example_sensors.py took 0.044 seconds
[2024-08-15T00:10:50.544+0000] {processor.py:161} INFO - Started process (PID=4983) to work on /home/airflow/.local/lib/python3.12/site-packages/airflow/example_dags/example_sensors.py
[2024-08-15T00:10:50.544+0000] {processor.py:830} INFO - Processing file /home/airflow/.local/lib/python3.12/site-packages/airflow/example_dags/example_sensors.py for tasks to queue
[2024-08-15T00:10:50.545+0000] {logging_mixin.py:188} INFO - [2024-08-15T00:10:50.545+0000] {dagbag.py:540} INFO - Filling up the DagBag from /home/airflow/.local/lib/python3.12/site-packages/airflow/example_dags/example_sensors.py
[2024-08-15T00:10:50.550+0000] {processor.py:840} INFO - DAG(s) 'example_sensors' retrieved from /home/airflow/.local/lib/python3.12/site-packages/airflow/example_dags/example_sensors.py
[2024-08-15T00:10:50.564+0000] {logging_mixin.py:188} INFO - [2024-08-15T00:10:50.564+0000] {dag.py:3096} INFO - Sync 1 DAGs
[2024-08-15T00:10:50.570+0000] {logging_mixin.py:188} INFO - [2024-08-15T00:10:50.570+0000] {dag.py:3954} INFO - Setting next_dagrun for example_sensors to None, run_after=None
[2024-08-15T00:10:50.580+0000] {processor.py:183} INFO - Processing /home/airflow/.local/lib/python3.12/site-packages/airflow/example_dags/example_sensors.py took 0.040 seconds
[2024-08-15T00:11:21.244+0000] {processor.py:161} INFO - Started process (PID=5041) to work on /home/airflow/.local/lib/python3.12/site-packages/airflow/example_dags/example_sensors.py
[2024-08-15T00:11:21.245+0000] {processor.py:830} INFO - Processing file /home/airflow/.local/lib/python3.12/site-packages/airflow/example_dags/example_sensors.py for tasks to queue
[2024-08-15T00:11:21.246+0000] {logging_mixin.py:188} INFO - [2024-08-15T00:11:21.246+0000] {dagbag.py:540} INFO - Filling up the DagBag from /home/airflow/.local/lib/python3.12/site-packages/airflow/example_dags/example_sensors.py
[2024-08-15T00:11:21.251+0000] {processor.py:840} INFO - DAG(s) 'example_sensors' retrieved from /home/airflow/.local/lib/python3.12/site-packages/airflow/example_dags/example_sensors.py
[2024-08-15T00:11:21.265+0000] {logging_mixin.py:188} INFO - [2024-08-15T00:11:21.265+0000] {dag.py:3096} INFO - Sync 1 DAGs
[2024-08-15T00:11:21.273+0000] {logging_mixin.py:188} INFO - [2024-08-15T00:11:21.273+0000] {dag.py:3954} INFO - Setting next_dagrun for example_sensors to None, run_after=None
[2024-08-15T00:11:21.283+0000] {processor.py:183} INFO - Processing /home/airflow/.local/lib/python3.12/site-packages/airflow/example_dags/example_sensors.py took 0.042 seconds
