[2024-08-15T00:00:06.029+0000] {processor.py:161} INFO - Started process (PID=3760) to work on /home/airflow/.local/lib/python3.12/site-packages/airflow/example_dags/example_setup_teardown_taskflow.py
[2024-08-15T00:00:06.030+0000] {processor.py:830} INFO - Processing file /home/airflow/.local/lib/python3.12/site-packages/airflow/example_dags/example_setup_teardown_taskflow.py for tasks to queue
[2024-08-15T00:00:06.031+0000] {logging_mixin.py:188} INFO - [2024-08-15T00:00:06.031+0000] {dagbag.py:540} INFO - Filling up the DagBag from /home/airflow/.local/lib/python3.12/site-packages/airflow/example_dags/example_setup_teardown_taskflow.py
[2024-08-15T00:00:06.036+0000] {processor.py:840} INFO - DAG(s) 'example_setup_teardown_taskflow' retrieved from /home/airflow/.local/lib/python3.12/site-packages/airflow/example_dags/example_setup_teardown_taskflow.py
[2024-08-15T00:00:06.048+0000] {logging_mixin.py:188} INFO - [2024-08-15T00:00:06.048+0000] {dag.py:3096} INFO - Sync 1 DAGs
[2024-08-15T00:00:06.060+0000] {logging_mixin.py:188} INFO - [2024-08-15T00:00:06.060+0000] {dag.py:3954} INFO - Setting next_dagrun for example_setup_teardown_taskflow to 2024-08-14 00:00:00+00:00, run_after=2024-08-15 00:00:00+00:00
[2024-08-15T00:00:06.069+0000] {processor.py:183} INFO - Processing /home/airflow/.local/lib/python3.12/site-packages/airflow/example_dags/example_setup_teardown_taskflow.py took 0.043 seconds
[2024-08-15T00:00:36.612+0000] {processor.py:161} INFO - Started process (PID=3818) to work on /home/airflow/.local/lib/python3.12/site-packages/airflow/example_dags/example_setup_teardown_taskflow.py
[2024-08-15T00:00:36.612+0000] {processor.py:830} INFO - Processing file /home/airflow/.local/lib/python3.12/site-packages/airflow/example_dags/example_setup_teardown_taskflow.py for tasks to queue
[2024-08-15T00:00:36.613+0000] {logging_mixin.py:188} INFO - [2024-08-15T00:00:36.613+0000] {dagbag.py:540} INFO - Filling up the DagBag from /home/airflow/.local/lib/python3.12/site-packages/airflow/example_dags/example_setup_teardown_taskflow.py
[2024-08-15T00:00:36.618+0000] {processor.py:840} INFO - DAG(s) 'example_setup_teardown_taskflow' retrieved from /home/airflow/.local/lib/python3.12/site-packages/airflow/example_dags/example_setup_teardown_taskflow.py
[2024-08-15T00:00:36.630+0000] {logging_mixin.py:188} INFO - [2024-08-15T00:00:36.630+0000] {dag.py:3096} INFO - Sync 1 DAGs
[2024-08-15T00:00:36.642+0000] {logging_mixin.py:188} INFO - [2024-08-15T00:00:36.642+0000] {dag.py:3954} INFO - Setting next_dagrun for example_setup_teardown_taskflow to 2024-08-14 00:00:00+00:00, run_after=2024-08-15 00:00:00+00:00
[2024-08-15T00:00:36.652+0000] {processor.py:183} INFO - Processing /home/airflow/.local/lib/python3.12/site-packages/airflow/example_dags/example_setup_teardown_taskflow.py took 0.043 seconds
[2024-08-15T00:01:07.331+0000] {processor.py:161} INFO - Started process (PID=3876) to work on /home/airflow/.local/lib/python3.12/site-packages/airflow/example_dags/example_setup_teardown_taskflow.py
[2024-08-15T00:01:07.331+0000] {processor.py:830} INFO - Processing file /home/airflow/.local/lib/python3.12/site-packages/airflow/example_dags/example_setup_teardown_taskflow.py for tasks to queue
[2024-08-15T00:01:07.332+0000] {logging_mixin.py:188} INFO - [2024-08-15T00:01:07.332+0000] {dagbag.py:540} INFO - Filling up the DagBag from /home/airflow/.local/lib/python3.12/site-packages/airflow/example_dags/example_setup_teardown_taskflow.py
[2024-08-15T00:01:07.337+0000] {processor.py:840} INFO - DAG(s) 'example_setup_teardown_taskflow' retrieved from /home/airflow/.local/lib/python3.12/site-packages/airflow/example_dags/example_setup_teardown_taskflow.py
[2024-08-15T00:01:07.349+0000] {logging_mixin.py:188} INFO - [2024-08-15T00:01:07.349+0000] {dag.py:3096} INFO - Sync 1 DAGs
[2024-08-15T00:01:07.360+0000] {logging_mixin.py:188} INFO - [2024-08-15T00:01:07.360+0000] {dag.py:3954} INFO - Setting next_dagrun for example_setup_teardown_taskflow to 2024-08-14 00:00:00+00:00, run_after=2024-08-15 00:00:00+00:00
[2024-08-15T00:01:07.369+0000] {processor.py:183} INFO - Processing /home/airflow/.local/lib/python3.12/site-packages/airflow/example_dags/example_setup_teardown_taskflow.py took 0.042 seconds
[2024-08-15T00:01:37.960+0000] {processor.py:161} INFO - Started process (PID=3934) to work on /home/airflow/.local/lib/python3.12/site-packages/airflow/example_dags/example_setup_teardown_taskflow.py
[2024-08-15T00:01:37.961+0000] {processor.py:830} INFO - Processing file /home/airflow/.local/lib/python3.12/site-packages/airflow/example_dags/example_setup_teardown_taskflow.py for tasks to queue
[2024-08-15T00:01:37.962+0000] {logging_mixin.py:188} INFO - [2024-08-15T00:01:37.961+0000] {dagbag.py:540} INFO - Filling up the DagBag from /home/airflow/.local/lib/python3.12/site-packages/airflow/example_dags/example_setup_teardown_taskflow.py
[2024-08-15T00:01:37.967+0000] {processor.py:840} INFO - DAG(s) 'example_setup_teardown_taskflow' retrieved from /home/airflow/.local/lib/python3.12/site-packages/airflow/example_dags/example_setup_teardown_taskflow.py
[2024-08-15T00:01:37.978+0000] {logging_mixin.py:188} INFO - [2024-08-15T00:01:37.978+0000] {dag.py:3096} INFO - Sync 1 DAGs
[2024-08-15T00:01:37.989+0000] {logging_mixin.py:188} INFO - [2024-08-15T00:01:37.989+0000] {dag.py:3954} INFO - Setting next_dagrun for example_setup_teardown_taskflow to 2024-08-14 00:00:00+00:00, run_after=2024-08-15 00:00:00+00:00
[2024-08-15T00:01:37.999+0000] {processor.py:183} INFO - Processing /home/airflow/.local/lib/python3.12/site-packages/airflow/example_dags/example_setup_teardown_taskflow.py took 0.042 seconds
[2024-08-15T00:02:08.590+0000] {processor.py:161} INFO - Started process (PID=3992) to work on /home/airflow/.local/lib/python3.12/site-packages/airflow/example_dags/example_setup_teardown_taskflow.py
[2024-08-15T00:02:08.591+0000] {processor.py:830} INFO - Processing file /home/airflow/.local/lib/python3.12/site-packages/airflow/example_dags/example_setup_teardown_taskflow.py for tasks to queue
[2024-08-15T00:02:08.592+0000] {logging_mixin.py:188} INFO - [2024-08-15T00:02:08.591+0000] {dagbag.py:540} INFO - Filling up the DagBag from /home/airflow/.local/lib/python3.12/site-packages/airflow/example_dags/example_setup_teardown_taskflow.py
[2024-08-15T00:02:08.596+0000] {processor.py:840} INFO - DAG(s) 'example_setup_teardown_taskflow' retrieved from /home/airflow/.local/lib/python3.12/site-packages/airflow/example_dags/example_setup_teardown_taskflow.py
[2024-08-15T00:02:08.609+0000] {logging_mixin.py:188} INFO - [2024-08-15T00:02:08.609+0000] {dag.py:3096} INFO - Sync 1 DAGs
[2024-08-15T00:02:08.620+0000] {logging_mixin.py:188} INFO - [2024-08-15T00:02:08.620+0000] {dag.py:3954} INFO - Setting next_dagrun for example_setup_teardown_taskflow to 2024-08-14 00:00:00+00:00, run_after=2024-08-15 00:00:00+00:00
[2024-08-15T00:02:08.629+0000] {processor.py:183} INFO - Processing /home/airflow/.local/lib/python3.12/site-packages/airflow/example_dags/example_setup_teardown_taskflow.py took 0.042 seconds
[2024-08-15T00:02:39.220+0000] {processor.py:161} INFO - Started process (PID=4050) to work on /home/airflow/.local/lib/python3.12/site-packages/airflow/example_dags/example_setup_teardown_taskflow.py
[2024-08-15T00:02:39.221+0000] {processor.py:830} INFO - Processing file /home/airflow/.local/lib/python3.12/site-packages/airflow/example_dags/example_setup_teardown_taskflow.py for tasks to queue
[2024-08-15T00:02:39.222+0000] {logging_mixin.py:188} INFO - [2024-08-15T00:02:39.221+0000] {dagbag.py:540} INFO - Filling up the DagBag from /home/airflow/.local/lib/python3.12/site-packages/airflow/example_dags/example_setup_teardown_taskflow.py
[2024-08-15T00:02:39.226+0000] {processor.py:840} INFO - DAG(s) 'example_setup_teardown_taskflow' retrieved from /home/airflow/.local/lib/python3.12/site-packages/airflow/example_dags/example_setup_teardown_taskflow.py
[2024-08-15T00:02:39.239+0000] {logging_mixin.py:188} INFO - [2024-08-15T00:02:39.239+0000] {dag.py:3096} INFO - Sync 1 DAGs
[2024-08-15T00:02:39.252+0000] {logging_mixin.py:188} INFO - [2024-08-15T00:02:39.252+0000] {dag.py:3954} INFO - Setting next_dagrun for example_setup_teardown_taskflow to 2024-08-14 00:00:00+00:00, run_after=2024-08-15 00:00:00+00:00
[2024-08-15T00:02:39.261+0000] {processor.py:183} INFO - Processing /home/airflow/.local/lib/python3.12/site-packages/airflow/example_dags/example_setup_teardown_taskflow.py took 0.044 seconds
[2024-08-15T00:03:09.829+0000] {processor.py:161} INFO - Started process (PID=4108) to work on /home/airflow/.local/lib/python3.12/site-packages/airflow/example_dags/example_setup_teardown_taskflow.py
[2024-08-15T00:03:09.829+0000] {processor.py:830} INFO - Processing file /home/airflow/.local/lib/python3.12/site-packages/airflow/example_dags/example_setup_teardown_taskflow.py for tasks to queue
[2024-08-15T00:03:09.830+0000] {logging_mixin.py:188} INFO - [2024-08-15T00:03:09.830+0000] {dagbag.py:540} INFO - Filling up the DagBag from /home/airflow/.local/lib/python3.12/site-packages/airflow/example_dags/example_setup_teardown_taskflow.py
[2024-08-15T00:03:09.836+0000] {processor.py:840} INFO - DAG(s) 'example_setup_teardown_taskflow' retrieved from /home/airflow/.local/lib/python3.12/site-packages/airflow/example_dags/example_setup_teardown_taskflow.py
[2024-08-15T00:03:09.849+0000] {logging_mixin.py:188} INFO - [2024-08-15T00:03:09.848+0000] {dag.py:3096} INFO - Sync 1 DAGs
[2024-08-15T00:03:09.860+0000] {logging_mixin.py:188} INFO - [2024-08-15T00:03:09.860+0000] {dag.py:3954} INFO - Setting next_dagrun for example_setup_teardown_taskflow to 2024-08-14 00:00:00+00:00, run_after=2024-08-15 00:00:00+00:00
[2024-08-15T00:03:09.869+0000] {processor.py:183} INFO - Processing /home/airflow/.local/lib/python3.12/site-packages/airflow/example_dags/example_setup_teardown_taskflow.py took 0.043 seconds
[2024-08-15T00:03:40.496+0000] {processor.py:161} INFO - Started process (PID=4166) to work on /home/airflow/.local/lib/python3.12/site-packages/airflow/example_dags/example_setup_teardown_taskflow.py
[2024-08-15T00:03:40.496+0000] {processor.py:830} INFO - Processing file /home/airflow/.local/lib/python3.12/site-packages/airflow/example_dags/example_setup_teardown_taskflow.py for tasks to queue
[2024-08-15T00:03:40.497+0000] {logging_mixin.py:188} INFO - [2024-08-15T00:03:40.497+0000] {dagbag.py:540} INFO - Filling up the DagBag from /home/airflow/.local/lib/python3.12/site-packages/airflow/example_dags/example_setup_teardown_taskflow.py
[2024-08-15T00:03:40.502+0000] {processor.py:840} INFO - DAG(s) 'example_setup_teardown_taskflow' retrieved from /home/airflow/.local/lib/python3.12/site-packages/airflow/example_dags/example_setup_teardown_taskflow.py
[2024-08-15T00:03:40.514+0000] {logging_mixin.py:188} INFO - [2024-08-15T00:03:40.514+0000] {dag.py:3096} INFO - Sync 1 DAGs
[2024-08-15T00:03:40.527+0000] {logging_mixin.py:188} INFO - [2024-08-15T00:03:40.527+0000] {dag.py:3954} INFO - Setting next_dagrun for example_setup_teardown_taskflow to 2024-08-14 00:00:00+00:00, run_after=2024-08-15 00:00:00+00:00
[2024-08-15T00:03:40.536+0000] {processor.py:183} INFO - Processing /home/airflow/.local/lib/python3.12/site-packages/airflow/example_dags/example_setup_teardown_taskflow.py took 0.044 seconds
[2024-08-15T00:04:11.157+0000] {processor.py:161} INFO - Started process (PID=4224) to work on /home/airflow/.local/lib/python3.12/site-packages/airflow/example_dags/example_setup_teardown_taskflow.py
[2024-08-15T00:04:11.158+0000] {processor.py:830} INFO - Processing file /home/airflow/.local/lib/python3.12/site-packages/airflow/example_dags/example_setup_teardown_taskflow.py for tasks to queue
[2024-08-15T00:04:11.158+0000] {logging_mixin.py:188} INFO - [2024-08-15T00:04:11.158+0000] {dagbag.py:540} INFO - Filling up the DagBag from /home/airflow/.local/lib/python3.12/site-packages/airflow/example_dags/example_setup_teardown_taskflow.py
[2024-08-15T00:04:11.163+0000] {processor.py:840} INFO - DAG(s) 'example_setup_teardown_taskflow' retrieved from /home/airflow/.local/lib/python3.12/site-packages/airflow/example_dags/example_setup_teardown_taskflow.py
[2024-08-15T00:04:11.175+0000] {logging_mixin.py:188} INFO - [2024-08-15T00:04:11.175+0000] {dag.py:3096} INFO - Sync 1 DAGs
[2024-08-15T00:04:11.186+0000] {logging_mixin.py:188} INFO - [2024-08-15T00:04:11.186+0000] {dag.py:3954} INFO - Setting next_dagrun for example_setup_teardown_taskflow to 2024-08-14 00:00:00+00:00, run_after=2024-08-15 00:00:00+00:00
[2024-08-15T00:04:11.196+0000] {processor.py:183} INFO - Processing /home/airflow/.local/lib/python3.12/site-packages/airflow/example_dags/example_setup_teardown_taskflow.py took 0.042 seconds
[2024-08-15T00:04:41.855+0000] {processor.py:161} INFO - Started process (PID=4282) to work on /home/airflow/.local/lib/python3.12/site-packages/airflow/example_dags/example_setup_teardown_taskflow.py
[2024-08-15T00:04:41.855+0000] {processor.py:830} INFO - Processing file /home/airflow/.local/lib/python3.12/site-packages/airflow/example_dags/example_setup_teardown_taskflow.py for tasks to queue
[2024-08-15T00:04:41.856+0000] {logging_mixin.py:188} INFO - [2024-08-15T00:04:41.856+0000] {dagbag.py:540} INFO - Filling up the DagBag from /home/airflow/.local/lib/python3.12/site-packages/airflow/example_dags/example_setup_teardown_taskflow.py
[2024-08-15T00:04:41.861+0000] {processor.py:840} INFO - DAG(s) 'example_setup_teardown_taskflow' retrieved from /home/airflow/.local/lib/python3.12/site-packages/airflow/example_dags/example_setup_teardown_taskflow.py
[2024-08-15T00:04:41.873+0000] {logging_mixin.py:188} INFO - [2024-08-15T00:04:41.873+0000] {dag.py:3096} INFO - Sync 1 DAGs
[2024-08-15T00:04:41.885+0000] {logging_mixin.py:188} INFO - [2024-08-15T00:04:41.885+0000] {dag.py:3954} INFO - Setting next_dagrun for example_setup_teardown_taskflow to 2024-08-14 00:00:00+00:00, run_after=2024-08-15 00:00:00+00:00
[2024-08-15T00:04:41.895+0000] {processor.py:183} INFO - Processing /home/airflow/.local/lib/python3.12/site-packages/airflow/example_dags/example_setup_teardown_taskflow.py took 0.043 seconds
[2024-08-15T00:05:12.473+0000] {processor.py:161} INFO - Started process (PID=4340) to work on /home/airflow/.local/lib/python3.12/site-packages/airflow/example_dags/example_setup_teardown_taskflow.py
[2024-08-15T00:05:12.473+0000] {processor.py:830} INFO - Processing file /home/airflow/.local/lib/python3.12/site-packages/airflow/example_dags/example_setup_teardown_taskflow.py for tasks to queue
[2024-08-15T00:05:12.474+0000] {logging_mixin.py:188} INFO - [2024-08-15T00:05:12.474+0000] {dagbag.py:540} INFO - Filling up the DagBag from /home/airflow/.local/lib/python3.12/site-packages/airflow/example_dags/example_setup_teardown_taskflow.py
[2024-08-15T00:05:12.479+0000] {processor.py:840} INFO - DAG(s) 'example_setup_teardown_taskflow' retrieved from /home/airflow/.local/lib/python3.12/site-packages/airflow/example_dags/example_setup_teardown_taskflow.py
[2024-08-15T00:05:12.490+0000] {logging_mixin.py:188} INFO - [2024-08-15T00:05:12.490+0000] {dag.py:3096} INFO - Sync 1 DAGs
[2024-08-15T00:05:12.501+0000] {logging_mixin.py:188} INFO - [2024-08-15T00:05:12.501+0000] {dag.py:3954} INFO - Setting next_dagrun for example_setup_teardown_taskflow to 2024-08-14 00:00:00+00:00, run_after=2024-08-15 00:00:00+00:00
[2024-08-15T00:05:12.510+0000] {processor.py:183} INFO - Processing /home/airflow/.local/lib/python3.12/site-packages/airflow/example_dags/example_setup_teardown_taskflow.py took 0.041 seconds
[2024-08-15T00:05:43.144+0000] {processor.py:161} INFO - Started process (PID=4398) to work on /home/airflow/.local/lib/python3.12/site-packages/airflow/example_dags/example_setup_teardown_taskflow.py
[2024-08-15T00:05:43.144+0000] {processor.py:830} INFO - Processing file /home/airflow/.local/lib/python3.12/site-packages/airflow/example_dags/example_setup_teardown_taskflow.py for tasks to queue
[2024-08-15T00:05:43.145+0000] {logging_mixin.py:188} INFO - [2024-08-15T00:05:43.145+0000] {dagbag.py:540} INFO - Filling up the DagBag from /home/airflow/.local/lib/python3.12/site-packages/airflow/example_dags/example_setup_teardown_taskflow.py
[2024-08-15T00:05:43.150+0000] {processor.py:840} INFO - DAG(s) 'example_setup_teardown_taskflow' retrieved from /home/airflow/.local/lib/python3.12/site-packages/airflow/example_dags/example_setup_teardown_taskflow.py
[2024-08-15T00:05:43.163+0000] {logging_mixin.py:188} INFO - [2024-08-15T00:05:43.163+0000] {dag.py:3096} INFO - Sync 1 DAGs
[2024-08-15T00:05:43.176+0000] {logging_mixin.py:188} INFO - [2024-08-15T00:05:43.176+0000] {dag.py:3954} INFO - Setting next_dagrun for example_setup_teardown_taskflow to 2024-08-14 00:00:00+00:00, run_after=2024-08-15 00:00:00+00:00
[2024-08-15T00:05:43.185+0000] {processor.py:183} INFO - Processing /home/airflow/.local/lib/python3.12/site-packages/airflow/example_dags/example_setup_teardown_taskflow.py took 0.044 seconds
[2024-08-15T00:06:13.827+0000] {processor.py:161} INFO - Started process (PID=4456) to work on /home/airflow/.local/lib/python3.12/site-packages/airflow/example_dags/example_setup_teardown_taskflow.py
[2024-08-15T00:06:13.828+0000] {processor.py:830} INFO - Processing file /home/airflow/.local/lib/python3.12/site-packages/airflow/example_dags/example_setup_teardown_taskflow.py for tasks to queue
[2024-08-15T00:06:13.829+0000] {logging_mixin.py:188} INFO - [2024-08-15T00:06:13.829+0000] {dagbag.py:540} INFO - Filling up the DagBag from /home/airflow/.local/lib/python3.12/site-packages/airflow/example_dags/example_setup_teardown_taskflow.py
[2024-08-15T00:06:13.834+0000] {processor.py:840} INFO - DAG(s) 'example_setup_teardown_taskflow' retrieved from /home/airflow/.local/lib/python3.12/site-packages/airflow/example_dags/example_setup_teardown_taskflow.py
[2024-08-15T00:06:13.846+0000] {logging_mixin.py:188} INFO - [2024-08-15T00:06:13.846+0000] {dag.py:3096} INFO - Sync 1 DAGs
[2024-08-15T00:06:13.858+0000] {logging_mixin.py:188} INFO - [2024-08-15T00:06:13.858+0000] {dag.py:3954} INFO - Setting next_dagrun for example_setup_teardown_taskflow to 2024-08-14 00:00:00+00:00, run_after=2024-08-15 00:00:00+00:00
[2024-08-15T00:06:13.868+0000] {processor.py:183} INFO - Processing /home/airflow/.local/lib/python3.12/site-packages/airflow/example_dags/example_setup_teardown_taskflow.py took 0.044 seconds
[2024-08-15T00:06:44.381+0000] {processor.py:161} INFO - Started process (PID=4514) to work on /home/airflow/.local/lib/python3.12/site-packages/airflow/example_dags/example_setup_teardown_taskflow.py
[2024-08-15T00:06:44.381+0000] {processor.py:830} INFO - Processing file /home/airflow/.local/lib/python3.12/site-packages/airflow/example_dags/example_setup_teardown_taskflow.py for tasks to queue
[2024-08-15T00:06:44.382+0000] {logging_mixin.py:188} INFO - [2024-08-15T00:06:44.382+0000] {dagbag.py:540} INFO - Filling up the DagBag from /home/airflow/.local/lib/python3.12/site-packages/airflow/example_dags/example_setup_teardown_taskflow.py
[2024-08-15T00:06:44.387+0000] {processor.py:840} INFO - DAG(s) 'example_setup_teardown_taskflow' retrieved from /home/airflow/.local/lib/python3.12/site-packages/airflow/example_dags/example_setup_teardown_taskflow.py
[2024-08-15T00:06:44.398+0000] {logging_mixin.py:188} INFO - [2024-08-15T00:06:44.398+0000] {dag.py:3096} INFO - Sync 1 DAGs
[2024-08-15T00:06:44.410+0000] {logging_mixin.py:188} INFO - [2024-08-15T00:06:44.410+0000] {dag.py:3954} INFO - Setting next_dagrun for example_setup_teardown_taskflow to 2024-08-14 00:00:00+00:00, run_after=2024-08-15 00:00:00+00:00
[2024-08-15T00:06:44.420+0000] {processor.py:183} INFO - Processing /home/airflow/.local/lib/python3.12/site-packages/airflow/example_dags/example_setup_teardown_taskflow.py took 0.042 seconds
[2024-08-15T00:07:14.966+0000] {processor.py:161} INFO - Started process (PID=4572) to work on /home/airflow/.local/lib/python3.12/site-packages/airflow/example_dags/example_setup_teardown_taskflow.py
[2024-08-15T00:07:14.967+0000] {processor.py:830} INFO - Processing file /home/airflow/.local/lib/python3.12/site-packages/airflow/example_dags/example_setup_teardown_taskflow.py for tasks to queue
[2024-08-15T00:07:14.968+0000] {logging_mixin.py:188} INFO - [2024-08-15T00:07:14.967+0000] {dagbag.py:540} INFO - Filling up the DagBag from /home/airflow/.local/lib/python3.12/site-packages/airflow/example_dags/example_setup_teardown_taskflow.py
[2024-08-15T00:07:14.973+0000] {processor.py:840} INFO - DAG(s) 'example_setup_teardown_taskflow' retrieved from /home/airflow/.local/lib/python3.12/site-packages/airflow/example_dags/example_setup_teardown_taskflow.py
[2024-08-15T00:07:14.984+0000] {logging_mixin.py:188} INFO - [2024-08-15T00:07:14.984+0000] {dag.py:3096} INFO - Sync 1 DAGs
[2024-08-15T00:07:14.996+0000] {logging_mixin.py:188} INFO - [2024-08-15T00:07:14.996+0000] {dag.py:3954} INFO - Setting next_dagrun for example_setup_teardown_taskflow to 2024-08-14 00:00:00+00:00, run_after=2024-08-15 00:00:00+00:00
[2024-08-15T00:07:15.005+0000] {processor.py:183} INFO - Processing /home/airflow/.local/lib/python3.12/site-packages/airflow/example_dags/example_setup_teardown_taskflow.py took 0.042 seconds
[2024-08-15T00:07:45.547+0000] {processor.py:161} INFO - Started process (PID=4630) to work on /home/airflow/.local/lib/python3.12/site-packages/airflow/example_dags/example_setup_teardown_taskflow.py
[2024-08-15T00:07:45.547+0000] {processor.py:830} INFO - Processing file /home/airflow/.local/lib/python3.12/site-packages/airflow/example_dags/example_setup_teardown_taskflow.py for tasks to queue
[2024-08-15T00:07:45.548+0000] {logging_mixin.py:188} INFO - [2024-08-15T00:07:45.548+0000] {dagbag.py:540} INFO - Filling up the DagBag from /home/airflow/.local/lib/python3.12/site-packages/airflow/example_dags/example_setup_teardown_taskflow.py
[2024-08-15T00:07:45.553+0000] {processor.py:840} INFO - DAG(s) 'example_setup_teardown_taskflow' retrieved from /home/airflow/.local/lib/python3.12/site-packages/airflow/example_dags/example_setup_teardown_taskflow.py
[2024-08-15T00:07:45.565+0000] {logging_mixin.py:188} INFO - [2024-08-15T00:07:45.565+0000] {dag.py:3096} INFO - Sync 1 DAGs
[2024-08-15T00:07:45.575+0000] {logging_mixin.py:188} INFO - [2024-08-15T00:07:45.575+0000] {dag.py:3954} INFO - Setting next_dagrun for example_setup_teardown_taskflow to 2024-08-14 00:00:00+00:00, run_after=2024-08-15 00:00:00+00:00
[2024-08-15T00:07:45.585+0000] {processor.py:183} INFO - Processing /home/airflow/.local/lib/python3.12/site-packages/airflow/example_dags/example_setup_teardown_taskflow.py took 0.041 seconds
[2024-08-15T00:08:16.225+0000] {processor.py:161} INFO - Started process (PID=4688) to work on /home/airflow/.local/lib/python3.12/site-packages/airflow/example_dags/example_setup_teardown_taskflow.py
[2024-08-15T00:08:16.226+0000] {processor.py:830} INFO - Processing file /home/airflow/.local/lib/python3.12/site-packages/airflow/example_dags/example_setup_teardown_taskflow.py for tasks to queue
[2024-08-15T00:08:16.227+0000] {logging_mixin.py:188} INFO - [2024-08-15T00:08:16.226+0000] {dagbag.py:540} INFO - Filling up the DagBag from /home/airflow/.local/lib/python3.12/site-packages/airflow/example_dags/example_setup_teardown_taskflow.py
[2024-08-15T00:08:16.232+0000] {processor.py:840} INFO - DAG(s) 'example_setup_teardown_taskflow' retrieved from /home/airflow/.local/lib/python3.12/site-packages/airflow/example_dags/example_setup_teardown_taskflow.py
[2024-08-15T00:08:16.244+0000] {logging_mixin.py:188} INFO - [2024-08-15T00:08:16.244+0000] {dag.py:3096} INFO - Sync 1 DAGs
[2024-08-15T00:08:16.256+0000] {logging_mixin.py:188} INFO - [2024-08-15T00:08:16.255+0000] {dag.py:3954} INFO - Setting next_dagrun for example_setup_teardown_taskflow to 2024-08-14 00:00:00+00:00, run_after=2024-08-15 00:00:00+00:00
[2024-08-15T00:08:16.264+0000] {processor.py:183} INFO - Processing /home/airflow/.local/lib/python3.12/site-packages/airflow/example_dags/example_setup_teardown_taskflow.py took 0.042 seconds
[2024-08-15T00:08:46.950+0000] {processor.py:161} INFO - Started process (PID=4746) to work on /home/airflow/.local/lib/python3.12/site-packages/airflow/example_dags/example_setup_teardown_taskflow.py
[2024-08-15T00:08:46.951+0000] {processor.py:830} INFO - Processing file /home/airflow/.local/lib/python3.12/site-packages/airflow/example_dags/example_setup_teardown_taskflow.py for tasks to queue
[2024-08-15T00:08:46.952+0000] {logging_mixin.py:188} INFO - [2024-08-15T00:08:46.952+0000] {dagbag.py:540} INFO - Filling up the DagBag from /home/airflow/.local/lib/python3.12/site-packages/airflow/example_dags/example_setup_teardown_taskflow.py
[2024-08-15T00:08:46.957+0000] {processor.py:840} INFO - DAG(s) 'example_setup_teardown_taskflow' retrieved from /home/airflow/.local/lib/python3.12/site-packages/airflow/example_dags/example_setup_teardown_taskflow.py
[2024-08-15T00:08:46.970+0000] {logging_mixin.py:188} INFO - [2024-08-15T00:08:46.970+0000] {dag.py:3096} INFO - Sync 1 DAGs
[2024-08-15T00:08:46.982+0000] {logging_mixin.py:188} INFO - [2024-08-15T00:08:46.982+0000] {dag.py:3954} INFO - Setting next_dagrun for example_setup_teardown_taskflow to 2024-08-14 00:00:00+00:00, run_after=2024-08-15 00:00:00+00:00
[2024-08-15T00:08:46.993+0000] {processor.py:183} INFO - Processing /home/airflow/.local/lib/python3.12/site-packages/airflow/example_dags/example_setup_teardown_taskflow.py took 0.046 seconds
[2024-08-15T00:09:17.604+0000] {processor.py:161} INFO - Started process (PID=4804) to work on /home/airflow/.local/lib/python3.12/site-packages/airflow/example_dags/example_setup_teardown_taskflow.py
[2024-08-15T00:09:17.604+0000] {processor.py:830} INFO - Processing file /home/airflow/.local/lib/python3.12/site-packages/airflow/example_dags/example_setup_teardown_taskflow.py for tasks to queue
[2024-08-15T00:09:17.605+0000] {logging_mixin.py:188} INFO - [2024-08-15T00:09:17.605+0000] {dagbag.py:540} INFO - Filling up the DagBag from /home/airflow/.local/lib/python3.12/site-packages/airflow/example_dags/example_setup_teardown_taskflow.py
[2024-08-15T00:09:17.610+0000] {processor.py:840} INFO - DAG(s) 'example_setup_teardown_taskflow' retrieved from /home/airflow/.local/lib/python3.12/site-packages/airflow/example_dags/example_setup_teardown_taskflow.py
[2024-08-15T00:09:17.622+0000] {logging_mixin.py:188} INFO - [2024-08-15T00:09:17.622+0000] {dag.py:3096} INFO - Sync 1 DAGs
[2024-08-15T00:09:17.633+0000] {logging_mixin.py:188} INFO - [2024-08-15T00:09:17.633+0000] {dag.py:3954} INFO - Setting next_dagrun for example_setup_teardown_taskflow to 2024-08-14 00:00:00+00:00, run_after=2024-08-15 00:00:00+00:00
[2024-08-15T00:09:17.642+0000] {processor.py:183} INFO - Processing /home/airflow/.local/lib/python3.12/site-packages/airflow/example_dags/example_setup_teardown_taskflow.py took 0.042 seconds
[2024-08-15T00:09:48.213+0000] {processor.py:161} INFO - Started process (PID=4862) to work on /home/airflow/.local/lib/python3.12/site-packages/airflow/example_dags/example_setup_teardown_taskflow.py
[2024-08-15T00:09:48.214+0000] {processor.py:830} INFO - Processing file /home/airflow/.local/lib/python3.12/site-packages/airflow/example_dags/example_setup_teardown_taskflow.py for tasks to queue
[2024-08-15T00:09:48.215+0000] {logging_mixin.py:188} INFO - [2024-08-15T00:09:48.215+0000] {dagbag.py:540} INFO - Filling up the DagBag from /home/airflow/.local/lib/python3.12/site-packages/airflow/example_dags/example_setup_teardown_taskflow.py
[2024-08-15T00:09:48.220+0000] {processor.py:840} INFO - DAG(s) 'example_setup_teardown_taskflow' retrieved from /home/airflow/.local/lib/python3.12/site-packages/airflow/example_dags/example_setup_teardown_taskflow.py
[2024-08-15T00:09:48.233+0000] {logging_mixin.py:188} INFO - [2024-08-15T00:09:48.232+0000] {dag.py:3096} INFO - Sync 1 DAGs
[2024-08-15T00:09:48.243+0000] {logging_mixin.py:188} INFO - [2024-08-15T00:09:48.243+0000] {dag.py:3954} INFO - Setting next_dagrun for example_setup_teardown_taskflow to 2024-08-14 00:00:00+00:00, run_after=2024-08-15 00:00:00+00:00
[2024-08-15T00:09:48.253+0000] {processor.py:183} INFO - Processing /home/airflow/.local/lib/python3.12/site-packages/airflow/example_dags/example_setup_teardown_taskflow.py took 0.042 seconds
[2024-08-15T00:10:18.788+0000] {processor.py:161} INFO - Started process (PID=4920) to work on /home/airflow/.local/lib/python3.12/site-packages/airflow/example_dags/example_setup_teardown_taskflow.py
[2024-08-15T00:10:18.788+0000] {processor.py:830} INFO - Processing file /home/airflow/.local/lib/python3.12/site-packages/airflow/example_dags/example_setup_teardown_taskflow.py for tasks to queue
[2024-08-15T00:10:18.790+0000] {logging_mixin.py:188} INFO - [2024-08-15T00:10:18.789+0000] {dagbag.py:540} INFO - Filling up the DagBag from /home/airflow/.local/lib/python3.12/site-packages/airflow/example_dags/example_setup_teardown_taskflow.py
[2024-08-15T00:10:18.794+0000] {processor.py:840} INFO - DAG(s) 'example_setup_teardown_taskflow' retrieved from /home/airflow/.local/lib/python3.12/site-packages/airflow/example_dags/example_setup_teardown_taskflow.py
[2024-08-15T00:10:18.807+0000] {logging_mixin.py:188} INFO - [2024-08-15T00:10:18.807+0000] {dag.py:3096} INFO - Sync 1 DAGs
[2024-08-15T00:10:18.818+0000] {logging_mixin.py:188} INFO - [2024-08-15T00:10:18.818+0000] {dag.py:3954} INFO - Setting next_dagrun for example_setup_teardown_taskflow to 2024-08-14 00:00:00+00:00, run_after=2024-08-15 00:00:00+00:00
[2024-08-15T00:10:18.828+0000] {processor.py:183} INFO - Processing /home/airflow/.local/lib/python3.12/site-packages/airflow/example_dags/example_setup_teardown_taskflow.py took 0.044 seconds
[2024-08-15T00:10:49.413+0000] {processor.py:161} INFO - Started process (PID=4978) to work on /home/airflow/.local/lib/python3.12/site-packages/airflow/example_dags/example_setup_teardown_taskflow.py
[2024-08-15T00:10:49.413+0000] {processor.py:830} INFO - Processing file /home/airflow/.local/lib/python3.12/site-packages/airflow/example_dags/example_setup_teardown_taskflow.py for tasks to queue
[2024-08-15T00:10:49.414+0000] {logging_mixin.py:188} INFO - [2024-08-15T00:10:49.414+0000] {dagbag.py:540} INFO - Filling up the DagBag from /home/airflow/.local/lib/python3.12/site-packages/airflow/example_dags/example_setup_teardown_taskflow.py
[2024-08-15T00:10:49.419+0000] {processor.py:840} INFO - DAG(s) 'example_setup_teardown_taskflow' retrieved from /home/airflow/.local/lib/python3.12/site-packages/airflow/example_dags/example_setup_teardown_taskflow.py
[2024-08-15T00:10:49.430+0000] {logging_mixin.py:188} INFO - [2024-08-15T00:10:49.430+0000] {dag.py:3096} INFO - Sync 1 DAGs
[2024-08-15T00:10:49.441+0000] {logging_mixin.py:188} INFO - [2024-08-15T00:10:49.441+0000] {dag.py:3954} INFO - Setting next_dagrun for example_setup_teardown_taskflow to 2024-08-14 00:00:00+00:00, run_after=2024-08-15 00:00:00+00:00
[2024-08-15T00:10:49.451+0000] {processor.py:183} INFO - Processing /home/airflow/.local/lib/python3.12/site-packages/airflow/example_dags/example_setup_teardown_taskflow.py took 0.041 seconds
[2024-08-15T00:11:20.106+0000] {processor.py:161} INFO - Started process (PID=5036) to work on /home/airflow/.local/lib/python3.12/site-packages/airflow/example_dags/example_setup_teardown_taskflow.py
[2024-08-15T00:11:20.107+0000] {processor.py:830} INFO - Processing file /home/airflow/.local/lib/python3.12/site-packages/airflow/example_dags/example_setup_teardown_taskflow.py for tasks to queue
[2024-08-15T00:11:20.108+0000] {logging_mixin.py:188} INFO - [2024-08-15T00:11:20.108+0000] {dagbag.py:540} INFO - Filling up the DagBag from /home/airflow/.local/lib/python3.12/site-packages/airflow/example_dags/example_setup_teardown_taskflow.py
[2024-08-15T00:11:20.113+0000] {processor.py:840} INFO - DAG(s) 'example_setup_teardown_taskflow' retrieved from /home/airflow/.local/lib/python3.12/site-packages/airflow/example_dags/example_setup_teardown_taskflow.py
[2024-08-15T00:11:20.125+0000] {logging_mixin.py:188} INFO - [2024-08-15T00:11:20.124+0000] {dag.py:3096} INFO - Sync 1 DAGs
[2024-08-15T00:11:20.136+0000] {logging_mixin.py:188} INFO - [2024-08-15T00:11:20.136+0000] {dag.py:3954} INFO - Setting next_dagrun for example_setup_teardown_taskflow to 2024-08-14 00:00:00+00:00, run_after=2024-08-15 00:00:00+00:00
[2024-08-15T00:11:20.145+0000] {processor.py:183} INFO - Processing /home/airflow/.local/lib/python3.12/site-packages/airflow/example_dags/example_setup_teardown_taskflow.py took 0.042 seconds
