[2024-08-15T00:00:07.107+0000] {processor.py:161} INFO - Started process (PID=3763) to work on /home/airflow/.local/lib/python3.12/site-packages/airflow/example_dags/example_short_circuit_decorator.py
[2024-08-15T00:00:07.108+0000] {processor.py:830} INFO - Processing file /home/airflow/.local/lib/python3.12/site-packages/airflow/example_dags/example_short_circuit_decorator.py for tasks to queue
[2024-08-15T00:00:07.109+0000] {logging_mixin.py:188} INFO - [2024-08-15T00:00:07.109+0000] {dagbag.py:540} INFO - Filling up the DagBag from /home/airflow/.local/lib/python3.12/site-packages/airflow/example_dags/example_short_circuit_decorator.py
[2024-08-15T00:00:07.114+0000] {processor.py:840} INFO - DAG(s) 'example_short_circuit_decorator' retrieved from /home/airflow/.local/lib/python3.12/site-packages/airflow/example_dags/example_short_circuit_decorator.py
[2024-08-15T00:00:07.127+0000] {logging_mixin.py:188} INFO - [2024-08-15T00:00:07.127+0000] {dag.py:3096} INFO - Sync 1 DAGs
[2024-08-15T00:00:07.140+0000] {logging_mixin.py:188} INFO - [2024-08-15T00:00:07.140+0000] {dag.py:3954} INFO - Setting next_dagrun for example_short_circuit_decorator to 2024-08-14 00:00:00+00:00, run_after=2024-08-15 00:00:00+00:00
[2024-08-15T00:00:07.150+0000] {processor.py:183} INFO - Processing /home/airflow/.local/lib/python3.12/site-packages/airflow/example_dags/example_short_circuit_decorator.py took 0.046 seconds
[2024-08-15T00:00:37.734+0000] {processor.py:161} INFO - Started process (PID=3821) to work on /home/airflow/.local/lib/python3.12/site-packages/airflow/example_dags/example_short_circuit_decorator.py
[2024-08-15T00:00:37.734+0000] {processor.py:830} INFO - Processing file /home/airflow/.local/lib/python3.12/site-packages/airflow/example_dags/example_short_circuit_decorator.py for tasks to queue
[2024-08-15T00:00:37.735+0000] {logging_mixin.py:188} INFO - [2024-08-15T00:00:37.735+0000] {dagbag.py:540} INFO - Filling up the DagBag from /home/airflow/.local/lib/python3.12/site-packages/airflow/example_dags/example_short_circuit_decorator.py
[2024-08-15T00:00:37.740+0000] {processor.py:840} INFO - DAG(s) 'example_short_circuit_decorator' retrieved from /home/airflow/.local/lib/python3.12/site-packages/airflow/example_dags/example_short_circuit_decorator.py
[2024-08-15T00:00:37.752+0000] {logging_mixin.py:188} INFO - [2024-08-15T00:00:37.752+0000] {dag.py:3096} INFO - Sync 1 DAGs
[2024-08-15T00:00:37.764+0000] {logging_mixin.py:188} INFO - [2024-08-15T00:00:37.764+0000] {dag.py:3954} INFO - Setting next_dagrun for example_short_circuit_decorator to 2024-08-14 00:00:00+00:00, run_after=2024-08-15 00:00:00+00:00
[2024-08-15T00:00:37.774+0000] {processor.py:183} INFO - Processing /home/airflow/.local/lib/python3.12/site-packages/airflow/example_dags/example_short_circuit_decorator.py took 0.043 seconds
[2024-08-15T00:01:08.402+0000] {processor.py:161} INFO - Started process (PID=3879) to work on /home/airflow/.local/lib/python3.12/site-packages/airflow/example_dags/example_short_circuit_decorator.py
[2024-08-15T00:01:08.402+0000] {processor.py:830} INFO - Processing file /home/airflow/.local/lib/python3.12/site-packages/airflow/example_dags/example_short_circuit_decorator.py for tasks to queue
[2024-08-15T00:01:08.403+0000] {logging_mixin.py:188} INFO - [2024-08-15T00:01:08.403+0000] {dagbag.py:540} INFO - Filling up the DagBag from /home/airflow/.local/lib/python3.12/site-packages/airflow/example_dags/example_short_circuit_decorator.py
[2024-08-15T00:01:08.407+0000] {processor.py:840} INFO - DAG(s) 'example_short_circuit_decorator' retrieved from /home/airflow/.local/lib/python3.12/site-packages/airflow/example_dags/example_short_circuit_decorator.py
[2024-08-15T00:01:08.420+0000] {logging_mixin.py:188} INFO - [2024-08-15T00:01:08.420+0000] {dag.py:3096} INFO - Sync 1 DAGs
[2024-08-15T00:01:08.432+0000] {logging_mixin.py:188} INFO - [2024-08-15T00:01:08.431+0000] {dag.py:3954} INFO - Setting next_dagrun for example_short_circuit_decorator to 2024-08-14 00:00:00+00:00, run_after=2024-08-15 00:00:00+00:00
[2024-08-15T00:01:08.441+0000] {processor.py:183} INFO - Processing /home/airflow/.local/lib/python3.12/site-packages/airflow/example_dags/example_short_circuit_decorator.py took 0.042 seconds
[2024-08-15T00:01:39.034+0000] {processor.py:161} INFO - Started process (PID=3937) to work on /home/airflow/.local/lib/python3.12/site-packages/airflow/example_dags/example_short_circuit_decorator.py
[2024-08-15T00:01:39.035+0000] {processor.py:830} INFO - Processing file /home/airflow/.local/lib/python3.12/site-packages/airflow/example_dags/example_short_circuit_decorator.py for tasks to queue
[2024-08-15T00:01:39.036+0000] {logging_mixin.py:188} INFO - [2024-08-15T00:01:39.035+0000] {dagbag.py:540} INFO - Filling up the DagBag from /home/airflow/.local/lib/python3.12/site-packages/airflow/example_dags/example_short_circuit_decorator.py
[2024-08-15T00:01:39.040+0000] {processor.py:840} INFO - DAG(s) 'example_short_circuit_decorator' retrieved from /home/airflow/.local/lib/python3.12/site-packages/airflow/example_dags/example_short_circuit_decorator.py
[2024-08-15T00:01:39.053+0000] {logging_mixin.py:188} INFO - [2024-08-15T00:01:39.053+0000] {dag.py:3096} INFO - Sync 1 DAGs
[2024-08-15T00:01:39.065+0000] {logging_mixin.py:188} INFO - [2024-08-15T00:01:39.064+0000] {dag.py:3954} INFO - Setting next_dagrun for example_short_circuit_decorator to 2024-08-14 00:00:00+00:00, run_after=2024-08-15 00:00:00+00:00
[2024-08-15T00:01:39.074+0000] {processor.py:183} INFO - Processing /home/airflow/.local/lib/python3.12/site-packages/airflow/example_dags/example_short_circuit_decorator.py took 0.043 seconds
[2024-08-15T00:02:09.666+0000] {processor.py:161} INFO - Started process (PID=3995) to work on /home/airflow/.local/lib/python3.12/site-packages/airflow/example_dags/example_short_circuit_decorator.py
[2024-08-15T00:02:09.666+0000] {processor.py:830} INFO - Processing file /home/airflow/.local/lib/python3.12/site-packages/airflow/example_dags/example_short_circuit_decorator.py for tasks to queue
[2024-08-15T00:02:09.667+0000] {logging_mixin.py:188} INFO - [2024-08-15T00:02:09.667+0000] {dagbag.py:540} INFO - Filling up the DagBag from /home/airflow/.local/lib/python3.12/site-packages/airflow/example_dags/example_short_circuit_decorator.py
[2024-08-15T00:02:09.672+0000] {processor.py:840} INFO - DAG(s) 'example_short_circuit_decorator' retrieved from /home/airflow/.local/lib/python3.12/site-packages/airflow/example_dags/example_short_circuit_decorator.py
[2024-08-15T00:02:09.685+0000] {logging_mixin.py:188} INFO - [2024-08-15T00:02:09.685+0000] {dag.py:3096} INFO - Sync 1 DAGs
[2024-08-15T00:02:09.697+0000] {logging_mixin.py:188} INFO - [2024-08-15T00:02:09.696+0000] {dag.py:3954} INFO - Setting next_dagrun for example_short_circuit_decorator to 2024-08-14 00:00:00+00:00, run_after=2024-08-15 00:00:00+00:00
[2024-08-15T00:02:09.706+0000] {processor.py:183} INFO - Processing /home/airflow/.local/lib/python3.12/site-packages/airflow/example_dags/example_short_circuit_decorator.py took 0.044 seconds
[2024-08-15T00:02:40.324+0000] {processor.py:161} INFO - Started process (PID=4053) to work on /home/airflow/.local/lib/python3.12/site-packages/airflow/example_dags/example_short_circuit_decorator.py
[2024-08-15T00:02:40.325+0000] {processor.py:830} INFO - Processing file /home/airflow/.local/lib/python3.12/site-packages/airflow/example_dags/example_short_circuit_decorator.py for tasks to queue
[2024-08-15T00:02:40.326+0000] {logging_mixin.py:188} INFO - [2024-08-15T00:02:40.326+0000] {dagbag.py:540} INFO - Filling up the DagBag from /home/airflow/.local/lib/python3.12/site-packages/airflow/example_dags/example_short_circuit_decorator.py
[2024-08-15T00:02:40.331+0000] {processor.py:840} INFO - DAG(s) 'example_short_circuit_decorator' retrieved from /home/airflow/.local/lib/python3.12/site-packages/airflow/example_dags/example_short_circuit_decorator.py
[2024-08-15T00:02:40.344+0000] {logging_mixin.py:188} INFO - [2024-08-15T00:02:40.344+0000] {dag.py:3096} INFO - Sync 1 DAGs
[2024-08-15T00:02:40.356+0000] {logging_mixin.py:188} INFO - [2024-08-15T00:02:40.356+0000] {dag.py:3954} INFO - Setting next_dagrun for example_short_circuit_decorator to 2024-08-14 00:00:00+00:00, run_after=2024-08-15 00:00:00+00:00
[2024-08-15T00:02:40.365+0000] {processor.py:183} INFO - Processing /home/airflow/.local/lib/python3.12/site-packages/airflow/example_dags/example_short_circuit_decorator.py took 0.045 seconds
[2024-08-15T00:03:10.909+0000] {processor.py:161} INFO - Started process (PID=4111) to work on /home/airflow/.local/lib/python3.12/site-packages/airflow/example_dags/example_short_circuit_decorator.py
[2024-08-15T00:03:10.910+0000] {processor.py:830} INFO - Processing file /home/airflow/.local/lib/python3.12/site-packages/airflow/example_dags/example_short_circuit_decorator.py for tasks to queue
[2024-08-15T00:03:10.911+0000] {logging_mixin.py:188} INFO - [2024-08-15T00:03:10.911+0000] {dagbag.py:540} INFO - Filling up the DagBag from /home/airflow/.local/lib/python3.12/site-packages/airflow/example_dags/example_short_circuit_decorator.py
[2024-08-15T00:03:10.916+0000] {processor.py:840} INFO - DAG(s) 'example_short_circuit_decorator' retrieved from /home/airflow/.local/lib/python3.12/site-packages/airflow/example_dags/example_short_circuit_decorator.py
[2024-08-15T00:03:10.929+0000] {logging_mixin.py:188} INFO - [2024-08-15T00:03:10.929+0000] {dag.py:3096} INFO - Sync 1 DAGs
[2024-08-15T00:03:10.941+0000] {logging_mixin.py:188} INFO - [2024-08-15T00:03:10.941+0000] {dag.py:3954} INFO - Setting next_dagrun for example_short_circuit_decorator to 2024-08-14 00:00:00+00:00, run_after=2024-08-15 00:00:00+00:00
[2024-08-15T00:03:10.951+0000] {processor.py:183} INFO - Processing /home/airflow/.local/lib/python3.12/site-packages/airflow/example_dags/example_short_circuit_decorator.py took 0.044 seconds
[2024-08-15T00:03:41.569+0000] {processor.py:161} INFO - Started process (PID=4169) to work on /home/airflow/.local/lib/python3.12/site-packages/airflow/example_dags/example_short_circuit_decorator.py
[2024-08-15T00:03:41.570+0000] {processor.py:830} INFO - Processing file /home/airflow/.local/lib/python3.12/site-packages/airflow/example_dags/example_short_circuit_decorator.py for tasks to queue
[2024-08-15T00:03:41.571+0000] {logging_mixin.py:188} INFO - [2024-08-15T00:03:41.571+0000] {dagbag.py:540} INFO - Filling up the DagBag from /home/airflow/.local/lib/python3.12/site-packages/airflow/example_dags/example_short_circuit_decorator.py
[2024-08-15T00:03:41.576+0000] {processor.py:840} INFO - DAG(s) 'example_short_circuit_decorator' retrieved from /home/airflow/.local/lib/python3.12/site-packages/airflow/example_dags/example_short_circuit_decorator.py
[2024-08-15T00:03:41.589+0000] {logging_mixin.py:188} INFO - [2024-08-15T00:03:41.588+0000] {dag.py:3096} INFO - Sync 1 DAGs
[2024-08-15T00:03:41.600+0000] {logging_mixin.py:188} INFO - [2024-08-15T00:03:41.600+0000] {dag.py:3954} INFO - Setting next_dagrun for example_short_circuit_decorator to 2024-08-14 00:00:00+00:00, run_after=2024-08-15 00:00:00+00:00
[2024-08-15T00:03:41.610+0000] {processor.py:183} INFO - Processing /home/airflow/.local/lib/python3.12/site-packages/airflow/example_dags/example_short_circuit_decorator.py took 0.044 seconds
[2024-08-15T00:04:12.235+0000] {processor.py:161} INFO - Started process (PID=4227) to work on /home/airflow/.local/lib/python3.12/site-packages/airflow/example_dags/example_short_circuit_decorator.py
[2024-08-15T00:04:12.236+0000] {processor.py:830} INFO - Processing file /home/airflow/.local/lib/python3.12/site-packages/airflow/example_dags/example_short_circuit_decorator.py for tasks to queue
[2024-08-15T00:04:12.237+0000] {logging_mixin.py:188} INFO - [2024-08-15T00:04:12.237+0000] {dagbag.py:540} INFO - Filling up the DagBag from /home/airflow/.local/lib/python3.12/site-packages/airflow/example_dags/example_short_circuit_decorator.py
[2024-08-15T00:04:12.242+0000] {processor.py:840} INFO - DAG(s) 'example_short_circuit_decorator' retrieved from /home/airflow/.local/lib/python3.12/site-packages/airflow/example_dags/example_short_circuit_decorator.py
[2024-08-15T00:04:12.255+0000] {logging_mixin.py:188} INFO - [2024-08-15T00:04:12.255+0000] {dag.py:3096} INFO - Sync 1 DAGs
[2024-08-15T00:04:12.266+0000] {logging_mixin.py:188} INFO - [2024-08-15T00:04:12.266+0000] {dag.py:3954} INFO - Setting next_dagrun for example_short_circuit_decorator to 2024-08-14 00:00:00+00:00, run_after=2024-08-15 00:00:00+00:00
[2024-08-15T00:04:12.276+0000] {processor.py:183} INFO - Processing /home/airflow/.local/lib/python3.12/site-packages/airflow/example_dags/example_short_circuit_decorator.py took 0.044 seconds
[2024-08-15T00:04:42.931+0000] {processor.py:161} INFO - Started process (PID=4285) to work on /home/airflow/.local/lib/python3.12/site-packages/airflow/example_dags/example_short_circuit_decorator.py
[2024-08-15T00:04:42.931+0000] {processor.py:830} INFO - Processing file /home/airflow/.local/lib/python3.12/site-packages/airflow/example_dags/example_short_circuit_decorator.py for tasks to queue
[2024-08-15T00:04:42.932+0000] {logging_mixin.py:188} INFO - [2024-08-15T00:04:42.932+0000] {dagbag.py:540} INFO - Filling up the DagBag from /home/airflow/.local/lib/python3.12/site-packages/airflow/example_dags/example_short_circuit_decorator.py
[2024-08-15T00:04:42.937+0000] {processor.py:840} INFO - DAG(s) 'example_short_circuit_decorator' retrieved from /home/airflow/.local/lib/python3.12/site-packages/airflow/example_dags/example_short_circuit_decorator.py
[2024-08-15T00:04:42.950+0000] {logging_mixin.py:188} INFO - [2024-08-15T00:04:42.949+0000] {dag.py:3096} INFO - Sync 1 DAGs
[2024-08-15T00:04:42.961+0000] {logging_mixin.py:188} INFO - [2024-08-15T00:04:42.961+0000] {dag.py:3954} INFO - Setting next_dagrun for example_short_circuit_decorator to 2024-08-14 00:00:00+00:00, run_after=2024-08-15 00:00:00+00:00
[2024-08-15T00:04:42.971+0000] {processor.py:183} INFO - Processing /home/airflow/.local/lib/python3.12/site-packages/airflow/example_dags/example_short_circuit_decorator.py took 0.044 seconds
[2024-08-15T00:05:13.548+0000] {processor.py:161} INFO - Started process (PID=4343) to work on /home/airflow/.local/lib/python3.12/site-packages/airflow/example_dags/example_short_circuit_decorator.py
[2024-08-15T00:05:13.549+0000] {processor.py:830} INFO - Processing file /home/airflow/.local/lib/python3.12/site-packages/airflow/example_dags/example_short_circuit_decorator.py for tasks to queue
[2024-08-15T00:05:13.550+0000] {logging_mixin.py:188} INFO - [2024-08-15T00:05:13.550+0000] {dagbag.py:540} INFO - Filling up the DagBag from /home/airflow/.local/lib/python3.12/site-packages/airflow/example_dags/example_short_circuit_decorator.py
[2024-08-15T00:05:13.554+0000] {processor.py:840} INFO - DAG(s) 'example_short_circuit_decorator' retrieved from /home/airflow/.local/lib/python3.12/site-packages/airflow/example_dags/example_short_circuit_decorator.py
[2024-08-15T00:05:13.568+0000] {logging_mixin.py:188} INFO - [2024-08-15T00:05:13.568+0000] {dag.py:3096} INFO - Sync 1 DAGs
[2024-08-15T00:05:13.580+0000] {logging_mixin.py:188} INFO - [2024-08-15T00:05:13.580+0000] {dag.py:3954} INFO - Setting next_dagrun for example_short_circuit_decorator to 2024-08-14 00:00:00+00:00, run_after=2024-08-15 00:00:00+00:00
[2024-08-15T00:05:13.589+0000] {processor.py:183} INFO - Processing /home/airflow/.local/lib/python3.12/site-packages/airflow/example_dags/example_short_circuit_decorator.py took 0.044 seconds
[2024-08-15T00:05:44.222+0000] {processor.py:161} INFO - Started process (PID=4401) to work on /home/airflow/.local/lib/python3.12/site-packages/airflow/example_dags/example_short_circuit_decorator.py
[2024-08-15T00:05:44.223+0000] {processor.py:830} INFO - Processing file /home/airflow/.local/lib/python3.12/site-packages/airflow/example_dags/example_short_circuit_decorator.py for tasks to queue
[2024-08-15T00:05:44.224+0000] {logging_mixin.py:188} INFO - [2024-08-15T00:05:44.224+0000] {dagbag.py:540} INFO - Filling up the DagBag from /home/airflow/.local/lib/python3.12/site-packages/airflow/example_dags/example_short_circuit_decorator.py
[2024-08-15T00:05:44.228+0000] {processor.py:840} INFO - DAG(s) 'example_short_circuit_decorator' retrieved from /home/airflow/.local/lib/python3.12/site-packages/airflow/example_dags/example_short_circuit_decorator.py
[2024-08-15T00:05:44.242+0000] {logging_mixin.py:188} INFO - [2024-08-15T00:05:44.242+0000] {dag.py:3096} INFO - Sync 1 DAGs
[2024-08-15T00:05:44.255+0000] {logging_mixin.py:188} INFO - [2024-08-15T00:05:44.255+0000] {dag.py:3954} INFO - Setting next_dagrun for example_short_circuit_decorator to 2024-08-14 00:00:00+00:00, run_after=2024-08-15 00:00:00+00:00
[2024-08-15T00:05:44.267+0000] {processor.py:183} INFO - Processing /home/airflow/.local/lib/python3.12/site-packages/airflow/example_dags/example_short_circuit_decorator.py took 0.048 seconds
[2024-08-15T00:06:14.898+0000] {processor.py:161} INFO - Started process (PID=4459) to work on /home/airflow/.local/lib/python3.12/site-packages/airflow/example_dags/example_short_circuit_decorator.py
[2024-08-15T00:06:14.899+0000] {processor.py:830} INFO - Processing file /home/airflow/.local/lib/python3.12/site-packages/airflow/example_dags/example_short_circuit_decorator.py for tasks to queue
[2024-08-15T00:06:14.900+0000] {logging_mixin.py:188} INFO - [2024-08-15T00:06:14.900+0000] {dagbag.py:540} INFO - Filling up the DagBag from /home/airflow/.local/lib/python3.12/site-packages/airflow/example_dags/example_short_circuit_decorator.py
[2024-08-15T00:06:14.904+0000] {processor.py:840} INFO - DAG(s) 'example_short_circuit_decorator' retrieved from /home/airflow/.local/lib/python3.12/site-packages/airflow/example_dags/example_short_circuit_decorator.py
[2024-08-15T00:06:14.917+0000] {logging_mixin.py:188} INFO - [2024-08-15T00:06:14.917+0000] {dag.py:3096} INFO - Sync 1 DAGs
[2024-08-15T00:06:14.930+0000] {logging_mixin.py:188} INFO - [2024-08-15T00:06:14.930+0000] {dag.py:3954} INFO - Setting next_dagrun for example_short_circuit_decorator to 2024-08-14 00:00:00+00:00, run_after=2024-08-15 00:00:00+00:00
[2024-08-15T00:06:14.940+0000] {processor.py:183} INFO - Processing /home/airflow/.local/lib/python3.12/site-packages/airflow/example_dags/example_short_circuit_decorator.py took 0.044 seconds
[2024-08-15T00:06:45.504+0000] {processor.py:161} INFO - Started process (PID=4517) to work on /home/airflow/.local/lib/python3.12/site-packages/airflow/example_dags/example_short_circuit_decorator.py
[2024-08-15T00:06:45.505+0000] {processor.py:830} INFO - Processing file /home/airflow/.local/lib/python3.12/site-packages/airflow/example_dags/example_short_circuit_decorator.py for tasks to queue
[2024-08-15T00:06:45.506+0000] {logging_mixin.py:188} INFO - [2024-08-15T00:06:45.506+0000] {dagbag.py:540} INFO - Filling up the DagBag from /home/airflow/.local/lib/python3.12/site-packages/airflow/example_dags/example_short_circuit_decorator.py
[2024-08-15T00:06:45.510+0000] {processor.py:840} INFO - DAG(s) 'example_short_circuit_decorator' retrieved from /home/airflow/.local/lib/python3.12/site-packages/airflow/example_dags/example_short_circuit_decorator.py
[2024-08-15T00:06:45.524+0000] {logging_mixin.py:188} INFO - [2024-08-15T00:06:45.523+0000] {dag.py:3096} INFO - Sync 1 DAGs
[2024-08-15T00:06:45.535+0000] {logging_mixin.py:188} INFO - [2024-08-15T00:06:45.535+0000] {dag.py:3954} INFO - Setting next_dagrun for example_short_circuit_decorator to 2024-08-14 00:00:00+00:00, run_after=2024-08-15 00:00:00+00:00
[2024-08-15T00:06:45.545+0000] {processor.py:183} INFO - Processing /home/airflow/.local/lib/python3.12/site-packages/airflow/example_dags/example_short_circuit_decorator.py took 0.044 seconds
[2024-08-15T00:07:16.038+0000] {processor.py:161} INFO - Started process (PID=4575) to work on /home/airflow/.local/lib/python3.12/site-packages/airflow/example_dags/example_short_circuit_decorator.py
[2024-08-15T00:07:16.039+0000] {processor.py:830} INFO - Processing file /home/airflow/.local/lib/python3.12/site-packages/airflow/example_dags/example_short_circuit_decorator.py for tasks to queue
[2024-08-15T00:07:16.040+0000] {logging_mixin.py:188} INFO - [2024-08-15T00:07:16.039+0000] {dagbag.py:540} INFO - Filling up the DagBag from /home/airflow/.local/lib/python3.12/site-packages/airflow/example_dags/example_short_circuit_decorator.py
[2024-08-15T00:07:16.044+0000] {processor.py:840} INFO - DAG(s) 'example_short_circuit_decorator' retrieved from /home/airflow/.local/lib/python3.12/site-packages/airflow/example_dags/example_short_circuit_decorator.py
[2024-08-15T00:07:16.057+0000] {logging_mixin.py:188} INFO - [2024-08-15T00:07:16.056+0000] {dag.py:3096} INFO - Sync 1 DAGs
[2024-08-15T00:07:16.068+0000] {logging_mixin.py:188} INFO - [2024-08-15T00:07:16.068+0000] {dag.py:3954} INFO - Setting next_dagrun for example_short_circuit_decorator to 2024-08-14 00:00:00+00:00, run_after=2024-08-15 00:00:00+00:00
[2024-08-15T00:07:16.077+0000] {processor.py:183} INFO - Processing /home/airflow/.local/lib/python3.12/site-packages/airflow/example_dags/example_short_circuit_decorator.py took 0.042 seconds
[2024-08-15T00:07:46.665+0000] {processor.py:161} INFO - Started process (PID=4633) to work on /home/airflow/.local/lib/python3.12/site-packages/airflow/example_dags/example_short_circuit_decorator.py
[2024-08-15T00:07:46.666+0000] {processor.py:830} INFO - Processing file /home/airflow/.local/lib/python3.12/site-packages/airflow/example_dags/example_short_circuit_decorator.py for tasks to queue
[2024-08-15T00:07:46.667+0000] {logging_mixin.py:188} INFO - [2024-08-15T00:07:46.667+0000] {dagbag.py:540} INFO - Filling up the DagBag from /home/airflow/.local/lib/python3.12/site-packages/airflow/example_dags/example_short_circuit_decorator.py
[2024-08-15T00:07:46.671+0000] {processor.py:840} INFO - DAG(s) 'example_short_circuit_decorator' retrieved from /home/airflow/.local/lib/python3.12/site-packages/airflow/example_dags/example_short_circuit_decorator.py
[2024-08-15T00:07:46.684+0000] {logging_mixin.py:188} INFO - [2024-08-15T00:07:46.684+0000] {dag.py:3096} INFO - Sync 1 DAGs
[2024-08-15T00:07:46.695+0000] {logging_mixin.py:188} INFO - [2024-08-15T00:07:46.695+0000] {dag.py:3954} INFO - Setting next_dagrun for example_short_circuit_decorator to 2024-08-14 00:00:00+00:00, run_after=2024-08-15 00:00:00+00:00
[2024-08-15T00:07:46.705+0000] {processor.py:183} INFO - Processing /home/airflow/.local/lib/python3.12/site-packages/airflow/example_dags/example_short_circuit_decorator.py took 0.043 seconds
[2024-08-15T00:08:17.312+0000] {processor.py:161} INFO - Started process (PID=4691) to work on /home/airflow/.local/lib/python3.12/site-packages/airflow/example_dags/example_short_circuit_decorator.py
[2024-08-15T00:08:17.312+0000] {processor.py:830} INFO - Processing file /home/airflow/.local/lib/python3.12/site-packages/airflow/example_dags/example_short_circuit_decorator.py for tasks to queue
[2024-08-15T00:08:17.313+0000] {logging_mixin.py:188} INFO - [2024-08-15T00:08:17.313+0000] {dagbag.py:540} INFO - Filling up the DagBag from /home/airflow/.local/lib/python3.12/site-packages/airflow/example_dags/example_short_circuit_decorator.py
[2024-08-15T00:08:17.318+0000] {processor.py:840} INFO - DAG(s) 'example_short_circuit_decorator' retrieved from /home/airflow/.local/lib/python3.12/site-packages/airflow/example_dags/example_short_circuit_decorator.py
[2024-08-15T00:08:17.331+0000] {logging_mixin.py:188} INFO - [2024-08-15T00:08:17.331+0000] {dag.py:3096} INFO - Sync 1 DAGs
[2024-08-15T00:08:17.343+0000] {logging_mixin.py:188} INFO - [2024-08-15T00:08:17.343+0000] {dag.py:3954} INFO - Setting next_dagrun for example_short_circuit_decorator to 2024-08-14 00:00:00+00:00, run_after=2024-08-15 00:00:00+00:00
[2024-08-15T00:08:17.352+0000] {processor.py:183} INFO - Processing /home/airflow/.local/lib/python3.12/site-packages/airflow/example_dags/example_short_circuit_decorator.py took 0.044 seconds
[2024-08-15T00:08:48.024+0000] {processor.py:161} INFO - Started process (PID=4749) to work on /home/airflow/.local/lib/python3.12/site-packages/airflow/example_dags/example_short_circuit_decorator.py
[2024-08-15T00:08:48.024+0000] {processor.py:830} INFO - Processing file /home/airflow/.local/lib/python3.12/site-packages/airflow/example_dags/example_short_circuit_decorator.py for tasks to queue
[2024-08-15T00:08:48.025+0000] {logging_mixin.py:188} INFO - [2024-08-15T00:08:48.025+0000] {dagbag.py:540} INFO - Filling up the DagBag from /home/airflow/.local/lib/python3.12/site-packages/airflow/example_dags/example_short_circuit_decorator.py
[2024-08-15T00:08:48.030+0000] {processor.py:840} INFO - DAG(s) 'example_short_circuit_decorator' retrieved from /home/airflow/.local/lib/python3.12/site-packages/airflow/example_dags/example_short_circuit_decorator.py
[2024-08-15T00:08:48.043+0000] {logging_mixin.py:188} INFO - [2024-08-15T00:08:48.042+0000] {dag.py:3096} INFO - Sync 1 DAGs
[2024-08-15T00:08:48.054+0000] {logging_mixin.py:188} INFO - [2024-08-15T00:08:48.054+0000] {dag.py:3954} INFO - Setting next_dagrun for example_short_circuit_decorator to 2024-08-14 00:00:00+00:00, run_after=2024-08-15 00:00:00+00:00
[2024-08-15T00:08:48.064+0000] {processor.py:183} INFO - Processing /home/airflow/.local/lib/python3.12/site-packages/airflow/example_dags/example_short_circuit_decorator.py took 0.043 seconds
[2024-08-15T00:09:18.677+0000] {processor.py:161} INFO - Started process (PID=4807) to work on /home/airflow/.local/lib/python3.12/site-packages/airflow/example_dags/example_short_circuit_decorator.py
[2024-08-15T00:09:18.677+0000] {processor.py:830} INFO - Processing file /home/airflow/.local/lib/python3.12/site-packages/airflow/example_dags/example_short_circuit_decorator.py for tasks to queue
[2024-08-15T00:09:18.678+0000] {logging_mixin.py:188} INFO - [2024-08-15T00:09:18.678+0000] {dagbag.py:540} INFO - Filling up the DagBag from /home/airflow/.local/lib/python3.12/site-packages/airflow/example_dags/example_short_circuit_decorator.py
[2024-08-15T00:09:18.683+0000] {processor.py:840} INFO - DAG(s) 'example_short_circuit_decorator' retrieved from /home/airflow/.local/lib/python3.12/site-packages/airflow/example_dags/example_short_circuit_decorator.py
[2024-08-15T00:09:18.695+0000] {logging_mixin.py:188} INFO - [2024-08-15T00:09:18.695+0000] {dag.py:3096} INFO - Sync 1 DAGs
[2024-08-15T00:09:18.708+0000] {logging_mixin.py:188} INFO - [2024-08-15T00:09:18.708+0000] {dag.py:3954} INFO - Setting next_dagrun for example_short_circuit_decorator to 2024-08-14 00:00:00+00:00, run_after=2024-08-15 00:00:00+00:00
[2024-08-15T00:09:18.717+0000] {processor.py:183} INFO - Processing /home/airflow/.local/lib/python3.12/site-packages/airflow/example_dags/example_short_circuit_decorator.py took 0.043 seconds
[2024-08-15T00:09:49.286+0000] {processor.py:161} INFO - Started process (PID=4865) to work on /home/airflow/.local/lib/python3.12/site-packages/airflow/example_dags/example_short_circuit_decorator.py
[2024-08-15T00:09:49.286+0000] {processor.py:830} INFO - Processing file /home/airflow/.local/lib/python3.12/site-packages/airflow/example_dags/example_short_circuit_decorator.py for tasks to queue
[2024-08-15T00:09:49.287+0000] {logging_mixin.py:188} INFO - [2024-08-15T00:09:49.287+0000] {dagbag.py:540} INFO - Filling up the DagBag from /home/airflow/.local/lib/python3.12/site-packages/airflow/example_dags/example_short_circuit_decorator.py
[2024-08-15T00:09:49.292+0000] {processor.py:840} INFO - DAG(s) 'example_short_circuit_decorator' retrieved from /home/airflow/.local/lib/python3.12/site-packages/airflow/example_dags/example_short_circuit_decorator.py
[2024-08-15T00:09:49.305+0000] {logging_mixin.py:188} INFO - [2024-08-15T00:09:49.305+0000] {dag.py:3096} INFO - Sync 1 DAGs
[2024-08-15T00:09:49.319+0000] {logging_mixin.py:188} INFO - [2024-08-15T00:09:49.319+0000] {dag.py:3954} INFO - Setting next_dagrun for example_short_circuit_decorator to 2024-08-14 00:00:00+00:00, run_after=2024-08-15 00:00:00+00:00
[2024-08-15T00:09:49.330+0000] {processor.py:183} INFO - Processing /home/airflow/.local/lib/python3.12/site-packages/airflow/example_dags/example_short_circuit_decorator.py took 0.047 seconds
[2024-08-15T00:10:19.861+0000] {processor.py:161} INFO - Started process (PID=4923) to work on /home/airflow/.local/lib/python3.12/site-packages/airflow/example_dags/example_short_circuit_decorator.py
[2024-08-15T00:10:19.861+0000] {processor.py:830} INFO - Processing file /home/airflow/.local/lib/python3.12/site-packages/airflow/example_dags/example_short_circuit_decorator.py for tasks to queue
[2024-08-15T00:10:19.862+0000] {logging_mixin.py:188} INFO - [2024-08-15T00:10:19.862+0000] {dagbag.py:540} INFO - Filling up the DagBag from /home/airflow/.local/lib/python3.12/site-packages/airflow/example_dags/example_short_circuit_decorator.py
[2024-08-15T00:10:19.867+0000] {processor.py:840} INFO - DAG(s) 'example_short_circuit_decorator' retrieved from /home/airflow/.local/lib/python3.12/site-packages/airflow/example_dags/example_short_circuit_decorator.py
[2024-08-15T00:10:19.880+0000] {logging_mixin.py:188} INFO - [2024-08-15T00:10:19.880+0000] {dag.py:3096} INFO - Sync 1 DAGs
[2024-08-15T00:10:19.892+0000] {logging_mixin.py:188} INFO - [2024-08-15T00:10:19.892+0000] {dag.py:3954} INFO - Setting next_dagrun for example_short_circuit_decorator to 2024-08-14 00:00:00+00:00, run_after=2024-08-15 00:00:00+00:00
[2024-08-15T00:10:19.902+0000] {processor.py:183} INFO - Processing /home/airflow/.local/lib/python3.12/site-packages/airflow/example_dags/example_short_circuit_decorator.py took 0.044 seconds
[2024-08-15T00:10:50.486+0000] {processor.py:161} INFO - Started process (PID=4981) to work on /home/airflow/.local/lib/python3.12/site-packages/airflow/example_dags/example_short_circuit_decorator.py
[2024-08-15T00:10:50.487+0000] {processor.py:830} INFO - Processing file /home/airflow/.local/lib/python3.12/site-packages/airflow/example_dags/example_short_circuit_decorator.py for tasks to queue
[2024-08-15T00:10:50.488+0000] {logging_mixin.py:188} INFO - [2024-08-15T00:10:50.487+0000] {dagbag.py:540} INFO - Filling up the DagBag from /home/airflow/.local/lib/python3.12/site-packages/airflow/example_dags/example_short_circuit_decorator.py
[2024-08-15T00:10:50.492+0000] {processor.py:840} INFO - DAG(s) 'example_short_circuit_decorator' retrieved from /home/airflow/.local/lib/python3.12/site-packages/airflow/example_dags/example_short_circuit_decorator.py
[2024-08-15T00:10:50.505+0000] {logging_mixin.py:188} INFO - [2024-08-15T00:10:50.505+0000] {dag.py:3096} INFO - Sync 1 DAGs
[2024-08-15T00:10:50.517+0000] {logging_mixin.py:188} INFO - [2024-08-15T00:10:50.517+0000] {dag.py:3954} INFO - Setting next_dagrun for example_short_circuit_decorator to 2024-08-14 00:00:00+00:00, run_after=2024-08-15 00:00:00+00:00
[2024-08-15T00:10:50.526+0000] {processor.py:183} INFO - Processing /home/airflow/.local/lib/python3.12/site-packages/airflow/example_dags/example_short_circuit_decorator.py took 0.043 seconds
[2024-08-15T00:11:21.183+0000] {processor.py:161} INFO - Started process (PID=5039) to work on /home/airflow/.local/lib/python3.12/site-packages/airflow/example_dags/example_short_circuit_decorator.py
[2024-08-15T00:11:21.183+0000] {processor.py:830} INFO - Processing file /home/airflow/.local/lib/python3.12/site-packages/airflow/example_dags/example_short_circuit_decorator.py for tasks to queue
[2024-08-15T00:11:21.184+0000] {logging_mixin.py:188} INFO - [2024-08-15T00:11:21.184+0000] {dagbag.py:540} INFO - Filling up the DagBag from /home/airflow/.local/lib/python3.12/site-packages/airflow/example_dags/example_short_circuit_decorator.py
[2024-08-15T00:11:21.189+0000] {processor.py:840} INFO - DAG(s) 'example_short_circuit_decorator' retrieved from /home/airflow/.local/lib/python3.12/site-packages/airflow/example_dags/example_short_circuit_decorator.py
[2024-08-15T00:11:21.202+0000] {logging_mixin.py:188} INFO - [2024-08-15T00:11:21.202+0000] {dag.py:3096} INFO - Sync 1 DAGs
[2024-08-15T00:11:21.216+0000] {logging_mixin.py:188} INFO - [2024-08-15T00:11:21.215+0000] {dag.py:3954} INFO - Setting next_dagrun for example_short_circuit_decorator to 2024-08-14 00:00:00+00:00, run_after=2024-08-15 00:00:00+00:00
[2024-08-15T00:11:21.225+0000] {processor.py:183} INFO - Processing /home/airflow/.local/lib/python3.12/site-packages/airflow/example_dags/example_short_circuit_decorator.py took 0.046 seconds
