[2024-08-15T00:00:05.494+0000] {processor.py:161} INFO - Started process (PID=3746) to work on /home/airflow/.local/lib/python3.12/site-packages/airflow/example_dags/example_nested_branch_dag.py
[2024-08-15T00:00:05.494+0000] {processor.py:830} INFO - Processing file /home/airflow/.local/lib/python3.12/site-packages/airflow/example_dags/example_nested_branch_dag.py for tasks to queue
[2024-08-15T00:00:05.495+0000] {logging_mixin.py:188} INFO - [2024-08-15T00:00:05.495+0000] {dagbag.py:540} INFO - Filling up the DagBag from /home/airflow/.local/lib/python3.12/site-packages/airflow/example_dags/example_nested_branch_dag.py
[2024-08-15T00:00:05.501+0000] {processor.py:840} INFO - DAG(s) 'example_nested_branch_dag' retrieved from /home/airflow/.local/lib/python3.12/site-packages/airflow/example_dags/example_nested_branch_dag.py
[2024-08-15T00:00:05.513+0000] {logging_mixin.py:188} INFO - [2024-08-15T00:00:05.513+0000] {dag.py:3096} INFO - Sync 1 DAGs
[2024-08-15T00:00:05.525+0000] {logging_mixin.py:188} INFO - [2024-08-15T00:00:05.525+0000] {dag.py:3954} INFO - Setting next_dagrun for example_nested_branch_dag to 2024-08-14 00:00:00+00:00, run_after=2024-08-15 00:00:00+00:00
[2024-08-15T00:00:05.535+0000] {processor.py:183} INFO - Processing /home/airflow/.local/lib/python3.12/site-packages/airflow/example_dags/example_nested_branch_dag.py took 0.044 seconds
[2024-08-15T00:00:36.147+0000] {processor.py:161} INFO - Started process (PID=3804) to work on /home/airflow/.local/lib/python3.12/site-packages/airflow/example_dags/example_nested_branch_dag.py
[2024-08-15T00:00:36.147+0000] {processor.py:830} INFO - Processing file /home/airflow/.local/lib/python3.12/site-packages/airflow/example_dags/example_nested_branch_dag.py for tasks to queue
[2024-08-15T00:00:36.148+0000] {logging_mixin.py:188} INFO - [2024-08-15T00:00:36.148+0000] {dagbag.py:540} INFO - Filling up the DagBag from /home/airflow/.local/lib/python3.12/site-packages/airflow/example_dags/example_nested_branch_dag.py
[2024-08-15T00:00:36.153+0000] {processor.py:840} INFO - DAG(s) 'example_nested_branch_dag' retrieved from /home/airflow/.local/lib/python3.12/site-packages/airflow/example_dags/example_nested_branch_dag.py
[2024-08-15T00:00:36.166+0000] {logging_mixin.py:188} INFO - [2024-08-15T00:00:36.165+0000] {dag.py:3096} INFO - Sync 1 DAGs
[2024-08-15T00:00:36.178+0000] {logging_mixin.py:188} INFO - [2024-08-15T00:00:36.178+0000] {dag.py:3954} INFO - Setting next_dagrun for example_nested_branch_dag to 2024-08-14 00:00:00+00:00, run_after=2024-08-15 00:00:00+00:00
[2024-08-15T00:00:36.188+0000] {processor.py:183} INFO - Processing /home/airflow/.local/lib/python3.12/site-packages/airflow/example_dags/example_nested_branch_dag.py took 0.045 seconds
[2024-08-15T00:01:06.806+0000] {processor.py:161} INFO - Started process (PID=3862) to work on /home/airflow/.local/lib/python3.12/site-packages/airflow/example_dags/example_nested_branch_dag.py
[2024-08-15T00:01:06.806+0000] {processor.py:830} INFO - Processing file /home/airflow/.local/lib/python3.12/site-packages/airflow/example_dags/example_nested_branch_dag.py for tasks to queue
[2024-08-15T00:01:06.807+0000] {logging_mixin.py:188} INFO - [2024-08-15T00:01:06.807+0000] {dagbag.py:540} INFO - Filling up the DagBag from /home/airflow/.local/lib/python3.12/site-packages/airflow/example_dags/example_nested_branch_dag.py
[2024-08-15T00:01:06.813+0000] {processor.py:840} INFO - DAG(s) 'example_nested_branch_dag' retrieved from /home/airflow/.local/lib/python3.12/site-packages/airflow/example_dags/example_nested_branch_dag.py
[2024-08-15T00:01:06.825+0000] {logging_mixin.py:188} INFO - [2024-08-15T00:01:06.825+0000] {dag.py:3096} INFO - Sync 1 DAGs
[2024-08-15T00:01:06.838+0000] {logging_mixin.py:188} INFO - [2024-08-15T00:01:06.837+0000] {dag.py:3954} INFO - Setting next_dagrun for example_nested_branch_dag to 2024-08-14 00:00:00+00:00, run_after=2024-08-15 00:00:00+00:00
[2024-08-15T00:01:06.847+0000] {processor.py:183} INFO - Processing /home/airflow/.local/lib/python3.12/site-packages/airflow/example_dags/example_nested_branch_dag.py took 0.045 seconds
[2024-08-15T00:01:37.492+0000] {processor.py:161} INFO - Started process (PID=3920) to work on /home/airflow/.local/lib/python3.12/site-packages/airflow/example_dags/example_nested_branch_dag.py
[2024-08-15T00:01:37.492+0000] {processor.py:830} INFO - Processing file /home/airflow/.local/lib/python3.12/site-packages/airflow/example_dags/example_nested_branch_dag.py for tasks to queue
[2024-08-15T00:01:37.493+0000] {logging_mixin.py:188} INFO - [2024-08-15T00:01:37.493+0000] {dagbag.py:540} INFO - Filling up the DagBag from /home/airflow/.local/lib/python3.12/site-packages/airflow/example_dags/example_nested_branch_dag.py
[2024-08-15T00:01:37.499+0000] {processor.py:840} INFO - DAG(s) 'example_nested_branch_dag' retrieved from /home/airflow/.local/lib/python3.12/site-packages/airflow/example_dags/example_nested_branch_dag.py
[2024-08-15T00:01:37.512+0000] {logging_mixin.py:188} INFO - [2024-08-15T00:01:37.512+0000] {dag.py:3096} INFO - Sync 1 DAGs
[2024-08-15T00:01:37.526+0000] {logging_mixin.py:188} INFO - [2024-08-15T00:01:37.525+0000] {dag.py:3954} INFO - Setting next_dagrun for example_nested_branch_dag to 2024-08-14 00:00:00+00:00, run_after=2024-08-15 00:00:00+00:00
[2024-08-15T00:01:37.536+0000] {processor.py:183} INFO - Processing /home/airflow/.local/lib/python3.12/site-packages/airflow/example_dags/example_nested_branch_dag.py took 0.048 seconds
[2024-08-15T00:02:08.076+0000] {processor.py:161} INFO - Started process (PID=3978) to work on /home/airflow/.local/lib/python3.12/site-packages/airflow/example_dags/example_nested_branch_dag.py
[2024-08-15T00:02:08.077+0000] {processor.py:830} INFO - Processing file /home/airflow/.local/lib/python3.12/site-packages/airflow/example_dags/example_nested_branch_dag.py for tasks to queue
[2024-08-15T00:02:08.078+0000] {logging_mixin.py:188} INFO - [2024-08-15T00:02:08.077+0000] {dagbag.py:540} INFO - Filling up the DagBag from /home/airflow/.local/lib/python3.12/site-packages/airflow/example_dags/example_nested_branch_dag.py
[2024-08-15T00:02:08.083+0000] {processor.py:840} INFO - DAG(s) 'example_nested_branch_dag' retrieved from /home/airflow/.local/lib/python3.12/site-packages/airflow/example_dags/example_nested_branch_dag.py
[2024-08-15T00:02:08.095+0000] {logging_mixin.py:188} INFO - [2024-08-15T00:02:08.095+0000] {dag.py:3096} INFO - Sync 1 DAGs
[2024-08-15T00:02:08.108+0000] {logging_mixin.py:188} INFO - [2024-08-15T00:02:08.108+0000] {dag.py:3954} INFO - Setting next_dagrun for example_nested_branch_dag to 2024-08-14 00:00:00+00:00, run_after=2024-08-15 00:00:00+00:00
[2024-08-15T00:02:08.118+0000] {processor.py:183} INFO - Processing /home/airflow/.local/lib/python3.12/site-packages/airflow/example_dags/example_nested_branch_dag.py took 0.045 seconds
[2024-08-15T00:02:38.748+0000] {processor.py:161} INFO - Started process (PID=4036) to work on /home/airflow/.local/lib/python3.12/site-packages/airflow/example_dags/example_nested_branch_dag.py
[2024-08-15T00:02:38.749+0000] {processor.py:830} INFO - Processing file /home/airflow/.local/lib/python3.12/site-packages/airflow/example_dags/example_nested_branch_dag.py for tasks to queue
[2024-08-15T00:02:38.750+0000] {logging_mixin.py:188} INFO - [2024-08-15T00:02:38.749+0000] {dagbag.py:540} INFO - Filling up the DagBag from /home/airflow/.local/lib/python3.12/site-packages/airflow/example_dags/example_nested_branch_dag.py
[2024-08-15T00:02:38.755+0000] {processor.py:840} INFO - DAG(s) 'example_nested_branch_dag' retrieved from /home/airflow/.local/lib/python3.12/site-packages/airflow/example_dags/example_nested_branch_dag.py
[2024-08-15T00:02:38.767+0000] {logging_mixin.py:188} INFO - [2024-08-15T00:02:38.767+0000] {dag.py:3096} INFO - Sync 1 DAGs
[2024-08-15T00:02:38.779+0000] {logging_mixin.py:188} INFO - [2024-08-15T00:02:38.779+0000] {dag.py:3954} INFO - Setting next_dagrun for example_nested_branch_dag to 2024-08-14 00:00:00+00:00, run_after=2024-08-15 00:00:00+00:00
[2024-08-15T00:02:38.789+0000] {processor.py:183} INFO - Processing /home/airflow/.local/lib/python3.12/site-packages/airflow/example_dags/example_nested_branch_dag.py took 0.044 seconds
[2024-08-15T00:03:09.298+0000] {processor.py:161} INFO - Started process (PID=4094) to work on /home/airflow/.local/lib/python3.12/site-packages/airflow/example_dags/example_nested_branch_dag.py
[2024-08-15T00:03:09.298+0000] {processor.py:830} INFO - Processing file /home/airflow/.local/lib/python3.12/site-packages/airflow/example_dags/example_nested_branch_dag.py for tasks to queue
[2024-08-15T00:03:09.300+0000] {logging_mixin.py:188} INFO - [2024-08-15T00:03:09.299+0000] {dagbag.py:540} INFO - Filling up the DagBag from /home/airflow/.local/lib/python3.12/site-packages/airflow/example_dags/example_nested_branch_dag.py
[2024-08-15T00:03:09.305+0000] {processor.py:840} INFO - DAG(s) 'example_nested_branch_dag' retrieved from /home/airflow/.local/lib/python3.12/site-packages/airflow/example_dags/example_nested_branch_dag.py
[2024-08-15T00:03:09.318+0000] {logging_mixin.py:188} INFO - [2024-08-15T00:03:09.317+0000] {dag.py:3096} INFO - Sync 1 DAGs
[2024-08-15T00:03:09.331+0000] {logging_mixin.py:188} INFO - [2024-08-15T00:03:09.331+0000] {dag.py:3954} INFO - Setting next_dagrun for example_nested_branch_dag to 2024-08-14 00:00:00+00:00, run_after=2024-08-15 00:00:00+00:00
[2024-08-15T00:03:09.341+0000] {processor.py:183} INFO - Processing /home/airflow/.local/lib/python3.12/site-packages/airflow/example_dags/example_nested_branch_dag.py took 0.046 seconds
[2024-08-15T00:03:39.982+0000] {processor.py:161} INFO - Started process (PID=4152) to work on /home/airflow/.local/lib/python3.12/site-packages/airflow/example_dags/example_nested_branch_dag.py
[2024-08-15T00:03:39.983+0000] {processor.py:830} INFO - Processing file /home/airflow/.local/lib/python3.12/site-packages/airflow/example_dags/example_nested_branch_dag.py for tasks to queue
[2024-08-15T00:03:39.984+0000] {logging_mixin.py:188} INFO - [2024-08-15T00:03:39.983+0000] {dagbag.py:540} INFO - Filling up the DagBag from /home/airflow/.local/lib/python3.12/site-packages/airflow/example_dags/example_nested_branch_dag.py
[2024-08-15T00:03:39.989+0000] {processor.py:840} INFO - DAG(s) 'example_nested_branch_dag' retrieved from /home/airflow/.local/lib/python3.12/site-packages/airflow/example_dags/example_nested_branch_dag.py
[2024-08-15T00:03:40.001+0000] {logging_mixin.py:188} INFO - [2024-08-15T00:03:40.001+0000] {dag.py:3096} INFO - Sync 1 DAGs
[2024-08-15T00:03:40.014+0000] {logging_mixin.py:188} INFO - [2024-08-15T00:03:40.014+0000] {dag.py:3954} INFO - Setting next_dagrun for example_nested_branch_dag to 2024-08-14 00:00:00+00:00, run_after=2024-08-15 00:00:00+00:00
[2024-08-15T00:03:40.023+0000] {processor.py:183} INFO - Processing /home/airflow/.local/lib/python3.12/site-packages/airflow/example_dags/example_nested_branch_dag.py took 0.044 seconds
[2024-08-15T00:04:10.631+0000] {processor.py:161} INFO - Started process (PID=4210) to work on /home/airflow/.local/lib/python3.12/site-packages/airflow/example_dags/example_nested_branch_dag.py
[2024-08-15T00:04:10.631+0000] {processor.py:830} INFO - Processing file /home/airflow/.local/lib/python3.12/site-packages/airflow/example_dags/example_nested_branch_dag.py for tasks to queue
[2024-08-15T00:04:10.632+0000] {logging_mixin.py:188} INFO - [2024-08-15T00:04:10.632+0000] {dagbag.py:540} INFO - Filling up the DagBag from /home/airflow/.local/lib/python3.12/site-packages/airflow/example_dags/example_nested_branch_dag.py
[2024-08-15T00:04:10.638+0000] {processor.py:840} INFO - DAG(s) 'example_nested_branch_dag' retrieved from /home/airflow/.local/lib/python3.12/site-packages/airflow/example_dags/example_nested_branch_dag.py
[2024-08-15T00:04:10.651+0000] {logging_mixin.py:188} INFO - [2024-08-15T00:04:10.651+0000] {dag.py:3096} INFO - Sync 1 DAGs
[2024-08-15T00:04:10.665+0000] {logging_mixin.py:188} INFO - [2024-08-15T00:04:10.664+0000] {dag.py:3954} INFO - Setting next_dagrun for example_nested_branch_dag to 2024-08-14 00:00:00+00:00, run_after=2024-08-15 00:00:00+00:00
[2024-08-15T00:04:10.674+0000] {processor.py:183} INFO - Processing /home/airflow/.local/lib/python3.12/site-packages/airflow/example_dags/example_nested_branch_dag.py took 0.047 seconds
[2024-08-15T00:04:41.300+0000] {processor.py:161} INFO - Started process (PID=4268) to work on /home/airflow/.local/lib/python3.12/site-packages/airflow/example_dags/example_nested_branch_dag.py
[2024-08-15T00:04:41.301+0000] {processor.py:830} INFO - Processing file /home/airflow/.local/lib/python3.12/site-packages/airflow/example_dags/example_nested_branch_dag.py for tasks to queue
[2024-08-15T00:04:41.302+0000] {logging_mixin.py:188} INFO - [2024-08-15T00:04:41.301+0000] {dagbag.py:540} INFO - Filling up the DagBag from /home/airflow/.local/lib/python3.12/site-packages/airflow/example_dags/example_nested_branch_dag.py
[2024-08-15T00:04:41.307+0000] {processor.py:840} INFO - DAG(s) 'example_nested_branch_dag' retrieved from /home/airflow/.local/lib/python3.12/site-packages/airflow/example_dags/example_nested_branch_dag.py
[2024-08-15T00:04:41.321+0000] {logging_mixin.py:188} INFO - [2024-08-15T00:04:41.321+0000] {dag.py:3096} INFO - Sync 1 DAGs
[2024-08-15T00:04:41.335+0000] {logging_mixin.py:188} INFO - [2024-08-15T00:04:41.335+0000] {dag.py:3954} INFO - Setting next_dagrun for example_nested_branch_dag to 2024-08-14 00:00:00+00:00, run_after=2024-08-15 00:00:00+00:00
[2024-08-15T00:04:41.346+0000] {processor.py:183} INFO - Processing /home/airflow/.local/lib/python3.12/site-packages/airflow/example_dags/example_nested_branch_dag.py took 0.050 seconds
[2024-08-15T00:05:11.951+0000] {processor.py:161} INFO - Started process (PID=4326) to work on /home/airflow/.local/lib/python3.12/site-packages/airflow/example_dags/example_nested_branch_dag.py
[2024-08-15T00:05:11.952+0000] {processor.py:830} INFO - Processing file /home/airflow/.local/lib/python3.12/site-packages/airflow/example_dags/example_nested_branch_dag.py for tasks to queue
[2024-08-15T00:05:11.953+0000] {logging_mixin.py:188} INFO - [2024-08-15T00:05:11.953+0000] {dagbag.py:540} INFO - Filling up the DagBag from /home/airflow/.local/lib/python3.12/site-packages/airflow/example_dags/example_nested_branch_dag.py
[2024-08-15T00:05:11.958+0000] {processor.py:840} INFO - DAG(s) 'example_nested_branch_dag' retrieved from /home/airflow/.local/lib/python3.12/site-packages/airflow/example_dags/example_nested_branch_dag.py
[2024-08-15T00:05:11.971+0000] {logging_mixin.py:188} INFO - [2024-08-15T00:05:11.970+0000] {dag.py:3096} INFO - Sync 1 DAGs
[2024-08-15T00:05:11.983+0000] {logging_mixin.py:188} INFO - [2024-08-15T00:05:11.983+0000] {dag.py:3954} INFO - Setting next_dagrun for example_nested_branch_dag to 2024-08-14 00:00:00+00:00, run_after=2024-08-15 00:00:00+00:00
[2024-08-15T00:05:11.993+0000] {processor.py:183} INFO - Processing /home/airflow/.local/lib/python3.12/site-packages/airflow/example_dags/example_nested_branch_dag.py took 0.044 seconds
[2024-08-15T00:05:42.619+0000] {processor.py:161} INFO - Started process (PID=4384) to work on /home/airflow/.local/lib/python3.12/site-packages/airflow/example_dags/example_nested_branch_dag.py
[2024-08-15T00:05:42.620+0000] {processor.py:830} INFO - Processing file /home/airflow/.local/lib/python3.12/site-packages/airflow/example_dags/example_nested_branch_dag.py for tasks to queue
[2024-08-15T00:05:42.621+0000] {logging_mixin.py:188} INFO - [2024-08-15T00:05:42.621+0000] {dagbag.py:540} INFO - Filling up the DagBag from /home/airflow/.local/lib/python3.12/site-packages/airflow/example_dags/example_nested_branch_dag.py
[2024-08-15T00:05:42.626+0000] {processor.py:840} INFO - DAG(s) 'example_nested_branch_dag' retrieved from /home/airflow/.local/lib/python3.12/site-packages/airflow/example_dags/example_nested_branch_dag.py
[2024-08-15T00:05:42.639+0000] {logging_mixin.py:188} INFO - [2024-08-15T00:05:42.639+0000] {dag.py:3096} INFO - Sync 1 DAGs
[2024-08-15T00:05:42.651+0000] {logging_mixin.py:188} INFO - [2024-08-15T00:05:42.651+0000] {dag.py:3954} INFO - Setting next_dagrun for example_nested_branch_dag to 2024-08-14 00:00:00+00:00, run_after=2024-08-15 00:00:00+00:00
[2024-08-15T00:05:42.661+0000] {processor.py:183} INFO - Processing /home/airflow/.local/lib/python3.12/site-packages/airflow/example_dags/example_nested_branch_dag.py took 0.045 seconds
[2024-08-15T00:06:13.323+0000] {processor.py:161} INFO - Started process (PID=4442) to work on /home/airflow/.local/lib/python3.12/site-packages/airflow/example_dags/example_nested_branch_dag.py
[2024-08-15T00:06:13.323+0000] {processor.py:830} INFO - Processing file /home/airflow/.local/lib/python3.12/site-packages/airflow/example_dags/example_nested_branch_dag.py for tasks to queue
[2024-08-15T00:06:13.324+0000] {logging_mixin.py:188} INFO - [2024-08-15T00:06:13.324+0000] {dagbag.py:540} INFO - Filling up the DagBag from /home/airflow/.local/lib/python3.12/site-packages/airflow/example_dags/example_nested_branch_dag.py
[2024-08-15T00:06:13.330+0000] {processor.py:840} INFO - DAG(s) 'example_nested_branch_dag' retrieved from /home/airflow/.local/lib/python3.12/site-packages/airflow/example_dags/example_nested_branch_dag.py
[2024-08-15T00:06:13.342+0000] {logging_mixin.py:188} INFO - [2024-08-15T00:06:13.342+0000] {dag.py:3096} INFO - Sync 1 DAGs
[2024-08-15T00:06:13.354+0000] {logging_mixin.py:188} INFO - [2024-08-15T00:06:13.354+0000] {dag.py:3954} INFO - Setting next_dagrun for example_nested_branch_dag to 2024-08-14 00:00:00+00:00, run_after=2024-08-15 00:00:00+00:00
[2024-08-15T00:06:13.364+0000] {processor.py:183} INFO - Processing /home/airflow/.local/lib/python3.12/site-packages/airflow/example_dags/example_nested_branch_dag.py took 0.044 seconds
[2024-08-15T00:06:43.900+0000] {processor.py:161} INFO - Started process (PID=4500) to work on /home/airflow/.local/lib/python3.12/site-packages/airflow/example_dags/example_nested_branch_dag.py
[2024-08-15T00:06:43.901+0000] {processor.py:830} INFO - Processing file /home/airflow/.local/lib/python3.12/site-packages/airflow/example_dags/example_nested_branch_dag.py for tasks to queue
[2024-08-15T00:06:43.902+0000] {logging_mixin.py:188} INFO - [2024-08-15T00:06:43.902+0000] {dagbag.py:540} INFO - Filling up the DagBag from /home/airflow/.local/lib/python3.12/site-packages/airflow/example_dags/example_nested_branch_dag.py
[2024-08-15T00:06:43.908+0000] {processor.py:840} INFO - DAG(s) 'example_nested_branch_dag' retrieved from /home/airflow/.local/lib/python3.12/site-packages/airflow/example_dags/example_nested_branch_dag.py
[2024-08-15T00:06:43.921+0000] {logging_mixin.py:188} INFO - [2024-08-15T00:06:43.921+0000] {dag.py:3096} INFO - Sync 1 DAGs
[2024-08-15T00:06:43.936+0000] {logging_mixin.py:188} INFO - [2024-08-15T00:06:43.936+0000] {dag.py:3954} INFO - Setting next_dagrun for example_nested_branch_dag to 2024-08-14 00:00:00+00:00, run_after=2024-08-15 00:00:00+00:00
[2024-08-15T00:06:43.947+0000] {processor.py:183} INFO - Processing /home/airflow/.local/lib/python3.12/site-packages/airflow/example_dags/example_nested_branch_dag.py took 0.050 seconds
[2024-08-15T00:07:14.473+0000] {processor.py:161} INFO - Started process (PID=4558) to work on /home/airflow/.local/lib/python3.12/site-packages/airflow/example_dags/example_nested_branch_dag.py
[2024-08-15T00:07:14.474+0000] {processor.py:830} INFO - Processing file /home/airflow/.local/lib/python3.12/site-packages/airflow/example_dags/example_nested_branch_dag.py for tasks to queue
[2024-08-15T00:07:14.475+0000] {logging_mixin.py:188} INFO - [2024-08-15T00:07:14.475+0000] {dagbag.py:540} INFO - Filling up the DagBag from /home/airflow/.local/lib/python3.12/site-packages/airflow/example_dags/example_nested_branch_dag.py
[2024-08-15T00:07:14.480+0000] {processor.py:840} INFO - DAG(s) 'example_nested_branch_dag' retrieved from /home/airflow/.local/lib/python3.12/site-packages/airflow/example_dags/example_nested_branch_dag.py
[2024-08-15T00:07:14.492+0000] {logging_mixin.py:188} INFO - [2024-08-15T00:07:14.492+0000] {dag.py:3096} INFO - Sync 1 DAGs
[2024-08-15T00:07:14.504+0000] {logging_mixin.py:188} INFO - [2024-08-15T00:07:14.504+0000] {dag.py:3954} INFO - Setting next_dagrun for example_nested_branch_dag to 2024-08-14 00:00:00+00:00, run_after=2024-08-15 00:00:00+00:00
[2024-08-15T00:07:14.513+0000] {processor.py:183} INFO - Processing /home/airflow/.local/lib/python3.12/site-packages/airflow/example_dags/example_nested_branch_dag.py took 0.043 seconds
[2024-08-15T00:07:45.092+0000] {processor.py:161} INFO - Started process (PID=4616) to work on /home/airflow/.local/lib/python3.12/site-packages/airflow/example_dags/example_nested_branch_dag.py
[2024-08-15T00:07:45.093+0000] {processor.py:830} INFO - Processing file /home/airflow/.local/lib/python3.12/site-packages/airflow/example_dags/example_nested_branch_dag.py for tasks to queue
[2024-08-15T00:07:45.094+0000] {logging_mixin.py:188} INFO - [2024-08-15T00:07:45.094+0000] {dagbag.py:540} INFO - Filling up the DagBag from /home/airflow/.local/lib/python3.12/site-packages/airflow/example_dags/example_nested_branch_dag.py
[2024-08-15T00:07:45.099+0000] {processor.py:840} INFO - DAG(s) 'example_nested_branch_dag' retrieved from /home/airflow/.local/lib/python3.12/site-packages/airflow/example_dags/example_nested_branch_dag.py
[2024-08-15T00:07:45.111+0000] {logging_mixin.py:188} INFO - [2024-08-15T00:07:45.111+0000] {dag.py:3096} INFO - Sync 1 DAGs
[2024-08-15T00:07:45.123+0000] {logging_mixin.py:188} INFO - [2024-08-15T00:07:45.123+0000] {dag.py:3954} INFO - Setting next_dagrun for example_nested_branch_dag to 2024-08-14 00:00:00+00:00, run_after=2024-08-15 00:00:00+00:00
[2024-08-15T00:07:45.133+0000] {processor.py:183} INFO - Processing /home/airflow/.local/lib/python3.12/site-packages/airflow/example_dags/example_nested_branch_dag.py took 0.043 seconds
[2024-08-15T00:08:15.761+0000] {processor.py:161} INFO - Started process (PID=4674) to work on /home/airflow/.local/lib/python3.12/site-packages/airflow/example_dags/example_nested_branch_dag.py
[2024-08-15T00:08:15.761+0000] {processor.py:830} INFO - Processing file /home/airflow/.local/lib/python3.12/site-packages/airflow/example_dags/example_nested_branch_dag.py for tasks to queue
[2024-08-15T00:08:15.762+0000] {logging_mixin.py:188} INFO - [2024-08-15T00:08:15.762+0000] {dagbag.py:540} INFO - Filling up the DagBag from /home/airflow/.local/lib/python3.12/site-packages/airflow/example_dags/example_nested_branch_dag.py
[2024-08-15T00:08:15.767+0000] {processor.py:840} INFO - DAG(s) 'example_nested_branch_dag' retrieved from /home/airflow/.local/lib/python3.12/site-packages/airflow/example_dags/example_nested_branch_dag.py
[2024-08-15T00:08:15.779+0000] {logging_mixin.py:188} INFO - [2024-08-15T00:08:15.779+0000] {dag.py:3096} INFO - Sync 1 DAGs
[2024-08-15T00:08:15.791+0000] {logging_mixin.py:188} INFO - [2024-08-15T00:08:15.791+0000] {dag.py:3954} INFO - Setting next_dagrun for example_nested_branch_dag to 2024-08-14 00:00:00+00:00, run_after=2024-08-15 00:00:00+00:00
[2024-08-15T00:08:15.801+0000] {processor.py:183} INFO - Processing /home/airflow/.local/lib/python3.12/site-packages/airflow/example_dags/example_nested_branch_dag.py took 0.043 seconds
[2024-08-15T00:08:46.356+0000] {processor.py:161} INFO - Started process (PID=4732) to work on /home/airflow/.local/lib/python3.12/site-packages/airflow/example_dags/example_nested_branch_dag.py
[2024-08-15T00:08:46.356+0000] {processor.py:830} INFO - Processing file /home/airflow/.local/lib/python3.12/site-packages/airflow/example_dags/example_nested_branch_dag.py for tasks to queue
[2024-08-15T00:08:46.357+0000] {logging_mixin.py:188} INFO - [2024-08-15T00:08:46.357+0000] {dagbag.py:540} INFO - Filling up the DagBag from /home/airflow/.local/lib/python3.12/site-packages/airflow/example_dags/example_nested_branch_dag.py
[2024-08-15T00:08:46.363+0000] {processor.py:840} INFO - DAG(s) 'example_nested_branch_dag' retrieved from /home/airflow/.local/lib/python3.12/site-packages/airflow/example_dags/example_nested_branch_dag.py
[2024-08-15T00:08:46.375+0000] {logging_mixin.py:188} INFO - [2024-08-15T00:08:46.375+0000] {dag.py:3096} INFO - Sync 1 DAGs
[2024-08-15T00:08:46.387+0000] {logging_mixin.py:188} INFO - [2024-08-15T00:08:46.387+0000] {dag.py:3954} INFO - Setting next_dagrun for example_nested_branch_dag to 2024-08-14 00:00:00+00:00, run_after=2024-08-15 00:00:00+00:00
[2024-08-15T00:08:46.397+0000] {processor.py:183} INFO - Processing /home/airflow/.local/lib/python3.12/site-packages/airflow/example_dags/example_nested_branch_dag.py took 0.044 seconds
[2024-08-15T00:09:17.048+0000] {processor.py:161} INFO - Started process (PID=4790) to work on /home/airflow/.local/lib/python3.12/site-packages/airflow/example_dags/example_nested_branch_dag.py
[2024-08-15T00:09:17.049+0000] {processor.py:830} INFO - Processing file /home/airflow/.local/lib/python3.12/site-packages/airflow/example_dags/example_nested_branch_dag.py for tasks to queue
[2024-08-15T00:09:17.050+0000] {logging_mixin.py:188} INFO - [2024-08-15T00:09:17.049+0000] {dagbag.py:540} INFO - Filling up the DagBag from /home/airflow/.local/lib/python3.12/site-packages/airflow/example_dags/example_nested_branch_dag.py
[2024-08-15T00:09:17.055+0000] {processor.py:840} INFO - DAG(s) 'example_nested_branch_dag' retrieved from /home/airflow/.local/lib/python3.12/site-packages/airflow/example_dags/example_nested_branch_dag.py
[2024-08-15T00:09:17.067+0000] {logging_mixin.py:188} INFO - [2024-08-15T00:09:17.066+0000] {dag.py:3096} INFO - Sync 1 DAGs
[2024-08-15T00:09:17.079+0000] {logging_mixin.py:188} INFO - [2024-08-15T00:09:17.079+0000] {dag.py:3954} INFO - Setting next_dagrun for example_nested_branch_dag to 2024-08-14 00:00:00+00:00, run_after=2024-08-15 00:00:00+00:00
[2024-08-15T00:09:17.089+0000] {processor.py:183} INFO - Processing /home/airflow/.local/lib/python3.12/site-packages/airflow/example_dags/example_nested_branch_dag.py took 0.043 seconds
[2024-08-15T00:09:47.706+0000] {processor.py:161} INFO - Started process (PID=4848) to work on /home/airflow/.local/lib/python3.12/site-packages/airflow/example_dags/example_nested_branch_dag.py
[2024-08-15T00:09:47.706+0000] {processor.py:830} INFO - Processing file /home/airflow/.local/lib/python3.12/site-packages/airflow/example_dags/example_nested_branch_dag.py for tasks to queue
[2024-08-15T00:09:47.707+0000] {logging_mixin.py:188} INFO - [2024-08-15T00:09:47.707+0000] {dagbag.py:540} INFO - Filling up the DagBag from /home/airflow/.local/lib/python3.12/site-packages/airflow/example_dags/example_nested_branch_dag.py
[2024-08-15T00:09:47.712+0000] {processor.py:840} INFO - DAG(s) 'example_nested_branch_dag' retrieved from /home/airflow/.local/lib/python3.12/site-packages/airflow/example_dags/example_nested_branch_dag.py
[2024-08-15T00:09:47.724+0000] {logging_mixin.py:188} INFO - [2024-08-15T00:09:47.724+0000] {dag.py:3096} INFO - Sync 1 DAGs
[2024-08-15T00:09:47.736+0000] {logging_mixin.py:188} INFO - [2024-08-15T00:09:47.736+0000] {dag.py:3954} INFO - Setting next_dagrun for example_nested_branch_dag to 2024-08-14 00:00:00+00:00, run_after=2024-08-15 00:00:00+00:00
[2024-08-15T00:09:47.746+0000] {processor.py:183} INFO - Processing /home/airflow/.local/lib/python3.12/site-packages/airflow/example_dags/example_nested_branch_dag.py took 0.044 seconds
[2024-08-15T00:10:18.320+0000] {processor.py:161} INFO - Started process (PID=4906) to work on /home/airflow/.local/lib/python3.12/site-packages/airflow/example_dags/example_nested_branch_dag.py
[2024-08-15T00:10:18.321+0000] {processor.py:830} INFO - Processing file /home/airflow/.local/lib/python3.12/site-packages/airflow/example_dags/example_nested_branch_dag.py for tasks to queue
[2024-08-15T00:10:18.322+0000] {logging_mixin.py:188} INFO - [2024-08-15T00:10:18.321+0000] {dagbag.py:540} INFO - Filling up the DagBag from /home/airflow/.local/lib/python3.12/site-packages/airflow/example_dags/example_nested_branch_dag.py
[2024-08-15T00:10:18.327+0000] {processor.py:840} INFO - DAG(s) 'example_nested_branch_dag' retrieved from /home/airflow/.local/lib/python3.12/site-packages/airflow/example_dags/example_nested_branch_dag.py
[2024-08-15T00:10:18.338+0000] {logging_mixin.py:188} INFO - [2024-08-15T00:10:18.338+0000] {dag.py:3096} INFO - Sync 1 DAGs
[2024-08-15T00:10:18.351+0000] {logging_mixin.py:188} INFO - [2024-08-15T00:10:18.351+0000] {dag.py:3954} INFO - Setting next_dagrun for example_nested_branch_dag to 2024-08-14 00:00:00+00:00, run_after=2024-08-15 00:00:00+00:00
[2024-08-15T00:10:18.360+0000] {processor.py:183} INFO - Processing /home/airflow/.local/lib/python3.12/site-packages/airflow/example_dags/example_nested_branch_dag.py took 0.044 seconds
[2024-08-15T00:10:48.957+0000] {processor.py:161} INFO - Started process (PID=4964) to work on /home/airflow/.local/lib/python3.12/site-packages/airflow/example_dags/example_nested_branch_dag.py
[2024-08-15T00:10:48.957+0000] {processor.py:830} INFO - Processing file /home/airflow/.local/lib/python3.12/site-packages/airflow/example_dags/example_nested_branch_dag.py for tasks to queue
[2024-08-15T00:10:48.958+0000] {logging_mixin.py:188} INFO - [2024-08-15T00:10:48.958+0000] {dagbag.py:540} INFO - Filling up the DagBag from /home/airflow/.local/lib/python3.12/site-packages/airflow/example_dags/example_nested_branch_dag.py
[2024-08-15T00:10:48.964+0000] {processor.py:840} INFO - DAG(s) 'example_nested_branch_dag' retrieved from /home/airflow/.local/lib/python3.12/site-packages/airflow/example_dags/example_nested_branch_dag.py
[2024-08-15T00:10:48.976+0000] {logging_mixin.py:188} INFO - [2024-08-15T00:10:48.976+0000] {dag.py:3096} INFO - Sync 1 DAGs
[2024-08-15T00:10:48.988+0000] {logging_mixin.py:188} INFO - [2024-08-15T00:10:48.988+0000] {dag.py:3954} INFO - Setting next_dagrun for example_nested_branch_dag to 2024-08-14 00:00:00+00:00, run_after=2024-08-15 00:00:00+00:00
[2024-08-15T00:10:48.998+0000] {processor.py:183} INFO - Processing /home/airflow/.local/lib/python3.12/site-packages/airflow/example_dags/example_nested_branch_dag.py took 0.044 seconds
[2024-08-15T00:11:19.595+0000] {processor.py:161} INFO - Started process (PID=5022) to work on /home/airflow/.local/lib/python3.12/site-packages/airflow/example_dags/example_nested_branch_dag.py
[2024-08-15T00:11:19.596+0000] {processor.py:830} INFO - Processing file /home/airflow/.local/lib/python3.12/site-packages/airflow/example_dags/example_nested_branch_dag.py for tasks to queue
[2024-08-15T00:11:19.597+0000] {logging_mixin.py:188} INFO - [2024-08-15T00:11:19.596+0000] {dagbag.py:540} INFO - Filling up the DagBag from /home/airflow/.local/lib/python3.12/site-packages/airflow/example_dags/example_nested_branch_dag.py
[2024-08-15T00:11:19.602+0000] {processor.py:840} INFO - DAG(s) 'example_nested_branch_dag' retrieved from /home/airflow/.local/lib/python3.12/site-packages/airflow/example_dags/example_nested_branch_dag.py
[2024-08-15T00:11:19.617+0000] {logging_mixin.py:188} INFO - [2024-08-15T00:11:19.617+0000] {dag.py:3096} INFO - Sync 1 DAGs
[2024-08-15T00:11:19.630+0000] {logging_mixin.py:188} INFO - [2024-08-15T00:11:19.630+0000] {dag.py:3954} INFO - Setting next_dagrun for example_nested_branch_dag to 2024-08-14 00:00:00+00:00, run_after=2024-08-15 00:00:00+00:00
[2024-08-15T00:11:19.642+0000] {processor.py:183} INFO - Processing /home/airflow/.local/lib/python3.12/site-packages/airflow/example_dags/example_nested_branch_dag.py took 0.051 seconds
