[2024-08-15T00:00:01.834+0000] {processor.py:161} INFO - Started process (PID=3727) to work on /home/airflow/.local/lib/python3.12/site-packages/airflow/example_dags/example_python_operator.py
[2024-08-15T00:00:01.834+0000] {processor.py:830} INFO - Processing file /home/airflow/.local/lib/python3.12/site-packages/airflow/example_dags/example_python_operator.py for tasks to queue
[2024-08-15T00:00:01.835+0000] {logging_mixin.py:188} INFO - [2024-08-15T00:00:01.835+0000] {dagbag.py:540} INFO - Filling up the DagBag from /home/airflow/.local/lib/python3.12/site-packages/airflow/example_dags/example_python_operator.py
[2024-08-15T00:00:01.841+0000] {processor.py:840} INFO - DAG(s) 'example_python_operator' retrieved from /home/airflow/.local/lib/python3.12/site-packages/airflow/example_dags/example_python_operator.py
[2024-08-15T00:00:01.855+0000] {logging_mixin.py:188} INFO - [2024-08-15T00:00:01.855+0000] {dag.py:3096} INFO - Sync 1 DAGs
[2024-08-15T00:00:01.862+0000] {logging_mixin.py:188} INFO - [2024-08-15T00:00:01.862+0000] {dag.py:3954} INFO - Setting next_dagrun for example_python_operator to None, run_after=None
[2024-08-15T00:00:01.872+0000] {processor.py:183} INFO - Processing /home/airflow/.local/lib/python3.12/site-packages/airflow/example_dags/example_python_operator.py took 0.041 seconds
[2024-08-15T00:00:32.579+0000] {processor.py:161} INFO - Started process (PID=3785) to work on /home/airflow/.local/lib/python3.12/site-packages/airflow/example_dags/example_python_operator.py
[2024-08-15T00:00:32.580+0000] {processor.py:830} INFO - Processing file /home/airflow/.local/lib/python3.12/site-packages/airflow/example_dags/example_python_operator.py for tasks to queue
[2024-08-15T00:00:32.581+0000] {logging_mixin.py:188} INFO - [2024-08-15T00:00:32.580+0000] {dagbag.py:540} INFO - Filling up the DagBag from /home/airflow/.local/lib/python3.12/site-packages/airflow/example_dags/example_python_operator.py
[2024-08-15T00:00:32.586+0000] {processor.py:840} INFO - DAG(s) 'example_python_operator' retrieved from /home/airflow/.local/lib/python3.12/site-packages/airflow/example_dags/example_python_operator.py
[2024-08-15T00:00:32.598+0000] {logging_mixin.py:188} INFO - [2024-08-15T00:00:32.598+0000] {dag.py:3096} INFO - Sync 1 DAGs
[2024-08-15T00:00:32.605+0000] {logging_mixin.py:188} INFO - [2024-08-15T00:00:32.605+0000] {dag.py:3954} INFO - Setting next_dagrun for example_python_operator to None, run_after=None
[2024-08-15T00:00:32.614+0000] {processor.py:183} INFO - Processing /home/airflow/.local/lib/python3.12/site-packages/airflow/example_dags/example_python_operator.py took 0.038 seconds
[2024-08-15T00:01:03.214+0000] {processor.py:161} INFO - Started process (PID=3843) to work on /home/airflow/.local/lib/python3.12/site-packages/airflow/example_dags/example_python_operator.py
[2024-08-15T00:01:03.215+0000] {processor.py:830} INFO - Processing file /home/airflow/.local/lib/python3.12/site-packages/airflow/example_dags/example_python_operator.py for tasks to queue
[2024-08-15T00:01:03.216+0000] {logging_mixin.py:188} INFO - [2024-08-15T00:01:03.215+0000] {dagbag.py:540} INFO - Filling up the DagBag from /home/airflow/.local/lib/python3.12/site-packages/airflow/example_dags/example_python_operator.py
[2024-08-15T00:01:03.221+0000] {processor.py:840} INFO - DAG(s) 'example_python_operator' retrieved from /home/airflow/.local/lib/python3.12/site-packages/airflow/example_dags/example_python_operator.py
[2024-08-15T00:01:03.233+0000] {logging_mixin.py:188} INFO - [2024-08-15T00:01:03.233+0000] {dag.py:3096} INFO - Sync 1 DAGs
[2024-08-15T00:01:03.240+0000] {logging_mixin.py:188} INFO - [2024-08-15T00:01:03.240+0000] {dag.py:3954} INFO - Setting next_dagrun for example_python_operator to None, run_after=None
[2024-08-15T00:01:03.249+0000] {processor.py:183} INFO - Processing /home/airflow/.local/lib/python3.12/site-packages/airflow/example_dags/example_python_operator.py took 0.038 seconds
[2024-08-15T00:01:33.887+0000] {processor.py:161} INFO - Started process (PID=3901) to work on /home/airflow/.local/lib/python3.12/site-packages/airflow/example_dags/example_python_operator.py
[2024-08-15T00:01:33.888+0000] {processor.py:830} INFO - Processing file /home/airflow/.local/lib/python3.12/site-packages/airflow/example_dags/example_python_operator.py for tasks to queue
[2024-08-15T00:01:33.889+0000] {logging_mixin.py:188} INFO - [2024-08-15T00:01:33.889+0000] {dagbag.py:540} INFO - Filling up the DagBag from /home/airflow/.local/lib/python3.12/site-packages/airflow/example_dags/example_python_operator.py
[2024-08-15T00:01:33.894+0000] {processor.py:840} INFO - DAG(s) 'example_python_operator' retrieved from /home/airflow/.local/lib/python3.12/site-packages/airflow/example_dags/example_python_operator.py
[2024-08-15T00:01:33.905+0000] {logging_mixin.py:188} INFO - [2024-08-15T00:01:33.905+0000] {dag.py:3096} INFO - Sync 1 DAGs
[2024-08-15T00:01:33.912+0000] {logging_mixin.py:188} INFO - [2024-08-15T00:01:33.912+0000] {dag.py:3954} INFO - Setting next_dagrun for example_python_operator to None, run_after=None
[2024-08-15T00:01:33.921+0000] {processor.py:183} INFO - Processing /home/airflow/.local/lib/python3.12/site-packages/airflow/example_dags/example_python_operator.py took 0.037 seconds
[2024-08-15T00:02:04.521+0000] {processor.py:161} INFO - Started process (PID=3959) to work on /home/airflow/.local/lib/python3.12/site-packages/airflow/example_dags/example_python_operator.py
[2024-08-15T00:02:04.521+0000] {processor.py:830} INFO - Processing file /home/airflow/.local/lib/python3.12/site-packages/airflow/example_dags/example_python_operator.py for tasks to queue
[2024-08-15T00:02:04.522+0000] {logging_mixin.py:188} INFO - [2024-08-15T00:02:04.522+0000] {dagbag.py:540} INFO - Filling up the DagBag from /home/airflow/.local/lib/python3.12/site-packages/airflow/example_dags/example_python_operator.py
[2024-08-15T00:02:04.527+0000] {processor.py:840} INFO - DAG(s) 'example_python_operator' retrieved from /home/airflow/.local/lib/python3.12/site-packages/airflow/example_dags/example_python_operator.py
[2024-08-15T00:02:04.539+0000] {logging_mixin.py:188} INFO - [2024-08-15T00:02:04.539+0000] {dag.py:3096} INFO - Sync 1 DAGs
[2024-08-15T00:02:04.546+0000] {logging_mixin.py:188} INFO - [2024-08-15T00:02:04.546+0000] {dag.py:3954} INFO - Setting next_dagrun for example_python_operator to None, run_after=None
[2024-08-15T00:02:04.556+0000] {processor.py:183} INFO - Processing /home/airflow/.local/lib/python3.12/site-packages/airflow/example_dags/example_python_operator.py took 0.038 seconds
[2024-08-15T00:02:35.161+0000] {processor.py:161} INFO - Started process (PID=4017) to work on /home/airflow/.local/lib/python3.12/site-packages/airflow/example_dags/example_python_operator.py
[2024-08-15T00:02:35.161+0000] {processor.py:830} INFO - Processing file /home/airflow/.local/lib/python3.12/site-packages/airflow/example_dags/example_python_operator.py for tasks to queue
[2024-08-15T00:02:35.162+0000] {logging_mixin.py:188} INFO - [2024-08-15T00:02:35.162+0000] {dagbag.py:540} INFO - Filling up the DagBag from /home/airflow/.local/lib/python3.12/site-packages/airflow/example_dags/example_python_operator.py
[2024-08-15T00:02:35.167+0000] {processor.py:840} INFO - DAG(s) 'example_python_operator' retrieved from /home/airflow/.local/lib/python3.12/site-packages/airflow/example_dags/example_python_operator.py
[2024-08-15T00:02:35.180+0000] {logging_mixin.py:188} INFO - [2024-08-15T00:02:35.180+0000] {dag.py:3096} INFO - Sync 1 DAGs
[2024-08-15T00:02:35.187+0000] {logging_mixin.py:188} INFO - [2024-08-15T00:02:35.186+0000] {dag.py:3954} INFO - Setting next_dagrun for example_python_operator to None, run_after=None
[2024-08-15T00:02:35.196+0000] {processor.py:183} INFO - Processing /home/airflow/.local/lib/python3.12/site-packages/airflow/example_dags/example_python_operator.py took 0.038 seconds
[2024-08-15T00:03:05.788+0000] {processor.py:161} INFO - Started process (PID=4075) to work on /home/airflow/.local/lib/python3.12/site-packages/airflow/example_dags/example_python_operator.py
[2024-08-15T00:03:05.788+0000] {processor.py:830} INFO - Processing file /home/airflow/.local/lib/python3.12/site-packages/airflow/example_dags/example_python_operator.py for tasks to queue
[2024-08-15T00:03:05.789+0000] {logging_mixin.py:188} INFO - [2024-08-15T00:03:05.789+0000] {dagbag.py:540} INFO - Filling up the DagBag from /home/airflow/.local/lib/python3.12/site-packages/airflow/example_dags/example_python_operator.py
[2024-08-15T00:03:05.794+0000] {processor.py:840} INFO - DAG(s) 'example_python_operator' retrieved from /home/airflow/.local/lib/python3.12/site-packages/airflow/example_dags/example_python_operator.py
[2024-08-15T00:03:05.806+0000] {logging_mixin.py:188} INFO - [2024-08-15T00:03:05.806+0000] {dag.py:3096} INFO - Sync 1 DAGs
[2024-08-15T00:03:05.813+0000] {logging_mixin.py:188} INFO - [2024-08-15T00:03:05.813+0000] {dag.py:3954} INFO - Setting next_dagrun for example_python_operator to None, run_after=None
[2024-08-15T00:03:05.823+0000] {processor.py:183} INFO - Processing /home/airflow/.local/lib/python3.12/site-packages/airflow/example_dags/example_python_operator.py took 0.039 seconds
[2024-08-15T00:03:36.394+0000] {processor.py:161} INFO - Started process (PID=4133) to work on /home/airflow/.local/lib/python3.12/site-packages/airflow/example_dags/example_python_operator.py
[2024-08-15T00:03:36.394+0000] {processor.py:830} INFO - Processing file /home/airflow/.local/lib/python3.12/site-packages/airflow/example_dags/example_python_operator.py for tasks to queue
[2024-08-15T00:03:36.395+0000] {logging_mixin.py:188} INFO - [2024-08-15T00:03:36.395+0000] {dagbag.py:540} INFO - Filling up the DagBag from /home/airflow/.local/lib/python3.12/site-packages/airflow/example_dags/example_python_operator.py
[2024-08-15T00:03:36.401+0000] {processor.py:840} INFO - DAG(s) 'example_python_operator' retrieved from /home/airflow/.local/lib/python3.12/site-packages/airflow/example_dags/example_python_operator.py
[2024-08-15T00:03:36.413+0000] {logging_mixin.py:188} INFO - [2024-08-15T00:03:36.413+0000] {dag.py:3096} INFO - Sync 1 DAGs
[2024-08-15T00:03:36.420+0000] {logging_mixin.py:188} INFO - [2024-08-15T00:03:36.420+0000] {dag.py:3954} INFO - Setting next_dagrun for example_python_operator to None, run_after=None
[2024-08-15T00:03:36.429+0000] {processor.py:183} INFO - Processing /home/airflow/.local/lib/python3.12/site-packages/airflow/example_dags/example_python_operator.py took 0.039 seconds
[2024-08-15T00:04:07.064+0000] {processor.py:161} INFO - Started process (PID=4191) to work on /home/airflow/.local/lib/python3.12/site-packages/airflow/example_dags/example_python_operator.py
[2024-08-15T00:04:07.065+0000] {processor.py:830} INFO - Processing file /home/airflow/.local/lib/python3.12/site-packages/airflow/example_dags/example_python_operator.py for tasks to queue
[2024-08-15T00:04:07.066+0000] {logging_mixin.py:188} INFO - [2024-08-15T00:04:07.066+0000] {dagbag.py:540} INFO - Filling up the DagBag from /home/airflow/.local/lib/python3.12/site-packages/airflow/example_dags/example_python_operator.py
[2024-08-15T00:04:07.071+0000] {processor.py:840} INFO - DAG(s) 'example_python_operator' retrieved from /home/airflow/.local/lib/python3.12/site-packages/airflow/example_dags/example_python_operator.py
[2024-08-15T00:04:07.083+0000] {logging_mixin.py:188} INFO - [2024-08-15T00:04:07.083+0000] {dag.py:3096} INFO - Sync 1 DAGs
[2024-08-15T00:04:07.090+0000] {logging_mixin.py:188} INFO - [2024-08-15T00:04:07.090+0000] {dag.py:3954} INFO - Setting next_dagrun for example_python_operator to None, run_after=None
[2024-08-15T00:04:07.102+0000] {processor.py:183} INFO - Processing /home/airflow/.local/lib/python3.12/site-packages/airflow/example_dags/example_python_operator.py took 0.041 seconds
[2024-08-15T00:04:37.729+0000] {processor.py:161} INFO - Started process (PID=4249) to work on /home/airflow/.local/lib/python3.12/site-packages/airflow/example_dags/example_python_operator.py
[2024-08-15T00:04:37.729+0000] {processor.py:830} INFO - Processing file /home/airflow/.local/lib/python3.12/site-packages/airflow/example_dags/example_python_operator.py for tasks to queue
[2024-08-15T00:04:37.730+0000] {logging_mixin.py:188} INFO - [2024-08-15T00:04:37.730+0000] {dagbag.py:540} INFO - Filling up the DagBag from /home/airflow/.local/lib/python3.12/site-packages/airflow/example_dags/example_python_operator.py
[2024-08-15T00:04:37.735+0000] {processor.py:840} INFO - DAG(s) 'example_python_operator' retrieved from /home/airflow/.local/lib/python3.12/site-packages/airflow/example_dags/example_python_operator.py
[2024-08-15T00:04:37.747+0000] {logging_mixin.py:188} INFO - [2024-08-15T00:04:37.747+0000] {dag.py:3096} INFO - Sync 1 DAGs
[2024-08-15T00:04:37.754+0000] {logging_mixin.py:188} INFO - [2024-08-15T00:04:37.754+0000] {dag.py:3954} INFO - Setting next_dagrun for example_python_operator to None, run_after=None
[2024-08-15T00:04:37.763+0000] {processor.py:183} INFO - Processing /home/airflow/.local/lib/python3.12/site-packages/airflow/example_dags/example_python_operator.py took 0.038 seconds
[2024-08-15T00:05:08.420+0000] {processor.py:161} INFO - Started process (PID=4307) to work on /home/airflow/.local/lib/python3.12/site-packages/airflow/example_dags/example_python_operator.py
[2024-08-15T00:05:08.421+0000] {processor.py:830} INFO - Processing file /home/airflow/.local/lib/python3.12/site-packages/airflow/example_dags/example_python_operator.py for tasks to queue
[2024-08-15T00:05:08.422+0000] {logging_mixin.py:188} INFO - [2024-08-15T00:05:08.422+0000] {dagbag.py:540} INFO - Filling up the DagBag from /home/airflow/.local/lib/python3.12/site-packages/airflow/example_dags/example_python_operator.py
[2024-08-15T00:05:08.428+0000] {processor.py:840} INFO - DAG(s) 'example_python_operator' retrieved from /home/airflow/.local/lib/python3.12/site-packages/airflow/example_dags/example_python_operator.py
[2024-08-15T00:05:08.440+0000] {logging_mixin.py:188} INFO - [2024-08-15T00:05:08.440+0000] {dag.py:3096} INFO - Sync 1 DAGs
[2024-08-15T00:05:08.446+0000] {logging_mixin.py:188} INFO - [2024-08-15T00:05:08.446+0000] {dag.py:3954} INFO - Setting next_dagrun for example_python_operator to None, run_after=None
[2024-08-15T00:05:08.457+0000] {processor.py:183} INFO - Processing /home/airflow/.local/lib/python3.12/site-packages/airflow/example_dags/example_python_operator.py took 0.040 seconds
[2024-08-15T00:05:39.039+0000] {processor.py:161} INFO - Started process (PID=4365) to work on /home/airflow/.local/lib/python3.12/site-packages/airflow/example_dags/example_python_operator.py
[2024-08-15T00:05:39.040+0000] {processor.py:830} INFO - Processing file /home/airflow/.local/lib/python3.12/site-packages/airflow/example_dags/example_python_operator.py for tasks to queue
[2024-08-15T00:05:39.041+0000] {logging_mixin.py:188} INFO - [2024-08-15T00:05:39.040+0000] {dagbag.py:540} INFO - Filling up the DagBag from /home/airflow/.local/lib/python3.12/site-packages/airflow/example_dags/example_python_operator.py
[2024-08-15T00:05:39.046+0000] {processor.py:840} INFO - DAG(s) 'example_python_operator' retrieved from /home/airflow/.local/lib/python3.12/site-packages/airflow/example_dags/example_python_operator.py
[2024-08-15T00:05:39.058+0000] {logging_mixin.py:188} INFO - [2024-08-15T00:05:39.058+0000] {dag.py:3096} INFO - Sync 1 DAGs
[2024-08-15T00:05:39.065+0000] {logging_mixin.py:188} INFO - [2024-08-15T00:05:39.064+0000] {dag.py:3954} INFO - Setting next_dagrun for example_python_operator to None, run_after=None
[2024-08-15T00:05:39.074+0000] {processor.py:183} INFO - Processing /home/airflow/.local/lib/python3.12/site-packages/airflow/example_dags/example_python_operator.py took 0.038 seconds
[2024-08-15T00:06:09.721+0000] {processor.py:161} INFO - Started process (PID=4423) to work on /home/airflow/.local/lib/python3.12/site-packages/airflow/example_dags/example_python_operator.py
[2024-08-15T00:06:09.721+0000] {processor.py:830} INFO - Processing file /home/airflow/.local/lib/python3.12/site-packages/airflow/example_dags/example_python_operator.py for tasks to queue
[2024-08-15T00:06:09.722+0000] {logging_mixin.py:188} INFO - [2024-08-15T00:06:09.722+0000] {dagbag.py:540} INFO - Filling up the DagBag from /home/airflow/.local/lib/python3.12/site-packages/airflow/example_dags/example_python_operator.py
[2024-08-15T00:06:09.727+0000] {processor.py:840} INFO - DAG(s) 'example_python_operator' retrieved from /home/airflow/.local/lib/python3.12/site-packages/airflow/example_dags/example_python_operator.py
[2024-08-15T00:06:09.739+0000] {logging_mixin.py:188} INFO - [2024-08-15T00:06:09.739+0000] {dag.py:3096} INFO - Sync 1 DAGs
[2024-08-15T00:06:09.746+0000] {logging_mixin.py:188} INFO - [2024-08-15T00:06:09.746+0000] {dag.py:3954} INFO - Setting next_dagrun for example_python_operator to None, run_after=None
[2024-08-15T00:06:09.755+0000] {processor.py:183} INFO - Processing /home/airflow/.local/lib/python3.12/site-packages/airflow/example_dags/example_python_operator.py took 0.038 seconds
[2024-08-15T00:06:40.355+0000] {processor.py:161} INFO - Started process (PID=4481) to work on /home/airflow/.local/lib/python3.12/site-packages/airflow/example_dags/example_python_operator.py
[2024-08-15T00:06:40.356+0000] {processor.py:830} INFO - Processing file /home/airflow/.local/lib/python3.12/site-packages/airflow/example_dags/example_python_operator.py for tasks to queue
[2024-08-15T00:06:40.357+0000] {logging_mixin.py:188} INFO - [2024-08-15T00:06:40.357+0000] {dagbag.py:540} INFO - Filling up the DagBag from /home/airflow/.local/lib/python3.12/site-packages/airflow/example_dags/example_python_operator.py
[2024-08-15T00:06:40.362+0000] {processor.py:840} INFO - DAG(s) 'example_python_operator' retrieved from /home/airflow/.local/lib/python3.12/site-packages/airflow/example_dags/example_python_operator.py
[2024-08-15T00:06:40.374+0000] {logging_mixin.py:188} INFO - [2024-08-15T00:06:40.374+0000] {dag.py:3096} INFO - Sync 1 DAGs
[2024-08-15T00:06:40.381+0000] {logging_mixin.py:188} INFO - [2024-08-15T00:06:40.380+0000] {dag.py:3954} INFO - Setting next_dagrun for example_python_operator to None, run_after=None
[2024-08-15T00:06:40.390+0000] {processor.py:183} INFO - Processing /home/airflow/.local/lib/python3.12/site-packages/airflow/example_dags/example_python_operator.py took 0.038 seconds
[2024-08-15T00:07:10.946+0000] {processor.py:161} INFO - Started process (PID=4539) to work on /home/airflow/.local/lib/python3.12/site-packages/airflow/example_dags/example_python_operator.py
[2024-08-15T00:07:10.947+0000] {processor.py:830} INFO - Processing file /home/airflow/.local/lib/python3.12/site-packages/airflow/example_dags/example_python_operator.py for tasks to queue
[2024-08-15T00:07:10.948+0000] {logging_mixin.py:188} INFO - [2024-08-15T00:07:10.947+0000] {dagbag.py:540} INFO - Filling up the DagBag from /home/airflow/.local/lib/python3.12/site-packages/airflow/example_dags/example_python_operator.py
[2024-08-15T00:07:10.953+0000] {processor.py:840} INFO - DAG(s) 'example_python_operator' retrieved from /home/airflow/.local/lib/python3.12/site-packages/airflow/example_dags/example_python_operator.py
[2024-08-15T00:07:10.965+0000] {logging_mixin.py:188} INFO - [2024-08-15T00:07:10.965+0000] {dag.py:3096} INFO - Sync 1 DAGs
[2024-08-15T00:07:10.972+0000] {logging_mixin.py:188} INFO - [2024-08-15T00:07:10.972+0000] {dag.py:3954} INFO - Setting next_dagrun for example_python_operator to None, run_after=None
[2024-08-15T00:07:10.981+0000] {processor.py:183} INFO - Processing /home/airflow/.local/lib/python3.12/site-packages/airflow/example_dags/example_python_operator.py took 0.039 seconds
[2024-08-15T00:07:41.517+0000] {processor.py:161} INFO - Started process (PID=4597) to work on /home/airflow/.local/lib/python3.12/site-packages/airflow/example_dags/example_python_operator.py
[2024-08-15T00:07:41.518+0000] {processor.py:830} INFO - Processing file /home/airflow/.local/lib/python3.12/site-packages/airflow/example_dags/example_python_operator.py for tasks to queue
[2024-08-15T00:07:41.519+0000] {logging_mixin.py:188} INFO - [2024-08-15T00:07:41.519+0000] {dagbag.py:540} INFO - Filling up the DagBag from /home/airflow/.local/lib/python3.12/site-packages/airflow/example_dags/example_python_operator.py
[2024-08-15T00:07:41.524+0000] {processor.py:840} INFO - DAG(s) 'example_python_operator' retrieved from /home/airflow/.local/lib/python3.12/site-packages/airflow/example_dags/example_python_operator.py
[2024-08-15T00:07:41.535+0000] {logging_mixin.py:188} INFO - [2024-08-15T00:07:41.535+0000] {dag.py:3096} INFO - Sync 1 DAGs
[2024-08-15T00:07:41.542+0000] {logging_mixin.py:188} INFO - [2024-08-15T00:07:41.542+0000] {dag.py:3954} INFO - Setting next_dagrun for example_python_operator to None, run_after=None
[2024-08-15T00:07:41.551+0000] {processor.py:183} INFO - Processing /home/airflow/.local/lib/python3.12/site-packages/airflow/example_dags/example_python_operator.py took 0.037 seconds
[2024-08-15T00:08:12.166+0000] {processor.py:161} INFO - Started process (PID=4655) to work on /home/airflow/.local/lib/python3.12/site-packages/airflow/example_dags/example_python_operator.py
[2024-08-15T00:08:12.167+0000] {processor.py:830} INFO - Processing file /home/airflow/.local/lib/python3.12/site-packages/airflow/example_dags/example_python_operator.py for tasks to queue
[2024-08-15T00:08:12.168+0000] {logging_mixin.py:188} INFO - [2024-08-15T00:08:12.168+0000] {dagbag.py:540} INFO - Filling up the DagBag from /home/airflow/.local/lib/python3.12/site-packages/airflow/example_dags/example_python_operator.py
[2024-08-15T00:08:12.173+0000] {processor.py:840} INFO - DAG(s) 'example_python_operator' retrieved from /home/airflow/.local/lib/python3.12/site-packages/airflow/example_dags/example_python_operator.py
[2024-08-15T00:08:12.186+0000] {logging_mixin.py:188} INFO - [2024-08-15T00:08:12.186+0000] {dag.py:3096} INFO - Sync 1 DAGs
[2024-08-15T00:08:12.194+0000] {logging_mixin.py:188} INFO - [2024-08-15T00:08:12.193+0000] {dag.py:3954} INFO - Setting next_dagrun for example_python_operator to None, run_after=None
[2024-08-15T00:08:12.203+0000] {processor.py:183} INFO - Processing /home/airflow/.local/lib/python3.12/site-packages/airflow/example_dags/example_python_operator.py took 0.041 seconds
[2024-08-15T00:08:42.804+0000] {processor.py:161} INFO - Started process (PID=4713) to work on /home/airflow/.local/lib/python3.12/site-packages/airflow/example_dags/example_python_operator.py
[2024-08-15T00:08:42.804+0000] {processor.py:830} INFO - Processing file /home/airflow/.local/lib/python3.12/site-packages/airflow/example_dags/example_python_operator.py for tasks to queue
[2024-08-15T00:08:42.805+0000] {logging_mixin.py:188} INFO - [2024-08-15T00:08:42.805+0000] {dagbag.py:540} INFO - Filling up the DagBag from /home/airflow/.local/lib/python3.12/site-packages/airflow/example_dags/example_python_operator.py
[2024-08-15T00:08:42.810+0000] {processor.py:840} INFO - DAG(s) 'example_python_operator' retrieved from /home/airflow/.local/lib/python3.12/site-packages/airflow/example_dags/example_python_operator.py
[2024-08-15T00:08:42.822+0000] {logging_mixin.py:188} INFO - [2024-08-15T00:08:42.822+0000] {dag.py:3096} INFO - Sync 1 DAGs
[2024-08-15T00:08:42.829+0000] {logging_mixin.py:188} INFO - [2024-08-15T00:08:42.828+0000] {dag.py:3954} INFO - Setting next_dagrun for example_python_operator to None, run_after=None
[2024-08-15T00:08:42.838+0000] {processor.py:183} INFO - Processing /home/airflow/.local/lib/python3.12/site-packages/airflow/example_dags/example_python_operator.py took 0.038 seconds
[2024-08-15T00:09:13.500+0000] {processor.py:161} INFO - Started process (PID=4771) to work on /home/airflow/.local/lib/python3.12/site-packages/airflow/example_dags/example_python_operator.py
[2024-08-15T00:09:13.501+0000] {processor.py:830} INFO - Processing file /home/airflow/.local/lib/python3.12/site-packages/airflow/example_dags/example_python_operator.py for tasks to queue
[2024-08-15T00:09:13.502+0000] {logging_mixin.py:188} INFO - [2024-08-15T00:09:13.502+0000] {dagbag.py:540} INFO - Filling up the DagBag from /home/airflow/.local/lib/python3.12/site-packages/airflow/example_dags/example_python_operator.py
[2024-08-15T00:09:13.507+0000] {processor.py:840} INFO - DAG(s) 'example_python_operator' retrieved from /home/airflow/.local/lib/python3.12/site-packages/airflow/example_dags/example_python_operator.py
[2024-08-15T00:09:13.518+0000] {logging_mixin.py:188} INFO - [2024-08-15T00:09:13.518+0000] {dag.py:3096} INFO - Sync 1 DAGs
[2024-08-15T00:09:13.525+0000] {logging_mixin.py:188} INFO - [2024-08-15T00:09:13.525+0000] {dag.py:3954} INFO - Setting next_dagrun for example_python_operator to None, run_after=None
[2024-08-15T00:09:13.534+0000] {processor.py:183} INFO - Processing /home/airflow/.local/lib/python3.12/site-packages/airflow/example_dags/example_python_operator.py took 0.037 seconds
[2024-08-15T00:09:44.157+0000] {processor.py:161} INFO - Started process (PID=4829) to work on /home/airflow/.local/lib/python3.12/site-packages/airflow/example_dags/example_python_operator.py
[2024-08-15T00:09:44.158+0000] {processor.py:830} INFO - Processing file /home/airflow/.local/lib/python3.12/site-packages/airflow/example_dags/example_python_operator.py for tasks to queue
[2024-08-15T00:09:44.159+0000] {logging_mixin.py:188} INFO - [2024-08-15T00:09:44.159+0000] {dagbag.py:540} INFO - Filling up the DagBag from /home/airflow/.local/lib/python3.12/site-packages/airflow/example_dags/example_python_operator.py
[2024-08-15T00:09:44.164+0000] {processor.py:840} INFO - DAG(s) 'example_python_operator' retrieved from /home/airflow/.local/lib/python3.12/site-packages/airflow/example_dags/example_python_operator.py
[2024-08-15T00:09:44.177+0000] {logging_mixin.py:188} INFO - [2024-08-15T00:09:44.177+0000] {dag.py:3096} INFO - Sync 1 DAGs
[2024-08-15T00:09:44.184+0000] {logging_mixin.py:188} INFO - [2024-08-15T00:09:44.184+0000] {dag.py:3954} INFO - Setting next_dagrun for example_python_operator to None, run_after=None
[2024-08-15T00:09:44.194+0000] {processor.py:183} INFO - Processing /home/airflow/.local/lib/python3.12/site-packages/airflow/example_dags/example_python_operator.py took 0.040 seconds
[2024-08-15T00:10:14.777+0000] {processor.py:161} INFO - Started process (PID=4887) to work on /home/airflow/.local/lib/python3.12/site-packages/airflow/example_dags/example_python_operator.py
[2024-08-15T00:10:14.777+0000] {processor.py:830} INFO - Processing file /home/airflow/.local/lib/python3.12/site-packages/airflow/example_dags/example_python_operator.py for tasks to queue
[2024-08-15T00:10:14.778+0000] {logging_mixin.py:188} INFO - [2024-08-15T00:10:14.778+0000] {dagbag.py:540} INFO - Filling up the DagBag from /home/airflow/.local/lib/python3.12/site-packages/airflow/example_dags/example_python_operator.py
[2024-08-15T00:10:14.784+0000] {processor.py:840} INFO - DAG(s) 'example_python_operator' retrieved from /home/airflow/.local/lib/python3.12/site-packages/airflow/example_dags/example_python_operator.py
[2024-08-15T00:10:14.795+0000] {logging_mixin.py:188} INFO - [2024-08-15T00:10:14.795+0000] {dag.py:3096} INFO - Sync 1 DAGs
[2024-08-15T00:10:14.802+0000] {logging_mixin.py:188} INFO - [2024-08-15T00:10:14.802+0000] {dag.py:3954} INFO - Setting next_dagrun for example_python_operator to None, run_after=None
[2024-08-15T00:10:14.811+0000] {processor.py:183} INFO - Processing /home/airflow/.local/lib/python3.12/site-packages/airflow/example_dags/example_python_operator.py took 0.037 seconds
[2024-08-15T00:10:45.361+0000] {processor.py:161} INFO - Started process (PID=4945) to work on /home/airflow/.local/lib/python3.12/site-packages/airflow/example_dags/example_python_operator.py
[2024-08-15T00:10:45.362+0000] {processor.py:830} INFO - Processing file /home/airflow/.local/lib/python3.12/site-packages/airflow/example_dags/example_python_operator.py for tasks to queue
[2024-08-15T00:10:45.363+0000] {logging_mixin.py:188} INFO - [2024-08-15T00:10:45.362+0000] {dagbag.py:540} INFO - Filling up the DagBag from /home/airflow/.local/lib/python3.12/site-packages/airflow/example_dags/example_python_operator.py
[2024-08-15T00:10:45.368+0000] {processor.py:840} INFO - DAG(s) 'example_python_operator' retrieved from /home/airflow/.local/lib/python3.12/site-packages/airflow/example_dags/example_python_operator.py
[2024-08-15T00:10:45.380+0000] {logging_mixin.py:188} INFO - [2024-08-15T00:10:45.380+0000] {dag.py:3096} INFO - Sync 1 DAGs
[2024-08-15T00:10:45.386+0000] {logging_mixin.py:188} INFO - [2024-08-15T00:10:45.386+0000] {dag.py:3954} INFO - Setting next_dagrun for example_python_operator to None, run_after=None
[2024-08-15T00:10:45.395+0000] {processor.py:183} INFO - Processing /home/airflow/.local/lib/python3.12/site-packages/airflow/example_dags/example_python_operator.py took 0.037 seconds
[2024-08-15T00:11:15.980+0000] {processor.py:161} INFO - Started process (PID=5003) to work on /home/airflow/.local/lib/python3.12/site-packages/airflow/example_dags/example_python_operator.py
[2024-08-15T00:11:15.980+0000] {processor.py:830} INFO - Processing file /home/airflow/.local/lib/python3.12/site-packages/airflow/example_dags/example_python_operator.py for tasks to queue
[2024-08-15T00:11:15.981+0000] {logging_mixin.py:188} INFO - [2024-08-15T00:11:15.981+0000] {dagbag.py:540} INFO - Filling up the DagBag from /home/airflow/.local/lib/python3.12/site-packages/airflow/example_dags/example_python_operator.py
[2024-08-15T00:11:15.987+0000] {processor.py:840} INFO - DAG(s) 'example_python_operator' retrieved from /home/airflow/.local/lib/python3.12/site-packages/airflow/example_dags/example_python_operator.py
[2024-08-15T00:11:15.999+0000] {logging_mixin.py:188} INFO - [2024-08-15T00:11:15.999+0000] {dag.py:3096} INFO - Sync 1 DAGs
[2024-08-15T00:11:16.006+0000] {logging_mixin.py:188} INFO - [2024-08-15T00:11:16.006+0000] {dag.py:3954} INFO - Setting next_dagrun for example_python_operator to None, run_after=None
[2024-08-15T00:11:16.016+0000] {processor.py:183} INFO - Processing /home/airflow/.local/lib/python3.12/site-packages/airflow/example_dags/example_python_operator.py took 0.039 seconds
