[2024-08-15T00:00:01.824+0000] {processor.py:161} INFO - Started process (PID=3726) to work on /home/airflow/.local/lib/python3.12/site-packages/airflow/example_dags/example_skip_dag.py
[2024-08-15T00:00:01.825+0000] {processor.py:830} INFO - Processing file /home/airflow/.local/lib/python3.12/site-packages/airflow/example_dags/example_skip_dag.py for tasks to queue
[2024-08-15T00:00:01.826+0000] {logging_mixin.py:188} INFO - [2024-08-15T00:00:01.826+0000] {dagbag.py:540} INFO - Filling up the DagBag from /home/airflow/.local/lib/python3.12/site-packages/airflow/example_dags/example_skip_dag.py
[2024-08-15T00:00:01.829+0000] {processor.py:840} INFO - DAG(s) 'example_skip_dag' retrieved from /home/airflow/.local/lib/python3.12/site-packages/airflow/example_dags/example_skip_dag.py
[2024-08-15T00:00:01.842+0000] {logging_mixin.py:188} INFO - [2024-08-15T00:00:01.842+0000] {dag.py:3096} INFO - Sync 1 DAGs
[2024-08-15T00:00:01.855+0000] {logging_mixin.py:188} INFO - [2024-08-15T00:00:01.855+0000] {dag.py:3954} INFO - Setting next_dagrun for example_skip_dag to 2024-08-14 00:00:00+00:00, run_after=2024-08-15 00:00:00+00:00
[2024-08-15T00:00:01.865+0000] {processor.py:183} INFO - Processing /home/airflow/.local/lib/python3.12/site-packages/airflow/example_dags/example_skip_dag.py took 0.044 seconds
[2024-08-15T00:00:32.571+0000] {processor.py:161} INFO - Started process (PID=3784) to work on /home/airflow/.local/lib/python3.12/site-packages/airflow/example_dags/example_skip_dag.py
[2024-08-15T00:00:32.571+0000] {processor.py:830} INFO - Processing file /home/airflow/.local/lib/python3.12/site-packages/airflow/example_dags/example_skip_dag.py for tasks to queue
[2024-08-15T00:00:32.572+0000] {logging_mixin.py:188} INFO - [2024-08-15T00:00:32.572+0000] {dagbag.py:540} INFO - Filling up the DagBag from /home/airflow/.local/lib/python3.12/site-packages/airflow/example_dags/example_skip_dag.py
[2024-08-15T00:00:32.575+0000] {processor.py:840} INFO - DAG(s) 'example_skip_dag' retrieved from /home/airflow/.local/lib/python3.12/site-packages/airflow/example_dags/example_skip_dag.py
[2024-08-15T00:00:32.587+0000] {logging_mixin.py:188} INFO - [2024-08-15T00:00:32.587+0000] {dag.py:3096} INFO - Sync 1 DAGs
[2024-08-15T00:00:32.599+0000] {logging_mixin.py:188} INFO - [2024-08-15T00:00:32.599+0000] {dag.py:3954} INFO - Setting next_dagrun for example_skip_dag to 2024-08-14 00:00:00+00:00, run_after=2024-08-15 00:00:00+00:00
[2024-08-15T00:00:32.609+0000] {processor.py:183} INFO - Processing /home/airflow/.local/lib/python3.12/site-packages/airflow/example_dags/example_skip_dag.py took 0.042 seconds
[2024-08-15T00:01:03.206+0000] {processor.py:161} INFO - Started process (PID=3842) to work on /home/airflow/.local/lib/python3.12/site-packages/airflow/example_dags/example_skip_dag.py
[2024-08-15T00:01:03.207+0000] {processor.py:830} INFO - Processing file /home/airflow/.local/lib/python3.12/site-packages/airflow/example_dags/example_skip_dag.py for tasks to queue
[2024-08-15T00:01:03.208+0000] {logging_mixin.py:188} INFO - [2024-08-15T00:01:03.207+0000] {dagbag.py:540} INFO - Filling up the DagBag from /home/airflow/.local/lib/python3.12/site-packages/airflow/example_dags/example_skip_dag.py
[2024-08-15T00:01:03.211+0000] {processor.py:840} INFO - DAG(s) 'example_skip_dag' retrieved from /home/airflow/.local/lib/python3.12/site-packages/airflow/example_dags/example_skip_dag.py
[2024-08-15T00:01:03.222+0000] {logging_mixin.py:188} INFO - [2024-08-15T00:01:03.222+0000] {dag.py:3096} INFO - Sync 1 DAGs
[2024-08-15T00:01:03.233+0000] {logging_mixin.py:188} INFO - [2024-08-15T00:01:03.233+0000] {dag.py:3954} INFO - Setting next_dagrun for example_skip_dag to 2024-08-14 00:00:00+00:00, run_after=2024-08-15 00:00:00+00:00
[2024-08-15T00:01:03.242+0000] {processor.py:183} INFO - Processing /home/airflow/.local/lib/python3.12/site-packages/airflow/example_dags/example_skip_dag.py took 0.039 seconds
[2024-08-15T00:01:33.880+0000] {processor.py:161} INFO - Started process (PID=3900) to work on /home/airflow/.local/lib/python3.12/site-packages/airflow/example_dags/example_skip_dag.py
[2024-08-15T00:01:33.880+0000] {processor.py:830} INFO - Processing file /home/airflow/.local/lib/python3.12/site-packages/airflow/example_dags/example_skip_dag.py for tasks to queue
[2024-08-15T00:01:33.881+0000] {logging_mixin.py:188} INFO - [2024-08-15T00:01:33.881+0000] {dagbag.py:540} INFO - Filling up the DagBag from /home/airflow/.local/lib/python3.12/site-packages/airflow/example_dags/example_skip_dag.py
[2024-08-15T00:01:33.884+0000] {processor.py:840} INFO - DAG(s) 'example_skip_dag' retrieved from /home/airflow/.local/lib/python3.12/site-packages/airflow/example_dags/example_skip_dag.py
[2024-08-15T00:01:33.896+0000] {logging_mixin.py:188} INFO - [2024-08-15T00:01:33.896+0000] {dag.py:3096} INFO - Sync 1 DAGs
[2024-08-15T00:01:33.907+0000] {logging_mixin.py:188} INFO - [2024-08-15T00:01:33.907+0000] {dag.py:3954} INFO - Setting next_dagrun for example_skip_dag to 2024-08-14 00:00:00+00:00, run_after=2024-08-15 00:00:00+00:00
[2024-08-15T00:01:33.916+0000] {processor.py:183} INFO - Processing /home/airflow/.local/lib/python3.12/site-packages/airflow/example_dags/example_skip_dag.py took 0.040 seconds
[2024-08-15T00:02:04.511+0000] {processor.py:161} INFO - Started process (PID=3958) to work on /home/airflow/.local/lib/python3.12/site-packages/airflow/example_dags/example_skip_dag.py
[2024-08-15T00:02:04.512+0000] {processor.py:830} INFO - Processing file /home/airflow/.local/lib/python3.12/site-packages/airflow/example_dags/example_skip_dag.py for tasks to queue
[2024-08-15T00:02:04.513+0000] {logging_mixin.py:188} INFO - [2024-08-15T00:02:04.513+0000] {dagbag.py:540} INFO - Filling up the DagBag from /home/airflow/.local/lib/python3.12/site-packages/airflow/example_dags/example_skip_dag.py
[2024-08-15T00:02:04.516+0000] {processor.py:840} INFO - DAG(s) 'example_skip_dag' retrieved from /home/airflow/.local/lib/python3.12/site-packages/airflow/example_dags/example_skip_dag.py
[2024-08-15T00:02:04.527+0000] {logging_mixin.py:188} INFO - [2024-08-15T00:02:04.527+0000] {dag.py:3096} INFO - Sync 1 DAGs
[2024-08-15T00:02:04.539+0000] {logging_mixin.py:188} INFO - [2024-08-15T00:02:04.539+0000] {dag.py:3954} INFO - Setting next_dagrun for example_skip_dag to 2024-08-14 00:00:00+00:00, run_after=2024-08-15 00:00:00+00:00
[2024-08-15T00:02:04.548+0000] {processor.py:183} INFO - Processing /home/airflow/.local/lib/python3.12/site-packages/airflow/example_dags/example_skip_dag.py took 0.040 seconds
[2024-08-15T00:02:35.152+0000] {processor.py:161} INFO - Started process (PID=4016) to work on /home/airflow/.local/lib/python3.12/site-packages/airflow/example_dags/example_skip_dag.py
[2024-08-15T00:02:35.152+0000] {processor.py:830} INFO - Processing file /home/airflow/.local/lib/python3.12/site-packages/airflow/example_dags/example_skip_dag.py for tasks to queue
[2024-08-15T00:02:35.153+0000] {logging_mixin.py:188} INFO - [2024-08-15T00:02:35.153+0000] {dagbag.py:540} INFO - Filling up the DagBag from /home/airflow/.local/lib/python3.12/site-packages/airflow/example_dags/example_skip_dag.py
[2024-08-15T00:02:35.157+0000] {processor.py:840} INFO - DAG(s) 'example_skip_dag' retrieved from /home/airflow/.local/lib/python3.12/site-packages/airflow/example_dags/example_skip_dag.py
[2024-08-15T00:02:35.169+0000] {logging_mixin.py:188} INFO - [2024-08-15T00:02:35.169+0000] {dag.py:3096} INFO - Sync 1 DAGs
[2024-08-15T00:02:35.180+0000] {logging_mixin.py:188} INFO - [2024-08-15T00:02:35.180+0000] {dag.py:3954} INFO - Setting next_dagrun for example_skip_dag to 2024-08-14 00:00:00+00:00, run_after=2024-08-15 00:00:00+00:00
[2024-08-15T00:02:35.190+0000] {processor.py:183} INFO - Processing /home/airflow/.local/lib/python3.12/site-packages/airflow/example_dags/example_skip_dag.py took 0.041 seconds
[2024-08-15T00:03:05.745+0000] {processor.py:161} INFO - Started process (PID=4074) to work on /home/airflow/.local/lib/python3.12/site-packages/airflow/example_dags/example_skip_dag.py
[2024-08-15T00:03:05.745+0000] {processor.py:830} INFO - Processing file /home/airflow/.local/lib/python3.12/site-packages/airflow/example_dags/example_skip_dag.py for tasks to queue
[2024-08-15T00:03:05.746+0000] {logging_mixin.py:188} INFO - [2024-08-15T00:03:05.746+0000] {dagbag.py:540} INFO - Filling up the DagBag from /home/airflow/.local/lib/python3.12/site-packages/airflow/example_dags/example_skip_dag.py
[2024-08-15T00:03:05.749+0000] {processor.py:840} INFO - DAG(s) 'example_skip_dag' retrieved from /home/airflow/.local/lib/python3.12/site-packages/airflow/example_dags/example_skip_dag.py
[2024-08-15T00:03:05.760+0000] {logging_mixin.py:188} INFO - [2024-08-15T00:03:05.760+0000] {dag.py:3096} INFO - Sync 1 DAGs
[2024-08-15T00:03:05.772+0000] {logging_mixin.py:188} INFO - [2024-08-15T00:03:05.772+0000] {dag.py:3954} INFO - Setting next_dagrun for example_skip_dag to 2024-08-14 00:00:00+00:00, run_after=2024-08-15 00:00:00+00:00
[2024-08-15T00:03:05.782+0000] {processor.py:183} INFO - Processing /home/airflow/.local/lib/python3.12/site-packages/airflow/example_dags/example_skip_dag.py took 0.040 seconds
[2024-08-15T00:03:36.384+0000] {processor.py:161} INFO - Started process (PID=4132) to work on /home/airflow/.local/lib/python3.12/site-packages/airflow/example_dags/example_skip_dag.py
[2024-08-15T00:03:36.385+0000] {processor.py:830} INFO - Processing file /home/airflow/.local/lib/python3.12/site-packages/airflow/example_dags/example_skip_dag.py for tasks to queue
[2024-08-15T00:03:36.386+0000] {logging_mixin.py:188} INFO - [2024-08-15T00:03:36.386+0000] {dagbag.py:540} INFO - Filling up the DagBag from /home/airflow/.local/lib/python3.12/site-packages/airflow/example_dags/example_skip_dag.py
[2024-08-15T00:03:36.389+0000] {processor.py:840} INFO - DAG(s) 'example_skip_dag' retrieved from /home/airflow/.local/lib/python3.12/site-packages/airflow/example_dags/example_skip_dag.py
[2024-08-15T00:03:36.401+0000] {logging_mixin.py:188} INFO - [2024-08-15T00:03:36.401+0000] {dag.py:3096} INFO - Sync 1 DAGs
[2024-08-15T00:03:36.413+0000] {logging_mixin.py:188} INFO - [2024-08-15T00:03:36.413+0000] {dag.py:3954} INFO - Setting next_dagrun for example_skip_dag to 2024-08-14 00:00:00+00:00, run_after=2024-08-15 00:00:00+00:00
[2024-08-15T00:03:36.422+0000] {processor.py:183} INFO - Processing /home/airflow/.local/lib/python3.12/site-packages/airflow/example_dags/example_skip_dag.py took 0.041 seconds
[2024-08-15T00:04:07.055+0000] {processor.py:161} INFO - Started process (PID=4190) to work on /home/airflow/.local/lib/python3.12/site-packages/airflow/example_dags/example_skip_dag.py
[2024-08-15T00:04:07.055+0000] {processor.py:830} INFO - Processing file /home/airflow/.local/lib/python3.12/site-packages/airflow/example_dags/example_skip_dag.py for tasks to queue
[2024-08-15T00:04:07.056+0000] {logging_mixin.py:188} INFO - [2024-08-15T00:04:07.056+0000] {dagbag.py:540} INFO - Filling up the DagBag from /home/airflow/.local/lib/python3.12/site-packages/airflow/example_dags/example_skip_dag.py
[2024-08-15T00:04:07.060+0000] {processor.py:840} INFO - DAG(s) 'example_skip_dag' retrieved from /home/airflow/.local/lib/python3.12/site-packages/airflow/example_dags/example_skip_dag.py
[2024-08-15T00:04:07.071+0000] {logging_mixin.py:188} INFO - [2024-08-15T00:04:07.071+0000] {dag.py:3096} INFO - Sync 1 DAGs
[2024-08-15T00:04:07.083+0000] {logging_mixin.py:188} INFO - [2024-08-15T00:04:07.083+0000] {dag.py:3954} INFO - Setting next_dagrun for example_skip_dag to 2024-08-14 00:00:00+00:00, run_after=2024-08-15 00:00:00+00:00
[2024-08-15T00:04:07.094+0000] {processor.py:183} INFO - Processing /home/airflow/.local/lib/python3.12/site-packages/airflow/example_dags/example_skip_dag.py took 0.043 seconds
[2024-08-15T00:04:37.721+0000] {processor.py:161} INFO - Started process (PID=4248) to work on /home/airflow/.local/lib/python3.12/site-packages/airflow/example_dags/example_skip_dag.py
[2024-08-15T00:04:37.721+0000] {processor.py:830} INFO - Processing file /home/airflow/.local/lib/python3.12/site-packages/airflow/example_dags/example_skip_dag.py for tasks to queue
[2024-08-15T00:04:37.722+0000] {logging_mixin.py:188} INFO - [2024-08-15T00:04:37.722+0000] {dagbag.py:540} INFO - Filling up the DagBag from /home/airflow/.local/lib/python3.12/site-packages/airflow/example_dags/example_skip_dag.py
[2024-08-15T00:04:37.725+0000] {processor.py:840} INFO - DAG(s) 'example_skip_dag' retrieved from /home/airflow/.local/lib/python3.12/site-packages/airflow/example_dags/example_skip_dag.py
[2024-08-15T00:04:37.737+0000] {logging_mixin.py:188} INFO - [2024-08-15T00:04:37.737+0000] {dag.py:3096} INFO - Sync 1 DAGs
[2024-08-15T00:04:37.748+0000] {logging_mixin.py:188} INFO - [2024-08-15T00:04:37.748+0000] {dag.py:3954} INFO - Setting next_dagrun for example_skip_dag to 2024-08-14 00:00:00+00:00, run_after=2024-08-15 00:00:00+00:00
[2024-08-15T00:04:37.758+0000] {processor.py:183} INFO - Processing /home/airflow/.local/lib/python3.12/site-packages/airflow/example_dags/example_skip_dag.py took 0.040 seconds
[2024-08-15T00:05:08.369+0000] {processor.py:161} INFO - Started process (PID=4306) to work on /home/airflow/.local/lib/python3.12/site-packages/airflow/example_dags/example_skip_dag.py
[2024-08-15T00:05:08.369+0000] {processor.py:830} INFO - Processing file /home/airflow/.local/lib/python3.12/site-packages/airflow/example_dags/example_skip_dag.py for tasks to queue
[2024-08-15T00:05:08.370+0000] {logging_mixin.py:188} INFO - [2024-08-15T00:05:08.370+0000] {dagbag.py:540} INFO - Filling up the DagBag from /home/airflow/.local/lib/python3.12/site-packages/airflow/example_dags/example_skip_dag.py
[2024-08-15T00:05:08.374+0000] {processor.py:840} INFO - DAG(s) 'example_skip_dag' retrieved from /home/airflow/.local/lib/python3.12/site-packages/airflow/example_dags/example_skip_dag.py
[2024-08-15T00:05:08.384+0000] {logging_mixin.py:188} INFO - [2024-08-15T00:05:08.384+0000] {dag.py:3096} INFO - Sync 1 DAGs
[2024-08-15T00:05:08.396+0000] {logging_mixin.py:188} INFO - [2024-08-15T00:05:08.396+0000] {dag.py:3954} INFO - Setting next_dagrun for example_skip_dag to 2024-08-14 00:00:00+00:00, run_after=2024-08-15 00:00:00+00:00
[2024-08-15T00:05:08.405+0000] {processor.py:183} INFO - Processing /home/airflow/.local/lib/python3.12/site-packages/airflow/example_dags/example_skip_dag.py took 0.040 seconds
[2024-08-15T00:05:39.029+0000] {processor.py:161} INFO - Started process (PID=4364) to work on /home/airflow/.local/lib/python3.12/site-packages/airflow/example_dags/example_skip_dag.py
[2024-08-15T00:05:39.029+0000] {processor.py:830} INFO - Processing file /home/airflow/.local/lib/python3.12/site-packages/airflow/example_dags/example_skip_dag.py for tasks to queue
[2024-08-15T00:05:39.030+0000] {logging_mixin.py:188} INFO - [2024-08-15T00:05:39.030+0000] {dagbag.py:540} INFO - Filling up the DagBag from /home/airflow/.local/lib/python3.12/site-packages/airflow/example_dags/example_skip_dag.py
[2024-08-15T00:05:39.034+0000] {processor.py:840} INFO - DAG(s) 'example_skip_dag' retrieved from /home/airflow/.local/lib/python3.12/site-packages/airflow/example_dags/example_skip_dag.py
[2024-08-15T00:05:39.045+0000] {logging_mixin.py:188} INFO - [2024-08-15T00:05:39.045+0000] {dag.py:3096} INFO - Sync 1 DAGs
[2024-08-15T00:05:39.057+0000] {logging_mixin.py:188} INFO - [2024-08-15T00:05:39.057+0000] {dag.py:3954} INFO - Setting next_dagrun for example_skip_dag to 2024-08-14 00:00:00+00:00, run_after=2024-08-15 00:00:00+00:00
[2024-08-15T00:05:39.067+0000] {processor.py:183} INFO - Processing /home/airflow/.local/lib/python3.12/site-packages/airflow/example_dags/example_skip_dag.py took 0.041 seconds
[2024-08-15T00:06:09.713+0000] {processor.py:161} INFO - Started process (PID=4422) to work on /home/airflow/.local/lib/python3.12/site-packages/airflow/example_dags/example_skip_dag.py
[2024-08-15T00:06:09.713+0000] {processor.py:830} INFO - Processing file /home/airflow/.local/lib/python3.12/site-packages/airflow/example_dags/example_skip_dag.py for tasks to queue
[2024-08-15T00:06:09.714+0000] {logging_mixin.py:188} INFO - [2024-08-15T00:06:09.714+0000] {dagbag.py:540} INFO - Filling up the DagBag from /home/airflow/.local/lib/python3.12/site-packages/airflow/example_dags/example_skip_dag.py
[2024-08-15T00:06:09.718+0000] {processor.py:840} INFO - DAG(s) 'example_skip_dag' retrieved from /home/airflow/.local/lib/python3.12/site-packages/airflow/example_dags/example_skip_dag.py
[2024-08-15T00:06:09.729+0000] {logging_mixin.py:188} INFO - [2024-08-15T00:06:09.729+0000] {dag.py:3096} INFO - Sync 1 DAGs
[2024-08-15T00:06:09.741+0000] {logging_mixin.py:188} INFO - [2024-08-15T00:06:09.740+0000] {dag.py:3954} INFO - Setting next_dagrun for example_skip_dag to 2024-08-14 00:00:00+00:00, run_after=2024-08-15 00:00:00+00:00
[2024-08-15T00:06:09.750+0000] {processor.py:183} INFO - Processing /home/airflow/.local/lib/python3.12/site-packages/airflow/example_dags/example_skip_dag.py took 0.040 seconds
[2024-08-15T00:06:40.347+0000] {processor.py:161} INFO - Started process (PID=4480) to work on /home/airflow/.local/lib/python3.12/site-packages/airflow/example_dags/example_skip_dag.py
[2024-08-15T00:06:40.348+0000] {processor.py:830} INFO - Processing file /home/airflow/.local/lib/python3.12/site-packages/airflow/example_dags/example_skip_dag.py for tasks to queue
[2024-08-15T00:06:40.348+0000] {logging_mixin.py:188} INFO - [2024-08-15T00:06:40.348+0000] {dagbag.py:540} INFO - Filling up the DagBag from /home/airflow/.local/lib/python3.12/site-packages/airflow/example_dags/example_skip_dag.py
[2024-08-15T00:06:40.352+0000] {processor.py:840} INFO - DAG(s) 'example_skip_dag' retrieved from /home/airflow/.local/lib/python3.12/site-packages/airflow/example_dags/example_skip_dag.py
[2024-08-15T00:06:40.363+0000] {logging_mixin.py:188} INFO - [2024-08-15T00:06:40.363+0000] {dag.py:3096} INFO - Sync 1 DAGs
[2024-08-15T00:06:40.375+0000] {logging_mixin.py:188} INFO - [2024-08-15T00:06:40.375+0000] {dag.py:3954} INFO - Setting next_dagrun for example_skip_dag to 2024-08-14 00:00:00+00:00, run_after=2024-08-15 00:00:00+00:00
[2024-08-15T00:06:40.384+0000] {processor.py:183} INFO - Processing /home/airflow/.local/lib/python3.12/site-packages/airflow/example_dags/example_skip_dag.py took 0.040 seconds
[2024-08-15T00:07:10.905+0000] {processor.py:161} INFO - Started process (PID=4538) to work on /home/airflow/.local/lib/python3.12/site-packages/airflow/example_dags/example_skip_dag.py
[2024-08-15T00:07:10.905+0000] {processor.py:830} INFO - Processing file /home/airflow/.local/lib/python3.12/site-packages/airflow/example_dags/example_skip_dag.py for tasks to queue
[2024-08-15T00:07:10.906+0000] {logging_mixin.py:188} INFO - [2024-08-15T00:07:10.906+0000] {dagbag.py:540} INFO - Filling up the DagBag from /home/airflow/.local/lib/python3.12/site-packages/airflow/example_dags/example_skip_dag.py
[2024-08-15T00:07:10.909+0000] {processor.py:840} INFO - DAG(s) 'example_skip_dag' retrieved from /home/airflow/.local/lib/python3.12/site-packages/airflow/example_dags/example_skip_dag.py
[2024-08-15T00:07:10.920+0000] {logging_mixin.py:188} INFO - [2024-08-15T00:07:10.920+0000] {dag.py:3096} INFO - Sync 1 DAGs
[2024-08-15T00:07:10.931+0000] {logging_mixin.py:188} INFO - [2024-08-15T00:07:10.931+0000] {dag.py:3954} INFO - Setting next_dagrun for example_skip_dag to 2024-08-14 00:00:00+00:00, run_after=2024-08-15 00:00:00+00:00
[2024-08-15T00:07:10.941+0000] {processor.py:183} INFO - Processing /home/airflow/.local/lib/python3.12/site-packages/airflow/example_dags/example_skip_dag.py took 0.039 seconds
[2024-08-15T00:07:41.509+0000] {processor.py:161} INFO - Started process (PID=4596) to work on /home/airflow/.local/lib/python3.12/site-packages/airflow/example_dags/example_skip_dag.py
[2024-08-15T00:07:41.509+0000] {processor.py:830} INFO - Processing file /home/airflow/.local/lib/python3.12/site-packages/airflow/example_dags/example_skip_dag.py for tasks to queue
[2024-08-15T00:07:41.510+0000] {logging_mixin.py:188} INFO - [2024-08-15T00:07:41.510+0000] {dagbag.py:540} INFO - Filling up the DagBag from /home/airflow/.local/lib/python3.12/site-packages/airflow/example_dags/example_skip_dag.py
[2024-08-15T00:07:41.514+0000] {processor.py:840} INFO - DAG(s) 'example_skip_dag' retrieved from /home/airflow/.local/lib/python3.12/site-packages/airflow/example_dags/example_skip_dag.py
[2024-08-15T00:07:41.525+0000] {logging_mixin.py:188} INFO - [2024-08-15T00:07:41.525+0000] {dag.py:3096} INFO - Sync 1 DAGs
[2024-08-15T00:07:41.536+0000] {logging_mixin.py:188} INFO - [2024-08-15T00:07:41.536+0000] {dag.py:3954} INFO - Setting next_dagrun for example_skip_dag to 2024-08-14 00:00:00+00:00, run_after=2024-08-15 00:00:00+00:00
[2024-08-15T00:07:41.545+0000] {processor.py:183} INFO - Processing /home/airflow/.local/lib/python3.12/site-packages/airflow/example_dags/example_skip_dag.py took 0.039 seconds
[2024-08-15T00:08:12.157+0000] {processor.py:161} INFO - Started process (PID=4654) to work on /home/airflow/.local/lib/python3.12/site-packages/airflow/example_dags/example_skip_dag.py
[2024-08-15T00:08:12.157+0000] {processor.py:830} INFO - Processing file /home/airflow/.local/lib/python3.12/site-packages/airflow/example_dags/example_skip_dag.py for tasks to queue
[2024-08-15T00:08:12.158+0000] {logging_mixin.py:188} INFO - [2024-08-15T00:08:12.158+0000] {dagbag.py:540} INFO - Filling up the DagBag from /home/airflow/.local/lib/python3.12/site-packages/airflow/example_dags/example_skip_dag.py
[2024-08-15T00:08:12.162+0000] {processor.py:840} INFO - DAG(s) 'example_skip_dag' retrieved from /home/airflow/.local/lib/python3.12/site-packages/airflow/example_dags/example_skip_dag.py
[2024-08-15T00:08:12.174+0000] {logging_mixin.py:188} INFO - [2024-08-15T00:08:12.174+0000] {dag.py:3096} INFO - Sync 1 DAGs
[2024-08-15T00:08:12.186+0000] {logging_mixin.py:188} INFO - [2024-08-15T00:08:12.186+0000] {dag.py:3954} INFO - Setting next_dagrun for example_skip_dag to 2024-08-14 00:00:00+00:00, run_after=2024-08-15 00:00:00+00:00
[2024-08-15T00:08:12.196+0000] {processor.py:183} INFO - Processing /home/airflow/.local/lib/python3.12/site-packages/airflow/example_dags/example_skip_dag.py took 0.042 seconds
[2024-08-15T00:08:42.796+0000] {processor.py:161} INFO - Started process (PID=4712) to work on /home/airflow/.local/lib/python3.12/site-packages/airflow/example_dags/example_skip_dag.py
[2024-08-15T00:08:42.797+0000] {processor.py:830} INFO - Processing file /home/airflow/.local/lib/python3.12/site-packages/airflow/example_dags/example_skip_dag.py for tasks to queue
[2024-08-15T00:08:42.798+0000] {logging_mixin.py:188} INFO - [2024-08-15T00:08:42.798+0000] {dagbag.py:540} INFO - Filling up the DagBag from /home/airflow/.local/lib/python3.12/site-packages/airflow/example_dags/example_skip_dag.py
[2024-08-15T00:08:42.801+0000] {processor.py:840} INFO - DAG(s) 'example_skip_dag' retrieved from /home/airflow/.local/lib/python3.12/site-packages/airflow/example_dags/example_skip_dag.py
[2024-08-15T00:08:42.813+0000] {logging_mixin.py:188} INFO - [2024-08-15T00:08:42.812+0000] {dag.py:3096} INFO - Sync 1 DAGs
[2024-08-15T00:08:42.824+0000] {logging_mixin.py:188} INFO - [2024-08-15T00:08:42.824+0000] {dag.py:3954} INFO - Setting next_dagrun for example_skip_dag to 2024-08-14 00:00:00+00:00, run_after=2024-08-15 00:00:00+00:00
[2024-08-15T00:08:42.834+0000] {processor.py:183} INFO - Processing /home/airflow/.local/lib/python3.12/site-packages/airflow/example_dags/example_skip_dag.py took 0.040 seconds
[2024-08-15T00:09:13.492+0000] {processor.py:161} INFO - Started process (PID=4770) to work on /home/airflow/.local/lib/python3.12/site-packages/airflow/example_dags/example_skip_dag.py
[2024-08-15T00:09:13.493+0000] {processor.py:830} INFO - Processing file /home/airflow/.local/lib/python3.12/site-packages/airflow/example_dags/example_skip_dag.py for tasks to queue
[2024-08-15T00:09:13.494+0000] {logging_mixin.py:188} INFO - [2024-08-15T00:09:13.493+0000] {dagbag.py:540} INFO - Filling up the DagBag from /home/airflow/.local/lib/python3.12/site-packages/airflow/example_dags/example_skip_dag.py
[2024-08-15T00:09:13.497+0000] {processor.py:840} INFO - DAG(s) 'example_skip_dag' retrieved from /home/airflow/.local/lib/python3.12/site-packages/airflow/example_dags/example_skip_dag.py
[2024-08-15T00:09:13.508+0000] {logging_mixin.py:188} INFO - [2024-08-15T00:09:13.508+0000] {dag.py:3096} INFO - Sync 1 DAGs
[2024-08-15T00:09:13.519+0000] {logging_mixin.py:188} INFO - [2024-08-15T00:09:13.519+0000] {dag.py:3954} INFO - Setting next_dagrun for example_skip_dag to 2024-08-14 00:00:00+00:00, run_after=2024-08-15 00:00:00+00:00
[2024-08-15T00:09:13.528+0000] {processor.py:183} INFO - Processing /home/airflow/.local/lib/python3.12/site-packages/airflow/example_dags/example_skip_dag.py took 0.039 seconds
[2024-08-15T00:09:44.147+0000] {processor.py:161} INFO - Started process (PID=4828) to work on /home/airflow/.local/lib/python3.12/site-packages/airflow/example_dags/example_skip_dag.py
[2024-08-15T00:09:44.148+0000] {processor.py:830} INFO - Processing file /home/airflow/.local/lib/python3.12/site-packages/airflow/example_dags/example_skip_dag.py for tasks to queue
[2024-08-15T00:09:44.149+0000] {logging_mixin.py:188} INFO - [2024-08-15T00:09:44.148+0000] {dagbag.py:540} INFO - Filling up the DagBag from /home/airflow/.local/lib/python3.12/site-packages/airflow/example_dags/example_skip_dag.py
[2024-08-15T00:09:44.152+0000] {processor.py:840} INFO - DAG(s) 'example_skip_dag' retrieved from /home/airflow/.local/lib/python3.12/site-packages/airflow/example_dags/example_skip_dag.py
[2024-08-15T00:09:44.164+0000] {logging_mixin.py:188} INFO - [2024-08-15T00:09:44.164+0000] {dag.py:3096} INFO - Sync 1 DAGs
[2024-08-15T00:09:44.176+0000] {logging_mixin.py:188} INFO - [2024-08-15T00:09:44.176+0000] {dag.py:3954} INFO - Setting next_dagrun for example_skip_dag to 2024-08-14 00:00:00+00:00, run_after=2024-08-15 00:00:00+00:00
[2024-08-15T00:09:44.187+0000] {processor.py:183} INFO - Processing /home/airflow/.local/lib/python3.12/site-packages/airflow/example_dags/example_skip_dag.py took 0.043 seconds
[2024-08-15T00:10:14.768+0000] {processor.py:161} INFO - Started process (PID=4886) to work on /home/airflow/.local/lib/python3.12/site-packages/airflow/example_dags/example_skip_dag.py
[2024-08-15T00:10:14.769+0000] {processor.py:830} INFO - Processing file /home/airflow/.local/lib/python3.12/site-packages/airflow/example_dags/example_skip_dag.py for tasks to queue
[2024-08-15T00:10:14.770+0000] {logging_mixin.py:188} INFO - [2024-08-15T00:10:14.769+0000] {dagbag.py:540} INFO - Filling up the DagBag from /home/airflow/.local/lib/python3.12/site-packages/airflow/example_dags/example_skip_dag.py
[2024-08-15T00:10:14.773+0000] {processor.py:840} INFO - DAG(s) 'example_skip_dag' retrieved from /home/airflow/.local/lib/python3.12/site-packages/airflow/example_dags/example_skip_dag.py
[2024-08-15T00:10:14.785+0000] {logging_mixin.py:188} INFO - [2024-08-15T00:10:14.784+0000] {dag.py:3096} INFO - Sync 1 DAGs
[2024-08-15T00:10:14.796+0000] {logging_mixin.py:188} INFO - [2024-08-15T00:10:14.796+0000] {dag.py:3954} INFO - Setting next_dagrun for example_skip_dag to 2024-08-14 00:00:00+00:00, run_after=2024-08-15 00:00:00+00:00
[2024-08-15T00:10:14.805+0000] {processor.py:183} INFO - Processing /home/airflow/.local/lib/python3.12/site-packages/airflow/example_dags/example_skip_dag.py took 0.040 seconds
[2024-08-15T00:10:45.353+0000] {processor.py:161} INFO - Started process (PID=4944) to work on /home/airflow/.local/lib/python3.12/site-packages/airflow/example_dags/example_skip_dag.py
[2024-08-15T00:10:45.354+0000] {processor.py:830} INFO - Processing file /home/airflow/.local/lib/python3.12/site-packages/airflow/example_dags/example_skip_dag.py for tasks to queue
[2024-08-15T00:10:45.355+0000] {logging_mixin.py:188} INFO - [2024-08-15T00:10:45.355+0000] {dagbag.py:540} INFO - Filling up the DagBag from /home/airflow/.local/lib/python3.12/site-packages/airflow/example_dags/example_skip_dag.py
[2024-08-15T00:10:45.358+0000] {processor.py:840} INFO - DAG(s) 'example_skip_dag' retrieved from /home/airflow/.local/lib/python3.12/site-packages/airflow/example_dags/example_skip_dag.py
[2024-08-15T00:10:45.370+0000] {logging_mixin.py:188} INFO - [2024-08-15T00:10:45.370+0000] {dag.py:3096} INFO - Sync 1 DAGs
[2024-08-15T00:10:45.381+0000] {logging_mixin.py:188} INFO - [2024-08-15T00:10:45.381+0000] {dag.py:3954} INFO - Setting next_dagrun for example_skip_dag to 2024-08-14 00:00:00+00:00, run_after=2024-08-15 00:00:00+00:00
[2024-08-15T00:10:45.390+0000] {processor.py:183} INFO - Processing /home/airflow/.local/lib/python3.12/site-packages/airflow/example_dags/example_skip_dag.py took 0.040 seconds
[2024-08-15T00:11:15.969+0000] {processor.py:161} INFO - Started process (PID=5002) to work on /home/airflow/.local/lib/python3.12/site-packages/airflow/example_dags/example_skip_dag.py
[2024-08-15T00:11:15.970+0000] {processor.py:830} INFO - Processing file /home/airflow/.local/lib/python3.12/site-packages/airflow/example_dags/example_skip_dag.py for tasks to queue
[2024-08-15T00:11:15.971+0000] {logging_mixin.py:188} INFO - [2024-08-15T00:11:15.971+0000] {dagbag.py:540} INFO - Filling up the DagBag from /home/airflow/.local/lib/python3.12/site-packages/airflow/example_dags/example_skip_dag.py
[2024-08-15T00:11:15.974+0000] {processor.py:840} INFO - DAG(s) 'example_skip_dag' retrieved from /home/airflow/.local/lib/python3.12/site-packages/airflow/example_dags/example_skip_dag.py
[2024-08-15T00:11:15.986+0000] {logging_mixin.py:188} INFO - [2024-08-15T00:11:15.986+0000] {dag.py:3096} INFO - Sync 1 DAGs
[2024-08-15T00:11:15.999+0000] {logging_mixin.py:188} INFO - [2024-08-15T00:11:15.998+0000] {dag.py:3954} INFO - Setting next_dagrun for example_skip_dag to 2024-08-14 00:00:00+00:00, run_after=2024-08-15 00:00:00+00:00
[2024-08-15T00:11:16.008+0000] {processor.py:183} INFO - Processing /home/airflow/.local/lib/python3.12/site-packages/airflow/example_dags/example_skip_dag.py took 0.042 seconds
