[2024-08-15T00:00:01.774+0000] {processor.py:161} INFO - Started process (PID=3725) to work on /home/airflow/.local/lib/python3.12/site-packages/airflow/example_dags/example_display_name.py
[2024-08-15T00:00:01.775+0000] {processor.py:830} INFO - Processing file /home/airflow/.local/lib/python3.12/site-packages/airflow/example_dags/example_display_name.py for tasks to queue
[2024-08-15T00:00:01.776+0000] {logging_mixin.py:188} INFO - [2024-08-15T00:00:01.776+0000] {dagbag.py:540} INFO - Filling up the DagBag from /home/airflow/.local/lib/python3.12/site-packages/airflow/example_dags/example_display_name.py
[2024-08-15T00:00:01.779+0000] {processor.py:840} INFO - DAG(s) 'example_display_name' retrieved from /home/airflow/.local/lib/python3.12/site-packages/airflow/example_dags/example_display_name.py
[2024-08-15T00:00:01.790+0000] {logging_mixin.py:188} INFO - [2024-08-15T00:00:01.789+0000] {dag.py:3096} INFO - Sync 1 DAGs
[2024-08-15T00:00:01.796+0000] {logging_mixin.py:188} INFO - [2024-08-15T00:00:01.796+0000] {dag.py:3954} INFO - Setting next_dagrun for example_display_name to None, run_after=None
[2024-08-15T00:00:01.806+0000] {processor.py:183} INFO - Processing /home/airflow/.local/lib/python3.12/site-packages/airflow/example_dags/example_display_name.py took 0.035 seconds
[2024-08-15T00:00:32.522+0000] {processor.py:161} INFO - Started process (PID=3783) to work on /home/airflow/.local/lib/python3.12/site-packages/airflow/example_dags/example_display_name.py
[2024-08-15T00:00:32.523+0000] {processor.py:830} INFO - Processing file /home/airflow/.local/lib/python3.12/site-packages/airflow/example_dags/example_display_name.py for tasks to queue
[2024-08-15T00:00:32.524+0000] {logging_mixin.py:188} INFO - [2024-08-15T00:00:32.524+0000] {dagbag.py:540} INFO - Filling up the DagBag from /home/airflow/.local/lib/python3.12/site-packages/airflow/example_dags/example_display_name.py
[2024-08-15T00:00:32.526+0000] {processor.py:840} INFO - DAG(s) 'example_display_name' retrieved from /home/airflow/.local/lib/python3.12/site-packages/airflow/example_dags/example_display_name.py
[2024-08-15T00:00:32.537+0000] {logging_mixin.py:188} INFO - [2024-08-15T00:00:32.537+0000] {dag.py:3096} INFO - Sync 1 DAGs
[2024-08-15T00:00:32.544+0000] {logging_mixin.py:188} INFO - [2024-08-15T00:00:32.543+0000] {dag.py:3954} INFO - Setting next_dagrun for example_display_name to None, run_after=None
[2024-08-15T00:00:32.553+0000] {processor.py:183} INFO - Processing /home/airflow/.local/lib/python3.12/site-packages/airflow/example_dags/example_display_name.py took 0.034 seconds
[2024-08-15T00:01:03.158+0000] {processor.py:161} INFO - Started process (PID=3841) to work on /home/airflow/.local/lib/python3.12/site-packages/airflow/example_dags/example_display_name.py
[2024-08-15T00:01:03.159+0000] {processor.py:830} INFO - Processing file /home/airflow/.local/lib/python3.12/site-packages/airflow/example_dags/example_display_name.py for tasks to queue
[2024-08-15T00:01:03.160+0000] {logging_mixin.py:188} INFO - [2024-08-15T00:01:03.159+0000] {dagbag.py:540} INFO - Filling up the DagBag from /home/airflow/.local/lib/python3.12/site-packages/airflow/example_dags/example_display_name.py
[2024-08-15T00:01:03.162+0000] {processor.py:840} INFO - DAG(s) 'example_display_name' retrieved from /home/airflow/.local/lib/python3.12/site-packages/airflow/example_dags/example_display_name.py
[2024-08-15T00:01:03.174+0000] {logging_mixin.py:188} INFO - [2024-08-15T00:01:03.174+0000] {dag.py:3096} INFO - Sync 1 DAGs
[2024-08-15T00:01:03.180+0000] {logging_mixin.py:188} INFO - [2024-08-15T00:01:03.180+0000] {dag.py:3954} INFO - Setting next_dagrun for example_display_name to None, run_after=None
[2024-08-15T00:01:03.190+0000] {processor.py:183} INFO - Processing /home/airflow/.local/lib/python3.12/site-packages/airflow/example_dags/example_display_name.py took 0.035 seconds
[2024-08-15T00:01:33.832+0000] {processor.py:161} INFO - Started process (PID=3899) to work on /home/airflow/.local/lib/python3.12/site-packages/airflow/example_dags/example_display_name.py
[2024-08-15T00:01:33.833+0000] {processor.py:830} INFO - Processing file /home/airflow/.local/lib/python3.12/site-packages/airflow/example_dags/example_display_name.py for tasks to queue
[2024-08-15T00:01:33.834+0000] {logging_mixin.py:188} INFO - [2024-08-15T00:01:33.833+0000] {dagbag.py:540} INFO - Filling up the DagBag from /home/airflow/.local/lib/python3.12/site-packages/airflow/example_dags/example_display_name.py
[2024-08-15T00:01:33.836+0000] {processor.py:840} INFO - DAG(s) 'example_display_name' retrieved from /home/airflow/.local/lib/python3.12/site-packages/airflow/example_dags/example_display_name.py
[2024-08-15T00:01:33.847+0000] {logging_mixin.py:188} INFO - [2024-08-15T00:01:33.847+0000] {dag.py:3096} INFO - Sync 1 DAGs
[2024-08-15T00:01:33.854+0000] {logging_mixin.py:188} INFO - [2024-08-15T00:01:33.854+0000] {dag.py:3954} INFO - Setting next_dagrun for example_display_name to None, run_after=None
[2024-08-15T00:01:33.863+0000] {processor.py:183} INFO - Processing /home/airflow/.local/lib/python3.12/site-packages/airflow/example_dags/example_display_name.py took 0.034 seconds
[2024-08-15T00:02:04.463+0000] {processor.py:161} INFO - Started process (PID=3957) to work on /home/airflow/.local/lib/python3.12/site-packages/airflow/example_dags/example_display_name.py
[2024-08-15T00:02:04.463+0000] {processor.py:830} INFO - Processing file /home/airflow/.local/lib/python3.12/site-packages/airflow/example_dags/example_display_name.py for tasks to queue
[2024-08-15T00:02:04.464+0000] {logging_mixin.py:188} INFO - [2024-08-15T00:02:04.464+0000] {dagbag.py:540} INFO - Filling up the DagBag from /home/airflow/.local/lib/python3.12/site-packages/airflow/example_dags/example_display_name.py
[2024-08-15T00:02:04.467+0000] {processor.py:840} INFO - DAG(s) 'example_display_name' retrieved from /home/airflow/.local/lib/python3.12/site-packages/airflow/example_dags/example_display_name.py
[2024-08-15T00:02:04.478+0000] {logging_mixin.py:188} INFO - [2024-08-15T00:02:04.478+0000] {dag.py:3096} INFO - Sync 1 DAGs
[2024-08-15T00:02:04.485+0000] {logging_mixin.py:188} INFO - [2024-08-15T00:02:04.485+0000] {dag.py:3954} INFO - Setting next_dagrun for example_display_name to None, run_after=None
[2024-08-15T00:02:04.494+0000] {processor.py:183} INFO - Processing /home/airflow/.local/lib/python3.12/site-packages/airflow/example_dags/example_display_name.py took 0.034 seconds
[2024-08-15T00:02:35.102+0000] {processor.py:161} INFO - Started process (PID=4015) to work on /home/airflow/.local/lib/python3.12/site-packages/airflow/example_dags/example_display_name.py
[2024-08-15T00:02:35.103+0000] {processor.py:830} INFO - Processing file /home/airflow/.local/lib/python3.12/site-packages/airflow/example_dags/example_display_name.py for tasks to queue
[2024-08-15T00:02:35.104+0000] {logging_mixin.py:188} INFO - [2024-08-15T00:02:35.103+0000] {dagbag.py:540} INFO - Filling up the DagBag from /home/airflow/.local/lib/python3.12/site-packages/airflow/example_dags/example_display_name.py
[2024-08-15T00:02:35.106+0000] {processor.py:840} INFO - DAG(s) 'example_display_name' retrieved from /home/airflow/.local/lib/python3.12/site-packages/airflow/example_dags/example_display_name.py
[2024-08-15T00:02:35.118+0000] {logging_mixin.py:188} INFO - [2024-08-15T00:02:35.118+0000] {dag.py:3096} INFO - Sync 1 DAGs
[2024-08-15T00:02:35.125+0000] {logging_mixin.py:188} INFO - [2024-08-15T00:02:35.125+0000] {dag.py:3954} INFO - Setting next_dagrun for example_display_name to None, run_after=None
[2024-08-15T00:02:35.135+0000] {processor.py:183} INFO - Processing /home/airflow/.local/lib/python3.12/site-packages/airflow/example_dags/example_display_name.py took 0.036 seconds
[2024-08-15T00:03:05.739+0000] {processor.py:161} INFO - Started process (PID=4073) to work on /home/airflow/.local/lib/python3.12/site-packages/airflow/example_dags/example_display_name.py
[2024-08-15T00:03:05.740+0000] {processor.py:830} INFO - Processing file /home/airflow/.local/lib/python3.12/site-packages/airflow/example_dags/example_display_name.py for tasks to queue
[2024-08-15T00:03:05.741+0000] {logging_mixin.py:188} INFO - [2024-08-15T00:03:05.741+0000] {dagbag.py:540} INFO - Filling up the DagBag from /home/airflow/.local/lib/python3.12/site-packages/airflow/example_dags/example_display_name.py
[2024-08-15T00:03:05.744+0000] {processor.py:840} INFO - DAG(s) 'example_display_name' retrieved from /home/airflow/.local/lib/python3.12/site-packages/airflow/example_dags/example_display_name.py
[2024-08-15T00:03:05.754+0000] {logging_mixin.py:188} INFO - [2024-08-15T00:03:05.754+0000] {dag.py:3096} INFO - Sync 1 DAGs
[2024-08-15T00:03:05.761+0000] {logging_mixin.py:188} INFO - [2024-08-15T00:03:05.761+0000] {dag.py:3954} INFO - Setting next_dagrun for example_display_name to None, run_after=None
[2024-08-15T00:03:05.770+0000] {processor.py:183} INFO - Processing /home/airflow/.local/lib/python3.12/site-packages/airflow/example_dags/example_display_name.py took 0.034 seconds
[2024-08-15T00:03:36.333+0000] {processor.py:161} INFO - Started process (PID=4131) to work on /home/airflow/.local/lib/python3.12/site-packages/airflow/example_dags/example_display_name.py
[2024-08-15T00:03:36.334+0000] {processor.py:830} INFO - Processing file /home/airflow/.local/lib/python3.12/site-packages/airflow/example_dags/example_display_name.py for tasks to queue
[2024-08-15T00:03:36.335+0000] {logging_mixin.py:188} INFO - [2024-08-15T00:03:36.335+0000] {dagbag.py:540} INFO - Filling up the DagBag from /home/airflow/.local/lib/python3.12/site-packages/airflow/example_dags/example_display_name.py
[2024-08-15T00:03:36.338+0000] {processor.py:840} INFO - DAG(s) 'example_display_name' retrieved from /home/airflow/.local/lib/python3.12/site-packages/airflow/example_dags/example_display_name.py
[2024-08-15T00:03:36.350+0000] {logging_mixin.py:188} INFO - [2024-08-15T00:03:36.350+0000] {dag.py:3096} INFO - Sync 1 DAGs
[2024-08-15T00:03:36.357+0000] {logging_mixin.py:188} INFO - [2024-08-15T00:03:36.357+0000] {dag.py:3954} INFO - Setting next_dagrun for example_display_name to None, run_after=None
[2024-08-15T00:03:36.367+0000] {processor.py:183} INFO - Processing /home/airflow/.local/lib/python3.12/site-packages/airflow/example_dags/example_display_name.py took 0.037 seconds
[2024-08-15T00:04:07.005+0000] {processor.py:161} INFO - Started process (PID=4189) to work on /home/airflow/.local/lib/python3.12/site-packages/airflow/example_dags/example_display_name.py
[2024-08-15T00:04:07.005+0000] {processor.py:830} INFO - Processing file /home/airflow/.local/lib/python3.12/site-packages/airflow/example_dags/example_display_name.py for tasks to queue
[2024-08-15T00:04:07.006+0000] {logging_mixin.py:188} INFO - [2024-08-15T00:04:07.006+0000] {dagbag.py:540} INFO - Filling up the DagBag from /home/airflow/.local/lib/python3.12/site-packages/airflow/example_dags/example_display_name.py
[2024-08-15T00:04:07.009+0000] {processor.py:840} INFO - DAG(s) 'example_display_name' retrieved from /home/airflow/.local/lib/python3.12/site-packages/airflow/example_dags/example_display_name.py
[2024-08-15T00:04:07.021+0000] {logging_mixin.py:188} INFO - [2024-08-15T00:04:07.020+0000] {dag.py:3096} INFO - Sync 1 DAGs
[2024-08-15T00:04:07.027+0000] {logging_mixin.py:188} INFO - [2024-08-15T00:04:07.027+0000] {dag.py:3954} INFO - Setting next_dagrun for example_display_name to None, run_after=None
[2024-08-15T00:04:07.037+0000] {processor.py:183} INFO - Processing /home/airflow/.local/lib/python3.12/site-packages/airflow/example_dags/example_display_name.py took 0.036 seconds
[2024-08-15T00:04:37.672+0000] {processor.py:161} INFO - Started process (PID=4247) to work on /home/airflow/.local/lib/python3.12/site-packages/airflow/example_dags/example_display_name.py
[2024-08-15T00:04:37.673+0000] {processor.py:830} INFO - Processing file /home/airflow/.local/lib/python3.12/site-packages/airflow/example_dags/example_display_name.py for tasks to queue
[2024-08-15T00:04:37.674+0000] {logging_mixin.py:188} INFO - [2024-08-15T00:04:37.673+0000] {dagbag.py:540} INFO - Filling up the DagBag from /home/airflow/.local/lib/python3.12/site-packages/airflow/example_dags/example_display_name.py
[2024-08-15T00:04:37.676+0000] {processor.py:840} INFO - DAG(s) 'example_display_name' retrieved from /home/airflow/.local/lib/python3.12/site-packages/airflow/example_dags/example_display_name.py
[2024-08-15T00:04:37.687+0000] {logging_mixin.py:188} INFO - [2024-08-15T00:04:37.687+0000] {dag.py:3096} INFO - Sync 1 DAGs
[2024-08-15T00:04:37.694+0000] {logging_mixin.py:188} INFO - [2024-08-15T00:04:37.694+0000] {dag.py:3954} INFO - Setting next_dagrun for example_display_name to None, run_after=None
[2024-08-15T00:04:37.704+0000] {processor.py:183} INFO - Processing /home/airflow/.local/lib/python3.12/site-packages/airflow/example_dags/example_display_name.py took 0.035 seconds
[2024-08-15T00:05:08.366+0000] {processor.py:161} INFO - Started process (PID=4305) to work on /home/airflow/.local/lib/python3.12/site-packages/airflow/example_dags/example_display_name.py
[2024-08-15T00:05:08.366+0000] {processor.py:830} INFO - Processing file /home/airflow/.local/lib/python3.12/site-packages/airflow/example_dags/example_display_name.py for tasks to queue
[2024-08-15T00:05:08.368+0000] {logging_mixin.py:188} INFO - [2024-08-15T00:05:08.367+0000] {dagbag.py:540} INFO - Filling up the DagBag from /home/airflow/.local/lib/python3.12/site-packages/airflow/example_dags/example_display_name.py
[2024-08-15T00:05:08.371+0000] {processor.py:840} INFO - DAG(s) 'example_display_name' retrieved from /home/airflow/.local/lib/python3.12/site-packages/airflow/example_dags/example_display_name.py
[2024-08-15T00:05:08.381+0000] {logging_mixin.py:188} INFO - [2024-08-15T00:05:08.381+0000] {dag.py:3096} INFO - Sync 1 DAGs
[2024-08-15T00:05:08.389+0000] {logging_mixin.py:188} INFO - [2024-08-15T00:05:08.389+0000] {dag.py:3954} INFO - Setting next_dagrun for example_display_name to None, run_after=None
[2024-08-15T00:05:08.399+0000] {processor.py:183} INFO - Processing /home/airflow/.local/lib/python3.12/site-packages/airflow/example_dags/example_display_name.py took 0.037 seconds
[2024-08-15T00:05:38.980+0000] {processor.py:161} INFO - Started process (PID=4363) to work on /home/airflow/.local/lib/python3.12/site-packages/airflow/example_dags/example_display_name.py
[2024-08-15T00:05:38.981+0000] {processor.py:830} INFO - Processing file /home/airflow/.local/lib/python3.12/site-packages/airflow/example_dags/example_display_name.py for tasks to queue
[2024-08-15T00:05:38.982+0000] {logging_mixin.py:188} INFO - [2024-08-15T00:05:38.982+0000] {dagbag.py:540} INFO - Filling up the DagBag from /home/airflow/.local/lib/python3.12/site-packages/airflow/example_dags/example_display_name.py
[2024-08-15T00:05:38.985+0000] {processor.py:840} INFO - DAG(s) 'example_display_name' retrieved from /home/airflow/.local/lib/python3.12/site-packages/airflow/example_dags/example_display_name.py
[2024-08-15T00:05:38.995+0000] {logging_mixin.py:188} INFO - [2024-08-15T00:05:38.995+0000] {dag.py:3096} INFO - Sync 1 DAGs
[2024-08-15T00:05:39.002+0000] {logging_mixin.py:188} INFO - [2024-08-15T00:05:39.002+0000] {dag.py:3954} INFO - Setting next_dagrun for example_display_name to None, run_after=None
[2024-08-15T00:05:39.011+0000] {processor.py:183} INFO - Processing /home/airflow/.local/lib/python3.12/site-packages/airflow/example_dags/example_display_name.py took 0.034 seconds
[2024-08-15T00:06:09.665+0000] {processor.py:161} INFO - Started process (PID=4421) to work on /home/airflow/.local/lib/python3.12/site-packages/airflow/example_dags/example_display_name.py
[2024-08-15T00:06:09.665+0000] {processor.py:830} INFO - Processing file /home/airflow/.local/lib/python3.12/site-packages/airflow/example_dags/example_display_name.py for tasks to queue
[2024-08-15T00:06:09.666+0000] {logging_mixin.py:188} INFO - [2024-08-15T00:06:09.666+0000] {dagbag.py:540} INFO - Filling up the DagBag from /home/airflow/.local/lib/python3.12/site-packages/airflow/example_dags/example_display_name.py
[2024-08-15T00:06:09.669+0000] {processor.py:840} INFO - DAG(s) 'example_display_name' retrieved from /home/airflow/.local/lib/python3.12/site-packages/airflow/example_dags/example_display_name.py
[2024-08-15T00:06:09.680+0000] {logging_mixin.py:188} INFO - [2024-08-15T00:06:09.680+0000] {dag.py:3096} INFO - Sync 1 DAGs
[2024-08-15T00:06:09.687+0000] {logging_mixin.py:188} INFO - [2024-08-15T00:06:09.686+0000] {dag.py:3954} INFO - Setting next_dagrun for example_display_name to None, run_after=None
[2024-08-15T00:06:09.696+0000] {processor.py:183} INFO - Processing /home/airflow/.local/lib/python3.12/site-packages/airflow/example_dags/example_display_name.py took 0.034 seconds
[2024-08-15T00:06:40.299+0000] {processor.py:161} INFO - Started process (PID=4479) to work on /home/airflow/.local/lib/python3.12/site-packages/airflow/example_dags/example_display_name.py
[2024-08-15T00:06:40.300+0000] {processor.py:830} INFO - Processing file /home/airflow/.local/lib/python3.12/site-packages/airflow/example_dags/example_display_name.py for tasks to queue
[2024-08-15T00:06:40.301+0000] {logging_mixin.py:188} INFO - [2024-08-15T00:06:40.301+0000] {dagbag.py:540} INFO - Filling up the DagBag from /home/airflow/.local/lib/python3.12/site-packages/airflow/example_dags/example_display_name.py
[2024-08-15T00:06:40.303+0000] {processor.py:840} INFO - DAG(s) 'example_display_name' retrieved from /home/airflow/.local/lib/python3.12/site-packages/airflow/example_dags/example_display_name.py
[2024-08-15T00:06:40.314+0000] {logging_mixin.py:188} INFO - [2024-08-15T00:06:40.314+0000] {dag.py:3096} INFO - Sync 1 DAGs
[2024-08-15T00:06:40.321+0000] {logging_mixin.py:188} INFO - [2024-08-15T00:06:40.321+0000] {dag.py:3954} INFO - Setting next_dagrun for example_display_name to None, run_after=None
[2024-08-15T00:06:40.330+0000] {processor.py:183} INFO - Processing /home/airflow/.local/lib/python3.12/site-packages/airflow/example_dags/example_display_name.py took 0.034 seconds
[2024-08-15T00:07:10.898+0000] {processor.py:161} INFO - Started process (PID=4537) to work on /home/airflow/.local/lib/python3.12/site-packages/airflow/example_dags/example_display_name.py
[2024-08-15T00:07:10.899+0000] {processor.py:830} INFO - Processing file /home/airflow/.local/lib/python3.12/site-packages/airflow/example_dags/example_display_name.py for tasks to queue
[2024-08-15T00:07:10.900+0000] {logging_mixin.py:188} INFO - [2024-08-15T00:07:10.899+0000] {dagbag.py:540} INFO - Filling up the DagBag from /home/airflow/.local/lib/python3.12/site-packages/airflow/example_dags/example_display_name.py
[2024-08-15T00:07:10.902+0000] {processor.py:840} INFO - DAG(s) 'example_display_name' retrieved from /home/airflow/.local/lib/python3.12/site-packages/airflow/example_dags/example_display_name.py
[2024-08-15T00:07:10.912+0000] {logging_mixin.py:188} INFO - [2024-08-15T00:07:10.912+0000] {dag.py:3096} INFO - Sync 1 DAGs
[2024-08-15T00:07:10.919+0000] {logging_mixin.py:188} INFO - [2024-08-15T00:07:10.919+0000] {dag.py:3954} INFO - Setting next_dagrun for example_display_name to None, run_after=None
[2024-08-15T00:07:10.929+0000] {processor.py:183} INFO - Processing /home/airflow/.local/lib/python3.12/site-packages/airflow/example_dags/example_display_name.py took 0.034 seconds
[2024-08-15T00:07:41.461+0000] {processor.py:161} INFO - Started process (PID=4595) to work on /home/airflow/.local/lib/python3.12/site-packages/airflow/example_dags/example_display_name.py
[2024-08-15T00:07:41.461+0000] {processor.py:830} INFO - Processing file /home/airflow/.local/lib/python3.12/site-packages/airflow/example_dags/example_display_name.py for tasks to queue
[2024-08-15T00:07:41.462+0000] {logging_mixin.py:188} INFO - [2024-08-15T00:07:41.462+0000] {dagbag.py:540} INFO - Filling up the DagBag from /home/airflow/.local/lib/python3.12/site-packages/airflow/example_dags/example_display_name.py
[2024-08-15T00:07:41.465+0000] {processor.py:840} INFO - DAG(s) 'example_display_name' retrieved from /home/airflow/.local/lib/python3.12/site-packages/airflow/example_dags/example_display_name.py
[2024-08-15T00:07:41.476+0000] {logging_mixin.py:188} INFO - [2024-08-15T00:07:41.476+0000] {dag.py:3096} INFO - Sync 1 DAGs
[2024-08-15T00:07:41.483+0000] {logging_mixin.py:188} INFO - [2024-08-15T00:07:41.483+0000] {dag.py:3954} INFO - Setting next_dagrun for example_display_name to None, run_after=None
[2024-08-15T00:07:41.492+0000] {processor.py:183} INFO - Processing /home/airflow/.local/lib/python3.12/site-packages/airflow/example_dags/example_display_name.py took 0.034 seconds
[2024-08-15T00:08:12.107+0000] {processor.py:161} INFO - Started process (PID=4653) to work on /home/airflow/.local/lib/python3.12/site-packages/airflow/example_dags/example_display_name.py
[2024-08-15T00:08:12.107+0000] {processor.py:830} INFO - Processing file /home/airflow/.local/lib/python3.12/site-packages/airflow/example_dags/example_display_name.py for tasks to queue
[2024-08-15T00:08:12.108+0000] {logging_mixin.py:188} INFO - [2024-08-15T00:08:12.108+0000] {dagbag.py:540} INFO - Filling up the DagBag from /home/airflow/.local/lib/python3.12/site-packages/airflow/example_dags/example_display_name.py
[2024-08-15T00:08:12.111+0000] {processor.py:840} INFO - DAG(s) 'example_display_name' retrieved from /home/airflow/.local/lib/python3.12/site-packages/airflow/example_dags/example_display_name.py
[2024-08-15T00:08:12.122+0000] {logging_mixin.py:188} INFO - [2024-08-15T00:08:12.122+0000] {dag.py:3096} INFO - Sync 1 DAGs
[2024-08-15T00:08:12.129+0000] {logging_mixin.py:188} INFO - [2024-08-15T00:08:12.129+0000] {dag.py:3954} INFO - Setting next_dagrun for example_display_name to None, run_after=None
[2024-08-15T00:08:12.139+0000] {processor.py:183} INFO - Processing /home/airflow/.local/lib/python3.12/site-packages/airflow/example_dags/example_display_name.py took 0.035 seconds
[2024-08-15T00:08:42.747+0000] {processor.py:161} INFO - Started process (PID=4711) to work on /home/airflow/.local/lib/python3.12/site-packages/airflow/example_dags/example_display_name.py
[2024-08-15T00:08:42.748+0000] {processor.py:830} INFO - Processing file /home/airflow/.local/lib/python3.12/site-packages/airflow/example_dags/example_display_name.py for tasks to queue
[2024-08-15T00:08:42.749+0000] {logging_mixin.py:188} INFO - [2024-08-15T00:08:42.749+0000] {dagbag.py:540} INFO - Filling up the DagBag from /home/airflow/.local/lib/python3.12/site-packages/airflow/example_dags/example_display_name.py
[2024-08-15T00:08:42.752+0000] {processor.py:840} INFO - DAG(s) 'example_display_name' retrieved from /home/airflow/.local/lib/python3.12/site-packages/airflow/example_dags/example_display_name.py
[2024-08-15T00:08:42.762+0000] {logging_mixin.py:188} INFO - [2024-08-15T00:08:42.762+0000] {dag.py:3096} INFO - Sync 1 DAGs
[2024-08-15T00:08:42.769+0000] {logging_mixin.py:188} INFO - [2024-08-15T00:08:42.769+0000] {dag.py:3954} INFO - Setting next_dagrun for example_display_name to None, run_after=None
[2024-08-15T00:08:42.778+0000] {processor.py:183} INFO - Processing /home/airflow/.local/lib/python3.12/site-packages/airflow/example_dags/example_display_name.py took 0.034 seconds
[2024-08-15T00:09:13.445+0000] {processor.py:161} INFO - Started process (PID=4769) to work on /home/airflow/.local/lib/python3.12/site-packages/airflow/example_dags/example_display_name.py
[2024-08-15T00:09:13.446+0000] {processor.py:830} INFO - Processing file /home/airflow/.local/lib/python3.12/site-packages/airflow/example_dags/example_display_name.py for tasks to queue
[2024-08-15T00:09:13.447+0000] {logging_mixin.py:188} INFO - [2024-08-15T00:09:13.447+0000] {dagbag.py:540} INFO - Filling up the DagBag from /home/airflow/.local/lib/python3.12/site-packages/airflow/example_dags/example_display_name.py
[2024-08-15T00:09:13.449+0000] {processor.py:840} INFO - DAG(s) 'example_display_name' retrieved from /home/airflow/.local/lib/python3.12/site-packages/airflow/example_dags/example_display_name.py
[2024-08-15T00:09:13.460+0000] {logging_mixin.py:188} INFO - [2024-08-15T00:09:13.460+0000] {dag.py:3096} INFO - Sync 1 DAGs
[2024-08-15T00:09:13.467+0000] {logging_mixin.py:188} INFO - [2024-08-15T00:09:13.466+0000] {dag.py:3954} INFO - Setting next_dagrun for example_display_name to None, run_after=None
[2024-08-15T00:09:13.476+0000] {processor.py:183} INFO - Processing /home/airflow/.local/lib/python3.12/site-packages/airflow/example_dags/example_display_name.py took 0.033 seconds
[2024-08-15T00:09:44.097+0000] {processor.py:161} INFO - Started process (PID=4827) to work on /home/airflow/.local/lib/python3.12/site-packages/airflow/example_dags/example_display_name.py
[2024-08-15T00:09:44.098+0000] {processor.py:830} INFO - Processing file /home/airflow/.local/lib/python3.12/site-packages/airflow/example_dags/example_display_name.py for tasks to queue
[2024-08-15T00:09:44.099+0000] {logging_mixin.py:188} INFO - [2024-08-15T00:09:44.099+0000] {dagbag.py:540} INFO - Filling up the DagBag from /home/airflow/.local/lib/python3.12/site-packages/airflow/example_dags/example_display_name.py
[2024-08-15T00:09:44.102+0000] {processor.py:840} INFO - DAG(s) 'example_display_name' retrieved from /home/airflow/.local/lib/python3.12/site-packages/airflow/example_dags/example_display_name.py
[2024-08-15T00:09:44.113+0000] {logging_mixin.py:188} INFO - [2024-08-15T00:09:44.113+0000] {dag.py:3096} INFO - Sync 1 DAGs
[2024-08-15T00:09:44.120+0000] {logging_mixin.py:188} INFO - [2024-08-15T00:09:44.120+0000] {dag.py:3954} INFO - Setting next_dagrun for example_display_name to None, run_after=None
[2024-08-15T00:09:44.130+0000] {processor.py:183} INFO - Processing /home/airflow/.local/lib/python3.12/site-packages/airflow/example_dags/example_display_name.py took 0.035 seconds
[2024-08-15T00:10:14.720+0000] {processor.py:161} INFO - Started process (PID=4885) to work on /home/airflow/.local/lib/python3.12/site-packages/airflow/example_dags/example_display_name.py
[2024-08-15T00:10:14.721+0000] {processor.py:830} INFO - Processing file /home/airflow/.local/lib/python3.12/site-packages/airflow/example_dags/example_display_name.py for tasks to queue
[2024-08-15T00:10:14.722+0000] {logging_mixin.py:188} INFO - [2024-08-15T00:10:14.722+0000] {dagbag.py:540} INFO - Filling up the DagBag from /home/airflow/.local/lib/python3.12/site-packages/airflow/example_dags/example_display_name.py
[2024-08-15T00:10:14.725+0000] {processor.py:840} INFO - DAG(s) 'example_display_name' retrieved from /home/airflow/.local/lib/python3.12/site-packages/airflow/example_dags/example_display_name.py
[2024-08-15T00:10:14.735+0000] {logging_mixin.py:188} INFO - [2024-08-15T00:10:14.735+0000] {dag.py:3096} INFO - Sync 1 DAGs
[2024-08-15T00:10:14.742+0000] {logging_mixin.py:188} INFO - [2024-08-15T00:10:14.742+0000] {dag.py:3954} INFO - Setting next_dagrun for example_display_name to None, run_after=None
[2024-08-15T00:10:14.752+0000] {processor.py:183} INFO - Processing /home/airflow/.local/lib/python3.12/site-packages/airflow/example_dags/example_display_name.py took 0.034 seconds
[2024-08-15T00:10:45.306+0000] {processor.py:161} INFO - Started process (PID=4943) to work on /home/airflow/.local/lib/python3.12/site-packages/airflow/example_dags/example_display_name.py
[2024-08-15T00:10:45.307+0000] {processor.py:830} INFO - Processing file /home/airflow/.local/lib/python3.12/site-packages/airflow/example_dags/example_display_name.py for tasks to queue
[2024-08-15T00:10:45.308+0000] {logging_mixin.py:188} INFO - [2024-08-15T00:10:45.307+0000] {dagbag.py:540} INFO - Filling up the DagBag from /home/airflow/.local/lib/python3.12/site-packages/airflow/example_dags/example_display_name.py
[2024-08-15T00:10:45.310+0000] {processor.py:840} INFO - DAG(s) 'example_display_name' retrieved from /home/airflow/.local/lib/python3.12/site-packages/airflow/example_dags/example_display_name.py
[2024-08-15T00:10:45.321+0000] {logging_mixin.py:188} INFO - [2024-08-15T00:10:45.321+0000] {dag.py:3096} INFO - Sync 1 DAGs
[2024-08-15T00:10:45.328+0000] {logging_mixin.py:188} INFO - [2024-08-15T00:10:45.328+0000] {dag.py:3954} INFO - Setting next_dagrun for example_display_name to None, run_after=None
[2024-08-15T00:10:45.337+0000] {processor.py:183} INFO - Processing /home/airflow/.local/lib/python3.12/site-packages/airflow/example_dags/example_display_name.py took 0.034 seconds
[2024-08-15T00:11:15.917+0000] {processor.py:161} INFO - Started process (PID=5001) to work on /home/airflow/.local/lib/python3.12/site-packages/airflow/example_dags/example_display_name.py
[2024-08-15T00:11:15.918+0000] {processor.py:830} INFO - Processing file /home/airflow/.local/lib/python3.12/site-packages/airflow/example_dags/example_display_name.py for tasks to queue
[2024-08-15T00:11:15.919+0000] {logging_mixin.py:188} INFO - [2024-08-15T00:11:15.918+0000] {dagbag.py:540} INFO - Filling up the DagBag from /home/airflow/.local/lib/python3.12/site-packages/airflow/example_dags/example_display_name.py
[2024-08-15T00:11:15.921+0000] {processor.py:840} INFO - DAG(s) 'example_display_name' retrieved from /home/airflow/.local/lib/python3.12/site-packages/airflow/example_dags/example_display_name.py
[2024-08-15T00:11:15.933+0000] {logging_mixin.py:188} INFO - [2024-08-15T00:11:15.933+0000] {dag.py:3096} INFO - Sync 1 DAGs
[2024-08-15T00:11:15.940+0000] {logging_mixin.py:188} INFO - [2024-08-15T00:11:15.940+0000] {dag.py:3954} INFO - Setting next_dagrun for example_display_name to None, run_after=None
[2024-08-15T00:11:15.951+0000] {processor.py:183} INFO - Processing /home/airflow/.local/lib/python3.12/site-packages/airflow/example_dags/example_display_name.py took 0.037 seconds
