[2024-08-15T00:00:05.709+0000] {processor.py:161} INFO - Started process (PID=3752) to work on /home/airflow/.local/lib/python3.12/site-packages/airflow/example_dags/example_branch_day_of_week_operator.py
[2024-08-15T00:00:05.710+0000] {processor.py:830} INFO - Processing file /home/airflow/.local/lib/python3.12/site-packages/airflow/example_dags/example_branch_day_of_week_operator.py for tasks to queue
[2024-08-15T00:00:05.711+0000] {logging_mixin.py:188} INFO - [2024-08-15T00:00:05.710+0000] {dagbag.py:540} INFO - Filling up the DagBag from /home/airflow/.local/lib/python3.12/site-packages/airflow/example_dags/example_branch_day_of_week_operator.py
[2024-08-15T00:00:05.715+0000] {processor.py:840} INFO - DAG(s) 'example_weekday_branch_operator' retrieved from /home/airflow/.local/lib/python3.12/site-packages/airflow/example_dags/example_branch_day_of_week_operator.py
[2024-08-15T00:00:05.726+0000] {logging_mixin.py:188} INFO - [2024-08-15T00:00:05.725+0000] {dag.py:3096} INFO - Sync 1 DAGs
[2024-08-15T00:00:05.737+0000] {logging_mixin.py:188} INFO - [2024-08-15T00:00:05.737+0000] {dag.py:3954} INFO - Setting next_dagrun for example_weekday_branch_operator to 2024-08-14 00:00:00+00:00, run_after=2024-08-15 00:00:00+00:00
[2024-08-15T00:00:05.747+0000] {processor.py:183} INFO - Processing /home/airflow/.local/lib/python3.12/site-packages/airflow/example_dags/example_branch_day_of_week_operator.py took 0.041 seconds
[2024-08-15T00:00:36.377+0000] {processor.py:161} INFO - Started process (PID=3810) to work on /home/airflow/.local/lib/python3.12/site-packages/airflow/example_dags/example_branch_day_of_week_operator.py
[2024-08-15T00:00:36.378+0000] {processor.py:830} INFO - Processing file /home/airflow/.local/lib/python3.12/site-packages/airflow/example_dags/example_branch_day_of_week_operator.py for tasks to queue
[2024-08-15T00:00:36.379+0000] {logging_mixin.py:188} INFO - [2024-08-15T00:00:36.378+0000] {dagbag.py:540} INFO - Filling up the DagBag from /home/airflow/.local/lib/python3.12/site-packages/airflow/example_dags/example_branch_day_of_week_operator.py
[2024-08-15T00:00:36.383+0000] {processor.py:840} INFO - DAG(s) 'example_weekday_branch_operator' retrieved from /home/airflow/.local/lib/python3.12/site-packages/airflow/example_dags/example_branch_day_of_week_operator.py
[2024-08-15T00:00:36.394+0000] {logging_mixin.py:188} INFO - [2024-08-15T00:00:36.393+0000] {dag.py:3096} INFO - Sync 1 DAGs
[2024-08-15T00:00:36.405+0000] {logging_mixin.py:188} INFO - [2024-08-15T00:00:36.404+0000] {dag.py:3954} INFO - Setting next_dagrun for example_weekday_branch_operator to 2024-08-14 00:00:00+00:00, run_after=2024-08-15 00:00:00+00:00
[2024-08-15T00:00:36.413+0000] {processor.py:183} INFO - Processing /home/airflow/.local/lib/python3.12/site-packages/airflow/example_dags/example_branch_day_of_week_operator.py took 0.039 seconds
[2024-08-15T00:01:07.030+0000] {processor.py:161} INFO - Started process (PID=3868) to work on /home/airflow/.local/lib/python3.12/site-packages/airflow/example_dags/example_branch_day_of_week_operator.py
[2024-08-15T00:01:07.031+0000] {processor.py:830} INFO - Processing file /home/airflow/.local/lib/python3.12/site-packages/airflow/example_dags/example_branch_day_of_week_operator.py for tasks to queue
[2024-08-15T00:01:07.032+0000] {logging_mixin.py:188} INFO - [2024-08-15T00:01:07.032+0000] {dagbag.py:540} INFO - Filling up the DagBag from /home/airflow/.local/lib/python3.12/site-packages/airflow/example_dags/example_branch_day_of_week_operator.py
[2024-08-15T00:01:07.036+0000] {processor.py:840} INFO - DAG(s) 'example_weekday_branch_operator' retrieved from /home/airflow/.local/lib/python3.12/site-packages/airflow/example_dags/example_branch_day_of_week_operator.py
[2024-08-15T00:01:07.048+0000] {logging_mixin.py:188} INFO - [2024-08-15T00:01:07.048+0000] {dag.py:3096} INFO - Sync 1 DAGs
[2024-08-15T00:01:07.061+0000] {logging_mixin.py:188} INFO - [2024-08-15T00:01:07.060+0000] {dag.py:3954} INFO - Setting next_dagrun for example_weekday_branch_operator to 2024-08-14 00:00:00+00:00, run_after=2024-08-15 00:00:00+00:00
[2024-08-15T00:01:07.072+0000] {processor.py:183} INFO - Processing /home/airflow/.local/lib/python3.12/site-packages/airflow/example_dags/example_branch_day_of_week_operator.py took 0.045 seconds
[2024-08-15T00:01:37.724+0000] {processor.py:161} INFO - Started process (PID=3926) to work on /home/airflow/.local/lib/python3.12/site-packages/airflow/example_dags/example_branch_day_of_week_operator.py
[2024-08-15T00:01:37.724+0000] {processor.py:830} INFO - Processing file /home/airflow/.local/lib/python3.12/site-packages/airflow/example_dags/example_branch_day_of_week_operator.py for tasks to queue
[2024-08-15T00:01:37.725+0000] {logging_mixin.py:188} INFO - [2024-08-15T00:01:37.725+0000] {dagbag.py:540} INFO - Filling up the DagBag from /home/airflow/.local/lib/python3.12/site-packages/airflow/example_dags/example_branch_day_of_week_operator.py
[2024-08-15T00:01:37.729+0000] {processor.py:840} INFO - DAG(s) 'example_weekday_branch_operator' retrieved from /home/airflow/.local/lib/python3.12/site-packages/airflow/example_dags/example_branch_day_of_week_operator.py
[2024-08-15T00:01:37.742+0000] {logging_mixin.py:188} INFO - [2024-08-15T00:01:37.742+0000] {dag.py:3096} INFO - Sync 1 DAGs
[2024-08-15T00:01:37.754+0000] {logging_mixin.py:188} INFO - [2024-08-15T00:01:37.754+0000] {dag.py:3954} INFO - Setting next_dagrun for example_weekday_branch_operator to 2024-08-14 00:00:00+00:00, run_after=2024-08-15 00:00:00+00:00
[2024-08-15T00:01:37.763+0000] {processor.py:183} INFO - Processing /home/airflow/.local/lib/python3.12/site-packages/airflow/example_dags/example_branch_day_of_week_operator.py took 0.043 seconds
[2024-08-15T00:02:08.306+0000] {processor.py:161} INFO - Started process (PID=3984) to work on /home/airflow/.local/lib/python3.12/site-packages/airflow/example_dags/example_branch_day_of_week_operator.py
[2024-08-15T00:02:08.306+0000] {processor.py:830} INFO - Processing file /home/airflow/.local/lib/python3.12/site-packages/airflow/example_dags/example_branch_day_of_week_operator.py for tasks to queue
[2024-08-15T00:02:08.307+0000] {logging_mixin.py:188} INFO - [2024-08-15T00:02:08.307+0000] {dagbag.py:540} INFO - Filling up the DagBag from /home/airflow/.local/lib/python3.12/site-packages/airflow/example_dags/example_branch_day_of_week_operator.py
[2024-08-15T00:02:08.311+0000] {processor.py:840} INFO - DAG(s) 'example_weekday_branch_operator' retrieved from /home/airflow/.local/lib/python3.12/site-packages/airflow/example_dags/example_branch_day_of_week_operator.py
[2024-08-15T00:02:08.324+0000] {logging_mixin.py:188} INFO - [2024-08-15T00:02:08.323+0000] {dag.py:3096} INFO - Sync 1 DAGs
[2024-08-15T00:02:08.336+0000] {logging_mixin.py:188} INFO - [2024-08-15T00:02:08.335+0000] {dag.py:3954} INFO - Setting next_dagrun for example_weekday_branch_operator to 2024-08-14 00:00:00+00:00, run_after=2024-08-15 00:00:00+00:00
[2024-08-15T00:02:08.345+0000] {processor.py:183} INFO - Processing /home/airflow/.local/lib/python3.12/site-packages/airflow/example_dags/example_branch_day_of_week_operator.py took 0.043 seconds
[2024-08-15T00:02:38.984+0000] {processor.py:161} INFO - Started process (PID=4042) to work on /home/airflow/.local/lib/python3.12/site-packages/airflow/example_dags/example_branch_day_of_week_operator.py
[2024-08-15T00:02:38.984+0000] {processor.py:830} INFO - Processing file /home/airflow/.local/lib/python3.12/site-packages/airflow/example_dags/example_branch_day_of_week_operator.py for tasks to queue
[2024-08-15T00:02:38.985+0000] {logging_mixin.py:188} INFO - [2024-08-15T00:02:38.985+0000] {dagbag.py:540} INFO - Filling up the DagBag from /home/airflow/.local/lib/python3.12/site-packages/airflow/example_dags/example_branch_day_of_week_operator.py
[2024-08-15T00:02:38.989+0000] {processor.py:840} INFO - DAG(s) 'example_weekday_branch_operator' retrieved from /home/airflow/.local/lib/python3.12/site-packages/airflow/example_dags/example_branch_day_of_week_operator.py
[2024-08-15T00:02:39.001+0000] {logging_mixin.py:188} INFO - [2024-08-15T00:02:39.001+0000] {dag.py:3096} INFO - Sync 1 DAGs
[2024-08-15T00:02:39.013+0000] {logging_mixin.py:188} INFO - [2024-08-15T00:02:39.013+0000] {dag.py:3954} INFO - Setting next_dagrun for example_weekday_branch_operator to 2024-08-14 00:00:00+00:00, run_after=2024-08-15 00:00:00+00:00
[2024-08-15T00:02:39.022+0000] {processor.py:183} INFO - Processing /home/airflow/.local/lib/python3.12/site-packages/airflow/example_dags/example_branch_day_of_week_operator.py took 0.042 seconds
[2024-08-15T00:03:09.529+0000] {processor.py:161} INFO - Started process (PID=4100) to work on /home/airflow/.local/lib/python3.12/site-packages/airflow/example_dags/example_branch_day_of_week_operator.py
[2024-08-15T00:03:09.530+0000] {processor.py:830} INFO - Processing file /home/airflow/.local/lib/python3.12/site-packages/airflow/example_dags/example_branch_day_of_week_operator.py for tasks to queue
[2024-08-15T00:03:09.531+0000] {logging_mixin.py:188} INFO - [2024-08-15T00:03:09.531+0000] {dagbag.py:540} INFO - Filling up the DagBag from /home/airflow/.local/lib/python3.12/site-packages/airflow/example_dags/example_branch_day_of_week_operator.py
[2024-08-15T00:03:09.535+0000] {processor.py:840} INFO - DAG(s) 'example_weekday_branch_operator' retrieved from /home/airflow/.local/lib/python3.12/site-packages/airflow/example_dags/example_branch_day_of_week_operator.py
[2024-08-15T00:03:09.548+0000] {logging_mixin.py:188} INFO - [2024-08-15T00:03:09.548+0000] {dag.py:3096} INFO - Sync 1 DAGs
[2024-08-15T00:03:09.561+0000] {logging_mixin.py:188} INFO - [2024-08-15T00:03:09.561+0000] {dag.py:3954} INFO - Setting next_dagrun for example_weekday_branch_operator to 2024-08-14 00:00:00+00:00, run_after=2024-08-15 00:00:00+00:00
[2024-08-15T00:03:09.571+0000] {processor.py:183} INFO - Processing /home/airflow/.local/lib/python3.12/site-packages/airflow/example_dags/example_branch_day_of_week_operator.py took 0.045 seconds
[2024-08-15T00:03:40.199+0000] {processor.py:161} INFO - Started process (PID=4158) to work on /home/airflow/.local/lib/python3.12/site-packages/airflow/example_dags/example_branch_day_of_week_operator.py
[2024-08-15T00:03:40.199+0000] {processor.py:830} INFO - Processing file /home/airflow/.local/lib/python3.12/site-packages/airflow/example_dags/example_branch_day_of_week_operator.py for tasks to queue
[2024-08-15T00:03:40.200+0000] {logging_mixin.py:188} INFO - [2024-08-15T00:03:40.200+0000] {dagbag.py:540} INFO - Filling up the DagBag from /home/airflow/.local/lib/python3.12/site-packages/airflow/example_dags/example_branch_day_of_week_operator.py
[2024-08-15T00:03:40.205+0000] {processor.py:840} INFO - DAG(s) 'example_weekday_branch_operator' retrieved from /home/airflow/.local/lib/python3.12/site-packages/airflow/example_dags/example_branch_day_of_week_operator.py
[2024-08-15T00:03:40.216+0000] {logging_mixin.py:188} INFO - [2024-08-15T00:03:40.216+0000] {dag.py:3096} INFO - Sync 1 DAGs
[2024-08-15T00:03:40.228+0000] {logging_mixin.py:188} INFO - [2024-08-15T00:03:40.228+0000] {dag.py:3954} INFO - Setting next_dagrun for example_weekday_branch_operator to 2024-08-14 00:00:00+00:00, run_after=2024-08-15 00:00:00+00:00
[2024-08-15T00:03:40.238+0000] {processor.py:183} INFO - Processing /home/airflow/.local/lib/python3.12/site-packages/airflow/example_dags/example_branch_day_of_week_operator.py took 0.042 seconds
[2024-08-15T00:04:10.864+0000] {processor.py:161} INFO - Started process (PID=4216) to work on /home/airflow/.local/lib/python3.12/site-packages/airflow/example_dags/example_branch_day_of_week_operator.py
[2024-08-15T00:04:10.865+0000] {processor.py:830} INFO - Processing file /home/airflow/.local/lib/python3.12/site-packages/airflow/example_dags/example_branch_day_of_week_operator.py for tasks to queue
[2024-08-15T00:04:10.866+0000] {logging_mixin.py:188} INFO - [2024-08-15T00:04:10.866+0000] {dagbag.py:540} INFO - Filling up the DagBag from /home/airflow/.local/lib/python3.12/site-packages/airflow/example_dags/example_branch_day_of_week_operator.py
[2024-08-15T00:04:10.870+0000] {processor.py:840} INFO - DAG(s) 'example_weekday_branch_operator' retrieved from /home/airflow/.local/lib/python3.12/site-packages/airflow/example_dags/example_branch_day_of_week_operator.py
[2024-08-15T00:04:10.882+0000] {logging_mixin.py:188} INFO - [2024-08-15T00:04:10.882+0000] {dag.py:3096} INFO - Sync 1 DAGs
[2024-08-15T00:04:10.894+0000] {logging_mixin.py:188} INFO - [2024-08-15T00:04:10.894+0000] {dag.py:3954} INFO - Setting next_dagrun for example_weekday_branch_operator to 2024-08-14 00:00:00+00:00, run_after=2024-08-15 00:00:00+00:00
[2024-08-15T00:04:10.903+0000] {processor.py:183} INFO - Processing /home/airflow/.local/lib/python3.12/site-packages/airflow/example_dags/example_branch_day_of_week_operator.py took 0.042 seconds
[2024-08-15T00:04:41.545+0000] {processor.py:161} INFO - Started process (PID=4274) to work on /home/airflow/.local/lib/python3.12/site-packages/airflow/example_dags/example_branch_day_of_week_operator.py
[2024-08-15T00:04:41.545+0000] {processor.py:830} INFO - Processing file /home/airflow/.local/lib/python3.12/site-packages/airflow/example_dags/example_branch_day_of_week_operator.py for tasks to queue
[2024-08-15T00:04:41.546+0000] {logging_mixin.py:188} INFO - [2024-08-15T00:04:41.546+0000] {dagbag.py:540} INFO - Filling up the DagBag from /home/airflow/.local/lib/python3.12/site-packages/airflow/example_dags/example_branch_day_of_week_operator.py
[2024-08-15T00:04:41.551+0000] {processor.py:840} INFO - DAG(s) 'example_weekday_branch_operator' retrieved from /home/airflow/.local/lib/python3.12/site-packages/airflow/example_dags/example_branch_day_of_week_operator.py
[2024-08-15T00:04:41.563+0000] {logging_mixin.py:188} INFO - [2024-08-15T00:04:41.563+0000] {dag.py:3096} INFO - Sync 1 DAGs
[2024-08-15T00:04:41.576+0000] {logging_mixin.py:188} INFO - [2024-08-15T00:04:41.576+0000] {dag.py:3954} INFO - Setting next_dagrun for example_weekday_branch_operator to 2024-08-14 00:00:00+00:00, run_after=2024-08-15 00:00:00+00:00
[2024-08-15T00:04:41.585+0000] {processor.py:183} INFO - Processing /home/airflow/.local/lib/python3.12/site-packages/airflow/example_dags/example_branch_day_of_week_operator.py took 0.044 seconds
[2024-08-15T00:05:12.176+0000] {processor.py:161} INFO - Started process (PID=4332) to work on /home/airflow/.local/lib/python3.12/site-packages/airflow/example_dags/example_branch_day_of_week_operator.py
[2024-08-15T00:05:12.177+0000] {processor.py:830} INFO - Processing file /home/airflow/.local/lib/python3.12/site-packages/airflow/example_dags/example_branch_day_of_week_operator.py for tasks to queue
[2024-08-15T00:05:12.178+0000] {logging_mixin.py:188} INFO - [2024-08-15T00:05:12.177+0000] {dagbag.py:540} INFO - Filling up the DagBag from /home/airflow/.local/lib/python3.12/site-packages/airflow/example_dags/example_branch_day_of_week_operator.py
[2024-08-15T00:05:12.182+0000] {processor.py:840} INFO - DAG(s) 'example_weekday_branch_operator' retrieved from /home/airflow/.local/lib/python3.12/site-packages/airflow/example_dags/example_branch_day_of_week_operator.py
[2024-08-15T00:05:12.194+0000] {logging_mixin.py:188} INFO - [2024-08-15T00:05:12.194+0000] {dag.py:3096} INFO - Sync 1 DAGs
[2024-08-15T00:05:12.205+0000] {logging_mixin.py:188} INFO - [2024-08-15T00:05:12.205+0000] {dag.py:3954} INFO - Setting next_dagrun for example_weekday_branch_operator to 2024-08-14 00:00:00+00:00, run_after=2024-08-15 00:00:00+00:00
[2024-08-15T00:05:12.215+0000] {processor.py:183} INFO - Processing /home/airflow/.local/lib/python3.12/site-packages/airflow/example_dags/example_branch_day_of_week_operator.py took 0.042 seconds
[2024-08-15T00:05:42.848+0000] {processor.py:161} INFO - Started process (PID=4390) to work on /home/airflow/.local/lib/python3.12/site-packages/airflow/example_dags/example_branch_day_of_week_operator.py
[2024-08-15T00:05:42.849+0000] {processor.py:830} INFO - Processing file /home/airflow/.local/lib/python3.12/site-packages/airflow/example_dags/example_branch_day_of_week_operator.py for tasks to queue
[2024-08-15T00:05:42.850+0000] {logging_mixin.py:188} INFO - [2024-08-15T00:05:42.850+0000] {dagbag.py:540} INFO - Filling up the DagBag from /home/airflow/.local/lib/python3.12/site-packages/airflow/example_dags/example_branch_day_of_week_operator.py
[2024-08-15T00:05:42.854+0000] {processor.py:840} INFO - DAG(s) 'example_weekday_branch_operator' retrieved from /home/airflow/.local/lib/python3.12/site-packages/airflow/example_dags/example_branch_day_of_week_operator.py
[2024-08-15T00:05:42.866+0000] {logging_mixin.py:188} INFO - [2024-08-15T00:05:42.866+0000] {dag.py:3096} INFO - Sync 1 DAGs
[2024-08-15T00:05:42.879+0000] {logging_mixin.py:188} INFO - [2024-08-15T00:05:42.879+0000] {dag.py:3954} INFO - Setting next_dagrun for example_weekday_branch_operator to 2024-08-14 00:00:00+00:00, run_after=2024-08-15 00:00:00+00:00
[2024-08-15T00:05:42.889+0000] {processor.py:183} INFO - Processing /home/airflow/.local/lib/python3.12/site-packages/airflow/example_dags/example_branch_day_of_week_operator.py took 0.044 seconds
[2024-08-15T00:06:13.536+0000] {processor.py:161} INFO - Started process (PID=4448) to work on /home/airflow/.local/lib/python3.12/site-packages/airflow/example_dags/example_branch_day_of_week_operator.py
[2024-08-15T00:06:13.537+0000] {processor.py:830} INFO - Processing file /home/airflow/.local/lib/python3.12/site-packages/airflow/example_dags/example_branch_day_of_week_operator.py for tasks to queue
[2024-08-15T00:06:13.538+0000] {logging_mixin.py:188} INFO - [2024-08-15T00:06:13.537+0000] {dagbag.py:540} INFO - Filling up the DagBag from /home/airflow/.local/lib/python3.12/site-packages/airflow/example_dags/example_branch_day_of_week_operator.py
[2024-08-15T00:06:13.542+0000] {processor.py:840} INFO - DAG(s) 'example_weekday_branch_operator' retrieved from /home/airflow/.local/lib/python3.12/site-packages/airflow/example_dags/example_branch_day_of_week_operator.py
[2024-08-15T00:06:13.553+0000] {logging_mixin.py:188} INFO - [2024-08-15T00:06:13.553+0000] {dag.py:3096} INFO - Sync 1 DAGs
[2024-08-15T00:06:13.565+0000] {logging_mixin.py:188} INFO - [2024-08-15T00:06:13.565+0000] {dag.py:3954} INFO - Setting next_dagrun for example_weekday_branch_operator to 2024-08-14 00:00:00+00:00, run_after=2024-08-15 00:00:00+00:00
[2024-08-15T00:06:13.575+0000] {processor.py:183} INFO - Processing /home/airflow/.local/lib/python3.12/site-packages/airflow/example_dags/example_branch_day_of_week_operator.py took 0.042 seconds
[2024-08-15T00:06:44.145+0000] {processor.py:161} INFO - Started process (PID=4506) to work on /home/airflow/.local/lib/python3.12/site-packages/airflow/example_dags/example_branch_day_of_week_operator.py
[2024-08-15T00:06:44.146+0000] {processor.py:830} INFO - Processing file /home/airflow/.local/lib/python3.12/site-packages/airflow/example_dags/example_branch_day_of_week_operator.py for tasks to queue
[2024-08-15T00:06:44.147+0000] {logging_mixin.py:188} INFO - [2024-08-15T00:06:44.146+0000] {dagbag.py:540} INFO - Filling up the DagBag from /home/airflow/.local/lib/python3.12/site-packages/airflow/example_dags/example_branch_day_of_week_operator.py
[2024-08-15T00:06:44.151+0000] {processor.py:840} INFO - DAG(s) 'example_weekday_branch_operator' retrieved from /home/airflow/.local/lib/python3.12/site-packages/airflow/example_dags/example_branch_day_of_week_operator.py
[2024-08-15T00:06:44.164+0000] {logging_mixin.py:188} INFO - [2024-08-15T00:06:44.164+0000] {dag.py:3096} INFO - Sync 1 DAGs
[2024-08-15T00:06:44.177+0000] {logging_mixin.py:188} INFO - [2024-08-15T00:06:44.177+0000] {dag.py:3954} INFO - Setting next_dagrun for example_weekday_branch_operator to 2024-08-14 00:00:00+00:00, run_after=2024-08-15 00:00:00+00:00
[2024-08-15T00:06:44.187+0000] {processor.py:183} INFO - Processing /home/airflow/.local/lib/python3.12/site-packages/airflow/example_dags/example_branch_day_of_week_operator.py took 0.045 seconds
[2024-08-15T00:07:14.689+0000] {processor.py:161} INFO - Started process (PID=4564) to work on /home/airflow/.local/lib/python3.12/site-packages/airflow/example_dags/example_branch_day_of_week_operator.py
[2024-08-15T00:07:14.690+0000] {processor.py:830} INFO - Processing file /home/airflow/.local/lib/python3.12/site-packages/airflow/example_dags/example_branch_day_of_week_operator.py for tasks to queue
[2024-08-15T00:07:14.691+0000] {logging_mixin.py:188} INFO - [2024-08-15T00:07:14.690+0000] {dagbag.py:540} INFO - Filling up the DagBag from /home/airflow/.local/lib/python3.12/site-packages/airflow/example_dags/example_branch_day_of_week_operator.py
[2024-08-15T00:07:14.694+0000] {processor.py:840} INFO - DAG(s) 'example_weekday_branch_operator' retrieved from /home/airflow/.local/lib/python3.12/site-packages/airflow/example_dags/example_branch_day_of_week_operator.py
[2024-08-15T00:07:14.706+0000] {logging_mixin.py:188} INFO - [2024-08-15T00:07:14.706+0000] {dag.py:3096} INFO - Sync 1 DAGs
[2024-08-15T00:07:14.718+0000] {logging_mixin.py:188} INFO - [2024-08-15T00:07:14.718+0000] {dag.py:3954} INFO - Setting next_dagrun for example_weekday_branch_operator to 2024-08-14 00:00:00+00:00, run_after=2024-08-15 00:00:00+00:00
[2024-08-15T00:07:14.727+0000] {processor.py:183} INFO - Processing /home/airflow/.local/lib/python3.12/site-packages/airflow/example_dags/example_branch_day_of_week_operator.py took 0.040 seconds
[2024-08-15T00:07:45.307+0000] {processor.py:161} INFO - Started process (PID=4622) to work on /home/airflow/.local/lib/python3.12/site-packages/airflow/example_dags/example_branch_day_of_week_operator.py
[2024-08-15T00:07:45.307+0000] {processor.py:830} INFO - Processing file /home/airflow/.local/lib/python3.12/site-packages/airflow/example_dags/example_branch_day_of_week_operator.py for tasks to queue
[2024-08-15T00:07:45.308+0000] {logging_mixin.py:188} INFO - [2024-08-15T00:07:45.308+0000] {dagbag.py:540} INFO - Filling up the DagBag from /home/airflow/.local/lib/python3.12/site-packages/airflow/example_dags/example_branch_day_of_week_operator.py
[2024-08-15T00:07:45.313+0000] {processor.py:840} INFO - DAG(s) 'example_weekday_branch_operator' retrieved from /home/airflow/.local/lib/python3.12/site-packages/airflow/example_dags/example_branch_day_of_week_operator.py
[2024-08-15T00:07:45.325+0000] {logging_mixin.py:188} INFO - [2024-08-15T00:07:45.325+0000] {dag.py:3096} INFO - Sync 1 DAGs
[2024-08-15T00:07:45.337+0000] {logging_mixin.py:188} INFO - [2024-08-15T00:07:45.337+0000] {dag.py:3954} INFO - Setting next_dagrun for example_weekday_branch_operator to 2024-08-14 00:00:00+00:00, run_after=2024-08-15 00:00:00+00:00
[2024-08-15T00:07:45.347+0000] {processor.py:183} INFO - Processing /home/airflow/.local/lib/python3.12/site-packages/airflow/example_dags/example_branch_day_of_week_operator.py took 0.044 seconds
[2024-08-15T00:08:15.996+0000] {processor.py:161} INFO - Started process (PID=4680) to work on /home/airflow/.local/lib/python3.12/site-packages/airflow/example_dags/example_branch_day_of_week_operator.py
[2024-08-15T00:08:15.997+0000] {processor.py:830} INFO - Processing file /home/airflow/.local/lib/python3.12/site-packages/airflow/example_dags/example_branch_day_of_week_operator.py for tasks to queue
[2024-08-15T00:08:15.998+0000] {logging_mixin.py:188} INFO - [2024-08-15T00:08:15.998+0000] {dagbag.py:540} INFO - Filling up the DagBag from /home/airflow/.local/lib/python3.12/site-packages/airflow/example_dags/example_branch_day_of_week_operator.py
[2024-08-15T00:08:16.002+0000] {processor.py:840} INFO - DAG(s) 'example_weekday_branch_operator' retrieved from /home/airflow/.local/lib/python3.12/site-packages/airflow/example_dags/example_branch_day_of_week_operator.py
[2024-08-15T00:08:16.013+0000] {logging_mixin.py:188} INFO - [2024-08-15T00:08:16.013+0000] {dag.py:3096} INFO - Sync 1 DAGs
[2024-08-15T00:08:16.026+0000] {logging_mixin.py:188} INFO - [2024-08-15T00:08:16.026+0000] {dag.py:3954} INFO - Setting next_dagrun for example_weekday_branch_operator to 2024-08-14 00:00:00+00:00, run_after=2024-08-15 00:00:00+00:00
[2024-08-15T00:08:16.036+0000] {processor.py:183} INFO - Processing /home/airflow/.local/lib/python3.12/site-packages/airflow/example_dags/example_branch_day_of_week_operator.py took 0.043 seconds
[2024-08-15T00:08:46.588+0000] {processor.py:161} INFO - Started process (PID=4738) to work on /home/airflow/.local/lib/python3.12/site-packages/airflow/example_dags/example_branch_day_of_week_operator.py
[2024-08-15T00:08:46.589+0000] {processor.py:830} INFO - Processing file /home/airflow/.local/lib/python3.12/site-packages/airflow/example_dags/example_branch_day_of_week_operator.py for tasks to queue
[2024-08-15T00:08:46.590+0000] {logging_mixin.py:188} INFO - [2024-08-15T00:08:46.590+0000] {dagbag.py:540} INFO - Filling up the DagBag from /home/airflow/.local/lib/python3.12/site-packages/airflow/example_dags/example_branch_day_of_week_operator.py
[2024-08-15T00:08:46.594+0000] {processor.py:840} INFO - DAG(s) 'example_weekday_branch_operator' retrieved from /home/airflow/.local/lib/python3.12/site-packages/airflow/example_dags/example_branch_day_of_week_operator.py
[2024-08-15T00:08:46.607+0000] {logging_mixin.py:188} INFO - [2024-08-15T00:08:46.607+0000] {dag.py:3096} INFO - Sync 1 DAGs
[2024-08-15T00:08:46.620+0000] {logging_mixin.py:188} INFO - [2024-08-15T00:08:46.620+0000] {dag.py:3954} INFO - Setting next_dagrun for example_weekday_branch_operator to 2024-08-14 00:00:00+00:00, run_after=2024-08-15 00:00:00+00:00
[2024-08-15T00:08:46.629+0000] {processor.py:183} INFO - Processing /home/airflow/.local/lib/python3.12/site-packages/airflow/example_dags/example_branch_day_of_week_operator.py took 0.045 seconds
[2024-08-15T00:09:17.272+0000] {processor.py:161} INFO - Started process (PID=4796) to work on /home/airflow/.local/lib/python3.12/site-packages/airflow/example_dags/example_branch_day_of_week_operator.py
[2024-08-15T00:09:17.272+0000] {processor.py:830} INFO - Processing file /home/airflow/.local/lib/python3.12/site-packages/airflow/example_dags/example_branch_day_of_week_operator.py for tasks to queue
[2024-08-15T00:09:17.273+0000] {logging_mixin.py:188} INFO - [2024-08-15T00:09:17.273+0000] {dagbag.py:540} INFO - Filling up the DagBag from /home/airflow/.local/lib/python3.12/site-packages/airflow/example_dags/example_branch_day_of_week_operator.py
[2024-08-15T00:09:17.277+0000] {processor.py:840} INFO - DAG(s) 'example_weekday_branch_operator' retrieved from /home/airflow/.local/lib/python3.12/site-packages/airflow/example_dags/example_branch_day_of_week_operator.py
[2024-08-15T00:09:17.289+0000] {logging_mixin.py:188} INFO - [2024-08-15T00:09:17.289+0000] {dag.py:3096} INFO - Sync 1 DAGs
[2024-08-15T00:09:17.303+0000] {logging_mixin.py:188} INFO - [2024-08-15T00:09:17.303+0000] {dag.py:3954} INFO - Setting next_dagrun for example_weekday_branch_operator to 2024-08-14 00:00:00+00:00, run_after=2024-08-15 00:00:00+00:00
[2024-08-15T00:09:17.312+0000] {processor.py:183} INFO - Processing /home/airflow/.local/lib/python3.12/site-packages/airflow/example_dags/example_branch_day_of_week_operator.py took 0.044 seconds
[2024-08-15T00:09:47.924+0000] {processor.py:161} INFO - Started process (PID=4854) to work on /home/airflow/.local/lib/python3.12/site-packages/airflow/example_dags/example_branch_day_of_week_operator.py
[2024-08-15T00:09:47.925+0000] {processor.py:830} INFO - Processing file /home/airflow/.local/lib/python3.12/site-packages/airflow/example_dags/example_branch_day_of_week_operator.py for tasks to queue
[2024-08-15T00:09:47.926+0000] {logging_mixin.py:188} INFO - [2024-08-15T00:09:47.925+0000] {dagbag.py:540} INFO - Filling up the DagBag from /home/airflow/.local/lib/python3.12/site-packages/airflow/example_dags/example_branch_day_of_week_operator.py
[2024-08-15T00:09:47.930+0000] {processor.py:840} INFO - DAG(s) 'example_weekday_branch_operator' retrieved from /home/airflow/.local/lib/python3.12/site-packages/airflow/example_dags/example_branch_day_of_week_operator.py
[2024-08-15T00:09:47.941+0000] {logging_mixin.py:188} INFO - [2024-08-15T00:09:47.941+0000] {dag.py:3096} INFO - Sync 1 DAGs
[2024-08-15T00:09:47.955+0000] {logging_mixin.py:188} INFO - [2024-08-15T00:09:47.954+0000] {dag.py:3954} INFO - Setting next_dagrun for example_weekday_branch_operator to 2024-08-14 00:00:00+00:00, run_after=2024-08-15 00:00:00+00:00
[2024-08-15T00:09:47.966+0000] {processor.py:183} INFO - Processing /home/airflow/.local/lib/python3.12/site-packages/airflow/example_dags/example_branch_day_of_week_operator.py took 0.045 seconds
[2024-08-15T00:10:18.540+0000] {processor.py:161} INFO - Started process (PID=4912) to work on /home/airflow/.local/lib/python3.12/site-packages/airflow/example_dags/example_branch_day_of_week_operator.py
[2024-08-15T00:10:18.540+0000] {processor.py:830} INFO - Processing file /home/airflow/.local/lib/python3.12/site-packages/airflow/example_dags/example_branch_day_of_week_operator.py for tasks to queue
[2024-08-15T00:10:18.541+0000] {logging_mixin.py:188} INFO - [2024-08-15T00:10:18.541+0000] {dagbag.py:540} INFO - Filling up the DagBag from /home/airflow/.local/lib/python3.12/site-packages/airflow/example_dags/example_branch_day_of_week_operator.py
[2024-08-15T00:10:18.545+0000] {processor.py:840} INFO - DAG(s) 'example_weekday_branch_operator' retrieved from /home/airflow/.local/lib/python3.12/site-packages/airflow/example_dags/example_branch_day_of_week_operator.py
[2024-08-15T00:10:18.556+0000] {logging_mixin.py:188} INFO - [2024-08-15T00:10:18.556+0000] {dag.py:3096} INFO - Sync 1 DAGs
[2024-08-15T00:10:18.569+0000] {logging_mixin.py:188} INFO - [2024-08-15T00:10:18.569+0000] {dag.py:3954} INFO - Setting next_dagrun for example_weekday_branch_operator to 2024-08-14 00:00:00+00:00, run_after=2024-08-15 00:00:00+00:00
[2024-08-15T00:10:18.578+0000] {processor.py:183} INFO - Processing /home/airflow/.local/lib/python3.12/site-packages/airflow/example_dags/example_branch_day_of_week_operator.py took 0.042 seconds
[2024-08-15T00:10:49.172+0000] {processor.py:161} INFO - Started process (PID=4970) to work on /home/airflow/.local/lib/python3.12/site-packages/airflow/example_dags/example_branch_day_of_week_operator.py
[2024-08-15T00:10:49.172+0000] {processor.py:830} INFO - Processing file /home/airflow/.local/lib/python3.12/site-packages/airflow/example_dags/example_branch_day_of_week_operator.py for tasks to queue
[2024-08-15T00:10:49.173+0000] {logging_mixin.py:188} INFO - [2024-08-15T00:10:49.173+0000] {dagbag.py:540} INFO - Filling up the DagBag from /home/airflow/.local/lib/python3.12/site-packages/airflow/example_dags/example_branch_day_of_week_operator.py
[2024-08-15T00:10:49.177+0000] {processor.py:840} INFO - DAG(s) 'example_weekday_branch_operator' retrieved from /home/airflow/.local/lib/python3.12/site-packages/airflow/example_dags/example_branch_day_of_week_operator.py
[2024-08-15T00:10:49.189+0000] {logging_mixin.py:188} INFO - [2024-08-15T00:10:49.189+0000] {dag.py:3096} INFO - Sync 1 DAGs
[2024-08-15T00:10:49.202+0000] {logging_mixin.py:188} INFO - [2024-08-15T00:10:49.202+0000] {dag.py:3954} INFO - Setting next_dagrun for example_weekday_branch_operator to 2024-08-14 00:00:00+00:00, run_after=2024-08-15 00:00:00+00:00
[2024-08-15T00:10:49.211+0000] {processor.py:183} INFO - Processing /home/airflow/.local/lib/python3.12/site-packages/airflow/example_dags/example_branch_day_of_week_operator.py took 0.043 seconds
[2024-08-15T00:11:19.823+0000] {processor.py:161} INFO - Started process (PID=5028) to work on /home/airflow/.local/lib/python3.12/site-packages/airflow/example_dags/example_branch_day_of_week_operator.py
[2024-08-15T00:11:19.824+0000] {processor.py:830} INFO - Processing file /home/airflow/.local/lib/python3.12/site-packages/airflow/example_dags/example_branch_day_of_week_operator.py for tasks to queue
[2024-08-15T00:11:19.825+0000] {logging_mixin.py:188} INFO - [2024-08-15T00:11:19.825+0000] {dagbag.py:540} INFO - Filling up the DagBag from /home/airflow/.local/lib/python3.12/site-packages/airflow/example_dags/example_branch_day_of_week_operator.py
[2024-08-15T00:11:19.829+0000] {processor.py:840} INFO - DAG(s) 'example_weekday_branch_operator' retrieved from /home/airflow/.local/lib/python3.12/site-packages/airflow/example_dags/example_branch_day_of_week_operator.py
[2024-08-15T00:11:19.840+0000] {logging_mixin.py:188} INFO - [2024-08-15T00:11:19.840+0000] {dag.py:3096} INFO - Sync 1 DAGs
[2024-08-15T00:11:19.852+0000] {logging_mixin.py:188} INFO - [2024-08-15T00:11:19.852+0000] {dag.py:3954} INFO - Setting next_dagrun for example_weekday_branch_operator to 2024-08-14 00:00:00+00:00, run_after=2024-08-15 00:00:00+00:00
[2024-08-15T00:11:19.861+0000] {processor.py:183} INFO - Processing /home/airflow/.local/lib/python3.12/site-packages/airflow/example_dags/example_branch_day_of_week_operator.py took 0.041 seconds
