[2024-08-15T00:00:05.445+0000] {processor.py:161} INFO - Started process (PID=3744) to work on /home/airflow/.local/lib/python3.12/site-packages/airflow/example_dags/example_subdag_operator.py
[2024-08-15T00:00:05.445+0000] {processor.py:830} INFO - Processing file /home/airflow/.local/lib/python3.12/site-packages/airflow/example_dags/example_subdag_operator.py for tasks to queue
[2024-08-15T00:00:05.446+0000] {logging_mixin.py:188} INFO - [2024-08-15T00:00:05.446+0000] {dagbag.py:540} INFO - Filling up the DagBag from /home/airflow/.local/lib/python3.12/site-packages/airflow/example_dags/example_subdag_operator.py
[2024-08-15T00:00:05.458+0000] {processor.py:840} INFO - DAG(s) 'example_subdag_operator.section-1', 'example_subdag_operator.section-2', 'example_subdag_operator' retrieved from /home/airflow/.local/lib/python3.12/site-packages/airflow/example_dags/example_subdag_operator.py
[2024-08-15T00:00:05.467+0000] {logging_mixin.py:188} INFO - [2024-08-15T00:00:05.467+0000] {dag.py:3096} INFO - Sync 3 DAGs
[2024-08-15T00:00:05.478+0000] {logging_mixin.py:188} INFO - [2024-08-15T00:00:05.478+0000] {dag.py:3954} INFO - Setting next_dagrun for example_subdag_operator to 2022-01-01 00:00:00+00:00, run_after=2022-01-01 00:00:00+00:00
[2024-08-15T00:00:05.480+0000] {logging_mixin.py:188} INFO - [2024-08-15T00:00:05.480+0000] {dag.py:3954} INFO - Setting next_dagrun for example_subdag_operator.section-1 to None, run_after=None
[2024-08-15T00:00:05.481+0000] {logging_mixin.py:188} INFO - [2024-08-15T00:00:05.481+0000] {dag.py:3954} INFO - Setting next_dagrun for example_subdag_operator.section-2 to None, run_after=None
[2024-08-15T00:00:05.485+0000] {logging_mixin.py:188} INFO - [2024-08-15T00:00:05.485+0000] {dag.py:3096} INFO - Sync 2 DAGs
[2024-08-15T00:00:05.488+0000] {logging_mixin.py:188} INFO - [2024-08-15T00:00:05.488+0000] {dag.py:3954} INFO - Setting next_dagrun for example_subdag_operator.section-1 to None, run_after=None
[2024-08-15T00:00:05.488+0000] {logging_mixin.py:188} INFO - [2024-08-15T00:00:05.488+0000] {dag.py:3954} INFO - Setting next_dagrun for example_subdag_operator.section-2 to None, run_after=None
[2024-08-15T00:00:05.494+0000] {processor.py:183} INFO - Processing /home/airflow/.local/lib/python3.12/site-packages/airflow/example_dags/example_subdag_operator.py took 0.052 seconds
[2024-08-15T00:00:36.075+0000] {processor.py:161} INFO - Started process (PID=3802) to work on /home/airflow/.local/lib/python3.12/site-packages/airflow/example_dags/example_subdag_operator.py
[2024-08-15T00:00:36.076+0000] {processor.py:830} INFO - Processing file /home/airflow/.local/lib/python3.12/site-packages/airflow/example_dags/example_subdag_operator.py for tasks to queue
[2024-08-15T00:00:36.077+0000] {logging_mixin.py:188} INFO - [2024-08-15T00:00:36.077+0000] {dagbag.py:540} INFO - Filling up the DagBag from /home/airflow/.local/lib/python3.12/site-packages/airflow/example_dags/example_subdag_operator.py
[2024-08-15T00:00:36.089+0000] {processor.py:840} INFO - DAG(s) 'example_subdag_operator.section-1', 'example_subdag_operator.section-2', 'example_subdag_operator' retrieved from /home/airflow/.local/lib/python3.12/site-packages/airflow/example_dags/example_subdag_operator.py
[2024-08-15T00:00:36.098+0000] {logging_mixin.py:188} INFO - [2024-08-15T00:00:36.098+0000] {dag.py:3096} INFO - Sync 3 DAGs
[2024-08-15T00:00:36.111+0000] {logging_mixin.py:188} INFO - [2024-08-15T00:00:36.110+0000] {dag.py:3954} INFO - Setting next_dagrun for example_subdag_operator to 2022-01-01 00:00:00+00:00, run_after=2022-01-01 00:00:00+00:00
[2024-08-15T00:00:36.113+0000] {logging_mixin.py:188} INFO - [2024-08-15T00:00:36.112+0000] {dag.py:3954} INFO - Setting next_dagrun for example_subdag_operator.section-1 to None, run_after=None
[2024-08-15T00:00:36.114+0000] {logging_mixin.py:188} INFO - [2024-08-15T00:00:36.113+0000] {dag.py:3954} INFO - Setting next_dagrun for example_subdag_operator.section-2 to None, run_after=None
[2024-08-15T00:00:36.118+0000] {logging_mixin.py:188} INFO - [2024-08-15T00:00:36.118+0000] {dag.py:3096} INFO - Sync 2 DAGs
[2024-08-15T00:00:36.121+0000] {logging_mixin.py:188} INFO - [2024-08-15T00:00:36.121+0000] {dag.py:3954} INFO - Setting next_dagrun for example_subdag_operator.section-1 to None, run_after=None
[2024-08-15T00:00:36.121+0000] {logging_mixin.py:188} INFO - [2024-08-15T00:00:36.121+0000] {dag.py:3954} INFO - Setting next_dagrun for example_subdag_operator.section-2 to None, run_after=None
[2024-08-15T00:00:36.128+0000] {processor.py:183} INFO - Processing /home/airflow/.local/lib/python3.12/site-packages/airflow/example_dags/example_subdag_operator.py took 0.056 seconds
[2024-08-15T00:01:06.754+0000] {processor.py:161} INFO - Started process (PID=3860) to work on /home/airflow/.local/lib/python3.12/site-packages/airflow/example_dags/example_subdag_operator.py
[2024-08-15T00:01:06.754+0000] {processor.py:830} INFO - Processing file /home/airflow/.local/lib/python3.12/site-packages/airflow/example_dags/example_subdag_operator.py for tasks to queue
[2024-08-15T00:01:06.755+0000] {logging_mixin.py:188} INFO - [2024-08-15T00:01:06.755+0000] {dagbag.py:540} INFO - Filling up the DagBag from /home/airflow/.local/lib/python3.12/site-packages/airflow/example_dags/example_subdag_operator.py
[2024-08-15T00:01:06.768+0000] {processor.py:840} INFO - DAG(s) 'example_subdag_operator.section-1', 'example_subdag_operator.section-2', 'example_subdag_operator' retrieved from /home/airflow/.local/lib/python3.12/site-packages/airflow/example_dags/example_subdag_operator.py
[2024-08-15T00:01:06.777+0000] {logging_mixin.py:188} INFO - [2024-08-15T00:01:06.777+0000] {dag.py:3096} INFO - Sync 3 DAGs
[2024-08-15T00:01:06.789+0000] {logging_mixin.py:188} INFO - [2024-08-15T00:01:06.788+0000] {dag.py:3954} INFO - Setting next_dagrun for example_subdag_operator to 2022-01-01 00:00:00+00:00, run_after=2022-01-01 00:00:00+00:00
[2024-08-15T00:01:06.791+0000] {logging_mixin.py:188} INFO - [2024-08-15T00:01:06.791+0000] {dag.py:3954} INFO - Setting next_dagrun for example_subdag_operator.section-1 to None, run_after=None
[2024-08-15T00:01:06.792+0000] {logging_mixin.py:188} INFO - [2024-08-15T00:01:06.792+0000] {dag.py:3954} INFO - Setting next_dagrun for example_subdag_operator.section-2 to None, run_after=None
[2024-08-15T00:01:06.795+0000] {logging_mixin.py:188} INFO - [2024-08-15T00:01:06.795+0000] {dag.py:3096} INFO - Sync 2 DAGs
[2024-08-15T00:01:06.798+0000] {logging_mixin.py:188} INFO - [2024-08-15T00:01:06.798+0000] {dag.py:3954} INFO - Setting next_dagrun for example_subdag_operator.section-1 to None, run_after=None
[2024-08-15T00:01:06.799+0000] {logging_mixin.py:188} INFO - [2024-08-15T00:01:06.799+0000] {dag.py:3954} INFO - Setting next_dagrun for example_subdag_operator.section-2 to None, run_after=None
[2024-08-15T00:01:06.805+0000] {processor.py:183} INFO - Processing /home/airflow/.local/lib/python3.12/site-packages/airflow/example_dags/example_subdag_operator.py took 0.054 seconds
[2024-08-15T00:01:37.433+0000] {processor.py:161} INFO - Started process (PID=3918) to work on /home/airflow/.local/lib/python3.12/site-packages/airflow/example_dags/example_subdag_operator.py
[2024-08-15T00:01:37.434+0000] {processor.py:830} INFO - Processing file /home/airflow/.local/lib/python3.12/site-packages/airflow/example_dags/example_subdag_operator.py for tasks to queue
[2024-08-15T00:01:37.436+0000] {logging_mixin.py:188} INFO - [2024-08-15T00:01:37.435+0000] {dagbag.py:540} INFO - Filling up the DagBag from /home/airflow/.local/lib/python3.12/site-packages/airflow/example_dags/example_subdag_operator.py
[2024-08-15T00:01:37.451+0000] {processor.py:840} INFO - DAG(s) 'example_subdag_operator.section-1', 'example_subdag_operator.section-2', 'example_subdag_operator' retrieved from /home/airflow/.local/lib/python3.12/site-packages/airflow/example_dags/example_subdag_operator.py
[2024-08-15T00:01:37.461+0000] {logging_mixin.py:188} INFO - [2024-08-15T00:01:37.461+0000] {dag.py:3096} INFO - Sync 3 DAGs
[2024-08-15T00:01:37.474+0000] {logging_mixin.py:188} INFO - [2024-08-15T00:01:37.474+0000] {dag.py:3954} INFO - Setting next_dagrun for example_subdag_operator to 2022-01-01 00:00:00+00:00, run_after=2022-01-01 00:00:00+00:00
[2024-08-15T00:01:37.477+0000] {logging_mixin.py:188} INFO - [2024-08-15T00:01:37.476+0000] {dag.py:3954} INFO - Setting next_dagrun for example_subdag_operator.section-1 to None, run_after=None
[2024-08-15T00:01:37.477+0000] {logging_mixin.py:188} INFO - [2024-08-15T00:01:37.477+0000] {dag.py:3954} INFO - Setting next_dagrun for example_subdag_operator.section-2 to None, run_after=None
[2024-08-15T00:01:37.481+0000] {logging_mixin.py:188} INFO - [2024-08-15T00:01:37.481+0000] {dag.py:3096} INFO - Sync 2 DAGs
[2024-08-15T00:01:37.484+0000] {logging_mixin.py:188} INFO - [2024-08-15T00:01:37.484+0000] {dag.py:3954} INFO - Setting next_dagrun for example_subdag_operator.section-1 to None, run_after=None
[2024-08-15T00:01:37.485+0000] {logging_mixin.py:188} INFO - [2024-08-15T00:01:37.485+0000] {dag.py:3954} INFO - Setting next_dagrun for example_subdag_operator.section-2 to None, run_after=None
[2024-08-15T00:01:37.491+0000] {processor.py:183} INFO - Processing /home/airflow/.local/lib/python3.12/site-packages/airflow/example_dags/example_subdag_operator.py took 0.061 seconds
[2024-08-15T00:02:08.007+0000] {processor.py:161} INFO - Started process (PID=3976) to work on /home/airflow/.local/lib/python3.12/site-packages/airflow/example_dags/example_subdag_operator.py
[2024-08-15T00:02:08.007+0000] {processor.py:830} INFO - Processing file /home/airflow/.local/lib/python3.12/site-packages/airflow/example_dags/example_subdag_operator.py for tasks to queue
[2024-08-15T00:02:08.008+0000] {logging_mixin.py:188} INFO - [2024-08-15T00:02:08.008+0000] {dagbag.py:540} INFO - Filling up the DagBag from /home/airflow/.local/lib/python3.12/site-packages/airflow/example_dags/example_subdag_operator.py
[2024-08-15T00:02:08.021+0000] {processor.py:840} INFO - DAG(s) 'example_subdag_operator.section-1', 'example_subdag_operator.section-2', 'example_subdag_operator' retrieved from /home/airflow/.local/lib/python3.12/site-packages/airflow/example_dags/example_subdag_operator.py
[2024-08-15T00:02:08.030+0000] {logging_mixin.py:188} INFO - [2024-08-15T00:02:08.030+0000] {dag.py:3096} INFO - Sync 3 DAGs
[2024-08-15T00:02:08.042+0000] {logging_mixin.py:188} INFO - [2024-08-15T00:02:08.042+0000] {dag.py:3954} INFO - Setting next_dagrun for example_subdag_operator to 2022-01-01 00:00:00+00:00, run_after=2022-01-01 00:00:00+00:00
[2024-08-15T00:02:08.044+0000] {logging_mixin.py:188} INFO - [2024-08-15T00:02:08.044+0000] {dag.py:3954} INFO - Setting next_dagrun for example_subdag_operator.section-1 to None, run_after=None
[2024-08-15T00:02:08.045+0000] {logging_mixin.py:188} INFO - [2024-08-15T00:02:08.045+0000] {dag.py:3954} INFO - Setting next_dagrun for example_subdag_operator.section-2 to None, run_after=None
[2024-08-15T00:02:08.049+0000] {logging_mixin.py:188} INFO - [2024-08-15T00:02:08.049+0000] {dag.py:3096} INFO - Sync 2 DAGs
[2024-08-15T00:02:08.052+0000] {logging_mixin.py:188} INFO - [2024-08-15T00:02:08.052+0000] {dag.py:3954} INFO - Setting next_dagrun for example_subdag_operator.section-1 to None, run_after=None
[2024-08-15T00:02:08.052+0000] {logging_mixin.py:188} INFO - [2024-08-15T00:02:08.052+0000] {dag.py:3954} INFO - Setting next_dagrun for example_subdag_operator.section-2 to None, run_after=None
[2024-08-15T00:02:08.058+0000] {processor.py:183} INFO - Processing /home/airflow/.local/lib/python3.12/site-packages/airflow/example_dags/example_subdag_operator.py took 0.055 seconds
[2024-08-15T00:02:38.689+0000] {processor.py:161} INFO - Started process (PID=4034) to work on /home/airflow/.local/lib/python3.12/site-packages/airflow/example_dags/example_subdag_operator.py
[2024-08-15T00:02:38.690+0000] {processor.py:830} INFO - Processing file /home/airflow/.local/lib/python3.12/site-packages/airflow/example_dags/example_subdag_operator.py for tasks to queue
[2024-08-15T00:02:38.691+0000] {logging_mixin.py:188} INFO - [2024-08-15T00:02:38.691+0000] {dagbag.py:540} INFO - Filling up the DagBag from /home/airflow/.local/lib/python3.12/site-packages/airflow/example_dags/example_subdag_operator.py
[2024-08-15T00:02:38.704+0000] {processor.py:840} INFO - DAG(s) 'example_subdag_operator.section-1', 'example_subdag_operator.section-2', 'example_subdag_operator' retrieved from /home/airflow/.local/lib/python3.12/site-packages/airflow/example_dags/example_subdag_operator.py
[2024-08-15T00:02:38.712+0000] {logging_mixin.py:188} INFO - [2024-08-15T00:02:38.712+0000] {dag.py:3096} INFO - Sync 3 DAGs
[2024-08-15T00:02:38.724+0000] {logging_mixin.py:188} INFO - [2024-08-15T00:02:38.724+0000] {dag.py:3954} INFO - Setting next_dagrun for example_subdag_operator to 2022-01-01 00:00:00+00:00, run_after=2022-01-01 00:00:00+00:00
[2024-08-15T00:02:38.726+0000] {logging_mixin.py:188} INFO - [2024-08-15T00:02:38.726+0000] {dag.py:3954} INFO - Setting next_dagrun for example_subdag_operator.section-1 to None, run_after=None
[2024-08-15T00:02:38.727+0000] {logging_mixin.py:188} INFO - [2024-08-15T00:02:38.727+0000] {dag.py:3954} INFO - Setting next_dagrun for example_subdag_operator.section-2 to None, run_after=None
[2024-08-15T00:02:38.730+0000] {logging_mixin.py:188} INFO - [2024-08-15T00:02:38.730+0000] {dag.py:3096} INFO - Sync 2 DAGs
[2024-08-15T00:02:38.733+0000] {logging_mixin.py:188} INFO - [2024-08-15T00:02:38.733+0000] {dag.py:3954} INFO - Setting next_dagrun for example_subdag_operator.section-1 to None, run_after=None
[2024-08-15T00:02:38.733+0000] {logging_mixin.py:188} INFO - [2024-08-15T00:02:38.733+0000] {dag.py:3954} INFO - Setting next_dagrun for example_subdag_operator.section-2 to None, run_after=None
[2024-08-15T00:02:38.739+0000] {processor.py:183} INFO - Processing /home/airflow/.local/lib/python3.12/site-packages/airflow/example_dags/example_subdag_operator.py took 0.053 seconds
[2024-08-15T00:03:09.228+0000] {processor.py:161} INFO - Started process (PID=4092) to work on /home/airflow/.local/lib/python3.12/site-packages/airflow/example_dags/example_subdag_operator.py
[2024-08-15T00:03:09.228+0000] {processor.py:830} INFO - Processing file /home/airflow/.local/lib/python3.12/site-packages/airflow/example_dags/example_subdag_operator.py for tasks to queue
[2024-08-15T00:03:09.229+0000] {logging_mixin.py:188} INFO - [2024-08-15T00:03:09.229+0000] {dagbag.py:540} INFO - Filling up the DagBag from /home/airflow/.local/lib/python3.12/site-packages/airflow/example_dags/example_subdag_operator.py
[2024-08-15T00:03:09.242+0000] {processor.py:840} INFO - DAG(s) 'example_subdag_operator.section-1', 'example_subdag_operator.section-2', 'example_subdag_operator' retrieved from /home/airflow/.local/lib/python3.12/site-packages/airflow/example_dags/example_subdag_operator.py
[2024-08-15T00:03:09.250+0000] {logging_mixin.py:188} INFO - [2024-08-15T00:03:09.250+0000] {dag.py:3096} INFO - Sync 3 DAGs
[2024-08-15T00:03:09.262+0000] {logging_mixin.py:188} INFO - [2024-08-15T00:03:09.262+0000] {dag.py:3954} INFO - Setting next_dagrun for example_subdag_operator to 2022-01-01 00:00:00+00:00, run_after=2022-01-01 00:00:00+00:00
[2024-08-15T00:03:09.264+0000] {logging_mixin.py:188} INFO - [2024-08-15T00:03:09.264+0000] {dag.py:3954} INFO - Setting next_dagrun for example_subdag_operator.section-1 to None, run_after=None
[2024-08-15T00:03:09.265+0000] {logging_mixin.py:188} INFO - [2024-08-15T00:03:09.265+0000] {dag.py:3954} INFO - Setting next_dagrun for example_subdag_operator.section-2 to None, run_after=None
[2024-08-15T00:03:09.269+0000] {logging_mixin.py:188} INFO - [2024-08-15T00:03:09.269+0000] {dag.py:3096} INFO - Sync 2 DAGs
[2024-08-15T00:03:09.272+0000] {logging_mixin.py:188} INFO - [2024-08-15T00:03:09.271+0000] {dag.py:3954} INFO - Setting next_dagrun for example_subdag_operator.section-1 to None, run_after=None
[2024-08-15T00:03:09.272+0000] {logging_mixin.py:188} INFO - [2024-08-15T00:03:09.272+0000] {dag.py:3954} INFO - Setting next_dagrun for example_subdag_operator.section-2 to None, run_after=None
[2024-08-15T00:03:09.278+0000] {processor.py:183} INFO - Processing /home/airflow/.local/lib/python3.12/site-packages/airflow/example_dags/example_subdag_operator.py took 0.053 seconds
[2024-08-15T00:03:39.933+0000] {processor.py:161} INFO - Started process (PID=4150) to work on /home/airflow/.local/lib/python3.12/site-packages/airflow/example_dags/example_subdag_operator.py
[2024-08-15T00:03:39.933+0000] {processor.py:830} INFO - Processing file /home/airflow/.local/lib/python3.12/site-packages/airflow/example_dags/example_subdag_operator.py for tasks to queue
[2024-08-15T00:03:39.934+0000] {logging_mixin.py:188} INFO - [2024-08-15T00:03:39.934+0000] {dagbag.py:540} INFO - Filling up the DagBag from /home/airflow/.local/lib/python3.12/site-packages/airflow/example_dags/example_subdag_operator.py
[2024-08-15T00:03:39.946+0000] {processor.py:840} INFO - DAG(s) 'example_subdag_operator.section-1', 'example_subdag_operator.section-2', 'example_subdag_operator' retrieved from /home/airflow/.local/lib/python3.12/site-packages/airflow/example_dags/example_subdag_operator.py
[2024-08-15T00:03:39.954+0000] {logging_mixin.py:188} INFO - [2024-08-15T00:03:39.954+0000] {dag.py:3096} INFO - Sync 3 DAGs
[2024-08-15T00:03:39.965+0000] {logging_mixin.py:188} INFO - [2024-08-15T00:03:39.965+0000] {dag.py:3954} INFO - Setting next_dagrun for example_subdag_operator to 2022-01-01 00:00:00+00:00, run_after=2022-01-01 00:00:00+00:00
[2024-08-15T00:03:39.967+0000] {logging_mixin.py:188} INFO - [2024-08-15T00:03:39.967+0000] {dag.py:3954} INFO - Setting next_dagrun for example_subdag_operator.section-1 to None, run_after=None
[2024-08-15T00:03:39.968+0000] {logging_mixin.py:188} INFO - [2024-08-15T00:03:39.968+0000] {dag.py:3954} INFO - Setting next_dagrun for example_subdag_operator.section-2 to None, run_after=None
[2024-08-15T00:03:39.971+0000] {logging_mixin.py:188} INFO - [2024-08-15T00:03:39.971+0000] {dag.py:3096} INFO - Sync 2 DAGs
[2024-08-15T00:03:39.974+0000] {logging_mixin.py:188} INFO - [2024-08-15T00:03:39.974+0000] {dag.py:3954} INFO - Setting next_dagrun for example_subdag_operator.section-1 to None, run_after=None
[2024-08-15T00:03:39.974+0000] {logging_mixin.py:188} INFO - [2024-08-15T00:03:39.974+0000] {dag.py:3954} INFO - Setting next_dagrun for example_subdag_operator.section-2 to None, run_after=None
[2024-08-15T00:03:39.981+0000] {processor.py:183} INFO - Processing /home/airflow/.local/lib/python3.12/site-packages/airflow/example_dags/example_subdag_operator.py took 0.051 seconds
[2024-08-15T00:04:10.563+0000] {processor.py:161} INFO - Started process (PID=4208) to work on /home/airflow/.local/lib/python3.12/site-packages/airflow/example_dags/example_subdag_operator.py
[2024-08-15T00:04:10.564+0000] {processor.py:830} INFO - Processing file /home/airflow/.local/lib/python3.12/site-packages/airflow/example_dags/example_subdag_operator.py for tasks to queue
[2024-08-15T00:04:10.565+0000] {logging_mixin.py:188} INFO - [2024-08-15T00:04:10.565+0000] {dagbag.py:540} INFO - Filling up the DagBag from /home/airflow/.local/lib/python3.12/site-packages/airflow/example_dags/example_subdag_operator.py
[2024-08-15T00:04:10.577+0000] {processor.py:840} INFO - DAG(s) 'example_subdag_operator.section-1', 'example_subdag_operator.section-2', 'example_subdag_operator' retrieved from /home/airflow/.local/lib/python3.12/site-packages/airflow/example_dags/example_subdag_operator.py
[2024-08-15T00:04:10.585+0000] {logging_mixin.py:188} INFO - [2024-08-15T00:04:10.585+0000] {dag.py:3096} INFO - Sync 3 DAGs
[2024-08-15T00:04:10.596+0000] {logging_mixin.py:188} INFO - [2024-08-15T00:04:10.596+0000] {dag.py:3954} INFO - Setting next_dagrun for example_subdag_operator to 2022-01-01 00:00:00+00:00, run_after=2022-01-01 00:00:00+00:00
[2024-08-15T00:04:10.598+0000] {logging_mixin.py:188} INFO - [2024-08-15T00:04:10.598+0000] {dag.py:3954} INFO - Setting next_dagrun for example_subdag_operator.section-1 to None, run_after=None
[2024-08-15T00:04:10.599+0000] {logging_mixin.py:188} INFO - [2024-08-15T00:04:10.599+0000] {dag.py:3954} INFO - Setting next_dagrun for example_subdag_operator.section-2 to None, run_after=None
[2024-08-15T00:04:10.603+0000] {logging_mixin.py:188} INFO - [2024-08-15T00:04:10.603+0000] {dag.py:3096} INFO - Sync 2 DAGs
[2024-08-15T00:04:10.606+0000] {logging_mixin.py:188} INFO - [2024-08-15T00:04:10.606+0000] {dag.py:3954} INFO - Setting next_dagrun for example_subdag_operator.section-1 to None, run_after=None
[2024-08-15T00:04:10.606+0000] {logging_mixin.py:188} INFO - [2024-08-15T00:04:10.606+0000] {dag.py:3954} INFO - Setting next_dagrun for example_subdag_operator.section-2 to None, run_after=None
[2024-08-15T00:04:10.612+0000] {processor.py:183} INFO - Processing /home/airflow/.local/lib/python3.12/site-packages/airflow/example_dags/example_subdag_operator.py took 0.052 seconds
[2024-08-15T00:04:41.227+0000] {processor.py:161} INFO - Started process (PID=4266) to work on /home/airflow/.local/lib/python3.12/site-packages/airflow/example_dags/example_subdag_operator.py
[2024-08-15T00:04:41.228+0000] {processor.py:830} INFO - Processing file /home/airflow/.local/lib/python3.12/site-packages/airflow/example_dags/example_subdag_operator.py for tasks to queue
[2024-08-15T00:04:41.229+0000] {logging_mixin.py:188} INFO - [2024-08-15T00:04:41.229+0000] {dagbag.py:540} INFO - Filling up the DagBag from /home/airflow/.local/lib/python3.12/site-packages/airflow/example_dags/example_subdag_operator.py
[2024-08-15T00:04:41.242+0000] {processor.py:840} INFO - DAG(s) 'example_subdag_operator.section-1', 'example_subdag_operator.section-2', 'example_subdag_operator' retrieved from /home/airflow/.local/lib/python3.12/site-packages/airflow/example_dags/example_subdag_operator.py
[2024-08-15T00:04:41.251+0000] {logging_mixin.py:188} INFO - [2024-08-15T00:04:41.250+0000] {dag.py:3096} INFO - Sync 3 DAGs
[2024-08-15T00:04:41.263+0000] {logging_mixin.py:188} INFO - [2024-08-15T00:04:41.263+0000] {dag.py:3954} INFO - Setting next_dagrun for example_subdag_operator to 2022-01-01 00:00:00+00:00, run_after=2022-01-01 00:00:00+00:00
[2024-08-15T00:04:41.265+0000] {logging_mixin.py:188} INFO - [2024-08-15T00:04:41.265+0000] {dag.py:3954} INFO - Setting next_dagrun for example_subdag_operator.section-1 to None, run_after=None
[2024-08-15T00:04:41.266+0000] {logging_mixin.py:188} INFO - [2024-08-15T00:04:41.266+0000] {dag.py:3954} INFO - Setting next_dagrun for example_subdag_operator.section-2 to None, run_after=None
[2024-08-15T00:04:41.270+0000] {logging_mixin.py:188} INFO - [2024-08-15T00:04:41.270+0000] {dag.py:3096} INFO - Sync 2 DAGs
[2024-08-15T00:04:41.273+0000] {logging_mixin.py:188} INFO - [2024-08-15T00:04:41.273+0000] {dag.py:3954} INFO - Setting next_dagrun for example_subdag_operator.section-1 to None, run_after=None
[2024-08-15T00:04:41.273+0000] {logging_mixin.py:188} INFO - [2024-08-15T00:04:41.273+0000] {dag.py:3954} INFO - Setting next_dagrun for example_subdag_operator.section-2 to None, run_after=None
[2024-08-15T00:04:41.280+0000] {processor.py:183} INFO - Processing /home/airflow/.local/lib/python3.12/site-packages/airflow/example_dags/example_subdag_operator.py took 0.056 seconds
[2024-08-15T00:05:11.886+0000] {processor.py:161} INFO - Started process (PID=4324) to work on /home/airflow/.local/lib/python3.12/site-packages/airflow/example_dags/example_subdag_operator.py
[2024-08-15T00:05:11.886+0000] {processor.py:830} INFO - Processing file /home/airflow/.local/lib/python3.12/site-packages/airflow/example_dags/example_subdag_operator.py for tasks to queue
[2024-08-15T00:05:11.887+0000] {logging_mixin.py:188} INFO - [2024-08-15T00:05:11.887+0000] {dagbag.py:540} INFO - Filling up the DagBag from /home/airflow/.local/lib/python3.12/site-packages/airflow/example_dags/example_subdag_operator.py
[2024-08-15T00:05:11.899+0000] {processor.py:840} INFO - DAG(s) 'example_subdag_operator.section-1', 'example_subdag_operator.section-2', 'example_subdag_operator' retrieved from /home/airflow/.local/lib/python3.12/site-packages/airflow/example_dags/example_subdag_operator.py
[2024-08-15T00:05:11.907+0000] {logging_mixin.py:188} INFO - [2024-08-15T00:05:11.907+0000] {dag.py:3096} INFO - Sync 3 DAGs
[2024-08-15T00:05:11.918+0000] {logging_mixin.py:188} INFO - [2024-08-15T00:05:11.918+0000] {dag.py:3954} INFO - Setting next_dagrun for example_subdag_operator to 2022-01-01 00:00:00+00:00, run_after=2022-01-01 00:00:00+00:00
[2024-08-15T00:05:11.920+0000] {logging_mixin.py:188} INFO - [2024-08-15T00:05:11.920+0000] {dag.py:3954} INFO - Setting next_dagrun for example_subdag_operator.section-1 to None, run_after=None
[2024-08-15T00:05:11.922+0000] {logging_mixin.py:188} INFO - [2024-08-15T00:05:11.921+0000] {dag.py:3954} INFO - Setting next_dagrun for example_subdag_operator.section-2 to None, run_after=None
[2024-08-15T00:05:11.925+0000] {logging_mixin.py:188} INFO - [2024-08-15T00:05:11.925+0000] {dag.py:3096} INFO - Sync 2 DAGs
[2024-08-15T00:05:11.928+0000] {logging_mixin.py:188} INFO - [2024-08-15T00:05:11.928+0000] {dag.py:3954} INFO - Setting next_dagrun for example_subdag_operator.section-1 to None, run_after=None
[2024-08-15T00:05:11.929+0000] {logging_mixin.py:188} INFO - [2024-08-15T00:05:11.929+0000] {dag.py:3954} INFO - Setting next_dagrun for example_subdag_operator.section-2 to None, run_after=None
[2024-08-15T00:05:11.935+0000] {processor.py:183} INFO - Processing /home/airflow/.local/lib/python3.12/site-packages/airflow/example_dags/example_subdag_operator.py took 0.051 seconds
[2024-08-15T00:05:42.552+0000] {processor.py:161} INFO - Started process (PID=4382) to work on /home/airflow/.local/lib/python3.12/site-packages/airflow/example_dags/example_subdag_operator.py
[2024-08-15T00:05:42.553+0000] {processor.py:830} INFO - Processing file /home/airflow/.local/lib/python3.12/site-packages/airflow/example_dags/example_subdag_operator.py for tasks to queue
[2024-08-15T00:05:42.553+0000] {logging_mixin.py:188} INFO - [2024-08-15T00:05:42.553+0000] {dagbag.py:540} INFO - Filling up the DagBag from /home/airflow/.local/lib/python3.12/site-packages/airflow/example_dags/example_subdag_operator.py
[2024-08-15T00:05:42.566+0000] {processor.py:840} INFO - DAG(s) 'example_subdag_operator.section-1', 'example_subdag_operator.section-2', 'example_subdag_operator' retrieved from /home/airflow/.local/lib/python3.12/site-packages/airflow/example_dags/example_subdag_operator.py
[2024-08-15T00:05:42.574+0000] {logging_mixin.py:188} INFO - [2024-08-15T00:05:42.574+0000] {dag.py:3096} INFO - Sync 3 DAGs
[2024-08-15T00:05:42.586+0000] {logging_mixin.py:188} INFO - [2024-08-15T00:05:42.586+0000] {dag.py:3954} INFO - Setting next_dagrun for example_subdag_operator to 2022-01-01 00:00:00+00:00, run_after=2022-01-01 00:00:00+00:00
[2024-08-15T00:05:42.588+0000] {logging_mixin.py:188} INFO - [2024-08-15T00:05:42.588+0000] {dag.py:3954} INFO - Setting next_dagrun for example_subdag_operator.section-1 to None, run_after=None
[2024-08-15T00:05:42.589+0000] {logging_mixin.py:188} INFO - [2024-08-15T00:05:42.589+0000] {dag.py:3954} INFO - Setting next_dagrun for example_subdag_operator.section-2 to None, run_after=None
[2024-08-15T00:05:42.593+0000] {logging_mixin.py:188} INFO - [2024-08-15T00:05:42.592+0000] {dag.py:3096} INFO - Sync 2 DAGs
[2024-08-15T00:05:42.595+0000] {logging_mixin.py:188} INFO - [2024-08-15T00:05:42.595+0000] {dag.py:3954} INFO - Setting next_dagrun for example_subdag_operator.section-1 to None, run_after=None
[2024-08-15T00:05:42.596+0000] {logging_mixin.py:188} INFO - [2024-08-15T00:05:42.596+0000] {dag.py:3954} INFO - Setting next_dagrun for example_subdag_operator.section-2 to None, run_after=None
[2024-08-15T00:05:42.602+0000] {processor.py:183} INFO - Processing /home/airflow/.local/lib/python3.12/site-packages/airflow/example_dags/example_subdag_operator.py took 0.053 seconds
[2024-08-15T00:06:13.272+0000] {processor.py:161} INFO - Started process (PID=4440) to work on /home/airflow/.local/lib/python3.12/site-packages/airflow/example_dags/example_subdag_operator.py
[2024-08-15T00:06:13.273+0000] {processor.py:830} INFO - Processing file /home/airflow/.local/lib/python3.12/site-packages/airflow/example_dags/example_subdag_operator.py for tasks to queue
[2024-08-15T00:06:13.274+0000] {logging_mixin.py:188} INFO - [2024-08-15T00:06:13.273+0000] {dagbag.py:540} INFO - Filling up the DagBag from /home/airflow/.local/lib/python3.12/site-packages/airflow/example_dags/example_subdag_operator.py
[2024-08-15T00:06:13.286+0000] {processor.py:840} INFO - DAG(s) 'example_subdag_operator.section-1', 'example_subdag_operator.section-2', 'example_subdag_operator' retrieved from /home/airflow/.local/lib/python3.12/site-packages/airflow/example_dags/example_subdag_operator.py
[2024-08-15T00:06:13.295+0000] {logging_mixin.py:188} INFO - [2024-08-15T00:06:13.295+0000] {dag.py:3096} INFO - Sync 3 DAGs
[2024-08-15T00:06:13.307+0000] {logging_mixin.py:188} INFO - [2024-08-15T00:06:13.306+0000] {dag.py:3954} INFO - Setting next_dagrun for example_subdag_operator to 2022-01-01 00:00:00+00:00, run_after=2022-01-01 00:00:00+00:00
[2024-08-15T00:06:13.309+0000] {logging_mixin.py:188} INFO - [2024-08-15T00:06:13.308+0000] {dag.py:3954} INFO - Setting next_dagrun for example_subdag_operator.section-1 to None, run_after=None
[2024-08-15T00:06:13.309+0000] {logging_mixin.py:188} INFO - [2024-08-15T00:06:13.309+0000] {dag.py:3954} INFO - Setting next_dagrun for example_subdag_operator.section-2 to None, run_after=None
[2024-08-15T00:06:13.313+0000] {logging_mixin.py:188} INFO - [2024-08-15T00:06:13.313+0000] {dag.py:3096} INFO - Sync 2 DAGs
[2024-08-15T00:06:13.316+0000] {logging_mixin.py:188} INFO - [2024-08-15T00:06:13.316+0000] {dag.py:3954} INFO - Setting next_dagrun for example_subdag_operator.section-1 to None, run_after=None
[2024-08-15T00:06:13.317+0000] {logging_mixin.py:188} INFO - [2024-08-15T00:06:13.317+0000] {dag.py:3954} INFO - Setting next_dagrun for example_subdag_operator.section-2 to None, run_after=None
[2024-08-15T00:06:13.323+0000] {processor.py:183} INFO - Processing /home/airflow/.local/lib/python3.12/site-packages/airflow/example_dags/example_subdag_operator.py took 0.054 seconds
[2024-08-15T00:06:43.823+0000] {processor.py:161} INFO - Started process (PID=4498) to work on /home/airflow/.local/lib/python3.12/site-packages/airflow/example_dags/example_subdag_operator.py
[2024-08-15T00:06:43.824+0000] {processor.py:830} INFO - Processing file /home/airflow/.local/lib/python3.12/site-packages/airflow/example_dags/example_subdag_operator.py for tasks to queue
[2024-08-15T00:06:43.825+0000] {logging_mixin.py:188} INFO - [2024-08-15T00:06:43.824+0000] {dagbag.py:540} INFO - Filling up the DagBag from /home/airflow/.local/lib/python3.12/site-packages/airflow/example_dags/example_subdag_operator.py
[2024-08-15T00:06:43.839+0000] {processor.py:840} INFO - DAG(s) 'example_subdag_operator.section-1', 'example_subdag_operator.section-2', 'example_subdag_operator' retrieved from /home/airflow/.local/lib/python3.12/site-packages/airflow/example_dags/example_subdag_operator.py
[2024-08-15T00:06:43.848+0000] {logging_mixin.py:188} INFO - [2024-08-15T00:06:43.848+0000] {dag.py:3096} INFO - Sync 3 DAGs
[2024-08-15T00:06:43.861+0000] {logging_mixin.py:188} INFO - [2024-08-15T00:06:43.861+0000] {dag.py:3954} INFO - Setting next_dagrun for example_subdag_operator to 2022-01-01 00:00:00+00:00, run_after=2022-01-01 00:00:00+00:00
[2024-08-15T00:06:43.863+0000] {logging_mixin.py:188} INFO - [2024-08-15T00:06:43.863+0000] {dag.py:3954} INFO - Setting next_dagrun for example_subdag_operator.section-1 to None, run_after=None
[2024-08-15T00:06:43.864+0000] {logging_mixin.py:188} INFO - [2024-08-15T00:06:43.864+0000] {dag.py:3954} INFO - Setting next_dagrun for example_subdag_operator.section-2 to None, run_after=None
[2024-08-15T00:06:43.868+0000] {logging_mixin.py:188} INFO - [2024-08-15T00:06:43.868+0000] {dag.py:3096} INFO - Sync 2 DAGs
[2024-08-15T00:06:43.871+0000] {logging_mixin.py:188} INFO - [2024-08-15T00:06:43.871+0000] {dag.py:3954} INFO - Setting next_dagrun for example_subdag_operator.section-1 to None, run_after=None
[2024-08-15T00:06:43.871+0000] {logging_mixin.py:188} INFO - [2024-08-15T00:06:43.871+0000] {dag.py:3954} INFO - Setting next_dagrun for example_subdag_operator.section-2 to None, run_after=None
[2024-08-15T00:06:43.878+0000] {processor.py:183} INFO - Processing /home/airflow/.local/lib/python3.12/site-packages/airflow/example_dags/example_subdag_operator.py took 0.059 seconds
[2024-08-15T00:07:14.426+0000] {processor.py:161} INFO - Started process (PID=4556) to work on /home/airflow/.local/lib/python3.12/site-packages/airflow/example_dags/example_subdag_operator.py
[2024-08-15T00:07:14.427+0000] {processor.py:830} INFO - Processing file /home/airflow/.local/lib/python3.12/site-packages/airflow/example_dags/example_subdag_operator.py for tasks to queue
[2024-08-15T00:07:14.428+0000] {logging_mixin.py:188} INFO - [2024-08-15T00:07:14.427+0000] {dagbag.py:540} INFO - Filling up the DagBag from /home/airflow/.local/lib/python3.12/site-packages/airflow/example_dags/example_subdag_operator.py
[2024-08-15T00:07:14.440+0000] {processor.py:840} INFO - DAG(s) 'example_subdag_operator.section-1', 'example_subdag_operator.section-2', 'example_subdag_operator' retrieved from /home/airflow/.local/lib/python3.12/site-packages/airflow/example_dags/example_subdag_operator.py
[2024-08-15T00:07:14.448+0000] {logging_mixin.py:188} INFO - [2024-08-15T00:07:14.448+0000] {dag.py:3096} INFO - Sync 3 DAGs
[2024-08-15T00:07:14.459+0000] {logging_mixin.py:188} INFO - [2024-08-15T00:07:14.459+0000] {dag.py:3954} INFO - Setting next_dagrun for example_subdag_operator to 2022-01-01 00:00:00+00:00, run_after=2022-01-01 00:00:00+00:00
[2024-08-15T00:07:14.461+0000] {logging_mixin.py:188} INFO - [2024-08-15T00:07:14.461+0000] {dag.py:3954} INFO - Setting next_dagrun for example_subdag_operator.section-1 to None, run_after=None
[2024-08-15T00:07:14.462+0000] {logging_mixin.py:188} INFO - [2024-08-15T00:07:14.462+0000] {dag.py:3954} INFO - Setting next_dagrun for example_subdag_operator.section-2 to None, run_after=None
[2024-08-15T00:07:14.466+0000] {logging_mixin.py:188} INFO - [2024-08-15T00:07:14.466+0000] {dag.py:3096} INFO - Sync 2 DAGs
[2024-08-15T00:07:14.468+0000] {logging_mixin.py:188} INFO - [2024-08-15T00:07:14.468+0000] {dag.py:3954} INFO - Setting next_dagrun for example_subdag_operator.section-1 to None, run_after=None
[2024-08-15T00:07:14.469+0000] {logging_mixin.py:188} INFO - [2024-08-15T00:07:14.469+0000] {dag.py:3954} INFO - Setting next_dagrun for example_subdag_operator.section-2 to None, run_after=None
[2024-08-15T00:07:14.474+0000] {processor.py:183} INFO - Processing /home/airflow/.local/lib/python3.12/site-packages/airflow/example_dags/example_subdag_operator.py took 0.051 seconds
[2024-08-15T00:07:45.043+0000] {processor.py:161} INFO - Started process (PID=4614) to work on /home/airflow/.local/lib/python3.12/site-packages/airflow/example_dags/example_subdag_operator.py
[2024-08-15T00:07:45.044+0000] {processor.py:830} INFO - Processing file /home/airflow/.local/lib/python3.12/site-packages/airflow/example_dags/example_subdag_operator.py for tasks to queue
[2024-08-15T00:07:45.045+0000] {logging_mixin.py:188} INFO - [2024-08-15T00:07:45.045+0000] {dagbag.py:540} INFO - Filling up the DagBag from /home/airflow/.local/lib/python3.12/site-packages/airflow/example_dags/example_subdag_operator.py
[2024-08-15T00:07:45.057+0000] {processor.py:840} INFO - DAG(s) 'example_subdag_operator.section-1', 'example_subdag_operator.section-2', 'example_subdag_operator' retrieved from /home/airflow/.local/lib/python3.12/site-packages/airflow/example_dags/example_subdag_operator.py
[2024-08-15T00:07:45.065+0000] {logging_mixin.py:188} INFO - [2024-08-15T00:07:45.065+0000] {dag.py:3096} INFO - Sync 3 DAGs
[2024-08-15T00:07:45.076+0000] {logging_mixin.py:188} INFO - [2024-08-15T00:07:45.076+0000] {dag.py:3954} INFO - Setting next_dagrun for example_subdag_operator to 2022-01-01 00:00:00+00:00, run_after=2022-01-01 00:00:00+00:00
[2024-08-15T00:07:45.078+0000] {logging_mixin.py:188} INFO - [2024-08-15T00:07:45.078+0000] {dag.py:3954} INFO - Setting next_dagrun for example_subdag_operator.section-1 to None, run_after=None
[2024-08-15T00:07:45.079+0000] {logging_mixin.py:188} INFO - [2024-08-15T00:07:45.078+0000] {dag.py:3954} INFO - Setting next_dagrun for example_subdag_operator.section-2 to None, run_after=None
[2024-08-15T00:07:45.082+0000] {logging_mixin.py:188} INFO - [2024-08-15T00:07:45.082+0000] {dag.py:3096} INFO - Sync 2 DAGs
[2024-08-15T00:07:45.085+0000] {logging_mixin.py:188} INFO - [2024-08-15T00:07:45.085+0000] {dag.py:3954} INFO - Setting next_dagrun for example_subdag_operator.section-1 to None, run_after=None
[2024-08-15T00:07:45.085+0000] {logging_mixin.py:188} INFO - [2024-08-15T00:07:45.085+0000] {dag.py:3954} INFO - Setting next_dagrun for example_subdag_operator.section-2 to None, run_after=None
[2024-08-15T00:07:45.091+0000] {processor.py:183} INFO - Processing /home/airflow/.local/lib/python3.12/site-packages/airflow/example_dags/example_subdag_operator.py took 0.050 seconds
[2024-08-15T00:08:15.685+0000] {processor.py:161} INFO - Started process (PID=4672) to work on /home/airflow/.local/lib/python3.12/site-packages/airflow/example_dags/example_subdag_operator.py
[2024-08-15T00:08:15.686+0000] {processor.py:830} INFO - Processing file /home/airflow/.local/lib/python3.12/site-packages/airflow/example_dags/example_subdag_operator.py for tasks to queue
[2024-08-15T00:08:15.687+0000] {logging_mixin.py:188} INFO - [2024-08-15T00:08:15.686+0000] {dagbag.py:540} INFO - Filling up the DagBag from /home/airflow/.local/lib/python3.12/site-packages/airflow/example_dags/example_subdag_operator.py
[2024-08-15T00:08:15.699+0000] {processor.py:840} INFO - DAG(s) 'example_subdag_operator.section-1', 'example_subdag_operator.section-2', 'example_subdag_operator' retrieved from /home/airflow/.local/lib/python3.12/site-packages/airflow/example_dags/example_subdag_operator.py
[2024-08-15T00:08:15.708+0000] {logging_mixin.py:188} INFO - [2024-08-15T00:08:15.708+0000] {dag.py:3096} INFO - Sync 3 DAGs
[2024-08-15T00:08:15.720+0000] {logging_mixin.py:188} INFO - [2024-08-15T00:08:15.720+0000] {dag.py:3954} INFO - Setting next_dagrun for example_subdag_operator to 2022-01-01 00:00:00+00:00, run_after=2022-01-01 00:00:00+00:00
[2024-08-15T00:08:15.723+0000] {logging_mixin.py:188} INFO - [2024-08-15T00:08:15.723+0000] {dag.py:3954} INFO - Setting next_dagrun for example_subdag_operator.section-1 to None, run_after=None
[2024-08-15T00:08:15.724+0000] {logging_mixin.py:188} INFO - [2024-08-15T00:08:15.724+0000] {dag.py:3954} INFO - Setting next_dagrun for example_subdag_operator.section-2 to None, run_after=None
[2024-08-15T00:08:15.728+0000] {logging_mixin.py:188} INFO - [2024-08-15T00:08:15.728+0000] {dag.py:3096} INFO - Sync 2 DAGs
[2024-08-15T00:08:15.731+0000] {logging_mixin.py:188} INFO - [2024-08-15T00:08:15.731+0000] {dag.py:3954} INFO - Setting next_dagrun for example_subdag_operator.section-1 to None, run_after=None
[2024-08-15T00:08:15.731+0000] {logging_mixin.py:188} INFO - [2024-08-15T00:08:15.731+0000] {dag.py:3954} INFO - Setting next_dagrun for example_subdag_operator.section-2 to None, run_after=None
[2024-08-15T00:08:15.738+0000] {processor.py:183} INFO - Processing /home/airflow/.local/lib/python3.12/site-packages/airflow/example_dags/example_subdag_operator.py took 0.056 seconds
[2024-08-15T00:08:46.287+0000] {processor.py:161} INFO - Started process (PID=4730) to work on /home/airflow/.local/lib/python3.12/site-packages/airflow/example_dags/example_subdag_operator.py
[2024-08-15T00:08:46.288+0000] {processor.py:830} INFO - Processing file /home/airflow/.local/lib/python3.12/site-packages/airflow/example_dags/example_subdag_operator.py for tasks to queue
[2024-08-15T00:08:46.289+0000] {logging_mixin.py:188} INFO - [2024-08-15T00:08:46.289+0000] {dagbag.py:540} INFO - Filling up the DagBag from /home/airflow/.local/lib/python3.12/site-packages/airflow/example_dags/example_subdag_operator.py
[2024-08-15T00:08:46.302+0000] {processor.py:840} INFO - DAG(s) 'example_subdag_operator.section-1', 'example_subdag_operator.section-2', 'example_subdag_operator' retrieved from /home/airflow/.local/lib/python3.12/site-packages/airflow/example_dags/example_subdag_operator.py
[2024-08-15T00:08:46.311+0000] {logging_mixin.py:188} INFO - [2024-08-15T00:08:46.311+0000] {dag.py:3096} INFO - Sync 3 DAGs
[2024-08-15T00:08:46.323+0000] {logging_mixin.py:188} INFO - [2024-08-15T00:08:46.323+0000] {dag.py:3954} INFO - Setting next_dagrun for example_subdag_operator to 2022-01-01 00:00:00+00:00, run_after=2022-01-01 00:00:00+00:00
[2024-08-15T00:08:46.326+0000] {logging_mixin.py:188} INFO - [2024-08-15T00:08:46.325+0000] {dag.py:3954} INFO - Setting next_dagrun for example_subdag_operator.section-1 to None, run_after=None
[2024-08-15T00:08:46.327+0000] {logging_mixin.py:188} INFO - [2024-08-15T00:08:46.326+0000] {dag.py:3954} INFO - Setting next_dagrun for example_subdag_operator.section-2 to None, run_after=None
[2024-08-15T00:08:46.330+0000] {logging_mixin.py:188} INFO - [2024-08-15T00:08:46.330+0000] {dag.py:3096} INFO - Sync 2 DAGs
[2024-08-15T00:08:46.333+0000] {logging_mixin.py:188} INFO - [2024-08-15T00:08:46.333+0000] {dag.py:3954} INFO - Setting next_dagrun for example_subdag_operator.section-1 to None, run_after=None
[2024-08-15T00:08:46.333+0000] {logging_mixin.py:188} INFO - [2024-08-15T00:08:46.333+0000] {dag.py:3954} INFO - Setting next_dagrun for example_subdag_operator.section-2 to None, run_after=None
[2024-08-15T00:08:46.339+0000] {processor.py:183} INFO - Processing /home/airflow/.local/lib/python3.12/site-packages/airflow/example_dags/example_subdag_operator.py took 0.055 seconds
[2024-08-15T00:09:16.980+0000] {processor.py:161} INFO - Started process (PID=4788) to work on /home/airflow/.local/lib/python3.12/site-packages/airflow/example_dags/example_subdag_operator.py
[2024-08-15T00:09:16.981+0000] {processor.py:830} INFO - Processing file /home/airflow/.local/lib/python3.12/site-packages/airflow/example_dags/example_subdag_operator.py for tasks to queue
[2024-08-15T00:09:16.982+0000] {logging_mixin.py:188} INFO - [2024-08-15T00:09:16.982+0000] {dagbag.py:540} INFO - Filling up the DagBag from /home/airflow/.local/lib/python3.12/site-packages/airflow/example_dags/example_subdag_operator.py
[2024-08-15T00:09:16.994+0000] {processor.py:840} INFO - DAG(s) 'example_subdag_operator.section-1', 'example_subdag_operator.section-2', 'example_subdag_operator' retrieved from /home/airflow/.local/lib/python3.12/site-packages/airflow/example_dags/example_subdag_operator.py
[2024-08-15T00:09:17.003+0000] {logging_mixin.py:188} INFO - [2024-08-15T00:09:17.002+0000] {dag.py:3096} INFO - Sync 3 DAGs
[2024-08-15T00:09:17.015+0000] {logging_mixin.py:188} INFO - [2024-08-15T00:09:17.015+0000] {dag.py:3954} INFO - Setting next_dagrun for example_subdag_operator to 2022-01-01 00:00:00+00:00, run_after=2022-01-01 00:00:00+00:00
[2024-08-15T00:09:17.018+0000] {logging_mixin.py:188} INFO - [2024-08-15T00:09:17.017+0000] {dag.py:3954} INFO - Setting next_dagrun for example_subdag_operator.section-1 to None, run_after=None
[2024-08-15T00:09:17.018+0000] {logging_mixin.py:188} INFO - [2024-08-15T00:09:17.018+0000] {dag.py:3954} INFO - Setting next_dagrun for example_subdag_operator.section-2 to None, run_after=None
[2024-08-15T00:09:17.022+0000] {logging_mixin.py:188} INFO - [2024-08-15T00:09:17.022+0000] {dag.py:3096} INFO - Sync 2 DAGs
[2024-08-15T00:09:17.025+0000] {logging_mixin.py:188} INFO - [2024-08-15T00:09:17.025+0000] {dag.py:3954} INFO - Setting next_dagrun for example_subdag_operator.section-1 to None, run_after=None
[2024-08-15T00:09:17.026+0000] {logging_mixin.py:188} INFO - [2024-08-15T00:09:17.026+0000] {dag.py:3954} INFO - Setting next_dagrun for example_subdag_operator.section-2 to None, run_after=None
[2024-08-15T00:09:17.032+0000] {processor.py:183} INFO - Processing /home/airflow/.local/lib/python3.12/site-packages/airflow/example_dags/example_subdag_operator.py took 0.054 seconds
[2024-08-15T00:09:47.657+0000] {processor.py:161} INFO - Started process (PID=4846) to work on /home/airflow/.local/lib/python3.12/site-packages/airflow/example_dags/example_subdag_operator.py
[2024-08-15T00:09:47.658+0000] {processor.py:830} INFO - Processing file /home/airflow/.local/lib/python3.12/site-packages/airflow/example_dags/example_subdag_operator.py for tasks to queue
[2024-08-15T00:09:47.659+0000] {logging_mixin.py:188} INFO - [2024-08-15T00:09:47.659+0000] {dagbag.py:540} INFO - Filling up the DagBag from /home/airflow/.local/lib/python3.12/site-packages/airflow/example_dags/example_subdag_operator.py
[2024-08-15T00:09:47.672+0000] {processor.py:840} INFO - DAG(s) 'example_subdag_operator.section-1', 'example_subdag_operator.section-2', 'example_subdag_operator' retrieved from /home/airflow/.local/lib/python3.12/site-packages/airflow/example_dags/example_subdag_operator.py
[2024-08-15T00:09:47.680+0000] {logging_mixin.py:188} INFO - [2024-08-15T00:09:47.680+0000] {dag.py:3096} INFO - Sync 3 DAGs
[2024-08-15T00:09:47.692+0000] {logging_mixin.py:188} INFO - [2024-08-15T00:09:47.692+0000] {dag.py:3954} INFO - Setting next_dagrun for example_subdag_operator to 2022-01-01 00:00:00+00:00, run_after=2022-01-01 00:00:00+00:00
[2024-08-15T00:09:47.694+0000] {logging_mixin.py:188} INFO - [2024-08-15T00:09:47.694+0000] {dag.py:3954} INFO - Setting next_dagrun for example_subdag_operator.section-1 to None, run_after=None
[2024-08-15T00:09:47.695+0000] {logging_mixin.py:188} INFO - [2024-08-15T00:09:47.695+0000] {dag.py:3954} INFO - Setting next_dagrun for example_subdag_operator.section-2 to None, run_after=None
[2024-08-15T00:09:47.699+0000] {logging_mixin.py:188} INFO - [2024-08-15T00:09:47.698+0000] {dag.py:3096} INFO - Sync 2 DAGs
[2024-08-15T00:09:47.701+0000] {logging_mixin.py:188} INFO - [2024-08-15T00:09:47.701+0000] {dag.py:3954} INFO - Setting next_dagrun for example_subdag_operator.section-1 to None, run_after=None
[2024-08-15T00:09:47.702+0000] {logging_mixin.py:188} INFO - [2024-08-15T00:09:47.702+0000] {dag.py:3954} INFO - Setting next_dagrun for example_subdag_operator.section-2 to None, run_after=None
[2024-08-15T00:09:47.707+0000] {processor.py:183} INFO - Processing /home/airflow/.local/lib/python3.12/site-packages/airflow/example_dags/example_subdag_operator.py took 0.053 seconds
[2024-08-15T00:10:18.255+0000] {processor.py:161} INFO - Started process (PID=4904) to work on /home/airflow/.local/lib/python3.12/site-packages/airflow/example_dags/example_subdag_operator.py
[2024-08-15T00:10:18.255+0000] {processor.py:830} INFO - Processing file /home/airflow/.local/lib/python3.12/site-packages/airflow/example_dags/example_subdag_operator.py for tasks to queue
[2024-08-15T00:10:18.256+0000] {logging_mixin.py:188} INFO - [2024-08-15T00:10:18.256+0000] {dagbag.py:540} INFO - Filling up the DagBag from /home/airflow/.local/lib/python3.12/site-packages/airflow/example_dags/example_subdag_operator.py
[2024-08-15T00:10:18.268+0000] {processor.py:840} INFO - DAG(s) 'example_subdag_operator.section-1', 'example_subdag_operator.section-2', 'example_subdag_operator' retrieved from /home/airflow/.local/lib/python3.12/site-packages/airflow/example_dags/example_subdag_operator.py
[2024-08-15T00:10:18.276+0000] {logging_mixin.py:188} INFO - [2024-08-15T00:10:18.276+0000] {dag.py:3096} INFO - Sync 3 DAGs
[2024-08-15T00:10:18.287+0000] {logging_mixin.py:188} INFO - [2024-08-15T00:10:18.287+0000] {dag.py:3954} INFO - Setting next_dagrun for example_subdag_operator to 2022-01-01 00:00:00+00:00, run_after=2022-01-01 00:00:00+00:00
[2024-08-15T00:10:18.289+0000] {logging_mixin.py:188} INFO - [2024-08-15T00:10:18.289+0000] {dag.py:3954} INFO - Setting next_dagrun for example_subdag_operator.section-1 to None, run_after=None
[2024-08-15T00:10:18.290+0000] {logging_mixin.py:188} INFO - [2024-08-15T00:10:18.290+0000] {dag.py:3954} INFO - Setting next_dagrun for example_subdag_operator.section-2 to None, run_after=None
[2024-08-15T00:10:18.294+0000] {logging_mixin.py:188} INFO - [2024-08-15T00:10:18.294+0000] {dag.py:3096} INFO - Sync 2 DAGs
[2024-08-15T00:10:18.297+0000] {logging_mixin.py:188} INFO - [2024-08-15T00:10:18.296+0000] {dag.py:3954} INFO - Setting next_dagrun for example_subdag_operator.section-1 to None, run_after=None
[2024-08-15T00:10:18.297+0000] {logging_mixin.py:188} INFO - [2024-08-15T00:10:18.297+0000] {dag.py:3954} INFO - Setting next_dagrun for example_subdag_operator.section-2 to None, run_after=None
[2024-08-15T00:10:18.303+0000] {processor.py:183} INFO - Processing /home/airflow/.local/lib/python3.12/site-packages/airflow/example_dags/example_subdag_operator.py took 0.051 seconds
[2024-08-15T00:10:48.899+0000] {processor.py:161} INFO - Started process (PID=4962) to work on /home/airflow/.local/lib/python3.12/site-packages/airflow/example_dags/example_subdag_operator.py
[2024-08-15T00:10:48.899+0000] {processor.py:830} INFO - Processing file /home/airflow/.local/lib/python3.12/site-packages/airflow/example_dags/example_subdag_operator.py for tasks to queue
[2024-08-15T00:10:48.900+0000] {logging_mixin.py:188} INFO - [2024-08-15T00:10:48.900+0000] {dagbag.py:540} INFO - Filling up the DagBag from /home/airflow/.local/lib/python3.12/site-packages/airflow/example_dags/example_subdag_operator.py
[2024-08-15T00:10:48.913+0000] {processor.py:840} INFO - DAG(s) 'example_subdag_operator.section-1', 'example_subdag_operator.section-2', 'example_subdag_operator' retrieved from /home/airflow/.local/lib/python3.12/site-packages/airflow/example_dags/example_subdag_operator.py
[2024-08-15T00:10:48.922+0000] {logging_mixin.py:188} INFO - [2024-08-15T00:10:48.921+0000] {dag.py:3096} INFO - Sync 3 DAGs
[2024-08-15T00:10:48.934+0000] {logging_mixin.py:188} INFO - [2024-08-15T00:10:48.934+0000] {dag.py:3954} INFO - Setting next_dagrun for example_subdag_operator to 2022-01-01 00:00:00+00:00, run_after=2022-01-01 00:00:00+00:00
[2024-08-15T00:10:48.936+0000] {logging_mixin.py:188} INFO - [2024-08-15T00:10:48.936+0000] {dag.py:3954} INFO - Setting next_dagrun for example_subdag_operator.section-1 to None, run_after=None
[2024-08-15T00:10:48.937+0000] {logging_mixin.py:188} INFO - [2024-08-15T00:10:48.937+0000] {dag.py:3954} INFO - Setting next_dagrun for example_subdag_operator.section-2 to None, run_after=None
[2024-08-15T00:10:48.941+0000] {logging_mixin.py:188} INFO - [2024-08-15T00:10:48.941+0000] {dag.py:3096} INFO - Sync 2 DAGs
[2024-08-15T00:10:48.944+0000] {logging_mixin.py:188} INFO - [2024-08-15T00:10:48.944+0000] {dag.py:3954} INFO - Setting next_dagrun for example_subdag_operator.section-1 to None, run_after=None
[2024-08-15T00:10:48.944+0000] {logging_mixin.py:188} INFO - [2024-08-15T00:10:48.944+0000] {dag.py:3954} INFO - Setting next_dagrun for example_subdag_operator.section-2 to None, run_after=None
[2024-08-15T00:10:48.951+0000] {processor.py:183} INFO - Processing /home/airflow/.local/lib/python3.12/site-packages/airflow/example_dags/example_subdag_operator.py took 0.055 seconds
[2024-08-15T00:11:19.543+0000] {processor.py:161} INFO - Started process (PID=5020) to work on /home/airflow/.local/lib/python3.12/site-packages/airflow/example_dags/example_subdag_operator.py
[2024-08-15T00:11:19.543+0000] {processor.py:830} INFO - Processing file /home/airflow/.local/lib/python3.12/site-packages/airflow/example_dags/example_subdag_operator.py for tasks to queue
[2024-08-15T00:11:19.544+0000] {logging_mixin.py:188} INFO - [2024-08-15T00:11:19.544+0000] {dagbag.py:540} INFO - Filling up the DagBag from /home/airflow/.local/lib/python3.12/site-packages/airflow/example_dags/example_subdag_operator.py
[2024-08-15T00:11:19.556+0000] {processor.py:840} INFO - DAG(s) 'example_subdag_operator.section-1', 'example_subdag_operator.section-2', 'example_subdag_operator' retrieved from /home/airflow/.local/lib/python3.12/site-packages/airflow/example_dags/example_subdag_operator.py
[2024-08-15T00:11:19.565+0000] {logging_mixin.py:188} INFO - [2024-08-15T00:11:19.565+0000] {dag.py:3096} INFO - Sync 3 DAGs
[2024-08-15T00:11:19.577+0000] {logging_mixin.py:188} INFO - [2024-08-15T00:11:19.577+0000] {dag.py:3954} INFO - Setting next_dagrun for example_subdag_operator to 2022-01-01 00:00:00+00:00, run_after=2022-01-01 00:00:00+00:00
[2024-08-15T00:11:19.580+0000] {logging_mixin.py:188} INFO - [2024-08-15T00:11:19.580+0000] {dag.py:3954} INFO - Setting next_dagrun for example_subdag_operator.section-1 to None, run_after=None
[2024-08-15T00:11:19.581+0000] {logging_mixin.py:188} INFO - [2024-08-15T00:11:19.581+0000] {dag.py:3954} INFO - Setting next_dagrun for example_subdag_operator.section-2 to None, run_after=None
[2024-08-15T00:11:19.586+0000] {logging_mixin.py:188} INFO - [2024-08-15T00:11:19.586+0000] {dag.py:3096} INFO - Sync 2 DAGs
[2024-08-15T00:11:19.589+0000] {logging_mixin.py:188} INFO - [2024-08-15T00:11:19.589+0000] {dag.py:3954} INFO - Setting next_dagrun for example_subdag_operator.section-1 to None, run_after=None
[2024-08-15T00:11:19.590+0000] {logging_mixin.py:188} INFO - [2024-08-15T00:11:19.590+0000] {dag.py:3954} INFO - Setting next_dagrun for example_subdag_operator.section-2 to None, run_after=None
[2024-08-15T00:11:19.598+0000] {processor.py:183} INFO - Processing /home/airflow/.local/lib/python3.12/site-packages/airflow/example_dags/example_subdag_operator.py took 0.058 seconds
