[2024-08-15T00:00:05.902+0000] {processor.py:161} INFO - Started process (PID=3757) to work on /home/airflow/.local/lib/python3.12/site-packages/airflow/example_dags/example_short_circuit_operator.py
[2024-08-15T00:00:05.903+0000] {processor.py:830} INFO - Processing file /home/airflow/.local/lib/python3.12/site-packages/airflow/example_dags/example_short_circuit_operator.py for tasks to queue
[2024-08-15T00:00:05.904+0000] {logging_mixin.py:188} INFO - [2024-08-15T00:00:05.904+0000] {dagbag.py:540} INFO - Filling up the DagBag from /home/airflow/.local/lib/python3.12/site-packages/airflow/example_dags/example_short_circuit_operator.py
[2024-08-15T00:00:05.908+0000] {processor.py:840} INFO - DAG(s) 'example_short_circuit_operator' retrieved from /home/airflow/.local/lib/python3.12/site-packages/airflow/example_dags/example_short_circuit_operator.py
[2024-08-15T00:00:05.921+0000] {logging_mixin.py:188} INFO - [2024-08-15T00:00:05.921+0000] {dag.py:3096} INFO - Sync 1 DAGs
[2024-08-15T00:00:05.933+0000] {logging_mixin.py:188} INFO - [2024-08-15T00:00:05.933+0000] {dag.py:3954} INFO - Setting next_dagrun for example_short_circuit_operator to 2024-08-14 00:00:00+00:00, run_after=2024-08-15 00:00:00+00:00
[2024-08-15T00:00:05.943+0000] {processor.py:183} INFO - Processing /home/airflow/.local/lib/python3.12/site-packages/airflow/example_dags/example_short_circuit_operator.py took 0.044 seconds
[2024-08-15T00:00:36.542+0000] {processor.py:161} INFO - Started process (PID=3815) to work on /home/airflow/.local/lib/python3.12/site-packages/airflow/example_dags/example_short_circuit_operator.py
[2024-08-15T00:00:36.543+0000] {processor.py:830} INFO - Processing file /home/airflow/.local/lib/python3.12/site-packages/airflow/example_dags/example_short_circuit_operator.py for tasks to queue
[2024-08-15T00:00:36.544+0000] {logging_mixin.py:188} INFO - [2024-08-15T00:00:36.544+0000] {dagbag.py:540} INFO - Filling up the DagBag from /home/airflow/.local/lib/python3.12/site-packages/airflow/example_dags/example_short_circuit_operator.py
[2024-08-15T00:00:36.548+0000] {processor.py:840} INFO - DAG(s) 'example_short_circuit_operator' retrieved from /home/airflow/.local/lib/python3.12/site-packages/airflow/example_dags/example_short_circuit_operator.py
[2024-08-15T00:00:36.561+0000] {logging_mixin.py:188} INFO - [2024-08-15T00:00:36.561+0000] {dag.py:3096} INFO - Sync 1 DAGs
[2024-08-15T00:00:36.573+0000] {logging_mixin.py:188} INFO - [2024-08-15T00:00:36.573+0000] {dag.py:3954} INFO - Setting next_dagrun for example_short_circuit_operator to 2024-08-14 00:00:00+00:00, run_after=2024-08-15 00:00:00+00:00
[2024-08-15T00:00:36.585+0000] {processor.py:183} INFO - Processing /home/airflow/.local/lib/python3.12/site-packages/airflow/example_dags/example_short_circuit_operator.py took 0.045 seconds
[2024-08-15T00:01:07.213+0000] {processor.py:161} INFO - Started process (PID=3873) to work on /home/airflow/.local/lib/python3.12/site-packages/airflow/example_dags/example_short_circuit_operator.py
[2024-08-15T00:01:07.214+0000] {processor.py:830} INFO - Processing file /home/airflow/.local/lib/python3.12/site-packages/airflow/example_dags/example_short_circuit_operator.py for tasks to queue
[2024-08-15T00:01:07.215+0000] {logging_mixin.py:188} INFO - [2024-08-15T00:01:07.215+0000] {dagbag.py:540} INFO - Filling up the DagBag from /home/airflow/.local/lib/python3.12/site-packages/airflow/example_dags/example_short_circuit_operator.py
[2024-08-15T00:01:07.219+0000] {processor.py:840} INFO - DAG(s) 'example_short_circuit_operator' retrieved from /home/airflow/.local/lib/python3.12/site-packages/airflow/example_dags/example_short_circuit_operator.py
[2024-08-15T00:01:07.232+0000] {logging_mixin.py:188} INFO - [2024-08-15T00:01:07.232+0000] {dag.py:3096} INFO - Sync 1 DAGs
[2024-08-15T00:01:07.244+0000] {logging_mixin.py:188} INFO - [2024-08-15T00:01:07.244+0000] {dag.py:3954} INFO - Setting next_dagrun for example_short_circuit_operator to 2024-08-14 00:00:00+00:00, run_after=2024-08-15 00:00:00+00:00
[2024-08-15T00:01:07.253+0000] {processor.py:183} INFO - Processing /home/airflow/.local/lib/python3.12/site-packages/airflow/example_dags/example_short_circuit_operator.py took 0.043 seconds
[2024-08-15T00:01:37.842+0000] {processor.py:161} INFO - Started process (PID=3931) to work on /home/airflow/.local/lib/python3.12/site-packages/airflow/example_dags/example_short_circuit_operator.py
[2024-08-15T00:01:37.842+0000] {processor.py:830} INFO - Processing file /home/airflow/.local/lib/python3.12/site-packages/airflow/example_dags/example_short_circuit_operator.py for tasks to queue
[2024-08-15T00:01:37.843+0000] {logging_mixin.py:188} INFO - [2024-08-15T00:01:37.843+0000] {dagbag.py:540} INFO - Filling up the DagBag from /home/airflow/.local/lib/python3.12/site-packages/airflow/example_dags/example_short_circuit_operator.py
[2024-08-15T00:01:37.847+0000] {processor.py:840} INFO - DAG(s) 'example_short_circuit_operator' retrieved from /home/airflow/.local/lib/python3.12/site-packages/airflow/example_dags/example_short_circuit_operator.py
[2024-08-15T00:01:37.859+0000] {logging_mixin.py:188} INFO - [2024-08-15T00:01:37.859+0000] {dag.py:3096} INFO - Sync 1 DAGs
[2024-08-15T00:01:37.870+0000] {logging_mixin.py:188} INFO - [2024-08-15T00:01:37.870+0000] {dag.py:3954} INFO - Setting next_dagrun for example_short_circuit_operator to 2024-08-14 00:00:00+00:00, run_after=2024-08-15 00:00:00+00:00
[2024-08-15T00:01:37.880+0000] {processor.py:183} INFO - Processing /home/airflow/.local/lib/python3.12/site-packages/airflow/example_dags/example_short_circuit_operator.py took 0.041 seconds
[2024-08-15T00:02:08.473+0000] {processor.py:161} INFO - Started process (PID=3989) to work on /home/airflow/.local/lib/python3.12/site-packages/airflow/example_dags/example_short_circuit_operator.py
[2024-08-15T00:02:08.473+0000] {processor.py:830} INFO - Processing file /home/airflow/.local/lib/python3.12/site-packages/airflow/example_dags/example_short_circuit_operator.py for tasks to queue
[2024-08-15T00:02:08.474+0000] {logging_mixin.py:188} INFO - [2024-08-15T00:02:08.474+0000] {dagbag.py:540} INFO - Filling up the DagBag from /home/airflow/.local/lib/python3.12/site-packages/airflow/example_dags/example_short_circuit_operator.py
[2024-08-15T00:02:08.478+0000] {processor.py:840} INFO - DAG(s) 'example_short_circuit_operator' retrieved from /home/airflow/.local/lib/python3.12/site-packages/airflow/example_dags/example_short_circuit_operator.py
[2024-08-15T00:02:08.491+0000] {logging_mixin.py:188} INFO - [2024-08-15T00:02:08.491+0000] {dag.py:3096} INFO - Sync 1 DAGs
[2024-08-15T00:02:08.502+0000] {logging_mixin.py:188} INFO - [2024-08-15T00:02:08.502+0000] {dag.py:3954} INFO - Setting next_dagrun for example_short_circuit_operator to 2024-08-14 00:00:00+00:00, run_after=2024-08-15 00:00:00+00:00
[2024-08-15T00:02:08.511+0000] {processor.py:183} INFO - Processing /home/airflow/.local/lib/python3.12/site-packages/airflow/example_dags/example_short_circuit_operator.py took 0.042 seconds
[2024-08-15T00:02:39.125+0000] {processor.py:161} INFO - Started process (PID=4047) to work on /home/airflow/.local/lib/python3.12/site-packages/airflow/example_dags/example_short_circuit_operator.py
[2024-08-15T00:02:39.125+0000] {processor.py:830} INFO - Processing file /home/airflow/.local/lib/python3.12/site-packages/airflow/example_dags/example_short_circuit_operator.py for tasks to queue
[2024-08-15T00:02:39.126+0000] {logging_mixin.py:188} INFO - [2024-08-15T00:02:39.126+0000] {dagbag.py:540} INFO - Filling up the DagBag from /home/airflow/.local/lib/python3.12/site-packages/airflow/example_dags/example_short_circuit_operator.py
[2024-08-15T00:02:39.131+0000] {processor.py:840} INFO - DAG(s) 'example_short_circuit_operator' retrieved from /home/airflow/.local/lib/python3.12/site-packages/airflow/example_dags/example_short_circuit_operator.py
[2024-08-15T00:02:39.145+0000] {logging_mixin.py:188} INFO - [2024-08-15T00:02:39.145+0000] {dag.py:3096} INFO - Sync 1 DAGs
[2024-08-15T00:02:39.158+0000] {logging_mixin.py:188} INFO - [2024-08-15T00:02:39.158+0000] {dag.py:3954} INFO - Setting next_dagrun for example_short_circuit_operator to 2024-08-14 00:00:00+00:00, run_after=2024-08-15 00:00:00+00:00
[2024-08-15T00:02:39.168+0000] {processor.py:183} INFO - Processing /home/airflow/.local/lib/python3.12/site-packages/airflow/example_dags/example_short_circuit_operator.py took 0.047 seconds
[2024-08-15T00:03:09.708+0000] {processor.py:161} INFO - Started process (PID=4105) to work on /home/airflow/.local/lib/python3.12/site-packages/airflow/example_dags/example_short_circuit_operator.py
[2024-08-15T00:03:09.709+0000] {processor.py:830} INFO - Processing file /home/airflow/.local/lib/python3.12/site-packages/airflow/example_dags/example_short_circuit_operator.py for tasks to queue
[2024-08-15T00:03:09.710+0000] {logging_mixin.py:188} INFO - [2024-08-15T00:03:09.710+0000] {dagbag.py:540} INFO - Filling up the DagBag from /home/airflow/.local/lib/python3.12/site-packages/airflow/example_dags/example_short_circuit_operator.py
[2024-08-15T00:03:09.714+0000] {processor.py:840} INFO - DAG(s) 'example_short_circuit_operator' retrieved from /home/airflow/.local/lib/python3.12/site-packages/airflow/example_dags/example_short_circuit_operator.py
[2024-08-15T00:03:09.728+0000] {logging_mixin.py:188} INFO - [2024-08-15T00:03:09.727+0000] {dag.py:3096} INFO - Sync 1 DAGs
[2024-08-15T00:03:09.739+0000] {logging_mixin.py:188} INFO - [2024-08-15T00:03:09.739+0000] {dag.py:3954} INFO - Setting next_dagrun for example_short_circuit_operator to 2024-08-14 00:00:00+00:00, run_after=2024-08-15 00:00:00+00:00
[2024-08-15T00:03:09.749+0000] {processor.py:183} INFO - Processing /home/airflow/.local/lib/python3.12/site-packages/airflow/example_dags/example_short_circuit_operator.py took 0.043 seconds
[2024-08-15T00:03:40.314+0000] {processor.py:161} INFO - Started process (PID=4162) to work on /home/airflow/.local/lib/python3.12/site-packages/airflow/example_dags/example_short_circuit_operator.py
[2024-08-15T00:03:40.315+0000] {processor.py:830} INFO - Processing file /home/airflow/.local/lib/python3.12/site-packages/airflow/example_dags/example_short_circuit_operator.py for tasks to queue
[2024-08-15T00:03:40.316+0000] {logging_mixin.py:188} INFO - [2024-08-15T00:03:40.315+0000] {dagbag.py:540} INFO - Filling up the DagBag from /home/airflow/.local/lib/python3.12/site-packages/airflow/example_dags/example_short_circuit_operator.py
[2024-08-15T00:03:40.319+0000] {processor.py:840} INFO - DAG(s) 'example_short_circuit_operator' retrieved from /home/airflow/.local/lib/python3.12/site-packages/airflow/example_dags/example_short_circuit_operator.py
[2024-08-15T00:03:40.332+0000] {logging_mixin.py:188} INFO - [2024-08-15T00:03:40.332+0000] {dag.py:3096} INFO - Sync 1 DAGs
[2024-08-15T00:03:40.344+0000] {logging_mixin.py:188} INFO - [2024-08-15T00:03:40.344+0000] {dag.py:3954} INFO - Setting next_dagrun for example_short_circuit_operator to 2024-08-14 00:00:00+00:00, run_after=2024-08-15 00:00:00+00:00
[2024-08-15T00:03:40.353+0000] {processor.py:183} INFO - Processing /home/airflow/.local/lib/python3.12/site-packages/airflow/example_dags/example_short_circuit_operator.py took 0.042 seconds
[2024-08-15T00:04:11.033+0000] {processor.py:161} INFO - Started process (PID=4221) to work on /home/airflow/.local/lib/python3.12/site-packages/airflow/example_dags/example_short_circuit_operator.py
[2024-08-15T00:04:11.033+0000] {processor.py:830} INFO - Processing file /home/airflow/.local/lib/python3.12/site-packages/airflow/example_dags/example_short_circuit_operator.py for tasks to queue
[2024-08-15T00:04:11.034+0000] {logging_mixin.py:188} INFO - [2024-08-15T00:04:11.034+0000] {dagbag.py:540} INFO - Filling up the DagBag from /home/airflow/.local/lib/python3.12/site-packages/airflow/example_dags/example_short_circuit_operator.py
[2024-08-15T00:04:11.038+0000] {processor.py:840} INFO - DAG(s) 'example_short_circuit_operator' retrieved from /home/airflow/.local/lib/python3.12/site-packages/airflow/example_dags/example_short_circuit_operator.py
[2024-08-15T00:04:11.051+0000] {logging_mixin.py:188} INFO - [2024-08-15T00:04:11.051+0000] {dag.py:3096} INFO - Sync 1 DAGs
[2024-08-15T00:04:11.063+0000] {logging_mixin.py:188} INFO - [2024-08-15T00:04:11.063+0000] {dag.py:3954} INFO - Setting next_dagrun for example_short_circuit_operator to 2024-08-14 00:00:00+00:00, run_after=2024-08-15 00:00:00+00:00
[2024-08-15T00:04:11.073+0000] {processor.py:183} INFO - Processing /home/airflow/.local/lib/python3.12/site-packages/airflow/example_dags/example_short_circuit_operator.py took 0.043 seconds
[2024-08-15T00:04:41.722+0000] {processor.py:161} INFO - Started process (PID=4279) to work on /home/airflow/.local/lib/python3.12/site-packages/airflow/example_dags/example_short_circuit_operator.py
[2024-08-15T00:04:41.723+0000] {processor.py:830} INFO - Processing file /home/airflow/.local/lib/python3.12/site-packages/airflow/example_dags/example_short_circuit_operator.py for tasks to queue
[2024-08-15T00:04:41.724+0000] {logging_mixin.py:188} INFO - [2024-08-15T00:04:41.723+0000] {dagbag.py:540} INFO - Filling up the DagBag from /home/airflow/.local/lib/python3.12/site-packages/airflow/example_dags/example_short_circuit_operator.py
[2024-08-15T00:04:41.728+0000] {processor.py:840} INFO - DAG(s) 'example_short_circuit_operator' retrieved from /home/airflow/.local/lib/python3.12/site-packages/airflow/example_dags/example_short_circuit_operator.py
[2024-08-15T00:04:41.742+0000] {logging_mixin.py:188} INFO - [2024-08-15T00:04:41.742+0000] {dag.py:3096} INFO - Sync 1 DAGs
[2024-08-15T00:04:41.754+0000] {logging_mixin.py:188} INFO - [2024-08-15T00:04:41.754+0000] {dag.py:3954} INFO - Setting next_dagrun for example_short_circuit_operator to 2024-08-14 00:00:00+00:00, run_after=2024-08-15 00:00:00+00:00
[2024-08-15T00:04:41.765+0000] {processor.py:183} INFO - Processing /home/airflow/.local/lib/python3.12/site-packages/airflow/example_dags/example_short_circuit_operator.py took 0.046 seconds
[2024-08-15T00:05:12.350+0000] {processor.py:161} INFO - Started process (PID=4337) to work on /home/airflow/.local/lib/python3.12/site-packages/airflow/example_dags/example_short_circuit_operator.py
[2024-08-15T00:05:12.350+0000] {processor.py:830} INFO - Processing file /home/airflow/.local/lib/python3.12/site-packages/airflow/example_dags/example_short_circuit_operator.py for tasks to queue
[2024-08-15T00:05:12.351+0000] {logging_mixin.py:188} INFO - [2024-08-15T00:05:12.351+0000] {dagbag.py:540} INFO - Filling up the DagBag from /home/airflow/.local/lib/python3.12/site-packages/airflow/example_dags/example_short_circuit_operator.py
[2024-08-15T00:05:12.355+0000] {processor.py:840} INFO - DAG(s) 'example_short_circuit_operator' retrieved from /home/airflow/.local/lib/python3.12/site-packages/airflow/example_dags/example_short_circuit_operator.py
[2024-08-15T00:05:12.369+0000] {logging_mixin.py:188} INFO - [2024-08-15T00:05:12.369+0000] {dag.py:3096} INFO - Sync 1 DAGs
[2024-08-15T00:05:12.380+0000] {logging_mixin.py:188} INFO - [2024-08-15T00:05:12.380+0000] {dag.py:3954} INFO - Setting next_dagrun for example_short_circuit_operator to 2024-08-14 00:00:00+00:00, run_after=2024-08-15 00:00:00+00:00
[2024-08-15T00:05:12.390+0000] {processor.py:183} INFO - Processing /home/airflow/.local/lib/python3.12/site-packages/airflow/example_dags/example_short_circuit_operator.py took 0.043 seconds
[2024-08-15T00:05:43.020+0000] {processor.py:161} INFO - Started process (PID=4395) to work on /home/airflow/.local/lib/python3.12/site-packages/airflow/example_dags/example_short_circuit_operator.py
[2024-08-15T00:05:43.021+0000] {processor.py:830} INFO - Processing file /home/airflow/.local/lib/python3.12/site-packages/airflow/example_dags/example_short_circuit_operator.py for tasks to queue
[2024-08-15T00:05:43.022+0000] {logging_mixin.py:188} INFO - [2024-08-15T00:05:43.022+0000] {dagbag.py:540} INFO - Filling up the DagBag from /home/airflow/.local/lib/python3.12/site-packages/airflow/example_dags/example_short_circuit_operator.py
[2024-08-15T00:05:43.026+0000] {processor.py:840} INFO - DAG(s) 'example_short_circuit_operator' retrieved from /home/airflow/.local/lib/python3.12/site-packages/airflow/example_dags/example_short_circuit_operator.py
[2024-08-15T00:05:43.039+0000] {logging_mixin.py:188} INFO - [2024-08-15T00:05:43.039+0000] {dag.py:3096} INFO - Sync 1 DAGs
[2024-08-15T00:05:43.051+0000] {logging_mixin.py:188} INFO - [2024-08-15T00:05:43.051+0000] {dag.py:3954} INFO - Setting next_dagrun for example_short_circuit_operator to 2024-08-14 00:00:00+00:00, run_after=2024-08-15 00:00:00+00:00
[2024-08-15T00:05:43.061+0000] {processor.py:183} INFO - Processing /home/airflow/.local/lib/python3.12/site-packages/airflow/example_dags/example_short_circuit_operator.py took 0.043 seconds
[2024-08-15T00:06:13.709+0000] {processor.py:161} INFO - Started process (PID=4453) to work on /home/airflow/.local/lib/python3.12/site-packages/airflow/example_dags/example_short_circuit_operator.py
[2024-08-15T00:06:13.709+0000] {processor.py:830} INFO - Processing file /home/airflow/.local/lib/python3.12/site-packages/airflow/example_dags/example_short_circuit_operator.py for tasks to queue
[2024-08-15T00:06:13.710+0000] {logging_mixin.py:188} INFO - [2024-08-15T00:06:13.710+0000] {dagbag.py:540} INFO - Filling up the DagBag from /home/airflow/.local/lib/python3.12/site-packages/airflow/example_dags/example_short_circuit_operator.py
[2024-08-15T00:06:13.714+0000] {processor.py:840} INFO - DAG(s) 'example_short_circuit_operator' retrieved from /home/airflow/.local/lib/python3.12/site-packages/airflow/example_dags/example_short_circuit_operator.py
[2024-08-15T00:06:13.727+0000] {logging_mixin.py:188} INFO - [2024-08-15T00:06:13.727+0000] {dag.py:3096} INFO - Sync 1 DAGs
[2024-08-15T00:06:13.740+0000] {logging_mixin.py:188} INFO - [2024-08-15T00:06:13.739+0000] {dag.py:3954} INFO - Setting next_dagrun for example_short_circuit_operator to 2024-08-14 00:00:00+00:00, run_after=2024-08-15 00:00:00+00:00
[2024-08-15T00:06:13.749+0000] {processor.py:183} INFO - Processing /home/airflow/.local/lib/python3.12/site-packages/airflow/example_dags/example_short_circuit_operator.py took 0.043 seconds
[2024-08-15T00:06:44.318+0000] {processor.py:161} INFO - Started process (PID=4511) to work on /home/airflow/.local/lib/python3.12/site-packages/airflow/example_dags/example_short_circuit_operator.py
[2024-08-15T00:06:44.318+0000] {processor.py:830} INFO - Processing file /home/airflow/.local/lib/python3.12/site-packages/airflow/example_dags/example_short_circuit_operator.py for tasks to queue
[2024-08-15T00:06:44.319+0000] {logging_mixin.py:188} INFO - [2024-08-15T00:06:44.319+0000] {dagbag.py:540} INFO - Filling up the DagBag from /home/airflow/.local/lib/python3.12/site-packages/airflow/example_dags/example_short_circuit_operator.py
[2024-08-15T00:06:44.323+0000] {processor.py:840} INFO - DAG(s) 'example_short_circuit_operator' retrieved from /home/airflow/.local/lib/python3.12/site-packages/airflow/example_dags/example_short_circuit_operator.py
[2024-08-15T00:06:44.336+0000] {logging_mixin.py:188} INFO - [2024-08-15T00:06:44.335+0000] {dag.py:3096} INFO - Sync 1 DAGs
[2024-08-15T00:06:44.347+0000] {logging_mixin.py:188} INFO - [2024-08-15T00:06:44.347+0000] {dag.py:3954} INFO - Setting next_dagrun for example_short_circuit_operator to 2024-08-14 00:00:00+00:00, run_after=2024-08-15 00:00:00+00:00
[2024-08-15T00:06:44.356+0000] {processor.py:183} INFO - Processing /home/airflow/.local/lib/python3.12/site-packages/airflow/example_dags/example_short_circuit_operator.py took 0.041 seconds
[2024-08-15T00:07:14.850+0000] {processor.py:161} INFO - Started process (PID=4569) to work on /home/airflow/.local/lib/python3.12/site-packages/airflow/example_dags/example_short_circuit_operator.py
[2024-08-15T00:07:14.851+0000] {processor.py:830} INFO - Processing file /home/airflow/.local/lib/python3.12/site-packages/airflow/example_dags/example_short_circuit_operator.py for tasks to queue
[2024-08-15T00:07:14.852+0000] {logging_mixin.py:188} INFO - [2024-08-15T00:07:14.851+0000] {dagbag.py:540} INFO - Filling up the DagBag from /home/airflow/.local/lib/python3.12/site-packages/airflow/example_dags/example_short_circuit_operator.py
[2024-08-15T00:07:14.856+0000] {processor.py:840} INFO - DAG(s) 'example_short_circuit_operator' retrieved from /home/airflow/.local/lib/python3.12/site-packages/airflow/example_dags/example_short_circuit_operator.py
[2024-08-15T00:07:14.868+0000] {logging_mixin.py:188} INFO - [2024-08-15T00:07:14.868+0000] {dag.py:3096} INFO - Sync 1 DAGs
[2024-08-15T00:07:14.880+0000] {logging_mixin.py:188} INFO - [2024-08-15T00:07:14.880+0000] {dag.py:3954} INFO - Setting next_dagrun for example_short_circuit_operator to 2024-08-14 00:00:00+00:00, run_after=2024-08-15 00:00:00+00:00
[2024-08-15T00:07:14.889+0000] {processor.py:183} INFO - Processing /home/airflow/.local/lib/python3.12/site-packages/airflow/example_dags/example_short_circuit_operator.py took 0.042 seconds
[2024-08-15T00:07:45.481+0000] {processor.py:161} INFO - Started process (PID=4627) to work on /home/airflow/.local/lib/python3.12/site-packages/airflow/example_dags/example_short_circuit_operator.py
[2024-08-15T00:07:45.482+0000] {processor.py:830} INFO - Processing file /home/airflow/.local/lib/python3.12/site-packages/airflow/example_dags/example_short_circuit_operator.py for tasks to queue
[2024-08-15T00:07:45.483+0000] {logging_mixin.py:188} INFO - [2024-08-15T00:07:45.483+0000] {dagbag.py:540} INFO - Filling up the DagBag from /home/airflow/.local/lib/python3.12/site-packages/airflow/example_dags/example_short_circuit_operator.py
[2024-08-15T00:07:45.487+0000] {processor.py:840} INFO - DAG(s) 'example_short_circuit_operator' retrieved from /home/airflow/.local/lib/python3.12/site-packages/airflow/example_dags/example_short_circuit_operator.py
[2024-08-15T00:07:45.500+0000] {logging_mixin.py:188} INFO - [2024-08-15T00:07:45.500+0000] {dag.py:3096} INFO - Sync 1 DAGs
[2024-08-15T00:07:45.511+0000] {logging_mixin.py:188} INFO - [2024-08-15T00:07:45.511+0000] {dag.py:3954} INFO - Setting next_dagrun for example_short_circuit_operator to 2024-08-14 00:00:00+00:00, run_after=2024-08-15 00:00:00+00:00
[2024-08-15T00:07:45.520+0000] {processor.py:183} INFO - Processing /home/airflow/.local/lib/python3.12/site-packages/airflow/example_dags/example_short_circuit_operator.py took 0.042 seconds
[2024-08-15T00:08:16.129+0000] {processor.py:161} INFO - Started process (PID=4685) to work on /home/airflow/.local/lib/python3.12/site-packages/airflow/example_dags/example_short_circuit_operator.py
[2024-08-15T00:08:16.129+0000] {processor.py:830} INFO - Processing file /home/airflow/.local/lib/python3.12/site-packages/airflow/example_dags/example_short_circuit_operator.py for tasks to queue
[2024-08-15T00:08:16.130+0000] {logging_mixin.py:188} INFO - [2024-08-15T00:08:16.130+0000] {dagbag.py:540} INFO - Filling up the DagBag from /home/airflow/.local/lib/python3.12/site-packages/airflow/example_dags/example_short_circuit_operator.py
[2024-08-15T00:08:16.134+0000] {processor.py:840} INFO - DAG(s) 'example_short_circuit_operator' retrieved from /home/airflow/.local/lib/python3.12/site-packages/airflow/example_dags/example_short_circuit_operator.py
[2024-08-15T00:08:16.147+0000] {logging_mixin.py:188} INFO - [2024-08-15T00:08:16.147+0000] {dag.py:3096} INFO - Sync 1 DAGs
[2024-08-15T00:08:16.158+0000] {logging_mixin.py:188} INFO - [2024-08-15T00:08:16.158+0000] {dag.py:3954} INFO - Setting next_dagrun for example_short_circuit_operator to 2024-08-14 00:00:00+00:00, run_after=2024-08-15 00:00:00+00:00
[2024-08-15T00:08:16.168+0000] {processor.py:183} INFO - Processing /home/airflow/.local/lib/python3.12/site-packages/airflow/example_dags/example_short_circuit_operator.py took 0.042 seconds
[2024-08-15T00:08:46.824+0000] {processor.py:161} INFO - Started process (PID=4743) to work on /home/airflow/.local/lib/python3.12/site-packages/airflow/example_dags/example_short_circuit_operator.py
[2024-08-15T00:08:46.824+0000] {processor.py:830} INFO - Processing file /home/airflow/.local/lib/python3.12/site-packages/airflow/example_dags/example_short_circuit_operator.py for tasks to queue
[2024-08-15T00:08:46.825+0000] {logging_mixin.py:188} INFO - [2024-08-15T00:08:46.825+0000] {dagbag.py:540} INFO - Filling up the DagBag from /home/airflow/.local/lib/python3.12/site-packages/airflow/example_dags/example_short_circuit_operator.py
[2024-08-15T00:08:46.829+0000] {processor.py:840} INFO - DAG(s) 'example_short_circuit_operator' retrieved from /home/airflow/.local/lib/python3.12/site-packages/airflow/example_dags/example_short_circuit_operator.py
[2024-08-15T00:08:46.842+0000] {logging_mixin.py:188} INFO - [2024-08-15T00:08:46.841+0000] {dag.py:3096} INFO - Sync 1 DAGs
[2024-08-15T00:08:46.854+0000] {logging_mixin.py:188} INFO - [2024-08-15T00:08:46.853+0000] {dag.py:3954} INFO - Setting next_dagrun for example_short_circuit_operator to 2024-08-14 00:00:00+00:00, run_after=2024-08-15 00:00:00+00:00
[2024-08-15T00:08:46.865+0000] {processor.py:183} INFO - Processing /home/airflow/.local/lib/python3.12/site-packages/airflow/example_dags/example_short_circuit_operator.py took 0.044 seconds
[2024-08-15T00:09:17.488+0000] {processor.py:161} INFO - Started process (PID=4801) to work on /home/airflow/.local/lib/python3.12/site-packages/airflow/example_dags/example_short_circuit_operator.py
[2024-08-15T00:09:17.488+0000] {processor.py:830} INFO - Processing file /home/airflow/.local/lib/python3.12/site-packages/airflow/example_dags/example_short_circuit_operator.py for tasks to queue
[2024-08-15T00:09:17.489+0000] {logging_mixin.py:188} INFO - [2024-08-15T00:09:17.489+0000] {dagbag.py:540} INFO - Filling up the DagBag from /home/airflow/.local/lib/python3.12/site-packages/airflow/example_dags/example_short_circuit_operator.py
[2024-08-15T00:09:17.493+0000] {processor.py:840} INFO - DAG(s) 'example_short_circuit_operator' retrieved from /home/airflow/.local/lib/python3.12/site-packages/airflow/example_dags/example_short_circuit_operator.py
[2024-08-15T00:09:17.506+0000] {logging_mixin.py:188} INFO - [2024-08-15T00:09:17.506+0000] {dag.py:3096} INFO - Sync 1 DAGs
[2024-08-15T00:09:17.518+0000] {logging_mixin.py:188} INFO - [2024-08-15T00:09:17.518+0000] {dag.py:3954} INFO - Setting next_dagrun for example_short_circuit_operator to 2024-08-14 00:00:00+00:00, run_after=2024-08-15 00:00:00+00:00
[2024-08-15T00:09:17.527+0000] {processor.py:183} INFO - Processing /home/airflow/.local/lib/python3.12/site-packages/airflow/example_dags/example_short_circuit_operator.py took 0.042 seconds
[2024-08-15T00:09:48.098+0000] {processor.py:161} INFO - Started process (PID=4859) to work on /home/airflow/.local/lib/python3.12/site-packages/airflow/example_dags/example_short_circuit_operator.py
[2024-08-15T00:09:48.098+0000] {processor.py:830} INFO - Processing file /home/airflow/.local/lib/python3.12/site-packages/airflow/example_dags/example_short_circuit_operator.py for tasks to queue
[2024-08-15T00:09:48.099+0000] {logging_mixin.py:188} INFO - [2024-08-15T00:09:48.099+0000] {dagbag.py:540} INFO - Filling up the DagBag from /home/airflow/.local/lib/python3.12/site-packages/airflow/example_dags/example_short_circuit_operator.py
[2024-08-15T00:09:48.103+0000] {processor.py:840} INFO - DAG(s) 'example_short_circuit_operator' retrieved from /home/airflow/.local/lib/python3.12/site-packages/airflow/example_dags/example_short_circuit_operator.py
[2024-08-15T00:09:48.116+0000] {logging_mixin.py:188} INFO - [2024-08-15T00:09:48.116+0000] {dag.py:3096} INFO - Sync 1 DAGs
[2024-08-15T00:09:48.127+0000] {logging_mixin.py:188} INFO - [2024-08-15T00:09:48.127+0000] {dag.py:3954} INFO - Setting next_dagrun for example_short_circuit_operator to 2024-08-14 00:00:00+00:00, run_after=2024-08-15 00:00:00+00:00
[2024-08-15T00:09:48.136+0000] {processor.py:183} INFO - Processing /home/airflow/.local/lib/python3.12/site-packages/airflow/example_dags/example_short_circuit_operator.py took 0.042 seconds
[2024-08-15T00:10:18.668+0000] {processor.py:161} INFO - Started process (PID=4917) to work on /home/airflow/.local/lib/python3.12/site-packages/airflow/example_dags/example_short_circuit_operator.py
[2024-08-15T00:10:18.669+0000] {processor.py:830} INFO - Processing file /home/airflow/.local/lib/python3.12/site-packages/airflow/example_dags/example_short_circuit_operator.py for tasks to queue
[2024-08-15T00:10:18.670+0000] {logging_mixin.py:188} INFO - [2024-08-15T00:10:18.670+0000] {dagbag.py:540} INFO - Filling up the DagBag from /home/airflow/.local/lib/python3.12/site-packages/airflow/example_dags/example_short_circuit_operator.py
[2024-08-15T00:10:18.675+0000] {processor.py:840} INFO - DAG(s) 'example_short_circuit_operator' retrieved from /home/airflow/.local/lib/python3.12/site-packages/airflow/example_dags/example_short_circuit_operator.py
[2024-08-15T00:10:18.688+0000] {logging_mixin.py:188} INFO - [2024-08-15T00:10:18.688+0000] {dag.py:3096} INFO - Sync 1 DAGs
[2024-08-15T00:10:18.700+0000] {logging_mixin.py:188} INFO - [2024-08-15T00:10:18.700+0000] {dag.py:3954} INFO - Setting next_dagrun for example_short_circuit_operator to 2024-08-14 00:00:00+00:00, run_after=2024-08-15 00:00:00+00:00
[2024-08-15T00:10:18.710+0000] {processor.py:183} INFO - Processing /home/airflow/.local/lib/python3.12/site-packages/airflow/example_dags/example_short_circuit_operator.py took 0.046 seconds
[2024-08-15T00:10:49.294+0000] {processor.py:161} INFO - Started process (PID=4975) to work on /home/airflow/.local/lib/python3.12/site-packages/airflow/example_dags/example_short_circuit_operator.py
[2024-08-15T00:10:49.295+0000] {processor.py:830} INFO - Processing file /home/airflow/.local/lib/python3.12/site-packages/airflow/example_dags/example_short_circuit_operator.py for tasks to queue
[2024-08-15T00:10:49.296+0000] {logging_mixin.py:188} INFO - [2024-08-15T00:10:49.296+0000] {dagbag.py:540} INFO - Filling up the DagBag from /home/airflow/.local/lib/python3.12/site-packages/airflow/example_dags/example_short_circuit_operator.py
[2024-08-15T00:10:49.300+0000] {processor.py:840} INFO - DAG(s) 'example_short_circuit_operator' retrieved from /home/airflow/.local/lib/python3.12/site-packages/airflow/example_dags/example_short_circuit_operator.py
[2024-08-15T00:10:49.313+0000] {logging_mixin.py:188} INFO - [2024-08-15T00:10:49.313+0000] {dag.py:3096} INFO - Sync 1 DAGs
[2024-08-15T00:10:49.324+0000] {logging_mixin.py:188} INFO - [2024-08-15T00:10:49.324+0000] {dag.py:3954} INFO - Setting next_dagrun for example_short_circuit_operator to 2024-08-14 00:00:00+00:00, run_after=2024-08-15 00:00:00+00:00
[2024-08-15T00:10:49.334+0000] {processor.py:183} INFO - Processing /home/airflow/.local/lib/python3.12/site-packages/airflow/example_dags/example_short_circuit_operator.py took 0.043 seconds
[2024-08-15T00:11:19.989+0000] {processor.py:161} INFO - Started process (PID=5033) to work on /home/airflow/.local/lib/python3.12/site-packages/airflow/example_dags/example_short_circuit_operator.py
[2024-08-15T00:11:19.989+0000] {processor.py:830} INFO - Processing file /home/airflow/.local/lib/python3.12/site-packages/airflow/example_dags/example_short_circuit_operator.py for tasks to queue
[2024-08-15T00:11:19.990+0000] {logging_mixin.py:188} INFO - [2024-08-15T00:11:19.990+0000] {dagbag.py:540} INFO - Filling up the DagBag from /home/airflow/.local/lib/python3.12/site-packages/airflow/example_dags/example_short_circuit_operator.py
[2024-08-15T00:11:19.994+0000] {processor.py:840} INFO - DAG(s) 'example_short_circuit_operator' retrieved from /home/airflow/.local/lib/python3.12/site-packages/airflow/example_dags/example_short_circuit_operator.py
[2024-08-15T00:11:20.007+0000] {logging_mixin.py:188} INFO - [2024-08-15T00:11:20.007+0000] {dag.py:3096} INFO - Sync 1 DAGs
[2024-08-15T00:11:20.019+0000] {logging_mixin.py:188} INFO - [2024-08-15T00:11:20.019+0000] {dag.py:3954} INFO - Setting next_dagrun for example_short_circuit_operator to 2024-08-14 00:00:00+00:00, run_after=2024-08-15 00:00:00+00:00
[2024-08-15T00:11:20.028+0000] {processor.py:183} INFO - Processing /home/airflow/.local/lib/python3.12/site-packages/airflow/example_dags/example_short_circuit_operator.py took 0.043 seconds
