[2024-08-15T00:00:04.217+0000] {processor.py:161} INFO - Started process (PID=3737) to work on /home/airflow/.local/lib/python3.12/site-packages/airflow/example_dags/tutorial_objectstorage.py
[2024-08-15T00:00:04.218+0000] {processor.py:830} INFO - Processing file /home/airflow/.local/lib/python3.12/site-packages/airflow/example_dags/tutorial_objectstorage.py for tasks to queue
[2024-08-15T00:00:04.219+0000] {logging_mixin.py:188} INFO - [2024-08-15T00:00:04.219+0000] {dagbag.py:540} INFO - Filling up the DagBag from /home/airflow/.local/lib/python3.12/site-packages/airflow/example_dags/tutorial_objectstorage.py
[2024-08-15T00:00:04.222+0000] {processor.py:840} INFO - DAG(s) 'tutorial_objectstorage' retrieved from /home/airflow/.local/lib/python3.12/site-packages/airflow/example_dags/tutorial_objectstorage.py
[2024-08-15T00:00:04.233+0000] {logging_mixin.py:188} INFO - [2024-08-15T00:00:04.233+0000] {dag.py:3096} INFO - Sync 1 DAGs
[2024-08-15T00:00:04.240+0000] {logging_mixin.py:188} INFO - [2024-08-15T00:00:04.240+0000] {dag.py:3954} INFO - Setting next_dagrun for tutorial_objectstorage to None, run_after=None
[2024-08-15T00:00:04.249+0000] {processor.py:183} INFO - Processing /home/airflow/.local/lib/python3.12/site-packages/airflow/example_dags/tutorial_objectstorage.py took 0.035 seconds
[2024-08-15T00:00:34.891+0000] {processor.py:161} INFO - Started process (PID=3795) to work on /home/airflow/.local/lib/python3.12/site-packages/airflow/example_dags/tutorial_objectstorage.py
[2024-08-15T00:00:34.891+0000] {processor.py:830} INFO - Processing file /home/airflow/.local/lib/python3.12/site-packages/airflow/example_dags/tutorial_objectstorage.py for tasks to queue
[2024-08-15T00:00:34.892+0000] {logging_mixin.py:188} INFO - [2024-08-15T00:00:34.892+0000] {dagbag.py:540} INFO - Filling up the DagBag from /home/airflow/.local/lib/python3.12/site-packages/airflow/example_dags/tutorial_objectstorage.py
[2024-08-15T00:00:34.896+0000] {processor.py:840} INFO - DAG(s) 'tutorial_objectstorage' retrieved from /home/airflow/.local/lib/python3.12/site-packages/airflow/example_dags/tutorial_objectstorage.py
[2024-08-15T00:00:34.907+0000] {logging_mixin.py:188} INFO - [2024-08-15T00:00:34.907+0000] {dag.py:3096} INFO - Sync 1 DAGs
[2024-08-15T00:00:34.914+0000] {logging_mixin.py:188} INFO - [2024-08-15T00:00:34.913+0000] {dag.py:3954} INFO - Setting next_dagrun for tutorial_objectstorage to None, run_after=None
[2024-08-15T00:00:34.924+0000] {processor.py:183} INFO - Processing /home/airflow/.local/lib/python3.12/site-packages/airflow/example_dags/tutorial_objectstorage.py took 0.036 seconds
[2024-08-15T00:01:05.521+0000] {processor.py:161} INFO - Started process (PID=3853) to work on /home/airflow/.local/lib/python3.12/site-packages/airflow/example_dags/tutorial_objectstorage.py
[2024-08-15T00:01:05.521+0000] {processor.py:830} INFO - Processing file /home/airflow/.local/lib/python3.12/site-packages/airflow/example_dags/tutorial_objectstorage.py for tasks to queue
[2024-08-15T00:01:05.522+0000] {logging_mixin.py:188} INFO - [2024-08-15T00:01:05.522+0000] {dagbag.py:540} INFO - Filling up the DagBag from /home/airflow/.local/lib/python3.12/site-packages/airflow/example_dags/tutorial_objectstorage.py
[2024-08-15T00:01:05.526+0000] {processor.py:840} INFO - DAG(s) 'tutorial_objectstorage' retrieved from /home/airflow/.local/lib/python3.12/site-packages/airflow/example_dags/tutorial_objectstorage.py
[2024-08-15T00:01:05.538+0000] {logging_mixin.py:188} INFO - [2024-08-15T00:01:05.538+0000] {dag.py:3096} INFO - Sync 1 DAGs
[2024-08-15T00:01:05.545+0000] {logging_mixin.py:188} INFO - [2024-08-15T00:01:05.544+0000] {dag.py:3954} INFO - Setting next_dagrun for tutorial_objectstorage to None, run_after=None
[2024-08-15T00:01:05.555+0000] {processor.py:183} INFO - Processing /home/airflow/.local/lib/python3.12/site-packages/airflow/example_dags/tutorial_objectstorage.py took 0.038 seconds
[2024-08-15T00:01:36.200+0000] {processor.py:161} INFO - Started process (PID=3911) to work on /home/airflow/.local/lib/python3.12/site-packages/airflow/example_dags/tutorial_objectstorage.py
[2024-08-15T00:01:36.201+0000] {processor.py:830} INFO - Processing file /home/airflow/.local/lib/python3.12/site-packages/airflow/example_dags/tutorial_objectstorage.py for tasks to queue
[2024-08-15T00:01:36.202+0000] {logging_mixin.py:188} INFO - [2024-08-15T00:01:36.202+0000] {dagbag.py:540} INFO - Filling up the DagBag from /home/airflow/.local/lib/python3.12/site-packages/airflow/example_dags/tutorial_objectstorage.py
[2024-08-15T00:01:36.206+0000] {processor.py:840} INFO - DAG(s) 'tutorial_objectstorage' retrieved from /home/airflow/.local/lib/python3.12/site-packages/airflow/example_dags/tutorial_objectstorage.py
[2024-08-15T00:01:36.217+0000] {logging_mixin.py:188} INFO - [2024-08-15T00:01:36.217+0000] {dag.py:3096} INFO - Sync 1 DAGs
[2024-08-15T00:01:36.224+0000] {logging_mixin.py:188} INFO - [2024-08-15T00:01:36.223+0000] {dag.py:3954} INFO - Setting next_dagrun for tutorial_objectstorage to None, run_after=None
[2024-08-15T00:01:36.233+0000] {processor.py:183} INFO - Processing /home/airflow/.local/lib/python3.12/site-packages/airflow/example_dags/tutorial_objectstorage.py took 0.036 seconds
[2024-08-15T00:02:06.834+0000] {processor.py:161} INFO - Started process (PID=3969) to work on /home/airflow/.local/lib/python3.12/site-packages/airflow/example_dags/tutorial_objectstorage.py
[2024-08-15T00:02:06.835+0000] {processor.py:830} INFO - Processing file /home/airflow/.local/lib/python3.12/site-packages/airflow/example_dags/tutorial_objectstorage.py for tasks to queue
[2024-08-15T00:02:06.835+0000] {logging_mixin.py:188} INFO - [2024-08-15T00:02:06.835+0000] {dagbag.py:540} INFO - Filling up the DagBag from /home/airflow/.local/lib/python3.12/site-packages/airflow/example_dags/tutorial_objectstorage.py
[2024-08-15T00:02:06.839+0000] {processor.py:840} INFO - DAG(s) 'tutorial_objectstorage' retrieved from /home/airflow/.local/lib/python3.12/site-packages/airflow/example_dags/tutorial_objectstorage.py
[2024-08-15T00:02:06.849+0000] {logging_mixin.py:188} INFO - [2024-08-15T00:02:06.849+0000] {dag.py:3096} INFO - Sync 1 DAGs
[2024-08-15T00:02:06.856+0000] {logging_mixin.py:188} INFO - [2024-08-15T00:02:06.855+0000] {dag.py:3954} INFO - Setting next_dagrun for tutorial_objectstorage to None, run_after=None
[2024-08-15T00:02:06.865+0000] {processor.py:183} INFO - Processing /home/airflow/.local/lib/python3.12/site-packages/airflow/example_dags/tutorial_objectstorage.py took 0.034 seconds
[2024-08-15T00:02:37.468+0000] {processor.py:161} INFO - Started process (PID=4027) to work on /home/airflow/.local/lib/python3.12/site-packages/airflow/example_dags/tutorial_objectstorage.py
[2024-08-15T00:02:37.468+0000] {processor.py:830} INFO - Processing file /home/airflow/.local/lib/python3.12/site-packages/airflow/example_dags/tutorial_objectstorage.py for tasks to queue
[2024-08-15T00:02:37.469+0000] {logging_mixin.py:188} INFO - [2024-08-15T00:02:37.469+0000] {dagbag.py:540} INFO - Filling up the DagBag from /home/airflow/.local/lib/python3.12/site-packages/airflow/example_dags/tutorial_objectstorage.py
[2024-08-15T00:02:37.473+0000] {processor.py:840} INFO - DAG(s) 'tutorial_objectstorage' retrieved from /home/airflow/.local/lib/python3.12/site-packages/airflow/example_dags/tutorial_objectstorage.py
[2024-08-15T00:02:37.483+0000] {logging_mixin.py:188} INFO - [2024-08-15T00:02:37.483+0000] {dag.py:3096} INFO - Sync 1 DAGs
[2024-08-15T00:02:37.489+0000] {logging_mixin.py:188} INFO - [2024-08-15T00:02:37.489+0000] {dag.py:3954} INFO - Setting next_dagrun for tutorial_objectstorage to None, run_after=None
[2024-08-15T00:02:37.499+0000] {processor.py:183} INFO - Processing /home/airflow/.local/lib/python3.12/site-packages/airflow/example_dags/tutorial_objectstorage.py took 0.034 seconds
[2024-08-15T00:03:08.053+0000] {processor.py:161} INFO - Started process (PID=4085) to work on /home/airflow/.local/lib/python3.12/site-packages/airflow/example_dags/tutorial_objectstorage.py
[2024-08-15T00:03:08.054+0000] {processor.py:830} INFO - Processing file /home/airflow/.local/lib/python3.12/site-packages/airflow/example_dags/tutorial_objectstorage.py for tasks to queue
[2024-08-15T00:03:08.055+0000] {logging_mixin.py:188} INFO - [2024-08-15T00:03:08.055+0000] {dagbag.py:540} INFO - Filling up the DagBag from /home/airflow/.local/lib/python3.12/site-packages/airflow/example_dags/tutorial_objectstorage.py
[2024-08-15T00:03:08.058+0000] {processor.py:840} INFO - DAG(s) 'tutorial_objectstorage' retrieved from /home/airflow/.local/lib/python3.12/site-packages/airflow/example_dags/tutorial_objectstorage.py
[2024-08-15T00:03:08.069+0000] {logging_mixin.py:188} INFO - [2024-08-15T00:03:08.068+0000] {dag.py:3096} INFO - Sync 1 DAGs
[2024-08-15T00:03:08.075+0000] {logging_mixin.py:188} INFO - [2024-08-15T00:03:08.075+0000] {dag.py:3954} INFO - Setting next_dagrun for tutorial_objectstorage to None, run_after=None
[2024-08-15T00:03:08.085+0000] {processor.py:183} INFO - Processing /home/airflow/.local/lib/python3.12/site-packages/airflow/example_dags/tutorial_objectstorage.py took 0.034 seconds
[2024-08-15T00:03:38.716+0000] {processor.py:161} INFO - Started process (PID=4143) to work on /home/airflow/.local/lib/python3.12/site-packages/airflow/example_dags/tutorial_objectstorage.py
[2024-08-15T00:03:38.717+0000] {processor.py:830} INFO - Processing file /home/airflow/.local/lib/python3.12/site-packages/airflow/example_dags/tutorial_objectstorage.py for tasks to queue
[2024-08-15T00:03:38.718+0000] {logging_mixin.py:188} INFO - [2024-08-15T00:03:38.718+0000] {dagbag.py:540} INFO - Filling up the DagBag from /home/airflow/.local/lib/python3.12/site-packages/airflow/example_dags/tutorial_objectstorage.py
[2024-08-15T00:03:38.722+0000] {processor.py:840} INFO - DAG(s) 'tutorial_objectstorage' retrieved from /home/airflow/.local/lib/python3.12/site-packages/airflow/example_dags/tutorial_objectstorage.py
[2024-08-15T00:03:38.733+0000] {logging_mixin.py:188} INFO - [2024-08-15T00:03:38.732+0000] {dag.py:3096} INFO - Sync 1 DAGs
[2024-08-15T00:03:38.739+0000] {logging_mixin.py:188} INFO - [2024-08-15T00:03:38.739+0000] {dag.py:3954} INFO - Setting next_dagrun for tutorial_objectstorage to None, run_after=None
[2024-08-15T00:03:38.749+0000] {processor.py:183} INFO - Processing /home/airflow/.local/lib/python3.12/site-packages/airflow/example_dags/tutorial_objectstorage.py took 0.036 seconds
[2024-08-15T00:04:09.383+0000] {processor.py:161} INFO - Started process (PID=4201) to work on /home/airflow/.local/lib/python3.12/site-packages/airflow/example_dags/tutorial_objectstorage.py
[2024-08-15T00:04:09.384+0000] {processor.py:830} INFO - Processing file /home/airflow/.local/lib/python3.12/site-packages/airflow/example_dags/tutorial_objectstorage.py for tasks to queue
[2024-08-15T00:04:09.385+0000] {logging_mixin.py:188} INFO - [2024-08-15T00:04:09.385+0000] {dagbag.py:540} INFO - Filling up the DagBag from /home/airflow/.local/lib/python3.12/site-packages/airflow/example_dags/tutorial_objectstorage.py
[2024-08-15T00:04:09.389+0000] {processor.py:840} INFO - DAG(s) 'tutorial_objectstorage' retrieved from /home/airflow/.local/lib/python3.12/site-packages/airflow/example_dags/tutorial_objectstorage.py
[2024-08-15T00:04:09.400+0000] {logging_mixin.py:188} INFO - [2024-08-15T00:04:09.400+0000] {dag.py:3096} INFO - Sync 1 DAGs
[2024-08-15T00:04:09.407+0000] {logging_mixin.py:188} INFO - [2024-08-15T00:04:09.407+0000] {dag.py:3954} INFO - Setting next_dagrun for tutorial_objectstorage to None, run_after=None
[2024-08-15T00:04:09.418+0000] {processor.py:183} INFO - Processing /home/airflow/.local/lib/python3.12/site-packages/airflow/example_dags/tutorial_objectstorage.py took 0.038 seconds
[2024-08-15T00:04:40.034+0000] {processor.py:161} INFO - Started process (PID=4259) to work on /home/airflow/.local/lib/python3.12/site-packages/airflow/example_dags/tutorial_objectstorage.py
[2024-08-15T00:04:40.034+0000] {processor.py:830} INFO - Processing file /home/airflow/.local/lib/python3.12/site-packages/airflow/example_dags/tutorial_objectstorage.py for tasks to queue
[2024-08-15T00:04:40.035+0000] {logging_mixin.py:188} INFO - [2024-08-15T00:04:40.035+0000] {dagbag.py:540} INFO - Filling up the DagBag from /home/airflow/.local/lib/python3.12/site-packages/airflow/example_dags/tutorial_objectstorage.py
[2024-08-15T00:04:40.039+0000] {processor.py:840} INFO - DAG(s) 'tutorial_objectstorage' retrieved from /home/airflow/.local/lib/python3.12/site-packages/airflow/example_dags/tutorial_objectstorage.py
[2024-08-15T00:04:40.049+0000] {logging_mixin.py:188} INFO - [2024-08-15T00:04:40.049+0000] {dag.py:3096} INFO - Sync 1 DAGs
[2024-08-15T00:04:40.056+0000] {logging_mixin.py:188} INFO - [2024-08-15T00:04:40.056+0000] {dag.py:3954} INFO - Setting next_dagrun for tutorial_objectstorage to None, run_after=None
[2024-08-15T00:04:40.067+0000] {processor.py:183} INFO - Processing /home/airflow/.local/lib/python3.12/site-packages/airflow/example_dags/tutorial_objectstorage.py took 0.036 seconds
[2024-08-15T00:05:10.716+0000] {processor.py:161} INFO - Started process (PID=4317) to work on /home/airflow/.local/lib/python3.12/site-packages/airflow/example_dags/tutorial_objectstorage.py
[2024-08-15T00:05:10.717+0000] {processor.py:830} INFO - Processing file /home/airflow/.local/lib/python3.12/site-packages/airflow/example_dags/tutorial_objectstorage.py for tasks to queue
[2024-08-15T00:05:10.718+0000] {logging_mixin.py:188} INFO - [2024-08-15T00:05:10.717+0000] {dagbag.py:540} INFO - Filling up the DagBag from /home/airflow/.local/lib/python3.12/site-packages/airflow/example_dags/tutorial_objectstorage.py
[2024-08-15T00:05:10.721+0000] {processor.py:840} INFO - DAG(s) 'tutorial_objectstorage' retrieved from /home/airflow/.local/lib/python3.12/site-packages/airflow/example_dags/tutorial_objectstorage.py
[2024-08-15T00:05:10.732+0000] {logging_mixin.py:188} INFO - [2024-08-15T00:05:10.732+0000] {dag.py:3096} INFO - Sync 1 DAGs
[2024-08-15T00:05:10.739+0000] {logging_mixin.py:188} INFO - [2024-08-15T00:05:10.739+0000] {dag.py:3954} INFO - Setting next_dagrun for tutorial_objectstorage to None, run_after=None
[2024-08-15T00:05:10.749+0000] {processor.py:183} INFO - Processing /home/airflow/.local/lib/python3.12/site-packages/airflow/example_dags/tutorial_objectstorage.py took 0.036 seconds
[2024-08-15T00:05:41.363+0000] {processor.py:161} INFO - Started process (PID=4375) to work on /home/airflow/.local/lib/python3.12/site-packages/airflow/example_dags/tutorial_objectstorage.py
[2024-08-15T00:05:41.363+0000] {processor.py:830} INFO - Processing file /home/airflow/.local/lib/python3.12/site-packages/airflow/example_dags/tutorial_objectstorage.py for tasks to queue
[2024-08-15T00:05:41.364+0000] {logging_mixin.py:188} INFO - [2024-08-15T00:05:41.364+0000] {dagbag.py:540} INFO - Filling up the DagBag from /home/airflow/.local/lib/python3.12/site-packages/airflow/example_dags/tutorial_objectstorage.py
[2024-08-15T00:05:41.368+0000] {processor.py:840} INFO - DAG(s) 'tutorial_objectstorage' retrieved from /home/airflow/.local/lib/python3.12/site-packages/airflow/example_dags/tutorial_objectstorage.py
[2024-08-15T00:05:41.380+0000] {logging_mixin.py:188} INFO - [2024-08-15T00:05:41.380+0000] {dag.py:3096} INFO - Sync 1 DAGs
[2024-08-15T00:05:41.387+0000] {logging_mixin.py:188} INFO - [2024-08-15T00:05:41.387+0000] {dag.py:3954} INFO - Setting next_dagrun for tutorial_objectstorage to None, run_after=None
[2024-08-15T00:05:41.397+0000] {processor.py:183} INFO - Processing /home/airflow/.local/lib/python3.12/site-packages/airflow/example_dags/tutorial_objectstorage.py took 0.038 seconds
[2024-08-15T00:06:12.041+0000] {processor.py:161} INFO - Started process (PID=4433) to work on /home/airflow/.local/lib/python3.12/site-packages/airflow/example_dags/tutorial_objectstorage.py
[2024-08-15T00:06:12.042+0000] {processor.py:830} INFO - Processing file /home/airflow/.local/lib/python3.12/site-packages/airflow/example_dags/tutorial_objectstorage.py for tasks to queue
[2024-08-15T00:06:12.043+0000] {logging_mixin.py:188} INFO - [2024-08-15T00:06:12.042+0000] {dagbag.py:540} INFO - Filling up the DagBag from /home/airflow/.local/lib/python3.12/site-packages/airflow/example_dags/tutorial_objectstorage.py
[2024-08-15T00:06:12.046+0000] {processor.py:840} INFO - DAG(s) 'tutorial_objectstorage' retrieved from /home/airflow/.local/lib/python3.12/site-packages/airflow/example_dags/tutorial_objectstorage.py
[2024-08-15T00:06:12.057+0000] {logging_mixin.py:188} INFO - [2024-08-15T00:06:12.057+0000] {dag.py:3096} INFO - Sync 1 DAGs
[2024-08-15T00:06:12.063+0000] {logging_mixin.py:188} INFO - [2024-08-15T00:06:12.063+0000] {dag.py:3954} INFO - Setting next_dagrun for tutorial_objectstorage to None, run_after=None
[2024-08-15T00:06:12.073+0000] {processor.py:183} INFO - Processing /home/airflow/.local/lib/python3.12/site-packages/airflow/example_dags/tutorial_objectstorage.py took 0.035 seconds
[2024-08-15T00:06:42.637+0000] {processor.py:161} INFO - Started process (PID=4491) to work on /home/airflow/.local/lib/python3.12/site-packages/airflow/example_dags/tutorial_objectstorage.py
[2024-08-15T00:06:42.638+0000] {processor.py:830} INFO - Processing file /home/airflow/.local/lib/python3.12/site-packages/airflow/example_dags/tutorial_objectstorage.py for tasks to queue
[2024-08-15T00:06:42.639+0000] {logging_mixin.py:188} INFO - [2024-08-15T00:06:42.639+0000] {dagbag.py:540} INFO - Filling up the DagBag from /home/airflow/.local/lib/python3.12/site-packages/airflow/example_dags/tutorial_objectstorage.py
[2024-08-15T00:06:42.643+0000] {processor.py:840} INFO - DAG(s) 'tutorial_objectstorage' retrieved from /home/airflow/.local/lib/python3.12/site-packages/airflow/example_dags/tutorial_objectstorage.py
[2024-08-15T00:06:42.654+0000] {logging_mixin.py:188} INFO - [2024-08-15T00:06:42.654+0000] {dag.py:3096} INFO - Sync 1 DAGs
[2024-08-15T00:06:42.661+0000] {logging_mixin.py:188} INFO - [2024-08-15T00:06:42.661+0000] {dag.py:3954} INFO - Setting next_dagrun for tutorial_objectstorage to None, run_after=None
[2024-08-15T00:06:42.672+0000] {processor.py:183} INFO - Processing /home/airflow/.local/lib/python3.12/site-packages/airflow/example_dags/tutorial_objectstorage.py took 0.038 seconds
[2024-08-15T00:07:13.208+0000] {processor.py:161} INFO - Started process (PID=4549) to work on /home/airflow/.local/lib/python3.12/site-packages/airflow/example_dags/tutorial_objectstorage.py
[2024-08-15T00:07:13.208+0000] {processor.py:830} INFO - Processing file /home/airflow/.local/lib/python3.12/site-packages/airflow/example_dags/tutorial_objectstorage.py for tasks to queue
[2024-08-15T00:07:13.209+0000] {logging_mixin.py:188} INFO - [2024-08-15T00:07:13.209+0000] {dagbag.py:540} INFO - Filling up the DagBag from /home/airflow/.local/lib/python3.12/site-packages/airflow/example_dags/tutorial_objectstorage.py
[2024-08-15T00:07:13.213+0000] {processor.py:840} INFO - DAG(s) 'tutorial_objectstorage' retrieved from /home/airflow/.local/lib/python3.12/site-packages/airflow/example_dags/tutorial_objectstorage.py
[2024-08-15T00:07:13.223+0000] {logging_mixin.py:188} INFO - [2024-08-15T00:07:13.223+0000] {dag.py:3096} INFO - Sync 1 DAGs
[2024-08-15T00:07:13.230+0000] {logging_mixin.py:188} INFO - [2024-08-15T00:07:13.230+0000] {dag.py:3954} INFO - Setting next_dagrun for tutorial_objectstorage to None, run_after=None
[2024-08-15T00:07:13.239+0000] {processor.py:183} INFO - Processing /home/airflow/.local/lib/python3.12/site-packages/airflow/example_dags/tutorial_objectstorage.py took 0.034 seconds
[2024-08-15T00:07:43.825+0000] {processor.py:161} INFO - Started process (PID=4607) to work on /home/airflow/.local/lib/python3.12/site-packages/airflow/example_dags/tutorial_objectstorage.py
[2024-08-15T00:07:43.825+0000] {processor.py:830} INFO - Processing file /home/airflow/.local/lib/python3.12/site-packages/airflow/example_dags/tutorial_objectstorage.py for tasks to queue
[2024-08-15T00:07:43.826+0000] {logging_mixin.py:188} INFO - [2024-08-15T00:07:43.826+0000] {dagbag.py:540} INFO - Filling up the DagBag from /home/airflow/.local/lib/python3.12/site-packages/airflow/example_dags/tutorial_objectstorage.py
[2024-08-15T00:07:43.830+0000] {processor.py:840} INFO - DAG(s) 'tutorial_objectstorage' retrieved from /home/airflow/.local/lib/python3.12/site-packages/airflow/example_dags/tutorial_objectstorage.py
[2024-08-15T00:07:43.840+0000] {logging_mixin.py:188} INFO - [2024-08-15T00:07:43.840+0000] {dag.py:3096} INFO - Sync 1 DAGs
[2024-08-15T00:07:43.847+0000] {logging_mixin.py:188} INFO - [2024-08-15T00:07:43.847+0000] {dag.py:3954} INFO - Setting next_dagrun for tutorial_objectstorage to None, run_after=None
[2024-08-15T00:07:43.856+0000] {processor.py:183} INFO - Processing /home/airflow/.local/lib/python3.12/site-packages/airflow/example_dags/tutorial_objectstorage.py took 0.034 seconds
[2024-08-15T00:08:14.451+0000] {processor.py:161} INFO - Started process (PID=4665) to work on /home/airflow/.local/lib/python3.12/site-packages/airflow/example_dags/tutorial_objectstorage.py
[2024-08-15T00:08:14.452+0000] {processor.py:830} INFO - Processing file /home/airflow/.local/lib/python3.12/site-packages/airflow/example_dags/tutorial_objectstorage.py for tasks to queue
[2024-08-15T00:08:14.453+0000] {logging_mixin.py:188} INFO - [2024-08-15T00:08:14.452+0000] {dagbag.py:540} INFO - Filling up the DagBag from /home/airflow/.local/lib/python3.12/site-packages/airflow/example_dags/tutorial_objectstorage.py
[2024-08-15T00:08:14.456+0000] {processor.py:840} INFO - DAG(s) 'tutorial_objectstorage' retrieved from /home/airflow/.local/lib/python3.12/site-packages/airflow/example_dags/tutorial_objectstorage.py
[2024-08-15T00:08:14.467+0000] {logging_mixin.py:188} INFO - [2024-08-15T00:08:14.466+0000] {dag.py:3096} INFO - Sync 1 DAGs
[2024-08-15T00:08:14.473+0000] {logging_mixin.py:188} INFO - [2024-08-15T00:08:14.473+0000] {dag.py:3954} INFO - Setting next_dagrun for tutorial_objectstorage to None, run_after=None
[2024-08-15T00:08:14.482+0000] {processor.py:183} INFO - Processing /home/airflow/.local/lib/python3.12/site-packages/airflow/example_dags/tutorial_objectstorage.py took 0.034 seconds
[2024-08-15T00:08:45.113+0000] {processor.py:161} INFO - Started process (PID=4723) to work on /home/airflow/.local/lib/python3.12/site-packages/airflow/example_dags/tutorial_objectstorage.py
[2024-08-15T00:08:45.114+0000] {processor.py:830} INFO - Processing file /home/airflow/.local/lib/python3.12/site-packages/airflow/example_dags/tutorial_objectstorage.py for tasks to queue
[2024-08-15T00:08:45.115+0000] {logging_mixin.py:188} INFO - [2024-08-15T00:08:45.115+0000] {dagbag.py:540} INFO - Filling up the DagBag from /home/airflow/.local/lib/python3.12/site-packages/airflow/example_dags/tutorial_objectstorage.py
[2024-08-15T00:08:45.118+0000] {processor.py:840} INFO - DAG(s) 'tutorial_objectstorage' retrieved from /home/airflow/.local/lib/python3.12/site-packages/airflow/example_dags/tutorial_objectstorage.py
[2024-08-15T00:08:45.129+0000] {logging_mixin.py:188} INFO - [2024-08-15T00:08:45.129+0000] {dag.py:3096} INFO - Sync 1 DAGs
[2024-08-15T00:08:45.136+0000] {logging_mixin.py:188} INFO - [2024-08-15T00:08:45.136+0000] {dag.py:3954} INFO - Setting next_dagrun for tutorial_objectstorage to None, run_after=None
[2024-08-15T00:08:45.146+0000] {processor.py:183} INFO - Processing /home/airflow/.local/lib/python3.12/site-packages/airflow/example_dags/tutorial_objectstorage.py took 0.035 seconds
[2024-08-15T00:09:15.807+0000] {processor.py:161} INFO - Started process (PID=4781) to work on /home/airflow/.local/lib/python3.12/site-packages/airflow/example_dags/tutorial_objectstorage.py
[2024-08-15T00:09:15.807+0000] {processor.py:830} INFO - Processing file /home/airflow/.local/lib/python3.12/site-packages/airflow/example_dags/tutorial_objectstorage.py for tasks to queue
[2024-08-15T00:09:15.808+0000] {logging_mixin.py:188} INFO - [2024-08-15T00:09:15.808+0000] {dagbag.py:540} INFO - Filling up the DagBag from /home/airflow/.local/lib/python3.12/site-packages/airflow/example_dags/tutorial_objectstorage.py
[2024-08-15T00:09:15.812+0000] {processor.py:840} INFO - DAG(s) 'tutorial_objectstorage' retrieved from /home/airflow/.local/lib/python3.12/site-packages/airflow/example_dags/tutorial_objectstorage.py
[2024-08-15T00:09:15.822+0000] {logging_mixin.py:188} INFO - [2024-08-15T00:09:15.822+0000] {dag.py:3096} INFO - Sync 1 DAGs
[2024-08-15T00:09:15.829+0000] {logging_mixin.py:188} INFO - [2024-08-15T00:09:15.829+0000] {dag.py:3954} INFO - Setting next_dagrun for tutorial_objectstorage to None, run_after=None
[2024-08-15T00:09:15.839+0000] {processor.py:183} INFO - Processing /home/airflow/.local/lib/python3.12/site-packages/airflow/example_dags/tutorial_objectstorage.py took 0.035 seconds
[2024-08-15T00:09:46.440+0000] {processor.py:161} INFO - Started process (PID=4839) to work on /home/airflow/.local/lib/python3.12/site-packages/airflow/example_dags/tutorial_objectstorage.py
[2024-08-15T00:09:46.441+0000] {processor.py:830} INFO - Processing file /home/airflow/.local/lib/python3.12/site-packages/airflow/example_dags/tutorial_objectstorage.py for tasks to queue
[2024-08-15T00:09:46.442+0000] {logging_mixin.py:188} INFO - [2024-08-15T00:09:46.441+0000] {dagbag.py:540} INFO - Filling up the DagBag from /home/airflow/.local/lib/python3.12/site-packages/airflow/example_dags/tutorial_objectstorage.py
[2024-08-15T00:09:46.445+0000] {processor.py:840} INFO - DAG(s) 'tutorial_objectstorage' retrieved from /home/airflow/.local/lib/python3.12/site-packages/airflow/example_dags/tutorial_objectstorage.py
[2024-08-15T00:09:46.456+0000] {logging_mixin.py:188} INFO - [2024-08-15T00:09:46.456+0000] {dag.py:3096} INFO - Sync 1 DAGs
[2024-08-15T00:09:46.462+0000] {logging_mixin.py:188} INFO - [2024-08-15T00:09:46.462+0000] {dag.py:3954} INFO - Setting next_dagrun for tutorial_objectstorage to None, run_after=None
[2024-08-15T00:09:46.472+0000] {processor.py:183} INFO - Processing /home/airflow/.local/lib/python3.12/site-packages/airflow/example_dags/tutorial_objectstorage.py took 0.034 seconds
[2024-08-15T00:10:17.085+0000] {processor.py:161} INFO - Started process (PID=4897) to work on /home/airflow/.local/lib/python3.12/site-packages/airflow/example_dags/tutorial_objectstorage.py
[2024-08-15T00:10:17.086+0000] {processor.py:830} INFO - Processing file /home/airflow/.local/lib/python3.12/site-packages/airflow/example_dags/tutorial_objectstorage.py for tasks to queue
[2024-08-15T00:10:17.087+0000] {logging_mixin.py:188} INFO - [2024-08-15T00:10:17.087+0000] {dagbag.py:540} INFO - Filling up the DagBag from /home/airflow/.local/lib/python3.12/site-packages/airflow/example_dags/tutorial_objectstorage.py
[2024-08-15T00:10:17.091+0000] {processor.py:840} INFO - DAG(s) 'tutorial_objectstorage' retrieved from /home/airflow/.local/lib/python3.12/site-packages/airflow/example_dags/tutorial_objectstorage.py
[2024-08-15T00:10:17.102+0000] {logging_mixin.py:188} INFO - [2024-08-15T00:10:17.101+0000] {dag.py:3096} INFO - Sync 1 DAGs
[2024-08-15T00:10:17.108+0000] {logging_mixin.py:188} INFO - [2024-08-15T00:10:17.108+0000] {dag.py:3954} INFO - Setting next_dagrun for tutorial_objectstorage to None, run_after=None
[2024-08-15T00:10:17.118+0000] {processor.py:183} INFO - Processing /home/airflow/.local/lib/python3.12/site-packages/airflow/example_dags/tutorial_objectstorage.py took 0.036 seconds
[2024-08-15T00:10:47.666+0000] {processor.py:161} INFO - Started process (PID=4955) to work on /home/airflow/.local/lib/python3.12/site-packages/airflow/example_dags/tutorial_objectstorage.py
[2024-08-15T00:10:47.667+0000] {processor.py:830} INFO - Processing file /home/airflow/.local/lib/python3.12/site-packages/airflow/example_dags/tutorial_objectstorage.py for tasks to queue
[2024-08-15T00:10:47.668+0000] {logging_mixin.py:188} INFO - [2024-08-15T00:10:47.667+0000] {dagbag.py:540} INFO - Filling up the DagBag from /home/airflow/.local/lib/python3.12/site-packages/airflow/example_dags/tutorial_objectstorage.py
[2024-08-15T00:10:47.671+0000] {processor.py:840} INFO - DAG(s) 'tutorial_objectstorage' retrieved from /home/airflow/.local/lib/python3.12/site-packages/airflow/example_dags/tutorial_objectstorage.py
[2024-08-15T00:10:47.682+0000] {logging_mixin.py:188} INFO - [2024-08-15T00:10:47.681+0000] {dag.py:3096} INFO - Sync 1 DAGs
[2024-08-15T00:10:47.688+0000] {logging_mixin.py:188} INFO - [2024-08-15T00:10:47.688+0000] {dag.py:3954} INFO - Setting next_dagrun for tutorial_objectstorage to None, run_after=None
[2024-08-15T00:10:47.697+0000] {processor.py:183} INFO - Processing /home/airflow/.local/lib/python3.12/site-packages/airflow/example_dags/tutorial_objectstorage.py took 0.034 seconds
[2024-08-15T00:11:18.323+0000] {processor.py:161} INFO - Started process (PID=5013) to work on /home/airflow/.local/lib/python3.12/site-packages/airflow/example_dags/tutorial_objectstorage.py
[2024-08-15T00:11:18.324+0000] {processor.py:830} INFO - Processing file /home/airflow/.local/lib/python3.12/site-packages/airflow/example_dags/tutorial_objectstorage.py for tasks to queue
[2024-08-15T00:11:18.325+0000] {logging_mixin.py:188} INFO - [2024-08-15T00:11:18.325+0000] {dagbag.py:540} INFO - Filling up the DagBag from /home/airflow/.local/lib/python3.12/site-packages/airflow/example_dags/tutorial_objectstorage.py
[2024-08-15T00:11:18.328+0000] {processor.py:840} INFO - DAG(s) 'tutorial_objectstorage' retrieved from /home/airflow/.local/lib/python3.12/site-packages/airflow/example_dags/tutorial_objectstorage.py
[2024-08-15T00:11:18.339+0000] {logging_mixin.py:188} INFO - [2024-08-15T00:11:18.339+0000] {dag.py:3096} INFO - Sync 1 DAGs
[2024-08-15T00:11:18.346+0000] {logging_mixin.py:188} INFO - [2024-08-15T00:11:18.345+0000] {dag.py:3954} INFO - Setting next_dagrun for tutorial_objectstorage to None, run_after=None
[2024-08-15T00:11:18.355+0000] {processor.py:183} INFO - Processing /home/airflow/.local/lib/python3.12/site-packages/airflow/example_dags/tutorial_objectstorage.py took 0.035 seconds
