[2024-08-15T00:00:01.656+0000] {processor.py:161} INFO - Started process (PID=3722) to work on /home/airflow/.local/lib/python3.12/site-packages/airflow/example_dags/tutorial.py
[2024-08-15T00:00:01.656+0000] {processor.py:830} INFO - Processing file /home/airflow/.local/lib/python3.12/site-packages/airflow/example_dags/tutorial.py for tasks to queue
[2024-08-15T00:00:01.657+0000] {logging_mixin.py:188} INFO - [2024-08-15T00:00:01.657+0000] {dagbag.py:540} INFO - Filling up the DagBag from /home/airflow/.local/lib/python3.12/site-packages/airflow/example_dags/tutorial.py
[2024-08-15T00:00:01.660+0000] {processor.py:840} INFO - DAG(s) 'tutorial' retrieved from /home/airflow/.local/lib/python3.12/site-packages/airflow/example_dags/tutorial.py
[2024-08-15T00:00:01.671+0000] {logging_mixin.py:188} INFO - [2024-08-15T00:00:01.671+0000] {dag.py:3096} INFO - Sync 1 DAGs
[2024-08-15T00:00:01.682+0000] {logging_mixin.py:188} INFO - [2024-08-15T00:00:01.682+0000] {dag.py:3954} INFO - Setting next_dagrun for tutorial to 2024-08-14 00:00:00+00:00, run_after=2024-08-15 00:00:00+00:00
[2024-08-15T00:00:01.692+0000] {processor.py:183} INFO - Processing /home/airflow/.local/lib/python3.12/site-packages/airflow/example_dags/tutorial.py took 0.039 seconds
[2024-08-15T00:00:32.403+0000] {processor.py:161} INFO - Started process (PID=3780) to work on /home/airflow/.local/lib/python3.12/site-packages/airflow/example_dags/tutorial.py
[2024-08-15T00:00:32.403+0000] {processor.py:830} INFO - Processing file /home/airflow/.local/lib/python3.12/site-packages/airflow/example_dags/tutorial.py for tasks to queue
[2024-08-15T00:00:32.404+0000] {logging_mixin.py:188} INFO - [2024-08-15T00:00:32.404+0000] {dagbag.py:540} INFO - Filling up the DagBag from /home/airflow/.local/lib/python3.12/site-packages/airflow/example_dags/tutorial.py
[2024-08-15T00:00:32.407+0000] {processor.py:840} INFO - DAG(s) 'tutorial' retrieved from /home/airflow/.local/lib/python3.12/site-packages/airflow/example_dags/tutorial.py
[2024-08-15T00:00:32.419+0000] {logging_mixin.py:188} INFO - [2024-08-15T00:00:32.418+0000] {dag.py:3096} INFO - Sync 1 DAGs
[2024-08-15T00:00:32.431+0000] {logging_mixin.py:188} INFO - [2024-08-15T00:00:32.431+0000] {dag.py:3954} INFO - Setting next_dagrun for tutorial to 2024-08-14 00:00:00+00:00, run_after=2024-08-15 00:00:00+00:00
[2024-08-15T00:00:32.441+0000] {processor.py:183} INFO - Processing /home/airflow/.local/lib/python3.12/site-packages/airflow/example_dags/tutorial.py took 0.042 seconds
[2024-08-15T00:01:03.047+0000] {processor.py:161} INFO - Started process (PID=3838) to work on /home/airflow/.local/lib/python3.12/site-packages/airflow/example_dags/tutorial.py
[2024-08-15T00:01:03.048+0000] {processor.py:830} INFO - Processing file /home/airflow/.local/lib/python3.12/site-packages/airflow/example_dags/tutorial.py for tasks to queue
[2024-08-15T00:01:03.049+0000] {logging_mixin.py:188} INFO - [2024-08-15T00:01:03.049+0000] {dagbag.py:540} INFO - Filling up the DagBag from /home/airflow/.local/lib/python3.12/site-packages/airflow/example_dags/tutorial.py
[2024-08-15T00:01:03.052+0000] {processor.py:840} INFO - DAG(s) 'tutorial' retrieved from /home/airflow/.local/lib/python3.12/site-packages/airflow/example_dags/tutorial.py
[2024-08-15T00:01:03.063+0000] {logging_mixin.py:188} INFO - [2024-08-15T00:01:03.063+0000] {dag.py:3096} INFO - Sync 1 DAGs
[2024-08-15T00:01:03.075+0000] {logging_mixin.py:188} INFO - [2024-08-15T00:01:03.074+0000] {dag.py:3954} INFO - Setting next_dagrun for tutorial to 2024-08-14 00:00:00+00:00, run_after=2024-08-15 00:00:00+00:00
[2024-08-15T00:01:03.084+0000] {processor.py:183} INFO - Processing /home/airflow/.local/lib/python3.12/site-packages/airflow/example_dags/tutorial.py took 0.039 seconds
[2024-08-15T00:01:33.720+0000] {processor.py:161} INFO - Started process (PID=3896) to work on /home/airflow/.local/lib/python3.12/site-packages/airflow/example_dags/tutorial.py
[2024-08-15T00:01:33.721+0000] {processor.py:830} INFO - Processing file /home/airflow/.local/lib/python3.12/site-packages/airflow/example_dags/tutorial.py for tasks to queue
[2024-08-15T00:01:33.722+0000] {logging_mixin.py:188} INFO - [2024-08-15T00:01:33.721+0000] {dagbag.py:540} INFO - Filling up the DagBag from /home/airflow/.local/lib/python3.12/site-packages/airflow/example_dags/tutorial.py
[2024-08-15T00:01:33.724+0000] {processor.py:840} INFO - DAG(s) 'tutorial' retrieved from /home/airflow/.local/lib/python3.12/site-packages/airflow/example_dags/tutorial.py
[2024-08-15T00:01:33.736+0000] {logging_mixin.py:188} INFO - [2024-08-15T00:01:33.736+0000] {dag.py:3096} INFO - Sync 1 DAGs
[2024-08-15T00:01:33.748+0000] {logging_mixin.py:188} INFO - [2024-08-15T00:01:33.747+0000] {dag.py:3954} INFO - Setting next_dagrun for tutorial to 2024-08-14 00:00:00+00:00, run_after=2024-08-15 00:00:00+00:00
[2024-08-15T00:01:33.757+0000] {processor.py:183} INFO - Processing /home/airflow/.local/lib/python3.12/site-packages/airflow/example_dags/tutorial.py took 0.040 seconds
[2024-08-15T00:02:04.349+0000] {processor.py:161} INFO - Started process (PID=3954) to work on /home/airflow/.local/lib/python3.12/site-packages/airflow/example_dags/tutorial.py
[2024-08-15T00:02:04.349+0000] {processor.py:830} INFO - Processing file /home/airflow/.local/lib/python3.12/site-packages/airflow/example_dags/tutorial.py for tasks to queue
[2024-08-15T00:02:04.350+0000] {logging_mixin.py:188} INFO - [2024-08-15T00:02:04.350+0000] {dagbag.py:540} INFO - Filling up the DagBag from /home/airflow/.local/lib/python3.12/site-packages/airflow/example_dags/tutorial.py
[2024-08-15T00:02:04.353+0000] {processor.py:840} INFO - DAG(s) 'tutorial' retrieved from /home/airflow/.local/lib/python3.12/site-packages/airflow/example_dags/tutorial.py
[2024-08-15T00:02:04.366+0000] {logging_mixin.py:188} INFO - [2024-08-15T00:02:04.365+0000] {dag.py:3096} INFO - Sync 1 DAGs
[2024-08-15T00:02:04.378+0000] {logging_mixin.py:188} INFO - [2024-08-15T00:02:04.377+0000] {dag.py:3954} INFO - Setting next_dagrun for tutorial to 2024-08-14 00:00:00+00:00, run_after=2024-08-15 00:00:00+00:00
[2024-08-15T00:02:04.387+0000] {processor.py:183} INFO - Processing /home/airflow/.local/lib/python3.12/site-packages/airflow/example_dags/tutorial.py took 0.041 seconds
[2024-08-15T00:02:34.976+0000] {processor.py:161} INFO - Started process (PID=4012) to work on /home/airflow/.local/lib/python3.12/site-packages/airflow/example_dags/tutorial.py
[2024-08-15T00:02:34.976+0000] {processor.py:830} INFO - Processing file /home/airflow/.local/lib/python3.12/site-packages/airflow/example_dags/tutorial.py for tasks to queue
[2024-08-15T00:02:34.977+0000] {logging_mixin.py:188} INFO - [2024-08-15T00:02:34.977+0000] {dagbag.py:540} INFO - Filling up the DagBag from /home/airflow/.local/lib/python3.12/site-packages/airflow/example_dags/tutorial.py
[2024-08-15T00:02:34.980+0000] {processor.py:840} INFO - DAG(s) 'tutorial' retrieved from /home/airflow/.local/lib/python3.12/site-packages/airflow/example_dags/tutorial.py
[2024-08-15T00:02:34.991+0000] {logging_mixin.py:188} INFO - [2024-08-15T00:02:34.991+0000] {dag.py:3096} INFO - Sync 1 DAGs
[2024-08-15T00:02:35.004+0000] {logging_mixin.py:188} INFO - [2024-08-15T00:02:35.004+0000] {dag.py:3954} INFO - Setting next_dagrun for tutorial to 2024-08-14 00:00:00+00:00, run_after=2024-08-15 00:00:00+00:00
[2024-08-15T00:02:35.017+0000] {processor.py:183} INFO - Processing /home/airflow/.local/lib/python3.12/site-packages/airflow/example_dags/tutorial.py took 0.044 seconds
[2024-08-15T00:03:05.630+0000] {processor.py:161} INFO - Started process (PID=4070) to work on /home/airflow/.local/lib/python3.12/site-packages/airflow/example_dags/tutorial.py
[2024-08-15T00:03:05.631+0000] {processor.py:830} INFO - Processing file /home/airflow/.local/lib/python3.12/site-packages/airflow/example_dags/tutorial.py for tasks to queue
[2024-08-15T00:03:05.632+0000] {logging_mixin.py:188} INFO - [2024-08-15T00:03:05.632+0000] {dagbag.py:540} INFO - Filling up the DagBag from /home/airflow/.local/lib/python3.12/site-packages/airflow/example_dags/tutorial.py
[2024-08-15T00:03:05.635+0000] {processor.py:840} INFO - DAG(s) 'tutorial' retrieved from /home/airflow/.local/lib/python3.12/site-packages/airflow/example_dags/tutorial.py
[2024-08-15T00:03:05.645+0000] {logging_mixin.py:188} INFO - [2024-08-15T00:03:05.645+0000] {dag.py:3096} INFO - Sync 1 DAGs
[2024-08-15T00:03:05.656+0000] {logging_mixin.py:188} INFO - [2024-08-15T00:03:05.656+0000] {dag.py:3954} INFO - Setting next_dagrun for tutorial to 2024-08-14 00:00:00+00:00, run_after=2024-08-15 00:00:00+00:00
[2024-08-15T00:03:05.665+0000] {processor.py:183} INFO - Processing /home/airflow/.local/lib/python3.12/site-packages/airflow/example_dags/tutorial.py took 0.038 seconds
[2024-08-15T00:03:36.221+0000] {processor.py:161} INFO - Started process (PID=4128) to work on /home/airflow/.local/lib/python3.12/site-packages/airflow/example_dags/tutorial.py
[2024-08-15T00:03:36.221+0000] {processor.py:830} INFO - Processing file /home/airflow/.local/lib/python3.12/site-packages/airflow/example_dags/tutorial.py for tasks to queue
[2024-08-15T00:03:36.222+0000] {logging_mixin.py:188} INFO - [2024-08-15T00:03:36.222+0000] {dagbag.py:540} INFO - Filling up the DagBag from /home/airflow/.local/lib/python3.12/site-packages/airflow/example_dags/tutorial.py
[2024-08-15T00:03:36.225+0000] {processor.py:840} INFO - DAG(s) 'tutorial' retrieved from /home/airflow/.local/lib/python3.12/site-packages/airflow/example_dags/tutorial.py
[2024-08-15T00:03:36.237+0000] {logging_mixin.py:188} INFO - [2024-08-15T00:03:36.236+0000] {dag.py:3096} INFO - Sync 1 DAGs
[2024-08-15T00:03:36.248+0000] {logging_mixin.py:188} INFO - [2024-08-15T00:03:36.248+0000] {dag.py:3954} INFO - Setting next_dagrun for tutorial to 2024-08-14 00:00:00+00:00, run_after=2024-08-15 00:00:00+00:00
[2024-08-15T00:03:36.257+0000] {processor.py:183} INFO - Processing /home/airflow/.local/lib/python3.12/site-packages/airflow/example_dags/tutorial.py took 0.040 seconds
[2024-08-15T00:04:06.889+0000] {processor.py:161} INFO - Started process (PID=4186) to work on /home/airflow/.local/lib/python3.12/site-packages/airflow/example_dags/tutorial.py
[2024-08-15T00:04:06.890+0000] {processor.py:830} INFO - Processing file /home/airflow/.local/lib/python3.12/site-packages/airflow/example_dags/tutorial.py for tasks to queue
[2024-08-15T00:04:06.891+0000] {logging_mixin.py:188} INFO - [2024-08-15T00:04:06.890+0000] {dagbag.py:540} INFO - Filling up the DagBag from /home/airflow/.local/lib/python3.12/site-packages/airflow/example_dags/tutorial.py
[2024-08-15T00:04:06.893+0000] {processor.py:840} INFO - DAG(s) 'tutorial' retrieved from /home/airflow/.local/lib/python3.12/site-packages/airflow/example_dags/tutorial.py
[2024-08-15T00:04:06.904+0000] {logging_mixin.py:188} INFO - [2024-08-15T00:04:06.904+0000] {dag.py:3096} INFO - Sync 1 DAGs
[2024-08-15T00:04:06.916+0000] {logging_mixin.py:188} INFO - [2024-08-15T00:04:06.916+0000] {dag.py:3954} INFO - Setting next_dagrun for tutorial to 2024-08-14 00:00:00+00:00, run_after=2024-08-15 00:00:00+00:00
[2024-08-15T00:04:06.926+0000] {processor.py:183} INFO - Processing /home/airflow/.local/lib/python3.12/site-packages/airflow/example_dags/tutorial.py took 0.040 seconds
[2024-08-15T00:04:37.558+0000] {processor.py:161} INFO - Started process (PID=4244) to work on /home/airflow/.local/lib/python3.12/site-packages/airflow/example_dags/tutorial.py
[2024-08-15T00:04:37.558+0000] {processor.py:830} INFO - Processing file /home/airflow/.local/lib/python3.12/site-packages/airflow/example_dags/tutorial.py for tasks to queue
[2024-08-15T00:04:37.559+0000] {logging_mixin.py:188} INFO - [2024-08-15T00:04:37.559+0000] {dagbag.py:540} INFO - Filling up the DagBag from /home/airflow/.local/lib/python3.12/site-packages/airflow/example_dags/tutorial.py
[2024-08-15T00:04:37.562+0000] {processor.py:840} INFO - DAG(s) 'tutorial' retrieved from /home/airflow/.local/lib/python3.12/site-packages/airflow/example_dags/tutorial.py
[2024-08-15T00:04:37.573+0000] {logging_mixin.py:188} INFO - [2024-08-15T00:04:37.573+0000] {dag.py:3096} INFO - Sync 1 DAGs
[2024-08-15T00:04:37.586+0000] {logging_mixin.py:188} INFO - [2024-08-15T00:04:37.585+0000] {dag.py:3954} INFO - Setting next_dagrun for tutorial to 2024-08-14 00:00:00+00:00, run_after=2024-08-15 00:00:00+00:00
[2024-08-15T00:04:37.595+0000] {processor.py:183} INFO - Processing /home/airflow/.local/lib/python3.12/site-packages/airflow/example_dags/tutorial.py took 0.040 seconds
[2024-08-15T00:05:08.252+0000] {processor.py:161} INFO - Started process (PID=4302) to work on /home/airflow/.local/lib/python3.12/site-packages/airflow/example_dags/tutorial.py
[2024-08-15T00:05:08.253+0000] {processor.py:830} INFO - Processing file /home/airflow/.local/lib/python3.12/site-packages/airflow/example_dags/tutorial.py for tasks to queue
[2024-08-15T00:05:08.253+0000] {logging_mixin.py:188} INFO - [2024-08-15T00:05:08.253+0000] {dagbag.py:540} INFO - Filling up the DagBag from /home/airflow/.local/lib/python3.12/site-packages/airflow/example_dags/tutorial.py
[2024-08-15T00:05:08.256+0000] {processor.py:840} INFO - DAG(s) 'tutorial' retrieved from /home/airflow/.local/lib/python3.12/site-packages/airflow/example_dags/tutorial.py
[2024-08-15T00:05:08.267+0000] {logging_mixin.py:188} INFO - [2024-08-15T00:05:08.267+0000] {dag.py:3096} INFO - Sync 1 DAGs
[2024-08-15T00:05:08.279+0000] {logging_mixin.py:188} INFO - [2024-08-15T00:05:08.279+0000] {dag.py:3954} INFO - Setting next_dagrun for tutorial to 2024-08-14 00:00:00+00:00, run_after=2024-08-15 00:00:00+00:00
[2024-08-15T00:05:08.288+0000] {processor.py:183} INFO - Processing /home/airflow/.local/lib/python3.12/site-packages/airflow/example_dags/tutorial.py took 0.039 seconds
[2024-08-15T00:05:38.868+0000] {processor.py:161} INFO - Started process (PID=4360) to work on /home/airflow/.local/lib/python3.12/site-packages/airflow/example_dags/tutorial.py
[2024-08-15T00:05:38.869+0000] {processor.py:830} INFO - Processing file /home/airflow/.local/lib/python3.12/site-packages/airflow/example_dags/tutorial.py for tasks to queue
[2024-08-15T00:05:38.869+0000] {logging_mixin.py:188} INFO - [2024-08-15T00:05:38.869+0000] {dagbag.py:540} INFO - Filling up the DagBag from /home/airflow/.local/lib/python3.12/site-packages/airflow/example_dags/tutorial.py
[2024-08-15T00:05:38.872+0000] {processor.py:840} INFO - DAG(s) 'tutorial' retrieved from /home/airflow/.local/lib/python3.12/site-packages/airflow/example_dags/tutorial.py
[2024-08-15T00:05:38.883+0000] {logging_mixin.py:188} INFO - [2024-08-15T00:05:38.882+0000] {dag.py:3096} INFO - Sync 1 DAGs
[2024-08-15T00:05:38.894+0000] {logging_mixin.py:188} INFO - [2024-08-15T00:05:38.894+0000] {dag.py:3954} INFO - Setting next_dagrun for tutorial to 2024-08-14 00:00:00+00:00, run_after=2024-08-15 00:00:00+00:00
[2024-08-15T00:05:38.903+0000] {processor.py:183} INFO - Processing /home/airflow/.local/lib/python3.12/site-packages/airflow/example_dags/tutorial.py took 0.039 seconds
[2024-08-15T00:06:09.551+0000] {processor.py:161} INFO - Started process (PID=4418) to work on /home/airflow/.local/lib/python3.12/site-packages/airflow/example_dags/tutorial.py
[2024-08-15T00:06:09.552+0000] {processor.py:830} INFO - Processing file /home/airflow/.local/lib/python3.12/site-packages/airflow/example_dags/tutorial.py for tasks to queue
[2024-08-15T00:06:09.552+0000] {logging_mixin.py:188} INFO - [2024-08-15T00:06:09.552+0000] {dagbag.py:540} INFO - Filling up the DagBag from /home/airflow/.local/lib/python3.12/site-packages/airflow/example_dags/tutorial.py
[2024-08-15T00:06:09.555+0000] {processor.py:840} INFO - DAG(s) 'tutorial' retrieved from /home/airflow/.local/lib/python3.12/site-packages/airflow/example_dags/tutorial.py
[2024-08-15T00:06:09.566+0000] {logging_mixin.py:188} INFO - [2024-08-15T00:06:09.566+0000] {dag.py:3096} INFO - Sync 1 DAGs
[2024-08-15T00:06:09.578+0000] {logging_mixin.py:188} INFO - [2024-08-15T00:06:09.578+0000] {dag.py:3954} INFO - Setting next_dagrun for tutorial to 2024-08-14 00:00:00+00:00, run_after=2024-08-15 00:00:00+00:00
[2024-08-15T00:06:09.587+0000] {processor.py:183} INFO - Processing /home/airflow/.local/lib/python3.12/site-packages/airflow/example_dags/tutorial.py took 0.039 seconds
[2024-08-15T00:06:40.188+0000] {processor.py:161} INFO - Started process (PID=4476) to work on /home/airflow/.local/lib/python3.12/site-packages/airflow/example_dags/tutorial.py
[2024-08-15T00:06:40.188+0000] {processor.py:830} INFO - Processing file /home/airflow/.local/lib/python3.12/site-packages/airflow/example_dags/tutorial.py for tasks to queue
[2024-08-15T00:06:40.189+0000] {logging_mixin.py:188} INFO - [2024-08-15T00:06:40.189+0000] {dagbag.py:540} INFO - Filling up the DagBag from /home/airflow/.local/lib/python3.12/site-packages/airflow/example_dags/tutorial.py
[2024-08-15T00:06:40.192+0000] {processor.py:840} INFO - DAG(s) 'tutorial' retrieved from /home/airflow/.local/lib/python3.12/site-packages/airflow/example_dags/tutorial.py
[2024-08-15T00:06:40.202+0000] {logging_mixin.py:188} INFO - [2024-08-15T00:06:40.202+0000] {dag.py:3096} INFO - Sync 1 DAGs
[2024-08-15T00:06:40.214+0000] {logging_mixin.py:188} INFO - [2024-08-15T00:06:40.214+0000] {dag.py:3954} INFO - Setting next_dagrun for tutorial to 2024-08-14 00:00:00+00:00, run_after=2024-08-15 00:00:00+00:00
[2024-08-15T00:06:40.223+0000] {processor.py:183} INFO - Processing /home/airflow/.local/lib/python3.12/site-packages/airflow/example_dags/tutorial.py took 0.038 seconds
[2024-08-15T00:07:10.792+0000] {processor.py:161} INFO - Started process (PID=4534) to work on /home/airflow/.local/lib/python3.12/site-packages/airflow/example_dags/tutorial.py
[2024-08-15T00:07:10.793+0000] {processor.py:830} INFO - Processing file /home/airflow/.local/lib/python3.12/site-packages/airflow/example_dags/tutorial.py for tasks to queue
[2024-08-15T00:07:10.794+0000] {logging_mixin.py:188} INFO - [2024-08-15T00:07:10.793+0000] {dagbag.py:540} INFO - Filling up the DagBag from /home/airflow/.local/lib/python3.12/site-packages/airflow/example_dags/tutorial.py
[2024-08-15T00:07:10.796+0000] {processor.py:840} INFO - DAG(s) 'tutorial' retrieved from /home/airflow/.local/lib/python3.12/site-packages/airflow/example_dags/tutorial.py
[2024-08-15T00:07:10.807+0000] {logging_mixin.py:188} INFO - [2024-08-15T00:07:10.807+0000] {dag.py:3096} INFO - Sync 1 DAGs
[2024-08-15T00:07:10.818+0000] {logging_mixin.py:188} INFO - [2024-08-15T00:07:10.818+0000] {dag.py:3954} INFO - Setting next_dagrun for tutorial to 2024-08-14 00:00:00+00:00, run_after=2024-08-15 00:00:00+00:00
[2024-08-15T00:07:10.827+0000] {processor.py:183} INFO - Processing /home/airflow/.local/lib/python3.12/site-packages/airflow/example_dags/tutorial.py took 0.039 seconds
[2024-08-15T00:07:41.352+0000] {processor.py:161} INFO - Started process (PID=4592) to work on /home/airflow/.local/lib/python3.12/site-packages/airflow/example_dags/tutorial.py
[2024-08-15T00:07:41.352+0000] {processor.py:830} INFO - Processing file /home/airflow/.local/lib/python3.12/site-packages/airflow/example_dags/tutorial.py for tasks to queue
[2024-08-15T00:07:41.353+0000] {logging_mixin.py:188} INFO - [2024-08-15T00:07:41.353+0000] {dagbag.py:540} INFO - Filling up the DagBag from /home/airflow/.local/lib/python3.12/site-packages/airflow/example_dags/tutorial.py
[2024-08-15T00:07:41.356+0000] {processor.py:840} INFO - DAG(s) 'tutorial' retrieved from /home/airflow/.local/lib/python3.12/site-packages/airflow/example_dags/tutorial.py
[2024-08-15T00:07:41.367+0000] {logging_mixin.py:188} INFO - [2024-08-15T00:07:41.367+0000] {dag.py:3096} INFO - Sync 1 DAGs
[2024-08-15T00:07:41.378+0000] {logging_mixin.py:188} INFO - [2024-08-15T00:07:41.378+0000] {dag.py:3954} INFO - Setting next_dagrun for tutorial to 2024-08-14 00:00:00+00:00, run_after=2024-08-15 00:00:00+00:00
[2024-08-15T00:07:41.387+0000] {processor.py:183} INFO - Processing /home/airflow/.local/lib/python3.12/site-packages/airflow/example_dags/tutorial.py took 0.038 seconds
[2024-08-15T00:08:11.991+0000] {processor.py:161} INFO - Started process (PID=4650) to work on /home/airflow/.local/lib/python3.12/site-packages/airflow/example_dags/tutorial.py
[2024-08-15T00:08:11.991+0000] {processor.py:830} INFO - Processing file /home/airflow/.local/lib/python3.12/site-packages/airflow/example_dags/tutorial.py for tasks to queue
[2024-08-15T00:08:11.992+0000] {logging_mixin.py:188} INFO - [2024-08-15T00:08:11.992+0000] {dagbag.py:540} INFO - Filling up the DagBag from /home/airflow/.local/lib/python3.12/site-packages/airflow/example_dags/tutorial.py
[2024-08-15T00:08:11.995+0000] {processor.py:840} INFO - DAG(s) 'tutorial' retrieved from /home/airflow/.local/lib/python3.12/site-packages/airflow/example_dags/tutorial.py
[2024-08-15T00:08:12.006+0000] {logging_mixin.py:188} INFO - [2024-08-15T00:08:12.006+0000] {dag.py:3096} INFO - Sync 1 DAGs
[2024-08-15T00:08:12.018+0000] {logging_mixin.py:188} INFO - [2024-08-15T00:08:12.018+0000] {dag.py:3954} INFO - Setting next_dagrun for tutorial to 2024-08-14 00:00:00+00:00, run_after=2024-08-15 00:00:00+00:00
[2024-08-15T00:08:12.028+0000] {processor.py:183} INFO - Processing /home/airflow/.local/lib/python3.12/site-packages/airflow/example_dags/tutorial.py took 0.040 seconds
[2024-08-15T00:08:42.636+0000] {processor.py:161} INFO - Started process (PID=4708) to work on /home/airflow/.local/lib/python3.12/site-packages/airflow/example_dags/tutorial.py
[2024-08-15T00:08:42.636+0000] {processor.py:830} INFO - Processing file /home/airflow/.local/lib/python3.12/site-packages/airflow/example_dags/tutorial.py for tasks to queue
[2024-08-15T00:08:42.637+0000] {logging_mixin.py:188} INFO - [2024-08-15T00:08:42.637+0000] {dagbag.py:540} INFO - Filling up the DagBag from /home/airflow/.local/lib/python3.12/site-packages/airflow/example_dags/tutorial.py
[2024-08-15T00:08:42.640+0000] {processor.py:840} INFO - DAG(s) 'tutorial' retrieved from /home/airflow/.local/lib/python3.12/site-packages/airflow/example_dags/tutorial.py
[2024-08-15T00:08:42.652+0000] {logging_mixin.py:188} INFO - [2024-08-15T00:08:42.652+0000] {dag.py:3096} INFO - Sync 1 DAGs
[2024-08-15T00:08:42.663+0000] {logging_mixin.py:188} INFO - [2024-08-15T00:08:42.663+0000] {dag.py:3954} INFO - Setting next_dagrun for tutorial to 2024-08-14 00:00:00+00:00, run_after=2024-08-15 00:00:00+00:00
[2024-08-15T00:08:42.673+0000] {processor.py:183} INFO - Processing /home/airflow/.local/lib/python3.12/site-packages/airflow/example_dags/tutorial.py took 0.040 seconds
[2024-08-15T00:09:13.337+0000] {processor.py:161} INFO - Started process (PID=4766) to work on /home/airflow/.local/lib/python3.12/site-packages/airflow/example_dags/tutorial.py
[2024-08-15T00:09:13.337+0000] {processor.py:830} INFO - Processing file /home/airflow/.local/lib/python3.12/site-packages/airflow/example_dags/tutorial.py for tasks to queue
[2024-08-15T00:09:13.338+0000] {logging_mixin.py:188} INFO - [2024-08-15T00:09:13.338+0000] {dagbag.py:540} INFO - Filling up the DagBag from /home/airflow/.local/lib/python3.12/site-packages/airflow/example_dags/tutorial.py
[2024-08-15T00:09:13.341+0000] {processor.py:840} INFO - DAG(s) 'tutorial' retrieved from /home/airflow/.local/lib/python3.12/site-packages/airflow/example_dags/tutorial.py
[2024-08-15T00:09:13.351+0000] {logging_mixin.py:188} INFO - [2024-08-15T00:09:13.351+0000] {dag.py:3096} INFO - Sync 1 DAGs
[2024-08-15T00:09:13.362+0000] {logging_mixin.py:188} INFO - [2024-08-15T00:09:13.362+0000] {dag.py:3954} INFO - Setting next_dagrun for tutorial to 2024-08-14 00:00:00+00:00, run_after=2024-08-15 00:00:00+00:00
[2024-08-15T00:09:13.371+0000] {processor.py:183} INFO - Processing /home/airflow/.local/lib/python3.12/site-packages/airflow/example_dags/tutorial.py took 0.038 seconds
[2024-08-15T00:09:43.985+0000] {processor.py:161} INFO - Started process (PID=4824) to work on /home/airflow/.local/lib/python3.12/site-packages/airflow/example_dags/tutorial.py
[2024-08-15T00:09:43.985+0000] {processor.py:830} INFO - Processing file /home/airflow/.local/lib/python3.12/site-packages/airflow/example_dags/tutorial.py for tasks to queue
[2024-08-15T00:09:43.986+0000] {logging_mixin.py:188} INFO - [2024-08-15T00:09:43.986+0000] {dagbag.py:540} INFO - Filling up the DagBag from /home/airflow/.local/lib/python3.12/site-packages/airflow/example_dags/tutorial.py
[2024-08-15T00:09:43.989+0000] {processor.py:840} INFO - DAG(s) 'tutorial' retrieved from /home/airflow/.local/lib/python3.12/site-packages/airflow/example_dags/tutorial.py
[2024-08-15T00:09:43.999+0000] {logging_mixin.py:188} INFO - [2024-08-15T00:09:43.999+0000] {dag.py:3096} INFO - Sync 1 DAGs
[2024-08-15T00:09:44.010+0000] {logging_mixin.py:188} INFO - [2024-08-15T00:09:44.010+0000] {dag.py:3954} INFO - Setting next_dagrun for tutorial to 2024-08-14 00:00:00+00:00, run_after=2024-08-15 00:00:00+00:00
[2024-08-15T00:09:44.020+0000] {processor.py:183} INFO - Processing /home/airflow/.local/lib/python3.12/site-packages/airflow/example_dags/tutorial.py took 0.038 seconds
[2024-08-15T00:10:14.606+0000] {processor.py:161} INFO - Started process (PID=4882) to work on /home/airflow/.local/lib/python3.12/site-packages/airflow/example_dags/tutorial.py
[2024-08-15T00:10:14.606+0000] {processor.py:830} INFO - Processing file /home/airflow/.local/lib/python3.12/site-packages/airflow/example_dags/tutorial.py for tasks to queue
[2024-08-15T00:10:14.607+0000] {logging_mixin.py:188} INFO - [2024-08-15T00:10:14.607+0000] {dagbag.py:540} INFO - Filling up the DagBag from /home/airflow/.local/lib/python3.12/site-packages/airflow/example_dags/tutorial.py
[2024-08-15T00:10:14.610+0000] {processor.py:840} INFO - DAG(s) 'tutorial' retrieved from /home/airflow/.local/lib/python3.12/site-packages/airflow/example_dags/tutorial.py
[2024-08-15T00:10:14.620+0000] {logging_mixin.py:188} INFO - [2024-08-15T00:10:14.620+0000] {dag.py:3096} INFO - Sync 1 DAGs
[2024-08-15T00:10:14.632+0000] {logging_mixin.py:188} INFO - [2024-08-15T00:10:14.632+0000] {dag.py:3954} INFO - Setting next_dagrun for tutorial to 2024-08-14 00:00:00+00:00, run_after=2024-08-15 00:00:00+00:00
[2024-08-15T00:10:14.641+0000] {processor.py:183} INFO - Processing /home/airflow/.local/lib/python3.12/site-packages/airflow/example_dags/tutorial.py took 0.039 seconds
[2024-08-15T00:10:45.193+0000] {processor.py:161} INFO - Started process (PID=4940) to work on /home/airflow/.local/lib/python3.12/site-packages/airflow/example_dags/tutorial.py
[2024-08-15T00:10:45.194+0000] {processor.py:830} INFO - Processing file /home/airflow/.local/lib/python3.12/site-packages/airflow/example_dags/tutorial.py for tasks to queue
[2024-08-15T00:10:45.195+0000] {logging_mixin.py:188} INFO - [2024-08-15T00:10:45.195+0000] {dagbag.py:540} INFO - Filling up the DagBag from /home/airflow/.local/lib/python3.12/site-packages/airflow/example_dags/tutorial.py
[2024-08-15T00:10:45.198+0000] {processor.py:840} INFO - DAG(s) 'tutorial' retrieved from /home/airflow/.local/lib/python3.12/site-packages/airflow/example_dags/tutorial.py
[2024-08-15T00:10:45.209+0000] {logging_mixin.py:188} INFO - [2024-08-15T00:10:45.209+0000] {dag.py:3096} INFO - Sync 1 DAGs
[2024-08-15T00:10:45.220+0000] {logging_mixin.py:188} INFO - [2024-08-15T00:10:45.220+0000] {dag.py:3954} INFO - Setting next_dagrun for tutorial to 2024-08-14 00:00:00+00:00, run_after=2024-08-15 00:00:00+00:00
[2024-08-15T00:10:45.229+0000] {processor.py:183} INFO - Processing /home/airflow/.local/lib/python3.12/site-packages/airflow/example_dags/tutorial.py took 0.038 seconds
[2024-08-15T00:11:15.800+0000] {processor.py:161} INFO - Started process (PID=4998) to work on /home/airflow/.local/lib/python3.12/site-packages/airflow/example_dags/tutorial.py
[2024-08-15T00:11:15.800+0000] {processor.py:830} INFO - Processing file /home/airflow/.local/lib/python3.12/site-packages/airflow/example_dags/tutorial.py for tasks to queue
[2024-08-15T00:11:15.801+0000] {logging_mixin.py:188} INFO - [2024-08-15T00:11:15.801+0000] {dagbag.py:540} INFO - Filling up the DagBag from /home/airflow/.local/lib/python3.12/site-packages/airflow/example_dags/tutorial.py
[2024-08-15T00:11:15.804+0000] {processor.py:840} INFO - DAG(s) 'tutorial' retrieved from /home/airflow/.local/lib/python3.12/site-packages/airflow/example_dags/tutorial.py
[2024-08-15T00:11:15.815+0000] {logging_mixin.py:188} INFO - [2024-08-15T00:11:15.815+0000] {dag.py:3096} INFO - Sync 1 DAGs
[2024-08-15T00:11:15.828+0000] {logging_mixin.py:188} INFO - [2024-08-15T00:11:15.827+0000] {dag.py:3954} INFO - Setting next_dagrun for tutorial to 2024-08-14 00:00:00+00:00, run_after=2024-08-15 00:00:00+00:00
[2024-08-15T00:11:15.837+0000] {processor.py:183} INFO - Processing /home/airflow/.local/lib/python3.12/site-packages/airflow/example_dags/tutorial.py took 0.041 seconds
