[2024-08-24T00:00:06.648+0000] {processor.py:161} INFO - Started process (PID=37340) to work on /opt/airflow/dags/airflow-dag-python.py
[2024-08-24T00:00:06.649+0000] {processor.py:830} INFO - Processing file /opt/airflow/dags/airflow-dag-python.py for tasks to queue
[2024-08-24T00:00:06.650+0000] {logging_mixin.py:188} INFO - [2024-08-24T00:00:06.650+0000] {dagbag.py:540} INFO - Filling up the DagBag from /opt/airflow/dags/airflow-dag-python.py
[2024-08-24T00:00:06.982+0000] {processor.py:840} INFO - DAG(s) 'clickhouse_data_loader' retrieved from /opt/airflow/dags/airflow-dag-python.py
[2024-08-24T00:00:06.993+0000] {logging_mixin.py:188} INFO - [2024-08-24T00:00:06.993+0000] {dag.py:3096} INFO - Sync 1 DAGs
[2024-08-24T00:00:07.005+0000] {logging_mixin.py:188} INFO - [2024-08-24T00:00:07.005+0000] {dag.py:3954} INFO - Setting next_dagrun for clickhouse_data_loader to 2024-08-23 00:00:00+00:00, run_after=2024-08-24 00:00:00+00:00
[2024-08-24T00:00:07.014+0000] {processor.py:183} INFO - Processing /opt/airflow/dags/airflow-dag-python.py took 0.370 seconds
[2024-08-24T00:00:37.087+0000] {processor.py:161} INFO - Started process (PID=37405) to work on /opt/airflow/dags/airflow-dag-python.py
[2024-08-24T00:00:37.088+0000] {processor.py:830} INFO - Processing file /opt/airflow/dags/airflow-dag-python.py for tasks to queue
[2024-08-24T00:00:37.089+0000] {logging_mixin.py:188} INFO - [2024-08-24T00:00:37.089+0000] {dagbag.py:540} INFO - Filling up the DagBag from /opt/airflow/dags/airflow-dag-python.py
[2024-08-24T00:00:37.417+0000] {processor.py:840} INFO - DAG(s) 'clickhouse_data_loader' retrieved from /opt/airflow/dags/airflow-dag-python.py
[2024-08-24T00:00:37.428+0000] {logging_mixin.py:188} INFO - [2024-08-24T00:00:37.428+0000] {dag.py:3096} INFO - Sync 1 DAGs
[2024-08-24T00:00:37.439+0000] {logging_mixin.py:188} INFO - [2024-08-24T00:00:37.439+0000] {dag.py:3954} INFO - Setting next_dagrun for clickhouse_data_loader to 2024-08-23 00:00:00+00:00, run_after=2024-08-24 00:00:00+00:00
[2024-08-24T00:00:37.449+0000] {processor.py:183} INFO - Processing /opt/airflow/dags/airflow-dag-python.py took 0.365 seconds
[2024-08-24T00:01:07.514+0000] {processor.py:161} INFO - Started process (PID=37470) to work on /opt/airflow/dags/airflow-dag-python.py
[2024-08-24T00:01:07.515+0000] {processor.py:830} INFO - Processing file /opt/airflow/dags/airflow-dag-python.py for tasks to queue
[2024-08-24T00:01:07.516+0000] {logging_mixin.py:188} INFO - [2024-08-24T00:01:07.516+0000] {dagbag.py:540} INFO - Filling up the DagBag from /opt/airflow/dags/airflow-dag-python.py
[2024-08-24T00:01:07.844+0000] {processor.py:840} INFO - DAG(s) 'clickhouse_data_loader' retrieved from /opt/airflow/dags/airflow-dag-python.py
[2024-08-24T00:01:07.855+0000] {logging_mixin.py:188} INFO - [2024-08-24T00:01:07.855+0000] {dag.py:3096} INFO - Sync 1 DAGs
[2024-08-24T00:01:07.866+0000] {logging_mixin.py:188} INFO - [2024-08-24T00:01:07.866+0000] {dag.py:3954} INFO - Setting next_dagrun for clickhouse_data_loader to 2024-08-23 00:00:00+00:00, run_after=2024-08-24 00:00:00+00:00
[2024-08-24T00:01:07.877+0000] {processor.py:183} INFO - Processing /opt/airflow/dags/airflow-dag-python.py took 0.366 seconds
[2024-08-24T00:01:37.960+0000] {processor.py:161} INFO - Started process (PID=37535) to work on /opt/airflow/dags/airflow-dag-python.py
[2024-08-24T00:01:37.961+0000] {processor.py:830} INFO - Processing file /opt/airflow/dags/airflow-dag-python.py for tasks to queue
[2024-08-24T00:01:37.962+0000] {logging_mixin.py:188} INFO - [2024-08-24T00:01:37.962+0000] {dagbag.py:540} INFO - Filling up the DagBag from /opt/airflow/dags/airflow-dag-python.py
[2024-08-24T00:01:38.295+0000] {processor.py:840} INFO - DAG(s) 'clickhouse_data_loader' retrieved from /opt/airflow/dags/airflow-dag-python.py
[2024-08-24T00:01:38.307+0000] {logging_mixin.py:188} INFO - [2024-08-24T00:01:38.306+0000] {dag.py:3096} INFO - Sync 1 DAGs
[2024-08-24T00:01:38.318+0000] {logging_mixin.py:188} INFO - [2024-08-24T00:01:38.318+0000] {dag.py:3954} INFO - Setting next_dagrun for clickhouse_data_loader to 2024-08-23 00:00:00+00:00, run_after=2024-08-24 00:00:00+00:00
[2024-08-24T00:01:38.329+0000] {processor.py:183} INFO - Processing /opt/airflow/dags/airflow-dag-python.py took 0.372 seconds
[2024-08-24T00:02:09.087+0000] {processor.py:161} INFO - Started process (PID=37595) to work on /opt/airflow/dags/airflow-dag-python.py
[2024-08-24T00:02:09.087+0000] {processor.py:830} INFO - Processing file /opt/airflow/dags/airflow-dag-python.py for tasks to queue
[2024-08-24T00:02:09.089+0000] {logging_mixin.py:188} INFO - [2024-08-24T00:02:09.088+0000] {dagbag.py:540} INFO - Filling up the DagBag from /opt/airflow/dags/airflow-dag-python.py
[2024-08-24T00:02:09.400+0000] {processor.py:840} INFO - DAG(s) 'clickhouse_data_loader' retrieved from /opt/airflow/dags/airflow-dag-python.py
[2024-08-24T00:02:09.409+0000] {logging_mixin.py:188} INFO - [2024-08-24T00:02:09.409+0000] {dag.py:3096} INFO - Sync 1 DAGs
[2024-08-24T00:02:09.421+0000] {logging_mixin.py:188} INFO - [2024-08-24T00:02:09.420+0000] {dag.py:3954} INFO - Setting next_dagrun for clickhouse_data_loader to 2024-08-23 00:00:00+00:00, run_after=2024-08-24 00:00:00+00:00
[2024-08-24T00:02:09.431+0000] {processor.py:183} INFO - Processing /opt/airflow/dags/airflow-dag-python.py took 0.347 seconds
[2024-08-24T00:02:40.310+0000] {processor.py:161} INFO - Started process (PID=37658) to work on /opt/airflow/dags/airflow-dag-python.py
[2024-08-24T00:02:40.311+0000] {processor.py:830} INFO - Processing file /opt/airflow/dags/airflow-dag-python.py for tasks to queue
[2024-08-24T00:02:40.312+0000] {logging_mixin.py:188} INFO - [2024-08-24T00:02:40.312+0000] {dagbag.py:540} INFO - Filling up the DagBag from /opt/airflow/dags/airflow-dag-python.py
[2024-08-24T00:02:40.624+0000] {processor.py:840} INFO - DAG(s) 'clickhouse_data_loader' retrieved from /opt/airflow/dags/airflow-dag-python.py
[2024-08-24T00:02:40.633+0000] {logging_mixin.py:188} INFO - [2024-08-24T00:02:40.633+0000] {dag.py:3096} INFO - Sync 1 DAGs
[2024-08-24T00:02:40.646+0000] {logging_mixin.py:188} INFO - [2024-08-24T00:02:40.646+0000] {dag.py:3954} INFO - Setting next_dagrun for clickhouse_data_loader to 2024-08-23 00:00:00+00:00, run_after=2024-08-24 00:00:00+00:00
[2024-08-24T00:02:40.655+0000] {processor.py:183} INFO - Processing /opt/airflow/dags/airflow-dag-python.py took 0.349 seconds
[2024-08-24T00:03:11.397+0000] {processor.py:161} INFO - Started process (PID=37718) to work on /opt/airflow/dags/airflow-dag-python.py
[2024-08-24T00:03:11.398+0000] {processor.py:830} INFO - Processing file /opt/airflow/dags/airflow-dag-python.py for tasks to queue
[2024-08-24T00:03:11.399+0000] {logging_mixin.py:188} INFO - [2024-08-24T00:03:11.399+0000] {dagbag.py:540} INFO - Filling up the DagBag from /opt/airflow/dags/airflow-dag-python.py
[2024-08-24T00:03:11.706+0000] {processor.py:840} INFO - DAG(s) 'clickhouse_data_loader' retrieved from /opt/airflow/dags/airflow-dag-python.py
[2024-08-24T00:03:11.716+0000] {logging_mixin.py:188} INFO - [2024-08-24T00:03:11.715+0000] {dag.py:3096} INFO - Sync 1 DAGs
[2024-08-24T00:03:11.726+0000] {logging_mixin.py:188} INFO - [2024-08-24T00:03:11.726+0000] {dag.py:3954} INFO - Setting next_dagrun for clickhouse_data_loader to 2024-08-23 00:00:00+00:00, run_after=2024-08-24 00:00:00+00:00
[2024-08-24T00:03:11.735+0000] {processor.py:183} INFO - Processing /opt/airflow/dags/airflow-dag-python.py took 0.341 seconds
[2024-08-24T00:03:42.688+0000] {processor.py:161} INFO - Started process (PID=37778) to work on /opt/airflow/dags/airflow-dag-python.py
[2024-08-24T00:03:42.688+0000] {processor.py:830} INFO - Processing file /opt/airflow/dags/airflow-dag-python.py for tasks to queue
[2024-08-24T00:03:42.690+0000] {logging_mixin.py:188} INFO - [2024-08-24T00:03:42.689+0000] {dagbag.py:540} INFO - Filling up the DagBag from /opt/airflow/dags/airflow-dag-python.py
[2024-08-24T00:03:43.035+0000] {processor.py:840} INFO - DAG(s) 'clickhouse_data_loader' retrieved from /opt/airflow/dags/airflow-dag-python.py
[2024-08-24T00:03:43.044+0000] {logging_mixin.py:188} INFO - [2024-08-24T00:03:43.044+0000] {dag.py:3096} INFO - Sync 1 DAGs
[2024-08-24T00:03:43.056+0000] {logging_mixin.py:188} INFO - [2024-08-24T00:03:43.055+0000] {dag.py:3954} INFO - Setting next_dagrun for clickhouse_data_loader to 2024-08-23 00:00:00+00:00, run_after=2024-08-24 00:00:00+00:00
[2024-08-24T00:03:43.066+0000] {processor.py:183} INFO - Processing /opt/airflow/dags/airflow-dag-python.py took 0.382 seconds
[2024-08-24T00:04:13.148+0000] {processor.py:161} INFO - Started process (PID=37838) to work on /opt/airflow/dags/airflow-dag-python.py
[2024-08-24T00:04:13.148+0000] {processor.py:830} INFO - Processing file /opt/airflow/dags/airflow-dag-python.py for tasks to queue
[2024-08-24T00:04:13.149+0000] {logging_mixin.py:188} INFO - [2024-08-24T00:04:13.149+0000] {dagbag.py:540} INFO - Filling up the DagBag from /opt/airflow/dags/airflow-dag-python.py
[2024-08-24T00:04:13.481+0000] {processor.py:840} INFO - DAG(s) 'clickhouse_data_loader' retrieved from /opt/airflow/dags/airflow-dag-python.py
[2024-08-24T00:04:13.494+0000] {logging_mixin.py:188} INFO - [2024-08-24T00:04:13.493+0000] {dag.py:3096} INFO - Sync 1 DAGs
[2024-08-24T00:04:13.506+0000] {logging_mixin.py:188} INFO - [2024-08-24T00:04:13.506+0000] {dag.py:3954} INFO - Setting next_dagrun for clickhouse_data_loader to 2024-08-23 00:00:00+00:00, run_after=2024-08-24 00:00:00+00:00
[2024-08-24T00:04:13.517+0000] {processor.py:183} INFO - Processing /opt/airflow/dags/airflow-dag-python.py took 0.373 seconds
[2024-08-24T00:04:43.690+0000] {processor.py:161} INFO - Started process (PID=37902) to work on /opt/airflow/dags/airflow-dag-python.py
[2024-08-24T00:04:43.691+0000] {processor.py:830} INFO - Processing file /opt/airflow/dags/airflow-dag-python.py for tasks to queue
[2024-08-24T00:04:43.692+0000] {logging_mixin.py:188} INFO - [2024-08-24T00:04:43.692+0000] {dagbag.py:540} INFO - Filling up the DagBag from /opt/airflow/dags/airflow-dag-python.py
[2024-08-24T00:04:44.032+0000] {processor.py:840} INFO - DAG(s) 'clickhouse_data_loader' retrieved from /opt/airflow/dags/airflow-dag-python.py
[2024-08-24T00:04:44.042+0000] {logging_mixin.py:188} INFO - [2024-08-24T00:04:44.041+0000] {dag.py:3096} INFO - Sync 1 DAGs
[2024-08-24T00:04:44.053+0000] {logging_mixin.py:188} INFO - [2024-08-24T00:04:44.053+0000] {dag.py:3954} INFO - Setting next_dagrun for clickhouse_data_loader to 2024-08-23 00:00:00+00:00, run_after=2024-08-24 00:00:00+00:00
[2024-08-24T00:04:44.063+0000] {processor.py:183} INFO - Processing /opt/airflow/dags/airflow-dag-python.py took 0.377 seconds
[2024-08-24T00:05:15.058+0000] {processor.py:161} INFO - Started process (PID=37967) to work on /opt/airflow/dags/airflow-dag-python.py
[2024-08-24T00:05:15.058+0000] {processor.py:830} INFO - Processing file /opt/airflow/dags/airflow-dag-python.py for tasks to queue
[2024-08-24T00:05:15.059+0000] {logging_mixin.py:188} INFO - [2024-08-24T00:05:15.059+0000] {dagbag.py:540} INFO - Filling up the DagBag from /opt/airflow/dags/airflow-dag-python.py
[2024-08-24T00:05:15.381+0000] {processor.py:840} INFO - DAG(s) 'clickhouse_data_loader' retrieved from /opt/airflow/dags/airflow-dag-python.py
[2024-08-24T00:05:15.391+0000] {logging_mixin.py:188} INFO - [2024-08-24T00:05:15.391+0000] {dag.py:3096} INFO - Sync 1 DAGs
[2024-08-24T00:05:15.403+0000] {logging_mixin.py:188} INFO - [2024-08-24T00:05:15.403+0000] {dag.py:3954} INFO - Setting next_dagrun for clickhouse_data_loader to 2024-08-23 00:00:00+00:00, run_after=2024-08-24 00:00:00+00:00
[2024-08-24T00:05:15.413+0000] {processor.py:183} INFO - Processing /opt/airflow/dags/airflow-dag-python.py took 0.359 seconds
[2024-08-24T00:05:45.445+0000] {processor.py:161} INFO - Started process (PID=38027) to work on /opt/airflow/dags/airflow-dag-python.py
[2024-08-24T00:05:45.445+0000] {processor.py:830} INFO - Processing file /opt/airflow/dags/airflow-dag-python.py for tasks to queue
[2024-08-24T00:05:45.447+0000] {logging_mixin.py:188} INFO - [2024-08-24T00:05:45.446+0000] {dagbag.py:540} INFO - Filling up the DagBag from /opt/airflow/dags/airflow-dag-python.py
[2024-08-24T00:05:45.780+0000] {processor.py:840} INFO - DAG(s) 'clickhouse_data_loader' retrieved from /opt/airflow/dags/airflow-dag-python.py
[2024-08-24T00:05:45.789+0000] {logging_mixin.py:188} INFO - [2024-08-24T00:05:45.789+0000] {dag.py:3096} INFO - Sync 1 DAGs
[2024-08-24T00:05:45.801+0000] {logging_mixin.py:188} INFO - [2024-08-24T00:05:45.801+0000] {dag.py:3954} INFO - Setting next_dagrun for clickhouse_data_loader to 2024-08-23 00:00:00+00:00, run_after=2024-08-24 00:00:00+00:00
[2024-08-24T00:05:45.811+0000] {processor.py:183} INFO - Processing /opt/airflow/dags/airflow-dag-python.py took 0.370 seconds
[2024-08-24T00:06:16.149+0000] {processor.py:161} INFO - Started process (PID=38087) to work on /opt/airflow/dags/airflow-dag-python.py
[2024-08-24T00:06:16.149+0000] {processor.py:830} INFO - Processing file /opt/airflow/dags/airflow-dag-python.py for tasks to queue
[2024-08-24T00:06:16.150+0000] {logging_mixin.py:188} INFO - [2024-08-24T00:06:16.150+0000] {dagbag.py:540} INFO - Filling up the DagBag from /opt/airflow/dags/airflow-dag-python.py
[2024-08-24T00:06:16.461+0000] {processor.py:840} INFO - DAG(s) 'clickhouse_data_loader' retrieved from /opt/airflow/dags/airflow-dag-python.py
[2024-08-24T00:06:16.472+0000] {logging_mixin.py:188} INFO - [2024-08-24T00:06:16.471+0000] {dag.py:3096} INFO - Sync 1 DAGs
[2024-08-24T00:06:16.482+0000] {logging_mixin.py:188} INFO - [2024-08-24T00:06:16.482+0000] {dag.py:3954} INFO - Setting next_dagrun for clickhouse_data_loader to 2024-08-23 00:00:00+00:00, run_after=2024-08-24 00:00:00+00:00
[2024-08-24T00:06:16.492+0000] {processor.py:183} INFO - Processing /opt/airflow/dags/airflow-dag-python.py took 0.348 seconds
[2024-08-24T00:06:47.414+0000] {processor.py:161} INFO - Started process (PID=38153) to work on /opt/airflow/dags/airflow-dag-python.py
[2024-08-24T00:06:47.414+0000] {processor.py:830} INFO - Processing file /opt/airflow/dags/airflow-dag-python.py for tasks to queue
[2024-08-24T00:06:47.415+0000] {logging_mixin.py:188} INFO - [2024-08-24T00:06:47.415+0000] {dagbag.py:540} INFO - Filling up the DagBag from /opt/airflow/dags/airflow-dag-python.py
[2024-08-24T00:06:47.737+0000] {processor.py:840} INFO - DAG(s) 'clickhouse_data_loader' retrieved from /opt/airflow/dags/airflow-dag-python.py
[2024-08-24T00:06:47.748+0000] {logging_mixin.py:188} INFO - [2024-08-24T00:06:47.747+0000] {dag.py:3096} INFO - Sync 1 DAGs
[2024-08-24T00:06:47.760+0000] {logging_mixin.py:188} INFO - [2024-08-24T00:06:47.760+0000] {dag.py:3954} INFO - Setting next_dagrun for clickhouse_data_loader to 2024-08-23 00:00:00+00:00, run_after=2024-08-24 00:00:00+00:00
[2024-08-24T00:06:47.771+0000] {processor.py:183} INFO - Processing /opt/airflow/dags/airflow-dag-python.py took 0.361 seconds
[2024-08-24T00:07:18.554+0000] {processor.py:161} INFO - Started process (PID=38213) to work on /opt/airflow/dags/airflow-dag-python.py
[2024-08-24T00:07:18.555+0000] {processor.py:830} INFO - Processing file /opt/airflow/dags/airflow-dag-python.py for tasks to queue
[2024-08-24T00:07:18.556+0000] {logging_mixin.py:188} INFO - [2024-08-24T00:07:18.556+0000] {dagbag.py:540} INFO - Filling up the DagBag from /opt/airflow/dags/airflow-dag-python.py
[2024-08-24T00:07:18.897+0000] {processor.py:840} INFO - DAG(s) 'clickhouse_data_loader' retrieved from /opt/airflow/dags/airflow-dag-python.py
[2024-08-24T00:07:18.909+0000] {logging_mixin.py:188} INFO - [2024-08-24T00:07:18.908+0000] {dag.py:3096} INFO - Sync 1 DAGs
[2024-08-24T00:07:18.923+0000] {logging_mixin.py:188} INFO - [2024-08-24T00:07:18.923+0000] {dag.py:3954} INFO - Setting next_dagrun for clickhouse_data_loader to 2024-08-23 00:00:00+00:00, run_after=2024-08-24 00:00:00+00:00
[2024-08-24T00:07:18.934+0000] {processor.py:183} INFO - Processing /opt/airflow/dags/airflow-dag-python.py took 0.384 seconds
[2024-08-24T00:07:49.855+0000] {processor.py:161} INFO - Started process (PID=38274) to work on /opt/airflow/dags/airflow-dag-python.py
[2024-08-24T00:07:49.856+0000] {processor.py:830} INFO - Processing file /opt/airflow/dags/airflow-dag-python.py for tasks to queue
[2024-08-24T00:07:49.857+0000] {logging_mixin.py:188} INFO - [2024-08-24T00:07:49.857+0000] {dagbag.py:540} INFO - Filling up the DagBag from /opt/airflow/dags/airflow-dag-python.py
[2024-08-24T00:07:50.181+0000] {processor.py:840} INFO - DAG(s) 'clickhouse_data_loader' retrieved from /opt/airflow/dags/airflow-dag-python.py
[2024-08-24T00:07:50.191+0000] {logging_mixin.py:188} INFO - [2024-08-24T00:07:50.191+0000] {dag.py:3096} INFO - Sync 1 DAGs
[2024-08-24T00:07:50.203+0000] {logging_mixin.py:188} INFO - [2024-08-24T00:07:50.203+0000] {dag.py:3954} INFO - Setting next_dagrun for clickhouse_data_loader to 2024-08-23 00:00:00+00:00, run_after=2024-08-24 00:00:00+00:00
[2024-08-24T00:07:50.214+0000] {processor.py:183} INFO - Processing /opt/airflow/dags/airflow-dag-python.py took 0.362 seconds
[2024-08-24T00:08:20.974+0000] {processor.py:161} INFO - Started process (PID=38334) to work on /opt/airflow/dags/airflow-dag-python.py
[2024-08-24T00:08:20.974+0000] {processor.py:830} INFO - Processing file /opt/airflow/dags/airflow-dag-python.py for tasks to queue
[2024-08-24T00:08:20.976+0000] {logging_mixin.py:188} INFO - [2024-08-24T00:08:20.975+0000] {dagbag.py:540} INFO - Filling up the DagBag from /opt/airflow/dags/airflow-dag-python.py
[2024-08-24T00:08:21.308+0000] {processor.py:840} INFO - DAG(s) 'clickhouse_data_loader' retrieved from /opt/airflow/dags/airflow-dag-python.py
[2024-08-24T00:08:21.318+0000] {logging_mixin.py:188} INFO - [2024-08-24T00:08:21.317+0000] {dag.py:3096} INFO - Sync 1 DAGs
[2024-08-24T00:08:21.328+0000] {logging_mixin.py:188} INFO - [2024-08-24T00:08:21.328+0000] {dag.py:3954} INFO - Setting next_dagrun for clickhouse_data_loader to 2024-08-23 00:00:00+00:00, run_after=2024-08-24 00:00:00+00:00
[2024-08-24T00:08:21.340+0000] {processor.py:183} INFO - Processing /opt/airflow/dags/airflow-dag-python.py took 0.370 seconds
[2024-08-24T00:08:51.729+0000] {processor.py:161} INFO - Started process (PID=38394) to work on /opt/airflow/dags/airflow-dag-python.py
[2024-08-24T00:08:51.730+0000] {processor.py:830} INFO - Processing file /opt/airflow/dags/airflow-dag-python.py for tasks to queue
[2024-08-24T00:08:51.731+0000] {logging_mixin.py:188} INFO - [2024-08-24T00:08:51.731+0000] {dagbag.py:540} INFO - Filling up the DagBag from /opt/airflow/dags/airflow-dag-python.py
[2024-08-24T00:08:52.050+0000] {processor.py:840} INFO - DAG(s) 'clickhouse_data_loader' retrieved from /opt/airflow/dags/airflow-dag-python.py
[2024-08-24T00:08:52.060+0000] {logging_mixin.py:188} INFO - [2024-08-24T00:08:52.060+0000] {dag.py:3096} INFO - Sync 1 DAGs
[2024-08-24T00:08:52.071+0000] {logging_mixin.py:188} INFO - [2024-08-24T00:08:52.071+0000] {dag.py:3954} INFO - Setting next_dagrun for clickhouse_data_loader to 2024-08-23 00:00:00+00:00, run_after=2024-08-24 00:00:00+00:00
[2024-08-24T00:08:52.081+0000] {processor.py:183} INFO - Processing /opt/airflow/dags/airflow-dag-python.py took 0.355 seconds
[2024-08-24T00:09:22.261+0000] {processor.py:161} INFO - Started process (PID=38454) to work on /opt/airflow/dags/airflow-dag-python.py
[2024-08-24T00:09:22.262+0000] {processor.py:830} INFO - Processing file /opt/airflow/dags/airflow-dag-python.py for tasks to queue
[2024-08-24T00:09:22.263+0000] {logging_mixin.py:188} INFO - [2024-08-24T00:09:22.263+0000] {dagbag.py:540} INFO - Filling up the DagBag from /opt/airflow/dags/airflow-dag-python.py
[2024-08-24T00:09:22.580+0000] {processor.py:840} INFO - DAG(s) 'clickhouse_data_loader' retrieved from /opt/airflow/dags/airflow-dag-python.py
[2024-08-24T00:09:22.590+0000] {logging_mixin.py:188} INFO - [2024-08-24T00:09:22.590+0000] {dag.py:3096} INFO - Sync 1 DAGs
[2024-08-24T00:09:22.601+0000] {logging_mixin.py:188} INFO - [2024-08-24T00:09:22.601+0000] {dag.py:3954} INFO - Setting next_dagrun for clickhouse_data_loader to 2024-08-23 00:00:00+00:00, run_after=2024-08-24 00:00:00+00:00
[2024-08-24T00:09:22.610+0000] {processor.py:183} INFO - Processing /opt/airflow/dags/airflow-dag-python.py took 0.353 seconds
[2024-08-24T00:09:53.439+0000] {processor.py:161} INFO - Started process (PID=38514) to work on /opt/airflow/dags/airflow-dag-python.py
[2024-08-24T00:09:53.440+0000] {processor.py:830} INFO - Processing file /opt/airflow/dags/airflow-dag-python.py for tasks to queue
[2024-08-24T00:09:53.441+0000] {logging_mixin.py:188} INFO - [2024-08-24T00:09:53.441+0000] {dagbag.py:540} INFO - Filling up the DagBag from /opt/airflow/dags/airflow-dag-python.py
[2024-08-24T00:09:53.749+0000] {processor.py:840} INFO - DAG(s) 'clickhouse_data_loader' retrieved from /opt/airflow/dags/airflow-dag-python.py
[2024-08-24T00:09:53.758+0000] {logging_mixin.py:188} INFO - [2024-08-24T00:09:53.758+0000] {dag.py:3096} INFO - Sync 1 DAGs
[2024-08-24T00:09:53.769+0000] {logging_mixin.py:188} INFO - [2024-08-24T00:09:53.769+0000] {dag.py:3954} INFO - Setting next_dagrun for clickhouse_data_loader to 2024-08-23 00:00:00+00:00, run_after=2024-08-24 00:00:00+00:00
[2024-08-24T00:09:53.780+0000] {processor.py:183} INFO - Processing /opt/airflow/dags/airflow-dag-python.py took 0.345 seconds
[2024-08-24T00:10:24.350+0000] {processor.py:161} INFO - Started process (PID=38574) to work on /opt/airflow/dags/airflow-dag-python.py
[2024-08-24T00:10:24.351+0000] {processor.py:830} INFO - Processing file /opt/airflow/dags/airflow-dag-python.py for tasks to queue
[2024-08-24T00:10:24.352+0000] {logging_mixin.py:188} INFO - [2024-08-24T00:10:24.352+0000] {dagbag.py:540} INFO - Filling up the DagBag from /opt/airflow/dags/airflow-dag-python.py
[2024-08-24T00:10:24.565+0000] {processor.py:840} INFO - DAG(s) 'clickhouse_data_loader' retrieved from /opt/airflow/dags/airflow-dag-python.py
[2024-08-24T00:10:24.576+0000] {logging_mixin.py:188} INFO - [2024-08-24T00:10:24.576+0000] {dag.py:3096} INFO - Sync 1 DAGs
[2024-08-24T00:10:24.589+0000] {logging_mixin.py:188} INFO - [2024-08-24T00:10:24.589+0000] {dag.py:3954} INFO - Setting next_dagrun for clickhouse_data_loader to 2024-08-23 00:00:00+00:00, run_after=2024-08-24 00:00:00+00:00
[2024-08-24T00:10:24.600+0000] {processor.py:183} INFO - Processing /opt/airflow/dags/airflow-dag-python.py took 0.254 seconds
[2024-08-24T00:10:55.332+0000] {processor.py:161} INFO - Started process (PID=38634) to work on /opt/airflow/dags/airflow-dag-python.py
[2024-08-24T00:10:55.333+0000] {processor.py:830} INFO - Processing file /opt/airflow/dags/airflow-dag-python.py for tasks to queue
[2024-08-24T00:10:55.334+0000] {logging_mixin.py:188} INFO - [2024-08-24T00:10:55.334+0000] {dagbag.py:540} INFO - Filling up the DagBag from /opt/airflow/dags/airflow-dag-python.py
[2024-08-24T00:10:55.551+0000] {processor.py:840} INFO - DAG(s) 'clickhouse_data_loader' retrieved from /opt/airflow/dags/airflow-dag-python.py
[2024-08-24T00:10:55.562+0000] {logging_mixin.py:188} INFO - [2024-08-24T00:10:55.561+0000] {dag.py:3096} INFO - Sync 1 DAGs
[2024-08-24T00:10:55.574+0000] {logging_mixin.py:188} INFO - [2024-08-24T00:10:55.574+0000] {dag.py:3954} INFO - Setting next_dagrun for clickhouse_data_loader to 2024-08-23 00:00:00+00:00, run_after=2024-08-24 00:00:00+00:00
[2024-08-24T00:10:55.585+0000] {processor.py:183} INFO - Processing /opt/airflow/dags/airflow-dag-python.py took 0.256 seconds
[2024-08-24T00:11:25.619+0000] {processor.py:161} INFO - Started process (PID=38694) to work on /opt/airflow/dags/airflow-dag-python.py
[2024-08-24T00:11:25.619+0000] {processor.py:830} INFO - Processing file /opt/airflow/dags/airflow-dag-python.py for tasks to queue
[2024-08-24T00:11:25.620+0000] {logging_mixin.py:188} INFO - [2024-08-24T00:11:25.620+0000] {dagbag.py:540} INFO - Filling up the DagBag from /opt/airflow/dags/airflow-dag-python.py
[2024-08-24T00:11:25.830+0000] {processor.py:840} INFO - DAG(s) 'clickhouse_data_loader' retrieved from /opt/airflow/dags/airflow-dag-python.py
[2024-08-24T00:11:25.841+0000] {logging_mixin.py:188} INFO - [2024-08-24T00:11:25.840+0000] {dag.py:3096} INFO - Sync 1 DAGs
[2024-08-24T00:11:25.854+0000] {logging_mixin.py:188} INFO - [2024-08-24T00:11:25.854+0000] {dag.py:3954} INFO - Setting next_dagrun for clickhouse_data_loader to 2024-08-23 00:00:00+00:00, run_after=2024-08-24 00:00:00+00:00
[2024-08-24T00:11:25.864+0000] {processor.py:183} INFO - Processing /opt/airflow/dags/airflow-dag-python.py took 0.249 seconds
[2024-08-24T00:11:55.912+0000] {processor.py:161} INFO - Started process (PID=38754) to work on /opt/airflow/dags/airflow-dag-python.py
[2024-08-24T00:11:55.913+0000] {processor.py:830} INFO - Processing file /opt/airflow/dags/airflow-dag-python.py for tasks to queue
[2024-08-24T00:11:55.914+0000] {logging_mixin.py:188} INFO - [2024-08-24T00:11:55.914+0000] {dagbag.py:540} INFO - Filling up the DagBag from /opt/airflow/dags/airflow-dag-python.py
[2024-08-24T00:11:56.129+0000] {processor.py:840} INFO - DAG(s) 'clickhouse_data_loader' retrieved from /opt/airflow/dags/airflow-dag-python.py
[2024-08-24T00:11:56.140+0000] {logging_mixin.py:188} INFO - [2024-08-24T00:11:56.139+0000] {dag.py:3096} INFO - Sync 1 DAGs
[2024-08-24T00:11:56.153+0000] {logging_mixin.py:188} INFO - [2024-08-24T00:11:56.153+0000] {dag.py:3954} INFO - Setting next_dagrun for clickhouse_data_loader to 2024-08-23 00:00:00+00:00, run_after=2024-08-24 00:00:00+00:00
[2024-08-24T00:11:56.164+0000] {processor.py:183} INFO - Processing /opt/airflow/dags/airflow-dag-python.py took 0.255 seconds
[2024-08-24T00:12:26.974+0000] {processor.py:161} INFO - Started process (PID=38814) to work on /opt/airflow/dags/airflow-dag-python.py
[2024-08-24T00:12:26.974+0000] {processor.py:830} INFO - Processing file /opt/airflow/dags/airflow-dag-python.py for tasks to queue
[2024-08-24T00:12:26.976+0000] {logging_mixin.py:188} INFO - [2024-08-24T00:12:26.975+0000] {dagbag.py:540} INFO - Filling up the DagBag from /opt/airflow/dags/airflow-dag-python.py
[2024-08-24T00:12:27.187+0000] {processor.py:840} INFO - DAG(s) 'clickhouse_data_loader' retrieved from /opt/airflow/dags/airflow-dag-python.py
[2024-08-24T00:12:27.199+0000] {logging_mixin.py:188} INFO - [2024-08-24T00:12:27.199+0000] {dag.py:3096} INFO - Sync 1 DAGs
[2024-08-24T00:12:27.211+0000] {logging_mixin.py:188} INFO - [2024-08-24T00:12:27.211+0000] {dag.py:3954} INFO - Setting next_dagrun for clickhouse_data_loader to 2024-08-23 00:00:00+00:00, run_after=2024-08-24 00:00:00+00:00
[2024-08-24T00:12:27.222+0000] {processor.py:183} INFO - Processing /opt/airflow/dags/airflow-dag-python.py took 0.252 seconds
[2024-08-24T00:12:58.003+0000] {processor.py:161} INFO - Started process (PID=38874) to work on /opt/airflow/dags/airflow-dag-python.py
[2024-08-24T00:12:58.003+0000] {processor.py:830} INFO - Processing file /opt/airflow/dags/airflow-dag-python.py for tasks to queue
[2024-08-24T00:12:58.004+0000] {logging_mixin.py:188} INFO - [2024-08-24T00:12:58.004+0000] {dagbag.py:540} INFO - Filling up the DagBag from /opt/airflow/dags/airflow-dag-python.py
[2024-08-24T00:12:58.222+0000] {processor.py:840} INFO - DAG(s) 'clickhouse_data_loader' retrieved from /opt/airflow/dags/airflow-dag-python.py
[2024-08-24T00:12:58.235+0000] {logging_mixin.py:188} INFO - [2024-08-24T00:12:58.234+0000] {dag.py:3096} INFO - Sync 1 DAGs
[2024-08-24T00:12:58.248+0000] {logging_mixin.py:188} INFO - [2024-08-24T00:12:58.248+0000] {dag.py:3954} INFO - Setting next_dagrun for clickhouse_data_loader to 2024-08-23 00:00:00+00:00, run_after=2024-08-24 00:00:00+00:00
[2024-08-24T00:12:58.259+0000] {processor.py:183} INFO - Processing /opt/airflow/dags/airflow-dag-python.py took 0.260 seconds
[2024-08-24T00:13:28.392+0000] {processor.py:161} INFO - Started process (PID=38934) to work on /opt/airflow/dags/airflow-dag-python.py
[2024-08-24T00:13:28.392+0000] {processor.py:830} INFO - Processing file /opt/airflow/dags/airflow-dag-python.py for tasks to queue
[2024-08-24T00:13:28.394+0000] {logging_mixin.py:188} INFO - [2024-08-24T00:13:28.394+0000] {dagbag.py:540} INFO - Filling up the DagBag from /opt/airflow/dags/airflow-dag-python.py
[2024-08-24T00:13:28.608+0000] {processor.py:840} INFO - DAG(s) 'clickhouse_data_loader' retrieved from /opt/airflow/dags/airflow-dag-python.py
[2024-08-24T00:13:28.621+0000] {logging_mixin.py:188} INFO - [2024-08-24T00:13:28.621+0000] {dag.py:3096} INFO - Sync 1 DAGs
[2024-08-24T00:13:28.633+0000] {logging_mixin.py:188} INFO - [2024-08-24T00:13:28.633+0000] {dag.py:3954} INFO - Setting next_dagrun for clickhouse_data_loader to 2024-08-23 00:00:00+00:00, run_after=2024-08-24 00:00:00+00:00
[2024-08-24T00:13:28.645+0000] {processor.py:183} INFO - Processing /opt/airflow/dags/airflow-dag-python.py took 0.257 seconds
[2024-08-24T00:13:59.392+0000] {processor.py:161} INFO - Started process (PID=38994) to work on /opt/airflow/dags/airflow-dag-python.py
[2024-08-24T00:13:59.393+0000] {processor.py:830} INFO - Processing file /opt/airflow/dags/airflow-dag-python.py for tasks to queue
[2024-08-24T00:13:59.394+0000] {logging_mixin.py:188} INFO - [2024-08-24T00:13:59.394+0000] {dagbag.py:540} INFO - Filling up the DagBag from /opt/airflow/dags/airflow-dag-python.py
[2024-08-24T00:13:59.612+0000] {processor.py:840} INFO - DAG(s) 'clickhouse_data_loader' retrieved from /opt/airflow/dags/airflow-dag-python.py
[2024-08-24T00:13:59.624+0000] {logging_mixin.py:188} INFO - [2024-08-24T00:13:59.623+0000] {dag.py:3096} INFO - Sync 1 DAGs
[2024-08-24T00:13:59.636+0000] {logging_mixin.py:188} INFO - [2024-08-24T00:13:59.636+0000] {dag.py:3954} INFO - Setting next_dagrun for clickhouse_data_loader to 2024-08-23 00:00:00+00:00, run_after=2024-08-24 00:00:00+00:00
[2024-08-24T00:13:59.647+0000] {processor.py:183} INFO - Processing /opt/airflow/dags/airflow-dag-python.py took 0.259 seconds
[2024-08-24T00:14:29.803+0000] {processor.py:161} INFO - Started process (PID=39054) to work on /opt/airflow/dags/airflow-dag-python.py
[2024-08-24T00:14:29.803+0000] {processor.py:830} INFO - Processing file /opt/airflow/dags/airflow-dag-python.py for tasks to queue
[2024-08-24T00:14:29.804+0000] {logging_mixin.py:188} INFO - [2024-08-24T00:14:29.804+0000] {dagbag.py:540} INFO - Filling up the DagBag from /opt/airflow/dags/airflow-dag-python.py
[2024-08-24T00:14:30.018+0000] {processor.py:840} INFO - DAG(s) 'clickhouse_data_loader' retrieved from /opt/airflow/dags/airflow-dag-python.py
[2024-08-24T00:14:30.030+0000] {logging_mixin.py:188} INFO - [2024-08-24T00:14:30.030+0000] {dag.py:3096} INFO - Sync 1 DAGs
[2024-08-24T00:14:30.044+0000] {logging_mixin.py:188} INFO - [2024-08-24T00:14:30.044+0000] {dag.py:3954} INFO - Setting next_dagrun for clickhouse_data_loader to 2024-08-23 00:00:00+00:00, run_after=2024-08-24 00:00:00+00:00
[2024-08-24T00:14:30.055+0000] {processor.py:183} INFO - Processing /opt/airflow/dags/airflow-dag-python.py took 0.257 seconds
[2024-08-24T00:15:00.720+0000] {processor.py:161} INFO - Started process (PID=39114) to work on /opt/airflow/dags/airflow-dag-python.py
[2024-08-24T00:15:00.721+0000] {processor.py:830} INFO - Processing file /opt/airflow/dags/airflow-dag-python.py for tasks to queue
[2024-08-24T00:15:00.722+0000] {logging_mixin.py:188} INFO - [2024-08-24T00:15:00.722+0000] {dagbag.py:540} INFO - Filling up the DagBag from /opt/airflow/dags/airflow-dag-python.py
[2024-08-24T00:15:00.930+0000] {processor.py:840} INFO - DAG(s) 'clickhouse_data_loader' retrieved from /opt/airflow/dags/airflow-dag-python.py
[2024-08-24T00:15:00.941+0000] {logging_mixin.py:188} INFO - [2024-08-24T00:15:00.941+0000] {dag.py:3096} INFO - Sync 1 DAGs
[2024-08-24T00:15:00.955+0000] {logging_mixin.py:188} INFO - [2024-08-24T00:15:00.955+0000] {dag.py:3954} INFO - Setting next_dagrun for clickhouse_data_loader to 2024-08-23 00:00:00+00:00, run_after=2024-08-24 00:00:00+00:00
[2024-08-24T00:15:00.965+0000] {processor.py:183} INFO - Processing /opt/airflow/dags/airflow-dag-python.py took 0.249 seconds
[2024-08-24T00:15:31.108+0000] {processor.py:161} INFO - Started process (PID=39174) to work on /opt/airflow/dags/airflow-dag-python.py
[2024-08-24T00:15:31.109+0000] {processor.py:830} INFO - Processing file /opt/airflow/dags/airflow-dag-python.py for tasks to queue
[2024-08-24T00:15:31.110+0000] {logging_mixin.py:188} INFO - [2024-08-24T00:15:31.110+0000] {dagbag.py:540} INFO - Filling up the DagBag from /opt/airflow/dags/airflow-dag-python.py
[2024-08-24T00:15:31.332+0000] {processor.py:840} INFO - DAG(s) 'clickhouse_data_loader' retrieved from /opt/airflow/dags/airflow-dag-python.py
[2024-08-24T00:15:31.344+0000] {logging_mixin.py:188} INFO - [2024-08-24T00:15:31.344+0000] {dag.py:3096} INFO - Sync 1 DAGs
[2024-08-24T00:15:31.359+0000] {logging_mixin.py:188} INFO - [2024-08-24T00:15:31.359+0000] {dag.py:3954} INFO - Setting next_dagrun for clickhouse_data_loader to 2024-08-23 00:00:00+00:00, run_after=2024-08-24 00:00:00+00:00
[2024-08-24T00:15:31.370+0000] {processor.py:183} INFO - Processing /opt/airflow/dags/airflow-dag-python.py took 0.266 seconds
[2024-08-24T00:16:02.051+0000] {processor.py:161} INFO - Started process (PID=39235) to work on /opt/airflow/dags/airflow-dag-python.py
[2024-08-24T00:16:02.052+0000] {processor.py:830} INFO - Processing file /opt/airflow/dags/airflow-dag-python.py for tasks to queue
[2024-08-24T00:16:02.053+0000] {logging_mixin.py:188} INFO - [2024-08-24T00:16:02.053+0000] {dagbag.py:540} INFO - Filling up the DagBag from /opt/airflow/dags/airflow-dag-python.py
[2024-08-24T00:16:02.262+0000] {processor.py:840} INFO - DAG(s) 'clickhouse_data_loader' retrieved from /opt/airflow/dags/airflow-dag-python.py
[2024-08-24T00:16:02.273+0000] {logging_mixin.py:188} INFO - [2024-08-24T00:16:02.273+0000] {dag.py:3096} INFO - Sync 1 DAGs
[2024-08-24T00:16:02.289+0000] {logging_mixin.py:188} INFO - [2024-08-24T00:16:02.288+0000] {dag.py:3954} INFO - Setting next_dagrun for clickhouse_data_loader to 2024-08-23 00:00:00+00:00, run_after=2024-08-24 00:00:00+00:00
[2024-08-24T00:16:02.300+0000] {processor.py:183} INFO - Processing /opt/airflow/dags/airflow-dag-python.py took 0.253 seconds
[2024-08-24T00:16:33.057+0000] {processor.py:161} INFO - Started process (PID=39295) to work on /opt/airflow/dags/airflow-dag-python.py
[2024-08-24T00:16:33.058+0000] {processor.py:830} INFO - Processing file /opt/airflow/dags/airflow-dag-python.py for tasks to queue
[2024-08-24T00:16:33.059+0000] {logging_mixin.py:188} INFO - [2024-08-24T00:16:33.059+0000] {dagbag.py:540} INFO - Filling up the DagBag from /opt/airflow/dags/airflow-dag-python.py
[2024-08-24T00:16:33.264+0000] {processor.py:840} INFO - DAG(s) 'clickhouse_data_loader' retrieved from /opt/airflow/dags/airflow-dag-python.py
[2024-08-24T00:16:33.276+0000] {logging_mixin.py:188} INFO - [2024-08-24T00:16:33.275+0000] {dag.py:3096} INFO - Sync 1 DAGs
[2024-08-24T00:16:33.290+0000] {logging_mixin.py:188} INFO - [2024-08-24T00:16:33.289+0000] {dag.py:3954} INFO - Setting next_dagrun for clickhouse_data_loader to 2024-08-23 00:00:00+00:00, run_after=2024-08-24 00:00:00+00:00
[2024-08-24T00:16:33.299+0000] {processor.py:183} INFO - Processing /opt/airflow/dags/airflow-dag-python.py took 0.245 seconds
[2024-08-24T00:17:03.466+0000] {processor.py:161} INFO - Started process (PID=39355) to work on /opt/airflow/dags/airflow-dag-python.py
[2024-08-24T00:17:03.466+0000] {processor.py:830} INFO - Processing file /opt/airflow/dags/airflow-dag-python.py for tasks to queue
[2024-08-24T00:17:03.468+0000] {logging_mixin.py:188} INFO - [2024-08-24T00:17:03.467+0000] {dagbag.py:540} INFO - Filling up the DagBag from /opt/airflow/dags/airflow-dag-python.py
[2024-08-24T00:17:03.692+0000] {processor.py:840} INFO - DAG(s) 'clickhouse_data_loader' retrieved from /opt/airflow/dags/airflow-dag-python.py
[2024-08-24T00:17:03.704+0000] {logging_mixin.py:188} INFO - [2024-08-24T00:17:03.704+0000] {dag.py:3096} INFO - Sync 1 DAGs
[2024-08-24T00:17:03.719+0000] {logging_mixin.py:188} INFO - [2024-08-24T00:17:03.719+0000] {dag.py:3954} INFO - Setting next_dagrun for clickhouse_data_loader to 2024-08-23 00:00:00+00:00, run_after=2024-08-24 00:00:00+00:00
[2024-08-24T00:17:03.730+0000] {processor.py:183} INFO - Processing /opt/airflow/dags/airflow-dag-python.py took 0.268 seconds
[2024-08-24T00:17:34.366+0000] {processor.py:161} INFO - Started process (PID=39415) to work on /opt/airflow/dags/airflow-dag-python.py
[2024-08-24T00:17:34.367+0000] {processor.py:830} INFO - Processing file /opt/airflow/dags/airflow-dag-python.py for tasks to queue
[2024-08-24T00:17:34.368+0000] {logging_mixin.py:188} INFO - [2024-08-24T00:17:34.368+0000] {dagbag.py:540} INFO - Filling up the DagBag from /opt/airflow/dags/airflow-dag-python.py
[2024-08-24T00:17:34.579+0000] {processor.py:840} INFO - DAG(s) 'clickhouse_data_loader' retrieved from /opt/airflow/dags/airflow-dag-python.py
[2024-08-24T00:17:34.591+0000] {logging_mixin.py:188} INFO - [2024-08-24T00:17:34.591+0000] {dag.py:3096} INFO - Sync 1 DAGs
[2024-08-24T00:17:34.605+0000] {logging_mixin.py:188} INFO - [2024-08-24T00:17:34.605+0000] {dag.py:3954} INFO - Setting next_dagrun for clickhouse_data_loader to 2024-08-23 00:00:00+00:00, run_after=2024-08-24 00:00:00+00:00
[2024-08-24T00:17:34.615+0000] {processor.py:183} INFO - Processing /opt/airflow/dags/airflow-dag-python.py took 0.252 seconds
[2024-08-24T00:18:05.479+0000] {processor.py:161} INFO - Started process (PID=39475) to work on /opt/airflow/dags/airflow-dag-python.py
[2024-08-24T00:18:05.480+0000] {processor.py:830} INFO - Processing file /opt/airflow/dags/airflow-dag-python.py for tasks to queue
[2024-08-24T00:18:05.481+0000] {logging_mixin.py:188} INFO - [2024-08-24T00:18:05.481+0000] {dagbag.py:540} INFO - Filling up the DagBag from /opt/airflow/dags/airflow-dag-python.py
[2024-08-24T00:18:05.694+0000] {processor.py:840} INFO - DAG(s) 'clickhouse_data_loader' retrieved from /opt/airflow/dags/airflow-dag-python.py
[2024-08-24T00:18:05.705+0000] {logging_mixin.py:188} INFO - [2024-08-24T00:18:05.704+0000] {dag.py:3096} INFO - Sync 1 DAGs
[2024-08-24T00:18:05.718+0000] {logging_mixin.py:188} INFO - [2024-08-24T00:18:05.718+0000] {dag.py:3954} INFO - Setting next_dagrun for clickhouse_data_loader to 2024-08-23 00:00:00+00:00, run_after=2024-08-24 00:00:00+00:00
[2024-08-24T00:18:05.728+0000] {processor.py:183} INFO - Processing /opt/airflow/dags/airflow-dag-python.py took 0.254 seconds
[2024-08-24T00:18:35.865+0000] {processor.py:161} INFO - Started process (PID=39535) to work on /opt/airflow/dags/airflow-dag-python.py
[2024-08-24T00:18:35.866+0000] {processor.py:830} INFO - Processing file /opt/airflow/dags/airflow-dag-python.py for tasks to queue
[2024-08-24T00:18:35.867+0000] {logging_mixin.py:188} INFO - [2024-08-24T00:18:35.867+0000] {dagbag.py:540} INFO - Filling up the DagBag from /opt/airflow/dags/airflow-dag-python.py
[2024-08-24T00:18:36.075+0000] {processor.py:840} INFO - DAG(s) 'clickhouse_data_loader' retrieved from /opt/airflow/dags/airflow-dag-python.py
[2024-08-24T00:18:36.086+0000] {logging_mixin.py:188} INFO - [2024-08-24T00:18:36.086+0000] {dag.py:3096} INFO - Sync 1 DAGs
[2024-08-24T00:18:36.099+0000] {logging_mixin.py:188} INFO - [2024-08-24T00:18:36.099+0000] {dag.py:3954} INFO - Setting next_dagrun for clickhouse_data_loader to 2024-08-23 00:00:00+00:00, run_after=2024-08-24 00:00:00+00:00
[2024-08-24T00:18:36.109+0000] {processor.py:183} INFO - Processing /opt/airflow/dags/airflow-dag-python.py took 0.248 seconds
[2024-08-24T00:19:06.868+0000] {processor.py:161} INFO - Started process (PID=39595) to work on /opt/airflow/dags/airflow-dag-python.py
[2024-08-24T00:19:06.869+0000] {processor.py:830} INFO - Processing file /opt/airflow/dags/airflow-dag-python.py for tasks to queue
[2024-08-24T00:19:06.870+0000] {logging_mixin.py:188} INFO - [2024-08-24T00:19:06.870+0000] {dagbag.py:540} INFO - Filling up the DagBag from /opt/airflow/dags/airflow-dag-python.py
[2024-08-24T00:19:07.088+0000] {processor.py:840} INFO - DAG(s) 'clickhouse_data_loader' retrieved from /opt/airflow/dags/airflow-dag-python.py
[2024-08-24T00:19:07.100+0000] {logging_mixin.py:188} INFO - [2024-08-24T00:19:07.100+0000] {dag.py:3096} INFO - Sync 1 DAGs
[2024-08-24T00:19:07.113+0000] {logging_mixin.py:188} INFO - [2024-08-24T00:19:07.113+0000] {dag.py:3954} INFO - Setting next_dagrun for clickhouse_data_loader to 2024-08-23 00:00:00+00:00, run_after=2024-08-24 00:00:00+00:00
[2024-08-24T00:19:07.125+0000] {processor.py:183} INFO - Processing /opt/airflow/dags/airflow-dag-python.py took 0.260 seconds
[2024-08-24T00:19:37.186+0000] {processor.py:161} INFO - Started process (PID=39655) to work on /opt/airflow/dags/airflow-dag-python.py
[2024-08-24T00:19:37.187+0000] {processor.py:830} INFO - Processing file /opt/airflow/dags/airflow-dag-python.py for tasks to queue
[2024-08-24T00:19:37.188+0000] {logging_mixin.py:188} INFO - [2024-08-24T00:19:37.188+0000] {dagbag.py:540} INFO - Filling up the DagBag from /opt/airflow/dags/airflow-dag-python.py
[2024-08-24T00:19:37.416+0000] {processor.py:840} INFO - DAG(s) 'clickhouse_data_loader' retrieved from /opt/airflow/dags/airflow-dag-python.py
[2024-08-24T00:19:37.429+0000] {logging_mixin.py:188} INFO - [2024-08-24T00:19:37.428+0000] {dag.py:3096} INFO - Sync 1 DAGs
[2024-08-24T00:19:37.441+0000] {logging_mixin.py:188} INFO - [2024-08-24T00:19:37.441+0000] {dag.py:3954} INFO - Setting next_dagrun for clickhouse_data_loader to 2024-08-23 00:00:00+00:00, run_after=2024-08-24 00:00:00+00:00
[2024-08-24T00:19:37.454+0000] {processor.py:183} INFO - Processing /opt/airflow/dags/airflow-dag-python.py took 0.271 seconds
[2024-08-24T00:20:07.514+0000] {processor.py:161} INFO - Started process (PID=39717) to work on /opt/airflow/dags/airflow-dag-python.py
[2024-08-24T00:20:07.515+0000] {processor.py:830} INFO - Processing file /opt/airflow/dags/airflow-dag-python.py for tasks to queue
[2024-08-24T00:20:07.516+0000] {logging_mixin.py:188} INFO - [2024-08-24T00:20:07.516+0000] {dagbag.py:540} INFO - Filling up the DagBag from /opt/airflow/dags/airflow-dag-python.py
[2024-08-24T00:20:07.733+0000] {processor.py:840} INFO - DAG(s) 'clickhouse_data_loader' retrieved from /opt/airflow/dags/airflow-dag-python.py
[2024-08-24T00:20:07.745+0000] {logging_mixin.py:188} INFO - [2024-08-24T00:20:07.745+0000] {dag.py:3096} INFO - Sync 1 DAGs
[2024-08-24T00:20:07.758+0000] {logging_mixin.py:188} INFO - [2024-08-24T00:20:07.758+0000] {dag.py:3954} INFO - Setting next_dagrun for clickhouse_data_loader to 2024-08-23 00:00:00+00:00, run_after=2024-08-24 00:00:00+00:00
[2024-08-24T00:20:07.771+0000] {processor.py:183} INFO - Processing /opt/airflow/dags/airflow-dag-python.py took 0.260 seconds
[2024-08-24T00:20:38.618+0000] {processor.py:161} INFO - Started process (PID=39777) to work on /opt/airflow/dags/airflow-dag-python.py
[2024-08-24T00:20:38.618+0000] {processor.py:830} INFO - Processing file /opt/airflow/dags/airflow-dag-python.py for tasks to queue
[2024-08-24T00:20:38.620+0000] {logging_mixin.py:188} INFO - [2024-08-24T00:20:38.620+0000] {dagbag.py:540} INFO - Filling up the DagBag from /opt/airflow/dags/airflow-dag-python.py
[2024-08-24T00:20:38.840+0000] {processor.py:840} INFO - DAG(s) 'clickhouse_data_loader' retrieved from /opt/airflow/dags/airflow-dag-python.py
[2024-08-24T00:20:38.850+0000] {logging_mixin.py:188} INFO - [2024-08-24T00:20:38.850+0000] {dag.py:3096} INFO - Sync 1 DAGs
[2024-08-24T00:20:38.863+0000] {logging_mixin.py:188} INFO - [2024-08-24T00:20:38.863+0000] {dag.py:3954} INFO - Setting next_dagrun for clickhouse_data_loader to 2024-08-23 00:00:00+00:00, run_after=2024-08-24 00:00:00+00:00
[2024-08-24T00:20:38.875+0000] {processor.py:183} INFO - Processing /opt/airflow/dags/airflow-dag-python.py took 0.261 seconds
[2024-08-24T00:21:08.904+0000] {processor.py:161} INFO - Started process (PID=39839) to work on /opt/airflow/dags/airflow-dag-python.py
[2024-08-24T00:21:08.905+0000] {processor.py:830} INFO - Processing file /opt/airflow/dags/airflow-dag-python.py for tasks to queue
[2024-08-24T00:21:08.906+0000] {logging_mixin.py:188} INFO - [2024-08-24T00:21:08.906+0000] {dagbag.py:540} INFO - Filling up the DagBag from /opt/airflow/dags/airflow-dag-python.py
[2024-08-24T00:21:09.125+0000] {processor.py:840} INFO - DAG(s) 'clickhouse_data_loader' retrieved from /opt/airflow/dags/airflow-dag-python.py
[2024-08-24T00:21:09.137+0000] {logging_mixin.py:188} INFO - [2024-08-24T00:21:09.137+0000] {dag.py:3096} INFO - Sync 1 DAGs
[2024-08-24T00:21:09.150+0000] {logging_mixin.py:188} INFO - [2024-08-24T00:21:09.150+0000] {dag.py:3954} INFO - Setting next_dagrun for clickhouse_data_loader to 2024-08-23 00:00:00+00:00, run_after=2024-08-24 00:00:00+00:00
[2024-08-24T00:21:09.163+0000] {processor.py:183} INFO - Processing /opt/airflow/dags/airflow-dag-python.py took 0.263 seconds
[2024-08-24T00:21:39.723+0000] {processor.py:161} INFO - Started process (PID=39897) to work on /opt/airflow/dags/airflow-dag-python.py
[2024-08-24T00:21:39.724+0000] {processor.py:830} INFO - Processing file /opt/airflow/dags/airflow-dag-python.py for tasks to queue
[2024-08-24T00:21:39.725+0000] {logging_mixin.py:188} INFO - [2024-08-24T00:21:39.725+0000] {dagbag.py:540} INFO - Filling up the DagBag from /opt/airflow/dags/airflow-dag-python.py
[2024-08-24T00:21:39.940+0000] {processor.py:840} INFO - DAG(s) 'clickhouse_data_loader' retrieved from /opt/airflow/dags/airflow-dag-python.py
[2024-08-24T00:21:39.951+0000] {logging_mixin.py:188} INFO - [2024-08-24T00:21:39.951+0000] {dag.py:3096} INFO - Sync 1 DAGs
[2024-08-24T00:21:39.964+0000] {logging_mixin.py:188} INFO - [2024-08-24T00:21:39.964+0000] {dag.py:3954} INFO - Setting next_dagrun for clickhouse_data_loader to 2024-08-23 00:00:00+00:00, run_after=2024-08-24 00:00:00+00:00
[2024-08-24T00:21:39.976+0000] {processor.py:183} INFO - Processing /opt/airflow/dags/airflow-dag-python.py took 0.256 seconds
[2024-08-24T00:22:10.914+0000] {processor.py:161} INFO - Started process (PID=39959) to work on /opt/airflow/dags/airflow-dag-python.py
[2024-08-24T00:22:10.915+0000] {processor.py:830} INFO - Processing file /opt/airflow/dags/airflow-dag-python.py for tasks to queue
[2024-08-24T00:22:10.916+0000] {logging_mixin.py:188} INFO - [2024-08-24T00:22:10.915+0000] {dagbag.py:540} INFO - Filling up the DagBag from /opt/airflow/dags/airflow-dag-python.py
[2024-08-24T00:22:11.134+0000] {processor.py:840} INFO - DAG(s) 'clickhouse_data_loader' retrieved from /opt/airflow/dags/airflow-dag-python.py
[2024-08-24T00:22:11.146+0000] {logging_mixin.py:188} INFO - [2024-08-24T00:22:11.145+0000] {dag.py:3096} INFO - Sync 1 DAGs
[2024-08-24T00:22:11.159+0000] {logging_mixin.py:188} INFO - [2024-08-24T00:22:11.159+0000] {dag.py:3954} INFO - Setting next_dagrun for clickhouse_data_loader to 2024-08-23 00:00:00+00:00, run_after=2024-08-24 00:00:00+00:00
[2024-08-24T00:22:11.170+0000] {processor.py:183} INFO - Processing /opt/airflow/dags/airflow-dag-python.py took 0.260 seconds
[2024-08-24T00:22:41.216+0000] {processor.py:161} INFO - Started process (PID=40022) to work on /opt/airflow/dags/airflow-dag-python.py
[2024-08-24T00:22:41.217+0000] {processor.py:830} INFO - Processing file /opt/airflow/dags/airflow-dag-python.py for tasks to queue
[2024-08-24T00:22:41.218+0000] {logging_mixin.py:188} INFO - [2024-08-24T00:22:41.218+0000] {dagbag.py:540} INFO - Filling up the DagBag from /opt/airflow/dags/airflow-dag-python.py
[2024-08-24T00:22:41.431+0000] {processor.py:840} INFO - DAG(s) 'clickhouse_data_loader' retrieved from /opt/airflow/dags/airflow-dag-python.py
[2024-08-24T00:22:41.443+0000] {logging_mixin.py:188} INFO - [2024-08-24T00:22:41.442+0000] {dag.py:3096} INFO - Sync 1 DAGs
[2024-08-24T00:22:41.457+0000] {logging_mixin.py:188} INFO - [2024-08-24T00:22:41.457+0000] {dag.py:3954} INFO - Setting next_dagrun for clickhouse_data_loader to 2024-08-23 00:00:00+00:00, run_after=2024-08-24 00:00:00+00:00
[2024-08-24T00:22:41.468+0000] {processor.py:183} INFO - Processing /opt/airflow/dags/airflow-dag-python.py took 0.256 seconds
[2024-08-24T00:23:12.449+0000] {processor.py:161} INFO - Started process (PID=40084) to work on /opt/airflow/dags/airflow-dag-python.py
[2024-08-24T00:23:12.450+0000] {processor.py:830} INFO - Processing file /opt/airflow/dags/airflow-dag-python.py for tasks to queue
[2024-08-24T00:23:12.451+0000] {logging_mixin.py:188} INFO - [2024-08-24T00:23:12.451+0000] {dagbag.py:540} INFO - Filling up the DagBag from /opt/airflow/dags/airflow-dag-python.py
[2024-08-24T00:23:12.664+0000] {processor.py:840} INFO - DAG(s) 'clickhouse_data_loader' retrieved from /opt/airflow/dags/airflow-dag-python.py
[2024-08-24T00:23:12.675+0000] {logging_mixin.py:188} INFO - [2024-08-24T00:23:12.675+0000] {dag.py:3096} INFO - Sync 1 DAGs
[2024-08-24T00:23:12.687+0000] {logging_mixin.py:188} INFO - [2024-08-24T00:23:12.687+0000] {dag.py:3954} INFO - Setting next_dagrun for clickhouse_data_loader to 2024-08-23 00:00:00+00:00, run_after=2024-08-24 00:00:00+00:00
[2024-08-24T00:23:12.699+0000] {processor.py:183} INFO - Processing /opt/airflow/dags/airflow-dag-python.py took 0.253 seconds
[2024-08-24T00:23:43.166+0000] {processor.py:161} INFO - Started process (PID=40144) to work on /opt/airflow/dags/airflow-dag-python.py
[2024-08-24T00:23:43.166+0000] {processor.py:830} INFO - Processing file /opt/airflow/dags/airflow-dag-python.py for tasks to queue
[2024-08-24T00:23:43.167+0000] {logging_mixin.py:188} INFO - [2024-08-24T00:23:43.167+0000] {dagbag.py:540} INFO - Filling up the DagBag from /opt/airflow/dags/airflow-dag-python.py
[2024-08-24T00:23:43.373+0000] {processor.py:840} INFO - DAG(s) 'clickhouse_data_loader' retrieved from /opt/airflow/dags/airflow-dag-python.py
[2024-08-24T00:23:43.383+0000] {logging_mixin.py:188} INFO - [2024-08-24T00:23:43.383+0000] {dag.py:3096} INFO - Sync 1 DAGs
[2024-08-24T00:23:43.396+0000] {logging_mixin.py:188} INFO - [2024-08-24T00:23:43.396+0000] {dag.py:3954} INFO - Setting next_dagrun for clickhouse_data_loader to 2024-08-23 00:00:00+00:00, run_after=2024-08-24 00:00:00+00:00
[2024-08-24T00:23:43.407+0000] {processor.py:183} INFO - Processing /opt/airflow/dags/airflow-dag-python.py took 0.245 seconds
[2024-08-24T00:24:13.884+0000] {processor.py:161} INFO - Started process (PID=40204) to work on /opt/airflow/dags/airflow-dag-python.py
[2024-08-24T00:24:13.885+0000] {processor.py:830} INFO - Processing file /opt/airflow/dags/airflow-dag-python.py for tasks to queue
[2024-08-24T00:24:13.886+0000] {logging_mixin.py:188} INFO - [2024-08-24T00:24:13.886+0000] {dagbag.py:540} INFO - Filling up the DagBag from /opt/airflow/dags/airflow-dag-python.py
[2024-08-24T00:24:14.098+0000] {processor.py:840} INFO - DAG(s) 'clickhouse_data_loader' retrieved from /opt/airflow/dags/airflow-dag-python.py
[2024-08-24T00:24:14.109+0000] {logging_mixin.py:188} INFO - [2024-08-24T00:24:14.109+0000] {dag.py:3096} INFO - Sync 1 DAGs
[2024-08-24T00:24:14.121+0000] {logging_mixin.py:188} INFO - [2024-08-24T00:24:14.121+0000] {dag.py:3954} INFO - Setting next_dagrun for clickhouse_data_loader to 2024-08-23 00:00:00+00:00, run_after=2024-08-24 00:00:00+00:00
[2024-08-24T00:24:14.133+0000] {processor.py:183} INFO - Processing /opt/airflow/dags/airflow-dag-python.py took 0.252 seconds
[2024-08-24T00:24:44.574+0000] {processor.py:161} INFO - Started process (PID=40264) to work on /opt/airflow/dags/airflow-dag-python.py
[2024-08-24T00:24:44.574+0000] {processor.py:830} INFO - Processing file /opt/airflow/dags/airflow-dag-python.py for tasks to queue
[2024-08-24T00:24:44.576+0000] {logging_mixin.py:188} INFO - [2024-08-24T00:24:44.575+0000] {dagbag.py:540} INFO - Filling up the DagBag from /opt/airflow/dags/airflow-dag-python.py
[2024-08-24T00:24:44.791+0000] {processor.py:840} INFO - DAG(s) 'clickhouse_data_loader' retrieved from /opt/airflow/dags/airflow-dag-python.py
[2024-08-24T00:24:44.803+0000] {logging_mixin.py:188} INFO - [2024-08-24T00:24:44.803+0000] {dag.py:3096} INFO - Sync 1 DAGs
[2024-08-24T00:24:44.816+0000] {logging_mixin.py:188} INFO - [2024-08-24T00:24:44.815+0000] {dag.py:3954} INFO - Setting next_dagrun for clickhouse_data_loader to 2024-08-23 00:00:00+00:00, run_after=2024-08-24 00:00:00+00:00
[2024-08-24T00:24:44.826+0000] {processor.py:183} INFO - Processing /opt/airflow/dags/airflow-dag-python.py took 0.256 seconds
[2024-08-24T00:25:15.407+0000] {processor.py:161} INFO - Started process (PID=40324) to work on /opt/airflow/dags/airflow-dag-python.py
[2024-08-24T00:25:15.407+0000] {processor.py:830} INFO - Processing file /opt/airflow/dags/airflow-dag-python.py for tasks to queue
[2024-08-24T00:25:15.409+0000] {logging_mixin.py:188} INFO - [2024-08-24T00:25:15.408+0000] {dagbag.py:540} INFO - Filling up the DagBag from /opt/airflow/dags/airflow-dag-python.py
[2024-08-24T00:25:15.619+0000] {processor.py:840} INFO - DAG(s) 'clickhouse_data_loader' retrieved from /opt/airflow/dags/airflow-dag-python.py
[2024-08-24T00:25:15.632+0000] {logging_mixin.py:188} INFO - [2024-08-24T00:25:15.632+0000] {dag.py:3096} INFO - Sync 1 DAGs
[2024-08-24T00:25:15.644+0000] {logging_mixin.py:188} INFO - [2024-08-24T00:25:15.644+0000] {dag.py:3954} INFO - Setting next_dagrun for clickhouse_data_loader to 2024-08-23 00:00:00+00:00, run_after=2024-08-24 00:00:00+00:00
[2024-08-24T00:25:15.655+0000] {processor.py:183} INFO - Processing /opt/airflow/dags/airflow-dag-python.py took 0.252 seconds
[2024-08-24T00:25:46.040+0000] {processor.py:161} INFO - Started process (PID=40385) to work on /opt/airflow/dags/airflow-dag-python.py
[2024-08-24T00:25:46.040+0000] {processor.py:830} INFO - Processing file /opt/airflow/dags/airflow-dag-python.py for tasks to queue
[2024-08-24T00:25:46.041+0000] {logging_mixin.py:188} INFO - [2024-08-24T00:25:46.041+0000] {dagbag.py:540} INFO - Filling up the DagBag from /opt/airflow/dags/airflow-dag-python.py
[2024-08-24T00:25:46.253+0000] {processor.py:840} INFO - DAG(s) 'clickhouse_data_loader' retrieved from /opt/airflow/dags/airflow-dag-python.py
[2024-08-24T00:25:46.265+0000] {logging_mixin.py:188} INFO - [2024-08-24T00:25:46.265+0000] {dag.py:3096} INFO - Sync 1 DAGs
[2024-08-24T00:25:46.278+0000] {logging_mixin.py:188} INFO - [2024-08-24T00:25:46.278+0000] {dag.py:3954} INFO - Setting next_dagrun for clickhouse_data_loader to 2024-08-23 00:00:00+00:00, run_after=2024-08-24 00:00:00+00:00
[2024-08-24T00:25:46.288+0000] {processor.py:183} INFO - Processing /opt/airflow/dags/airflow-dag-python.py took 0.252 seconds
[2024-08-24T00:26:16.722+0000] {processor.py:161} INFO - Started process (PID=40445) to work on /opt/airflow/dags/airflow-dag-python.py
[2024-08-24T00:26:16.723+0000] {processor.py:830} INFO - Processing file /opt/airflow/dags/airflow-dag-python.py for tasks to queue
[2024-08-24T00:26:16.724+0000] {logging_mixin.py:188} INFO - [2024-08-24T00:26:16.724+0000] {dagbag.py:540} INFO - Filling up the DagBag from /opt/airflow/dags/airflow-dag-python.py
[2024-08-24T00:26:16.934+0000] {processor.py:840} INFO - DAG(s) 'clickhouse_data_loader' retrieved from /opt/airflow/dags/airflow-dag-python.py
[2024-08-24T00:26:16.946+0000] {logging_mixin.py:188} INFO - [2024-08-24T00:26:16.946+0000] {dag.py:3096} INFO - Sync 1 DAGs
[2024-08-24T00:26:16.959+0000] {logging_mixin.py:188} INFO - [2024-08-24T00:26:16.959+0000] {dag.py:3954} INFO - Setting next_dagrun for clickhouse_data_loader to 2024-08-23 00:00:00+00:00, run_after=2024-08-24 00:00:00+00:00
[2024-08-24T00:26:16.969+0000] {processor.py:183} INFO - Processing /opt/airflow/dags/airflow-dag-python.py took 0.251 seconds
[2024-08-24T00:26:47.328+0000] {processor.py:161} INFO - Started process (PID=40505) to work on /opt/airflow/dags/airflow-dag-python.py
[2024-08-24T00:26:47.328+0000] {processor.py:830} INFO - Processing file /opt/airflow/dags/airflow-dag-python.py for tasks to queue
[2024-08-24T00:26:47.330+0000] {logging_mixin.py:188} INFO - [2024-08-24T00:26:47.329+0000] {dagbag.py:540} INFO - Filling up the DagBag from /opt/airflow/dags/airflow-dag-python.py
[2024-08-24T00:26:47.538+0000] {processor.py:840} INFO - DAG(s) 'clickhouse_data_loader' retrieved from /opt/airflow/dags/airflow-dag-python.py
[2024-08-24T00:26:47.549+0000] {logging_mixin.py:188} INFO - [2024-08-24T00:26:47.549+0000] {dag.py:3096} INFO - Sync 1 DAGs
[2024-08-24T00:26:47.686+0000] {logging_mixin.py:188} INFO - [2024-08-24T00:26:47.686+0000] {dag.py:3954} INFO - Setting next_dagrun for clickhouse_data_loader to 2024-08-23 00:00:00+00:00, run_after=2024-08-24 00:00:00+00:00
[2024-08-24T00:26:47.695+0000] {processor.py:183} INFO - Processing /opt/airflow/dags/airflow-dag-python.py took 0.372 seconds
[2024-08-24T00:27:18.078+0000] {processor.py:161} INFO - Started process (PID=40571) to work on /opt/airflow/dags/airflow-dag-python.py
[2024-08-24T00:27:18.079+0000] {processor.py:830} INFO - Processing file /opt/airflow/dags/airflow-dag-python.py for tasks to queue
[2024-08-24T00:27:18.080+0000] {logging_mixin.py:188} INFO - [2024-08-24T00:27:18.080+0000] {dagbag.py:540} INFO - Filling up the DagBag from /opt/airflow/dags/airflow-dag-python.py
[2024-08-24T00:27:18.297+0000] {processor.py:840} INFO - DAG(s) 'clickhouse_data_loader' retrieved from /opt/airflow/dags/airflow-dag-python.py
[2024-08-24T00:27:18.308+0000] {logging_mixin.py:188} INFO - [2024-08-24T00:27:18.308+0000] {dag.py:3096} INFO - Sync 1 DAGs
[2024-08-24T00:27:18.443+0000] {logging_mixin.py:188} INFO - [2024-08-24T00:27:18.443+0000] {dag.py:3954} INFO - Setting next_dagrun for clickhouse_data_loader to 2024-08-23 00:00:00+00:00, run_after=2024-08-24 00:00:00+00:00
[2024-08-24T00:27:18.454+0000] {processor.py:183} INFO - Processing /opt/airflow/dags/airflow-dag-python.py took 0.380 seconds
[2024-08-24T00:27:49.341+0000] {processor.py:161} INFO - Started process (PID=40632) to work on /opt/airflow/dags/airflow-dag-python.py
[2024-08-24T00:27:49.342+0000] {processor.py:830} INFO - Processing file /opt/airflow/dags/airflow-dag-python.py for tasks to queue
[2024-08-24T00:27:49.343+0000] {logging_mixin.py:188} INFO - [2024-08-24T00:27:49.343+0000] {dagbag.py:540} INFO - Filling up the DagBag from /opt/airflow/dags/airflow-dag-python.py
[2024-08-24T00:27:49.561+0000] {processor.py:840} INFO - DAG(s) 'clickhouse_data_loader' retrieved from /opt/airflow/dags/airflow-dag-python.py
[2024-08-24T00:27:49.573+0000] {logging_mixin.py:188} INFO - [2024-08-24T00:27:49.573+0000] {dag.py:3096} INFO - Sync 1 DAGs
[2024-08-24T00:27:49.587+0000] {logging_mixin.py:188} INFO - [2024-08-24T00:27:49.587+0000] {dag.py:3954} INFO - Setting next_dagrun for clickhouse_data_loader to 2024-08-23 00:00:00+00:00, run_after=2024-08-24 00:00:00+00:00
[2024-08-24T00:27:49.712+0000] {processor.py:183} INFO - Processing /opt/airflow/dags/airflow-dag-python.py took 0.375 seconds
[2024-08-24T00:28:20.521+0000] {processor.py:161} INFO - Started process (PID=40693) to work on /opt/airflow/dags/airflow-dag-python.py
[2024-08-24T00:28:20.522+0000] {processor.py:830} INFO - Processing file /opt/airflow/dags/airflow-dag-python.py for tasks to queue
[2024-08-24T00:28:20.523+0000] {logging_mixin.py:188} INFO - [2024-08-24T00:28:20.523+0000] {dagbag.py:540} INFO - Filling up the DagBag from /opt/airflow/dags/airflow-dag-python.py
[2024-08-24T00:28:20.743+0000] {processor.py:840} INFO - DAG(s) 'clickhouse_data_loader' retrieved from /opt/airflow/dags/airflow-dag-python.py
[2024-08-24T00:28:20.754+0000] {logging_mixin.py:188} INFO - [2024-08-24T00:28:20.754+0000] {dag.py:3096} INFO - Sync 1 DAGs
[2024-08-24T00:28:20.773+0000] {logging_mixin.py:188} INFO - [2024-08-24T00:28:20.772+0000] {dag.py:3954} INFO - Setting next_dagrun for clickhouse_data_loader to 2024-08-23 00:00:00+00:00, run_after=2024-08-24 00:00:00+00:00
[2024-08-24T00:28:20.791+0000] {processor.py:183} INFO - Processing /opt/airflow/dags/airflow-dag-python.py took 0.273 seconds
[2024-08-24T00:28:51.146+0000] {processor.py:161} INFO - Started process (PID=40753) to work on /opt/airflow/dags/airflow-dag-python.py
[2024-08-24T00:28:51.147+0000] {processor.py:830} INFO - Processing file /opt/airflow/dags/airflow-dag-python.py for tasks to queue
[2024-08-24T00:28:51.148+0000] {logging_mixin.py:188} INFO - [2024-08-24T00:28:51.148+0000] {dagbag.py:540} INFO - Filling up the DagBag from /opt/airflow/dags/airflow-dag-python.py
[2024-08-24T00:28:51.349+0000] {processor.py:840} INFO - DAG(s) 'clickhouse_data_loader' retrieved from /opt/airflow/dags/airflow-dag-python.py
[2024-08-24T00:28:51.360+0000] {logging_mixin.py:188} INFO - [2024-08-24T00:28:51.359+0000] {dag.py:3096} INFO - Sync 1 DAGs
[2024-08-24T00:28:51.371+0000] {logging_mixin.py:188} INFO - [2024-08-24T00:28:51.371+0000] {dag.py:3954} INFO - Setting next_dagrun for clickhouse_data_loader to 2024-08-23 00:00:00+00:00, run_after=2024-08-24 00:00:00+00:00
[2024-08-24T00:28:51.380+0000] {processor.py:183} INFO - Processing /opt/airflow/dags/airflow-dag-python.py took 0.238 seconds
[2024-08-24T00:29:21.760+0000] {processor.py:161} INFO - Started process (PID=40813) to work on /opt/airflow/dags/airflow-dag-python.py
[2024-08-24T00:29:21.761+0000] {processor.py:830} INFO - Processing file /opt/airflow/dags/airflow-dag-python.py for tasks to queue
[2024-08-24T00:29:21.762+0000] {logging_mixin.py:188} INFO - [2024-08-24T00:29:21.762+0000] {dagbag.py:540} INFO - Filling up the DagBag from /opt/airflow/dags/airflow-dag-python.py
[2024-08-24T00:29:22.079+0000] {processor.py:840} INFO - DAG(s) 'clickhouse_data_loader' retrieved from /opt/airflow/dags/airflow-dag-python.py
[2024-08-24T00:29:22.088+0000] {logging_mixin.py:188} INFO - [2024-08-24T00:29:22.088+0000] {dag.py:3096} INFO - Sync 1 DAGs
[2024-08-24T00:29:22.099+0000] {logging_mixin.py:188} INFO - [2024-08-24T00:29:22.099+0000] {dag.py:3954} INFO - Setting next_dagrun for clickhouse_data_loader to 2024-08-23 00:00:00+00:00, run_after=2024-08-24 00:00:00+00:00
[2024-08-24T00:29:22.108+0000] {processor.py:183} INFO - Processing /opt/airflow/dags/airflow-dag-python.py took 0.351 seconds
[2024-08-24T00:29:52.235+0000] {processor.py:161} INFO - Started process (PID=40873) to work on /opt/airflow/dags/airflow-dag-python.py
[2024-08-24T00:29:52.236+0000] {processor.py:830} INFO - Processing file /opt/airflow/dags/airflow-dag-python.py for tasks to queue
[2024-08-24T00:29:52.237+0000] {logging_mixin.py:188} INFO - [2024-08-24T00:29:52.237+0000] {dagbag.py:540} INFO - Filling up the DagBag from /opt/airflow/dags/airflow-dag-python.py
[2024-08-24T00:29:52.569+0000] {processor.py:840} INFO - DAG(s) 'clickhouse_data_loader' retrieved from /opt/airflow/dags/airflow-dag-python.py
[2024-08-24T00:29:52.579+0000] {logging_mixin.py:188} INFO - [2024-08-24T00:29:52.579+0000] {dag.py:3096} INFO - Sync 1 DAGs
[2024-08-24T00:29:52.591+0000] {logging_mixin.py:188} INFO - [2024-08-24T00:29:52.590+0000] {dag.py:3954} INFO - Setting next_dagrun for clickhouse_data_loader to 2024-08-23 00:00:00+00:00, run_after=2024-08-24 00:00:00+00:00
[2024-08-24T00:29:52.600+0000] {processor.py:183} INFO - Processing /opt/airflow/dags/airflow-dag-python.py took 0.369 seconds
[2024-08-24T00:30:22.920+0000] {processor.py:161} INFO - Started process (PID=40933) to work on /opt/airflow/dags/airflow-dag-python.py
[2024-08-24T00:30:22.921+0000] {processor.py:830} INFO - Processing file /opt/airflow/dags/airflow-dag-python.py for tasks to queue
[2024-08-24T00:30:22.922+0000] {logging_mixin.py:188} INFO - [2024-08-24T00:30:22.922+0000] {dagbag.py:540} INFO - Filling up the DagBag from /opt/airflow/dags/airflow-dag-python.py
[2024-08-24T00:30:23.129+0000] {processor.py:840} INFO - DAG(s) 'clickhouse_data_loader' retrieved from /opt/airflow/dags/airflow-dag-python.py
[2024-08-24T00:30:23.251+0000] {logging_mixin.py:188} INFO - [2024-08-24T00:30:23.251+0000] {dag.py:3096} INFO - Sync 1 DAGs
[2024-08-24T00:30:23.262+0000] {logging_mixin.py:188} INFO - [2024-08-24T00:30:23.262+0000] {dag.py:3954} INFO - Setting next_dagrun for clickhouse_data_loader to 2024-08-23 00:00:00+00:00, run_after=2024-08-24 00:00:00+00:00
[2024-08-24T00:30:23.272+0000] {processor.py:183} INFO - Processing /opt/airflow/dags/airflow-dag-python.py took 0.355 seconds
[2024-08-24T00:30:53.525+0000] {processor.py:161} INFO - Started process (PID=40993) to work on /opt/airflow/dags/airflow-dag-python.py
[2024-08-24T00:30:53.525+0000] {processor.py:830} INFO - Processing file /opt/airflow/dags/airflow-dag-python.py for tasks to queue
[2024-08-24T00:30:53.527+0000] {logging_mixin.py:188} INFO - [2024-08-24T00:30:53.526+0000] {dagbag.py:540} INFO - Filling up the DagBag from /opt/airflow/dags/airflow-dag-python.py
[2024-08-24T00:30:53.836+0000] {processor.py:840} INFO - DAG(s) 'clickhouse_data_loader' retrieved from /opt/airflow/dags/airflow-dag-python.py
[2024-08-24T00:30:53.847+0000] {logging_mixin.py:188} INFO - [2024-08-24T00:30:53.847+0000] {dag.py:3096} INFO - Sync 1 DAGs
[2024-08-24T00:30:53.858+0000] {logging_mixin.py:188} INFO - [2024-08-24T00:30:53.858+0000] {dag.py:3954} INFO - Setting next_dagrun for clickhouse_data_loader to 2024-08-23 00:00:00+00:00, run_after=2024-08-24 00:00:00+00:00
[2024-08-24T00:30:53.869+0000] {processor.py:183} INFO - Processing /opt/airflow/dags/airflow-dag-python.py took 0.347 seconds
[2024-08-24T00:31:24.089+0000] {processor.py:161} INFO - Started process (PID=41053) to work on /opt/airflow/dags/airflow-dag-python.py
[2024-08-24T00:31:24.089+0000] {processor.py:830} INFO - Processing file /opt/airflow/dags/airflow-dag-python.py for tasks to queue
[2024-08-24T00:31:24.090+0000] {logging_mixin.py:188} INFO - [2024-08-24T00:31:24.090+0000] {dagbag.py:540} INFO - Filling up the DagBag from /opt/airflow/dags/airflow-dag-python.py
[2024-08-24T00:31:24.404+0000] {processor.py:840} INFO - DAG(s) 'clickhouse_data_loader' retrieved from /opt/airflow/dags/airflow-dag-python.py
[2024-08-24T00:31:24.414+0000] {logging_mixin.py:188} INFO - [2024-08-24T00:31:24.413+0000] {dag.py:3096} INFO - Sync 1 DAGs
[2024-08-24T00:31:24.425+0000] {logging_mixin.py:188} INFO - [2024-08-24T00:31:24.425+0000] {dag.py:3954} INFO - Setting next_dagrun for clickhouse_data_loader to 2024-08-23 00:00:00+00:00, run_after=2024-08-24 00:00:00+00:00
[2024-08-24T00:31:24.435+0000] {processor.py:183} INFO - Processing /opt/airflow/dags/airflow-dag-python.py took 0.350 seconds
[2024-08-24T00:31:54.679+0000] {processor.py:161} INFO - Started process (PID=41113) to work on /opt/airflow/dags/airflow-dag-python.py
[2024-08-24T00:31:54.680+0000] {processor.py:830} INFO - Processing file /opt/airflow/dags/airflow-dag-python.py for tasks to queue
[2024-08-24T00:31:54.681+0000] {logging_mixin.py:188} INFO - [2024-08-24T00:31:54.681+0000] {dagbag.py:540} INFO - Filling up the DagBag from /opt/airflow/dags/airflow-dag-python.py
[2024-08-24T00:31:55.004+0000] {processor.py:840} INFO - DAG(s) 'clickhouse_data_loader' retrieved from /opt/airflow/dags/airflow-dag-python.py
[2024-08-24T00:31:55.014+0000] {logging_mixin.py:188} INFO - [2024-08-24T00:31:55.014+0000] {dag.py:3096} INFO - Sync 1 DAGs
[2024-08-24T00:31:55.027+0000] {logging_mixin.py:188} INFO - [2024-08-24T00:31:55.027+0000] {dag.py:3954} INFO - Setting next_dagrun for clickhouse_data_loader to 2024-08-23 00:00:00+00:00, run_after=2024-08-24 00:00:00+00:00
[2024-08-24T00:31:55.039+0000] {processor.py:183} INFO - Processing /opt/airflow/dags/airflow-dag-python.py took 0.363 seconds
[2024-08-24T00:32:25.308+0000] {processor.py:161} INFO - Started process (PID=41173) to work on /opt/airflow/dags/airflow-dag-python.py
[2024-08-24T00:32:25.308+0000] {processor.py:830} INFO - Processing file /opt/airflow/dags/airflow-dag-python.py for tasks to queue
[2024-08-24T00:32:25.310+0000] {logging_mixin.py:188} INFO - [2024-08-24T00:32:25.310+0000] {dagbag.py:540} INFO - Filling up the DagBag from /opt/airflow/dags/airflow-dag-python.py
[2024-08-24T00:32:25.675+0000] {processor.py:840} INFO - DAG(s) 'clickhouse_data_loader' retrieved from /opt/airflow/dags/airflow-dag-python.py
[2024-08-24T00:32:25.685+0000] {logging_mixin.py:188} INFO - [2024-08-24T00:32:25.685+0000] {dag.py:3096} INFO - Sync 1 DAGs
[2024-08-24T00:32:25.697+0000] {logging_mixin.py:188} INFO - [2024-08-24T00:32:25.696+0000] {dag.py:3954} INFO - Setting next_dagrun for clickhouse_data_loader to 2024-08-23 00:00:00+00:00, run_after=2024-08-24 00:00:00+00:00
[2024-08-24T00:32:25.707+0000] {processor.py:183} INFO - Processing /opt/airflow/dags/airflow-dag-python.py took 0.404 seconds
[2024-08-24T00:32:55.890+0000] {processor.py:161} INFO - Started process (PID=41233) to work on /opt/airflow/dags/airflow-dag-python.py
[2024-08-24T00:32:55.891+0000] {processor.py:830} INFO - Processing file /opt/airflow/dags/airflow-dag-python.py for tasks to queue
[2024-08-24T00:32:55.892+0000] {logging_mixin.py:188} INFO - [2024-08-24T00:32:55.892+0000] {dagbag.py:540} INFO - Filling up the DagBag from /opt/airflow/dags/airflow-dag-python.py
[2024-08-24T00:32:56.224+0000] {processor.py:840} INFO - DAG(s) 'clickhouse_data_loader' retrieved from /opt/airflow/dags/airflow-dag-python.py
[2024-08-24T00:32:56.233+0000] {logging_mixin.py:188} INFO - [2024-08-24T00:32:56.233+0000] {dag.py:3096} INFO - Sync 1 DAGs
[2024-08-24T00:32:56.246+0000] {logging_mixin.py:188} INFO - [2024-08-24T00:32:56.245+0000] {dag.py:3954} INFO - Setting next_dagrun for clickhouse_data_loader to 2024-08-23 00:00:00+00:00, run_after=2024-08-24 00:00:00+00:00
[2024-08-24T00:32:56.255+0000] {processor.py:183} INFO - Processing /opt/airflow/dags/airflow-dag-python.py took 0.369 seconds
[2024-08-24T00:33:26.629+0000] {processor.py:161} INFO - Started process (PID=41294) to work on /opt/airflow/dags/airflow-dag-python.py
[2024-08-24T00:33:26.630+0000] {processor.py:830} INFO - Processing file /opt/airflow/dags/airflow-dag-python.py for tasks to queue
[2024-08-24T00:33:26.631+0000] {logging_mixin.py:188} INFO - [2024-08-24T00:33:26.631+0000] {dagbag.py:540} INFO - Filling up the DagBag from /opt/airflow/dags/airflow-dag-python.py
[2024-08-24T00:33:26.950+0000] {processor.py:840} INFO - DAG(s) 'clickhouse_data_loader' retrieved from /opt/airflow/dags/airflow-dag-python.py
[2024-08-24T00:33:26.960+0000] {logging_mixin.py:188} INFO - [2024-08-24T00:33:26.959+0000] {dag.py:3096} INFO - Sync 1 DAGs
[2024-08-24T00:33:26.970+0000] {logging_mixin.py:188} INFO - [2024-08-24T00:33:26.970+0000] {dag.py:3954} INFO - Setting next_dagrun for clickhouse_data_loader to 2024-08-23 00:00:00+00:00, run_after=2024-08-24 00:00:00+00:00
[2024-08-24T00:33:26.981+0000] {processor.py:183} INFO - Processing /opt/airflow/dags/airflow-dag-python.py took 0.355 seconds
[2024-08-24T00:33:57.702+0000] {processor.py:161} INFO - Started process (PID=41355) to work on /opt/airflow/dags/airflow-dag-python.py
[2024-08-24T00:33:57.703+0000] {processor.py:830} INFO - Processing file /opt/airflow/dags/airflow-dag-python.py for tasks to queue
[2024-08-24T00:33:57.704+0000] {logging_mixin.py:188} INFO - [2024-08-24T00:33:57.704+0000] {dagbag.py:540} INFO - Filling up the DagBag from /opt/airflow/dags/airflow-dag-python.py
[2024-08-24T00:33:58.017+0000] {processor.py:840} INFO - DAG(s) 'clickhouse_data_loader' retrieved from /opt/airflow/dags/airflow-dag-python.py
[2024-08-24T00:33:58.026+0000] {logging_mixin.py:188} INFO - [2024-08-24T00:33:58.026+0000] {dag.py:3096} INFO - Sync 1 DAGs
[2024-08-24T00:33:58.037+0000] {logging_mixin.py:188} INFO - [2024-08-24T00:33:58.037+0000] {dag.py:3954} INFO - Setting next_dagrun for clickhouse_data_loader to 2024-08-23 00:00:00+00:00, run_after=2024-08-24 00:00:00+00:00
[2024-08-24T00:33:58.047+0000] {processor.py:183} INFO - Processing /opt/airflow/dags/airflow-dag-python.py took 0.348 seconds
[2024-08-24T00:34:28.235+0000] {processor.py:161} INFO - Started process (PID=41415) to work on /opt/airflow/dags/airflow-dag-python.py
[2024-08-24T00:34:28.236+0000] {processor.py:830} INFO - Processing file /opt/airflow/dags/airflow-dag-python.py for tasks to queue
[2024-08-24T00:34:28.237+0000] {logging_mixin.py:188} INFO - [2024-08-24T00:34:28.237+0000] {dagbag.py:540} INFO - Filling up the DagBag from /opt/airflow/dags/airflow-dag-python.py
[2024-08-24T00:34:28.546+0000] {processor.py:840} INFO - DAG(s) 'clickhouse_data_loader' retrieved from /opt/airflow/dags/airflow-dag-python.py
[2024-08-24T00:34:28.555+0000] {logging_mixin.py:188} INFO - [2024-08-24T00:34:28.555+0000] {dag.py:3096} INFO - Sync 1 DAGs
[2024-08-24T00:34:28.566+0000] {logging_mixin.py:188} INFO - [2024-08-24T00:34:28.566+0000] {dag.py:3954} INFO - Setting next_dagrun for clickhouse_data_loader to 2024-08-23 00:00:00+00:00, run_after=2024-08-24 00:00:00+00:00
[2024-08-24T00:34:28.575+0000] {processor.py:183} INFO - Processing /opt/airflow/dags/airflow-dag-python.py took 0.343 seconds
[2024-08-24T00:34:58.803+0000] {processor.py:161} INFO - Started process (PID=41475) to work on /opt/airflow/dags/airflow-dag-python.py
[2024-08-24T00:34:58.803+0000] {processor.py:830} INFO - Processing file /opt/airflow/dags/airflow-dag-python.py for tasks to queue
[2024-08-24T00:34:58.804+0000] {logging_mixin.py:188} INFO - [2024-08-24T00:34:58.804+0000] {dagbag.py:540} INFO - Filling up the DagBag from /opt/airflow/dags/airflow-dag-python.py
[2024-08-24T00:34:59.117+0000] {processor.py:840} INFO - DAG(s) 'clickhouse_data_loader' retrieved from /opt/airflow/dags/airflow-dag-python.py
[2024-08-24T00:34:59.127+0000] {logging_mixin.py:188} INFO - [2024-08-24T00:34:59.126+0000] {dag.py:3096} INFO - Sync 1 DAGs
[2024-08-24T00:34:59.137+0000] {logging_mixin.py:188} INFO - [2024-08-24T00:34:59.137+0000] {dag.py:3954} INFO - Setting next_dagrun for clickhouse_data_loader to 2024-08-23 00:00:00+00:00, run_after=2024-08-24 00:00:00+00:00
[2024-08-24T00:34:59.147+0000] {processor.py:183} INFO - Processing /opt/airflow/dags/airflow-dag-python.py took 0.348 seconds
[2024-08-24T00:35:29.433+0000] {processor.py:161} INFO - Started process (PID=41535) to work on /opt/airflow/dags/airflow-dag-python.py
[2024-08-24T00:35:29.434+0000] {processor.py:830} INFO - Processing file /opt/airflow/dags/airflow-dag-python.py for tasks to queue
[2024-08-24T00:35:29.435+0000] {logging_mixin.py:188} INFO - [2024-08-24T00:35:29.435+0000] {dagbag.py:540} INFO - Filling up the DagBag from /opt/airflow/dags/airflow-dag-python.py
[2024-08-24T00:35:29.758+0000] {processor.py:840} INFO - DAG(s) 'clickhouse_data_loader' retrieved from /opt/airflow/dags/airflow-dag-python.py
[2024-08-24T00:35:29.767+0000] {logging_mixin.py:188} INFO - [2024-08-24T00:35:29.767+0000] {dag.py:3096} INFO - Sync 1 DAGs
[2024-08-24T00:35:29.778+0000] {logging_mixin.py:188} INFO - [2024-08-24T00:35:29.778+0000] {dag.py:3954} INFO - Setting next_dagrun for clickhouse_data_loader to 2024-08-23 00:00:00+00:00, run_after=2024-08-24 00:00:00+00:00
[2024-08-24T00:35:29.787+0000] {processor.py:183} INFO - Processing /opt/airflow/dags/airflow-dag-python.py took 0.358 seconds
[2024-08-24T00:35:59.993+0000] {processor.py:161} INFO - Started process (PID=41595) to work on /opt/airflow/dags/airflow-dag-python.py
[2024-08-24T00:35:59.994+0000] {processor.py:830} INFO - Processing file /opt/airflow/dags/airflow-dag-python.py for tasks to queue
[2024-08-24T00:35:59.995+0000] {logging_mixin.py:188} INFO - [2024-08-24T00:35:59.995+0000] {dagbag.py:540} INFO - Filling up the DagBag from /opt/airflow/dags/airflow-dag-python.py
[2024-08-24T00:36:00.331+0000] {processor.py:840} INFO - DAG(s) 'clickhouse_data_loader' retrieved from /opt/airflow/dags/airflow-dag-python.py
[2024-08-24T00:36:00.340+0000] {logging_mixin.py:188} INFO - [2024-08-24T00:36:00.340+0000] {dag.py:3096} INFO - Sync 1 DAGs
[2024-08-24T00:36:00.351+0000] {logging_mixin.py:188} INFO - [2024-08-24T00:36:00.351+0000] {dag.py:3954} INFO - Setting next_dagrun for clickhouse_data_loader to 2024-08-23 00:00:00+00:00, run_after=2024-08-24 00:00:00+00:00
[2024-08-24T00:36:00.361+0000] {processor.py:183} INFO - Processing /opt/airflow/dags/airflow-dag-python.py took 0.371 seconds
[2024-08-24T00:36:30.544+0000] {processor.py:161} INFO - Started process (PID=41655) to work on /opt/airflow/dags/airflow-dag-python.py
[2024-08-24T00:36:30.545+0000] {processor.py:830} INFO - Processing file /opt/airflow/dags/airflow-dag-python.py for tasks to queue
[2024-08-24T00:36:30.546+0000] {logging_mixin.py:188} INFO - [2024-08-24T00:36:30.546+0000] {dagbag.py:540} INFO - Filling up the DagBag from /opt/airflow/dags/airflow-dag-python.py
[2024-08-24T00:36:30.890+0000] {processor.py:840} INFO - DAG(s) 'clickhouse_data_loader' retrieved from /opt/airflow/dags/airflow-dag-python.py
[2024-08-24T00:36:30.901+0000] {logging_mixin.py:188} INFO - [2024-08-24T00:36:30.901+0000] {dag.py:3096} INFO - Sync 1 DAGs
[2024-08-24T00:36:30.913+0000] {logging_mixin.py:188} INFO - [2024-08-24T00:36:30.912+0000] {dag.py:3954} INFO - Setting next_dagrun for clickhouse_data_loader to 2024-08-23 00:00:00+00:00, run_after=2024-08-24 00:00:00+00:00
[2024-08-24T00:36:30.922+0000] {processor.py:183} INFO - Processing /opt/airflow/dags/airflow-dag-python.py took 0.381 seconds
[2024-08-24T00:37:01.293+0000] {processor.py:161} INFO - Started process (PID=41715) to work on /opt/airflow/dags/airflow-dag-python.py
[2024-08-24T00:37:01.294+0000] {processor.py:830} INFO - Processing file /opt/airflow/dags/airflow-dag-python.py for tasks to queue
[2024-08-24T00:37:01.295+0000] {logging_mixin.py:188} INFO - [2024-08-24T00:37:01.294+0000] {dagbag.py:540} INFO - Filling up the DagBag from /opt/airflow/dags/airflow-dag-python.py
[2024-08-24T00:37:01.581+0000] {processor.py:840} INFO - DAG(s) 'clickhouse_data_loader' retrieved from /opt/airflow/dags/airflow-dag-python.py
[2024-08-24T00:37:01.590+0000] {logging_mixin.py:188} INFO - [2024-08-24T00:37:01.589+0000] {dag.py:3096} INFO - Sync 1 DAGs
[2024-08-24T00:37:01.600+0000] {logging_mixin.py:188} INFO - [2024-08-24T00:37:01.600+0000] {dag.py:3954} INFO - Setting next_dagrun for clickhouse_data_loader to 2024-08-23 00:00:00+00:00, run_after=2024-08-24 00:00:00+00:00
[2024-08-24T00:37:01.609+0000] {processor.py:183} INFO - Processing /opt/airflow/dags/airflow-dag-python.py took 0.319 seconds
[2024-08-24T00:37:31.751+0000] {processor.py:161} INFO - Started process (PID=41775) to work on /opt/airflow/dags/airflow-dag-python.py
[2024-08-24T00:37:31.752+0000] {processor.py:830} INFO - Processing file /opt/airflow/dags/airflow-dag-python.py for tasks to queue
[2024-08-24T00:37:31.753+0000] {logging_mixin.py:188} INFO - [2024-08-24T00:37:31.753+0000] {dagbag.py:540} INFO - Filling up the DagBag from /opt/airflow/dags/airflow-dag-python.py
[2024-08-24T00:37:32.087+0000] {processor.py:840} INFO - DAG(s) 'clickhouse_data_loader' retrieved from /opt/airflow/dags/airflow-dag-python.py
[2024-08-24T00:37:32.097+0000] {logging_mixin.py:188} INFO - [2024-08-24T00:37:32.096+0000] {dag.py:3096} INFO - Sync 1 DAGs
[2024-08-24T00:37:32.107+0000] {logging_mixin.py:188} INFO - [2024-08-24T00:37:32.107+0000] {dag.py:3954} INFO - Setting next_dagrun for clickhouse_data_loader to 2024-08-23 00:00:00+00:00, run_after=2024-08-24 00:00:00+00:00
[2024-08-24T00:37:32.116+0000] {processor.py:183} INFO - Processing /opt/airflow/dags/airflow-dag-python.py took 0.369 seconds
[2024-08-24T00:38:02.191+0000] {processor.py:161} INFO - Started process (PID=41835) to work on /opt/airflow/dags/airflow-dag-python.py
[2024-08-24T00:38:02.191+0000] {processor.py:830} INFO - Processing file /opt/airflow/dags/airflow-dag-python.py for tasks to queue
[2024-08-24T00:38:02.192+0000] {logging_mixin.py:188} INFO - [2024-08-24T00:38:02.192+0000] {dagbag.py:540} INFO - Filling up the DagBag from /opt/airflow/dags/airflow-dag-python.py
[2024-08-24T00:38:02.479+0000] {processor.py:840} INFO - DAG(s) 'clickhouse_data_loader' retrieved from /opt/airflow/dags/airflow-dag-python.py
[2024-08-24T00:38:02.487+0000] {logging_mixin.py:188} INFO - [2024-08-24T00:38:02.487+0000] {dag.py:3096} INFO - Sync 1 DAGs
[2024-08-24T00:38:02.498+0000] {logging_mixin.py:188} INFO - [2024-08-24T00:38:02.498+0000] {dag.py:3954} INFO - Setting next_dagrun for clickhouse_data_loader to 2024-08-23 00:00:00+00:00, run_after=2024-08-24 00:00:00+00:00
[2024-08-24T00:38:02.506+0000] {processor.py:183} INFO - Processing /opt/airflow/dags/airflow-dag-python.py took 0.319 seconds
[2024-08-24T00:38:32.581+0000] {processor.py:161} INFO - Started process (PID=41895) to work on /opt/airflow/dags/airflow-dag-python.py
[2024-08-24T00:38:32.582+0000] {processor.py:830} INFO - Processing file /opt/airflow/dags/airflow-dag-python.py for tasks to queue
[2024-08-24T00:38:32.583+0000] {logging_mixin.py:188} INFO - [2024-08-24T00:38:32.582+0000] {dagbag.py:540} INFO - Filling up the DagBag from /opt/airflow/dags/airflow-dag-python.py
[2024-08-24T00:38:32.864+0000] {processor.py:840} INFO - DAG(s) 'clickhouse_data_loader' retrieved from /opt/airflow/dags/airflow-dag-python.py
[2024-08-24T00:38:32.872+0000] {logging_mixin.py:188} INFO - [2024-08-24T00:38:32.872+0000] {dag.py:3096} INFO - Sync 1 DAGs
[2024-08-24T00:38:32.883+0000] {logging_mixin.py:188} INFO - [2024-08-24T00:38:32.883+0000] {dag.py:3954} INFO - Setting next_dagrun for clickhouse_data_loader to 2024-08-23 00:00:00+00:00, run_after=2024-08-24 00:00:00+00:00
[2024-08-24T00:38:32.892+0000] {processor.py:183} INFO - Processing /opt/airflow/dags/airflow-dag-python.py took 0.314 seconds
[2024-08-24T00:39:02.977+0000] {processor.py:161} INFO - Started process (PID=41955) to work on /opt/airflow/dags/airflow-dag-python.py
[2024-08-24T00:39:02.978+0000] {processor.py:830} INFO - Processing file /opt/airflow/dags/airflow-dag-python.py for tasks to queue
[2024-08-24T00:39:02.979+0000] {logging_mixin.py:188} INFO - [2024-08-24T00:39:02.979+0000] {dagbag.py:540} INFO - Filling up the DagBag from /opt/airflow/dags/airflow-dag-python.py
[2024-08-24T00:39:03.282+0000] {processor.py:840} INFO - DAG(s) 'clickhouse_data_loader' retrieved from /opt/airflow/dags/airflow-dag-python.py
[2024-08-24T00:39:03.290+0000] {logging_mixin.py:188} INFO - [2024-08-24T00:39:03.290+0000] {dag.py:3096} INFO - Sync 1 DAGs
[2024-08-24T00:39:03.300+0000] {logging_mixin.py:188} INFO - [2024-08-24T00:39:03.300+0000] {dag.py:3954} INFO - Setting next_dagrun for clickhouse_data_loader to 2024-08-23 00:00:00+00:00, run_after=2024-08-24 00:00:00+00:00
[2024-08-24T00:39:03.310+0000] {processor.py:183} INFO - Processing /opt/airflow/dags/airflow-dag-python.py took 0.336 seconds
[2024-08-24T00:39:33.356+0000] {processor.py:161} INFO - Started process (PID=42015) to work on /opt/airflow/dags/airflow-dag-python.py
[2024-08-24T00:39:33.357+0000] {processor.py:830} INFO - Processing file /opt/airflow/dags/airflow-dag-python.py for tasks to queue
[2024-08-24T00:39:33.358+0000] {logging_mixin.py:188} INFO - [2024-08-24T00:39:33.357+0000] {dagbag.py:540} INFO - Filling up the DagBag from /opt/airflow/dags/airflow-dag-python.py
[2024-08-24T00:39:33.632+0000] {processor.py:840} INFO - DAG(s) 'clickhouse_data_loader' retrieved from /opt/airflow/dags/airflow-dag-python.py
[2024-08-24T00:39:33.640+0000] {logging_mixin.py:188} INFO - [2024-08-24T00:39:33.640+0000] {dag.py:3096} INFO - Sync 1 DAGs
[2024-08-24T00:39:33.651+0000] {logging_mixin.py:188} INFO - [2024-08-24T00:39:33.651+0000] {dag.py:3954} INFO - Setting next_dagrun for clickhouse_data_loader to 2024-08-23 00:00:00+00:00, run_after=2024-08-24 00:00:00+00:00
[2024-08-24T00:39:33.659+0000] {processor.py:183} INFO - Processing /opt/airflow/dags/airflow-dag-python.py took 0.306 seconds
[2024-08-24T00:40:03.737+0000] {processor.py:161} INFO - Started process (PID=42075) to work on /opt/airflow/dags/airflow-dag-python.py
[2024-08-24T00:40:03.738+0000] {processor.py:830} INFO - Processing file /opt/airflow/dags/airflow-dag-python.py for tasks to queue
[2024-08-24T00:40:03.739+0000] {logging_mixin.py:188} INFO - [2024-08-24T00:40:03.739+0000] {dagbag.py:540} INFO - Filling up the DagBag from /opt/airflow/dags/airflow-dag-python.py
[2024-08-24T00:40:04.033+0000] {processor.py:840} INFO - DAG(s) 'clickhouse_data_loader' retrieved from /opt/airflow/dags/airflow-dag-python.py
[2024-08-24T00:40:04.042+0000] {logging_mixin.py:188} INFO - [2024-08-24T00:40:04.041+0000] {dag.py:3096} INFO - Sync 1 DAGs
[2024-08-24T00:40:04.051+0000] {logging_mixin.py:188} INFO - [2024-08-24T00:40:04.051+0000] {dag.py:3954} INFO - Setting next_dagrun for clickhouse_data_loader to 2024-08-23 00:00:00+00:00, run_after=2024-08-24 00:00:00+00:00
[2024-08-24T00:40:04.060+0000] {processor.py:183} INFO - Processing /opt/airflow/dags/airflow-dag-python.py took 0.327 seconds
