[2024-08-22T22:22:11.193+0000] {processor.py:161} INFO - Started process (PID=52) to work on /opt/airflow/dags/airflow-dag-python.py
[2024-08-22T22:22:11.194+0000] {processor.py:830} INFO - Processing file /opt/airflow/dags/airflow-dag-python.py for tasks to queue
[2024-08-22T22:22:11.195+0000] {logging_mixin.py:188} INFO - [2024-08-22T22:22:11.195+0000] {dagbag.py:540} INFO - Filling up the DagBag from /opt/airflow/dags/airflow-dag-python.py
[2024-08-22T22:22:11.208+0000] {logging_mixin.py:188} INFO - [2024-08-22T22:22:11.205+0000] {dagbag.py:350} ERROR - Failed to import: /opt/airflow/dags/airflow-dag-python.py
Traceback (most recent call last):
  File "/home/airflow/.local/lib/python3.12/site-packages/airflow/models/dagbag.py", line 346, in parse
    loader.exec_module(new_module)
  File "<frozen importlib._bootstrap_external>", line 995, in exec_module
  File "<frozen importlib._bootstrap>", line 488, in _call_with_frames_removed
  File "/opt/airflow/dags/airflow-dag-python.py", line 4, in <module>
    import clickhouse_connect
ModuleNotFoundError: No module named 'clickhouse_connect'
[2024-08-22T22:22:11.209+0000] {processor.py:842} WARNING - No viable dags retrieved from /opt/airflow/dags/airflow-dag-python.py
[2024-08-22T22:22:11.222+0000] {processor.py:183} INFO - Processing /opt/airflow/dags/airflow-dag-python.py took 0.032 seconds
[2024-08-22T22:22:42.202+0000] {processor.py:161} INFO - Started process (PID=111) to work on /opt/airflow/dags/airflow-dag-python.py
[2024-08-22T22:22:42.202+0000] {processor.py:830} INFO - Processing file /opt/airflow/dags/airflow-dag-python.py for tasks to queue
[2024-08-22T22:22:42.203+0000] {logging_mixin.py:188} INFO - [2024-08-22T22:22:42.203+0000] {dagbag.py:540} INFO - Filling up the DagBag from /opt/airflow/dags/airflow-dag-python.py
[2024-08-22T22:22:42.211+0000] {logging_mixin.py:188} INFO - [2024-08-22T22:22:42.209+0000] {dagbag.py:350} ERROR - Failed to import: /opt/airflow/dags/airflow-dag-python.py
Traceback (most recent call last):
  File "/home/airflow/.local/lib/python3.12/site-packages/airflow/models/dagbag.py", line 346, in parse
    loader.exec_module(new_module)
  File "<frozen importlib._bootstrap_external>", line 995, in exec_module
  File "<frozen importlib._bootstrap>", line 488, in _call_with_frames_removed
  File "/opt/airflow/dags/airflow-dag-python.py", line 4, in <module>
    import clickhouse_connect
ModuleNotFoundError: No module named 'clickhouse_connect'
[2024-08-22T22:22:42.211+0000] {processor.py:842} WARNING - No viable dags retrieved from /opt/airflow/dags/airflow-dag-python.py
[2024-08-22T22:22:42.220+0000] {processor.py:183} INFO - Processing /opt/airflow/dags/airflow-dag-python.py took 0.022 seconds
[2024-08-22T22:23:12.278+0000] {processor.py:161} INFO - Started process (PID=170) to work on /opt/airflow/dags/airflow-dag-python.py
[2024-08-22T22:23:12.278+0000] {processor.py:830} INFO - Processing file /opt/airflow/dags/airflow-dag-python.py for tasks to queue
[2024-08-22T22:23:12.279+0000] {logging_mixin.py:188} INFO - [2024-08-22T22:23:12.279+0000] {dagbag.py:540} INFO - Filling up the DagBag from /opt/airflow/dags/airflow-dag-python.py
[2024-08-22T22:23:12.287+0000] {logging_mixin.py:188} INFO - [2024-08-22T22:23:12.285+0000] {dagbag.py:350} ERROR - Failed to import: /opt/airflow/dags/airflow-dag-python.py
Traceback (most recent call last):
  File "/home/airflow/.local/lib/python3.12/site-packages/airflow/models/dagbag.py", line 346, in parse
    loader.exec_module(new_module)
  File "<frozen importlib._bootstrap_external>", line 995, in exec_module
  File "<frozen importlib._bootstrap>", line 488, in _call_with_frames_removed
  File "/opt/airflow/dags/airflow-dag-python.py", line 4, in <module>
    import clickhouse_connect
ModuleNotFoundError: No module named 'clickhouse_connect'
[2024-08-22T22:23:12.288+0000] {processor.py:842} WARNING - No viable dags retrieved from /opt/airflow/dags/airflow-dag-python.py
[2024-08-22T22:23:12.298+0000] {processor.py:183} INFO - Processing /opt/airflow/dags/airflow-dag-python.py took 0.023 seconds
[2024-08-22T22:23:42.379+0000] {processor.py:161} INFO - Started process (PID=230) to work on /opt/airflow/dags/airflow-dag-python.py
[2024-08-22T22:23:42.380+0000] {processor.py:830} INFO - Processing file /opt/airflow/dags/airflow-dag-python.py for tasks to queue
[2024-08-22T22:23:42.381+0000] {logging_mixin.py:188} INFO - [2024-08-22T22:23:42.381+0000] {dagbag.py:540} INFO - Filling up the DagBag from /opt/airflow/dags/airflow-dag-python.py
[2024-08-22T22:23:42.389+0000] {logging_mixin.py:188} INFO - [2024-08-22T22:23:42.387+0000] {dagbag.py:350} ERROR - Failed to import: /opt/airflow/dags/airflow-dag-python.py
Traceback (most recent call last):
  File "/home/airflow/.local/lib/python3.12/site-packages/airflow/models/dagbag.py", line 346, in parse
    loader.exec_module(new_module)
  File "<frozen importlib._bootstrap_external>", line 995, in exec_module
  File "<frozen importlib._bootstrap>", line 488, in _call_with_frames_removed
  File "/opt/airflow/dags/airflow-dag-python.py", line 4, in <module>
    import clickhouse_connect
ModuleNotFoundError: No module named 'clickhouse_connect'
[2024-08-22T22:23:42.389+0000] {processor.py:842} WARNING - No viable dags retrieved from /opt/airflow/dags/airflow-dag-python.py
[2024-08-22T22:23:42.399+0000] {processor.py:183} INFO - Processing /opt/airflow/dags/airflow-dag-python.py took 0.023 seconds
[2024-08-22T22:24:13.112+0000] {processor.py:161} INFO - Started process (PID=289) to work on /opt/airflow/dags/airflow-dag-python.py
[2024-08-22T22:24:13.112+0000] {processor.py:830} INFO - Processing file /opt/airflow/dags/airflow-dag-python.py for tasks to queue
[2024-08-22T22:24:13.113+0000] {logging_mixin.py:188} INFO - [2024-08-22T22:24:13.113+0000] {dagbag.py:540} INFO - Filling up the DagBag from /opt/airflow/dags/airflow-dag-python.py
[2024-08-22T22:24:13.121+0000] {logging_mixin.py:188} INFO - [2024-08-22T22:24:13.120+0000] {dagbag.py:350} ERROR - Failed to import: /opt/airflow/dags/airflow-dag-python.py
Traceback (most recent call last):
  File "/home/airflow/.local/lib/python3.12/site-packages/airflow/models/dagbag.py", line 346, in parse
    loader.exec_module(new_module)
  File "<frozen importlib._bootstrap_external>", line 995, in exec_module
  File "<frozen importlib._bootstrap>", line 488, in _call_with_frames_removed
  File "/opt/airflow/dags/airflow-dag-python.py", line 4, in <module>
    import clickhouse_connect
ModuleNotFoundError: No module named 'clickhouse_connect'
[2024-08-22T22:24:13.122+0000] {processor.py:842} WARNING - No viable dags retrieved from /opt/airflow/dags/airflow-dag-python.py
[2024-08-22T22:24:13.132+0000] {processor.py:183} INFO - Processing /opt/airflow/dags/airflow-dag-python.py took 0.023 seconds
[2024-08-22T22:24:43.825+0000] {processor.py:161} INFO - Started process (PID=354) to work on /opt/airflow/dags/airflow-dag-python.py
[2024-08-22T22:24:43.826+0000] {processor.py:830} INFO - Processing file /opt/airflow/dags/airflow-dag-python.py for tasks to queue
[2024-08-22T22:24:43.827+0000] {logging_mixin.py:188} INFO - [2024-08-22T22:24:43.827+0000] {dagbag.py:540} INFO - Filling up the DagBag from /opt/airflow/dags/airflow-dag-python.py
[2024-08-22T22:24:43.835+0000] {logging_mixin.py:188} INFO - [2024-08-22T22:24:43.833+0000] {dagbag.py:350} ERROR - Failed to import: /opt/airflow/dags/airflow-dag-python.py
Traceback (most recent call last):
  File "/home/airflow/.local/lib/python3.12/site-packages/airflow/models/dagbag.py", line 346, in parse
    loader.exec_module(new_module)
  File "<frozen importlib._bootstrap_external>", line 995, in exec_module
  File "<frozen importlib._bootstrap>", line 488, in _call_with_frames_removed
  File "/opt/airflow/dags/airflow-dag-python.py", line 4, in <module>
    import clickhouse_connect
ModuleNotFoundError: No module named 'clickhouse_connect'
[2024-08-22T22:24:43.836+0000] {processor.py:842} WARNING - No viable dags retrieved from /opt/airflow/dags/airflow-dag-python.py
[2024-08-22T22:24:43.845+0000] {processor.py:183} INFO - Processing /opt/airflow/dags/airflow-dag-python.py took 0.023 seconds
[2024-08-22T22:25:14.446+0000] {processor.py:161} INFO - Started process (PID=413) to work on /opt/airflow/dags/airflow-dag-python.py
[2024-08-22T22:25:14.446+0000] {processor.py:830} INFO - Processing file /opt/airflow/dags/airflow-dag-python.py for tasks to queue
[2024-08-22T22:25:14.447+0000] {logging_mixin.py:188} INFO - [2024-08-22T22:25:14.447+0000] {dagbag.py:540} INFO - Filling up the DagBag from /opt/airflow/dags/airflow-dag-python.py
[2024-08-22T22:25:14.456+0000] {logging_mixin.py:188} INFO - [2024-08-22T22:25:14.454+0000] {dagbag.py:350} ERROR - Failed to import: /opt/airflow/dags/airflow-dag-python.py
Traceback (most recent call last):
  File "/home/airflow/.local/lib/python3.12/site-packages/airflow/models/dagbag.py", line 346, in parse
    loader.exec_module(new_module)
  File "<frozen importlib._bootstrap_external>", line 995, in exec_module
  File "<frozen importlib._bootstrap>", line 488, in _call_with_frames_removed
  File "/opt/airflow/dags/airflow-dag-python.py", line 4, in <module>
    import clickhouse_connect
ModuleNotFoundError: No module named 'clickhouse_connect'
[2024-08-22T22:25:14.456+0000] {processor.py:842} WARNING - No viable dags retrieved from /opt/airflow/dags/airflow-dag-python.py
[2024-08-22T22:25:14.466+0000] {processor.py:183} INFO - Processing /opt/airflow/dags/airflow-dag-python.py took 0.023 seconds
[2024-08-22T22:25:45.181+0000] {processor.py:161} INFO - Started process (PID=472) to work on /opt/airflow/dags/airflow-dag-python.py
[2024-08-22T22:25:45.182+0000] {processor.py:830} INFO - Processing file /opt/airflow/dags/airflow-dag-python.py for tasks to queue
[2024-08-22T22:25:45.182+0000] {logging_mixin.py:188} INFO - [2024-08-22T22:25:45.182+0000] {dagbag.py:540} INFO - Filling up the DagBag from /opt/airflow/dags/airflow-dag-python.py
[2024-08-22T22:25:45.190+0000] {logging_mixin.py:188} INFO - [2024-08-22T22:25:45.189+0000] {dagbag.py:350} ERROR - Failed to import: /opt/airflow/dags/airflow-dag-python.py
Traceback (most recent call last):
  File "/home/airflow/.local/lib/python3.12/site-packages/airflow/models/dagbag.py", line 346, in parse
    loader.exec_module(new_module)
  File "<frozen importlib._bootstrap_external>", line 995, in exec_module
  File "<frozen importlib._bootstrap>", line 488, in _call_with_frames_removed
  File "/opt/airflow/dags/airflow-dag-python.py", line 4, in <module>
    import clickhouse_connect
ModuleNotFoundError: No module named 'clickhouse_connect'
[2024-08-22T22:25:45.191+0000] {processor.py:842} WARNING - No viable dags retrieved from /opt/airflow/dags/airflow-dag-python.py
[2024-08-22T22:25:45.200+0000] {processor.py:183} INFO - Processing /opt/airflow/dags/airflow-dag-python.py took 0.023 seconds
[2024-08-22T22:26:15.722+0000] {processor.py:161} INFO - Started process (PID=531) to work on /opt/airflow/dags/airflow-dag-python.py
[2024-08-22T22:26:15.723+0000] {processor.py:830} INFO - Processing file /opt/airflow/dags/airflow-dag-python.py for tasks to queue
[2024-08-22T22:26:15.723+0000] {logging_mixin.py:188} INFO - [2024-08-22T22:26:15.723+0000] {dagbag.py:540} INFO - Filling up the DagBag from /opt/airflow/dags/airflow-dag-python.py
[2024-08-22T22:26:15.732+0000] {logging_mixin.py:188} INFO - [2024-08-22T22:26:15.730+0000] {dagbag.py:350} ERROR - Failed to import: /opt/airflow/dags/airflow-dag-python.py
Traceback (most recent call last):
  File "/home/airflow/.local/lib/python3.12/site-packages/airflow/models/dagbag.py", line 346, in parse
    loader.exec_module(new_module)
  File "<frozen importlib._bootstrap_external>", line 995, in exec_module
  File "<frozen importlib._bootstrap>", line 488, in _call_with_frames_removed
  File "/opt/airflow/dags/airflow-dag-python.py", line 4, in <module>
    import clickhouse_connect
ModuleNotFoundError: No module named 'clickhouse_connect'
[2024-08-22T22:26:15.732+0000] {processor.py:842} WARNING - No viable dags retrieved from /opt/airflow/dags/airflow-dag-python.py
[2024-08-22T22:26:15.741+0000] {processor.py:183} INFO - Processing /opt/airflow/dags/airflow-dag-python.py took 0.023 seconds
[2024-08-22T22:26:46.343+0000] {processor.py:161} INFO - Started process (PID=590) to work on /opt/airflow/dags/airflow-dag-python.py
[2024-08-22T22:26:46.344+0000] {processor.py:830} INFO - Processing file /opt/airflow/dags/airflow-dag-python.py for tasks to queue
[2024-08-22T22:26:46.345+0000] {logging_mixin.py:188} INFO - [2024-08-22T22:26:46.345+0000] {dagbag.py:540} INFO - Filling up the DagBag from /opt/airflow/dags/airflow-dag-python.py
[2024-08-22T22:26:46.353+0000] {logging_mixin.py:188} INFO - [2024-08-22T22:26:46.351+0000] {dagbag.py:350} ERROR - Failed to import: /opt/airflow/dags/airflow-dag-python.py
Traceback (most recent call last):
  File "/home/airflow/.local/lib/python3.12/site-packages/airflow/models/dagbag.py", line 346, in parse
    loader.exec_module(new_module)
  File "<frozen importlib._bootstrap_external>", line 995, in exec_module
  File "<frozen importlib._bootstrap>", line 488, in _call_with_frames_removed
  File "/opt/airflow/dags/airflow-dag-python.py", line 4, in <module>
    import clickhouse_connect
ModuleNotFoundError: No module named 'clickhouse_connect'
[2024-08-22T22:26:46.354+0000] {processor.py:842} WARNING - No viable dags retrieved from /opt/airflow/dags/airflow-dag-python.py
[2024-08-22T22:26:46.363+0000] {processor.py:183} INFO - Processing /opt/airflow/dags/airflow-dag-python.py took 0.023 seconds
[2024-08-22T22:27:16.480+0000] {processor.py:161} INFO - Started process (PID=649) to work on /opt/airflow/dags/airflow-dag-python.py
[2024-08-22T22:27:16.481+0000] {processor.py:830} INFO - Processing file /opt/airflow/dags/airflow-dag-python.py for tasks to queue
[2024-08-22T22:27:16.482+0000] {logging_mixin.py:188} INFO - [2024-08-22T22:27:16.481+0000] {dagbag.py:540} INFO - Filling up the DagBag from /opt/airflow/dags/airflow-dag-python.py
[2024-08-22T22:27:16.490+0000] {logging_mixin.py:188} INFO - [2024-08-22T22:27:16.488+0000] {dagbag.py:350} ERROR - Failed to import: /opt/airflow/dags/airflow-dag-python.py
Traceback (most recent call last):
  File "/home/airflow/.local/lib/python3.12/site-packages/airflow/models/dagbag.py", line 346, in parse
    loader.exec_module(new_module)
  File "<frozen importlib._bootstrap_external>", line 995, in exec_module
  File "<frozen importlib._bootstrap>", line 488, in _call_with_frames_removed
  File "/opt/airflow/dags/airflow-dag-python.py", line 4, in <module>
    import clickhouse_connect
ModuleNotFoundError: No module named 'clickhouse_connect'
[2024-08-22T22:27:16.490+0000] {processor.py:842} WARNING - No viable dags retrieved from /opt/airflow/dags/airflow-dag-python.py
[2024-08-22T22:27:16.500+0000] {processor.py:183} INFO - Processing /opt/airflow/dags/airflow-dag-python.py took 0.023 seconds
[2024-08-22T22:27:47.162+0000] {processor.py:161} INFO - Started process (PID=708) to work on /opt/airflow/dags/airflow-dag-python.py
[2024-08-22T22:27:47.163+0000] {processor.py:830} INFO - Processing file /opt/airflow/dags/airflow-dag-python.py for tasks to queue
[2024-08-22T22:27:47.164+0000] {logging_mixin.py:188} INFO - [2024-08-22T22:27:47.164+0000] {dagbag.py:540} INFO - Filling up the DagBag from /opt/airflow/dags/airflow-dag-python.py
[2024-08-22T22:27:47.172+0000] {logging_mixin.py:188} INFO - [2024-08-22T22:27:47.170+0000] {dagbag.py:350} ERROR - Failed to import: /opt/airflow/dags/airflow-dag-python.py
Traceback (most recent call last):
  File "/home/airflow/.local/lib/python3.12/site-packages/airflow/models/dagbag.py", line 346, in parse
    loader.exec_module(new_module)
  File "<frozen importlib._bootstrap_external>", line 995, in exec_module
  File "<frozen importlib._bootstrap>", line 488, in _call_with_frames_removed
  File "/opt/airflow/dags/airflow-dag-python.py", line 4, in <module>
    import clickhouse_connect
ModuleNotFoundError: No module named 'clickhouse_connect'
[2024-08-22T22:27:47.173+0000] {processor.py:842} WARNING - No viable dags retrieved from /opt/airflow/dags/airflow-dag-python.py
[2024-08-22T22:27:47.183+0000] {processor.py:183} INFO - Processing /opt/airflow/dags/airflow-dag-python.py took 0.024 seconds
[2024-08-22T22:28:30.406+0000] {processor.py:161} INFO - Started process (PID=52) to work on /opt/airflow/dags/airflow-dag-python.py
[2024-08-22T22:28:30.407+0000] {processor.py:830} INFO - Processing file /opt/airflow/dags/airflow-dag-python.py for tasks to queue
[2024-08-22T22:28:30.408+0000] {logging_mixin.py:188} INFO - [2024-08-22T22:28:30.408+0000] {dagbag.py:540} INFO - Filling up the DagBag from /opt/airflow/dags/airflow-dag-python.py
[2024-08-22T22:28:30.420+0000] {logging_mixin.py:188} INFO - [2024-08-22T22:28:30.417+0000] {dagbag.py:350} ERROR - Failed to import: /opt/airflow/dags/airflow-dag-python.py
Traceback (most recent call last):
  File "/home/airflow/.local/lib/python3.12/site-packages/airflow/models/dagbag.py", line 346, in parse
    loader.exec_module(new_module)
  File "<frozen importlib._bootstrap_external>", line 995, in exec_module
  File "<frozen importlib._bootstrap>", line 488, in _call_with_frames_removed
  File "/opt/airflow/dags/airflow-dag-python.py", line 4, in <module>
    import clickhouse_connect
ModuleNotFoundError: No module named 'clickhouse_connect'
[2024-08-22T22:28:30.420+0000] {processor.py:842} WARNING - No viable dags retrieved from /opt/airflow/dags/airflow-dag-python.py
[2024-08-22T22:28:30.432+0000] {processor.py:183} INFO - Processing /opt/airflow/dags/airflow-dag-python.py took 0.029 seconds
[2024-08-22T22:29:01.346+0000] {processor.py:161} INFO - Started process (PID=112) to work on /opt/airflow/dags/airflow-dag-python.py
[2024-08-22T22:29:01.347+0000] {processor.py:830} INFO - Processing file /opt/airflow/dags/airflow-dag-python.py for tasks to queue
[2024-08-22T22:29:01.348+0000] {logging_mixin.py:188} INFO - [2024-08-22T22:29:01.348+0000] {dagbag.py:540} INFO - Filling up the DagBag from /opt/airflow/dags/airflow-dag-python.py
[2024-08-22T22:29:01.356+0000] {logging_mixin.py:188} INFO - [2024-08-22T22:29:01.354+0000] {dagbag.py:350} ERROR - Failed to import: /opt/airflow/dags/airflow-dag-python.py
Traceback (most recent call last):
  File "/home/airflow/.local/lib/python3.12/site-packages/airflow/models/dagbag.py", line 346, in parse
    loader.exec_module(new_module)
  File "<frozen importlib._bootstrap_external>", line 995, in exec_module
  File "<frozen importlib._bootstrap>", line 488, in _call_with_frames_removed
  File "/opt/airflow/dags/airflow-dag-python.py", line 4, in <module>
    import clickhouse_connect
ModuleNotFoundError: No module named 'clickhouse_connect'
[2024-08-22T22:29:01.357+0000] {processor.py:842} WARNING - No viable dags retrieved from /opt/airflow/dags/airflow-dag-python.py
[2024-08-22T22:29:01.366+0000] {processor.py:183} INFO - Processing /opt/airflow/dags/airflow-dag-python.py took 0.023 seconds
[2024-08-22T22:29:31.433+0000] {processor.py:161} INFO - Started process (PID=171) to work on /opt/airflow/dags/airflow-dag-python.py
[2024-08-22T22:29:31.434+0000] {processor.py:830} INFO - Processing file /opt/airflow/dags/airflow-dag-python.py for tasks to queue
[2024-08-22T22:29:31.435+0000] {logging_mixin.py:188} INFO - [2024-08-22T22:29:31.435+0000] {dagbag.py:540} INFO - Filling up the DagBag from /opt/airflow/dags/airflow-dag-python.py
[2024-08-22T22:29:31.443+0000] {logging_mixin.py:188} INFO - [2024-08-22T22:29:31.441+0000] {dagbag.py:350} ERROR - Failed to import: /opt/airflow/dags/airflow-dag-python.py
Traceback (most recent call last):
  File "/home/airflow/.local/lib/python3.12/site-packages/airflow/models/dagbag.py", line 346, in parse
    loader.exec_module(new_module)
  File "<frozen importlib._bootstrap_external>", line 995, in exec_module
  File "<frozen importlib._bootstrap>", line 488, in _call_with_frames_removed
  File "/opt/airflow/dags/airflow-dag-python.py", line 4, in <module>
    import clickhouse_connect
ModuleNotFoundError: No module named 'clickhouse_connect'
[2024-08-22T22:29:31.444+0000] {processor.py:842} WARNING - No viable dags retrieved from /opt/airflow/dags/airflow-dag-python.py
[2024-08-22T22:29:31.454+0000] {processor.py:183} INFO - Processing /opt/airflow/dags/airflow-dag-python.py took 0.023 seconds
[2024-08-22T22:30:01.622+0000] {processor.py:161} INFO - Started process (PID=230) to work on /opt/airflow/dags/airflow-dag-python.py
[2024-08-22T22:30:01.623+0000] {processor.py:830} INFO - Processing file /opt/airflow/dags/airflow-dag-python.py for tasks to queue
[2024-08-22T22:30:01.624+0000] {logging_mixin.py:188} INFO - [2024-08-22T22:30:01.624+0000] {dagbag.py:540} INFO - Filling up the DagBag from /opt/airflow/dags/airflow-dag-python.py
[2024-08-22T22:30:01.632+0000] {logging_mixin.py:188} INFO - [2024-08-22T22:30:01.630+0000] {dagbag.py:350} ERROR - Failed to import: /opt/airflow/dags/airflow-dag-python.py
Traceback (most recent call last):
  File "/home/airflow/.local/lib/python3.12/site-packages/airflow/models/dagbag.py", line 346, in parse
    loader.exec_module(new_module)
  File "<frozen importlib._bootstrap_external>", line 995, in exec_module
  File "<frozen importlib._bootstrap>", line 488, in _call_with_frames_removed
  File "/opt/airflow/dags/airflow-dag-python.py", line 4, in <module>
    import clickhouse_connect
ModuleNotFoundError: No module named 'clickhouse_connect'
[2024-08-22T22:30:01.632+0000] {processor.py:842} WARNING - No viable dags retrieved from /opt/airflow/dags/airflow-dag-python.py
[2024-08-22T22:30:01.642+0000] {processor.py:183} INFO - Processing /opt/airflow/dags/airflow-dag-python.py took 0.023 seconds
[2024-08-22T22:30:31.820+0000] {processor.py:161} INFO - Started process (PID=289) to work on /opt/airflow/dags/airflow-dag-python.py
[2024-08-22T22:30:31.820+0000] {processor.py:830} INFO - Processing file /opt/airflow/dags/airflow-dag-python.py for tasks to queue
[2024-08-22T22:30:31.821+0000] {logging_mixin.py:188} INFO - [2024-08-22T22:30:31.821+0000] {dagbag.py:540} INFO - Filling up the DagBag from /opt/airflow/dags/airflow-dag-python.py
[2024-08-22T22:30:31.829+0000] {logging_mixin.py:188} INFO - [2024-08-22T22:30:31.827+0000] {dagbag.py:350} ERROR - Failed to import: /opt/airflow/dags/airflow-dag-python.py
Traceback (most recent call last):
  File "/home/airflow/.local/lib/python3.12/site-packages/airflow/models/dagbag.py", line 346, in parse
    loader.exec_module(new_module)
  File "<frozen importlib._bootstrap_external>", line 995, in exec_module
  File "<frozen importlib._bootstrap>", line 488, in _call_with_frames_removed
  File "/opt/airflow/dags/airflow-dag-python.py", line 4, in <module>
    import clickhouse_connect
ModuleNotFoundError: No module named 'clickhouse_connect'
[2024-08-22T22:30:31.830+0000] {processor.py:842} WARNING - No viable dags retrieved from /opt/airflow/dags/airflow-dag-python.py
[2024-08-22T22:30:31.839+0000] {processor.py:183} INFO - Processing /opt/airflow/dags/airflow-dag-python.py took 0.023 seconds
[2024-08-22T22:31:01.987+0000] {processor.py:161} INFO - Started process (PID=348) to work on /opt/airflow/dags/airflow-dag-python.py
[2024-08-22T22:31:01.988+0000] {processor.py:830} INFO - Processing file /opt/airflow/dags/airflow-dag-python.py for tasks to queue
[2024-08-22T22:31:01.989+0000] {logging_mixin.py:188} INFO - [2024-08-22T22:31:01.989+0000] {dagbag.py:540} INFO - Filling up the DagBag from /opt/airflow/dags/airflow-dag-python.py
[2024-08-22T22:31:01.997+0000] {logging_mixin.py:188} INFO - [2024-08-22T22:31:01.995+0000] {dagbag.py:350} ERROR - Failed to import: /opt/airflow/dags/airflow-dag-python.py
Traceback (most recent call last):
  File "/home/airflow/.local/lib/python3.12/site-packages/airflow/models/dagbag.py", line 346, in parse
    loader.exec_module(new_module)
  File "<frozen importlib._bootstrap_external>", line 995, in exec_module
  File "<frozen importlib._bootstrap>", line 488, in _call_with_frames_removed
  File "/opt/airflow/dags/airflow-dag-python.py", line 4, in <module>
    import clickhouse_connect
ModuleNotFoundError: No module named 'clickhouse_connect'
[2024-08-22T22:31:01.998+0000] {processor.py:842} WARNING - No viable dags retrieved from /opt/airflow/dags/airflow-dag-python.py
[2024-08-22T22:31:02.008+0000] {processor.py:183} INFO - Processing /opt/airflow/dags/airflow-dag-python.py took 0.024 seconds
[2024-08-22T22:31:32.700+0000] {processor.py:161} INFO - Started process (PID=407) to work on /opt/airflow/dags/airflow-dag-python.py
[2024-08-22T22:31:32.700+0000] {processor.py:830} INFO - Processing file /opt/airflow/dags/airflow-dag-python.py for tasks to queue
[2024-08-22T22:31:32.702+0000] {logging_mixin.py:188} INFO - [2024-08-22T22:31:32.701+0000] {dagbag.py:540} INFO - Filling up the DagBag from /opt/airflow/dags/airflow-dag-python.py
[2024-08-22T22:31:32.710+0000] {logging_mixin.py:188} INFO - [2024-08-22T22:31:32.708+0000] {dagbag.py:350} ERROR - Failed to import: /opt/airflow/dags/airflow-dag-python.py
Traceback (most recent call last):
  File "/home/airflow/.local/lib/python3.12/site-packages/airflow/models/dagbag.py", line 346, in parse
    loader.exec_module(new_module)
  File "<frozen importlib._bootstrap_external>", line 995, in exec_module
  File "<frozen importlib._bootstrap>", line 488, in _call_with_frames_removed
  File "/opt/airflow/dags/airflow-dag-python.py", line 4, in <module>
    import clickhouse_connect
ModuleNotFoundError: No module named 'clickhouse_connect'
[2024-08-22T22:31:32.710+0000] {processor.py:842} WARNING - No viable dags retrieved from /opt/airflow/dags/airflow-dag-python.py
[2024-08-22T22:31:32.720+0000] {processor.py:183} INFO - Processing /opt/airflow/dags/airflow-dag-python.py took 0.023 seconds
[2024-08-22T22:32:03.363+0000] {processor.py:161} INFO - Started process (PID=472) to work on /opt/airflow/dags/airflow-dag-python.py
[2024-08-22T22:32:03.364+0000] {processor.py:830} INFO - Processing file /opt/airflow/dags/airflow-dag-python.py for tasks to queue
[2024-08-22T22:32:03.365+0000] {logging_mixin.py:188} INFO - [2024-08-22T22:32:03.365+0000] {dagbag.py:540} INFO - Filling up the DagBag from /opt/airflow/dags/airflow-dag-python.py
[2024-08-22T22:32:03.373+0000] {logging_mixin.py:188} INFO - [2024-08-22T22:32:03.371+0000] {dagbag.py:350} ERROR - Failed to import: /opt/airflow/dags/airflow-dag-python.py
Traceback (most recent call last):
  File "/home/airflow/.local/lib/python3.12/site-packages/airflow/models/dagbag.py", line 346, in parse
    loader.exec_module(new_module)
  File "<frozen importlib._bootstrap_external>", line 995, in exec_module
  File "<frozen importlib._bootstrap>", line 488, in _call_with_frames_removed
  File "/opt/airflow/dags/airflow-dag-python.py", line 4, in <module>
    import clickhouse_connect
ModuleNotFoundError: No module named 'clickhouse_connect'
[2024-08-22T22:32:03.374+0000] {processor.py:842} WARNING - No viable dags retrieved from /opt/airflow/dags/airflow-dag-python.py
[2024-08-22T22:32:03.384+0000] {processor.py:183} INFO - Processing /opt/airflow/dags/airflow-dag-python.py took 0.024 seconds
[2024-08-22T22:32:33.972+0000] {processor.py:161} INFO - Started process (PID=531) to work on /opt/airflow/dags/airflow-dag-python.py
[2024-08-22T22:32:33.973+0000] {processor.py:830} INFO - Processing file /opt/airflow/dags/airflow-dag-python.py for tasks to queue
[2024-08-22T22:32:33.974+0000] {logging_mixin.py:188} INFO - [2024-08-22T22:32:33.974+0000] {dagbag.py:540} INFO - Filling up the DagBag from /opt/airflow/dags/airflow-dag-python.py
[2024-08-22T22:32:33.982+0000] {logging_mixin.py:188} INFO - [2024-08-22T22:32:33.980+0000] {dagbag.py:350} ERROR - Failed to import: /opt/airflow/dags/airflow-dag-python.py
Traceback (most recent call last):
  File "/home/airflow/.local/lib/python3.12/site-packages/airflow/models/dagbag.py", line 346, in parse
    loader.exec_module(new_module)
  File "<frozen importlib._bootstrap_external>", line 995, in exec_module
  File "<frozen importlib._bootstrap>", line 488, in _call_with_frames_removed
  File "/opt/airflow/dags/airflow-dag-python.py", line 4, in <module>
    import clickhouse_connect
ModuleNotFoundError: No module named 'clickhouse_connect'
[2024-08-22T22:32:33.983+0000] {processor.py:842} WARNING - No viable dags retrieved from /opt/airflow/dags/airflow-dag-python.py
[2024-08-22T22:32:33.992+0000] {processor.py:183} INFO - Processing /opt/airflow/dags/airflow-dag-python.py took 0.023 seconds
[2024-08-22T22:33:04.683+0000] {processor.py:161} INFO - Started process (PID=590) to work on /opt/airflow/dags/airflow-dag-python.py
[2024-08-22T22:33:04.684+0000] {processor.py:830} INFO - Processing file /opt/airflow/dags/airflow-dag-python.py for tasks to queue
[2024-08-22T22:33:04.685+0000] {logging_mixin.py:188} INFO - [2024-08-22T22:33:04.685+0000] {dagbag.py:540} INFO - Filling up the DagBag from /opt/airflow/dags/airflow-dag-python.py
[2024-08-22T22:33:04.693+0000] {logging_mixin.py:188} INFO - [2024-08-22T22:33:04.691+0000] {dagbag.py:350} ERROR - Failed to import: /opt/airflow/dags/airflow-dag-python.py
Traceback (most recent call last):
  File "/home/airflow/.local/lib/python3.12/site-packages/airflow/models/dagbag.py", line 346, in parse
    loader.exec_module(new_module)
  File "<frozen importlib._bootstrap_external>", line 995, in exec_module
  File "<frozen importlib._bootstrap>", line 488, in _call_with_frames_removed
  File "/opt/airflow/dags/airflow-dag-python.py", line 4, in <module>
    import clickhouse_connect
ModuleNotFoundError: No module named 'clickhouse_connect'
[2024-08-22T22:33:04.694+0000] {processor.py:842} WARNING - No viable dags retrieved from /opt/airflow/dags/airflow-dag-python.py
[2024-08-22T22:33:04.703+0000] {processor.py:183} INFO - Processing /opt/airflow/dags/airflow-dag-python.py took 0.023 seconds
[2024-08-22T22:33:35.325+0000] {processor.py:161} INFO - Started process (PID=649) to work on /opt/airflow/dags/airflow-dag-python.py
[2024-08-22T22:33:35.325+0000] {processor.py:830} INFO - Processing file /opt/airflow/dags/airflow-dag-python.py for tasks to queue
[2024-08-22T22:33:35.326+0000] {logging_mixin.py:188} INFO - [2024-08-22T22:33:35.326+0000] {dagbag.py:540} INFO - Filling up the DagBag from /opt/airflow/dags/airflow-dag-python.py
[2024-08-22T22:33:35.334+0000] {logging_mixin.py:188} INFO - [2024-08-22T22:33:35.332+0000] {dagbag.py:350} ERROR - Failed to import: /opt/airflow/dags/airflow-dag-python.py
Traceback (most recent call last):
  File "/home/airflow/.local/lib/python3.12/site-packages/airflow/models/dagbag.py", line 346, in parse
    loader.exec_module(new_module)
  File "<frozen importlib._bootstrap_external>", line 995, in exec_module
  File "<frozen importlib._bootstrap>", line 488, in _call_with_frames_removed
  File "/opt/airflow/dags/airflow-dag-python.py", line 4, in <module>
    import clickhouse_connect
ModuleNotFoundError: No module named 'clickhouse_connect'
[2024-08-22T22:33:35.335+0000] {processor.py:842} WARNING - No viable dags retrieved from /opt/airflow/dags/airflow-dag-python.py
[2024-08-22T22:33:35.345+0000] {processor.py:183} INFO - Processing /opt/airflow/dags/airflow-dag-python.py took 0.023 seconds
[2024-08-22T22:34:05.933+0000] {processor.py:161} INFO - Started process (PID=708) to work on /opt/airflow/dags/airflow-dag-python.py
[2024-08-22T22:34:05.933+0000] {processor.py:830} INFO - Processing file /opt/airflow/dags/airflow-dag-python.py for tasks to queue
[2024-08-22T22:34:05.934+0000] {logging_mixin.py:188} INFO - [2024-08-22T22:34:05.934+0000] {dagbag.py:540} INFO - Filling up the DagBag from /opt/airflow/dags/airflow-dag-python.py
[2024-08-22T22:34:05.943+0000] {logging_mixin.py:188} INFO - [2024-08-22T22:34:05.941+0000] {dagbag.py:350} ERROR - Failed to import: /opt/airflow/dags/airflow-dag-python.py
Traceback (most recent call last):
  File "/home/airflow/.local/lib/python3.12/site-packages/airflow/models/dagbag.py", line 346, in parse
    loader.exec_module(new_module)
  File "<frozen importlib._bootstrap_external>", line 995, in exec_module
  File "<frozen importlib._bootstrap>", line 488, in _call_with_frames_removed
  File "/opt/airflow/dags/airflow-dag-python.py", line 4, in <module>
    import clickhouse_connect
ModuleNotFoundError: No module named 'clickhouse_connect'
[2024-08-22T22:34:05.943+0000] {processor.py:842} WARNING - No viable dags retrieved from /opt/airflow/dags/airflow-dag-python.py
[2024-08-22T22:34:05.953+0000] {processor.py:183} INFO - Processing /opt/airflow/dags/airflow-dag-python.py took 0.024 seconds
[2024-08-22T22:34:36.666+0000] {processor.py:161} INFO - Started process (PID=767) to work on /opt/airflow/dags/airflow-dag-python.py
[2024-08-22T22:34:36.667+0000] {processor.py:830} INFO - Processing file /opt/airflow/dags/airflow-dag-python.py for tasks to queue
[2024-08-22T22:34:36.668+0000] {logging_mixin.py:188} INFO - [2024-08-22T22:34:36.668+0000] {dagbag.py:540} INFO - Filling up the DagBag from /opt/airflow/dags/airflow-dag-python.py
[2024-08-22T22:34:36.676+0000] {logging_mixin.py:188} INFO - [2024-08-22T22:34:36.674+0000] {dagbag.py:350} ERROR - Failed to import: /opt/airflow/dags/airflow-dag-python.py
Traceback (most recent call last):
  File "/home/airflow/.local/lib/python3.12/site-packages/airflow/models/dagbag.py", line 346, in parse
    loader.exec_module(new_module)
  File "<frozen importlib._bootstrap_external>", line 995, in exec_module
  File "<frozen importlib._bootstrap>", line 488, in _call_with_frames_removed
  File "/opt/airflow/dags/airflow-dag-python.py", line 4, in <module>
    import clickhouse_connect
ModuleNotFoundError: No module named 'clickhouse_connect'
[2024-08-22T22:34:36.677+0000] {processor.py:842} WARNING - No viable dags retrieved from /opt/airflow/dags/airflow-dag-python.py
[2024-08-22T22:34:36.686+0000] {processor.py:183} INFO - Processing /opt/airflow/dags/airflow-dag-python.py took 0.023 seconds
[2024-08-22T22:35:06.713+0000] {processor.py:161} INFO - Started process (PID=826) to work on /opt/airflow/dags/airflow-dag-python.py
[2024-08-22T22:35:06.714+0000] {processor.py:830} INFO - Processing file /opt/airflow/dags/airflow-dag-python.py for tasks to queue
[2024-08-22T22:35:06.715+0000] {logging_mixin.py:188} INFO - [2024-08-22T22:35:06.715+0000] {dagbag.py:540} INFO - Filling up the DagBag from /opt/airflow/dags/airflow-dag-python.py
[2024-08-22T22:35:06.723+0000] {logging_mixin.py:188} INFO - [2024-08-22T22:35:06.721+0000] {dagbag.py:350} ERROR - Failed to import: /opt/airflow/dags/airflow-dag-python.py
Traceback (most recent call last):
  File "/home/airflow/.local/lib/python3.12/site-packages/airflow/models/dagbag.py", line 346, in parse
    loader.exec_module(new_module)
  File "<frozen importlib._bootstrap_external>", line 995, in exec_module
  File "<frozen importlib._bootstrap>", line 488, in _call_with_frames_removed
  File "/opt/airflow/dags/airflow-dag-python.py", line 4, in <module>
    import clickhouse_connect
ModuleNotFoundError: No module named 'clickhouse_connect'
[2024-08-22T22:35:06.723+0000] {processor.py:842} WARNING - No viable dags retrieved from /opt/airflow/dags/airflow-dag-python.py
[2024-08-22T22:35:06.733+0000] {processor.py:183} INFO - Processing /opt/airflow/dags/airflow-dag-python.py took 0.023 seconds
[2024-08-22T22:35:36.814+0000] {processor.py:161} INFO - Started process (PID=885) to work on /opt/airflow/dags/airflow-dag-python.py
[2024-08-22T22:35:36.814+0000] {processor.py:830} INFO - Processing file /opt/airflow/dags/airflow-dag-python.py for tasks to queue
[2024-08-22T22:35:36.815+0000] {logging_mixin.py:188} INFO - [2024-08-22T22:35:36.815+0000] {dagbag.py:540} INFO - Filling up the DagBag from /opt/airflow/dags/airflow-dag-python.py
[2024-08-22T22:35:36.824+0000] {logging_mixin.py:188} INFO - [2024-08-22T22:35:36.822+0000] {dagbag.py:350} ERROR - Failed to import: /opt/airflow/dags/airflow-dag-python.py
Traceback (most recent call last):
  File "/home/airflow/.local/lib/python3.12/site-packages/airflow/models/dagbag.py", line 346, in parse
    loader.exec_module(new_module)
  File "<frozen importlib._bootstrap_external>", line 995, in exec_module
  File "<frozen importlib._bootstrap>", line 488, in _call_with_frames_removed
  File "/opt/airflow/dags/airflow-dag-python.py", line 4, in <module>
    import clickhouse_connect
ModuleNotFoundError: No module named 'clickhouse_connect'
[2024-08-22T22:35:36.824+0000] {processor.py:842} WARNING - No viable dags retrieved from /opt/airflow/dags/airflow-dag-python.py
[2024-08-22T22:35:36.834+0000] {processor.py:183} INFO - Processing /opt/airflow/dags/airflow-dag-python.py took 0.024 seconds
[2024-08-22T22:36:07.078+0000] {processor.py:161} INFO - Started process (PID=944) to work on /opt/airflow/dags/airflow-dag-python.py
[2024-08-22T22:36:07.079+0000] {processor.py:830} INFO - Processing file /opt/airflow/dags/airflow-dag-python.py for tasks to queue
[2024-08-22T22:36:07.080+0000] {logging_mixin.py:188} INFO - [2024-08-22T22:36:07.079+0000] {dagbag.py:540} INFO - Filling up the DagBag from /opt/airflow/dags/airflow-dag-python.py
[2024-08-22T22:36:07.088+0000] {logging_mixin.py:188} INFO - [2024-08-22T22:36:07.086+0000] {dagbag.py:350} ERROR - Failed to import: /opt/airflow/dags/airflow-dag-python.py
Traceback (most recent call last):
  File "/home/airflow/.local/lib/python3.12/site-packages/airflow/models/dagbag.py", line 346, in parse
    loader.exec_module(new_module)
  File "<frozen importlib._bootstrap_external>", line 995, in exec_module
  File "<frozen importlib._bootstrap>", line 488, in _call_with_frames_removed
  File "/opt/airflow/dags/airflow-dag-python.py", line 4, in <module>
    import clickhouse_connect
ModuleNotFoundError: No module named 'clickhouse_connect'
[2024-08-22T22:36:07.088+0000] {processor.py:842} WARNING - No viable dags retrieved from /opt/airflow/dags/airflow-dag-python.py
[2024-08-22T22:36:07.098+0000] {processor.py:183} INFO - Processing /opt/airflow/dags/airflow-dag-python.py took 0.023 seconds
[2024-08-22T22:36:37.154+0000] {processor.py:161} INFO - Started process (PID=1003) to work on /opt/airflow/dags/airflow-dag-python.py
[2024-08-22T22:36:37.154+0000] {processor.py:830} INFO - Processing file /opt/airflow/dags/airflow-dag-python.py for tasks to queue
[2024-08-22T22:36:37.155+0000] {logging_mixin.py:188} INFO - [2024-08-22T22:36:37.155+0000] {dagbag.py:540} INFO - Filling up the DagBag from /opt/airflow/dags/airflow-dag-python.py
[2024-08-22T22:36:37.163+0000] {logging_mixin.py:188} INFO - [2024-08-22T22:36:37.162+0000] {dagbag.py:350} ERROR - Failed to import: /opt/airflow/dags/airflow-dag-python.py
Traceback (most recent call last):
  File "/home/airflow/.local/lib/python3.12/site-packages/airflow/models/dagbag.py", line 346, in parse
    loader.exec_module(new_module)
  File "<frozen importlib._bootstrap_external>", line 995, in exec_module
  File "<frozen importlib._bootstrap>", line 488, in _call_with_frames_removed
  File "/opt/airflow/dags/airflow-dag-python.py", line 4, in <module>
    import clickhouse_connect
ModuleNotFoundError: No module named 'clickhouse_connect'
[2024-08-22T22:36:37.164+0000] {processor.py:842} WARNING - No viable dags retrieved from /opt/airflow/dags/airflow-dag-python.py
[2024-08-22T22:36:37.174+0000] {processor.py:183} INFO - Processing /opt/airflow/dags/airflow-dag-python.py took 0.023 seconds
[2024-08-22T22:37:07.420+0000] {processor.py:161} INFO - Started process (PID=1062) to work on /opt/airflow/dags/airflow-dag-python.py
[2024-08-22T22:37:07.421+0000] {processor.py:830} INFO - Processing file /opt/airflow/dags/airflow-dag-python.py for tasks to queue
[2024-08-22T22:37:07.422+0000] {logging_mixin.py:188} INFO - [2024-08-22T22:37:07.422+0000] {dagbag.py:540} INFO - Filling up the DagBag from /opt/airflow/dags/airflow-dag-python.py
[2024-08-22T22:37:07.430+0000] {logging_mixin.py:188} INFO - [2024-08-22T22:37:07.428+0000] {dagbag.py:350} ERROR - Failed to import: /opt/airflow/dags/airflow-dag-python.py
Traceback (most recent call last):
  File "/home/airflow/.local/lib/python3.12/site-packages/airflow/models/dagbag.py", line 346, in parse
    loader.exec_module(new_module)
  File "<frozen importlib._bootstrap_external>", line 995, in exec_module
  File "<frozen importlib._bootstrap>", line 488, in _call_with_frames_removed
  File "/opt/airflow/dags/airflow-dag-python.py", line 4, in <module>
    import clickhouse_connect
ModuleNotFoundError: No module named 'clickhouse_connect'
[2024-08-22T22:37:07.431+0000] {processor.py:842} WARNING - No viable dags retrieved from /opt/airflow/dags/airflow-dag-python.py
[2024-08-22T22:37:07.440+0000] {processor.py:183} INFO - Processing /opt/airflow/dags/airflow-dag-python.py took 0.023 seconds
[2024-08-22T22:37:37.783+0000] {processor.py:161} INFO - Started process (PID=1121) to work on /opt/airflow/dags/airflow-dag-python.py
[2024-08-22T22:37:37.783+0000] {processor.py:830} INFO - Processing file /opt/airflow/dags/airflow-dag-python.py for tasks to queue
[2024-08-22T22:37:37.784+0000] {logging_mixin.py:188} INFO - [2024-08-22T22:37:37.784+0000] {dagbag.py:540} INFO - Filling up the DagBag from /opt/airflow/dags/airflow-dag-python.py
[2024-08-22T22:37:37.792+0000] {logging_mixin.py:188} INFO - [2024-08-22T22:37:37.790+0000] {dagbag.py:350} ERROR - Failed to import: /opt/airflow/dags/airflow-dag-python.py
Traceback (most recent call last):
  File "/home/airflow/.local/lib/python3.12/site-packages/airflow/models/dagbag.py", line 346, in parse
    loader.exec_module(new_module)
  File "<frozen importlib._bootstrap_external>", line 995, in exec_module
  File "<frozen importlib._bootstrap>", line 488, in _call_with_frames_removed
  File "/opt/airflow/dags/airflow-dag-python.py", line 4, in <module>
    import clickhouse_connect
ModuleNotFoundError: No module named 'clickhouse_connect'
[2024-08-22T22:37:37.793+0000] {processor.py:842} WARNING - No viable dags retrieved from /opt/airflow/dags/airflow-dag-python.py
[2024-08-22T22:37:37.802+0000] {processor.py:183} INFO - Processing /opt/airflow/dags/airflow-dag-python.py took 0.023 seconds
[2024-08-22T22:38:07.975+0000] {processor.py:161} INFO - Started process (PID=1180) to work on /opt/airflow/dags/airflow-dag-python.py
[2024-08-22T22:38:07.976+0000] {processor.py:830} INFO - Processing file /opt/airflow/dags/airflow-dag-python.py for tasks to queue
[2024-08-22T22:38:07.977+0000] {logging_mixin.py:188} INFO - [2024-08-22T22:38:07.977+0000] {dagbag.py:540} INFO - Filling up the DagBag from /opt/airflow/dags/airflow-dag-python.py
[2024-08-22T22:38:07.985+0000] {logging_mixin.py:188} INFO - [2024-08-22T22:38:07.983+0000] {dagbag.py:350} ERROR - Failed to import: /opt/airflow/dags/airflow-dag-python.py
Traceback (most recent call last):
  File "/home/airflow/.local/lib/python3.12/site-packages/airflow/models/dagbag.py", line 346, in parse
    loader.exec_module(new_module)
  File "<frozen importlib._bootstrap_external>", line 995, in exec_module
  File "<frozen importlib._bootstrap>", line 488, in _call_with_frames_removed
  File "/opt/airflow/dags/airflow-dag-python.py", line 4, in <module>
    import clickhouse_connect
ModuleNotFoundError: No module named 'clickhouse_connect'
[2024-08-22T22:38:07.986+0000] {processor.py:842} WARNING - No viable dags retrieved from /opt/airflow/dags/airflow-dag-python.py
[2024-08-22T22:38:07.995+0000] {processor.py:183} INFO - Processing /opt/airflow/dags/airflow-dag-python.py took 0.023 seconds
[2024-08-22T22:38:38.522+0000] {processor.py:161} INFO - Started process (PID=1239) to work on /opt/airflow/dags/airflow-dag-python.py
[2024-08-22T22:38:38.522+0000] {processor.py:830} INFO - Processing file /opt/airflow/dags/airflow-dag-python.py for tasks to queue
[2024-08-22T22:38:38.523+0000] {logging_mixin.py:188} INFO - [2024-08-22T22:38:38.523+0000] {dagbag.py:540} INFO - Filling up the DagBag from /opt/airflow/dags/airflow-dag-python.py
[2024-08-22T22:38:38.531+0000] {logging_mixin.py:188} INFO - [2024-08-22T22:38:38.530+0000] {dagbag.py:350} ERROR - Failed to import: /opt/airflow/dags/airflow-dag-python.py
Traceback (most recent call last):
  File "/home/airflow/.local/lib/python3.12/site-packages/airflow/models/dagbag.py", line 346, in parse
    loader.exec_module(new_module)
  File "<frozen importlib._bootstrap_external>", line 995, in exec_module
  File "<frozen importlib._bootstrap>", line 488, in _call_with_frames_removed
  File "/opt/airflow/dags/airflow-dag-python.py", line 4, in <module>
    import clickhouse_connect
ModuleNotFoundError: No module named 'clickhouse_connect'
[2024-08-22T22:38:38.532+0000] {processor.py:842} WARNING - No viable dags retrieved from /opt/airflow/dags/airflow-dag-python.py
[2024-08-22T22:38:38.542+0000] {processor.py:183} INFO - Processing /opt/airflow/dags/airflow-dag-python.py took 0.023 seconds
[2024-08-22T22:39:09.204+0000] {processor.py:161} INFO - Started process (PID=1298) to work on /opt/airflow/dags/airflow-dag-python.py
[2024-08-22T22:39:09.205+0000] {processor.py:830} INFO - Processing file /opt/airflow/dags/airflow-dag-python.py for tasks to queue
[2024-08-22T22:39:09.206+0000] {logging_mixin.py:188} INFO - [2024-08-22T22:39:09.206+0000] {dagbag.py:540} INFO - Filling up the DagBag from /opt/airflow/dags/airflow-dag-python.py
[2024-08-22T22:39:09.215+0000] {logging_mixin.py:188} INFO - [2024-08-22T22:39:09.212+0000] {dagbag.py:350} ERROR - Failed to import: /opt/airflow/dags/airflow-dag-python.py
Traceback (most recent call last):
  File "/home/airflow/.local/lib/python3.12/site-packages/airflow/models/dagbag.py", line 346, in parse
    loader.exec_module(new_module)
  File "<frozen importlib._bootstrap_external>", line 995, in exec_module
  File "<frozen importlib._bootstrap>", line 488, in _call_with_frames_removed
  File "/opt/airflow/dags/airflow-dag-python.py", line 4, in <module>
    import clickhouse_connect
ModuleNotFoundError: No module named 'clickhouse_connect'
[2024-08-22T22:39:09.215+0000] {processor.py:842} WARNING - No viable dags retrieved from /opt/airflow/dags/airflow-dag-python.py
[2024-08-22T22:39:09.225+0000] {processor.py:183} INFO - Processing /opt/airflow/dags/airflow-dag-python.py took 0.023 seconds
[2024-08-22T22:39:39.898+0000] {processor.py:161} INFO - Started process (PID=1357) to work on /opt/airflow/dags/airflow-dag-python.py
[2024-08-22T22:39:39.899+0000] {processor.py:830} INFO - Processing file /opt/airflow/dags/airflow-dag-python.py for tasks to queue
[2024-08-22T22:39:39.900+0000] {logging_mixin.py:188} INFO - [2024-08-22T22:39:39.900+0000] {dagbag.py:540} INFO - Filling up the DagBag from /opt/airflow/dags/airflow-dag-python.py
[2024-08-22T22:39:39.909+0000] {logging_mixin.py:188} INFO - [2024-08-22T22:39:39.907+0000] {dagbag.py:350} ERROR - Failed to import: /opt/airflow/dags/airflow-dag-python.py
Traceback (most recent call last):
  File "/home/airflow/.local/lib/python3.12/site-packages/airflow/models/dagbag.py", line 346, in parse
    loader.exec_module(new_module)
  File "<frozen importlib._bootstrap_external>", line 995, in exec_module
  File "<frozen importlib._bootstrap>", line 488, in _call_with_frames_removed
  File "/opt/airflow/dags/airflow-dag-python.py", line 4, in <module>
    import clickhouse_connect
ModuleNotFoundError: No module named 'clickhouse_connect'
[2024-08-22T22:39:39.910+0000] {processor.py:842} WARNING - No viable dags retrieved from /opt/airflow/dags/airflow-dag-python.py
[2024-08-22T22:39:39.920+0000] {processor.py:183} INFO - Processing /opt/airflow/dags/airflow-dag-python.py took 0.026 seconds
[2024-08-22T22:40:10.517+0000] {processor.py:161} INFO - Started process (PID=1416) to work on /opt/airflow/dags/airflow-dag-python.py
[2024-08-22T22:40:10.518+0000] {processor.py:830} INFO - Processing file /opt/airflow/dags/airflow-dag-python.py for tasks to queue
[2024-08-22T22:40:10.519+0000] {logging_mixin.py:188} INFO - [2024-08-22T22:40:10.519+0000] {dagbag.py:540} INFO - Filling up the DagBag from /opt/airflow/dags/airflow-dag-python.py
[2024-08-22T22:40:10.527+0000] {logging_mixin.py:188} INFO - [2024-08-22T22:40:10.525+0000] {dagbag.py:350} ERROR - Failed to import: /opt/airflow/dags/airflow-dag-python.py
Traceback (most recent call last):
  File "/home/airflow/.local/lib/python3.12/site-packages/airflow/models/dagbag.py", line 346, in parse
    loader.exec_module(new_module)
  File "<frozen importlib._bootstrap_external>", line 995, in exec_module
  File "<frozen importlib._bootstrap>", line 488, in _call_with_frames_removed
  File "/opt/airflow/dags/airflow-dag-python.py", line 4, in <module>
    import clickhouse_connect
ModuleNotFoundError: No module named 'clickhouse_connect'
[2024-08-22T22:40:10.528+0000] {processor.py:842} WARNING - No viable dags retrieved from /opt/airflow/dags/airflow-dag-python.py
[2024-08-22T22:40:10.537+0000] {processor.py:183} INFO - Processing /opt/airflow/dags/airflow-dag-python.py took 0.023 seconds
[2024-08-22T22:40:41.128+0000] {processor.py:161} INFO - Started process (PID=1475) to work on /opt/airflow/dags/airflow-dag-python.py
[2024-08-22T22:40:41.128+0000] {processor.py:830} INFO - Processing file /opt/airflow/dags/airflow-dag-python.py for tasks to queue
[2024-08-22T22:40:41.129+0000] {logging_mixin.py:188} INFO - [2024-08-22T22:40:41.129+0000] {dagbag.py:540} INFO - Filling up the DagBag from /opt/airflow/dags/airflow-dag-python.py
[2024-08-22T22:40:41.137+0000] {logging_mixin.py:188} INFO - [2024-08-22T22:40:41.135+0000] {dagbag.py:350} ERROR - Failed to import: /opt/airflow/dags/airflow-dag-python.py
Traceback (most recent call last):
  File "/home/airflow/.local/lib/python3.12/site-packages/airflow/models/dagbag.py", line 346, in parse
    loader.exec_module(new_module)
  File "<frozen importlib._bootstrap_external>", line 995, in exec_module
  File "<frozen importlib._bootstrap>", line 488, in _call_with_frames_removed
  File "/opt/airflow/dags/airflow-dag-python.py", line 4, in <module>
    import clickhouse_connect
ModuleNotFoundError: No module named 'clickhouse_connect'
[2024-08-22T22:40:41.138+0000] {processor.py:842} WARNING - No viable dags retrieved from /opt/airflow/dags/airflow-dag-python.py
[2024-08-22T22:40:41.148+0000] {processor.py:183} INFO - Processing /opt/airflow/dags/airflow-dag-python.py took 0.023 seconds
[2024-08-22T22:41:11.814+0000] {processor.py:161} INFO - Started process (PID=1534) to work on /opt/airflow/dags/airflow-dag-python.py
[2024-08-22T22:41:11.815+0000] {processor.py:830} INFO - Processing file /opt/airflow/dags/airflow-dag-python.py for tasks to queue
[2024-08-22T22:41:11.816+0000] {logging_mixin.py:188} INFO - [2024-08-22T22:41:11.816+0000] {dagbag.py:540} INFO - Filling up the DagBag from /opt/airflow/dags/airflow-dag-python.py
[2024-08-22T22:41:11.824+0000] {logging_mixin.py:188} INFO - [2024-08-22T22:41:11.822+0000] {dagbag.py:350} ERROR - Failed to import: /opt/airflow/dags/airflow-dag-python.py
Traceback (most recent call last):
  File "/home/airflow/.local/lib/python3.12/site-packages/airflow/models/dagbag.py", line 346, in parse
    loader.exec_module(new_module)
  File "<frozen importlib._bootstrap_external>", line 995, in exec_module
  File "<frozen importlib._bootstrap>", line 488, in _call_with_frames_removed
  File "/opt/airflow/dags/airflow-dag-python.py", line 4, in <module>
    import clickhouse_connect
ModuleNotFoundError: No module named 'clickhouse_connect'
[2024-08-22T22:41:11.825+0000] {processor.py:842} WARNING - No viable dags retrieved from /opt/airflow/dags/airflow-dag-python.py
[2024-08-22T22:41:11.834+0000] {processor.py:183} INFO - Processing /opt/airflow/dags/airflow-dag-python.py took 0.023 seconds
[2024-08-22T22:41:42.570+0000] {processor.py:161} INFO - Started process (PID=1593) to work on /opt/airflow/dags/airflow-dag-python.py
[2024-08-22T22:41:42.571+0000] {processor.py:830} INFO - Processing file /opt/airflow/dags/airflow-dag-python.py for tasks to queue
[2024-08-22T22:41:42.572+0000] {logging_mixin.py:188} INFO - [2024-08-22T22:41:42.572+0000] {dagbag.py:540} INFO - Filling up the DagBag from /opt/airflow/dags/airflow-dag-python.py
[2024-08-22T22:41:42.580+0000] {logging_mixin.py:188} INFO - [2024-08-22T22:41:42.578+0000] {dagbag.py:350} ERROR - Failed to import: /opt/airflow/dags/airflow-dag-python.py
Traceback (most recent call last):
  File "/home/airflow/.local/lib/python3.12/site-packages/airflow/models/dagbag.py", line 346, in parse
    loader.exec_module(new_module)
  File "<frozen importlib._bootstrap_external>", line 995, in exec_module
  File "<frozen importlib._bootstrap>", line 488, in _call_with_frames_removed
  File "/opt/airflow/dags/airflow-dag-python.py", line 4, in <module>
    import clickhouse_connect
ModuleNotFoundError: No module named 'clickhouse_connect'
[2024-08-22T22:41:42.581+0000] {processor.py:842} WARNING - No viable dags retrieved from /opt/airflow/dags/airflow-dag-python.py
[2024-08-22T22:41:42.590+0000] {processor.py:183} INFO - Processing /opt/airflow/dags/airflow-dag-python.py took 0.023 seconds
[2024-08-22T22:42:13.214+0000] {processor.py:161} INFO - Started process (PID=1652) to work on /opt/airflow/dags/airflow-dag-python.py
[2024-08-22T22:42:13.215+0000] {processor.py:830} INFO - Processing file /opt/airflow/dags/airflow-dag-python.py for tasks to queue
[2024-08-22T22:42:13.216+0000] {logging_mixin.py:188} INFO - [2024-08-22T22:42:13.215+0000] {dagbag.py:540} INFO - Filling up the DagBag from /opt/airflow/dags/airflow-dag-python.py
[2024-08-22T22:42:13.224+0000] {logging_mixin.py:188} INFO - [2024-08-22T22:42:13.222+0000] {dagbag.py:350} ERROR - Failed to import: /opt/airflow/dags/airflow-dag-python.py
Traceback (most recent call last):
  File "/home/airflow/.local/lib/python3.12/site-packages/airflow/models/dagbag.py", line 346, in parse
    loader.exec_module(new_module)
  File "<frozen importlib._bootstrap_external>", line 995, in exec_module
  File "<frozen importlib._bootstrap>", line 488, in _call_with_frames_removed
  File "/opt/airflow/dags/airflow-dag-python.py", line 4, in <module>
    import clickhouse_connect
ModuleNotFoundError: No module named 'clickhouse_connect'
[2024-08-22T22:42:13.224+0000] {processor.py:842} WARNING - No viable dags retrieved from /opt/airflow/dags/airflow-dag-python.py
[2024-08-22T22:42:13.234+0000] {processor.py:183} INFO - Processing /opt/airflow/dags/airflow-dag-python.py took 0.023 seconds
[2024-08-22T22:42:43.842+0000] {processor.py:161} INFO - Started process (PID=1738) to work on /opt/airflow/dags/airflow-dag-python.py
[2024-08-22T22:42:43.843+0000] {processor.py:830} INFO - Processing file /opt/airflow/dags/airflow-dag-python.py for tasks to queue
[2024-08-22T22:42:43.844+0000] {logging_mixin.py:188} INFO - [2024-08-22T22:42:43.844+0000] {dagbag.py:540} INFO - Filling up the DagBag from /opt/airflow/dags/airflow-dag-python.py
[2024-08-22T22:42:44.076+0000] {processor.py:840} INFO - DAG(s) 'clickhouse_data_loader' retrieved from /opt/airflow/dags/airflow-dag-python.py
[2024-08-22T22:42:44.141+0000] {logging_mixin.py:188} INFO - [2024-08-22T22:42:44.140+0000] {override.py:1829} INFO - Created Permission View: can delete on DAG:clickhouse_data_loader
[2024-08-22T22:42:44.147+0000] {logging_mixin.py:188} INFO - [2024-08-22T22:42:44.147+0000] {override.py:1829} INFO - Created Permission View: can read on DAG:clickhouse_data_loader
[2024-08-22T22:42:44.151+0000] {logging_mixin.py:188} INFO - [2024-08-22T22:42:44.151+0000] {override.py:1829} INFO - Created Permission View: can edit on DAG:clickhouse_data_loader
[2024-08-22T22:42:44.152+0000] {logging_mixin.py:188} INFO - [2024-08-22T22:42:44.152+0000] {dag.py:3096} INFO - Sync 1 DAGs
[2024-08-22T22:42:44.161+0000] {logging_mixin.py:188} INFO - [2024-08-22T22:42:44.161+0000] {dag.py:3118} INFO - Creating ORM DAG for clickhouse_data_loader
[2024-08-22T22:42:44.168+0000] {logging_mixin.py:188} INFO - [2024-08-22T22:42:44.168+0000] {dag.py:3954} INFO - Setting next_dagrun for clickhouse_data_loader to 2024-08-21 00:00:00+00:00, run_after=2024-08-22 00:00:00+00:00
[2024-08-22T22:42:44.179+0000] {processor.py:183} INFO - Processing /opt/airflow/dags/airflow-dag-python.py took 0.343 seconds
[2024-08-22T22:43:11.840+0000] {processor.py:161} INFO - Started process (PID=52) to work on /opt/airflow/dags/airflow-dag-python.py
[2024-08-22T22:43:11.841+0000] {processor.py:830} INFO - Processing file /opt/airflow/dags/airflow-dag-python.py for tasks to queue
[2024-08-22T22:43:11.842+0000] {logging_mixin.py:188} INFO - [2024-08-22T22:43:11.841+0000] {dagbag.py:540} INFO - Filling up the DagBag from /opt/airflow/dags/airflow-dag-python.py
[2024-08-22T22:43:12.168+0000] {processor.py:840} INFO - DAG(s) 'clickhouse_data_loader' retrieved from /opt/airflow/dags/airflow-dag-python.py
[2024-08-22T22:43:12.232+0000] {logging_mixin.py:188} INFO - [2024-08-22T22:43:12.232+0000] {dag.py:3096} INFO - Sync 1 DAGs
[2024-08-22T22:43:12.243+0000] {logging_mixin.py:188} INFO - [2024-08-22T22:43:12.243+0000] {dag.py:3954} INFO - Setting next_dagrun for clickhouse_data_loader to 2024-08-21 00:00:00+00:00, run_after=2024-08-22 00:00:00+00:00
[2024-08-22T22:43:12.254+0000] {processor.py:183} INFO - Processing /opt/airflow/dags/airflow-dag-python.py took 0.417 seconds
[2024-08-22T22:43:42.451+0000] {processor.py:161} INFO - Started process (PID=116) to work on /opt/airflow/dags/airflow-dag-python.py
[2024-08-22T22:43:42.452+0000] {processor.py:830} INFO - Processing file /opt/airflow/dags/airflow-dag-python.py for tasks to queue
[2024-08-22T22:43:42.453+0000] {logging_mixin.py:188} INFO - [2024-08-22T22:43:42.453+0000] {dagbag.py:540} INFO - Filling up the DagBag from /opt/airflow/dags/airflow-dag-python.py
[2024-08-22T22:43:42.758+0000] {processor.py:840} INFO - DAG(s) 'clickhouse_data_loader' retrieved from /opt/airflow/dags/airflow-dag-python.py
[2024-08-22T22:43:42.767+0000] {logging_mixin.py:188} INFO - [2024-08-22T22:43:42.767+0000] {dag.py:3096} INFO - Sync 1 DAGs
[2024-08-22T22:43:42.778+0000] {logging_mixin.py:188} INFO - [2024-08-22T22:43:42.778+0000] {dag.py:3954} INFO - Setting next_dagrun for clickhouse_data_loader to 2024-08-21 00:00:00+00:00, run_after=2024-08-22 00:00:00+00:00
[2024-08-22T22:43:42.788+0000] {processor.py:183} INFO - Processing /opt/airflow/dags/airflow-dag-python.py took 0.339 seconds
[2024-08-22T22:44:13.265+0000] {processor.py:161} INFO - Started process (PID=174) to work on /opt/airflow/dags/airflow-dag-python.py
[2024-08-22T22:44:13.266+0000] {processor.py:830} INFO - Processing file /opt/airflow/dags/airflow-dag-python.py for tasks to queue
[2024-08-22T22:44:13.267+0000] {logging_mixin.py:188} INFO - [2024-08-22T22:44:13.267+0000] {dagbag.py:540} INFO - Filling up the DagBag from /opt/airflow/dags/airflow-dag-python.py
[2024-08-22T22:44:13.569+0000] {processor.py:840} INFO - DAG(s) 'clickhouse_data_loader' retrieved from /opt/airflow/dags/airflow-dag-python.py
[2024-08-22T22:44:13.577+0000] {logging_mixin.py:188} INFO - [2024-08-22T22:44:13.577+0000] {dag.py:3096} INFO - Sync 1 DAGs
[2024-08-22T22:44:13.588+0000] {logging_mixin.py:188} INFO - [2024-08-22T22:44:13.588+0000] {dag.py:3954} INFO - Setting next_dagrun for clickhouse_data_loader to 2024-08-21 00:00:00+00:00, run_after=2024-08-22 00:00:00+00:00
[2024-08-22T22:44:13.598+0000] {processor.py:183} INFO - Processing /opt/airflow/dags/airflow-dag-python.py took 0.336 seconds
[2024-08-22T22:44:43.652+0000] {processor.py:161} INFO - Started process (PID=240) to work on /opt/airflow/dags/airflow-dag-python.py
[2024-08-22T22:44:43.653+0000] {processor.py:830} INFO - Processing file /opt/airflow/dags/airflow-dag-python.py for tasks to queue
[2024-08-22T22:44:43.654+0000] {logging_mixin.py:188} INFO - [2024-08-22T22:44:43.653+0000] {dagbag.py:540} INFO - Filling up the DagBag from /opt/airflow/dags/airflow-dag-python.py
[2024-08-22T22:44:43.969+0000] {processor.py:840} INFO - DAG(s) 'clickhouse_data_loader' retrieved from /opt/airflow/dags/airflow-dag-python.py
[2024-08-22T22:44:43.978+0000] {logging_mixin.py:188} INFO - [2024-08-22T22:44:43.978+0000] {dag.py:3096} INFO - Sync 1 DAGs
[2024-08-22T22:44:43.988+0000] {logging_mixin.py:188} INFO - [2024-08-22T22:44:43.988+0000] {dag.py:3954} INFO - Setting next_dagrun for clickhouse_data_loader to 2024-08-21 00:00:00+00:00, run_after=2024-08-22 00:00:00+00:00
[2024-08-22T22:44:43.998+0000] {processor.py:183} INFO - Processing /opt/airflow/dags/airflow-dag-python.py took 0.350 seconds
[2024-08-22T22:45:14.741+0000] {processor.py:161} INFO - Started process (PID=307) to work on /opt/airflow/dags/airflow-dag-python.py
[2024-08-22T22:45:14.742+0000] {processor.py:830} INFO - Processing file /opt/airflow/dags/airflow-dag-python.py for tasks to queue
[2024-08-22T22:45:14.743+0000] {logging_mixin.py:188} INFO - [2024-08-22T22:45:14.742+0000] {dagbag.py:540} INFO - Filling up the DagBag from /opt/airflow/dags/airflow-dag-python.py
[2024-08-22T22:45:15.054+0000] {processor.py:840} INFO - DAG(s) 'clickhouse_data_loader' retrieved from /opt/airflow/dags/airflow-dag-python.py
[2024-08-22T22:45:15.063+0000] {logging_mixin.py:188} INFO - [2024-08-22T22:45:15.062+0000] {dag.py:3096} INFO - Sync 1 DAGs
[2024-08-22T22:45:15.073+0000] {logging_mixin.py:188} INFO - [2024-08-22T22:45:15.073+0000] {dag.py:3954} INFO - Setting next_dagrun for clickhouse_data_loader to 2024-08-21 00:00:00+00:00, run_after=2024-08-22 00:00:00+00:00
[2024-08-22T22:45:15.082+0000] {processor.py:183} INFO - Processing /opt/airflow/dags/airflow-dag-python.py took 0.344 seconds
[2024-08-22T22:45:33.589+0000] {processor.py:161} INFO - Started process (PID=352) to work on /opt/airflow/dags/airflow-dag-python.py
[2024-08-22T22:45:33.590+0000] {processor.py:830} INFO - Processing file /opt/airflow/dags/airflow-dag-python.py for tasks to queue
[2024-08-22T22:45:33.591+0000] {logging_mixin.py:188} INFO - [2024-08-22T22:45:33.591+0000] {dagbag.py:540} INFO - Filling up the DagBag from /opt/airflow/dags/airflow-dag-python.py
[2024-08-22T22:45:33.884+0000] {processor.py:840} INFO - DAG(s) 'clickhouse_data_loader' retrieved from /opt/airflow/dags/airflow-dag-python.py
[2024-08-22T22:45:33.893+0000] {logging_mixin.py:188} INFO - [2024-08-22T22:45:33.893+0000] {dag.py:3096} INFO - Sync 1 DAGs
[2024-08-22T22:45:33.903+0000] {logging_mixin.py:188} INFO - [2024-08-22T22:45:33.903+0000] {dag.py:3954} INFO - Setting next_dagrun for clickhouse_data_loader to 2024-08-21 00:00:00+00:00, run_after=2024-08-22 00:00:00+00:00
[2024-08-22T22:45:33.913+0000] {processor.py:183} INFO - Processing /opt/airflow/dags/airflow-dag-python.py took 0.327 seconds
[2024-08-22T22:46:06.954+0000] {processor.py:161} INFO - Started process (PID=52) to work on /opt/airflow/dags/airflow-dag-python.py
[2024-08-22T22:46:06.955+0000] {processor.py:830} INFO - Processing file /opt/airflow/dags/airflow-dag-python.py for tasks to queue
[2024-08-22T22:46:06.956+0000] {logging_mixin.py:188} INFO - [2024-08-22T22:46:06.956+0000] {dagbag.py:540} INFO - Filling up the DagBag from /opt/airflow/dags/airflow-dag-python.py
[2024-08-22T22:46:07.281+0000] {processor.py:840} INFO - DAG(s) 'clickhouse_data_loader' retrieved from /opt/airflow/dags/airflow-dag-python.py
[2024-08-22T22:46:07.343+0000] {logging_mixin.py:188} INFO - [2024-08-22T22:46:07.342+0000] {dag.py:3096} INFO - Sync 1 DAGs
[2024-08-22T22:46:07.353+0000] {logging_mixin.py:188} INFO - [2024-08-22T22:46:07.353+0000] {dag.py:3954} INFO - Setting next_dagrun for clickhouse_data_loader to 2024-08-21 00:00:00+00:00, run_after=2024-08-22 00:00:00+00:00
[2024-08-22T22:46:07.365+0000] {processor.py:183} INFO - Processing /opt/airflow/dags/airflow-dag-python.py took 0.413 seconds
[2024-08-22T22:46:37.465+0000] {processor.py:161} INFO - Started process (PID=117) to work on /opt/airflow/dags/airflow-dag-python.py
[2024-08-22T22:46:37.465+0000] {processor.py:830} INFO - Processing file /opt/airflow/dags/airflow-dag-python.py for tasks to queue
[2024-08-22T22:46:37.466+0000] {logging_mixin.py:188} INFO - [2024-08-22T22:46:37.466+0000] {dagbag.py:540} INFO - Filling up the DagBag from /opt/airflow/dags/airflow-dag-python.py
[2024-08-22T22:46:37.759+0000] {processor.py:840} INFO - DAG(s) 'clickhouse_data_loader' retrieved from /opt/airflow/dags/airflow-dag-python.py
[2024-08-22T22:46:37.768+0000] {logging_mixin.py:188} INFO - [2024-08-22T22:46:37.767+0000] {dag.py:3096} INFO - Sync 1 DAGs
[2024-08-22T22:46:37.779+0000] {logging_mixin.py:188} INFO - [2024-08-22T22:46:37.779+0000] {dag.py:3954} INFO - Setting next_dagrun for clickhouse_data_loader to 2024-08-21 00:00:00+00:00, run_after=2024-08-22 00:00:00+00:00
[2024-08-22T22:46:37.788+0000] {processor.py:183} INFO - Processing /opt/airflow/dags/airflow-dag-python.py took 0.326 seconds
[2024-08-22T22:47:08.486+0000] {processor.py:161} INFO - Started process (PID=177) to work on /opt/airflow/dags/airflow-dag-python.py
[2024-08-22T22:47:08.486+0000] {processor.py:830} INFO - Processing file /opt/airflow/dags/airflow-dag-python.py for tasks to queue
[2024-08-22T22:47:08.487+0000] {logging_mixin.py:188} INFO - [2024-08-22T22:47:08.487+0000] {dagbag.py:540} INFO - Filling up the DagBag from /opt/airflow/dags/airflow-dag-python.py
[2024-08-22T22:47:08.826+0000] {processor.py:840} INFO - DAG(s) 'clickhouse_data_loader' retrieved from /opt/airflow/dags/airflow-dag-python.py
[2024-08-22T22:47:08.835+0000] {logging_mixin.py:188} INFO - [2024-08-22T22:47:08.834+0000] {dag.py:3096} INFO - Sync 1 DAGs
[2024-08-22T22:47:08.846+0000] {logging_mixin.py:188} INFO - [2024-08-22T22:47:08.846+0000] {dag.py:3954} INFO - Setting next_dagrun for clickhouse_data_loader to 2024-08-21 00:00:00+00:00, run_after=2024-08-22 00:00:00+00:00
[2024-08-22T22:47:08.855+0000] {processor.py:183} INFO - Processing /opt/airflow/dags/airflow-dag-python.py took 0.374 seconds
[2024-08-22T22:47:38.890+0000] {processor.py:161} INFO - Started process (PID=242) to work on /opt/airflow/dags/airflow-dag-python.py
[2024-08-22T22:47:38.890+0000] {processor.py:830} INFO - Processing file /opt/airflow/dags/airflow-dag-python.py for tasks to queue
[2024-08-22T22:47:38.892+0000] {logging_mixin.py:188} INFO - [2024-08-22T22:47:38.891+0000] {dagbag.py:540} INFO - Filling up the DagBag from /opt/airflow/dags/airflow-dag-python.py
[2024-08-22T22:47:39.204+0000] {processor.py:840} INFO - DAG(s) 'clickhouse_data_loader' retrieved from /opt/airflow/dags/airflow-dag-python.py
[2024-08-22T22:47:39.213+0000] {logging_mixin.py:188} INFO - [2024-08-22T22:47:39.213+0000] {dag.py:3096} INFO - Sync 1 DAGs
[2024-08-22T22:47:39.225+0000] {logging_mixin.py:188} INFO - [2024-08-22T22:47:39.225+0000] {dag.py:3954} INFO - Setting next_dagrun for clickhouse_data_loader to 2024-08-21 00:00:00+00:00, run_after=2024-08-22 00:00:00+00:00
[2024-08-22T22:47:39.235+0000] {processor.py:183} INFO - Processing /opt/airflow/dags/airflow-dag-python.py took 0.348 seconds
[2024-08-22T22:48:09.291+0000] {processor.py:161} INFO - Started process (PID=306) to work on /opt/airflow/dags/airflow-dag-python.py
[2024-08-22T22:48:09.291+0000] {processor.py:830} INFO - Processing file /opt/airflow/dags/airflow-dag-python.py for tasks to queue
[2024-08-22T22:48:09.292+0000] {logging_mixin.py:188} INFO - [2024-08-22T22:48:09.292+0000] {dagbag.py:540} INFO - Filling up the DagBag from /opt/airflow/dags/airflow-dag-python.py
[2024-08-22T22:48:09.591+0000] {processor.py:840} INFO - DAG(s) 'clickhouse_data_loader' retrieved from /opt/airflow/dags/airflow-dag-python.py
[2024-08-22T22:48:09.600+0000] {logging_mixin.py:188} INFO - [2024-08-22T22:48:09.600+0000] {dag.py:3096} INFO - Sync 1 DAGs
[2024-08-22T22:48:09.611+0000] {logging_mixin.py:188} INFO - [2024-08-22T22:48:09.611+0000] {dag.py:3954} INFO - Setting next_dagrun for clickhouse_data_loader to 2024-08-21 00:00:00+00:00, run_after=2024-08-22 00:00:00+00:00
[2024-08-22T22:48:09.620+0000] {processor.py:183} INFO - Processing /opt/airflow/dags/airflow-dag-python.py took 0.332 seconds
[2024-08-22T22:48:39.666+0000] {processor.py:161} INFO - Started process (PID=371) to work on /opt/airflow/dags/airflow-dag-python.py
[2024-08-22T22:48:39.667+0000] {processor.py:830} INFO - Processing file /opt/airflow/dags/airflow-dag-python.py for tasks to queue
[2024-08-22T22:48:39.668+0000] {logging_mixin.py:188} INFO - [2024-08-22T22:48:39.668+0000] {dagbag.py:540} INFO - Filling up the DagBag from /opt/airflow/dags/airflow-dag-python.py
[2024-08-22T22:48:39.967+0000] {processor.py:840} INFO - DAG(s) 'clickhouse_data_loader' retrieved from /opt/airflow/dags/airflow-dag-python.py
[2024-08-22T22:48:39.975+0000] {logging_mixin.py:188} INFO - [2024-08-22T22:48:39.974+0000] {dag.py:3096} INFO - Sync 1 DAGs
[2024-08-22T22:48:39.985+0000] {logging_mixin.py:188} INFO - [2024-08-22T22:48:39.985+0000] {dag.py:3954} INFO - Setting next_dagrun for clickhouse_data_loader to 2024-08-21 00:00:00+00:00, run_after=2024-08-22 00:00:00+00:00
[2024-08-22T22:48:39.994+0000] {processor.py:183} INFO - Processing /opt/airflow/dags/airflow-dag-python.py took 0.330 seconds
[2024-08-22T22:49:10.136+0000] {processor.py:161} INFO - Started process (PID=441) to work on /opt/airflow/dags/airflow-dag-python.py
[2024-08-22T22:49:10.137+0000] {processor.py:830} INFO - Processing file /opt/airflow/dags/airflow-dag-python.py for tasks to queue
[2024-08-22T22:49:10.138+0000] {logging_mixin.py:188} INFO - [2024-08-22T22:49:10.137+0000] {dagbag.py:540} INFO - Filling up the DagBag from /opt/airflow/dags/airflow-dag-python.py
[2024-08-22T22:49:10.431+0000] {processor.py:840} INFO - DAG(s) 'clickhouse_data_loader' retrieved from /opt/airflow/dags/airflow-dag-python.py
[2024-08-22T22:49:10.440+0000] {logging_mixin.py:188} INFO - [2024-08-22T22:49:10.440+0000] {dag.py:3096} INFO - Sync 1 DAGs
[2024-08-22T22:49:10.450+0000] {logging_mixin.py:188} INFO - [2024-08-22T22:49:10.450+0000] {dag.py:3954} INFO - Setting next_dagrun for clickhouse_data_loader to 2024-08-21 00:00:00+00:00, run_after=2024-08-22 00:00:00+00:00
[2024-08-22T22:49:10.462+0000] {processor.py:183} INFO - Processing /opt/airflow/dags/airflow-dag-python.py took 0.329 seconds
[2024-08-22T22:49:40.504+0000] {processor.py:161} INFO - Started process (PID=506) to work on /opt/airflow/dags/airflow-dag-python.py
[2024-08-22T22:49:40.505+0000] {processor.py:830} INFO - Processing file /opt/airflow/dags/airflow-dag-python.py for tasks to queue
[2024-08-22T22:49:40.506+0000] {logging_mixin.py:188} INFO - [2024-08-22T22:49:40.506+0000] {dagbag.py:540} INFO - Filling up the DagBag from /opt/airflow/dags/airflow-dag-python.py
[2024-08-22T22:49:40.812+0000] {processor.py:840} INFO - DAG(s) 'clickhouse_data_loader' retrieved from /opt/airflow/dags/airflow-dag-python.py
[2024-08-22T22:49:40.821+0000] {logging_mixin.py:188} INFO - [2024-08-22T22:49:40.821+0000] {dag.py:3096} INFO - Sync 1 DAGs
[2024-08-22T22:49:40.833+0000] {logging_mixin.py:188} INFO - [2024-08-22T22:49:40.833+0000] {dag.py:3954} INFO - Setting next_dagrun for clickhouse_data_loader to 2024-08-21 00:00:00+00:00, run_after=2024-08-22 00:00:00+00:00
[2024-08-22T22:49:40.844+0000] {processor.py:183} INFO - Processing /opt/airflow/dags/airflow-dag-python.py took 0.342 seconds
[2024-08-22T22:50:10.916+0000] {processor.py:161} INFO - Started process (PID=569) to work on /opt/airflow/dags/airflow-dag-python.py
[2024-08-22T22:50:10.917+0000] {processor.py:830} INFO - Processing file /opt/airflow/dags/airflow-dag-python.py for tasks to queue
[2024-08-22T22:50:10.918+0000] {logging_mixin.py:188} INFO - [2024-08-22T22:50:10.918+0000] {dagbag.py:540} INFO - Filling up the DagBag from /opt/airflow/dags/airflow-dag-python.py
[2024-08-22T22:50:11.207+0000] {processor.py:840} INFO - DAG(s) 'clickhouse_data_loader' retrieved from /opt/airflow/dags/airflow-dag-python.py
[2024-08-22T22:50:11.215+0000] {logging_mixin.py:188} INFO - [2024-08-22T22:50:11.215+0000] {dag.py:3096} INFO - Sync 1 DAGs
[2024-08-22T22:50:11.225+0000] {logging_mixin.py:188} INFO - [2024-08-22T22:50:11.225+0000] {dag.py:3954} INFO - Setting next_dagrun for clickhouse_data_loader to 2024-08-21 00:00:00+00:00, run_after=2024-08-22 00:00:00+00:00
[2024-08-22T22:50:11.233+0000] {processor.py:183} INFO - Processing /opt/airflow/dags/airflow-dag-python.py took 0.320 seconds
[2024-08-22T22:50:41.260+0000] {processor.py:161} INFO - Started process (PID=633) to work on /opt/airflow/dags/airflow-dag-python.py
[2024-08-22T22:50:41.261+0000] {processor.py:830} INFO - Processing file /opt/airflow/dags/airflow-dag-python.py for tasks to queue
[2024-08-22T22:50:41.262+0000] {logging_mixin.py:188} INFO - [2024-08-22T22:50:41.261+0000] {dagbag.py:540} INFO - Filling up the DagBag from /opt/airflow/dags/airflow-dag-python.py
[2024-08-22T22:50:41.556+0000] {processor.py:840} INFO - DAG(s) 'clickhouse_data_loader' retrieved from /opt/airflow/dags/airflow-dag-python.py
[2024-08-22T22:50:41.564+0000] {logging_mixin.py:188} INFO - [2024-08-22T22:50:41.564+0000] {dag.py:3096} INFO - Sync 1 DAGs
[2024-08-22T22:50:41.573+0000] {logging_mixin.py:188} INFO - [2024-08-22T22:50:41.573+0000] {dag.py:3954} INFO - Setting next_dagrun for clickhouse_data_loader to 2024-08-21 00:00:00+00:00, run_after=2024-08-22 00:00:00+00:00
[2024-08-22T22:50:41.582+0000] {processor.py:183} INFO - Processing /opt/airflow/dags/airflow-dag-python.py took 0.325 seconds
[2024-08-22T22:51:12.524+0000] {processor.py:161} INFO - Started process (PID=697) to work on /opt/airflow/dags/airflow-dag-python.py
[2024-08-22T22:51:12.525+0000] {processor.py:830} INFO - Processing file /opt/airflow/dags/airflow-dag-python.py for tasks to queue
[2024-08-22T22:51:12.526+0000] {logging_mixin.py:188} INFO - [2024-08-22T22:51:12.525+0000] {dagbag.py:540} INFO - Filling up the DagBag from /opt/airflow/dags/airflow-dag-python.py
[2024-08-22T22:51:12.821+0000] {processor.py:840} INFO - DAG(s) 'clickhouse_data_loader' retrieved from /opt/airflow/dags/airflow-dag-python.py
[2024-08-22T22:51:12.830+0000] {logging_mixin.py:188} INFO - [2024-08-22T22:51:12.829+0000] {dag.py:3096} INFO - Sync 1 DAGs
[2024-08-22T22:51:12.839+0000] {logging_mixin.py:188} INFO - [2024-08-22T22:51:12.839+0000] {dag.py:3954} INFO - Setting next_dagrun for clickhouse_data_loader to 2024-08-21 00:00:00+00:00, run_after=2024-08-22 00:00:00+00:00
[2024-08-22T22:51:12.848+0000] {processor.py:183} INFO - Processing /opt/airflow/dags/airflow-dag-python.py took 0.326 seconds
[2024-08-22T22:51:43.619+0000] {processor.py:161} INFO - Started process (PID=757) to work on /opt/airflow/dags/airflow-dag-python.py
[2024-08-22T22:51:43.620+0000] {processor.py:830} INFO - Processing file /opt/airflow/dags/airflow-dag-python.py for tasks to queue
[2024-08-22T22:51:43.621+0000] {logging_mixin.py:188} INFO - [2024-08-22T22:51:43.621+0000] {dagbag.py:540} INFO - Filling up the DagBag from /opt/airflow/dags/airflow-dag-python.py
[2024-08-22T22:51:43.929+0000] {processor.py:840} INFO - DAG(s) 'clickhouse_data_loader' retrieved from /opt/airflow/dags/airflow-dag-python.py
[2024-08-22T22:51:43.939+0000] {logging_mixin.py:188} INFO - [2024-08-22T22:51:43.939+0000] {dag.py:3096} INFO - Sync 1 DAGs
[2024-08-22T22:51:43.949+0000] {logging_mixin.py:188} INFO - [2024-08-22T22:51:43.949+0000] {dag.py:3954} INFO - Setting next_dagrun for clickhouse_data_loader to 2024-08-21 00:00:00+00:00, run_after=2024-08-22 00:00:00+00:00
[2024-08-22T22:51:43.958+0000] {processor.py:183} INFO - Processing /opt/airflow/dags/airflow-dag-python.py took 0.342 seconds
[2024-08-22T22:52:14.669+0000] {processor.py:161} INFO - Started process (PID=817) to work on /opt/airflow/dags/airflow-dag-python.py
[2024-08-22T22:52:14.669+0000] {processor.py:830} INFO - Processing file /opt/airflow/dags/airflow-dag-python.py for tasks to queue
[2024-08-22T22:52:14.671+0000] {logging_mixin.py:188} INFO - [2024-08-22T22:52:14.670+0000] {dagbag.py:540} INFO - Filling up the DagBag from /opt/airflow/dags/airflow-dag-python.py
[2024-08-22T22:52:14.965+0000] {processor.py:840} INFO - DAG(s) 'clickhouse_data_loader' retrieved from /opt/airflow/dags/airflow-dag-python.py
[2024-08-22T22:52:14.974+0000] {logging_mixin.py:188} INFO - [2024-08-22T22:52:14.974+0000] {dag.py:3096} INFO - Sync 1 DAGs
[2024-08-22T22:52:14.985+0000] {logging_mixin.py:188} INFO - [2024-08-22T22:52:14.985+0000] {dag.py:3954} INFO - Setting next_dagrun for clickhouse_data_loader to 2024-08-21 00:00:00+00:00, run_after=2024-08-22 00:00:00+00:00
[2024-08-22T22:52:14.994+0000] {processor.py:183} INFO - Processing /opt/airflow/dags/airflow-dag-python.py took 0.328 seconds
[2024-08-22T22:52:45.839+0000] {processor.py:161} INFO - Started process (PID=877) to work on /opt/airflow/dags/airflow-dag-python.py
[2024-08-22T22:52:45.840+0000] {processor.py:830} INFO - Processing file /opt/airflow/dags/airflow-dag-python.py for tasks to queue
[2024-08-22T22:52:45.841+0000] {logging_mixin.py:188} INFO - [2024-08-22T22:52:45.841+0000] {dagbag.py:540} INFO - Filling up the DagBag from /opt/airflow/dags/airflow-dag-python.py
[2024-08-22T22:52:46.136+0000] {processor.py:840} INFO - DAG(s) 'clickhouse_data_loader' retrieved from /opt/airflow/dags/airflow-dag-python.py
[2024-08-22T22:52:46.144+0000] {logging_mixin.py:188} INFO - [2024-08-22T22:52:46.144+0000] {dag.py:3096} INFO - Sync 1 DAGs
[2024-08-22T22:52:46.155+0000] {logging_mixin.py:188} INFO - [2024-08-22T22:52:46.155+0000] {dag.py:3954} INFO - Setting next_dagrun for clickhouse_data_loader to 2024-08-21 00:00:00+00:00, run_after=2024-08-22 00:00:00+00:00
[2024-08-22T22:52:46.164+0000] {processor.py:183} INFO - Processing /opt/airflow/dags/airflow-dag-python.py took 0.328 seconds
[2024-08-22T22:53:16.344+0000] {processor.py:161} INFO - Started process (PID=937) to work on /opt/airflow/dags/airflow-dag-python.py
[2024-08-22T22:53:16.345+0000] {processor.py:830} INFO - Processing file /opt/airflow/dags/airflow-dag-python.py for tasks to queue
[2024-08-22T22:53:16.346+0000] {logging_mixin.py:188} INFO - [2024-08-22T22:53:16.346+0000] {dagbag.py:540} INFO - Filling up the DagBag from /opt/airflow/dags/airflow-dag-python.py
[2024-08-22T22:53:16.632+0000] {processor.py:840} INFO - DAG(s) 'clickhouse_data_loader' retrieved from /opt/airflow/dags/airflow-dag-python.py
[2024-08-22T22:53:16.640+0000] {logging_mixin.py:188} INFO - [2024-08-22T22:53:16.640+0000] {dag.py:3096} INFO - Sync 1 DAGs
[2024-08-22T22:53:16.650+0000] {logging_mixin.py:188} INFO - [2024-08-22T22:53:16.650+0000] {dag.py:3954} INFO - Setting next_dagrun for clickhouse_data_loader to 2024-08-21 00:00:00+00:00, run_after=2024-08-22 00:00:00+00:00
[2024-08-22T22:53:16.660+0000] {processor.py:183} INFO - Processing /opt/airflow/dags/airflow-dag-python.py took 0.318 seconds
[2024-08-22T22:53:47.060+0000] {processor.py:161} INFO - Started process (PID=997) to work on /opt/airflow/dags/airflow-dag-python.py
[2024-08-22T22:53:47.061+0000] {processor.py:830} INFO - Processing file /opt/airflow/dags/airflow-dag-python.py for tasks to queue
[2024-08-22T22:53:47.062+0000] {logging_mixin.py:188} INFO - [2024-08-22T22:53:47.062+0000] {dagbag.py:540} INFO - Filling up the DagBag from /opt/airflow/dags/airflow-dag-python.py
[2024-08-22T22:53:47.360+0000] {processor.py:840} INFO - DAG(s) 'clickhouse_data_loader' retrieved from /opt/airflow/dags/airflow-dag-python.py
[2024-08-22T22:53:47.368+0000] {logging_mixin.py:188} INFO - [2024-08-22T22:53:47.368+0000] {dag.py:3096} INFO - Sync 1 DAGs
[2024-08-22T22:53:47.379+0000] {logging_mixin.py:188} INFO - [2024-08-22T22:53:47.379+0000] {dag.py:3954} INFO - Setting next_dagrun for clickhouse_data_loader to 2024-08-21 00:00:00+00:00, run_after=2024-08-22 00:00:00+00:00
[2024-08-22T22:53:47.389+0000] {processor.py:183} INFO - Processing /opt/airflow/dags/airflow-dag-python.py took 0.332 seconds
[2024-08-22T23:58:48.710+0000] {processor.py:161} INFO - Started process (PID=52) to work on /opt/airflow/dags/airflow-dag-python.py
[2024-08-22T23:58:48.710+0000] {processor.py:830} INFO - Processing file /opt/airflow/dags/airflow-dag-python.py for tasks to queue
[2024-08-22T23:58:48.714+0000] {logging_mixin.py:188} INFO - [2024-08-22T23:58:48.713+0000] {dagbag.py:540} INFO - Filling up the DagBag from /opt/airflow/dags/airflow-dag-python.py
[2024-08-22T23:58:49.177+0000] {processor.py:840} INFO - DAG(s) 'clickhouse_data_loader' retrieved from /opt/airflow/dags/airflow-dag-python.py
[2024-08-22T23:58:49.265+0000] {logging_mixin.py:188} INFO - [2024-08-22T23:58:49.265+0000] {dag.py:3096} INFO - Sync 1 DAGs
[2024-08-22T23:58:49.276+0000] {logging_mixin.py:188} INFO - [2024-08-22T23:58:49.276+0000] {dag.py:3954} INFO - Setting next_dagrun for clickhouse_data_loader to 2024-08-21 00:00:00+00:00, run_after=2024-08-22 00:00:00+00:00
[2024-08-22T23:58:49.287+0000] {processor.py:183} INFO - Processing /opt/airflow/dags/airflow-dag-python.py took 0.583 seconds
[2024-08-22T23:59:19.322+0000] {processor.py:161} INFO - Started process (PID=117) to work on /opt/airflow/dags/airflow-dag-python.py
[2024-08-22T23:59:19.322+0000] {processor.py:830} INFO - Processing file /opt/airflow/dags/airflow-dag-python.py for tasks to queue
[2024-08-22T23:59:19.323+0000] {logging_mixin.py:188} INFO - [2024-08-22T23:59:19.323+0000] {dagbag.py:540} INFO - Filling up the DagBag from /opt/airflow/dags/airflow-dag-python.py
[2024-08-22T23:59:19.628+0000] {processor.py:840} INFO - DAG(s) 'clickhouse_data_loader' retrieved from /opt/airflow/dags/airflow-dag-python.py
[2024-08-22T23:59:19.637+0000] {logging_mixin.py:188} INFO - [2024-08-22T23:59:19.637+0000] {dag.py:3096} INFO - Sync 1 DAGs
[2024-08-22T23:59:19.647+0000] {logging_mixin.py:188} INFO - [2024-08-22T23:59:19.647+0000] {dag.py:3954} INFO - Setting next_dagrun for clickhouse_data_loader to 2024-08-21 00:00:00+00:00, run_after=2024-08-22 00:00:00+00:00
[2024-08-22T23:59:19.656+0000] {processor.py:183} INFO - Processing /opt/airflow/dags/airflow-dag-python.py took 0.337 seconds
[2024-08-22T23:59:49.986+0000] {processor.py:161} INFO - Started process (PID=172) to work on /opt/airflow/dags/airflow-dag-python.py
[2024-08-22T23:59:49.987+0000] {processor.py:830} INFO - Processing file /opt/airflow/dags/airflow-dag-python.py for tasks to queue
[2024-08-22T23:59:49.988+0000] {logging_mixin.py:188} INFO - [2024-08-22T23:59:49.987+0000] {dagbag.py:540} INFO - Filling up the DagBag from /opt/airflow/dags/airflow-dag-python.py
[2024-08-22T23:59:50.295+0000] {processor.py:840} INFO - DAG(s) 'clickhouse_data_loader' retrieved from /opt/airflow/dags/airflow-dag-python.py
[2024-08-22T23:59:50.305+0000] {logging_mixin.py:188} INFO - [2024-08-22T23:59:50.304+0000] {dag.py:3096} INFO - Sync 1 DAGs
[2024-08-22T23:59:50.317+0000] {logging_mixin.py:188} INFO - [2024-08-22T23:59:50.317+0000] {dag.py:3954} INFO - Setting next_dagrun for clickhouse_data_loader to 2024-08-21 00:00:00+00:00, run_after=2024-08-22 00:00:00+00:00
[2024-08-22T23:59:50.329+0000] {processor.py:183} INFO - Processing /opt/airflow/dags/airflow-dag-python.py took 0.345 seconds
