[2024-08-26T01:25:15.643+0000] {processor.py:161} INFO - Started process (PID=105) to work on /home/airflow/.local/lib/python3.12/site-packages/airflow/example_dags/example_sensors.py
[2024-08-26T01:25:15.644+0000] {processor.py:830} INFO - Processing file /home/airflow/.local/lib/python3.12/site-packages/airflow/example_dags/example_sensors.py for tasks to queue
[2024-08-26T01:25:15.645+0000] {logging_mixin.py:188} INFO - [2024-08-26T01:25:15.644+0000] {dagbag.py:540} INFO - Filling up the DagBag from /home/airflow/.local/lib/python3.12/site-packages/airflow/example_dags/example_sensors.py
[2024-08-26T01:25:15.649+0000] {processor.py:840} INFO - DAG(s) 'example_sensors' retrieved from /home/airflow/.local/lib/python3.12/site-packages/airflow/example_dags/example_sensors.py
[2024-08-26T01:25:15.664+0000] {logging_mixin.py:188} INFO - [2024-08-26T01:25:15.664+0000] {dag.py:3096} INFO - Sync 1 DAGs
[2024-08-26T01:25:15.671+0000] {logging_mixin.py:188} INFO - [2024-08-26T01:25:15.671+0000] {dag.py:3954} INFO - Setting next_dagrun for example_sensors to None, run_after=None
[2024-08-26T01:25:15.681+0000] {processor.py:183} INFO - Processing /home/airflow/.local/lib/python3.12/site-packages/airflow/example_dags/example_sensors.py took 0.041 seconds
[2024-08-26T01:25:46.624+0000] {processor.py:161} INFO - Started process (PID=165) to work on /home/airflow/.local/lib/python3.12/site-packages/airflow/example_dags/example_sensors.py
[2024-08-26T01:25:46.625+0000] {processor.py:830} INFO - Processing file /home/airflow/.local/lib/python3.12/site-packages/airflow/example_dags/example_sensors.py for tasks to queue
[2024-08-26T01:25:46.626+0000] {logging_mixin.py:188} INFO - [2024-08-26T01:25:46.626+0000] {dagbag.py:540} INFO - Filling up the DagBag from /home/airflow/.local/lib/python3.12/site-packages/airflow/example_dags/example_sensors.py
[2024-08-26T01:25:46.630+0000] {processor.py:840} INFO - DAG(s) 'example_sensors' retrieved from /home/airflow/.local/lib/python3.12/site-packages/airflow/example_dags/example_sensors.py
[2024-08-26T01:25:46.645+0000] {logging_mixin.py:188} INFO - [2024-08-26T01:25:46.645+0000] {dag.py:3096} INFO - Sync 1 DAGs
[2024-08-26T01:25:46.652+0000] {logging_mixin.py:188} INFO - [2024-08-26T01:25:46.652+0000] {dag.py:3954} INFO - Setting next_dagrun for example_sensors to None, run_after=None
[2024-08-26T01:25:46.662+0000] {processor.py:183} INFO - Processing /home/airflow/.local/lib/python3.12/site-packages/airflow/example_dags/example_sensors.py took 0.040 seconds
[2024-08-26T01:26:16.821+0000] {processor.py:161} INFO - Started process (PID=225) to work on /home/airflow/.local/lib/python3.12/site-packages/airflow/example_dags/example_sensors.py
[2024-08-26T01:26:16.822+0000] {processor.py:830} INFO - Processing file /home/airflow/.local/lib/python3.12/site-packages/airflow/example_dags/example_sensors.py for tasks to queue
[2024-08-26T01:26:16.823+0000] {logging_mixin.py:188} INFO - [2024-08-26T01:26:16.823+0000] {dagbag.py:540} INFO - Filling up the DagBag from /home/airflow/.local/lib/python3.12/site-packages/airflow/example_dags/example_sensors.py
[2024-08-26T01:26:16.828+0000] {processor.py:840} INFO - DAG(s) 'example_sensors' retrieved from /home/airflow/.local/lib/python3.12/site-packages/airflow/example_dags/example_sensors.py
[2024-08-26T01:26:16.844+0000] {logging_mixin.py:188} INFO - [2024-08-26T01:26:16.843+0000] {dag.py:3096} INFO - Sync 1 DAGs
[2024-08-26T01:26:16.852+0000] {logging_mixin.py:188} INFO - [2024-08-26T01:26:16.852+0000] {dag.py:3954} INFO - Setting next_dagrun for example_sensors to None, run_after=None
[2024-08-26T01:26:16.863+0000] {processor.py:183} INFO - Processing /home/airflow/.local/lib/python3.12/site-packages/airflow/example_dags/example_sensors.py took 0.045 seconds
[2024-08-26T01:26:47.033+0000] {processor.py:161} INFO - Started process (PID=286) to work on /home/airflow/.local/lib/python3.12/site-packages/airflow/example_dags/example_sensors.py
[2024-08-26T01:26:47.034+0000] {processor.py:830} INFO - Processing file /home/airflow/.local/lib/python3.12/site-packages/airflow/example_dags/example_sensors.py for tasks to queue
[2024-08-26T01:26:47.035+0000] {logging_mixin.py:188} INFO - [2024-08-26T01:26:47.035+0000] {dagbag.py:540} INFO - Filling up the DagBag from /home/airflow/.local/lib/python3.12/site-packages/airflow/example_dags/example_sensors.py
[2024-08-26T01:26:47.039+0000] {processor.py:840} INFO - DAG(s) 'example_sensors' retrieved from /home/airflow/.local/lib/python3.12/site-packages/airflow/example_dags/example_sensors.py
[2024-08-26T01:26:47.054+0000] {logging_mixin.py:188} INFO - [2024-08-26T01:26:47.054+0000] {dag.py:3096} INFO - Sync 1 DAGs
[2024-08-26T01:26:47.061+0000] {logging_mixin.py:188} INFO - [2024-08-26T01:26:47.061+0000] {dag.py:3954} INFO - Setting next_dagrun for example_sensors to None, run_after=None
[2024-08-26T01:26:47.071+0000] {processor.py:183} INFO - Processing /home/airflow/.local/lib/python3.12/site-packages/airflow/example_dags/example_sensors.py took 0.040 seconds
[2024-08-26T01:27:17.297+0000] {processor.py:161} INFO - Started process (PID=346) to work on /home/airflow/.local/lib/python3.12/site-packages/airflow/example_dags/example_sensors.py
[2024-08-26T01:27:17.298+0000] {processor.py:830} INFO - Processing file /home/airflow/.local/lib/python3.12/site-packages/airflow/example_dags/example_sensors.py for tasks to queue
[2024-08-26T01:27:17.299+0000] {logging_mixin.py:188} INFO - [2024-08-26T01:27:17.299+0000] {dagbag.py:540} INFO - Filling up the DagBag from /home/airflow/.local/lib/python3.12/site-packages/airflow/example_dags/example_sensors.py
[2024-08-26T01:27:17.303+0000] {processor.py:840} INFO - DAG(s) 'example_sensors' retrieved from /home/airflow/.local/lib/python3.12/site-packages/airflow/example_dags/example_sensors.py
[2024-08-26T01:27:17.319+0000] {logging_mixin.py:188} INFO - [2024-08-26T01:27:17.319+0000] {dag.py:3096} INFO - Sync 1 DAGs
[2024-08-26T01:27:17.326+0000] {logging_mixin.py:188} INFO - [2024-08-26T01:27:17.326+0000] {dag.py:3954} INFO - Setting next_dagrun for example_sensors to None, run_after=None
[2024-08-26T01:27:17.338+0000] {processor.py:183} INFO - Processing /home/airflow/.local/lib/python3.12/site-packages/airflow/example_dags/example_sensors.py took 0.044 seconds
[2024-08-26T01:27:47.733+0000] {processor.py:161} INFO - Started process (PID=406) to work on /home/airflow/.local/lib/python3.12/site-packages/airflow/example_dags/example_sensors.py
[2024-08-26T01:27:47.734+0000] {processor.py:830} INFO - Processing file /home/airflow/.local/lib/python3.12/site-packages/airflow/example_dags/example_sensors.py for tasks to queue
[2024-08-26T01:27:47.735+0000] {logging_mixin.py:188} INFO - [2024-08-26T01:27:47.735+0000] {dagbag.py:540} INFO - Filling up the DagBag from /home/airflow/.local/lib/python3.12/site-packages/airflow/example_dags/example_sensors.py
[2024-08-26T01:27:47.739+0000] {processor.py:840} INFO - DAG(s) 'example_sensors' retrieved from /home/airflow/.local/lib/python3.12/site-packages/airflow/example_dags/example_sensors.py
[2024-08-26T01:27:47.754+0000] {logging_mixin.py:188} INFO - [2024-08-26T01:27:47.754+0000] {dag.py:3096} INFO - Sync 1 DAGs
[2024-08-26T01:27:47.760+0000] {logging_mixin.py:188} INFO - [2024-08-26T01:27:47.760+0000] {dag.py:3954} INFO - Setting next_dagrun for example_sensors to None, run_after=None
[2024-08-26T01:27:47.770+0000] {processor.py:183} INFO - Processing /home/airflow/.local/lib/python3.12/site-packages/airflow/example_dags/example_sensors.py took 0.039 seconds
[2024-08-26T01:28:18.754+0000] {processor.py:161} INFO - Started process (PID=466) to work on /home/airflow/.local/lib/python3.12/site-packages/airflow/example_dags/example_sensors.py
[2024-08-26T01:28:18.755+0000] {processor.py:830} INFO - Processing file /home/airflow/.local/lib/python3.12/site-packages/airflow/example_dags/example_sensors.py for tasks to queue
[2024-08-26T01:28:18.756+0000] {logging_mixin.py:188} INFO - [2024-08-26T01:28:18.756+0000] {dagbag.py:540} INFO - Filling up the DagBag from /home/airflow/.local/lib/python3.12/site-packages/airflow/example_dags/example_sensors.py
[2024-08-26T01:28:18.760+0000] {processor.py:840} INFO - DAG(s) 'example_sensors' retrieved from /home/airflow/.local/lib/python3.12/site-packages/airflow/example_dags/example_sensors.py
[2024-08-26T01:28:18.776+0000] {logging_mixin.py:188} INFO - [2024-08-26T01:28:18.776+0000] {dag.py:3096} INFO - Sync 1 DAGs
[2024-08-26T01:28:18.784+0000] {logging_mixin.py:188} INFO - [2024-08-26T01:28:18.784+0000] {dag.py:3954} INFO - Setting next_dagrun for example_sensors to None, run_after=None
[2024-08-26T01:28:18.795+0000] {processor.py:183} INFO - Processing /home/airflow/.local/lib/python3.12/site-packages/airflow/example_dags/example_sensors.py took 0.044 seconds
[2024-08-26T01:28:48.978+0000] {processor.py:161} INFO - Started process (PID=526) to work on /home/airflow/.local/lib/python3.12/site-packages/airflow/example_dags/example_sensors.py
[2024-08-26T01:28:48.979+0000] {processor.py:830} INFO - Processing file /home/airflow/.local/lib/python3.12/site-packages/airflow/example_dags/example_sensors.py for tasks to queue
[2024-08-26T01:28:48.980+0000] {logging_mixin.py:188} INFO - [2024-08-26T01:28:48.980+0000] {dagbag.py:540} INFO - Filling up the DagBag from /home/airflow/.local/lib/python3.12/site-packages/airflow/example_dags/example_sensors.py
[2024-08-26T01:28:48.984+0000] {processor.py:840} INFO - DAG(s) 'example_sensors' retrieved from /home/airflow/.local/lib/python3.12/site-packages/airflow/example_dags/example_sensors.py
[2024-08-26T01:28:48.998+0000] {logging_mixin.py:188} INFO - [2024-08-26T01:28:48.998+0000] {dag.py:3096} INFO - Sync 1 DAGs
[2024-08-26T01:28:49.005+0000] {logging_mixin.py:188} INFO - [2024-08-26T01:28:49.005+0000] {dag.py:3954} INFO - Setting next_dagrun for example_sensors to None, run_after=None
[2024-08-26T01:28:49.015+0000] {processor.py:183} INFO - Processing /home/airflow/.local/lib/python3.12/site-packages/airflow/example_dags/example_sensors.py took 0.040 seconds
[2024-08-26T01:29:19.228+0000] {processor.py:161} INFO - Started process (PID=586) to work on /home/airflow/.local/lib/python3.12/site-packages/airflow/example_dags/example_sensors.py
[2024-08-26T01:29:19.229+0000] {processor.py:830} INFO - Processing file /home/airflow/.local/lib/python3.12/site-packages/airflow/example_dags/example_sensors.py for tasks to queue
[2024-08-26T01:29:19.230+0000] {logging_mixin.py:188} INFO - [2024-08-26T01:29:19.229+0000] {dagbag.py:540} INFO - Filling up the DagBag from /home/airflow/.local/lib/python3.12/site-packages/airflow/example_dags/example_sensors.py
[2024-08-26T01:29:19.234+0000] {processor.py:840} INFO - DAG(s) 'example_sensors' retrieved from /home/airflow/.local/lib/python3.12/site-packages/airflow/example_dags/example_sensors.py
[2024-08-26T01:29:19.248+0000] {logging_mixin.py:188} INFO - [2024-08-26T01:29:19.248+0000] {dag.py:3096} INFO - Sync 1 DAGs
[2024-08-26T01:29:19.255+0000] {logging_mixin.py:188} INFO - [2024-08-26T01:29:19.255+0000] {dag.py:3954} INFO - Setting next_dagrun for example_sensors to None, run_after=None
[2024-08-26T01:29:19.265+0000] {processor.py:183} INFO - Processing /home/airflow/.local/lib/python3.12/site-packages/airflow/example_dags/example_sensors.py took 0.040 seconds
[2024-08-26T01:29:49.493+0000] {processor.py:161} INFO - Started process (PID=646) to work on /home/airflow/.local/lib/python3.12/site-packages/airflow/example_dags/example_sensors.py
[2024-08-26T01:29:49.493+0000] {processor.py:830} INFO - Processing file /home/airflow/.local/lib/python3.12/site-packages/airflow/example_dags/example_sensors.py for tasks to queue
[2024-08-26T01:29:49.494+0000] {logging_mixin.py:188} INFO - [2024-08-26T01:29:49.494+0000] {dagbag.py:540} INFO - Filling up the DagBag from /home/airflow/.local/lib/python3.12/site-packages/airflow/example_dags/example_sensors.py
[2024-08-26T01:29:49.499+0000] {processor.py:840} INFO - DAG(s) 'example_sensors' retrieved from /home/airflow/.local/lib/python3.12/site-packages/airflow/example_dags/example_sensors.py
[2024-08-26T01:29:49.513+0000] {logging_mixin.py:188} INFO - [2024-08-26T01:29:49.512+0000] {dag.py:3096} INFO - Sync 1 DAGs
[2024-08-26T01:29:49.519+0000] {logging_mixin.py:188} INFO - [2024-08-26T01:29:49.519+0000] {dag.py:3954} INFO - Setting next_dagrun for example_sensors to None, run_after=None
[2024-08-26T01:29:49.528+0000] {processor.py:183} INFO - Processing /home/airflow/.local/lib/python3.12/site-packages/airflow/example_dags/example_sensors.py took 0.039 seconds
[2024-08-26T01:30:19.914+0000] {processor.py:161} INFO - Started process (PID=706) to work on /home/airflow/.local/lib/python3.12/site-packages/airflow/example_dags/example_sensors.py
[2024-08-26T01:30:19.915+0000] {processor.py:830} INFO - Processing file /home/airflow/.local/lib/python3.12/site-packages/airflow/example_dags/example_sensors.py for tasks to queue
[2024-08-26T01:30:19.916+0000] {logging_mixin.py:188} INFO - [2024-08-26T01:30:19.915+0000] {dagbag.py:540} INFO - Filling up the DagBag from /home/airflow/.local/lib/python3.12/site-packages/airflow/example_dags/example_sensors.py
[2024-08-26T01:30:19.920+0000] {processor.py:840} INFO - DAG(s) 'example_sensors' retrieved from /home/airflow/.local/lib/python3.12/site-packages/airflow/example_dags/example_sensors.py
[2024-08-26T01:30:19.935+0000] {logging_mixin.py:188} INFO - [2024-08-26T01:30:19.935+0000] {dag.py:3096} INFO - Sync 1 DAGs
[2024-08-26T01:30:19.943+0000] {logging_mixin.py:188} INFO - [2024-08-26T01:30:19.942+0000] {dag.py:3954} INFO - Setting next_dagrun for example_sensors to None, run_after=None
[2024-08-26T01:30:19.952+0000] {processor.py:183} INFO - Processing /home/airflow/.local/lib/python3.12/site-packages/airflow/example_dags/example_sensors.py took 0.041 seconds
[2024-08-26T01:30:50.910+0000] {processor.py:161} INFO - Started process (PID=767) to work on /home/airflow/.local/lib/python3.12/site-packages/airflow/example_dags/example_sensors.py
[2024-08-26T01:30:50.910+0000] {processor.py:830} INFO - Processing file /home/airflow/.local/lib/python3.12/site-packages/airflow/example_dags/example_sensors.py for tasks to queue
[2024-08-26T01:30:50.911+0000] {logging_mixin.py:188} INFO - [2024-08-26T01:30:50.911+0000] {dagbag.py:540} INFO - Filling up the DagBag from /home/airflow/.local/lib/python3.12/site-packages/airflow/example_dags/example_sensors.py
[2024-08-26T01:30:50.916+0000] {processor.py:840} INFO - DAG(s) 'example_sensors' retrieved from /home/airflow/.local/lib/python3.12/site-packages/airflow/example_dags/example_sensors.py
[2024-08-26T01:30:50.932+0000] {logging_mixin.py:188} INFO - [2024-08-26T01:30:50.931+0000] {dag.py:3096} INFO - Sync 1 DAGs
[2024-08-26T01:30:50.939+0000] {logging_mixin.py:188} INFO - [2024-08-26T01:30:50.939+0000] {dag.py:3954} INFO - Setting next_dagrun for example_sensors to None, run_after=None
[2024-08-26T01:30:50.949+0000] {processor.py:183} INFO - Processing /home/airflow/.local/lib/python3.12/site-packages/airflow/example_dags/example_sensors.py took 0.042 seconds
[2024-08-26T01:31:21.224+0000] {processor.py:161} INFO - Started process (PID=826) to work on /home/airflow/.local/lib/python3.12/site-packages/airflow/example_dags/example_sensors.py
[2024-08-26T01:31:21.225+0000] {processor.py:830} INFO - Processing file /home/airflow/.local/lib/python3.12/site-packages/airflow/example_dags/example_sensors.py for tasks to queue
[2024-08-26T01:31:21.226+0000] {logging_mixin.py:188} INFO - [2024-08-26T01:31:21.225+0000] {dagbag.py:540} INFO - Filling up the DagBag from /home/airflow/.local/lib/python3.12/site-packages/airflow/example_dags/example_sensors.py
[2024-08-26T01:31:21.230+0000] {processor.py:840} INFO - DAG(s) 'example_sensors' retrieved from /home/airflow/.local/lib/python3.12/site-packages/airflow/example_dags/example_sensors.py
[2024-08-26T01:31:21.246+0000] {logging_mixin.py:188} INFO - [2024-08-26T01:31:21.245+0000] {dag.py:3096} INFO - Sync 1 DAGs
[2024-08-26T01:31:21.253+0000] {logging_mixin.py:188} INFO - [2024-08-26T01:31:21.252+0000] {dag.py:3954} INFO - Setting next_dagrun for example_sensors to None, run_after=None
[2024-08-26T01:31:21.263+0000] {processor.py:183} INFO - Processing /home/airflow/.local/lib/python3.12/site-packages/airflow/example_dags/example_sensors.py took 0.042 seconds
[2024-08-26T01:31:51.715+0000] {processor.py:161} INFO - Started process (PID=886) to work on /home/airflow/.local/lib/python3.12/site-packages/airflow/example_dags/example_sensors.py
[2024-08-26T01:31:51.716+0000] {processor.py:830} INFO - Processing file /home/airflow/.local/lib/python3.12/site-packages/airflow/example_dags/example_sensors.py for tasks to queue
[2024-08-26T01:31:51.717+0000] {logging_mixin.py:188} INFO - [2024-08-26T01:31:51.717+0000] {dagbag.py:540} INFO - Filling up the DagBag from /home/airflow/.local/lib/python3.12/site-packages/airflow/example_dags/example_sensors.py
[2024-08-26T01:31:51.722+0000] {processor.py:840} INFO - DAG(s) 'example_sensors' retrieved from /home/airflow/.local/lib/python3.12/site-packages/airflow/example_dags/example_sensors.py
[2024-08-26T01:31:51.738+0000] {logging_mixin.py:188} INFO - [2024-08-26T01:31:51.738+0000] {dag.py:3096} INFO - Sync 1 DAGs
[2024-08-26T01:31:51.745+0000] {logging_mixin.py:188} INFO - [2024-08-26T01:31:51.745+0000] {dag.py:3954} INFO - Setting next_dagrun for example_sensors to None, run_after=None
[2024-08-26T01:31:51.757+0000] {processor.py:183} INFO - Processing /home/airflow/.local/lib/python3.12/site-packages/airflow/example_dags/example_sensors.py took 0.047 seconds
[2024-08-26T01:32:22.130+0000] {processor.py:161} INFO - Started process (PID=947) to work on /home/airflow/.local/lib/python3.12/site-packages/airflow/example_dags/example_sensors.py
[2024-08-26T01:32:22.130+0000] {processor.py:830} INFO - Processing file /home/airflow/.local/lib/python3.12/site-packages/airflow/example_dags/example_sensors.py for tasks to queue
[2024-08-26T01:32:22.131+0000] {logging_mixin.py:188} INFO - [2024-08-26T01:32:22.131+0000] {dagbag.py:540} INFO - Filling up the DagBag from /home/airflow/.local/lib/python3.12/site-packages/airflow/example_dags/example_sensors.py
[2024-08-26T01:32:22.136+0000] {processor.py:840} INFO - DAG(s) 'example_sensors' retrieved from /home/airflow/.local/lib/python3.12/site-packages/airflow/example_dags/example_sensors.py
[2024-08-26T01:32:22.150+0000] {logging_mixin.py:188} INFO - [2024-08-26T01:32:22.150+0000] {dag.py:3096} INFO - Sync 1 DAGs
[2024-08-26T01:32:22.157+0000] {logging_mixin.py:188} INFO - [2024-08-26T01:32:22.157+0000] {dag.py:3954} INFO - Setting next_dagrun for example_sensors to None, run_after=None
[2024-08-26T01:32:22.167+0000] {processor.py:183} INFO - Processing /home/airflow/.local/lib/python3.12/site-packages/airflow/example_dags/example_sensors.py took 0.040 seconds
[2024-08-26T01:32:52.758+0000] {processor.py:161} INFO - Started process (PID=1007) to work on /home/airflow/.local/lib/python3.12/site-packages/airflow/example_dags/example_sensors.py
[2024-08-26T01:32:52.759+0000] {processor.py:830} INFO - Processing file /home/airflow/.local/lib/python3.12/site-packages/airflow/example_dags/example_sensors.py for tasks to queue
[2024-08-26T01:32:52.760+0000] {logging_mixin.py:188} INFO - [2024-08-26T01:32:52.760+0000] {dagbag.py:540} INFO - Filling up the DagBag from /home/airflow/.local/lib/python3.12/site-packages/airflow/example_dags/example_sensors.py
[2024-08-26T01:32:52.765+0000] {processor.py:840} INFO - DAG(s) 'example_sensors' retrieved from /home/airflow/.local/lib/python3.12/site-packages/airflow/example_dags/example_sensors.py
[2024-08-26T01:32:52.780+0000] {logging_mixin.py:188} INFO - [2024-08-26T01:32:52.780+0000] {dag.py:3096} INFO - Sync 1 DAGs
[2024-08-26T01:32:52.787+0000] {logging_mixin.py:188} INFO - [2024-08-26T01:32:52.787+0000] {dag.py:3954} INFO - Setting next_dagrun for example_sensors to None, run_after=None
[2024-08-26T01:32:52.798+0000] {processor.py:183} INFO - Processing /home/airflow/.local/lib/python3.12/site-packages/airflow/example_dags/example_sensors.py took 0.044 seconds
[2024-08-26T01:33:23.248+0000] {processor.py:161} INFO - Started process (PID=1067) to work on /home/airflow/.local/lib/python3.12/site-packages/airflow/example_dags/example_sensors.py
[2024-08-26T01:33:23.248+0000] {processor.py:830} INFO - Processing file /home/airflow/.local/lib/python3.12/site-packages/airflow/example_dags/example_sensors.py for tasks to queue
[2024-08-26T01:33:23.249+0000] {logging_mixin.py:188} INFO - [2024-08-26T01:33:23.249+0000] {dagbag.py:540} INFO - Filling up the DagBag from /home/airflow/.local/lib/python3.12/site-packages/airflow/example_dags/example_sensors.py
[2024-08-26T01:33:23.254+0000] {processor.py:840} INFO - DAG(s) 'example_sensors' retrieved from /home/airflow/.local/lib/python3.12/site-packages/airflow/example_dags/example_sensors.py
[2024-08-26T01:33:23.367+0000] {logging_mixin.py:188} INFO - [2024-08-26T01:33:23.366+0000] {dag.py:3096} INFO - Sync 1 DAGs
[2024-08-26T01:33:23.373+0000] {logging_mixin.py:188} INFO - [2024-08-26T01:33:23.373+0000] {dag.py:3954} INFO - Setting next_dagrun for example_sensors to None, run_after=None
[2024-08-26T01:33:23.382+0000] {processor.py:183} INFO - Processing /home/airflow/.local/lib/python3.12/site-packages/airflow/example_dags/example_sensors.py took 0.138 seconds
[2024-08-26T01:33:53.512+0000] {processor.py:161} INFO - Started process (PID=1127) to work on /home/airflow/.local/lib/python3.12/site-packages/airflow/example_dags/example_sensors.py
[2024-08-26T01:33:53.512+0000] {processor.py:830} INFO - Processing file /home/airflow/.local/lib/python3.12/site-packages/airflow/example_dags/example_sensors.py for tasks to queue
[2024-08-26T01:33:53.513+0000] {logging_mixin.py:188} INFO - [2024-08-26T01:33:53.513+0000] {dagbag.py:540} INFO - Filling up the DagBag from /home/airflow/.local/lib/python3.12/site-packages/airflow/example_dags/example_sensors.py
[2024-08-26T01:33:53.518+0000] {processor.py:840} INFO - DAG(s) 'example_sensors' retrieved from /home/airflow/.local/lib/python3.12/site-packages/airflow/example_dags/example_sensors.py
[2024-08-26T01:33:53.532+0000] {logging_mixin.py:188} INFO - [2024-08-26T01:33:53.532+0000] {dag.py:3096} INFO - Sync 1 DAGs
[2024-08-26T01:33:53.539+0000] {logging_mixin.py:188} INFO - [2024-08-26T01:33:53.539+0000] {dag.py:3954} INFO - Setting next_dagrun for example_sensors to None, run_after=None
[2024-08-26T01:33:53.548+0000] {processor.py:183} INFO - Processing /home/airflow/.local/lib/python3.12/site-packages/airflow/example_dags/example_sensors.py took 0.040 seconds
[2024-08-26T01:34:24.388+0000] {processor.py:161} INFO - Started process (PID=1187) to work on /home/airflow/.local/lib/python3.12/site-packages/airflow/example_dags/example_sensors.py
[2024-08-26T01:34:24.389+0000] {processor.py:830} INFO - Processing file /home/airflow/.local/lib/python3.12/site-packages/airflow/example_dags/example_sensors.py for tasks to queue
[2024-08-26T01:34:24.390+0000] {logging_mixin.py:188} INFO - [2024-08-26T01:34:24.390+0000] {dagbag.py:540} INFO - Filling up the DagBag from /home/airflow/.local/lib/python3.12/site-packages/airflow/example_dags/example_sensors.py
[2024-08-26T01:34:24.395+0000] {processor.py:840} INFO - DAG(s) 'example_sensors' retrieved from /home/airflow/.local/lib/python3.12/site-packages/airflow/example_dags/example_sensors.py
[2024-08-26T01:34:24.409+0000] {logging_mixin.py:188} INFO - [2024-08-26T01:34:24.409+0000] {dag.py:3096} INFO - Sync 1 DAGs
[2024-08-26T01:34:24.416+0000] {logging_mixin.py:188} INFO - [2024-08-26T01:34:24.416+0000] {dag.py:3954} INFO - Setting next_dagrun for example_sensors to None, run_after=None
[2024-08-26T01:34:24.425+0000] {processor.py:183} INFO - Processing /home/airflow/.local/lib/python3.12/site-packages/airflow/example_dags/example_sensors.py took 0.040 seconds
[2024-08-26T01:34:55.223+0000] {processor.py:161} INFO - Started process (PID=1247) to work on /home/airflow/.local/lib/python3.12/site-packages/airflow/example_dags/example_sensors.py
[2024-08-26T01:34:55.223+0000] {processor.py:830} INFO - Processing file /home/airflow/.local/lib/python3.12/site-packages/airflow/example_dags/example_sensors.py for tasks to queue
[2024-08-26T01:34:55.224+0000] {logging_mixin.py:188} INFO - [2024-08-26T01:34:55.224+0000] {dagbag.py:540} INFO - Filling up the DagBag from /home/airflow/.local/lib/python3.12/site-packages/airflow/example_dags/example_sensors.py
[2024-08-26T01:34:55.229+0000] {processor.py:840} INFO - DAG(s) 'example_sensors' retrieved from /home/airflow/.local/lib/python3.12/site-packages/airflow/example_dags/example_sensors.py
[2024-08-26T01:34:55.243+0000] {logging_mixin.py:188} INFO - [2024-08-26T01:34:55.243+0000] {dag.py:3096} INFO - Sync 1 DAGs
[2024-08-26T01:34:55.250+0000] {logging_mixin.py:188} INFO - [2024-08-26T01:34:55.250+0000] {dag.py:3954} INFO - Setting next_dagrun for example_sensors to None, run_after=None
[2024-08-26T01:34:55.259+0000] {processor.py:183} INFO - Processing /home/airflow/.local/lib/python3.12/site-packages/airflow/example_dags/example_sensors.py took 0.039 seconds
[2024-08-26T01:35:26.124+0000] {processor.py:161} INFO - Started process (PID=1307) to work on /home/airflow/.local/lib/python3.12/site-packages/airflow/example_dags/example_sensors.py
[2024-08-26T01:35:26.124+0000] {processor.py:830} INFO - Processing file /home/airflow/.local/lib/python3.12/site-packages/airflow/example_dags/example_sensors.py for tasks to queue
[2024-08-26T01:35:26.125+0000] {logging_mixin.py:188} INFO - [2024-08-26T01:35:26.125+0000] {dagbag.py:540} INFO - Filling up the DagBag from /home/airflow/.local/lib/python3.12/site-packages/airflow/example_dags/example_sensors.py
[2024-08-26T01:35:26.130+0000] {processor.py:840} INFO - DAG(s) 'example_sensors' retrieved from /home/airflow/.local/lib/python3.12/site-packages/airflow/example_dags/example_sensors.py
[2024-08-26T01:35:26.145+0000] {logging_mixin.py:188} INFO - [2024-08-26T01:35:26.145+0000] {dag.py:3096} INFO - Sync 1 DAGs
[2024-08-26T01:35:26.152+0000] {logging_mixin.py:188} INFO - [2024-08-26T01:35:26.152+0000] {dag.py:3954} INFO - Setting next_dagrun for example_sensors to None, run_after=None
[2024-08-26T01:35:26.162+0000] {processor.py:183} INFO - Processing /home/airflow/.local/lib/python3.12/site-packages/airflow/example_dags/example_sensors.py took 0.041 seconds
[2024-08-26T01:35:57.004+0000] {processor.py:161} INFO - Started process (PID=1367) to work on /home/airflow/.local/lib/python3.12/site-packages/airflow/example_dags/example_sensors.py
[2024-08-26T01:35:57.005+0000] {processor.py:830} INFO - Processing file /home/airflow/.local/lib/python3.12/site-packages/airflow/example_dags/example_sensors.py for tasks to queue
[2024-08-26T01:35:57.006+0000] {logging_mixin.py:188} INFO - [2024-08-26T01:35:57.006+0000] {dagbag.py:540} INFO - Filling up the DagBag from /home/airflow/.local/lib/python3.12/site-packages/airflow/example_dags/example_sensors.py
[2024-08-26T01:35:57.011+0000] {processor.py:840} INFO - DAG(s) 'example_sensors' retrieved from /home/airflow/.local/lib/python3.12/site-packages/airflow/example_dags/example_sensors.py
[2024-08-26T01:35:57.025+0000] {logging_mixin.py:188} INFO - [2024-08-26T01:35:57.025+0000] {dag.py:3096} INFO - Sync 1 DAGs
[2024-08-26T01:35:57.031+0000] {logging_mixin.py:188} INFO - [2024-08-26T01:35:57.031+0000] {dag.py:3954} INFO - Setting next_dagrun for example_sensors to None, run_after=None
[2024-08-26T01:35:57.041+0000] {processor.py:183} INFO - Processing /home/airflow/.local/lib/python3.12/site-packages/airflow/example_dags/example_sensors.py took 0.039 seconds
[2024-08-26T01:36:27.224+0000] {processor.py:161} INFO - Started process (PID=1427) to work on /home/airflow/.local/lib/python3.12/site-packages/airflow/example_dags/example_sensors.py
[2024-08-26T01:36:27.225+0000] {processor.py:830} INFO - Processing file /home/airflow/.local/lib/python3.12/site-packages/airflow/example_dags/example_sensors.py for tasks to queue
[2024-08-26T01:36:27.226+0000] {logging_mixin.py:188} INFO - [2024-08-26T01:36:27.226+0000] {dagbag.py:540} INFO - Filling up the DagBag from /home/airflow/.local/lib/python3.12/site-packages/airflow/example_dags/example_sensors.py
[2024-08-26T01:36:27.230+0000] {processor.py:840} INFO - DAG(s) 'example_sensors' retrieved from /home/airflow/.local/lib/python3.12/site-packages/airflow/example_dags/example_sensors.py
[2024-08-26T01:36:27.244+0000] {logging_mixin.py:188} INFO - [2024-08-26T01:36:27.244+0000] {dag.py:3096} INFO - Sync 1 DAGs
[2024-08-26T01:36:27.251+0000] {logging_mixin.py:188} INFO - [2024-08-26T01:36:27.250+0000] {dag.py:3954} INFO - Setting next_dagrun for example_sensors to None, run_after=None
[2024-08-26T01:36:27.260+0000] {processor.py:183} INFO - Processing /home/airflow/.local/lib/python3.12/site-packages/airflow/example_dags/example_sensors.py took 0.039 seconds
[2024-08-26T01:36:57.446+0000] {processor.py:161} INFO - Started process (PID=1487) to work on /home/airflow/.local/lib/python3.12/site-packages/airflow/example_dags/example_sensors.py
[2024-08-26T01:36:57.446+0000] {processor.py:830} INFO - Processing file /home/airflow/.local/lib/python3.12/site-packages/airflow/example_dags/example_sensors.py for tasks to queue
[2024-08-26T01:36:57.447+0000] {logging_mixin.py:188} INFO - [2024-08-26T01:36:57.447+0000] {dagbag.py:540} INFO - Filling up the DagBag from /home/airflow/.local/lib/python3.12/site-packages/airflow/example_dags/example_sensors.py
[2024-08-26T01:36:57.452+0000] {processor.py:840} INFO - DAG(s) 'example_sensors' retrieved from /home/airflow/.local/lib/python3.12/site-packages/airflow/example_dags/example_sensors.py
[2024-08-26T01:36:57.465+0000] {logging_mixin.py:188} INFO - [2024-08-26T01:36:57.465+0000] {dag.py:3096} INFO - Sync 1 DAGs
[2024-08-26T01:36:57.472+0000] {logging_mixin.py:188} INFO - [2024-08-26T01:36:57.472+0000] {dag.py:3954} INFO - Setting next_dagrun for example_sensors to None, run_after=None
[2024-08-26T01:36:57.481+0000] {processor.py:183} INFO - Processing /home/airflow/.local/lib/python3.12/site-packages/airflow/example_dags/example_sensors.py took 0.039 seconds
[2024-08-26T01:37:27.817+0000] {processor.py:161} INFO - Started process (PID=1547) to work on /home/airflow/.local/lib/python3.12/site-packages/airflow/example_dags/example_sensors.py
[2024-08-26T01:37:27.818+0000] {processor.py:830} INFO - Processing file /home/airflow/.local/lib/python3.12/site-packages/airflow/example_dags/example_sensors.py for tasks to queue
[2024-08-26T01:37:27.819+0000] {logging_mixin.py:188} INFO - [2024-08-26T01:37:27.819+0000] {dagbag.py:540} INFO - Filling up the DagBag from /home/airflow/.local/lib/python3.12/site-packages/airflow/example_dags/example_sensors.py
[2024-08-26T01:37:27.824+0000] {processor.py:840} INFO - DAG(s) 'example_sensors' retrieved from /home/airflow/.local/lib/python3.12/site-packages/airflow/example_dags/example_sensors.py
[2024-08-26T01:37:27.840+0000] {logging_mixin.py:188} INFO - [2024-08-26T01:37:27.840+0000] {dag.py:3096} INFO - Sync 1 DAGs
[2024-08-26T01:37:27.847+0000] {logging_mixin.py:188} INFO - [2024-08-26T01:37:27.847+0000] {dag.py:3954} INFO - Setting next_dagrun for example_sensors to None, run_after=None
[2024-08-26T01:37:27.857+0000] {processor.py:183} INFO - Processing /home/airflow/.local/lib/python3.12/site-packages/airflow/example_dags/example_sensors.py took 0.043 seconds
[2024-08-26T01:37:58.665+0000] {processor.py:161} INFO - Started process (PID=1607) to work on /home/airflow/.local/lib/python3.12/site-packages/airflow/example_dags/example_sensors.py
[2024-08-26T01:37:58.665+0000] {processor.py:830} INFO - Processing file /home/airflow/.local/lib/python3.12/site-packages/airflow/example_dags/example_sensors.py for tasks to queue
[2024-08-26T01:37:58.666+0000] {logging_mixin.py:188} INFO - [2024-08-26T01:37:58.666+0000] {dagbag.py:540} INFO - Filling up the DagBag from /home/airflow/.local/lib/python3.12/site-packages/airflow/example_dags/example_sensors.py
[2024-08-26T01:37:58.671+0000] {processor.py:840} INFO - DAG(s) 'example_sensors' retrieved from /home/airflow/.local/lib/python3.12/site-packages/airflow/example_dags/example_sensors.py
[2024-08-26T01:37:58.685+0000] {logging_mixin.py:188} INFO - [2024-08-26T01:37:58.685+0000] {dag.py:3096} INFO - Sync 1 DAGs
[2024-08-26T01:37:58.692+0000] {logging_mixin.py:188} INFO - [2024-08-26T01:37:58.692+0000] {dag.py:3954} INFO - Setting next_dagrun for example_sensors to None, run_after=None
[2024-08-26T01:37:58.701+0000] {processor.py:183} INFO - Processing /home/airflow/.local/lib/python3.12/site-packages/airflow/example_dags/example_sensors.py took 0.040 seconds
[2024-08-26T01:38:28.737+0000] {processor.py:161} INFO - Started process (PID=1665) to work on /home/airflow/.local/lib/python3.12/site-packages/airflow/example_dags/example_sensors.py
[2024-08-26T01:38:28.737+0000] {processor.py:830} INFO - Processing file /home/airflow/.local/lib/python3.12/site-packages/airflow/example_dags/example_sensors.py for tasks to queue
[2024-08-26T01:38:28.738+0000] {logging_mixin.py:188} INFO - [2024-08-26T01:38:28.738+0000] {dagbag.py:540} INFO - Filling up the DagBag from /home/airflow/.local/lib/python3.12/site-packages/airflow/example_dags/example_sensors.py
[2024-08-26T01:38:28.743+0000] {processor.py:840} INFO - DAG(s) 'example_sensors' retrieved from /home/airflow/.local/lib/python3.12/site-packages/airflow/example_dags/example_sensors.py
[2024-08-26T01:38:28.758+0000] {logging_mixin.py:188} INFO - [2024-08-26T01:38:28.758+0000] {dag.py:3096} INFO - Sync 1 DAGs
[2024-08-26T01:38:28.765+0000] {logging_mixin.py:188} INFO - [2024-08-26T01:38:28.765+0000] {dag.py:3954} INFO - Setting next_dagrun for example_sensors to None, run_after=None
[2024-08-26T01:38:28.775+0000] {processor.py:183} INFO - Processing /home/airflow/.local/lib/python3.12/site-packages/airflow/example_dags/example_sensors.py took 0.042 seconds
[2024-08-26T01:38:58.972+0000] {processor.py:161} INFO - Started process (PID=1725) to work on /home/airflow/.local/lib/python3.12/site-packages/airflow/example_dags/example_sensors.py
[2024-08-26T01:38:58.972+0000] {processor.py:830} INFO - Processing file /home/airflow/.local/lib/python3.12/site-packages/airflow/example_dags/example_sensors.py for tasks to queue
[2024-08-26T01:38:58.973+0000] {logging_mixin.py:188} INFO - [2024-08-26T01:38:58.973+0000] {dagbag.py:540} INFO - Filling up the DagBag from /home/airflow/.local/lib/python3.12/site-packages/airflow/example_dags/example_sensors.py
[2024-08-26T01:38:58.978+0000] {processor.py:840} INFO - DAG(s) 'example_sensors' retrieved from /home/airflow/.local/lib/python3.12/site-packages/airflow/example_dags/example_sensors.py
[2024-08-26T01:38:58.993+0000] {logging_mixin.py:188} INFO - [2024-08-26T01:38:58.993+0000] {dag.py:3096} INFO - Sync 1 DAGs
[2024-08-26T01:38:58.999+0000] {logging_mixin.py:188} INFO - [2024-08-26T01:38:58.999+0000] {dag.py:3954} INFO - Setting next_dagrun for example_sensors to None, run_after=None
[2024-08-26T01:38:59.009+0000] {processor.py:183} INFO - Processing /home/airflow/.local/lib/python3.12/site-packages/airflow/example_dags/example_sensors.py took 0.041 seconds
[2024-08-26T01:39:29.916+0000] {processor.py:161} INFO - Started process (PID=1785) to work on /home/airflow/.local/lib/python3.12/site-packages/airflow/example_dags/example_sensors.py
[2024-08-26T01:39:29.917+0000] {processor.py:830} INFO - Processing file /home/airflow/.local/lib/python3.12/site-packages/airflow/example_dags/example_sensors.py for tasks to queue
[2024-08-26T01:39:29.917+0000] {logging_mixin.py:188} INFO - [2024-08-26T01:39:29.917+0000] {dagbag.py:540} INFO - Filling up the DagBag from /home/airflow/.local/lib/python3.12/site-packages/airflow/example_dags/example_sensors.py
[2024-08-26T01:39:29.922+0000] {processor.py:840} INFO - DAG(s) 'example_sensors' retrieved from /home/airflow/.local/lib/python3.12/site-packages/airflow/example_dags/example_sensors.py
[2024-08-26T01:39:29.937+0000] {logging_mixin.py:188} INFO - [2024-08-26T01:39:29.937+0000] {dag.py:3096} INFO - Sync 1 DAGs
[2024-08-26T01:39:29.944+0000] {logging_mixin.py:188} INFO - [2024-08-26T01:39:29.944+0000] {dag.py:3954} INFO - Setting next_dagrun for example_sensors to None, run_after=None
[2024-08-26T01:39:29.954+0000] {processor.py:183} INFO - Processing /home/airflow/.local/lib/python3.12/site-packages/airflow/example_dags/example_sensors.py took 0.041 seconds
[2024-08-26T01:40:00.692+0000] {processor.py:161} INFO - Started process (PID=1845) to work on /home/airflow/.local/lib/python3.12/site-packages/airflow/example_dags/example_sensors.py
[2024-08-26T01:40:00.693+0000] {processor.py:830} INFO - Processing file /home/airflow/.local/lib/python3.12/site-packages/airflow/example_dags/example_sensors.py for tasks to queue
[2024-08-26T01:40:00.694+0000] {logging_mixin.py:188} INFO - [2024-08-26T01:40:00.693+0000] {dagbag.py:540} INFO - Filling up the DagBag from /home/airflow/.local/lib/python3.12/site-packages/airflow/example_dags/example_sensors.py
[2024-08-26T01:40:00.698+0000] {processor.py:840} INFO - DAG(s) 'example_sensors' retrieved from /home/airflow/.local/lib/python3.12/site-packages/airflow/example_dags/example_sensors.py
[2024-08-26T01:40:00.713+0000] {logging_mixin.py:188} INFO - [2024-08-26T01:40:00.713+0000] {dag.py:3096} INFO - Sync 1 DAGs
[2024-08-26T01:40:00.720+0000] {logging_mixin.py:188} INFO - [2024-08-26T01:40:00.720+0000] {dag.py:3954} INFO - Setting next_dagrun for example_sensors to None, run_after=None
[2024-08-26T01:40:00.730+0000] {processor.py:183} INFO - Processing /home/airflow/.local/lib/python3.12/site-packages/airflow/example_dags/example_sensors.py took 0.041 seconds
[2024-08-26T01:40:31.451+0000] {processor.py:161} INFO - Started process (PID=1905) to work on /home/airflow/.local/lib/python3.12/site-packages/airflow/example_dags/example_sensors.py
[2024-08-26T01:40:31.451+0000] {processor.py:830} INFO - Processing file /home/airflow/.local/lib/python3.12/site-packages/airflow/example_dags/example_sensors.py for tasks to queue
[2024-08-26T01:40:31.452+0000] {logging_mixin.py:188} INFO - [2024-08-26T01:40:31.452+0000] {dagbag.py:540} INFO - Filling up the DagBag from /home/airflow/.local/lib/python3.12/site-packages/airflow/example_dags/example_sensors.py
[2024-08-26T01:40:31.457+0000] {processor.py:840} INFO - DAG(s) 'example_sensors' retrieved from /home/airflow/.local/lib/python3.12/site-packages/airflow/example_dags/example_sensors.py
[2024-08-26T01:40:31.472+0000] {logging_mixin.py:188} INFO - [2024-08-26T01:40:31.472+0000] {dag.py:3096} INFO - Sync 1 DAGs
[2024-08-26T01:40:31.479+0000] {logging_mixin.py:188} INFO - [2024-08-26T01:40:31.478+0000] {dag.py:3954} INFO - Setting next_dagrun for example_sensors to None, run_after=None
[2024-08-26T01:40:31.488+0000] {processor.py:183} INFO - Processing /home/airflow/.local/lib/python3.12/site-packages/airflow/example_dags/example_sensors.py took 0.041 seconds
[2024-08-26T01:41:02.224+0000] {processor.py:161} INFO - Started process (PID=1965) to work on /home/airflow/.local/lib/python3.12/site-packages/airflow/example_dags/example_sensors.py
[2024-08-26T01:41:02.225+0000] {processor.py:830} INFO - Processing file /home/airflow/.local/lib/python3.12/site-packages/airflow/example_dags/example_sensors.py for tasks to queue
[2024-08-26T01:41:02.225+0000] {logging_mixin.py:188} INFO - [2024-08-26T01:41:02.225+0000] {dagbag.py:540} INFO - Filling up the DagBag from /home/airflow/.local/lib/python3.12/site-packages/airflow/example_dags/example_sensors.py
[2024-08-26T01:41:02.230+0000] {processor.py:840} INFO - DAG(s) 'example_sensors' retrieved from /home/airflow/.local/lib/python3.12/site-packages/airflow/example_dags/example_sensors.py
[2024-08-26T01:41:02.245+0000] {logging_mixin.py:188} INFO - [2024-08-26T01:41:02.245+0000] {dag.py:3096} INFO - Sync 1 DAGs
[2024-08-26T01:41:02.252+0000] {logging_mixin.py:188} INFO - [2024-08-26T01:41:02.251+0000] {dag.py:3954} INFO - Setting next_dagrun for example_sensors to None, run_after=None
[2024-08-26T01:41:02.262+0000] {processor.py:183} INFO - Processing /home/airflow/.local/lib/python3.12/site-packages/airflow/example_dags/example_sensors.py took 0.041 seconds
[2024-08-26T01:41:32.885+0000] {processor.py:161} INFO - Started process (PID=2025) to work on /home/airflow/.local/lib/python3.12/site-packages/airflow/example_dags/example_sensors.py
[2024-08-26T01:41:32.886+0000] {processor.py:830} INFO - Processing file /home/airflow/.local/lib/python3.12/site-packages/airflow/example_dags/example_sensors.py for tasks to queue
[2024-08-26T01:41:32.887+0000] {logging_mixin.py:188} INFO - [2024-08-26T01:41:32.887+0000] {dagbag.py:540} INFO - Filling up the DagBag from /home/airflow/.local/lib/python3.12/site-packages/airflow/example_dags/example_sensors.py
[2024-08-26T01:41:32.891+0000] {processor.py:840} INFO - DAG(s) 'example_sensors' retrieved from /home/airflow/.local/lib/python3.12/site-packages/airflow/example_dags/example_sensors.py
[2024-08-26T01:41:32.906+0000] {logging_mixin.py:188} INFO - [2024-08-26T01:41:32.906+0000] {dag.py:3096} INFO - Sync 1 DAGs
[2024-08-26T01:41:32.912+0000] {logging_mixin.py:188} INFO - [2024-08-26T01:41:32.912+0000] {dag.py:3954} INFO - Setting next_dagrun for example_sensors to None, run_after=None
[2024-08-26T01:41:32.922+0000] {processor.py:183} INFO - Processing /home/airflow/.local/lib/python3.12/site-packages/airflow/example_dags/example_sensors.py took 0.039 seconds
[2024-08-26T01:42:03.647+0000] {processor.py:161} INFO - Started process (PID=2085) to work on /home/airflow/.local/lib/python3.12/site-packages/airflow/example_dags/example_sensors.py
[2024-08-26T01:42:03.647+0000] {processor.py:830} INFO - Processing file /home/airflow/.local/lib/python3.12/site-packages/airflow/example_dags/example_sensors.py for tasks to queue
[2024-08-26T01:42:03.648+0000] {logging_mixin.py:188} INFO - [2024-08-26T01:42:03.648+0000] {dagbag.py:540} INFO - Filling up the DagBag from /home/airflow/.local/lib/python3.12/site-packages/airflow/example_dags/example_sensors.py
[2024-08-26T01:42:03.653+0000] {processor.py:840} INFO - DAG(s) 'example_sensors' retrieved from /home/airflow/.local/lib/python3.12/site-packages/airflow/example_dags/example_sensors.py
[2024-08-26T01:42:03.668+0000] {logging_mixin.py:188} INFO - [2024-08-26T01:42:03.667+0000] {dag.py:3096} INFO - Sync 1 DAGs
[2024-08-26T01:42:03.674+0000] {logging_mixin.py:188} INFO - [2024-08-26T01:42:03.674+0000] {dag.py:3954} INFO - Setting next_dagrun for example_sensors to None, run_after=None
[2024-08-26T01:42:03.684+0000] {processor.py:183} INFO - Processing /home/airflow/.local/lib/python3.12/site-packages/airflow/example_dags/example_sensors.py took 0.040 seconds
[2024-08-26T01:42:34.331+0000] {processor.py:161} INFO - Started process (PID=2145) to work on /home/airflow/.local/lib/python3.12/site-packages/airflow/example_dags/example_sensors.py
[2024-08-26T01:42:34.332+0000] {processor.py:830} INFO - Processing file /home/airflow/.local/lib/python3.12/site-packages/airflow/example_dags/example_sensors.py for tasks to queue
[2024-08-26T01:42:34.333+0000] {logging_mixin.py:188} INFO - [2024-08-26T01:42:34.333+0000] {dagbag.py:540} INFO - Filling up the DagBag from /home/airflow/.local/lib/python3.12/site-packages/airflow/example_dags/example_sensors.py
[2024-08-26T01:42:34.338+0000] {processor.py:840} INFO - DAG(s) 'example_sensors' retrieved from /home/airflow/.local/lib/python3.12/site-packages/airflow/example_dags/example_sensors.py
[2024-08-26T01:42:34.352+0000] {logging_mixin.py:188} INFO - [2024-08-26T01:42:34.352+0000] {dag.py:3096} INFO - Sync 1 DAGs
[2024-08-26T01:42:34.359+0000] {logging_mixin.py:188} INFO - [2024-08-26T01:42:34.359+0000] {dag.py:3954} INFO - Setting next_dagrun for example_sensors to None, run_after=None
[2024-08-26T01:42:34.369+0000] {processor.py:183} INFO - Processing /home/airflow/.local/lib/python3.12/site-packages/airflow/example_dags/example_sensors.py took 0.040 seconds
[2024-08-26T01:43:05.002+0000] {processor.py:161} INFO - Started process (PID=2205) to work on /home/airflow/.local/lib/python3.12/site-packages/airflow/example_dags/example_sensors.py
[2024-08-26T01:43:05.002+0000] {processor.py:830} INFO - Processing file /home/airflow/.local/lib/python3.12/site-packages/airflow/example_dags/example_sensors.py for tasks to queue
[2024-08-26T01:43:05.003+0000] {logging_mixin.py:188} INFO - [2024-08-26T01:43:05.003+0000] {dagbag.py:540} INFO - Filling up the DagBag from /home/airflow/.local/lib/python3.12/site-packages/airflow/example_dags/example_sensors.py
[2024-08-26T01:43:05.008+0000] {processor.py:840} INFO - DAG(s) 'example_sensors' retrieved from /home/airflow/.local/lib/python3.12/site-packages/airflow/example_dags/example_sensors.py
[2024-08-26T01:43:05.023+0000] {logging_mixin.py:188} INFO - [2024-08-26T01:43:05.023+0000] {dag.py:3096} INFO - Sync 1 DAGs
[2024-08-26T01:43:05.030+0000] {logging_mixin.py:188} INFO - [2024-08-26T01:43:05.030+0000] {dag.py:3954} INFO - Setting next_dagrun for example_sensors to None, run_after=None
[2024-08-26T01:43:05.040+0000] {processor.py:183} INFO - Processing /home/airflow/.local/lib/python3.12/site-packages/airflow/example_dags/example_sensors.py took 0.041 seconds
[2024-08-26T01:43:35.678+0000] {processor.py:161} INFO - Started process (PID=2265) to work on /home/airflow/.local/lib/python3.12/site-packages/airflow/example_dags/example_sensors.py
[2024-08-26T01:43:35.678+0000] {processor.py:830} INFO - Processing file /home/airflow/.local/lib/python3.12/site-packages/airflow/example_dags/example_sensors.py for tasks to queue
[2024-08-26T01:43:35.679+0000] {logging_mixin.py:188} INFO - [2024-08-26T01:43:35.679+0000] {dagbag.py:540} INFO - Filling up the DagBag from /home/airflow/.local/lib/python3.12/site-packages/airflow/example_dags/example_sensors.py
[2024-08-26T01:43:35.684+0000] {processor.py:840} INFO - DAG(s) 'example_sensors' retrieved from /home/airflow/.local/lib/python3.12/site-packages/airflow/example_dags/example_sensors.py
[2024-08-26T01:43:35.699+0000] {logging_mixin.py:188} INFO - [2024-08-26T01:43:35.698+0000] {dag.py:3096} INFO - Sync 1 DAGs
[2024-08-26T01:43:35.706+0000] {logging_mixin.py:188} INFO - [2024-08-26T01:43:35.705+0000] {dag.py:3954} INFO - Setting next_dagrun for example_sensors to None, run_after=None
[2024-08-26T01:43:35.716+0000] {processor.py:183} INFO - Processing /home/airflow/.local/lib/python3.12/site-packages/airflow/example_dags/example_sensors.py took 0.042 seconds
[2024-08-26T01:44:06.453+0000] {processor.py:161} INFO - Started process (PID=2325) to work on /home/airflow/.local/lib/python3.12/site-packages/airflow/example_dags/example_sensors.py
[2024-08-26T01:44:06.454+0000] {processor.py:830} INFO - Processing file /home/airflow/.local/lib/python3.12/site-packages/airflow/example_dags/example_sensors.py for tasks to queue
[2024-08-26T01:44:06.455+0000] {logging_mixin.py:188} INFO - [2024-08-26T01:44:06.455+0000] {dagbag.py:540} INFO - Filling up the DagBag from /home/airflow/.local/lib/python3.12/site-packages/airflow/example_dags/example_sensors.py
[2024-08-26T01:44:06.459+0000] {processor.py:840} INFO - DAG(s) 'example_sensors' retrieved from /home/airflow/.local/lib/python3.12/site-packages/airflow/example_dags/example_sensors.py
[2024-08-26T01:44:06.474+0000] {logging_mixin.py:188} INFO - [2024-08-26T01:44:06.474+0000] {dag.py:3096} INFO - Sync 1 DAGs
[2024-08-26T01:44:06.481+0000] {logging_mixin.py:188} INFO - [2024-08-26T01:44:06.481+0000] {dag.py:3954} INFO - Setting next_dagrun for example_sensors to None, run_after=None
[2024-08-26T01:44:06.490+0000] {processor.py:183} INFO - Processing /home/airflow/.local/lib/python3.12/site-packages/airflow/example_dags/example_sensors.py took 0.040 seconds
[2024-08-26T01:44:37.077+0000] {processor.py:161} INFO - Started process (PID=2385) to work on /home/airflow/.local/lib/python3.12/site-packages/airflow/example_dags/example_sensors.py
[2024-08-26T01:44:37.078+0000] {processor.py:830} INFO - Processing file /home/airflow/.local/lib/python3.12/site-packages/airflow/example_dags/example_sensors.py for tasks to queue
[2024-08-26T01:44:37.078+0000] {logging_mixin.py:188} INFO - [2024-08-26T01:44:37.078+0000] {dagbag.py:540} INFO - Filling up the DagBag from /home/airflow/.local/lib/python3.12/site-packages/airflow/example_dags/example_sensors.py
[2024-08-26T01:44:37.083+0000] {processor.py:840} INFO - DAG(s) 'example_sensors' retrieved from /home/airflow/.local/lib/python3.12/site-packages/airflow/example_dags/example_sensors.py
[2024-08-26T01:44:37.098+0000] {logging_mixin.py:188} INFO - [2024-08-26T01:44:37.098+0000] {dag.py:3096} INFO - Sync 1 DAGs
[2024-08-26T01:44:37.105+0000] {logging_mixin.py:188} INFO - [2024-08-26T01:44:37.105+0000] {dag.py:3954} INFO - Setting next_dagrun for example_sensors to None, run_after=None
[2024-08-26T01:44:37.114+0000] {processor.py:183} INFO - Processing /home/airflow/.local/lib/python3.12/site-packages/airflow/example_dags/example_sensors.py took 0.040 seconds
[2024-08-26T01:45:07.674+0000] {processor.py:161} INFO - Started process (PID=2445) to work on /home/airflow/.local/lib/python3.12/site-packages/airflow/example_dags/example_sensors.py
[2024-08-26T01:45:07.674+0000] {processor.py:830} INFO - Processing file /home/airflow/.local/lib/python3.12/site-packages/airflow/example_dags/example_sensors.py for tasks to queue
[2024-08-26T01:45:07.675+0000] {logging_mixin.py:188} INFO - [2024-08-26T01:45:07.675+0000] {dagbag.py:540} INFO - Filling up the DagBag from /home/airflow/.local/lib/python3.12/site-packages/airflow/example_dags/example_sensors.py
[2024-08-26T01:45:07.680+0000] {processor.py:840} INFO - DAG(s) 'example_sensors' retrieved from /home/airflow/.local/lib/python3.12/site-packages/airflow/example_dags/example_sensors.py
[2024-08-26T01:45:07.695+0000] {logging_mixin.py:188} INFO - [2024-08-26T01:45:07.695+0000] {dag.py:3096} INFO - Sync 1 DAGs
[2024-08-26T01:45:07.701+0000] {logging_mixin.py:188} INFO - [2024-08-26T01:45:07.701+0000] {dag.py:3954} INFO - Setting next_dagrun for example_sensors to None, run_after=None
[2024-08-26T01:45:07.711+0000] {processor.py:183} INFO - Processing /home/airflow/.local/lib/python3.12/site-packages/airflow/example_dags/example_sensors.py took 0.040 seconds
[2024-08-26T01:45:38.300+0000] {processor.py:161} INFO - Started process (PID=2505) to work on /home/airflow/.local/lib/python3.12/site-packages/airflow/example_dags/example_sensors.py
[2024-08-26T01:45:38.301+0000] {processor.py:830} INFO - Processing file /home/airflow/.local/lib/python3.12/site-packages/airflow/example_dags/example_sensors.py for tasks to queue
[2024-08-26T01:45:38.302+0000] {logging_mixin.py:188} INFO - [2024-08-26T01:45:38.302+0000] {dagbag.py:540} INFO - Filling up the DagBag from /home/airflow/.local/lib/python3.12/site-packages/airflow/example_dags/example_sensors.py
[2024-08-26T01:45:38.307+0000] {processor.py:840} INFO - DAG(s) 'example_sensors' retrieved from /home/airflow/.local/lib/python3.12/site-packages/airflow/example_dags/example_sensors.py
[2024-08-26T01:45:38.325+0000] {logging_mixin.py:188} INFO - [2024-08-26T01:45:38.325+0000] {dag.py:3096} INFO - Sync 1 DAGs
[2024-08-26T01:45:38.333+0000] {logging_mixin.py:188} INFO - [2024-08-26T01:45:38.333+0000] {dag.py:3954} INFO - Setting next_dagrun for example_sensors to None, run_after=None
[2024-08-26T01:45:38.342+0000] {processor.py:183} INFO - Processing /home/airflow/.local/lib/python3.12/site-packages/airflow/example_dags/example_sensors.py took 0.046 seconds
[2024-08-26T01:46:08.946+0000] {processor.py:161} INFO - Started process (PID=2565) to work on /home/airflow/.local/lib/python3.12/site-packages/airflow/example_dags/example_sensors.py
[2024-08-26T01:46:08.947+0000] {processor.py:830} INFO - Processing file /home/airflow/.local/lib/python3.12/site-packages/airflow/example_dags/example_sensors.py for tasks to queue
[2024-08-26T01:46:08.948+0000] {logging_mixin.py:188} INFO - [2024-08-26T01:46:08.948+0000] {dagbag.py:540} INFO - Filling up the DagBag from /home/airflow/.local/lib/python3.12/site-packages/airflow/example_dags/example_sensors.py
[2024-08-26T01:46:08.953+0000] {processor.py:840} INFO - DAG(s) 'example_sensors' retrieved from /home/airflow/.local/lib/python3.12/site-packages/airflow/example_dags/example_sensors.py
[2024-08-26T01:46:08.967+0000] {logging_mixin.py:188} INFO - [2024-08-26T01:46:08.967+0000] {dag.py:3096} INFO - Sync 1 DAGs
[2024-08-26T01:46:08.974+0000] {logging_mixin.py:188} INFO - [2024-08-26T01:46:08.974+0000] {dag.py:3954} INFO - Setting next_dagrun for example_sensors to None, run_after=None
[2024-08-26T01:46:08.984+0000] {processor.py:183} INFO - Processing /home/airflow/.local/lib/python3.12/site-packages/airflow/example_dags/example_sensors.py took 0.041 seconds
[2024-08-26T01:46:39.667+0000] {processor.py:161} INFO - Started process (PID=2625) to work on /home/airflow/.local/lib/python3.12/site-packages/airflow/example_dags/example_sensors.py
[2024-08-26T01:46:39.668+0000] {processor.py:830} INFO - Processing file /home/airflow/.local/lib/python3.12/site-packages/airflow/example_dags/example_sensors.py for tasks to queue
[2024-08-26T01:46:39.669+0000] {logging_mixin.py:188} INFO - [2024-08-26T01:46:39.668+0000] {dagbag.py:540} INFO - Filling up the DagBag from /home/airflow/.local/lib/python3.12/site-packages/airflow/example_dags/example_sensors.py
[2024-08-26T01:46:39.673+0000] {processor.py:840} INFO - DAG(s) 'example_sensors' retrieved from /home/airflow/.local/lib/python3.12/site-packages/airflow/example_dags/example_sensors.py
[2024-08-26T01:46:39.687+0000] {logging_mixin.py:188} INFO - [2024-08-26T01:46:39.687+0000] {dag.py:3096} INFO - Sync 1 DAGs
[2024-08-26T01:46:39.694+0000] {logging_mixin.py:188} INFO - [2024-08-26T01:46:39.694+0000] {dag.py:3954} INFO - Setting next_dagrun for example_sensors to None, run_after=None
[2024-08-26T01:46:39.704+0000] {processor.py:183} INFO - Processing /home/airflow/.local/lib/python3.12/site-packages/airflow/example_dags/example_sensors.py took 0.040 seconds
[2024-08-26T01:47:10.292+0000] {processor.py:161} INFO - Started process (PID=2685) to work on /home/airflow/.local/lib/python3.12/site-packages/airflow/example_dags/example_sensors.py
[2024-08-26T01:47:10.293+0000] {processor.py:830} INFO - Processing file /home/airflow/.local/lib/python3.12/site-packages/airflow/example_dags/example_sensors.py for tasks to queue
[2024-08-26T01:47:10.294+0000] {logging_mixin.py:188} INFO - [2024-08-26T01:47:10.293+0000] {dagbag.py:540} INFO - Filling up the DagBag from /home/airflow/.local/lib/python3.12/site-packages/airflow/example_dags/example_sensors.py
[2024-08-26T01:47:10.298+0000] {processor.py:840} INFO - DAG(s) 'example_sensors' retrieved from /home/airflow/.local/lib/python3.12/site-packages/airflow/example_dags/example_sensors.py
[2024-08-26T01:47:10.312+0000] {logging_mixin.py:188} INFO - [2024-08-26T01:47:10.312+0000] {dag.py:3096} INFO - Sync 1 DAGs
[2024-08-26T01:47:10.319+0000] {logging_mixin.py:188} INFO - [2024-08-26T01:47:10.319+0000] {dag.py:3954} INFO - Setting next_dagrun for example_sensors to None, run_after=None
[2024-08-26T01:47:10.330+0000] {processor.py:183} INFO - Processing /home/airflow/.local/lib/python3.12/site-packages/airflow/example_dags/example_sensors.py took 0.040 seconds
[2024-08-26T01:47:40.917+0000] {processor.py:161} INFO - Started process (PID=2745) to work on /home/airflow/.local/lib/python3.12/site-packages/airflow/example_dags/example_sensors.py
[2024-08-26T01:47:40.918+0000] {processor.py:830} INFO - Processing file /home/airflow/.local/lib/python3.12/site-packages/airflow/example_dags/example_sensors.py for tasks to queue
[2024-08-26T01:47:40.919+0000] {logging_mixin.py:188} INFO - [2024-08-26T01:47:40.919+0000] {dagbag.py:540} INFO - Filling up the DagBag from /home/airflow/.local/lib/python3.12/site-packages/airflow/example_dags/example_sensors.py
[2024-08-26T01:47:40.923+0000] {processor.py:840} INFO - DAG(s) 'example_sensors' retrieved from /home/airflow/.local/lib/python3.12/site-packages/airflow/example_dags/example_sensors.py
[2024-08-26T01:47:40.938+0000] {logging_mixin.py:188} INFO - [2024-08-26T01:47:40.938+0000] {dag.py:3096} INFO - Sync 1 DAGs
[2024-08-26T01:47:40.945+0000] {logging_mixin.py:188} INFO - [2024-08-26T01:47:40.944+0000] {dag.py:3954} INFO - Setting next_dagrun for example_sensors to None, run_after=None
[2024-08-26T01:47:40.954+0000] {processor.py:183} INFO - Processing /home/airflow/.local/lib/python3.12/site-packages/airflow/example_dags/example_sensors.py took 0.040 seconds
[2024-08-26T01:48:11.580+0000] {processor.py:161} INFO - Started process (PID=2805) to work on /home/airflow/.local/lib/python3.12/site-packages/airflow/example_dags/example_sensors.py
[2024-08-26T01:48:11.580+0000] {processor.py:830} INFO - Processing file /home/airflow/.local/lib/python3.12/site-packages/airflow/example_dags/example_sensors.py for tasks to queue
[2024-08-26T01:48:11.581+0000] {logging_mixin.py:188} INFO - [2024-08-26T01:48:11.581+0000] {dagbag.py:540} INFO - Filling up the DagBag from /home/airflow/.local/lib/python3.12/site-packages/airflow/example_dags/example_sensors.py
[2024-08-26T01:48:11.586+0000] {processor.py:840} INFO - DAG(s) 'example_sensors' retrieved from /home/airflow/.local/lib/python3.12/site-packages/airflow/example_dags/example_sensors.py
[2024-08-26T01:48:11.600+0000] {logging_mixin.py:188} INFO - [2024-08-26T01:48:11.600+0000] {dag.py:3096} INFO - Sync 1 DAGs
[2024-08-26T01:48:11.607+0000] {logging_mixin.py:188} INFO - [2024-08-26T01:48:11.607+0000] {dag.py:3954} INFO - Setting next_dagrun for example_sensors to None, run_after=None
[2024-08-26T01:48:11.617+0000] {processor.py:183} INFO - Processing /home/airflow/.local/lib/python3.12/site-packages/airflow/example_dags/example_sensors.py took 0.040 seconds
[2024-08-26T01:48:42.183+0000] {processor.py:161} INFO - Started process (PID=2865) to work on /home/airflow/.local/lib/python3.12/site-packages/airflow/example_dags/example_sensors.py
[2024-08-26T01:48:42.183+0000] {processor.py:830} INFO - Processing file /home/airflow/.local/lib/python3.12/site-packages/airflow/example_dags/example_sensors.py for tasks to queue
[2024-08-26T01:48:42.184+0000] {logging_mixin.py:188} INFO - [2024-08-26T01:48:42.184+0000] {dagbag.py:540} INFO - Filling up the DagBag from /home/airflow/.local/lib/python3.12/site-packages/airflow/example_dags/example_sensors.py
[2024-08-26T01:48:42.189+0000] {processor.py:840} INFO - DAG(s) 'example_sensors' retrieved from /home/airflow/.local/lib/python3.12/site-packages/airflow/example_dags/example_sensors.py
[2024-08-26T01:48:42.203+0000] {logging_mixin.py:188} INFO - [2024-08-26T01:48:42.203+0000] {dag.py:3096} INFO - Sync 1 DAGs
[2024-08-26T01:48:42.210+0000] {logging_mixin.py:188} INFO - [2024-08-26T01:48:42.210+0000] {dag.py:3954} INFO - Setting next_dagrun for example_sensors to None, run_after=None
[2024-08-26T01:48:42.220+0000] {processor.py:183} INFO - Processing /home/airflow/.local/lib/python3.12/site-packages/airflow/example_dags/example_sensors.py took 0.040 seconds
[2024-08-26T01:49:12.879+0000] {processor.py:161} INFO - Started process (PID=2925) to work on /home/airflow/.local/lib/python3.12/site-packages/airflow/example_dags/example_sensors.py
[2024-08-26T01:49:12.880+0000] {processor.py:830} INFO - Processing file /home/airflow/.local/lib/python3.12/site-packages/airflow/example_dags/example_sensors.py for tasks to queue
[2024-08-26T01:49:12.881+0000] {logging_mixin.py:188} INFO - [2024-08-26T01:49:12.881+0000] {dagbag.py:540} INFO - Filling up the DagBag from /home/airflow/.local/lib/python3.12/site-packages/airflow/example_dags/example_sensors.py
[2024-08-26T01:49:12.886+0000] {processor.py:840} INFO - DAG(s) 'example_sensors' retrieved from /home/airflow/.local/lib/python3.12/site-packages/airflow/example_dags/example_sensors.py
[2024-08-26T01:49:12.900+0000] {logging_mixin.py:188} INFO - [2024-08-26T01:49:12.900+0000] {dag.py:3096} INFO - Sync 1 DAGs
[2024-08-26T01:49:12.907+0000] {logging_mixin.py:188} INFO - [2024-08-26T01:49:12.907+0000] {dag.py:3954} INFO - Setting next_dagrun for example_sensors to None, run_after=None
[2024-08-26T01:49:12.917+0000] {processor.py:183} INFO - Processing /home/airflow/.local/lib/python3.12/site-packages/airflow/example_dags/example_sensors.py took 0.041 seconds
[2024-08-26T01:49:43.550+0000] {processor.py:161} INFO - Started process (PID=2985) to work on /home/airflow/.local/lib/python3.12/site-packages/airflow/example_dags/example_sensors.py
[2024-08-26T01:49:43.551+0000] {processor.py:830} INFO - Processing file /home/airflow/.local/lib/python3.12/site-packages/airflow/example_dags/example_sensors.py for tasks to queue
[2024-08-26T01:49:43.552+0000] {logging_mixin.py:188} INFO - [2024-08-26T01:49:43.552+0000] {dagbag.py:540} INFO - Filling up the DagBag from /home/airflow/.local/lib/python3.12/site-packages/airflow/example_dags/example_sensors.py
[2024-08-26T01:49:43.556+0000] {processor.py:840} INFO - DAG(s) 'example_sensors' retrieved from /home/airflow/.local/lib/python3.12/site-packages/airflow/example_dags/example_sensors.py
[2024-08-26T01:49:43.571+0000] {logging_mixin.py:188} INFO - [2024-08-26T01:49:43.571+0000] {dag.py:3096} INFO - Sync 1 DAGs
[2024-08-26T01:49:43.577+0000] {logging_mixin.py:188} INFO - [2024-08-26T01:49:43.577+0000] {dag.py:3954} INFO - Setting next_dagrun for example_sensors to None, run_after=None
[2024-08-26T01:49:43.587+0000] {processor.py:183} INFO - Processing /home/airflow/.local/lib/python3.12/site-packages/airflow/example_dags/example_sensors.py took 0.040 seconds
[2024-08-26T01:50:14.223+0000] {processor.py:161} INFO - Started process (PID=3045) to work on /home/airflow/.local/lib/python3.12/site-packages/airflow/example_dags/example_sensors.py
[2024-08-26T01:50:14.224+0000] {processor.py:830} INFO - Processing file /home/airflow/.local/lib/python3.12/site-packages/airflow/example_dags/example_sensors.py for tasks to queue
[2024-08-26T01:50:14.225+0000] {logging_mixin.py:188} INFO - [2024-08-26T01:50:14.225+0000] {dagbag.py:540} INFO - Filling up the DagBag from /home/airflow/.local/lib/python3.12/site-packages/airflow/example_dags/example_sensors.py
[2024-08-26T01:50:14.229+0000] {processor.py:840} INFO - DAG(s) 'example_sensors' retrieved from /home/airflow/.local/lib/python3.12/site-packages/airflow/example_dags/example_sensors.py
[2024-08-26T01:50:14.244+0000] {logging_mixin.py:188} INFO - [2024-08-26T01:50:14.244+0000] {dag.py:3096} INFO - Sync 1 DAGs
[2024-08-26T01:50:14.251+0000] {logging_mixin.py:188} INFO - [2024-08-26T01:50:14.251+0000] {dag.py:3954} INFO - Setting next_dagrun for example_sensors to None, run_after=None
[2024-08-26T01:50:14.260+0000] {processor.py:183} INFO - Processing /home/airflow/.local/lib/python3.12/site-packages/airflow/example_dags/example_sensors.py took 0.040 seconds
[2024-08-26T01:50:44.924+0000] {processor.py:161} INFO - Started process (PID=3105) to work on /home/airflow/.local/lib/python3.12/site-packages/airflow/example_dags/example_sensors.py
[2024-08-26T01:50:44.924+0000] {processor.py:830} INFO - Processing file /home/airflow/.local/lib/python3.12/site-packages/airflow/example_dags/example_sensors.py for tasks to queue
[2024-08-26T01:50:44.925+0000] {logging_mixin.py:188} INFO - [2024-08-26T01:50:44.925+0000] {dagbag.py:540} INFO - Filling up the DagBag from /home/airflow/.local/lib/python3.12/site-packages/airflow/example_dags/example_sensors.py
[2024-08-26T01:50:44.930+0000] {processor.py:840} INFO - DAG(s) 'example_sensors' retrieved from /home/airflow/.local/lib/python3.12/site-packages/airflow/example_dags/example_sensors.py
[2024-08-26T01:50:44.945+0000] {logging_mixin.py:188} INFO - [2024-08-26T01:50:44.945+0000] {dag.py:3096} INFO - Sync 1 DAGs
[2024-08-26T01:50:44.952+0000] {logging_mixin.py:188} INFO - [2024-08-26T01:50:44.952+0000] {dag.py:3954} INFO - Setting next_dagrun for example_sensors to None, run_after=None
[2024-08-26T01:50:44.962+0000] {processor.py:183} INFO - Processing /home/airflow/.local/lib/python3.12/site-packages/airflow/example_dags/example_sensors.py took 0.041 seconds
[2024-08-26T01:51:15.619+0000] {processor.py:161} INFO - Started process (PID=3165) to work on /home/airflow/.local/lib/python3.12/site-packages/airflow/example_dags/example_sensors.py
[2024-08-26T01:51:15.620+0000] {processor.py:830} INFO - Processing file /home/airflow/.local/lib/python3.12/site-packages/airflow/example_dags/example_sensors.py for tasks to queue
[2024-08-26T01:51:15.621+0000] {logging_mixin.py:188} INFO - [2024-08-26T01:51:15.621+0000] {dagbag.py:540} INFO - Filling up the DagBag from /home/airflow/.local/lib/python3.12/site-packages/airflow/example_dags/example_sensors.py
[2024-08-26T01:51:15.625+0000] {processor.py:840} INFO - DAG(s) 'example_sensors' retrieved from /home/airflow/.local/lib/python3.12/site-packages/airflow/example_dags/example_sensors.py
[2024-08-26T01:51:15.640+0000] {logging_mixin.py:188} INFO - [2024-08-26T01:51:15.640+0000] {dag.py:3096} INFO - Sync 1 DAGs
[2024-08-26T01:51:15.646+0000] {logging_mixin.py:188} INFO - [2024-08-26T01:51:15.646+0000] {dag.py:3954} INFO - Setting next_dagrun for example_sensors to None, run_after=None
[2024-08-26T01:51:15.656+0000] {processor.py:183} INFO - Processing /home/airflow/.local/lib/python3.12/site-packages/airflow/example_dags/example_sensors.py took 0.039 seconds
[2024-08-26T01:51:46.282+0000] {processor.py:161} INFO - Started process (PID=3231) to work on /home/airflow/.local/lib/python3.12/site-packages/airflow/example_dags/example_sensors.py
[2024-08-26T01:51:46.282+0000] {processor.py:830} INFO - Processing file /home/airflow/.local/lib/python3.12/site-packages/airflow/example_dags/example_sensors.py for tasks to queue
[2024-08-26T01:51:46.283+0000] {logging_mixin.py:188} INFO - [2024-08-26T01:51:46.283+0000] {dagbag.py:540} INFO - Filling up the DagBag from /home/airflow/.local/lib/python3.12/site-packages/airflow/example_dags/example_sensors.py
[2024-08-26T01:51:46.288+0000] {processor.py:840} INFO - DAG(s) 'example_sensors' retrieved from /home/airflow/.local/lib/python3.12/site-packages/airflow/example_dags/example_sensors.py
[2024-08-26T01:51:46.302+0000] {logging_mixin.py:188} INFO - [2024-08-26T01:51:46.302+0000] {dag.py:3096} INFO - Sync 1 DAGs
[2024-08-26T01:51:46.309+0000] {logging_mixin.py:188} INFO - [2024-08-26T01:51:46.309+0000] {dag.py:3954} INFO - Setting next_dagrun for example_sensors to None, run_after=None
[2024-08-26T01:51:46.319+0000] {processor.py:183} INFO - Processing /home/airflow/.local/lib/python3.12/site-packages/airflow/example_dags/example_sensors.py took 0.040 seconds
[2024-08-26T01:52:16.984+0000] {processor.py:161} INFO - Started process (PID=3291) to work on /home/airflow/.local/lib/python3.12/site-packages/airflow/example_dags/example_sensors.py
[2024-08-26T01:52:16.985+0000] {processor.py:830} INFO - Processing file /home/airflow/.local/lib/python3.12/site-packages/airflow/example_dags/example_sensors.py for tasks to queue
[2024-08-26T01:52:16.986+0000] {logging_mixin.py:188} INFO - [2024-08-26T01:52:16.985+0000] {dagbag.py:540} INFO - Filling up the DagBag from /home/airflow/.local/lib/python3.12/site-packages/airflow/example_dags/example_sensors.py
[2024-08-26T01:52:16.990+0000] {processor.py:840} INFO - DAG(s) 'example_sensors' retrieved from /home/airflow/.local/lib/python3.12/site-packages/airflow/example_dags/example_sensors.py
[2024-08-26T01:52:17.005+0000] {logging_mixin.py:188} INFO - [2024-08-26T01:52:17.005+0000] {dag.py:3096} INFO - Sync 1 DAGs
[2024-08-26T01:52:17.013+0000] {logging_mixin.py:188} INFO - [2024-08-26T01:52:17.012+0000] {dag.py:3954} INFO - Setting next_dagrun for example_sensors to None, run_after=None
[2024-08-26T01:52:17.022+0000] {processor.py:183} INFO - Processing /home/airflow/.local/lib/python3.12/site-packages/airflow/example_dags/example_sensors.py took 0.041 seconds
[2024-08-26T01:52:47.604+0000] {processor.py:161} INFO - Started process (PID=3351) to work on /home/airflow/.local/lib/python3.12/site-packages/airflow/example_dags/example_sensors.py
[2024-08-26T01:52:47.605+0000] {processor.py:830} INFO - Processing file /home/airflow/.local/lib/python3.12/site-packages/airflow/example_dags/example_sensors.py for tasks to queue
[2024-08-26T01:52:47.606+0000] {logging_mixin.py:188} INFO - [2024-08-26T01:52:47.606+0000] {dagbag.py:540} INFO - Filling up the DagBag from /home/airflow/.local/lib/python3.12/site-packages/airflow/example_dags/example_sensors.py
[2024-08-26T01:52:47.611+0000] {processor.py:840} INFO - DAG(s) 'example_sensors' retrieved from /home/airflow/.local/lib/python3.12/site-packages/airflow/example_dags/example_sensors.py
[2024-08-26T01:52:47.625+0000] {logging_mixin.py:188} INFO - [2024-08-26T01:52:47.625+0000] {dag.py:3096} INFO - Sync 1 DAGs
[2024-08-26T01:52:47.632+0000] {logging_mixin.py:188} INFO - [2024-08-26T01:52:47.632+0000] {dag.py:3954} INFO - Setting next_dagrun for example_sensors to None, run_after=None
[2024-08-26T01:52:47.642+0000] {processor.py:183} INFO - Processing /home/airflow/.local/lib/python3.12/site-packages/airflow/example_dags/example_sensors.py took 0.041 seconds
[2024-08-26T01:53:18.215+0000] {processor.py:161} INFO - Started process (PID=3411) to work on /home/airflow/.local/lib/python3.12/site-packages/airflow/example_dags/example_sensors.py
[2024-08-26T01:53:18.215+0000] {processor.py:830} INFO - Processing file /home/airflow/.local/lib/python3.12/site-packages/airflow/example_dags/example_sensors.py for tasks to queue
[2024-08-26T01:53:18.216+0000] {logging_mixin.py:188} INFO - [2024-08-26T01:53:18.216+0000] {dagbag.py:540} INFO - Filling up the DagBag from /home/airflow/.local/lib/python3.12/site-packages/airflow/example_dags/example_sensors.py
[2024-08-26T01:53:18.221+0000] {processor.py:840} INFO - DAG(s) 'example_sensors' retrieved from /home/airflow/.local/lib/python3.12/site-packages/airflow/example_dags/example_sensors.py
[2024-08-26T01:53:18.236+0000] {logging_mixin.py:188} INFO - [2024-08-26T01:53:18.236+0000] {dag.py:3096} INFO - Sync 1 DAGs
[2024-08-26T01:53:18.242+0000] {logging_mixin.py:188} INFO - [2024-08-26T01:53:18.242+0000] {dag.py:3954} INFO - Setting next_dagrun for example_sensors to None, run_after=None
[2024-08-26T01:53:18.253+0000] {processor.py:183} INFO - Processing /home/airflow/.local/lib/python3.12/site-packages/airflow/example_dags/example_sensors.py took 0.041 seconds
[2024-08-26T01:53:48.943+0000] {processor.py:161} INFO - Started process (PID=3471) to work on /home/airflow/.local/lib/python3.12/site-packages/airflow/example_dags/example_sensors.py
[2024-08-26T01:53:48.943+0000] {processor.py:830} INFO - Processing file /home/airflow/.local/lib/python3.12/site-packages/airflow/example_dags/example_sensors.py for tasks to queue
[2024-08-26T01:53:48.944+0000] {logging_mixin.py:188} INFO - [2024-08-26T01:53:48.944+0000] {dagbag.py:540} INFO - Filling up the DagBag from /home/airflow/.local/lib/python3.12/site-packages/airflow/example_dags/example_sensors.py
[2024-08-26T01:53:48.948+0000] {processor.py:840} INFO - DAG(s) 'example_sensors' retrieved from /home/airflow/.local/lib/python3.12/site-packages/airflow/example_dags/example_sensors.py
[2024-08-26T01:53:48.963+0000] {logging_mixin.py:188} INFO - [2024-08-26T01:53:48.963+0000] {dag.py:3096} INFO - Sync 1 DAGs
[2024-08-26T01:53:48.970+0000] {logging_mixin.py:188} INFO - [2024-08-26T01:53:48.970+0000] {dag.py:3954} INFO - Setting next_dagrun for example_sensors to None, run_after=None
[2024-08-26T01:53:48.980+0000] {processor.py:183} INFO - Processing /home/airflow/.local/lib/python3.12/site-packages/airflow/example_dags/example_sensors.py took 0.040 seconds
[2024-08-26T01:54:19.607+0000] {processor.py:161} INFO - Started process (PID=3531) to work on /home/airflow/.local/lib/python3.12/site-packages/airflow/example_dags/example_sensors.py
[2024-08-26T01:54:19.608+0000] {processor.py:830} INFO - Processing file /home/airflow/.local/lib/python3.12/site-packages/airflow/example_dags/example_sensors.py for tasks to queue
[2024-08-26T01:54:19.609+0000] {logging_mixin.py:188} INFO - [2024-08-26T01:54:19.608+0000] {dagbag.py:540} INFO - Filling up the DagBag from /home/airflow/.local/lib/python3.12/site-packages/airflow/example_dags/example_sensors.py
[2024-08-26T01:54:19.613+0000] {processor.py:840} INFO - DAG(s) 'example_sensors' retrieved from /home/airflow/.local/lib/python3.12/site-packages/airflow/example_dags/example_sensors.py
[2024-08-26T01:54:19.628+0000] {logging_mixin.py:188} INFO - [2024-08-26T01:54:19.628+0000] {dag.py:3096} INFO - Sync 1 DAGs
[2024-08-26T01:54:19.635+0000] {logging_mixin.py:188} INFO - [2024-08-26T01:54:19.635+0000] {dag.py:3954} INFO - Setting next_dagrun for example_sensors to None, run_after=None
[2024-08-26T01:54:19.645+0000] {processor.py:183} INFO - Processing /home/airflow/.local/lib/python3.12/site-packages/airflow/example_dags/example_sensors.py took 0.040 seconds
[2024-08-26T01:54:50.262+0000] {processor.py:161} INFO - Started process (PID=3591) to work on /home/airflow/.local/lib/python3.12/site-packages/airflow/example_dags/example_sensors.py
[2024-08-26T01:54:50.263+0000] {processor.py:830} INFO - Processing file /home/airflow/.local/lib/python3.12/site-packages/airflow/example_dags/example_sensors.py for tasks to queue
[2024-08-26T01:54:50.264+0000] {logging_mixin.py:188} INFO - [2024-08-26T01:54:50.264+0000] {dagbag.py:540} INFO - Filling up the DagBag from /home/airflow/.local/lib/python3.12/site-packages/airflow/example_dags/example_sensors.py
[2024-08-26T01:54:50.268+0000] {processor.py:840} INFO - DAG(s) 'example_sensors' retrieved from /home/airflow/.local/lib/python3.12/site-packages/airflow/example_dags/example_sensors.py
[2024-08-26T01:54:50.283+0000] {logging_mixin.py:188} INFO - [2024-08-26T01:54:50.282+0000] {dag.py:3096} INFO - Sync 1 DAGs
[2024-08-26T01:54:50.289+0000] {logging_mixin.py:188} INFO - [2024-08-26T01:54:50.289+0000] {dag.py:3954} INFO - Setting next_dagrun for example_sensors to None, run_after=None
[2024-08-26T01:54:50.299+0000] {processor.py:183} INFO - Processing /home/airflow/.local/lib/python3.12/site-packages/airflow/example_dags/example_sensors.py took 0.040 seconds
[2024-08-26T01:55:20.981+0000] {processor.py:161} INFO - Started process (PID=3651) to work on /home/airflow/.local/lib/python3.12/site-packages/airflow/example_dags/example_sensors.py
[2024-08-26T01:55:20.981+0000] {processor.py:830} INFO - Processing file /home/airflow/.local/lib/python3.12/site-packages/airflow/example_dags/example_sensors.py for tasks to queue
[2024-08-26T01:55:20.982+0000] {logging_mixin.py:188} INFO - [2024-08-26T01:55:20.982+0000] {dagbag.py:540} INFO - Filling up the DagBag from /home/airflow/.local/lib/python3.12/site-packages/airflow/example_dags/example_sensors.py
[2024-08-26T01:55:20.987+0000] {processor.py:840} INFO - DAG(s) 'example_sensors' retrieved from /home/airflow/.local/lib/python3.12/site-packages/airflow/example_dags/example_sensors.py
[2024-08-26T01:55:21.002+0000] {logging_mixin.py:188} INFO - [2024-08-26T01:55:21.001+0000] {dag.py:3096} INFO - Sync 1 DAGs
[2024-08-26T01:55:21.008+0000] {logging_mixin.py:188} INFO - [2024-08-26T01:55:21.008+0000] {dag.py:3954} INFO - Setting next_dagrun for example_sensors to None, run_after=None
[2024-08-26T01:55:21.018+0000] {processor.py:183} INFO - Processing /home/airflow/.local/lib/python3.12/site-packages/airflow/example_dags/example_sensors.py took 0.041 seconds
[2024-08-26T01:55:51.661+0000] {processor.py:161} INFO - Started process (PID=3711) to work on /home/airflow/.local/lib/python3.12/site-packages/airflow/example_dags/example_sensors.py
[2024-08-26T01:55:51.661+0000] {processor.py:830} INFO - Processing file /home/airflow/.local/lib/python3.12/site-packages/airflow/example_dags/example_sensors.py for tasks to queue
[2024-08-26T01:55:51.662+0000] {logging_mixin.py:188} INFO - [2024-08-26T01:55:51.662+0000] {dagbag.py:540} INFO - Filling up the DagBag from /home/airflow/.local/lib/python3.12/site-packages/airflow/example_dags/example_sensors.py
[2024-08-26T01:55:51.667+0000] {processor.py:840} INFO - DAG(s) 'example_sensors' retrieved from /home/airflow/.local/lib/python3.12/site-packages/airflow/example_dags/example_sensors.py
[2024-08-26T01:55:51.681+0000] {logging_mixin.py:188} INFO - [2024-08-26T01:55:51.681+0000] {dag.py:3096} INFO - Sync 1 DAGs
[2024-08-26T01:55:51.688+0000] {logging_mixin.py:188} INFO - [2024-08-26T01:55:51.688+0000] {dag.py:3954} INFO - Setting next_dagrun for example_sensors to None, run_after=None
[2024-08-26T01:55:51.697+0000] {processor.py:183} INFO - Processing /home/airflow/.local/lib/python3.12/site-packages/airflow/example_dags/example_sensors.py took 0.039 seconds
[2024-08-26T01:56:22.659+0000] {processor.py:161} INFO - Started process (PID=3771) to work on /home/airflow/.local/lib/python3.12/site-packages/airflow/example_dags/example_sensors.py
[2024-08-26T01:56:22.660+0000] {processor.py:830} INFO - Processing file /home/airflow/.local/lib/python3.12/site-packages/airflow/example_dags/example_sensors.py for tasks to queue
[2024-08-26T01:56:22.661+0000] {logging_mixin.py:188} INFO - [2024-08-26T01:56:22.661+0000] {dagbag.py:540} INFO - Filling up the DagBag from /home/airflow/.local/lib/python3.12/site-packages/airflow/example_dags/example_sensors.py
[2024-08-26T01:56:22.665+0000] {processor.py:840} INFO - DAG(s) 'example_sensors' retrieved from /home/airflow/.local/lib/python3.12/site-packages/airflow/example_dags/example_sensors.py
[2024-08-26T01:56:22.680+0000] {logging_mixin.py:188} INFO - [2024-08-26T01:56:22.680+0000] {dag.py:3096} INFO - Sync 1 DAGs
[2024-08-26T01:56:22.687+0000] {logging_mixin.py:188} INFO - [2024-08-26T01:56:22.687+0000] {dag.py:3954} INFO - Setting next_dagrun for example_sensors to None, run_after=None
[2024-08-26T01:56:22.697+0000] {processor.py:183} INFO - Processing /home/airflow/.local/lib/python3.12/site-packages/airflow/example_dags/example_sensors.py took 0.040 seconds
[2024-08-26T01:56:52.730+0000] {processor.py:161} INFO - Started process (PID=3831) to work on /home/airflow/.local/lib/python3.12/site-packages/airflow/example_dags/example_sensors.py
[2024-08-26T01:56:52.730+0000] {processor.py:830} INFO - Processing file /home/airflow/.local/lib/python3.12/site-packages/airflow/example_dags/example_sensors.py for tasks to queue
[2024-08-26T01:56:52.731+0000] {logging_mixin.py:188} INFO - [2024-08-26T01:56:52.731+0000] {dagbag.py:540} INFO - Filling up the DagBag from /home/airflow/.local/lib/python3.12/site-packages/airflow/example_dags/example_sensors.py
[2024-08-26T01:56:52.735+0000] {processor.py:840} INFO - DAG(s) 'example_sensors' retrieved from /home/airflow/.local/lib/python3.12/site-packages/airflow/example_dags/example_sensors.py
[2024-08-26T01:56:52.750+0000] {logging_mixin.py:188} INFO - [2024-08-26T01:56:52.750+0000] {dag.py:3096} INFO - Sync 1 DAGs
[2024-08-26T01:56:52.757+0000] {logging_mixin.py:188} INFO - [2024-08-26T01:56:52.757+0000] {dag.py:3954} INFO - Setting next_dagrun for example_sensors to None, run_after=None
[2024-08-26T01:56:52.766+0000] {processor.py:183} INFO - Processing /home/airflow/.local/lib/python3.12/site-packages/airflow/example_dags/example_sensors.py took 0.040 seconds
[2024-08-26T01:57:22.840+0000] {processor.py:161} INFO - Started process (PID=3890) to work on /home/airflow/.local/lib/python3.12/site-packages/airflow/example_dags/example_sensors.py
[2024-08-26T01:57:22.841+0000] {processor.py:830} INFO - Processing file /home/airflow/.local/lib/python3.12/site-packages/airflow/example_dags/example_sensors.py for tasks to queue
[2024-08-26T01:57:22.841+0000] {logging_mixin.py:188} INFO - [2024-08-26T01:57:22.841+0000] {dagbag.py:540} INFO - Filling up the DagBag from /home/airflow/.local/lib/python3.12/site-packages/airflow/example_dags/example_sensors.py
[2024-08-26T01:57:22.846+0000] {processor.py:840} INFO - DAG(s) 'example_sensors' retrieved from /home/airflow/.local/lib/python3.12/site-packages/airflow/example_dags/example_sensors.py
[2024-08-26T01:57:22.860+0000] {logging_mixin.py:188} INFO - [2024-08-26T01:57:22.860+0000] {dag.py:3096} INFO - Sync 1 DAGs
[2024-08-26T01:57:22.867+0000] {logging_mixin.py:188} INFO - [2024-08-26T01:57:22.867+0000] {dag.py:3954} INFO - Setting next_dagrun for example_sensors to None, run_after=None
[2024-08-26T01:57:22.876+0000] {processor.py:183} INFO - Processing /home/airflow/.local/lib/python3.12/site-packages/airflow/example_dags/example_sensors.py took 0.039 seconds
[2024-08-26T01:57:52.986+0000] {processor.py:161} INFO - Started process (PID=3951) to work on /home/airflow/.local/lib/python3.12/site-packages/airflow/example_dags/example_sensors.py
[2024-08-26T01:57:52.986+0000] {processor.py:830} INFO - Processing file /home/airflow/.local/lib/python3.12/site-packages/airflow/example_dags/example_sensors.py for tasks to queue
[2024-08-26T01:57:52.987+0000] {logging_mixin.py:188} INFO - [2024-08-26T01:57:52.987+0000] {dagbag.py:540} INFO - Filling up the DagBag from /home/airflow/.local/lib/python3.12/site-packages/airflow/example_dags/example_sensors.py
[2024-08-26T01:57:52.992+0000] {processor.py:840} INFO - DAG(s) 'example_sensors' retrieved from /home/airflow/.local/lib/python3.12/site-packages/airflow/example_dags/example_sensors.py
[2024-08-26T01:57:53.006+0000] {logging_mixin.py:188} INFO - [2024-08-26T01:57:53.006+0000] {dag.py:3096} INFO - Sync 1 DAGs
[2024-08-26T01:57:53.013+0000] {logging_mixin.py:188} INFO - [2024-08-26T01:57:53.013+0000] {dag.py:3954} INFO - Setting next_dagrun for example_sensors to None, run_after=None
[2024-08-26T01:57:53.023+0000] {processor.py:183} INFO - Processing /home/airflow/.local/lib/python3.12/site-packages/airflow/example_dags/example_sensors.py took 0.040 seconds
[2024-08-26T01:58:23.169+0000] {processor.py:161} INFO - Started process (PID=4011) to work on /home/airflow/.local/lib/python3.12/site-packages/airflow/example_dags/example_sensors.py
[2024-08-26T01:58:23.169+0000] {processor.py:830} INFO - Processing file /home/airflow/.local/lib/python3.12/site-packages/airflow/example_dags/example_sensors.py for tasks to queue
[2024-08-26T01:58:23.170+0000] {logging_mixin.py:188} INFO - [2024-08-26T01:58:23.170+0000] {dagbag.py:540} INFO - Filling up the DagBag from /home/airflow/.local/lib/python3.12/site-packages/airflow/example_dags/example_sensors.py
[2024-08-26T01:58:23.175+0000] {processor.py:840} INFO - DAG(s) 'example_sensors' retrieved from /home/airflow/.local/lib/python3.12/site-packages/airflow/example_dags/example_sensors.py
[2024-08-26T01:58:23.189+0000] {logging_mixin.py:188} INFO - [2024-08-26T01:58:23.189+0000] {dag.py:3096} INFO - Sync 1 DAGs
[2024-08-26T01:58:23.196+0000] {logging_mixin.py:188} INFO - [2024-08-26T01:58:23.196+0000] {dag.py:3954} INFO - Setting next_dagrun for example_sensors to None, run_after=None
[2024-08-26T01:58:23.205+0000] {processor.py:183} INFO - Processing /home/airflow/.local/lib/python3.12/site-packages/airflow/example_dags/example_sensors.py took 0.040 seconds
[2024-08-26T01:58:53.253+0000] {processor.py:161} INFO - Started process (PID=4070) to work on /home/airflow/.local/lib/python3.12/site-packages/airflow/example_dags/example_sensors.py
[2024-08-26T01:58:53.253+0000] {processor.py:830} INFO - Processing file /home/airflow/.local/lib/python3.12/site-packages/airflow/example_dags/example_sensors.py for tasks to queue
[2024-08-26T01:58:53.254+0000] {logging_mixin.py:188} INFO - [2024-08-26T01:58:53.254+0000] {dagbag.py:540} INFO - Filling up the DagBag from /home/airflow/.local/lib/python3.12/site-packages/airflow/example_dags/example_sensors.py
[2024-08-26T01:58:53.260+0000] {processor.py:840} INFO - DAG(s) 'example_sensors' retrieved from /home/airflow/.local/lib/python3.12/site-packages/airflow/example_dags/example_sensors.py
[2024-08-26T01:58:53.275+0000] {logging_mixin.py:188} INFO - [2024-08-26T01:58:53.275+0000] {dag.py:3096} INFO - Sync 1 DAGs
[2024-08-26T01:58:53.282+0000] {logging_mixin.py:188} INFO - [2024-08-26T01:58:53.282+0000] {dag.py:3954} INFO - Setting next_dagrun for example_sensors to None, run_after=None
[2024-08-26T01:58:53.292+0000] {processor.py:183} INFO - Processing /home/airflow/.local/lib/python3.12/site-packages/airflow/example_dags/example_sensors.py took 0.043 seconds
[2024-08-26T01:59:24.320+0000] {processor.py:161} INFO - Started process (PID=4131) to work on /home/airflow/.local/lib/python3.12/site-packages/airflow/example_dags/example_sensors.py
[2024-08-26T01:59:24.320+0000] {processor.py:830} INFO - Processing file /home/airflow/.local/lib/python3.12/site-packages/airflow/example_dags/example_sensors.py for tasks to queue
[2024-08-26T01:59:24.321+0000] {logging_mixin.py:188} INFO - [2024-08-26T01:59:24.321+0000] {dagbag.py:540} INFO - Filling up the DagBag from /home/airflow/.local/lib/python3.12/site-packages/airflow/example_dags/example_sensors.py
[2024-08-26T01:59:24.326+0000] {processor.py:840} INFO - DAG(s) 'example_sensors' retrieved from /home/airflow/.local/lib/python3.12/site-packages/airflow/example_dags/example_sensors.py
[2024-08-26T01:59:24.341+0000] {logging_mixin.py:188} INFO - [2024-08-26T01:59:24.341+0000] {dag.py:3096} INFO - Sync 1 DAGs
[2024-08-26T01:59:24.348+0000] {logging_mixin.py:188} INFO - [2024-08-26T01:59:24.348+0000] {dag.py:3954} INFO - Setting next_dagrun for example_sensors to None, run_after=None
[2024-08-26T01:59:24.359+0000] {processor.py:183} INFO - Processing /home/airflow/.local/lib/python3.12/site-packages/airflow/example_dags/example_sensors.py took 0.042 seconds
[2024-08-26T01:59:54.938+0000] {processor.py:161} INFO - Started process (PID=4191) to work on /home/airflow/.local/lib/python3.12/site-packages/airflow/example_dags/example_sensors.py
[2024-08-26T01:59:54.938+0000] {processor.py:830} INFO - Processing file /home/airflow/.local/lib/python3.12/site-packages/airflow/example_dags/example_sensors.py for tasks to queue
[2024-08-26T01:59:54.939+0000] {logging_mixin.py:188} INFO - [2024-08-26T01:59:54.939+0000] {dagbag.py:540} INFO - Filling up the DagBag from /home/airflow/.local/lib/python3.12/site-packages/airflow/example_dags/example_sensors.py
[2024-08-26T01:59:54.944+0000] {processor.py:840} INFO - DAG(s) 'example_sensors' retrieved from /home/airflow/.local/lib/python3.12/site-packages/airflow/example_dags/example_sensors.py
[2024-08-26T01:59:54.959+0000] {logging_mixin.py:188} INFO - [2024-08-26T01:59:54.958+0000] {dag.py:3096} INFO - Sync 1 DAGs
[2024-08-26T01:59:54.966+0000] {logging_mixin.py:188} INFO - [2024-08-26T01:59:54.965+0000] {dag.py:3954} INFO - Setting next_dagrun for example_sensors to None, run_after=None
[2024-08-26T01:59:54.975+0000] {processor.py:183} INFO - Processing /home/airflow/.local/lib/python3.12/site-packages/airflow/example_dags/example_sensors.py took 0.041 seconds
[2024-08-26T02:00:25.613+0000] {processor.py:161} INFO - Started process (PID=4251) to work on /home/airflow/.local/lib/python3.12/site-packages/airflow/example_dags/example_sensors.py
[2024-08-26T02:00:25.614+0000] {processor.py:830} INFO - Processing file /home/airflow/.local/lib/python3.12/site-packages/airflow/example_dags/example_sensors.py for tasks to queue
[2024-08-26T02:00:25.615+0000] {logging_mixin.py:188} INFO - [2024-08-26T02:00:25.615+0000] {dagbag.py:540} INFO - Filling up the DagBag from /home/airflow/.local/lib/python3.12/site-packages/airflow/example_dags/example_sensors.py
[2024-08-26T02:00:25.620+0000] {processor.py:840} INFO - DAG(s) 'example_sensors' retrieved from /home/airflow/.local/lib/python3.12/site-packages/airflow/example_dags/example_sensors.py
[2024-08-26T02:00:25.635+0000] {logging_mixin.py:188} INFO - [2024-08-26T02:00:25.635+0000] {dag.py:3096} INFO - Sync 1 DAGs
[2024-08-26T02:00:25.642+0000] {logging_mixin.py:188} INFO - [2024-08-26T02:00:25.641+0000] {dag.py:3954} INFO - Setting next_dagrun for example_sensors to None, run_after=None
[2024-08-26T02:00:25.651+0000] {processor.py:183} INFO - Processing /home/airflow/.local/lib/python3.12/site-packages/airflow/example_dags/example_sensors.py took 0.041 seconds
[2024-08-26T02:00:56.281+0000] {processor.py:161} INFO - Started process (PID=4311) to work on /home/airflow/.local/lib/python3.12/site-packages/airflow/example_dags/example_sensors.py
[2024-08-26T02:00:56.282+0000] {processor.py:830} INFO - Processing file /home/airflow/.local/lib/python3.12/site-packages/airflow/example_dags/example_sensors.py for tasks to queue
[2024-08-26T02:00:56.283+0000] {logging_mixin.py:188} INFO - [2024-08-26T02:00:56.283+0000] {dagbag.py:540} INFO - Filling up the DagBag from /home/airflow/.local/lib/python3.12/site-packages/airflow/example_dags/example_sensors.py
[2024-08-26T02:00:56.288+0000] {processor.py:840} INFO - DAG(s) 'example_sensors' retrieved from /home/airflow/.local/lib/python3.12/site-packages/airflow/example_dags/example_sensors.py
[2024-08-26T02:00:56.302+0000] {logging_mixin.py:188} INFO - [2024-08-26T02:00:56.302+0000] {dag.py:3096} INFO - Sync 1 DAGs
[2024-08-26T02:00:56.310+0000] {logging_mixin.py:188} INFO - [2024-08-26T02:00:56.309+0000] {dag.py:3954} INFO - Setting next_dagrun for example_sensors to None, run_after=None
[2024-08-26T02:00:56.320+0000] {processor.py:183} INFO - Processing /home/airflow/.local/lib/python3.12/site-packages/airflow/example_dags/example_sensors.py took 0.042 seconds
[2024-08-26T02:01:27.041+0000] {processor.py:161} INFO - Started process (PID=4371) to work on /home/airflow/.local/lib/python3.12/site-packages/airflow/example_dags/example_sensors.py
[2024-08-26T02:01:27.042+0000] {processor.py:830} INFO - Processing file /home/airflow/.local/lib/python3.12/site-packages/airflow/example_dags/example_sensors.py for tasks to queue
[2024-08-26T02:01:27.043+0000] {logging_mixin.py:188} INFO - [2024-08-26T02:01:27.043+0000] {dagbag.py:540} INFO - Filling up the DagBag from /home/airflow/.local/lib/python3.12/site-packages/airflow/example_dags/example_sensors.py
[2024-08-26T02:01:27.051+0000] {processor.py:840} INFO - DAG(s) 'example_sensors' retrieved from /home/airflow/.local/lib/python3.12/site-packages/airflow/example_dags/example_sensors.py
[2024-08-26T02:01:27.071+0000] {logging_mixin.py:188} INFO - [2024-08-26T02:01:27.071+0000] {dag.py:3096} INFO - Sync 1 DAGs
[2024-08-26T02:01:27.080+0000] {logging_mixin.py:188} INFO - [2024-08-26T02:01:27.080+0000] {dag.py:3954} INFO - Setting next_dagrun for example_sensors to None, run_after=None
[2024-08-26T02:01:27.091+0000] {processor.py:183} INFO - Processing /home/airflow/.local/lib/python3.12/site-packages/airflow/example_dags/example_sensors.py took 0.054 seconds
[2024-08-26T02:01:57.116+0000] {processor.py:161} INFO - Started process (PID=4430) to work on /home/airflow/.local/lib/python3.12/site-packages/airflow/example_dags/example_sensors.py
[2024-08-26T02:01:57.117+0000] {processor.py:830} INFO - Processing file /home/airflow/.local/lib/python3.12/site-packages/airflow/example_dags/example_sensors.py for tasks to queue
[2024-08-26T02:01:57.118+0000] {logging_mixin.py:188} INFO - [2024-08-26T02:01:57.118+0000] {dagbag.py:540} INFO - Filling up the DagBag from /home/airflow/.local/lib/python3.12/site-packages/airflow/example_dags/example_sensors.py
[2024-08-26T02:01:57.123+0000] {processor.py:840} INFO - DAG(s) 'example_sensors' retrieved from /home/airflow/.local/lib/python3.12/site-packages/airflow/example_dags/example_sensors.py
[2024-08-26T02:01:57.137+0000] {logging_mixin.py:188} INFO - [2024-08-26T02:01:57.137+0000] {dag.py:3096} INFO - Sync 1 DAGs
[2024-08-26T02:01:57.143+0000] {logging_mixin.py:188} INFO - [2024-08-26T02:01:57.143+0000] {dag.py:3954} INFO - Setting next_dagrun for example_sensors to None, run_after=None
[2024-08-26T02:01:57.153+0000] {processor.py:183} INFO - Processing /home/airflow/.local/lib/python3.12/site-packages/airflow/example_dags/example_sensors.py took 0.040 seconds
[2024-08-26T02:02:27.339+0000] {processor.py:161} INFO - Started process (PID=4491) to work on /home/airflow/.local/lib/python3.12/site-packages/airflow/example_dags/example_sensors.py
[2024-08-26T02:02:27.339+0000] {processor.py:830} INFO - Processing file /home/airflow/.local/lib/python3.12/site-packages/airflow/example_dags/example_sensors.py for tasks to queue
[2024-08-26T02:02:27.340+0000] {logging_mixin.py:188} INFO - [2024-08-26T02:02:27.340+0000] {dagbag.py:540} INFO - Filling up the DagBag from /home/airflow/.local/lib/python3.12/site-packages/airflow/example_dags/example_sensors.py
[2024-08-26T02:02:27.345+0000] {processor.py:840} INFO - DAG(s) 'example_sensors' retrieved from /home/airflow/.local/lib/python3.12/site-packages/airflow/example_dags/example_sensors.py
[2024-08-26T02:02:27.360+0000] {logging_mixin.py:188} INFO - [2024-08-26T02:02:27.360+0000] {dag.py:3096} INFO - Sync 1 DAGs
[2024-08-26T02:02:27.367+0000] {logging_mixin.py:188} INFO - [2024-08-26T02:02:27.367+0000] {dag.py:3954} INFO - Setting next_dagrun for example_sensors to None, run_after=None
[2024-08-26T02:02:27.377+0000] {processor.py:183} INFO - Processing /home/airflow/.local/lib/python3.12/site-packages/airflow/example_dags/example_sensors.py took 0.041 seconds
[2024-08-26T02:02:58.360+0000] {processor.py:161} INFO - Started process (PID=4551) to work on /home/airflow/.local/lib/python3.12/site-packages/airflow/example_dags/example_sensors.py
[2024-08-26T02:02:58.361+0000] {processor.py:830} INFO - Processing file /home/airflow/.local/lib/python3.12/site-packages/airflow/example_dags/example_sensors.py for tasks to queue
[2024-08-26T02:02:58.362+0000] {logging_mixin.py:188} INFO - [2024-08-26T02:02:58.362+0000] {dagbag.py:540} INFO - Filling up the DagBag from /home/airflow/.local/lib/python3.12/site-packages/airflow/example_dags/example_sensors.py
[2024-08-26T02:02:58.367+0000] {processor.py:840} INFO - DAG(s) 'example_sensors' retrieved from /home/airflow/.local/lib/python3.12/site-packages/airflow/example_dags/example_sensors.py
[2024-08-26T02:02:58.382+0000] {logging_mixin.py:188} INFO - [2024-08-26T02:02:58.382+0000] {dag.py:3096} INFO - Sync 1 DAGs
[2024-08-26T02:02:58.389+0000] {logging_mixin.py:188} INFO - [2024-08-26T02:02:58.389+0000] {dag.py:3954} INFO - Setting next_dagrun for example_sensors to None, run_after=None
[2024-08-26T02:02:58.399+0000] {processor.py:183} INFO - Processing /home/airflow/.local/lib/python3.12/site-packages/airflow/example_dags/example_sensors.py took 0.042 seconds
[2024-08-26T02:03:28.522+0000] {processor.py:161} INFO - Started process (PID=4611) to work on /home/airflow/.local/lib/python3.12/site-packages/airflow/example_dags/example_sensors.py
[2024-08-26T02:03:28.523+0000] {processor.py:830} INFO - Processing file /home/airflow/.local/lib/python3.12/site-packages/airflow/example_dags/example_sensors.py for tasks to queue
[2024-08-26T02:03:28.524+0000] {logging_mixin.py:188} INFO - [2024-08-26T02:03:28.524+0000] {dagbag.py:540} INFO - Filling up the DagBag from /home/airflow/.local/lib/python3.12/site-packages/airflow/example_dags/example_sensors.py
[2024-08-26T02:03:28.529+0000] {processor.py:840} INFO - DAG(s) 'example_sensors' retrieved from /home/airflow/.local/lib/python3.12/site-packages/airflow/example_dags/example_sensors.py
[2024-08-26T02:03:28.543+0000] {logging_mixin.py:188} INFO - [2024-08-26T02:03:28.543+0000] {dag.py:3096} INFO - Sync 1 DAGs
[2024-08-26T02:03:28.550+0000] {logging_mixin.py:188} INFO - [2024-08-26T02:03:28.550+0000] {dag.py:3954} INFO - Setting next_dagrun for example_sensors to None, run_after=None
[2024-08-26T02:03:28.559+0000] {processor.py:183} INFO - Processing /home/airflow/.local/lib/python3.12/site-packages/airflow/example_dags/example_sensors.py took 0.040 seconds
[2024-08-26T02:03:59.505+0000] {processor.py:161} INFO - Started process (PID=4671) to work on /home/airflow/.local/lib/python3.12/site-packages/airflow/example_dags/example_sensors.py
[2024-08-26T02:03:59.506+0000] {processor.py:830} INFO - Processing file /home/airflow/.local/lib/python3.12/site-packages/airflow/example_dags/example_sensors.py for tasks to queue
[2024-08-26T02:03:59.507+0000] {logging_mixin.py:188} INFO - [2024-08-26T02:03:59.507+0000] {dagbag.py:540} INFO - Filling up the DagBag from /home/airflow/.local/lib/python3.12/site-packages/airflow/example_dags/example_sensors.py
[2024-08-26T02:03:59.512+0000] {processor.py:840} INFO - DAG(s) 'example_sensors' retrieved from /home/airflow/.local/lib/python3.12/site-packages/airflow/example_dags/example_sensors.py
[2024-08-26T02:03:59.527+0000] {logging_mixin.py:188} INFO - [2024-08-26T02:03:59.526+0000] {dag.py:3096} INFO - Sync 1 DAGs
[2024-08-26T02:03:59.534+0000] {logging_mixin.py:188} INFO - [2024-08-26T02:03:59.534+0000] {dag.py:3954} INFO - Setting next_dagrun for example_sensors to None, run_after=None
[2024-08-26T02:03:59.545+0000] {processor.py:183} INFO - Processing /home/airflow/.local/lib/python3.12/site-packages/airflow/example_dags/example_sensors.py took 0.043 seconds
[2024-08-26T02:04:29.595+0000] {processor.py:161} INFO - Started process (PID=4730) to work on /home/airflow/.local/lib/python3.12/site-packages/airflow/example_dags/example_sensors.py
[2024-08-26T02:04:29.596+0000] {processor.py:830} INFO - Processing file /home/airflow/.local/lib/python3.12/site-packages/airflow/example_dags/example_sensors.py for tasks to queue
[2024-08-26T02:04:29.597+0000] {logging_mixin.py:188} INFO - [2024-08-26T02:04:29.597+0000] {dagbag.py:540} INFO - Filling up the DagBag from /home/airflow/.local/lib/python3.12/site-packages/airflow/example_dags/example_sensors.py
[2024-08-26T02:04:29.602+0000] {processor.py:840} INFO - DAG(s) 'example_sensors' retrieved from /home/airflow/.local/lib/python3.12/site-packages/airflow/example_dags/example_sensors.py
[2024-08-26T02:04:29.618+0000] {logging_mixin.py:188} INFO - [2024-08-26T02:04:29.618+0000] {dag.py:3096} INFO - Sync 1 DAGs
[2024-08-26T02:04:29.625+0000] {logging_mixin.py:188} INFO - [2024-08-26T02:04:29.625+0000] {dag.py:3954} INFO - Setting next_dagrun for example_sensors to None, run_after=None
[2024-08-26T02:04:29.638+0000] {processor.py:183} INFO - Processing /home/airflow/.local/lib/python3.12/site-packages/airflow/example_dags/example_sensors.py took 0.046 seconds
[2024-08-26T02:04:59.689+0000] {processor.py:161} INFO - Started process (PID=4790) to work on /home/airflow/.local/lib/python3.12/site-packages/airflow/example_dags/example_sensors.py
[2024-08-26T02:04:59.690+0000] {processor.py:830} INFO - Processing file /home/airflow/.local/lib/python3.12/site-packages/airflow/example_dags/example_sensors.py for tasks to queue
[2024-08-26T02:04:59.691+0000] {logging_mixin.py:188} INFO - [2024-08-26T02:04:59.691+0000] {dagbag.py:540} INFO - Filling up the DagBag from /home/airflow/.local/lib/python3.12/site-packages/airflow/example_dags/example_sensors.py
[2024-08-26T02:04:59.696+0000] {processor.py:840} INFO - DAG(s) 'example_sensors' retrieved from /home/airflow/.local/lib/python3.12/site-packages/airflow/example_dags/example_sensors.py
[2024-08-26T02:04:59.712+0000] {logging_mixin.py:188} INFO - [2024-08-26T02:04:59.712+0000] {dag.py:3096} INFO - Sync 1 DAGs
[2024-08-26T02:04:59.720+0000] {logging_mixin.py:188} INFO - [2024-08-26T02:04:59.720+0000] {dag.py:3954} INFO - Setting next_dagrun for example_sensors to None, run_after=None
[2024-08-26T02:04:59.731+0000] {processor.py:183} INFO - Processing /home/airflow/.local/lib/python3.12/site-packages/airflow/example_dags/example_sensors.py took 0.045 seconds
