[2024-08-26T01:25:14.601+0000] {processor.py:161} INFO - Started process (PID=75) to work on /home/airflow/.local/lib/python3.12/site-packages/airflow/example_dags/example_complex.py
[2024-08-26T01:25:14.602+0000] {processor.py:830} INFO - Processing file /home/airflow/.local/lib/python3.12/site-packages/airflow/example_dags/example_complex.py for tasks to queue
[2024-08-26T01:25:14.603+0000] {logging_mixin.py:188} INFO - [2024-08-26T01:25:14.603+0000] {dagbag.py:540} INFO - Filling up the DagBag from /home/airflow/.local/lib/python3.12/site-packages/airflow/example_dags/example_complex.py
[2024-08-26T01:25:14.611+0000] {processor.py:840} INFO - DAG(s) 'example_complex' retrieved from /home/airflow/.local/lib/python3.12/site-packages/airflow/example_dags/example_complex.py
[2024-08-26T01:25:14.631+0000] {logging_mixin.py:188} INFO - [2024-08-26T01:25:14.631+0000] {dag.py:3096} INFO - Sync 1 DAGs
[2024-08-26T01:25:14.639+0000] {logging_mixin.py:188} INFO - [2024-08-26T01:25:14.638+0000] {dag.py:3954} INFO - Setting next_dagrun for example_complex to None, run_after=None
[2024-08-26T01:25:14.650+0000] {processor.py:183} INFO - Processing /home/airflow/.local/lib/python3.12/site-packages/airflow/example_dags/example_complex.py took 0.052 seconds
[2024-08-26T01:25:44.779+0000] {processor.py:161} INFO - Started process (PID=136) to work on /home/airflow/.local/lib/python3.12/site-packages/airflow/example_dags/example_complex.py
[2024-08-26T01:25:44.779+0000] {processor.py:830} INFO - Processing file /home/airflow/.local/lib/python3.12/site-packages/airflow/example_dags/example_complex.py for tasks to queue
[2024-08-26T01:25:44.780+0000] {logging_mixin.py:188} INFO - [2024-08-26T01:25:44.780+0000] {dagbag.py:540} INFO - Filling up the DagBag from /home/airflow/.local/lib/python3.12/site-packages/airflow/example_dags/example_complex.py
[2024-08-26T01:25:44.786+0000] {processor.py:840} INFO - DAG(s) 'example_complex' retrieved from /home/airflow/.local/lib/python3.12/site-packages/airflow/example_dags/example_complex.py
[2024-08-26T01:25:44.803+0000] {logging_mixin.py:188} INFO - [2024-08-26T01:25:44.803+0000] {dag.py:3096} INFO - Sync 1 DAGs
[2024-08-26T01:25:44.810+0000] {logging_mixin.py:188} INFO - [2024-08-26T01:25:44.810+0000] {dag.py:3954} INFO - Setting next_dagrun for example_complex to None, run_after=None
[2024-08-26T01:25:44.819+0000] {processor.py:183} INFO - Processing /home/airflow/.local/lib/python3.12/site-packages/airflow/example_dags/example_complex.py took 0.043 seconds
[2024-08-26T01:26:15.044+0000] {processor.py:161} INFO - Started process (PID=196) to work on /home/airflow/.local/lib/python3.12/site-packages/airflow/example_dags/example_complex.py
[2024-08-26T01:26:15.045+0000] {processor.py:830} INFO - Processing file /home/airflow/.local/lib/python3.12/site-packages/airflow/example_dags/example_complex.py for tasks to queue
[2024-08-26T01:26:15.046+0000] {logging_mixin.py:188} INFO - [2024-08-26T01:26:15.046+0000] {dagbag.py:540} INFO - Filling up the DagBag from /home/airflow/.local/lib/python3.12/site-packages/airflow/example_dags/example_complex.py
[2024-08-26T01:26:15.052+0000] {processor.py:840} INFO - DAG(s) 'example_complex' retrieved from /home/airflow/.local/lib/python3.12/site-packages/airflow/example_dags/example_complex.py
[2024-08-26T01:26:15.074+0000] {logging_mixin.py:188} INFO - [2024-08-26T01:26:15.074+0000] {dag.py:3096} INFO - Sync 1 DAGs
[2024-08-26T01:26:15.084+0000] {logging_mixin.py:188} INFO - [2024-08-26T01:26:15.084+0000] {dag.py:3954} INFO - Setting next_dagrun for example_complex to None, run_after=None
[2024-08-26T01:26:15.097+0000] {processor.py:183} INFO - Processing /home/airflow/.local/lib/python3.12/site-packages/airflow/example_dags/example_complex.py took 0.057 seconds
[2024-08-26T01:26:45.281+0000] {processor.py:161} INFO - Started process (PID=263) to work on /home/airflow/.local/lib/python3.12/site-packages/airflow/example_dags/example_complex.py
[2024-08-26T01:26:45.282+0000] {processor.py:830} INFO - Processing file /home/airflow/.local/lib/python3.12/site-packages/airflow/example_dags/example_complex.py for tasks to queue
[2024-08-26T01:26:45.283+0000] {logging_mixin.py:188} INFO - [2024-08-26T01:26:45.283+0000] {dagbag.py:540} INFO - Filling up the DagBag from /home/airflow/.local/lib/python3.12/site-packages/airflow/example_dags/example_complex.py
[2024-08-26T01:26:45.288+0000] {processor.py:840} INFO - DAG(s) 'example_complex' retrieved from /home/airflow/.local/lib/python3.12/site-packages/airflow/example_dags/example_complex.py
[2024-08-26T01:26:45.307+0000] {logging_mixin.py:188} INFO - [2024-08-26T01:26:45.307+0000] {dag.py:3096} INFO - Sync 1 DAGs
[2024-08-26T01:26:45.314+0000] {logging_mixin.py:188} INFO - [2024-08-26T01:26:45.314+0000] {dag.py:3954} INFO - Setting next_dagrun for example_complex to None, run_after=None
[2024-08-26T01:26:45.324+0000] {processor.py:183} INFO - Processing /home/airflow/.local/lib/python3.12/site-packages/airflow/example_dags/example_complex.py took 0.045 seconds
[2024-08-26T01:27:16.345+0000] {processor.py:161} INFO - Started process (PID=323) to work on /home/airflow/.local/lib/python3.12/site-packages/airflow/example_dags/example_complex.py
[2024-08-26T01:27:16.345+0000] {processor.py:830} INFO - Processing file /home/airflow/.local/lib/python3.12/site-packages/airflow/example_dags/example_complex.py for tasks to queue
[2024-08-26T01:27:16.346+0000] {logging_mixin.py:188} INFO - [2024-08-26T01:27:16.346+0000] {dagbag.py:540} INFO - Filling up the DagBag from /home/airflow/.local/lib/python3.12/site-packages/airflow/example_dags/example_complex.py
[2024-08-26T01:27:16.352+0000] {processor.py:840} INFO - DAG(s) 'example_complex' retrieved from /home/airflow/.local/lib/python3.12/site-packages/airflow/example_dags/example_complex.py
[2024-08-26T01:27:16.371+0000] {logging_mixin.py:188} INFO - [2024-08-26T01:27:16.371+0000] {dag.py:3096} INFO - Sync 1 DAGs
[2024-08-26T01:27:16.378+0000] {logging_mixin.py:188} INFO - [2024-08-26T01:27:16.378+0000] {dag.py:3954} INFO - Setting next_dagrun for example_complex to None, run_after=None
[2024-08-26T01:27:16.390+0000] {processor.py:183} INFO - Processing /home/airflow/.local/lib/python3.12/site-packages/airflow/example_dags/example_complex.py took 0.048 seconds
[2024-08-26T01:27:46.879+0000] {processor.py:161} INFO - Started process (PID=383) to work on /home/airflow/.local/lib/python3.12/site-packages/airflow/example_dags/example_complex.py
[2024-08-26T01:27:46.880+0000] {processor.py:830} INFO - Processing file /home/airflow/.local/lib/python3.12/site-packages/airflow/example_dags/example_complex.py for tasks to queue
[2024-08-26T01:27:46.881+0000] {logging_mixin.py:188} INFO - [2024-08-26T01:27:46.881+0000] {dagbag.py:540} INFO - Filling up the DagBag from /home/airflow/.local/lib/python3.12/site-packages/airflow/example_dags/example_complex.py
[2024-08-26T01:27:46.886+0000] {processor.py:840} INFO - DAG(s) 'example_complex' retrieved from /home/airflow/.local/lib/python3.12/site-packages/airflow/example_dags/example_complex.py
[2024-08-26T01:27:46.905+0000] {logging_mixin.py:188} INFO - [2024-08-26T01:27:46.905+0000] {dag.py:3096} INFO - Sync 1 DAGs
[2024-08-26T01:27:46.912+0000] {logging_mixin.py:188} INFO - [2024-08-26T01:27:46.911+0000] {dag.py:3954} INFO - Setting next_dagrun for example_complex to None, run_after=None
[2024-08-26T01:27:46.921+0000] {processor.py:183} INFO - Processing /home/airflow/.local/lib/python3.12/site-packages/airflow/example_dags/example_complex.py took 0.045 seconds
[2024-08-26T01:28:17.870+0000] {processor.py:161} INFO - Started process (PID=443) to work on /home/airflow/.local/lib/python3.12/site-packages/airflow/example_dags/example_complex.py
[2024-08-26T01:28:17.871+0000] {processor.py:830} INFO - Processing file /home/airflow/.local/lib/python3.12/site-packages/airflow/example_dags/example_complex.py for tasks to queue
[2024-08-26T01:28:17.872+0000] {logging_mixin.py:188} INFO - [2024-08-26T01:28:17.871+0000] {dagbag.py:540} INFO - Filling up the DagBag from /home/airflow/.local/lib/python3.12/site-packages/airflow/example_dags/example_complex.py
[2024-08-26T01:28:17.877+0000] {processor.py:840} INFO - DAG(s) 'example_complex' retrieved from /home/airflow/.local/lib/python3.12/site-packages/airflow/example_dags/example_complex.py
[2024-08-26T01:28:17.897+0000] {logging_mixin.py:188} INFO - [2024-08-26T01:28:17.897+0000] {dag.py:3096} INFO - Sync 1 DAGs
[2024-08-26T01:28:17.904+0000] {logging_mixin.py:188} INFO - [2024-08-26T01:28:17.904+0000] {dag.py:3954} INFO - Setting next_dagrun for example_complex to None, run_after=None
[2024-08-26T01:28:17.915+0000] {processor.py:183} INFO - Processing /home/airflow/.local/lib/python3.12/site-packages/airflow/example_dags/example_complex.py took 0.048 seconds
[2024-08-26T01:28:48.034+0000] {processor.py:161} INFO - Started process (PID=502) to work on /home/airflow/.local/lib/python3.12/site-packages/airflow/example_dags/example_complex.py
[2024-08-26T01:28:48.035+0000] {processor.py:830} INFO - Processing file /home/airflow/.local/lib/python3.12/site-packages/airflow/example_dags/example_complex.py for tasks to queue
[2024-08-26T01:28:48.036+0000] {logging_mixin.py:188} INFO - [2024-08-26T01:28:48.036+0000] {dagbag.py:540} INFO - Filling up the DagBag from /home/airflow/.local/lib/python3.12/site-packages/airflow/example_dags/example_complex.py
[2024-08-26T01:28:48.042+0000] {processor.py:840} INFO - DAG(s) 'example_complex' retrieved from /home/airflow/.local/lib/python3.12/site-packages/airflow/example_dags/example_complex.py
[2024-08-26T01:28:48.063+0000] {logging_mixin.py:188} INFO - [2024-08-26T01:28:48.063+0000] {dag.py:3096} INFO - Sync 1 DAGs
[2024-08-26T01:28:48.071+0000] {logging_mixin.py:188} INFO - [2024-08-26T01:28:48.071+0000] {dag.py:3954} INFO - Setting next_dagrun for example_complex to None, run_after=None
[2024-08-26T01:28:48.082+0000] {processor.py:183} INFO - Processing /home/airflow/.local/lib/python3.12/site-packages/airflow/example_dags/example_complex.py took 0.051 seconds
[2024-08-26T01:29:18.217+0000] {processor.py:161} INFO - Started process (PID=561) to work on /home/airflow/.local/lib/python3.12/site-packages/airflow/example_dags/example_complex.py
[2024-08-26T01:29:18.218+0000] {processor.py:830} INFO - Processing file /home/airflow/.local/lib/python3.12/site-packages/airflow/example_dags/example_complex.py for tasks to queue
[2024-08-26T01:29:18.219+0000] {logging_mixin.py:188} INFO - [2024-08-26T01:29:18.219+0000] {dagbag.py:540} INFO - Filling up the DagBag from /home/airflow/.local/lib/python3.12/site-packages/airflow/example_dags/example_complex.py
[2024-08-26T01:29:18.224+0000] {processor.py:840} INFO - DAG(s) 'example_complex' retrieved from /home/airflow/.local/lib/python3.12/site-packages/airflow/example_dags/example_complex.py
[2024-08-26T01:29:18.243+0000] {logging_mixin.py:188} INFO - [2024-08-26T01:29:18.243+0000] {dag.py:3096} INFO - Sync 1 DAGs
[2024-08-26T01:29:18.250+0000] {logging_mixin.py:188} INFO - [2024-08-26T01:29:18.250+0000] {dag.py:3954} INFO - Setting next_dagrun for example_complex to None, run_after=None
[2024-08-26T01:29:18.259+0000] {processor.py:183} INFO - Processing /home/airflow/.local/lib/python3.12/site-packages/airflow/example_dags/example_complex.py took 0.045 seconds
[2024-08-26T01:29:48.477+0000] {processor.py:161} INFO - Started process (PID=621) to work on /home/airflow/.local/lib/python3.12/site-packages/airflow/example_dags/example_complex.py
[2024-08-26T01:29:48.477+0000] {processor.py:830} INFO - Processing file /home/airflow/.local/lib/python3.12/site-packages/airflow/example_dags/example_complex.py for tasks to queue
[2024-08-26T01:29:48.478+0000] {logging_mixin.py:188} INFO - [2024-08-26T01:29:48.478+0000] {dagbag.py:540} INFO - Filling up the DagBag from /home/airflow/.local/lib/python3.12/site-packages/airflow/example_dags/example_complex.py
[2024-08-26T01:29:48.484+0000] {processor.py:840} INFO - DAG(s) 'example_complex' retrieved from /home/airflow/.local/lib/python3.12/site-packages/airflow/example_dags/example_complex.py
[2024-08-26T01:29:48.502+0000] {logging_mixin.py:188} INFO - [2024-08-26T01:29:48.502+0000] {dag.py:3096} INFO - Sync 1 DAGs
[2024-08-26T01:29:48.509+0000] {logging_mixin.py:188} INFO - [2024-08-26T01:29:48.509+0000] {dag.py:3954} INFO - Setting next_dagrun for example_complex to None, run_after=None
[2024-08-26T01:29:48.519+0000] {processor.py:183} INFO - Processing /home/airflow/.local/lib/python3.12/site-packages/airflow/example_dags/example_complex.py took 0.045 seconds
[2024-08-26T01:30:18.689+0000] {processor.py:161} INFO - Started process (PID=681) to work on /home/airflow/.local/lib/python3.12/site-packages/airflow/example_dags/example_complex.py
[2024-08-26T01:30:18.689+0000] {processor.py:830} INFO - Processing file /home/airflow/.local/lib/python3.12/site-packages/airflow/example_dags/example_complex.py for tasks to queue
[2024-08-26T01:30:18.690+0000] {logging_mixin.py:188} INFO - [2024-08-26T01:30:18.690+0000] {dagbag.py:540} INFO - Filling up the DagBag from /home/airflow/.local/lib/python3.12/site-packages/airflow/example_dags/example_complex.py
[2024-08-26T01:30:18.696+0000] {processor.py:840} INFO - DAG(s) 'example_complex' retrieved from /home/airflow/.local/lib/python3.12/site-packages/airflow/example_dags/example_complex.py
[2024-08-26T01:30:18.714+0000] {logging_mixin.py:188} INFO - [2024-08-26T01:30:18.714+0000] {dag.py:3096} INFO - Sync 1 DAGs
[2024-08-26T01:30:18.721+0000] {logging_mixin.py:188} INFO - [2024-08-26T01:30:18.721+0000] {dag.py:3954} INFO - Setting next_dagrun for example_complex to None, run_after=None
[2024-08-26T01:30:18.731+0000] {processor.py:183} INFO - Processing /home/airflow/.local/lib/python3.12/site-packages/airflow/example_dags/example_complex.py took 0.045 seconds
[2024-08-26T01:30:48.839+0000] {processor.py:161} INFO - Started process (PID=742) to work on /home/airflow/.local/lib/python3.12/site-packages/airflow/example_dags/example_complex.py
[2024-08-26T01:30:48.840+0000] {processor.py:830} INFO - Processing file /home/airflow/.local/lib/python3.12/site-packages/airflow/example_dags/example_complex.py for tasks to queue
[2024-08-26T01:30:48.840+0000] {logging_mixin.py:188} INFO - [2024-08-26T01:30:48.840+0000] {dagbag.py:540} INFO - Filling up the DagBag from /home/airflow/.local/lib/python3.12/site-packages/airflow/example_dags/example_complex.py
[2024-08-26T01:30:48.846+0000] {processor.py:840} INFO - DAG(s) 'example_complex' retrieved from /home/airflow/.local/lib/python3.12/site-packages/airflow/example_dags/example_complex.py
[2024-08-26T01:30:48.864+0000] {logging_mixin.py:188} INFO - [2024-08-26T01:30:48.864+0000] {dag.py:3096} INFO - Sync 1 DAGs
[2024-08-26T01:30:48.871+0000] {logging_mixin.py:188} INFO - [2024-08-26T01:30:48.871+0000] {dag.py:3954} INFO - Setting next_dagrun for example_complex to None, run_after=None
[2024-08-26T01:30:48.880+0000] {processor.py:183} INFO - Processing /home/airflow/.local/lib/python3.12/site-packages/airflow/example_dags/example_complex.py took 0.044 seconds
[2024-08-26T01:31:19.183+0000] {processor.py:161} INFO - Started process (PID=802) to work on /home/airflow/.local/lib/python3.12/site-packages/airflow/example_dags/example_complex.py
[2024-08-26T01:31:19.184+0000] {processor.py:830} INFO - Processing file /home/airflow/.local/lib/python3.12/site-packages/airflow/example_dags/example_complex.py for tasks to queue
[2024-08-26T01:31:19.185+0000] {logging_mixin.py:188} INFO - [2024-08-26T01:31:19.185+0000] {dagbag.py:540} INFO - Filling up the DagBag from /home/airflow/.local/lib/python3.12/site-packages/airflow/example_dags/example_complex.py
[2024-08-26T01:31:19.191+0000] {processor.py:840} INFO - DAG(s) 'example_complex' retrieved from /home/airflow/.local/lib/python3.12/site-packages/airflow/example_dags/example_complex.py
[2024-08-26T01:31:19.210+0000] {logging_mixin.py:188} INFO - [2024-08-26T01:31:19.210+0000] {dag.py:3096} INFO - Sync 1 DAGs
[2024-08-26T01:31:19.217+0000] {logging_mixin.py:188} INFO - [2024-08-26T01:31:19.217+0000] {dag.py:3954} INFO - Setting next_dagrun for example_complex to None, run_after=None
[2024-08-26T01:31:19.226+0000] {processor.py:183} INFO - Processing /home/airflow/.local/lib/python3.12/site-packages/airflow/example_dags/example_complex.py took 0.046 seconds
[2024-08-26T01:31:49.527+0000] {processor.py:161} INFO - Started process (PID=862) to work on /home/airflow/.local/lib/python3.12/site-packages/airflow/example_dags/example_complex.py
[2024-08-26T01:31:49.528+0000] {processor.py:830} INFO - Processing file /home/airflow/.local/lib/python3.12/site-packages/airflow/example_dags/example_complex.py for tasks to queue
[2024-08-26T01:31:49.529+0000] {logging_mixin.py:188} INFO - [2024-08-26T01:31:49.529+0000] {dagbag.py:540} INFO - Filling up the DagBag from /home/airflow/.local/lib/python3.12/site-packages/airflow/example_dags/example_complex.py
[2024-08-26T01:31:49.535+0000] {processor.py:840} INFO - DAG(s) 'example_complex' retrieved from /home/airflow/.local/lib/python3.12/site-packages/airflow/example_dags/example_complex.py
[2024-08-26T01:31:49.554+0000] {logging_mixin.py:188} INFO - [2024-08-26T01:31:49.553+0000] {dag.py:3096} INFO - Sync 1 DAGs
[2024-08-26T01:31:49.561+0000] {logging_mixin.py:188} INFO - [2024-08-26T01:31:49.561+0000] {dag.py:3954} INFO - Setting next_dagrun for example_complex to None, run_after=None
[2024-08-26T01:31:49.571+0000] {processor.py:183} INFO - Processing /home/airflow/.local/lib/python3.12/site-packages/airflow/example_dags/example_complex.py took 0.046 seconds
[2024-08-26T01:32:20.207+0000] {processor.py:161} INFO - Started process (PID=922) to work on /home/airflow/.local/lib/python3.12/site-packages/airflow/example_dags/example_complex.py
[2024-08-26T01:32:20.208+0000] {processor.py:830} INFO - Processing file /home/airflow/.local/lib/python3.12/site-packages/airflow/example_dags/example_complex.py for tasks to queue
[2024-08-26T01:32:20.209+0000] {logging_mixin.py:188} INFO - [2024-08-26T01:32:20.209+0000] {dagbag.py:540} INFO - Filling up the DagBag from /home/airflow/.local/lib/python3.12/site-packages/airflow/example_dags/example_complex.py
[2024-08-26T01:32:20.215+0000] {processor.py:840} INFO - DAG(s) 'example_complex' retrieved from /home/airflow/.local/lib/python3.12/site-packages/airflow/example_dags/example_complex.py
[2024-08-26T01:32:20.234+0000] {logging_mixin.py:188} INFO - [2024-08-26T01:32:20.234+0000] {dag.py:3096} INFO - Sync 1 DAGs
[2024-08-26T01:32:20.240+0000] {logging_mixin.py:188} INFO - [2024-08-26T01:32:20.240+0000] {dag.py:3954} INFO - Setting next_dagrun for example_complex to None, run_after=None
[2024-08-26T01:32:20.250+0000] {processor.py:183} INFO - Processing /home/airflow/.local/lib/python3.12/site-packages/airflow/example_dags/example_complex.py took 0.046 seconds
[2024-08-26T01:32:50.643+0000] {processor.py:161} INFO - Started process (PID=982) to work on /home/airflow/.local/lib/python3.12/site-packages/airflow/example_dags/example_complex.py
[2024-08-26T01:32:50.644+0000] {processor.py:830} INFO - Processing file /home/airflow/.local/lib/python3.12/site-packages/airflow/example_dags/example_complex.py for tasks to queue
[2024-08-26T01:32:50.645+0000] {logging_mixin.py:188} INFO - [2024-08-26T01:32:50.645+0000] {dagbag.py:540} INFO - Filling up the DagBag from /home/airflow/.local/lib/python3.12/site-packages/airflow/example_dags/example_complex.py
[2024-08-26T01:32:50.650+0000] {processor.py:840} INFO - DAG(s) 'example_complex' retrieved from /home/airflow/.local/lib/python3.12/site-packages/airflow/example_dags/example_complex.py
[2024-08-26T01:32:50.768+0000] {logging_mixin.py:188} INFO - [2024-08-26T01:32:50.768+0000] {dag.py:3096} INFO - Sync 1 DAGs
[2024-08-26T01:32:50.774+0000] {logging_mixin.py:188} INFO - [2024-08-26T01:32:50.774+0000] {dag.py:3954} INFO - Setting next_dagrun for example_complex to None, run_after=None
[2024-08-26T01:32:50.783+0000] {processor.py:183} INFO - Processing /home/airflow/.local/lib/python3.12/site-packages/airflow/example_dags/example_complex.py took 0.143 seconds
[2024-08-26T01:33:21.095+0000] {processor.py:161} INFO - Started process (PID=1042) to work on /home/airflow/.local/lib/python3.12/site-packages/airflow/example_dags/example_complex.py
[2024-08-26T01:33:21.096+0000] {processor.py:830} INFO - Processing file /home/airflow/.local/lib/python3.12/site-packages/airflow/example_dags/example_complex.py for tasks to queue
[2024-08-26T01:33:21.097+0000] {logging_mixin.py:188} INFO - [2024-08-26T01:33:21.097+0000] {dagbag.py:540} INFO - Filling up the DagBag from /home/airflow/.local/lib/python3.12/site-packages/airflow/example_dags/example_complex.py
[2024-08-26T01:33:21.103+0000] {processor.py:840} INFO - DAG(s) 'example_complex' retrieved from /home/airflow/.local/lib/python3.12/site-packages/airflow/example_dags/example_complex.py
[2024-08-26T01:33:21.121+0000] {logging_mixin.py:188} INFO - [2024-08-26T01:33:21.121+0000] {dag.py:3096} INFO - Sync 1 DAGs
[2024-08-26T01:33:21.222+0000] {logging_mixin.py:188} INFO - [2024-08-26T01:33:21.222+0000] {dag.py:3954} INFO - Setting next_dagrun for example_complex to None, run_after=None
[2024-08-26T01:33:21.232+0000] {processor.py:183} INFO - Processing /home/airflow/.local/lib/python3.12/site-packages/airflow/example_dags/example_complex.py took 0.140 seconds
[2024-08-26T01:33:51.349+0000] {processor.py:161} INFO - Started process (PID=1102) to work on /home/airflow/.local/lib/python3.12/site-packages/airflow/example_dags/example_complex.py
[2024-08-26T01:33:51.349+0000] {processor.py:830} INFO - Processing file /home/airflow/.local/lib/python3.12/site-packages/airflow/example_dags/example_complex.py for tasks to queue
[2024-08-26T01:33:51.350+0000] {logging_mixin.py:188} INFO - [2024-08-26T01:33:51.350+0000] {dagbag.py:540} INFO - Filling up the DagBag from /home/airflow/.local/lib/python3.12/site-packages/airflow/example_dags/example_complex.py
[2024-08-26T01:33:51.356+0000] {processor.py:840} INFO - DAG(s) 'example_complex' retrieved from /home/airflow/.local/lib/python3.12/site-packages/airflow/example_dags/example_complex.py
[2024-08-26T01:33:51.375+0000] {logging_mixin.py:188} INFO - [2024-08-26T01:33:51.375+0000] {dag.py:3096} INFO - Sync 1 DAGs
[2024-08-26T01:33:51.382+0000] {logging_mixin.py:188} INFO - [2024-08-26T01:33:51.382+0000] {dag.py:3954} INFO - Setting next_dagrun for example_complex to None, run_after=None
[2024-08-26T01:33:51.392+0000] {processor.py:183} INFO - Processing /home/airflow/.local/lib/python3.12/site-packages/airflow/example_dags/example_complex.py took 0.047 seconds
[2024-08-26T01:34:21.494+0000] {processor.py:161} INFO - Started process (PID=1162) to work on /home/airflow/.local/lib/python3.12/site-packages/airflow/example_dags/example_complex.py
[2024-08-26T01:34:21.494+0000] {processor.py:830} INFO - Processing file /home/airflow/.local/lib/python3.12/site-packages/airflow/example_dags/example_complex.py for tasks to queue
[2024-08-26T01:34:21.495+0000] {logging_mixin.py:188} INFO - [2024-08-26T01:34:21.495+0000] {dagbag.py:540} INFO - Filling up the DagBag from /home/airflow/.local/lib/python3.12/site-packages/airflow/example_dags/example_complex.py
[2024-08-26T01:34:21.501+0000] {processor.py:840} INFO - DAG(s) 'example_complex' retrieved from /home/airflow/.local/lib/python3.12/site-packages/airflow/example_dags/example_complex.py
[2024-08-26T01:34:21.519+0000] {logging_mixin.py:188} INFO - [2024-08-26T01:34:21.519+0000] {dag.py:3096} INFO - Sync 1 DAGs
[2024-08-26T01:34:21.526+0000] {logging_mixin.py:188} INFO - [2024-08-26T01:34:21.526+0000] {dag.py:3954} INFO - Setting next_dagrun for example_complex to None, run_after=None
[2024-08-26T01:34:21.536+0000] {processor.py:183} INFO - Processing /home/airflow/.local/lib/python3.12/site-packages/airflow/example_dags/example_complex.py took 0.046 seconds
[2024-08-26T01:34:52.306+0000] {processor.py:161} INFO - Started process (PID=1222) to work on /home/airflow/.local/lib/python3.12/site-packages/airflow/example_dags/example_complex.py
[2024-08-26T01:34:52.306+0000] {processor.py:830} INFO - Processing file /home/airflow/.local/lib/python3.12/site-packages/airflow/example_dags/example_complex.py for tasks to queue
[2024-08-26T01:34:52.307+0000] {logging_mixin.py:188} INFO - [2024-08-26T01:34:52.307+0000] {dagbag.py:540} INFO - Filling up the DagBag from /home/airflow/.local/lib/python3.12/site-packages/airflow/example_dags/example_complex.py
[2024-08-26T01:34:52.313+0000] {processor.py:840} INFO - DAG(s) 'example_complex' retrieved from /home/airflow/.local/lib/python3.12/site-packages/airflow/example_dags/example_complex.py
[2024-08-26T01:34:52.332+0000] {logging_mixin.py:188} INFO - [2024-08-26T01:34:52.332+0000] {dag.py:3096} INFO - Sync 1 DAGs
[2024-08-26T01:34:52.340+0000] {logging_mixin.py:188} INFO - [2024-08-26T01:34:52.340+0000] {dag.py:3954} INFO - Setting next_dagrun for example_complex to None, run_after=None
[2024-08-26T01:34:52.350+0000] {processor.py:183} INFO - Processing /home/airflow/.local/lib/python3.12/site-packages/airflow/example_dags/example_complex.py took 0.048 seconds
[2024-08-26T01:35:23.202+0000] {processor.py:161} INFO - Started process (PID=1282) to work on /home/airflow/.local/lib/python3.12/site-packages/airflow/example_dags/example_complex.py
[2024-08-26T01:35:23.203+0000] {processor.py:830} INFO - Processing file /home/airflow/.local/lib/python3.12/site-packages/airflow/example_dags/example_complex.py for tasks to queue
[2024-08-26T01:35:23.204+0000] {logging_mixin.py:188} INFO - [2024-08-26T01:35:23.203+0000] {dagbag.py:540} INFO - Filling up the DagBag from /home/airflow/.local/lib/python3.12/site-packages/airflow/example_dags/example_complex.py
[2024-08-26T01:35:23.209+0000] {processor.py:840} INFO - DAG(s) 'example_complex' retrieved from /home/airflow/.local/lib/python3.12/site-packages/airflow/example_dags/example_complex.py
[2024-08-26T01:35:23.228+0000] {logging_mixin.py:188} INFO - [2024-08-26T01:35:23.228+0000] {dag.py:3096} INFO - Sync 1 DAGs
[2024-08-26T01:35:23.235+0000] {logging_mixin.py:188} INFO - [2024-08-26T01:35:23.235+0000] {dag.py:3954} INFO - Setting next_dagrun for example_complex to None, run_after=None
[2024-08-26T01:35:23.245+0000] {processor.py:183} INFO - Processing /home/airflow/.local/lib/python3.12/site-packages/airflow/example_dags/example_complex.py took 0.046 seconds
[2024-08-26T01:35:54.095+0000] {processor.py:161} INFO - Started process (PID=1342) to work on /home/airflow/.local/lib/python3.12/site-packages/airflow/example_dags/example_complex.py
[2024-08-26T01:35:54.095+0000] {processor.py:830} INFO - Processing file /home/airflow/.local/lib/python3.12/site-packages/airflow/example_dags/example_complex.py for tasks to queue
[2024-08-26T01:35:54.096+0000] {logging_mixin.py:188} INFO - [2024-08-26T01:35:54.096+0000] {dagbag.py:540} INFO - Filling up the DagBag from /home/airflow/.local/lib/python3.12/site-packages/airflow/example_dags/example_complex.py
[2024-08-26T01:35:54.102+0000] {processor.py:840} INFO - DAG(s) 'example_complex' retrieved from /home/airflow/.local/lib/python3.12/site-packages/airflow/example_dags/example_complex.py
[2024-08-26T01:35:54.121+0000] {logging_mixin.py:188} INFO - [2024-08-26T01:35:54.121+0000] {dag.py:3096} INFO - Sync 1 DAGs
[2024-08-26T01:35:54.128+0000] {logging_mixin.py:188} INFO - [2024-08-26T01:35:54.128+0000] {dag.py:3954} INFO - Setting next_dagrun for example_complex to None, run_after=None
[2024-08-26T01:35:54.138+0000] {processor.py:183} INFO - Processing /home/airflow/.local/lib/python3.12/site-packages/airflow/example_dags/example_complex.py took 0.047 seconds
[2024-08-26T01:36:24.188+0000] {processor.py:161} INFO - Started process (PID=1402) to work on /home/airflow/.local/lib/python3.12/site-packages/airflow/example_dags/example_complex.py
[2024-08-26T01:36:24.188+0000] {processor.py:830} INFO - Processing file /home/airflow/.local/lib/python3.12/site-packages/airflow/example_dags/example_complex.py for tasks to queue
[2024-08-26T01:36:24.189+0000] {logging_mixin.py:188} INFO - [2024-08-26T01:36:24.189+0000] {dagbag.py:540} INFO - Filling up the DagBag from /home/airflow/.local/lib/python3.12/site-packages/airflow/example_dags/example_complex.py
[2024-08-26T01:36:24.195+0000] {processor.py:840} INFO - DAG(s) 'example_complex' retrieved from /home/airflow/.local/lib/python3.12/site-packages/airflow/example_dags/example_complex.py
[2024-08-26T01:36:24.214+0000] {logging_mixin.py:188} INFO - [2024-08-26T01:36:24.214+0000] {dag.py:3096} INFO - Sync 1 DAGs
[2024-08-26T01:36:24.221+0000] {logging_mixin.py:188} INFO - [2024-08-26T01:36:24.220+0000] {dag.py:3954} INFO - Setting next_dagrun for example_complex to None, run_after=None
[2024-08-26T01:36:24.230+0000] {processor.py:183} INFO - Processing /home/airflow/.local/lib/python3.12/site-packages/airflow/example_dags/example_complex.py took 0.045 seconds
[2024-08-26T01:36:54.387+0000] {processor.py:161} INFO - Started process (PID=1462) to work on /home/airflow/.local/lib/python3.12/site-packages/airflow/example_dags/example_complex.py
[2024-08-26T01:36:54.388+0000] {processor.py:830} INFO - Processing file /home/airflow/.local/lib/python3.12/site-packages/airflow/example_dags/example_complex.py for tasks to queue
[2024-08-26T01:36:54.389+0000] {logging_mixin.py:188} INFO - [2024-08-26T01:36:54.389+0000] {dagbag.py:540} INFO - Filling up the DagBag from /home/airflow/.local/lib/python3.12/site-packages/airflow/example_dags/example_complex.py
[2024-08-26T01:36:54.394+0000] {processor.py:840} INFO - DAG(s) 'example_complex' retrieved from /home/airflow/.local/lib/python3.12/site-packages/airflow/example_dags/example_complex.py
[2024-08-26T01:36:54.413+0000] {logging_mixin.py:188} INFO - [2024-08-26T01:36:54.412+0000] {dag.py:3096} INFO - Sync 1 DAGs
[2024-08-26T01:36:54.420+0000] {logging_mixin.py:188} INFO - [2024-08-26T01:36:54.419+0000] {dag.py:3954} INFO - Setting next_dagrun for example_complex to None, run_after=None
[2024-08-26T01:36:54.430+0000] {processor.py:183} INFO - Processing /home/airflow/.local/lib/python3.12/site-packages/airflow/example_dags/example_complex.py took 0.046 seconds
[2024-08-26T01:37:24.624+0000] {processor.py:161} INFO - Started process (PID=1522) to work on /home/airflow/.local/lib/python3.12/site-packages/airflow/example_dags/example_complex.py
[2024-08-26T01:37:24.625+0000] {processor.py:830} INFO - Processing file /home/airflow/.local/lib/python3.12/site-packages/airflow/example_dags/example_complex.py for tasks to queue
[2024-08-26T01:37:24.626+0000] {logging_mixin.py:188} INFO - [2024-08-26T01:37:24.626+0000] {dagbag.py:540} INFO - Filling up the DagBag from /home/airflow/.local/lib/python3.12/site-packages/airflow/example_dags/example_complex.py
[2024-08-26T01:37:24.632+0000] {processor.py:840} INFO - DAG(s) 'example_complex' retrieved from /home/airflow/.local/lib/python3.12/site-packages/airflow/example_dags/example_complex.py
[2024-08-26T01:37:24.651+0000] {logging_mixin.py:188} INFO - [2024-08-26T01:37:24.651+0000] {dag.py:3096} INFO - Sync 1 DAGs
[2024-08-26T01:37:24.658+0000] {logging_mixin.py:188} INFO - [2024-08-26T01:37:24.658+0000] {dag.py:3954} INFO - Setting next_dagrun for example_complex to None, run_after=None
[2024-08-26T01:37:24.668+0000] {processor.py:183} INFO - Processing /home/airflow/.local/lib/python3.12/site-packages/airflow/example_dags/example_complex.py took 0.047 seconds
[2024-08-26T01:37:54.790+0000] {processor.py:161} INFO - Started process (PID=1582) to work on /home/airflow/.local/lib/python3.12/site-packages/airflow/example_dags/example_complex.py
[2024-08-26T01:37:54.791+0000] {processor.py:830} INFO - Processing file /home/airflow/.local/lib/python3.12/site-packages/airflow/example_dags/example_complex.py for tasks to queue
[2024-08-26T01:37:54.792+0000] {logging_mixin.py:188} INFO - [2024-08-26T01:37:54.792+0000] {dagbag.py:540} INFO - Filling up the DagBag from /home/airflow/.local/lib/python3.12/site-packages/airflow/example_dags/example_complex.py
[2024-08-26T01:37:54.797+0000] {processor.py:840} INFO - DAG(s) 'example_complex' retrieved from /home/airflow/.local/lib/python3.12/site-packages/airflow/example_dags/example_complex.py
[2024-08-26T01:37:54.816+0000] {logging_mixin.py:188} INFO - [2024-08-26T01:37:54.816+0000] {dag.py:3096} INFO - Sync 1 DAGs
[2024-08-26T01:37:54.823+0000] {logging_mixin.py:188} INFO - [2024-08-26T01:37:54.823+0000] {dag.py:3954} INFO - Setting next_dagrun for example_complex to None, run_after=None
[2024-08-26T01:37:54.832+0000] {processor.py:183} INFO - Processing /home/airflow/.local/lib/python3.12/site-packages/airflow/example_dags/example_complex.py took 0.045 seconds
[2024-08-26T01:38:24.894+0000] {processor.py:161} INFO - Started process (PID=1642) to work on /home/airflow/.local/lib/python3.12/site-packages/airflow/example_dags/example_complex.py
[2024-08-26T01:38:24.895+0000] {processor.py:830} INFO - Processing file /home/airflow/.local/lib/python3.12/site-packages/airflow/example_dags/example_complex.py for tasks to queue
[2024-08-26T01:38:24.896+0000] {logging_mixin.py:188} INFO - [2024-08-26T01:38:24.896+0000] {dagbag.py:540} INFO - Filling up the DagBag from /home/airflow/.local/lib/python3.12/site-packages/airflow/example_dags/example_complex.py
[2024-08-26T01:38:24.902+0000] {processor.py:840} INFO - DAG(s) 'example_complex' retrieved from /home/airflow/.local/lib/python3.12/site-packages/airflow/example_dags/example_complex.py
[2024-08-26T01:38:24.922+0000] {logging_mixin.py:188} INFO - [2024-08-26T01:38:24.921+0000] {dag.py:3096} INFO - Sync 1 DAGs
[2024-08-26T01:38:24.929+0000] {logging_mixin.py:188} INFO - [2024-08-26T01:38:24.929+0000] {dag.py:3954} INFO - Setting next_dagrun for example_complex to None, run_after=None
[2024-08-26T01:38:24.939+0000] {processor.py:183} INFO - Processing /home/airflow/.local/lib/python3.12/site-packages/airflow/example_dags/example_complex.py took 0.048 seconds
[2024-08-26T01:38:55.107+0000] {processor.py:161} INFO - Started process (PID=1702) to work on /home/airflow/.local/lib/python3.12/site-packages/airflow/example_dags/example_complex.py
[2024-08-26T01:38:55.108+0000] {processor.py:830} INFO - Processing file /home/airflow/.local/lib/python3.12/site-packages/airflow/example_dags/example_complex.py for tasks to queue
[2024-08-26T01:38:55.109+0000] {logging_mixin.py:188} INFO - [2024-08-26T01:38:55.108+0000] {dagbag.py:540} INFO - Filling up the DagBag from /home/airflow/.local/lib/python3.12/site-packages/airflow/example_dags/example_complex.py
[2024-08-26T01:38:55.114+0000] {processor.py:840} INFO - DAG(s) 'example_complex' retrieved from /home/airflow/.local/lib/python3.12/site-packages/airflow/example_dags/example_complex.py
[2024-08-26T01:38:55.133+0000] {logging_mixin.py:188} INFO - [2024-08-26T01:38:55.133+0000] {dag.py:3096} INFO - Sync 1 DAGs
[2024-08-26T01:38:55.140+0000] {logging_mixin.py:188} INFO - [2024-08-26T01:38:55.140+0000] {dag.py:3954} INFO - Setting next_dagrun for example_complex to None, run_after=None
[2024-08-26T01:38:55.149+0000] {processor.py:183} INFO - Processing /home/airflow/.local/lib/python3.12/site-packages/airflow/example_dags/example_complex.py took 0.046 seconds
[2024-08-26T01:39:25.196+0000] {processor.py:161} INFO - Started process (PID=1762) to work on /home/airflow/.local/lib/python3.12/site-packages/airflow/example_dags/example_complex.py
[2024-08-26T01:39:25.197+0000] {processor.py:830} INFO - Processing file /home/airflow/.local/lib/python3.12/site-packages/airflow/example_dags/example_complex.py for tasks to queue
[2024-08-26T01:39:25.197+0000] {logging_mixin.py:188} INFO - [2024-08-26T01:39:25.197+0000] {dagbag.py:540} INFO - Filling up the DagBag from /home/airflow/.local/lib/python3.12/site-packages/airflow/example_dags/example_complex.py
[2024-08-26T01:39:25.203+0000] {processor.py:840} INFO - DAG(s) 'example_complex' retrieved from /home/airflow/.local/lib/python3.12/site-packages/airflow/example_dags/example_complex.py
[2024-08-26T01:39:25.222+0000] {logging_mixin.py:188} INFO - [2024-08-26T01:39:25.221+0000] {dag.py:3096} INFO - Sync 1 DAGs
[2024-08-26T01:39:25.229+0000] {logging_mixin.py:188} INFO - [2024-08-26T01:39:25.228+0000] {dag.py:3954} INFO - Setting next_dagrun for example_complex to None, run_after=None
[2024-08-26T01:39:25.238+0000] {processor.py:183} INFO - Processing /home/airflow/.local/lib/python3.12/site-packages/airflow/example_dags/example_complex.py took 0.045 seconds
[2024-08-26T01:39:55.900+0000] {processor.py:161} INFO - Started process (PID=1822) to work on /home/airflow/.local/lib/python3.12/site-packages/airflow/example_dags/example_complex.py
[2024-08-26T01:39:55.901+0000] {processor.py:830} INFO - Processing file /home/airflow/.local/lib/python3.12/site-packages/airflow/example_dags/example_complex.py for tasks to queue
[2024-08-26T01:39:55.902+0000] {logging_mixin.py:188} INFO - [2024-08-26T01:39:55.902+0000] {dagbag.py:540} INFO - Filling up the DagBag from /home/airflow/.local/lib/python3.12/site-packages/airflow/example_dags/example_complex.py
[2024-08-26T01:39:55.908+0000] {processor.py:840} INFO - DAG(s) 'example_complex' retrieved from /home/airflow/.local/lib/python3.12/site-packages/airflow/example_dags/example_complex.py
[2024-08-26T01:39:55.927+0000] {logging_mixin.py:188} INFO - [2024-08-26T01:39:55.926+0000] {dag.py:3096} INFO - Sync 1 DAGs
[2024-08-26T01:39:55.934+0000] {logging_mixin.py:188} INFO - [2024-08-26T01:39:55.934+0000] {dag.py:3954} INFO - Setting next_dagrun for example_complex to None, run_after=None
[2024-08-26T01:39:55.947+0000] {processor.py:183} INFO - Processing /home/airflow/.local/lib/python3.12/site-packages/airflow/example_dags/example_complex.py took 0.050 seconds
[2024-08-26T01:40:26.672+0000] {processor.py:161} INFO - Started process (PID=1882) to work on /home/airflow/.local/lib/python3.12/site-packages/airflow/example_dags/example_complex.py
[2024-08-26T01:40:26.672+0000] {processor.py:830} INFO - Processing file /home/airflow/.local/lib/python3.12/site-packages/airflow/example_dags/example_complex.py for tasks to queue
[2024-08-26T01:40:26.673+0000] {logging_mixin.py:188} INFO - [2024-08-26T01:40:26.673+0000] {dagbag.py:540} INFO - Filling up the DagBag from /home/airflow/.local/lib/python3.12/site-packages/airflow/example_dags/example_complex.py
[2024-08-26T01:40:26.679+0000] {processor.py:840} INFO - DAG(s) 'example_complex' retrieved from /home/airflow/.local/lib/python3.12/site-packages/airflow/example_dags/example_complex.py
[2024-08-26T01:40:26.698+0000] {logging_mixin.py:188} INFO - [2024-08-26T01:40:26.698+0000] {dag.py:3096} INFO - Sync 1 DAGs
[2024-08-26T01:40:26.705+0000] {logging_mixin.py:188} INFO - [2024-08-26T01:40:26.705+0000] {dag.py:3954} INFO - Setting next_dagrun for example_complex to None, run_after=None
[2024-08-26T01:40:26.715+0000] {processor.py:183} INFO - Processing /home/airflow/.local/lib/python3.12/site-packages/airflow/example_dags/example_complex.py took 0.046 seconds
[2024-08-26T01:40:57.431+0000] {processor.py:161} INFO - Started process (PID=1942) to work on /home/airflow/.local/lib/python3.12/site-packages/airflow/example_dags/example_complex.py
[2024-08-26T01:40:57.431+0000] {processor.py:830} INFO - Processing file /home/airflow/.local/lib/python3.12/site-packages/airflow/example_dags/example_complex.py for tasks to queue
[2024-08-26T01:40:57.432+0000] {logging_mixin.py:188} INFO - [2024-08-26T01:40:57.432+0000] {dagbag.py:540} INFO - Filling up the DagBag from /home/airflow/.local/lib/python3.12/site-packages/airflow/example_dags/example_complex.py
[2024-08-26T01:40:57.438+0000] {processor.py:840} INFO - DAG(s) 'example_complex' retrieved from /home/airflow/.local/lib/python3.12/site-packages/airflow/example_dags/example_complex.py
[2024-08-26T01:40:57.457+0000] {logging_mixin.py:188} INFO - [2024-08-26T01:40:57.457+0000] {dag.py:3096} INFO - Sync 1 DAGs
[2024-08-26T01:40:57.464+0000] {logging_mixin.py:188} INFO - [2024-08-26T01:40:57.464+0000] {dag.py:3954} INFO - Setting next_dagrun for example_complex to None, run_after=None
[2024-08-26T01:40:57.474+0000] {processor.py:183} INFO - Processing /home/airflow/.local/lib/python3.12/site-packages/airflow/example_dags/example_complex.py took 0.047 seconds
[2024-08-26T01:41:28.152+0000] {processor.py:161} INFO - Started process (PID=2002) to work on /home/airflow/.local/lib/python3.12/site-packages/airflow/example_dags/example_complex.py
[2024-08-26T01:41:28.153+0000] {processor.py:830} INFO - Processing file /home/airflow/.local/lib/python3.12/site-packages/airflow/example_dags/example_complex.py for tasks to queue
[2024-08-26T01:41:28.154+0000] {logging_mixin.py:188} INFO - [2024-08-26T01:41:28.154+0000] {dagbag.py:540} INFO - Filling up the DagBag from /home/airflow/.local/lib/python3.12/site-packages/airflow/example_dags/example_complex.py
[2024-08-26T01:41:28.160+0000] {processor.py:840} INFO - DAG(s) 'example_complex' retrieved from /home/airflow/.local/lib/python3.12/site-packages/airflow/example_dags/example_complex.py
[2024-08-26T01:41:28.179+0000] {logging_mixin.py:188} INFO - [2024-08-26T01:41:28.178+0000] {dag.py:3096} INFO - Sync 1 DAGs
[2024-08-26T01:41:28.186+0000] {logging_mixin.py:188} INFO - [2024-08-26T01:41:28.185+0000] {dag.py:3954} INFO - Setting next_dagrun for example_complex to None, run_after=None
[2024-08-26T01:41:28.195+0000] {processor.py:183} INFO - Processing /home/airflow/.local/lib/python3.12/site-packages/airflow/example_dags/example_complex.py took 0.046 seconds
[2024-08-26T01:41:58.866+0000] {processor.py:161} INFO - Started process (PID=2062) to work on /home/airflow/.local/lib/python3.12/site-packages/airflow/example_dags/example_complex.py
[2024-08-26T01:41:58.867+0000] {processor.py:830} INFO - Processing file /home/airflow/.local/lib/python3.12/site-packages/airflow/example_dags/example_complex.py for tasks to queue
[2024-08-26T01:41:58.868+0000] {logging_mixin.py:188} INFO - [2024-08-26T01:41:58.868+0000] {dagbag.py:540} INFO - Filling up the DagBag from /home/airflow/.local/lib/python3.12/site-packages/airflow/example_dags/example_complex.py
[2024-08-26T01:41:58.874+0000] {processor.py:840} INFO - DAG(s) 'example_complex' retrieved from /home/airflow/.local/lib/python3.12/site-packages/airflow/example_dags/example_complex.py
[2024-08-26T01:41:58.893+0000] {logging_mixin.py:188} INFO - [2024-08-26T01:41:58.893+0000] {dag.py:3096} INFO - Sync 1 DAGs
[2024-08-26T01:41:58.900+0000] {logging_mixin.py:188} INFO - [2024-08-26T01:41:58.900+0000] {dag.py:3954} INFO - Setting next_dagrun for example_complex to None, run_after=None
[2024-08-26T01:41:58.910+0000] {processor.py:183} INFO - Processing /home/airflow/.local/lib/python3.12/site-packages/airflow/example_dags/example_complex.py took 0.047 seconds
[2024-08-26T01:42:29.604+0000] {processor.py:161} INFO - Started process (PID=2122) to work on /home/airflow/.local/lib/python3.12/site-packages/airflow/example_dags/example_complex.py
[2024-08-26T01:42:29.605+0000] {processor.py:830} INFO - Processing file /home/airflow/.local/lib/python3.12/site-packages/airflow/example_dags/example_complex.py for tasks to queue
[2024-08-26T01:42:29.606+0000] {logging_mixin.py:188} INFO - [2024-08-26T01:42:29.606+0000] {dagbag.py:540} INFO - Filling up the DagBag from /home/airflow/.local/lib/python3.12/site-packages/airflow/example_dags/example_complex.py
[2024-08-26T01:42:29.612+0000] {processor.py:840} INFO - DAG(s) 'example_complex' retrieved from /home/airflow/.local/lib/python3.12/site-packages/airflow/example_dags/example_complex.py
[2024-08-26T01:42:29.631+0000] {logging_mixin.py:188} INFO - [2024-08-26T01:42:29.631+0000] {dag.py:3096} INFO - Sync 1 DAGs
[2024-08-26T01:42:29.639+0000] {logging_mixin.py:188} INFO - [2024-08-26T01:42:29.639+0000] {dag.py:3954} INFO - Setting next_dagrun for example_complex to None, run_after=None
[2024-08-26T01:42:29.649+0000] {processor.py:183} INFO - Processing /home/airflow/.local/lib/python3.12/site-packages/airflow/example_dags/example_complex.py took 0.048 seconds
[2024-08-26T01:43:00.281+0000] {processor.py:161} INFO - Started process (PID=2182) to work on /home/airflow/.local/lib/python3.12/site-packages/airflow/example_dags/example_complex.py
[2024-08-26T01:43:00.281+0000] {processor.py:830} INFO - Processing file /home/airflow/.local/lib/python3.12/site-packages/airflow/example_dags/example_complex.py for tasks to queue
[2024-08-26T01:43:00.282+0000] {logging_mixin.py:188} INFO - [2024-08-26T01:43:00.282+0000] {dagbag.py:540} INFO - Filling up the DagBag from /home/airflow/.local/lib/python3.12/site-packages/airflow/example_dags/example_complex.py
[2024-08-26T01:43:00.288+0000] {processor.py:840} INFO - DAG(s) 'example_complex' retrieved from /home/airflow/.local/lib/python3.12/site-packages/airflow/example_dags/example_complex.py
[2024-08-26T01:43:00.307+0000] {logging_mixin.py:188} INFO - [2024-08-26T01:43:00.307+0000] {dag.py:3096} INFO - Sync 1 DAGs
[2024-08-26T01:43:00.314+0000] {logging_mixin.py:188} INFO - [2024-08-26T01:43:00.314+0000] {dag.py:3954} INFO - Setting next_dagrun for example_complex to None, run_after=None
[2024-08-26T01:43:00.323+0000] {processor.py:183} INFO - Processing /home/airflow/.local/lib/python3.12/site-packages/airflow/example_dags/example_complex.py took 0.046 seconds
[2024-08-26T01:43:30.960+0000] {processor.py:161} INFO - Started process (PID=2242) to work on /home/airflow/.local/lib/python3.12/site-packages/airflow/example_dags/example_complex.py
[2024-08-26T01:43:30.961+0000] {processor.py:830} INFO - Processing file /home/airflow/.local/lib/python3.12/site-packages/airflow/example_dags/example_complex.py for tasks to queue
[2024-08-26T01:43:30.962+0000] {logging_mixin.py:188} INFO - [2024-08-26T01:43:30.961+0000] {dagbag.py:540} INFO - Filling up the DagBag from /home/airflow/.local/lib/python3.12/site-packages/airflow/example_dags/example_complex.py
[2024-08-26T01:43:30.967+0000] {processor.py:840} INFO - DAG(s) 'example_complex' retrieved from /home/airflow/.local/lib/python3.12/site-packages/airflow/example_dags/example_complex.py
[2024-08-26T01:43:30.986+0000] {logging_mixin.py:188} INFO - [2024-08-26T01:43:30.986+0000] {dag.py:3096} INFO - Sync 1 DAGs
[2024-08-26T01:43:30.993+0000] {logging_mixin.py:188} INFO - [2024-08-26T01:43:30.993+0000] {dag.py:3954} INFO - Setting next_dagrun for example_complex to None, run_after=None
[2024-08-26T01:43:31.003+0000] {processor.py:183} INFO - Processing /home/airflow/.local/lib/python3.12/site-packages/airflow/example_dags/example_complex.py took 0.046 seconds
[2024-08-26T01:44:01.690+0000] {processor.py:161} INFO - Started process (PID=2302) to work on /home/airflow/.local/lib/python3.12/site-packages/airflow/example_dags/example_complex.py
[2024-08-26T01:44:01.690+0000] {processor.py:830} INFO - Processing file /home/airflow/.local/lib/python3.12/site-packages/airflow/example_dags/example_complex.py for tasks to queue
[2024-08-26T01:44:01.691+0000] {logging_mixin.py:188} INFO - [2024-08-26T01:44:01.691+0000] {dagbag.py:540} INFO - Filling up the DagBag from /home/airflow/.local/lib/python3.12/site-packages/airflow/example_dags/example_complex.py
[2024-08-26T01:44:01.697+0000] {processor.py:840} INFO - DAG(s) 'example_complex' retrieved from /home/airflow/.local/lib/python3.12/site-packages/airflow/example_dags/example_complex.py
[2024-08-26T01:44:01.716+0000] {logging_mixin.py:188} INFO - [2024-08-26T01:44:01.716+0000] {dag.py:3096} INFO - Sync 1 DAGs
[2024-08-26T01:44:01.723+0000] {logging_mixin.py:188} INFO - [2024-08-26T01:44:01.723+0000] {dag.py:3954} INFO - Setting next_dagrun for example_complex to None, run_after=None
[2024-08-26T01:44:01.733+0000] {processor.py:183} INFO - Processing /home/airflow/.local/lib/python3.12/site-packages/airflow/example_dags/example_complex.py took 0.046 seconds
[2024-08-26T01:44:32.420+0000] {processor.py:161} INFO - Started process (PID=2362) to work on /home/airflow/.local/lib/python3.12/site-packages/airflow/example_dags/example_complex.py
[2024-08-26T01:44:32.420+0000] {processor.py:830} INFO - Processing file /home/airflow/.local/lib/python3.12/site-packages/airflow/example_dags/example_complex.py for tasks to queue
[2024-08-26T01:44:32.422+0000] {logging_mixin.py:188} INFO - [2024-08-26T01:44:32.421+0000] {dagbag.py:540} INFO - Filling up the DagBag from /home/airflow/.local/lib/python3.12/site-packages/airflow/example_dags/example_complex.py
[2024-08-26T01:44:32.427+0000] {processor.py:840} INFO - DAG(s) 'example_complex' retrieved from /home/airflow/.local/lib/python3.12/site-packages/airflow/example_dags/example_complex.py
[2024-08-26T01:44:32.446+0000] {logging_mixin.py:188} INFO - [2024-08-26T01:44:32.446+0000] {dag.py:3096} INFO - Sync 1 DAGs
[2024-08-26T01:44:32.453+0000] {logging_mixin.py:188} INFO - [2024-08-26T01:44:32.453+0000] {dag.py:3954} INFO - Setting next_dagrun for example_complex to None, run_after=None
[2024-08-26T01:44:32.464+0000] {processor.py:183} INFO - Processing /home/airflow/.local/lib/python3.12/site-packages/airflow/example_dags/example_complex.py took 0.047 seconds
[2024-08-26T01:45:02.991+0000] {processor.py:161} INFO - Started process (PID=2422) to work on /home/airflow/.local/lib/python3.12/site-packages/airflow/example_dags/example_complex.py
[2024-08-26T01:45:02.991+0000] {processor.py:830} INFO - Processing file /home/airflow/.local/lib/python3.12/site-packages/airflow/example_dags/example_complex.py for tasks to queue
[2024-08-26T01:45:02.992+0000] {logging_mixin.py:188} INFO - [2024-08-26T01:45:02.992+0000] {dagbag.py:540} INFO - Filling up the DagBag from /home/airflow/.local/lib/python3.12/site-packages/airflow/example_dags/example_complex.py
[2024-08-26T01:45:02.998+0000] {processor.py:840} INFO - DAG(s) 'example_complex' retrieved from /home/airflow/.local/lib/python3.12/site-packages/airflow/example_dags/example_complex.py
[2024-08-26T01:45:03.017+0000] {logging_mixin.py:188} INFO - [2024-08-26T01:45:03.017+0000] {dag.py:3096} INFO - Sync 1 DAGs
[2024-08-26T01:45:03.026+0000] {logging_mixin.py:188} INFO - [2024-08-26T01:45:03.025+0000] {dag.py:3954} INFO - Setting next_dagrun for example_complex to None, run_after=None
[2024-08-26T01:45:03.037+0000] {processor.py:183} INFO - Processing /home/airflow/.local/lib/python3.12/site-packages/airflow/example_dags/example_complex.py took 0.049 seconds
[2024-08-26T01:45:33.568+0000] {processor.py:161} INFO - Started process (PID=2482) to work on /home/airflow/.local/lib/python3.12/site-packages/airflow/example_dags/example_complex.py
[2024-08-26T01:45:33.569+0000] {processor.py:830} INFO - Processing file /home/airflow/.local/lib/python3.12/site-packages/airflow/example_dags/example_complex.py for tasks to queue
[2024-08-26T01:45:33.570+0000] {logging_mixin.py:188} INFO - [2024-08-26T01:45:33.570+0000] {dagbag.py:540} INFO - Filling up the DagBag from /home/airflow/.local/lib/python3.12/site-packages/airflow/example_dags/example_complex.py
[2024-08-26T01:45:33.575+0000] {processor.py:840} INFO - DAG(s) 'example_complex' retrieved from /home/airflow/.local/lib/python3.12/site-packages/airflow/example_dags/example_complex.py
[2024-08-26T01:45:33.594+0000] {logging_mixin.py:188} INFO - [2024-08-26T01:45:33.594+0000] {dag.py:3096} INFO - Sync 1 DAGs
[2024-08-26T01:45:33.602+0000] {logging_mixin.py:188} INFO - [2024-08-26T01:45:33.601+0000] {dag.py:3954} INFO - Setting next_dagrun for example_complex to None, run_after=None
[2024-08-26T01:45:33.611+0000] {processor.py:183} INFO - Processing /home/airflow/.local/lib/python3.12/site-packages/airflow/example_dags/example_complex.py took 0.046 seconds
[2024-08-26T01:46:04.231+0000] {processor.py:161} INFO - Started process (PID=2542) to work on /home/airflow/.local/lib/python3.12/site-packages/airflow/example_dags/example_complex.py
[2024-08-26T01:46:04.232+0000] {processor.py:830} INFO - Processing file /home/airflow/.local/lib/python3.12/site-packages/airflow/example_dags/example_complex.py for tasks to queue
[2024-08-26T01:46:04.233+0000] {logging_mixin.py:188} INFO - [2024-08-26T01:46:04.232+0000] {dagbag.py:540} INFO - Filling up the DagBag from /home/airflow/.local/lib/python3.12/site-packages/airflow/example_dags/example_complex.py
[2024-08-26T01:46:04.238+0000] {processor.py:840} INFO - DAG(s) 'example_complex' retrieved from /home/airflow/.local/lib/python3.12/site-packages/airflow/example_dags/example_complex.py
[2024-08-26T01:46:04.257+0000] {logging_mixin.py:188} INFO - [2024-08-26T01:46:04.257+0000] {dag.py:3096} INFO - Sync 1 DAGs
[2024-08-26T01:46:04.264+0000] {logging_mixin.py:188} INFO - [2024-08-26T01:46:04.264+0000] {dag.py:3954} INFO - Setting next_dagrun for example_complex to None, run_after=None
[2024-08-26T01:46:04.274+0000] {processor.py:183} INFO - Processing /home/airflow/.local/lib/python3.12/site-packages/airflow/example_dags/example_complex.py took 0.046 seconds
[2024-08-26T01:46:34.891+0000] {processor.py:161} INFO - Started process (PID=2602) to work on /home/airflow/.local/lib/python3.12/site-packages/airflow/example_dags/example_complex.py
[2024-08-26T01:46:34.891+0000] {processor.py:830} INFO - Processing file /home/airflow/.local/lib/python3.12/site-packages/airflow/example_dags/example_complex.py for tasks to queue
[2024-08-26T01:46:34.892+0000] {logging_mixin.py:188} INFO - [2024-08-26T01:46:34.892+0000] {dagbag.py:540} INFO - Filling up the DagBag from /home/airflow/.local/lib/python3.12/site-packages/airflow/example_dags/example_complex.py
[2024-08-26T01:46:34.898+0000] {processor.py:840} INFO - DAG(s) 'example_complex' retrieved from /home/airflow/.local/lib/python3.12/site-packages/airflow/example_dags/example_complex.py
[2024-08-26T01:46:34.917+0000] {logging_mixin.py:188} INFO - [2024-08-26T01:46:34.917+0000] {dag.py:3096} INFO - Sync 1 DAGs
[2024-08-26T01:46:34.924+0000] {logging_mixin.py:188} INFO - [2024-08-26T01:46:34.924+0000] {dag.py:3954} INFO - Setting next_dagrun for example_complex to None, run_after=None
[2024-08-26T01:46:34.933+0000] {processor.py:183} INFO - Processing /home/airflow/.local/lib/python3.12/site-packages/airflow/example_dags/example_complex.py took 0.046 seconds
[2024-08-26T01:47:05.586+0000] {processor.py:161} INFO - Started process (PID=2662) to work on /home/airflow/.local/lib/python3.12/site-packages/airflow/example_dags/example_complex.py
[2024-08-26T01:47:05.587+0000] {processor.py:830} INFO - Processing file /home/airflow/.local/lib/python3.12/site-packages/airflow/example_dags/example_complex.py for tasks to queue
[2024-08-26T01:47:05.588+0000] {logging_mixin.py:188} INFO - [2024-08-26T01:47:05.588+0000] {dagbag.py:540} INFO - Filling up the DagBag from /home/airflow/.local/lib/python3.12/site-packages/airflow/example_dags/example_complex.py
[2024-08-26T01:47:05.594+0000] {processor.py:840} INFO - DAG(s) 'example_complex' retrieved from /home/airflow/.local/lib/python3.12/site-packages/airflow/example_dags/example_complex.py
[2024-08-26T01:47:05.612+0000] {logging_mixin.py:188} INFO - [2024-08-26T01:47:05.612+0000] {dag.py:3096} INFO - Sync 1 DAGs
[2024-08-26T01:47:05.619+0000] {logging_mixin.py:188} INFO - [2024-08-26T01:47:05.619+0000] {dag.py:3954} INFO - Setting next_dagrun for example_complex to None, run_after=None
[2024-08-26T01:47:05.629+0000] {processor.py:183} INFO - Processing /home/airflow/.local/lib/python3.12/site-packages/airflow/example_dags/example_complex.py took 0.046 seconds
[2024-08-26T01:47:36.246+0000] {processor.py:161} INFO - Started process (PID=2722) to work on /home/airflow/.local/lib/python3.12/site-packages/airflow/example_dags/example_complex.py
[2024-08-26T01:47:36.246+0000] {processor.py:830} INFO - Processing file /home/airflow/.local/lib/python3.12/site-packages/airflow/example_dags/example_complex.py for tasks to queue
[2024-08-26T01:47:36.247+0000] {logging_mixin.py:188} INFO - [2024-08-26T01:47:36.247+0000] {dagbag.py:540} INFO - Filling up the DagBag from /home/airflow/.local/lib/python3.12/site-packages/airflow/example_dags/example_complex.py
[2024-08-26T01:47:36.253+0000] {processor.py:840} INFO - DAG(s) 'example_complex' retrieved from /home/airflow/.local/lib/python3.12/site-packages/airflow/example_dags/example_complex.py
[2024-08-26T01:47:36.272+0000] {logging_mixin.py:188} INFO - [2024-08-26T01:47:36.272+0000] {dag.py:3096} INFO - Sync 1 DAGs
[2024-08-26T01:47:36.279+0000] {logging_mixin.py:188} INFO - [2024-08-26T01:47:36.279+0000] {dag.py:3954} INFO - Setting next_dagrun for example_complex to None, run_after=None
[2024-08-26T01:47:36.289+0000] {processor.py:183} INFO - Processing /home/airflow/.local/lib/python3.12/site-packages/airflow/example_dags/example_complex.py took 0.047 seconds
[2024-08-26T01:48:06.862+0000] {processor.py:161} INFO - Started process (PID=2782) to work on /home/airflow/.local/lib/python3.12/site-packages/airflow/example_dags/example_complex.py
[2024-08-26T01:48:06.863+0000] {processor.py:830} INFO - Processing file /home/airflow/.local/lib/python3.12/site-packages/airflow/example_dags/example_complex.py for tasks to queue
[2024-08-26T01:48:06.864+0000] {logging_mixin.py:188} INFO - [2024-08-26T01:48:06.864+0000] {dagbag.py:540} INFO - Filling up the DagBag from /home/airflow/.local/lib/python3.12/site-packages/airflow/example_dags/example_complex.py
[2024-08-26T01:48:06.870+0000] {processor.py:840} INFO - DAG(s) 'example_complex' retrieved from /home/airflow/.local/lib/python3.12/site-packages/airflow/example_dags/example_complex.py
[2024-08-26T01:48:06.889+0000] {logging_mixin.py:188} INFO - [2024-08-26T01:48:06.889+0000] {dag.py:3096} INFO - Sync 1 DAGs
[2024-08-26T01:48:06.896+0000] {logging_mixin.py:188} INFO - [2024-08-26T01:48:06.895+0000] {dag.py:3954} INFO - Setting next_dagrun for example_complex to None, run_after=None
[2024-08-26T01:48:06.905+0000] {processor.py:183} INFO - Processing /home/airflow/.local/lib/python3.12/site-packages/airflow/example_dags/example_complex.py took 0.046 seconds
[2024-08-26T01:48:37.474+0000] {processor.py:161} INFO - Started process (PID=2842) to work on /home/airflow/.local/lib/python3.12/site-packages/airflow/example_dags/example_complex.py
[2024-08-26T01:48:37.474+0000] {processor.py:830} INFO - Processing file /home/airflow/.local/lib/python3.12/site-packages/airflow/example_dags/example_complex.py for tasks to queue
[2024-08-26T01:48:37.475+0000] {logging_mixin.py:188} INFO - [2024-08-26T01:48:37.475+0000] {dagbag.py:540} INFO - Filling up the DagBag from /home/airflow/.local/lib/python3.12/site-packages/airflow/example_dags/example_complex.py
[2024-08-26T01:48:37.481+0000] {processor.py:840} INFO - DAG(s) 'example_complex' retrieved from /home/airflow/.local/lib/python3.12/site-packages/airflow/example_dags/example_complex.py
[2024-08-26T01:48:37.500+0000] {logging_mixin.py:188} INFO - [2024-08-26T01:48:37.499+0000] {dag.py:3096} INFO - Sync 1 DAGs
[2024-08-26T01:48:37.506+0000] {logging_mixin.py:188} INFO - [2024-08-26T01:48:37.506+0000] {dag.py:3954} INFO - Setting next_dagrun for example_complex to None, run_after=None
[2024-08-26T01:48:37.516+0000] {processor.py:183} INFO - Processing /home/airflow/.local/lib/python3.12/site-packages/airflow/example_dags/example_complex.py took 0.046 seconds
[2024-08-26T01:49:08.108+0000] {processor.py:161} INFO - Started process (PID=2902) to work on /home/airflow/.local/lib/python3.12/site-packages/airflow/example_dags/example_complex.py
[2024-08-26T01:49:08.109+0000] {processor.py:830} INFO - Processing file /home/airflow/.local/lib/python3.12/site-packages/airflow/example_dags/example_complex.py for tasks to queue
[2024-08-26T01:49:08.110+0000] {logging_mixin.py:188} INFO - [2024-08-26T01:49:08.110+0000] {dagbag.py:540} INFO - Filling up the DagBag from /home/airflow/.local/lib/python3.12/site-packages/airflow/example_dags/example_complex.py
[2024-08-26T01:49:08.116+0000] {processor.py:840} INFO - DAG(s) 'example_complex' retrieved from /home/airflow/.local/lib/python3.12/site-packages/airflow/example_dags/example_complex.py
[2024-08-26T01:49:08.134+0000] {logging_mixin.py:188} INFO - [2024-08-26T01:49:08.134+0000] {dag.py:3096} INFO - Sync 1 DAGs
[2024-08-26T01:49:08.141+0000] {logging_mixin.py:188} INFO - [2024-08-26T01:49:08.141+0000] {dag.py:3954} INFO - Setting next_dagrun for example_complex to None, run_after=None
[2024-08-26T01:49:08.151+0000] {processor.py:183} INFO - Processing /home/airflow/.local/lib/python3.12/site-packages/airflow/example_dags/example_complex.py took 0.046 seconds
[2024-08-26T01:49:38.834+0000] {processor.py:161} INFO - Started process (PID=2962) to work on /home/airflow/.local/lib/python3.12/site-packages/airflow/example_dags/example_complex.py
[2024-08-26T01:49:38.835+0000] {processor.py:830} INFO - Processing file /home/airflow/.local/lib/python3.12/site-packages/airflow/example_dags/example_complex.py for tasks to queue
[2024-08-26T01:49:38.836+0000] {logging_mixin.py:188} INFO - [2024-08-26T01:49:38.836+0000] {dagbag.py:540} INFO - Filling up the DagBag from /home/airflow/.local/lib/python3.12/site-packages/airflow/example_dags/example_complex.py
[2024-08-26T01:49:38.842+0000] {processor.py:840} INFO - DAG(s) 'example_complex' retrieved from /home/airflow/.local/lib/python3.12/site-packages/airflow/example_dags/example_complex.py
[2024-08-26T01:49:38.861+0000] {logging_mixin.py:188} INFO - [2024-08-26T01:49:38.860+0000] {dag.py:3096} INFO - Sync 1 DAGs
[2024-08-26T01:49:38.868+0000] {logging_mixin.py:188} INFO - [2024-08-26T01:49:38.868+0000] {dag.py:3954} INFO - Setting next_dagrun for example_complex to None, run_after=None
[2024-08-26T01:49:38.878+0000] {processor.py:183} INFO - Processing /home/airflow/.local/lib/python3.12/site-packages/airflow/example_dags/example_complex.py took 0.047 seconds
[2024-08-26T01:50:09.503+0000] {processor.py:161} INFO - Started process (PID=3022) to work on /home/airflow/.local/lib/python3.12/site-packages/airflow/example_dags/example_complex.py
[2024-08-26T01:50:09.503+0000] {processor.py:830} INFO - Processing file /home/airflow/.local/lib/python3.12/site-packages/airflow/example_dags/example_complex.py for tasks to queue
[2024-08-26T01:50:09.504+0000] {logging_mixin.py:188} INFO - [2024-08-26T01:50:09.504+0000] {dagbag.py:540} INFO - Filling up the DagBag from /home/airflow/.local/lib/python3.12/site-packages/airflow/example_dags/example_complex.py
[2024-08-26T01:50:09.510+0000] {processor.py:840} INFO - DAG(s) 'example_complex' retrieved from /home/airflow/.local/lib/python3.12/site-packages/airflow/example_dags/example_complex.py
[2024-08-26T01:50:09.529+0000] {logging_mixin.py:188} INFO - [2024-08-26T01:50:09.529+0000] {dag.py:3096} INFO - Sync 1 DAGs
[2024-08-26T01:50:09.536+0000] {logging_mixin.py:188} INFO - [2024-08-26T01:50:09.536+0000] {dag.py:3954} INFO - Setting next_dagrun for example_complex to None, run_after=None
[2024-08-26T01:50:09.545+0000] {processor.py:183} INFO - Processing /home/airflow/.local/lib/python3.12/site-packages/airflow/example_dags/example_complex.py took 0.046 seconds
[2024-08-26T01:50:40.152+0000] {processor.py:161} INFO - Started process (PID=3082) to work on /home/airflow/.local/lib/python3.12/site-packages/airflow/example_dags/example_complex.py
[2024-08-26T01:50:40.152+0000] {processor.py:830} INFO - Processing file /home/airflow/.local/lib/python3.12/site-packages/airflow/example_dags/example_complex.py for tasks to queue
[2024-08-26T01:50:40.153+0000] {logging_mixin.py:188} INFO - [2024-08-26T01:50:40.153+0000] {dagbag.py:540} INFO - Filling up the DagBag from /home/airflow/.local/lib/python3.12/site-packages/airflow/example_dags/example_complex.py
[2024-08-26T01:50:40.159+0000] {processor.py:840} INFO - DAG(s) 'example_complex' retrieved from /home/airflow/.local/lib/python3.12/site-packages/airflow/example_dags/example_complex.py
[2024-08-26T01:50:40.178+0000] {logging_mixin.py:188} INFO - [2024-08-26T01:50:40.178+0000] {dag.py:3096} INFO - Sync 1 DAGs
[2024-08-26T01:50:40.185+0000] {logging_mixin.py:188} INFO - [2024-08-26T01:50:40.185+0000] {dag.py:3954} INFO - Setting next_dagrun for example_complex to None, run_after=None
[2024-08-26T01:50:40.194+0000] {processor.py:183} INFO - Processing /home/airflow/.local/lib/python3.12/site-packages/airflow/example_dags/example_complex.py took 0.046 seconds
[2024-08-26T01:51:10.904+0000] {processor.py:161} INFO - Started process (PID=3142) to work on /home/airflow/.local/lib/python3.12/site-packages/airflow/example_dags/example_complex.py
[2024-08-26T01:51:10.904+0000] {processor.py:830} INFO - Processing file /home/airflow/.local/lib/python3.12/site-packages/airflow/example_dags/example_complex.py for tasks to queue
[2024-08-26T01:51:10.905+0000] {logging_mixin.py:188} INFO - [2024-08-26T01:51:10.905+0000] {dagbag.py:540} INFO - Filling up the DagBag from /home/airflow/.local/lib/python3.12/site-packages/airflow/example_dags/example_complex.py
[2024-08-26T01:51:10.911+0000] {processor.py:840} INFO - DAG(s) 'example_complex' retrieved from /home/airflow/.local/lib/python3.12/site-packages/airflow/example_dags/example_complex.py
[2024-08-26T01:51:10.929+0000] {logging_mixin.py:188} INFO - [2024-08-26T01:51:10.929+0000] {dag.py:3096} INFO - Sync 1 DAGs
[2024-08-26T01:51:10.937+0000] {logging_mixin.py:188} INFO - [2024-08-26T01:51:10.937+0000] {dag.py:3954} INFO - Setting next_dagrun for example_complex to None, run_after=None
[2024-08-26T01:51:10.946+0000] {processor.py:183} INFO - Processing /home/airflow/.local/lib/python3.12/site-packages/airflow/example_dags/example_complex.py took 0.046 seconds
[2024-08-26T01:51:41.560+0000] {processor.py:161} INFO - Started process (PID=3202) to work on /home/airflow/.local/lib/python3.12/site-packages/airflow/example_dags/example_complex.py
[2024-08-26T01:51:41.560+0000] {processor.py:830} INFO - Processing file /home/airflow/.local/lib/python3.12/site-packages/airflow/example_dags/example_complex.py for tasks to queue
[2024-08-26T01:51:41.561+0000] {logging_mixin.py:188} INFO - [2024-08-26T01:51:41.561+0000] {dagbag.py:540} INFO - Filling up the DagBag from /home/airflow/.local/lib/python3.12/site-packages/airflow/example_dags/example_complex.py
[2024-08-26T01:51:41.567+0000] {processor.py:840} INFO - DAG(s) 'example_complex' retrieved from /home/airflow/.local/lib/python3.12/site-packages/airflow/example_dags/example_complex.py
[2024-08-26T01:51:41.586+0000] {logging_mixin.py:188} INFO - [2024-08-26T01:51:41.586+0000] {dag.py:3096} INFO - Sync 1 DAGs
[2024-08-26T01:51:41.594+0000] {logging_mixin.py:188} INFO - [2024-08-26T01:51:41.593+0000] {dag.py:3954} INFO - Setting next_dagrun for example_complex to None, run_after=None
[2024-08-26T01:51:41.604+0000] {processor.py:183} INFO - Processing /home/airflow/.local/lib/python3.12/site-packages/airflow/example_dags/example_complex.py took 0.047 seconds
[2024-08-26T01:52:12.258+0000] {processor.py:161} INFO - Started process (PID=3262) to work on /home/airflow/.local/lib/python3.12/site-packages/airflow/example_dags/example_complex.py
[2024-08-26T01:52:12.259+0000] {processor.py:830} INFO - Processing file /home/airflow/.local/lib/python3.12/site-packages/airflow/example_dags/example_complex.py for tasks to queue
[2024-08-26T01:52:12.260+0000] {logging_mixin.py:188} INFO - [2024-08-26T01:52:12.260+0000] {dagbag.py:540} INFO - Filling up the DagBag from /home/airflow/.local/lib/python3.12/site-packages/airflow/example_dags/example_complex.py
[2024-08-26T01:52:12.266+0000] {processor.py:840} INFO - DAG(s) 'example_complex' retrieved from /home/airflow/.local/lib/python3.12/site-packages/airflow/example_dags/example_complex.py
[2024-08-26T01:52:12.286+0000] {logging_mixin.py:188} INFO - [2024-08-26T01:52:12.285+0000] {dag.py:3096} INFO - Sync 1 DAGs
[2024-08-26T01:52:12.293+0000] {logging_mixin.py:188} INFO - [2024-08-26T01:52:12.293+0000] {dag.py:3954} INFO - Setting next_dagrun for example_complex to None, run_after=None
[2024-08-26T01:52:12.304+0000] {processor.py:183} INFO - Processing /home/airflow/.local/lib/python3.12/site-packages/airflow/example_dags/example_complex.py took 0.049 seconds
[2024-08-26T01:52:42.882+0000] {processor.py:161} INFO - Started process (PID=3322) to work on /home/airflow/.local/lib/python3.12/site-packages/airflow/example_dags/example_complex.py
[2024-08-26T01:52:42.882+0000] {processor.py:830} INFO - Processing file /home/airflow/.local/lib/python3.12/site-packages/airflow/example_dags/example_complex.py for tasks to queue
[2024-08-26T01:52:42.883+0000] {logging_mixin.py:188} INFO - [2024-08-26T01:52:42.883+0000] {dagbag.py:540} INFO - Filling up the DagBag from /home/airflow/.local/lib/python3.12/site-packages/airflow/example_dags/example_complex.py
[2024-08-26T01:52:42.889+0000] {processor.py:840} INFO - DAG(s) 'example_complex' retrieved from /home/airflow/.local/lib/python3.12/site-packages/airflow/example_dags/example_complex.py
[2024-08-26T01:52:42.909+0000] {logging_mixin.py:188} INFO - [2024-08-26T01:52:42.909+0000] {dag.py:3096} INFO - Sync 1 DAGs
[2024-08-26T01:52:42.916+0000] {logging_mixin.py:188} INFO - [2024-08-26T01:52:42.916+0000] {dag.py:3954} INFO - Setting next_dagrun for example_complex to None, run_after=None
[2024-08-26T01:52:42.926+0000] {processor.py:183} INFO - Processing /home/airflow/.local/lib/python3.12/site-packages/airflow/example_dags/example_complex.py took 0.047 seconds
[2024-08-26T01:53:13.490+0000] {processor.py:161} INFO - Started process (PID=3382) to work on /home/airflow/.local/lib/python3.12/site-packages/airflow/example_dags/example_complex.py
[2024-08-26T01:53:13.491+0000] {processor.py:830} INFO - Processing file /home/airflow/.local/lib/python3.12/site-packages/airflow/example_dags/example_complex.py for tasks to queue
[2024-08-26T01:53:13.492+0000] {logging_mixin.py:188} INFO - [2024-08-26T01:53:13.492+0000] {dagbag.py:540} INFO - Filling up the DagBag from /home/airflow/.local/lib/python3.12/site-packages/airflow/example_dags/example_complex.py
[2024-08-26T01:53:13.497+0000] {processor.py:840} INFO - DAG(s) 'example_complex' retrieved from /home/airflow/.local/lib/python3.12/site-packages/airflow/example_dags/example_complex.py
[2024-08-26T01:53:13.517+0000] {logging_mixin.py:188} INFO - [2024-08-26T01:53:13.516+0000] {dag.py:3096} INFO - Sync 1 DAGs
[2024-08-26T01:53:13.524+0000] {logging_mixin.py:188} INFO - [2024-08-26T01:53:13.524+0000] {dag.py:3954} INFO - Setting next_dagrun for example_complex to None, run_after=None
[2024-08-26T01:53:13.534+0000] {processor.py:183} INFO - Processing /home/airflow/.local/lib/python3.12/site-packages/airflow/example_dags/example_complex.py took 0.047 seconds
[2024-08-26T01:53:44.219+0000] {processor.py:161} INFO - Started process (PID=3442) to work on /home/airflow/.local/lib/python3.12/site-packages/airflow/example_dags/example_complex.py
[2024-08-26T01:53:44.220+0000] {processor.py:830} INFO - Processing file /home/airflow/.local/lib/python3.12/site-packages/airflow/example_dags/example_complex.py for tasks to queue
[2024-08-26T01:53:44.221+0000] {logging_mixin.py:188} INFO - [2024-08-26T01:53:44.220+0000] {dagbag.py:540} INFO - Filling up the DagBag from /home/airflow/.local/lib/python3.12/site-packages/airflow/example_dags/example_complex.py
[2024-08-26T01:53:44.226+0000] {processor.py:840} INFO - DAG(s) 'example_complex' retrieved from /home/airflow/.local/lib/python3.12/site-packages/airflow/example_dags/example_complex.py
[2024-08-26T01:53:44.245+0000] {logging_mixin.py:188} INFO - [2024-08-26T01:53:44.245+0000] {dag.py:3096} INFO - Sync 1 DAGs
[2024-08-26T01:53:44.252+0000] {logging_mixin.py:188} INFO - [2024-08-26T01:53:44.252+0000] {dag.py:3954} INFO - Setting next_dagrun for example_complex to None, run_after=None
[2024-08-26T01:53:44.262+0000] {processor.py:183} INFO - Processing /home/airflow/.local/lib/python3.12/site-packages/airflow/example_dags/example_complex.py took 0.046 seconds
[2024-08-26T01:54:14.892+0000] {processor.py:161} INFO - Started process (PID=3502) to work on /home/airflow/.local/lib/python3.12/site-packages/airflow/example_dags/example_complex.py
[2024-08-26T01:54:14.893+0000] {processor.py:830} INFO - Processing file /home/airflow/.local/lib/python3.12/site-packages/airflow/example_dags/example_complex.py for tasks to queue
[2024-08-26T01:54:14.894+0000] {logging_mixin.py:188} INFO - [2024-08-26T01:54:14.894+0000] {dagbag.py:540} INFO - Filling up the DagBag from /home/airflow/.local/lib/python3.12/site-packages/airflow/example_dags/example_complex.py
[2024-08-26T01:54:14.900+0000] {processor.py:840} INFO - DAG(s) 'example_complex' retrieved from /home/airflow/.local/lib/python3.12/site-packages/airflow/example_dags/example_complex.py
[2024-08-26T01:54:14.918+0000] {logging_mixin.py:188} INFO - [2024-08-26T01:54:14.918+0000] {dag.py:3096} INFO - Sync 1 DAGs
[2024-08-26T01:54:14.925+0000] {logging_mixin.py:188} INFO - [2024-08-26T01:54:14.925+0000] {dag.py:3954} INFO - Setting next_dagrun for example_complex to None, run_after=None
[2024-08-26T01:54:14.936+0000] {processor.py:183} INFO - Processing /home/airflow/.local/lib/python3.12/site-packages/airflow/example_dags/example_complex.py took 0.047 seconds
[2024-08-26T01:54:45.540+0000] {processor.py:161} INFO - Started process (PID=3562) to work on /home/airflow/.local/lib/python3.12/site-packages/airflow/example_dags/example_complex.py
[2024-08-26T01:54:45.541+0000] {processor.py:830} INFO - Processing file /home/airflow/.local/lib/python3.12/site-packages/airflow/example_dags/example_complex.py for tasks to queue
[2024-08-26T01:54:45.542+0000] {logging_mixin.py:188} INFO - [2024-08-26T01:54:45.542+0000] {dagbag.py:540} INFO - Filling up the DagBag from /home/airflow/.local/lib/python3.12/site-packages/airflow/example_dags/example_complex.py
[2024-08-26T01:54:45.547+0000] {processor.py:840} INFO - DAG(s) 'example_complex' retrieved from /home/airflow/.local/lib/python3.12/site-packages/airflow/example_dags/example_complex.py
[2024-08-26T01:54:45.566+0000] {logging_mixin.py:188} INFO - [2024-08-26T01:54:45.565+0000] {dag.py:3096} INFO - Sync 1 DAGs
[2024-08-26T01:54:45.572+0000] {logging_mixin.py:188} INFO - [2024-08-26T01:54:45.572+0000] {dag.py:3954} INFO - Setting next_dagrun for example_complex to None, run_after=None
[2024-08-26T01:54:45.582+0000] {processor.py:183} INFO - Processing /home/airflow/.local/lib/python3.12/site-packages/airflow/example_dags/example_complex.py took 0.045 seconds
[2024-08-26T01:55:16.218+0000] {processor.py:161} INFO - Started process (PID=3622) to work on /home/airflow/.local/lib/python3.12/site-packages/airflow/example_dags/example_complex.py
[2024-08-26T01:55:16.219+0000] {processor.py:830} INFO - Processing file /home/airflow/.local/lib/python3.12/site-packages/airflow/example_dags/example_complex.py for tasks to queue
[2024-08-26T01:55:16.220+0000] {logging_mixin.py:188} INFO - [2024-08-26T01:55:16.220+0000] {dagbag.py:540} INFO - Filling up the DagBag from /home/airflow/.local/lib/python3.12/site-packages/airflow/example_dags/example_complex.py
[2024-08-26T01:55:16.225+0000] {processor.py:840} INFO - DAG(s) 'example_complex' retrieved from /home/airflow/.local/lib/python3.12/site-packages/airflow/example_dags/example_complex.py
[2024-08-26T01:55:16.244+0000] {logging_mixin.py:188} INFO - [2024-08-26T01:55:16.244+0000] {dag.py:3096} INFO - Sync 1 DAGs
[2024-08-26T01:55:16.251+0000] {logging_mixin.py:188} INFO - [2024-08-26T01:55:16.251+0000] {dag.py:3954} INFO - Setting next_dagrun for example_complex to None, run_after=None
[2024-08-26T01:55:16.261+0000] {processor.py:183} INFO - Processing /home/airflow/.local/lib/python3.12/site-packages/airflow/example_dags/example_complex.py took 0.045 seconds
[2024-08-26T01:55:46.953+0000] {processor.py:161} INFO - Started process (PID=3688) to work on /home/airflow/.local/lib/python3.12/site-packages/airflow/example_dags/example_complex.py
[2024-08-26T01:55:46.954+0000] {processor.py:830} INFO - Processing file /home/airflow/.local/lib/python3.12/site-packages/airflow/example_dags/example_complex.py for tasks to queue
[2024-08-26T01:55:46.955+0000] {logging_mixin.py:188} INFO - [2024-08-26T01:55:46.955+0000] {dagbag.py:540} INFO - Filling up the DagBag from /home/airflow/.local/lib/python3.12/site-packages/airflow/example_dags/example_complex.py
[2024-08-26T01:55:46.960+0000] {processor.py:840} INFO - DAG(s) 'example_complex' retrieved from /home/airflow/.local/lib/python3.12/site-packages/airflow/example_dags/example_complex.py
[2024-08-26T01:55:46.979+0000] {logging_mixin.py:188} INFO - [2024-08-26T01:55:46.979+0000] {dag.py:3096} INFO - Sync 1 DAGs
[2024-08-26T01:55:46.986+0000] {logging_mixin.py:188} INFO - [2024-08-26T01:55:46.986+0000] {dag.py:3954} INFO - Setting next_dagrun for example_complex to None, run_after=None
[2024-08-26T01:55:46.995+0000] {processor.py:183} INFO - Processing /home/airflow/.local/lib/python3.12/site-packages/airflow/example_dags/example_complex.py took 0.045 seconds
[2024-08-26T01:56:17.943+0000] {processor.py:161} INFO - Started process (PID=3748) to work on /home/airflow/.local/lib/python3.12/site-packages/airflow/example_dags/example_complex.py
[2024-08-26T01:56:17.944+0000] {processor.py:830} INFO - Processing file /home/airflow/.local/lib/python3.12/site-packages/airflow/example_dags/example_complex.py for tasks to queue
[2024-08-26T01:56:17.945+0000] {logging_mixin.py:188} INFO - [2024-08-26T01:56:17.945+0000] {dagbag.py:540} INFO - Filling up the DagBag from /home/airflow/.local/lib/python3.12/site-packages/airflow/example_dags/example_complex.py
[2024-08-26T01:56:17.951+0000] {processor.py:840} INFO - DAG(s) 'example_complex' retrieved from /home/airflow/.local/lib/python3.12/site-packages/airflow/example_dags/example_complex.py
[2024-08-26T01:56:17.970+0000] {logging_mixin.py:188} INFO - [2024-08-26T01:56:17.970+0000] {dag.py:3096} INFO - Sync 1 DAGs
[2024-08-26T01:56:17.977+0000] {logging_mixin.py:188} INFO - [2024-08-26T01:56:17.977+0000] {dag.py:3954} INFO - Setting next_dagrun for example_complex to None, run_after=None
[2024-08-26T01:56:17.987+0000] {processor.py:183} INFO - Processing /home/airflow/.local/lib/python3.12/site-packages/airflow/example_dags/example_complex.py took 0.046 seconds
[2024-08-26T01:56:48.917+0000] {processor.py:161} INFO - Started process (PID=3808) to work on /home/airflow/.local/lib/python3.12/site-packages/airflow/example_dags/example_complex.py
[2024-08-26T01:56:48.918+0000] {processor.py:830} INFO - Processing file /home/airflow/.local/lib/python3.12/site-packages/airflow/example_dags/example_complex.py for tasks to queue
[2024-08-26T01:56:48.918+0000] {logging_mixin.py:188} INFO - [2024-08-26T01:56:48.918+0000] {dagbag.py:540} INFO - Filling up the DagBag from /home/airflow/.local/lib/python3.12/site-packages/airflow/example_dags/example_complex.py
[2024-08-26T01:56:48.924+0000] {processor.py:840} INFO - DAG(s) 'example_complex' retrieved from /home/airflow/.local/lib/python3.12/site-packages/airflow/example_dags/example_complex.py
[2024-08-26T01:56:48.943+0000] {logging_mixin.py:188} INFO - [2024-08-26T01:56:48.943+0000] {dag.py:3096} INFO - Sync 1 DAGs
[2024-08-26T01:56:48.950+0000] {logging_mixin.py:188} INFO - [2024-08-26T01:56:48.950+0000] {dag.py:3954} INFO - Setting next_dagrun for example_complex to None, run_after=None
[2024-08-26T01:56:48.960+0000] {processor.py:183} INFO - Processing /home/airflow/.local/lib/python3.12/site-packages/airflow/example_dags/example_complex.py took 0.046 seconds
[2024-08-26T01:57:19.029+0000] {processor.py:161} INFO - Started process (PID=3868) to work on /home/airflow/.local/lib/python3.12/site-packages/airflow/example_dags/example_complex.py
[2024-08-26T01:57:19.030+0000] {processor.py:830} INFO - Processing file /home/airflow/.local/lib/python3.12/site-packages/airflow/example_dags/example_complex.py for tasks to queue
[2024-08-26T01:57:19.031+0000] {logging_mixin.py:188} INFO - [2024-08-26T01:57:19.031+0000] {dagbag.py:540} INFO - Filling up the DagBag from /home/airflow/.local/lib/python3.12/site-packages/airflow/example_dags/example_complex.py
[2024-08-26T01:57:19.037+0000] {processor.py:840} INFO - DAG(s) 'example_complex' retrieved from /home/airflow/.local/lib/python3.12/site-packages/airflow/example_dags/example_complex.py
[2024-08-26T01:57:19.056+0000] {logging_mixin.py:188} INFO - [2024-08-26T01:57:19.056+0000] {dag.py:3096} INFO - Sync 1 DAGs
[2024-08-26T01:57:19.063+0000] {logging_mixin.py:188} INFO - [2024-08-26T01:57:19.063+0000] {dag.py:3954} INFO - Setting next_dagrun for example_complex to None, run_after=None
[2024-08-26T01:57:19.073+0000] {processor.py:183} INFO - Processing /home/airflow/.local/lib/python3.12/site-packages/airflow/example_dags/example_complex.py took 0.047 seconds
[2024-08-26T01:57:49.131+0000] {processor.py:161} INFO - Started process (PID=3928) to work on /home/airflow/.local/lib/python3.12/site-packages/airflow/example_dags/example_complex.py
[2024-08-26T01:57:49.131+0000] {processor.py:830} INFO - Processing file /home/airflow/.local/lib/python3.12/site-packages/airflow/example_dags/example_complex.py for tasks to queue
[2024-08-26T01:57:49.132+0000] {logging_mixin.py:188} INFO - [2024-08-26T01:57:49.132+0000] {dagbag.py:540} INFO - Filling up the DagBag from /home/airflow/.local/lib/python3.12/site-packages/airflow/example_dags/example_complex.py
[2024-08-26T01:57:49.138+0000] {processor.py:840} INFO - DAG(s) 'example_complex' retrieved from /home/airflow/.local/lib/python3.12/site-packages/airflow/example_dags/example_complex.py
[2024-08-26T01:57:49.160+0000] {logging_mixin.py:188} INFO - [2024-08-26T01:57:49.159+0000] {dag.py:3096} INFO - Sync 1 DAGs
[2024-08-26T01:57:49.168+0000] {logging_mixin.py:188} INFO - [2024-08-26T01:57:49.168+0000] {dag.py:3954} INFO - Setting next_dagrun for example_complex to None, run_after=None
[2024-08-26T01:57:49.179+0000] {processor.py:183} INFO - Processing /home/airflow/.local/lib/python3.12/site-packages/airflow/example_dags/example_complex.py took 0.052 seconds
[2024-08-26T01:58:19.363+0000] {processor.py:161} INFO - Started process (PID=3988) to work on /home/airflow/.local/lib/python3.12/site-packages/airflow/example_dags/example_complex.py
[2024-08-26T01:58:19.364+0000] {processor.py:830} INFO - Processing file /home/airflow/.local/lib/python3.12/site-packages/airflow/example_dags/example_complex.py for tasks to queue
[2024-08-26T01:58:19.365+0000] {logging_mixin.py:188} INFO - [2024-08-26T01:58:19.365+0000] {dagbag.py:540} INFO - Filling up the DagBag from /home/airflow/.local/lib/python3.12/site-packages/airflow/example_dags/example_complex.py
[2024-08-26T01:58:19.372+0000] {processor.py:840} INFO - DAG(s) 'example_complex' retrieved from /home/airflow/.local/lib/python3.12/site-packages/airflow/example_dags/example_complex.py
[2024-08-26T01:58:19.397+0000] {logging_mixin.py:188} INFO - [2024-08-26T01:58:19.396+0000] {dag.py:3096} INFO - Sync 1 DAGs
[2024-08-26T01:58:19.406+0000] {logging_mixin.py:188} INFO - [2024-08-26T01:58:19.406+0000] {dag.py:3954} INFO - Setting next_dagrun for example_complex to None, run_after=None
[2024-08-26T01:58:19.419+0000] {processor.py:183} INFO - Processing /home/airflow/.local/lib/python3.12/site-packages/airflow/example_dags/example_complex.py took 0.060 seconds
[2024-08-26T01:58:49.438+0000] {processor.py:161} INFO - Started process (PID=4048) to work on /home/airflow/.local/lib/python3.12/site-packages/airflow/example_dags/example_complex.py
[2024-08-26T01:58:49.438+0000] {processor.py:830} INFO - Processing file /home/airflow/.local/lib/python3.12/site-packages/airflow/example_dags/example_complex.py for tasks to queue
[2024-08-26T01:58:49.439+0000] {logging_mixin.py:188} INFO - [2024-08-26T01:58:49.439+0000] {dagbag.py:540} INFO - Filling up the DagBag from /home/airflow/.local/lib/python3.12/site-packages/airflow/example_dags/example_complex.py
[2024-08-26T01:58:49.445+0000] {processor.py:840} INFO - DAG(s) 'example_complex' retrieved from /home/airflow/.local/lib/python3.12/site-packages/airflow/example_dags/example_complex.py
[2024-08-26T01:58:49.465+0000] {logging_mixin.py:188} INFO - [2024-08-26T01:58:49.465+0000] {dag.py:3096} INFO - Sync 1 DAGs
[2024-08-26T01:58:49.472+0000] {logging_mixin.py:188} INFO - [2024-08-26T01:58:49.472+0000] {dag.py:3954} INFO - Setting next_dagrun for example_complex to None, run_after=None
[2024-08-26T01:58:49.482+0000] {processor.py:183} INFO - Processing /home/airflow/.local/lib/python3.12/site-packages/airflow/example_dags/example_complex.py took 0.047 seconds
[2024-08-26T01:59:19.586+0000] {processor.py:161} INFO - Started process (PID=4108) to work on /home/airflow/.local/lib/python3.12/site-packages/airflow/example_dags/example_complex.py
[2024-08-26T01:59:19.586+0000] {processor.py:830} INFO - Processing file /home/airflow/.local/lib/python3.12/site-packages/airflow/example_dags/example_complex.py for tasks to queue
[2024-08-26T01:59:19.587+0000] {logging_mixin.py:188} INFO - [2024-08-26T01:59:19.587+0000] {dagbag.py:540} INFO - Filling up the DagBag from /home/airflow/.local/lib/python3.12/site-packages/airflow/example_dags/example_complex.py
[2024-08-26T01:59:19.593+0000] {processor.py:840} INFO - DAG(s) 'example_complex' retrieved from /home/airflow/.local/lib/python3.12/site-packages/airflow/example_dags/example_complex.py
[2024-08-26T01:59:19.612+0000] {logging_mixin.py:188} INFO - [2024-08-26T01:59:19.612+0000] {dag.py:3096} INFO - Sync 1 DAGs
[2024-08-26T01:59:19.620+0000] {logging_mixin.py:188} INFO - [2024-08-26T01:59:19.619+0000] {dag.py:3954} INFO - Setting next_dagrun for example_complex to None, run_after=None
[2024-08-26T01:59:19.629+0000] {processor.py:183} INFO - Processing /home/airflow/.local/lib/python3.12/site-packages/airflow/example_dags/example_complex.py took 0.047 seconds
[2024-08-26T01:59:50.226+0000] {processor.py:161} INFO - Started process (PID=4168) to work on /home/airflow/.local/lib/python3.12/site-packages/airflow/example_dags/example_complex.py
[2024-08-26T01:59:50.226+0000] {processor.py:830} INFO - Processing file /home/airflow/.local/lib/python3.12/site-packages/airflow/example_dags/example_complex.py for tasks to queue
[2024-08-26T01:59:50.227+0000] {logging_mixin.py:188} INFO - [2024-08-26T01:59:50.227+0000] {dagbag.py:540} INFO - Filling up the DagBag from /home/airflow/.local/lib/python3.12/site-packages/airflow/example_dags/example_complex.py
[2024-08-26T01:59:50.233+0000] {processor.py:840} INFO - DAG(s) 'example_complex' retrieved from /home/airflow/.local/lib/python3.12/site-packages/airflow/example_dags/example_complex.py
[2024-08-26T01:59:50.252+0000] {logging_mixin.py:188} INFO - [2024-08-26T01:59:50.252+0000] {dag.py:3096} INFO - Sync 1 DAGs
[2024-08-26T01:59:50.259+0000] {logging_mixin.py:188} INFO - [2024-08-26T01:59:50.258+0000] {dag.py:3954} INFO - Setting next_dagrun for example_complex to None, run_after=None
[2024-08-26T01:59:50.268+0000] {processor.py:183} INFO - Processing /home/airflow/.local/lib/python3.12/site-packages/airflow/example_dags/example_complex.py took 0.046 seconds
[2024-08-26T02:00:20.910+0000] {processor.py:161} INFO - Started process (PID=4228) to work on /home/airflow/.local/lib/python3.12/site-packages/airflow/example_dags/example_complex.py
[2024-08-26T02:00:20.910+0000] {processor.py:830} INFO - Processing file /home/airflow/.local/lib/python3.12/site-packages/airflow/example_dags/example_complex.py for tasks to queue
[2024-08-26T02:00:20.911+0000] {logging_mixin.py:188} INFO - [2024-08-26T02:00:20.911+0000] {dagbag.py:540} INFO - Filling up the DagBag from /home/airflow/.local/lib/python3.12/site-packages/airflow/example_dags/example_complex.py
[2024-08-26T02:00:20.917+0000] {processor.py:840} INFO - DAG(s) 'example_complex' retrieved from /home/airflow/.local/lib/python3.12/site-packages/airflow/example_dags/example_complex.py
[2024-08-26T02:00:20.936+0000] {logging_mixin.py:188} INFO - [2024-08-26T02:00:20.936+0000] {dag.py:3096} INFO - Sync 1 DAGs
[2024-08-26T02:00:20.943+0000] {logging_mixin.py:188} INFO - [2024-08-26T02:00:20.943+0000] {dag.py:3954} INFO - Setting next_dagrun for example_complex to None, run_after=None
[2024-08-26T02:00:20.952+0000] {processor.py:183} INFO - Processing /home/airflow/.local/lib/python3.12/site-packages/airflow/example_dags/example_complex.py took 0.046 seconds
[2024-08-26T02:00:51.567+0000] {processor.py:161} INFO - Started process (PID=4288) to work on /home/airflow/.local/lib/python3.12/site-packages/airflow/example_dags/example_complex.py
[2024-08-26T02:00:51.568+0000] {processor.py:830} INFO - Processing file /home/airflow/.local/lib/python3.12/site-packages/airflow/example_dags/example_complex.py for tasks to queue
[2024-08-26T02:00:51.569+0000] {logging_mixin.py:188} INFO - [2024-08-26T02:00:51.569+0000] {dagbag.py:540} INFO - Filling up the DagBag from /home/airflow/.local/lib/python3.12/site-packages/airflow/example_dags/example_complex.py
[2024-08-26T02:00:51.575+0000] {processor.py:840} INFO - DAG(s) 'example_complex' retrieved from /home/airflow/.local/lib/python3.12/site-packages/airflow/example_dags/example_complex.py
[2024-08-26T02:00:51.593+0000] {logging_mixin.py:188} INFO - [2024-08-26T02:00:51.593+0000] {dag.py:3096} INFO - Sync 1 DAGs
[2024-08-26T02:00:51.601+0000] {logging_mixin.py:188} INFO - [2024-08-26T02:00:51.601+0000] {dag.py:3954} INFO - Setting next_dagrun for example_complex to None, run_after=None
[2024-08-26T02:00:51.610+0000] {processor.py:183} INFO - Processing /home/airflow/.local/lib/python3.12/site-packages/airflow/example_dags/example_complex.py took 0.046 seconds
[2024-08-26T02:01:22.205+0000] {processor.py:161} INFO - Started process (PID=4348) to work on /home/airflow/.local/lib/python3.12/site-packages/airflow/example_dags/example_complex.py
[2024-08-26T02:01:22.206+0000] {processor.py:830} INFO - Processing file /home/airflow/.local/lib/python3.12/site-packages/airflow/example_dags/example_complex.py for tasks to queue
[2024-08-26T02:01:22.207+0000] {logging_mixin.py:188} INFO - [2024-08-26T02:01:22.206+0000] {dagbag.py:540} INFO - Filling up the DagBag from /home/airflow/.local/lib/python3.12/site-packages/airflow/example_dags/example_complex.py
[2024-08-26T02:01:22.212+0000] {processor.py:840} INFO - DAG(s) 'example_complex' retrieved from /home/airflow/.local/lib/python3.12/site-packages/airflow/example_dags/example_complex.py
[2024-08-26T02:01:22.233+0000] {logging_mixin.py:188} INFO - [2024-08-26T02:01:22.233+0000] {dag.py:3096} INFO - Sync 1 DAGs
[2024-08-26T02:01:22.240+0000] {logging_mixin.py:188} INFO - [2024-08-26T02:01:22.240+0000] {dag.py:3954} INFO - Setting next_dagrun for example_complex to None, run_after=None
[2024-08-26T02:01:22.250+0000] {processor.py:183} INFO - Processing /home/airflow/.local/lib/python3.12/site-packages/airflow/example_dags/example_complex.py took 0.048 seconds
[2024-08-26T02:01:52.289+0000] {processor.py:161} INFO - Started process (PID=4408) to work on /home/airflow/.local/lib/python3.12/site-packages/airflow/example_dags/example_complex.py
[2024-08-26T02:01:52.289+0000] {processor.py:830} INFO - Processing file /home/airflow/.local/lib/python3.12/site-packages/airflow/example_dags/example_complex.py for tasks to queue
[2024-08-26T02:01:52.290+0000] {logging_mixin.py:188} INFO - [2024-08-26T02:01:52.290+0000] {dagbag.py:540} INFO - Filling up the DagBag from /home/airflow/.local/lib/python3.12/site-packages/airflow/example_dags/example_complex.py
[2024-08-26T02:01:52.296+0000] {processor.py:840} INFO - DAG(s) 'example_complex' retrieved from /home/airflow/.local/lib/python3.12/site-packages/airflow/example_dags/example_complex.py
[2024-08-26T02:01:52.315+0000] {logging_mixin.py:188} INFO - [2024-08-26T02:01:52.314+0000] {dag.py:3096} INFO - Sync 1 DAGs
[2024-08-26T02:01:52.322+0000] {logging_mixin.py:188} INFO - [2024-08-26T02:01:52.322+0000] {dag.py:3954} INFO - Setting next_dagrun for example_complex to None, run_after=None
[2024-08-26T02:01:52.331+0000] {processor.py:183} INFO - Processing /home/airflow/.local/lib/python3.12/site-packages/airflow/example_dags/example_complex.py took 0.046 seconds
[2024-08-26T02:02:22.454+0000] {processor.py:161} INFO - Started process (PID=4468) to work on /home/airflow/.local/lib/python3.12/site-packages/airflow/example_dags/example_complex.py
[2024-08-26T02:02:22.455+0000] {processor.py:830} INFO - Processing file /home/airflow/.local/lib/python3.12/site-packages/airflow/example_dags/example_complex.py for tasks to queue
[2024-08-26T02:02:22.456+0000] {logging_mixin.py:188} INFO - [2024-08-26T02:02:22.456+0000] {dagbag.py:540} INFO - Filling up the DagBag from /home/airflow/.local/lib/python3.12/site-packages/airflow/example_dags/example_complex.py
[2024-08-26T02:02:22.462+0000] {processor.py:840} INFO - DAG(s) 'example_complex' retrieved from /home/airflow/.local/lib/python3.12/site-packages/airflow/example_dags/example_complex.py
[2024-08-26T02:02:22.480+0000] {logging_mixin.py:188} INFO - [2024-08-26T02:02:22.480+0000] {dag.py:3096} INFO - Sync 1 DAGs
[2024-08-26T02:02:22.488+0000] {logging_mixin.py:188} INFO - [2024-08-26T02:02:22.488+0000] {dag.py:3954} INFO - Setting next_dagrun for example_complex to None, run_after=None
[2024-08-26T02:02:22.497+0000] {processor.py:183} INFO - Processing /home/airflow/.local/lib/python3.12/site-packages/airflow/example_dags/example_complex.py took 0.046 seconds
[2024-08-26T02:02:52.642+0000] {processor.py:161} INFO - Started process (PID=4528) to work on /home/airflow/.local/lib/python3.12/site-packages/airflow/example_dags/example_complex.py
[2024-08-26T02:02:52.643+0000] {processor.py:830} INFO - Processing file /home/airflow/.local/lib/python3.12/site-packages/airflow/example_dags/example_complex.py for tasks to queue
[2024-08-26T02:02:52.644+0000] {logging_mixin.py:188} INFO - [2024-08-26T02:02:52.644+0000] {dagbag.py:540} INFO - Filling up the DagBag from /home/airflow/.local/lib/python3.12/site-packages/airflow/example_dags/example_complex.py
[2024-08-26T02:02:52.650+0000] {processor.py:840} INFO - DAG(s) 'example_complex' retrieved from /home/airflow/.local/lib/python3.12/site-packages/airflow/example_dags/example_complex.py
[2024-08-26T02:02:52.669+0000] {logging_mixin.py:188} INFO - [2024-08-26T02:02:52.669+0000] {dag.py:3096} INFO - Sync 1 DAGs
[2024-08-26T02:02:52.677+0000] {logging_mixin.py:188} INFO - [2024-08-26T02:02:52.676+0000] {dag.py:3954} INFO - Setting next_dagrun for example_complex to None, run_after=None
[2024-08-26T02:02:52.687+0000] {processor.py:183} INFO - Processing /home/airflow/.local/lib/python3.12/site-packages/airflow/example_dags/example_complex.py took 0.048 seconds
[2024-08-26T02:03:22.753+0000] {processor.py:161} INFO - Started process (PID=4588) to work on /home/airflow/.local/lib/python3.12/site-packages/airflow/example_dags/example_complex.py
[2024-08-26T02:03:22.754+0000] {processor.py:830} INFO - Processing file /home/airflow/.local/lib/python3.12/site-packages/airflow/example_dags/example_complex.py for tasks to queue
[2024-08-26T02:03:22.755+0000] {logging_mixin.py:188} INFO - [2024-08-26T02:03:22.755+0000] {dagbag.py:540} INFO - Filling up the DagBag from /home/airflow/.local/lib/python3.12/site-packages/airflow/example_dags/example_complex.py
[2024-08-26T02:03:22.761+0000] {processor.py:840} INFO - DAG(s) 'example_complex' retrieved from /home/airflow/.local/lib/python3.12/site-packages/airflow/example_dags/example_complex.py
[2024-08-26T02:03:22.779+0000] {logging_mixin.py:188} INFO - [2024-08-26T02:03:22.779+0000] {dag.py:3096} INFO - Sync 1 DAGs
[2024-08-26T02:03:22.786+0000] {logging_mixin.py:188} INFO - [2024-08-26T02:03:22.786+0000] {dag.py:3954} INFO - Setting next_dagrun for example_complex to None, run_after=None
[2024-08-26T02:03:22.796+0000] {processor.py:183} INFO - Processing /home/airflow/.local/lib/python3.12/site-packages/airflow/example_dags/example_complex.py took 0.046 seconds
[2024-08-26T02:03:52.844+0000] {processor.py:161} INFO - Started process (PID=4648) to work on /home/airflow/.local/lib/python3.12/site-packages/airflow/example_dags/example_complex.py
[2024-08-26T02:03:52.844+0000] {processor.py:830} INFO - Processing file /home/airflow/.local/lib/python3.12/site-packages/airflow/example_dags/example_complex.py for tasks to queue
[2024-08-26T02:03:52.845+0000] {logging_mixin.py:188} INFO - [2024-08-26T02:03:52.845+0000] {dagbag.py:540} INFO - Filling up the DagBag from /home/airflow/.local/lib/python3.12/site-packages/airflow/example_dags/example_complex.py
[2024-08-26T02:03:52.851+0000] {processor.py:840} INFO - DAG(s) 'example_complex' retrieved from /home/airflow/.local/lib/python3.12/site-packages/airflow/example_dags/example_complex.py
[2024-08-26T02:03:52.870+0000] {logging_mixin.py:188} INFO - [2024-08-26T02:03:52.870+0000] {dag.py:3096} INFO - Sync 1 DAGs
[2024-08-26T02:03:52.877+0000] {logging_mixin.py:188} INFO - [2024-08-26T02:03:52.877+0000] {dag.py:3954} INFO - Setting next_dagrun for example_complex to None, run_after=None
[2024-08-26T02:03:52.886+0000] {processor.py:183} INFO - Processing /home/airflow/.local/lib/python3.12/site-packages/airflow/example_dags/example_complex.py took 0.046 seconds
[2024-08-26T02:04:22.955+0000] {processor.py:161} INFO - Started process (PID=4708) to work on /home/airflow/.local/lib/python3.12/site-packages/airflow/example_dags/example_complex.py
[2024-08-26T02:04:22.956+0000] {processor.py:830} INFO - Processing file /home/airflow/.local/lib/python3.12/site-packages/airflow/example_dags/example_complex.py for tasks to queue
[2024-08-26T02:04:22.957+0000] {logging_mixin.py:188} INFO - [2024-08-26T02:04:22.957+0000] {dagbag.py:540} INFO - Filling up the DagBag from /home/airflow/.local/lib/python3.12/site-packages/airflow/example_dags/example_complex.py
[2024-08-26T02:04:22.962+0000] {processor.py:840} INFO - DAG(s) 'example_complex' retrieved from /home/airflow/.local/lib/python3.12/site-packages/airflow/example_dags/example_complex.py
[2024-08-26T02:04:22.981+0000] {logging_mixin.py:188} INFO - [2024-08-26T02:04:22.981+0000] {dag.py:3096} INFO - Sync 1 DAGs
[2024-08-26T02:04:22.988+0000] {logging_mixin.py:188} INFO - [2024-08-26T02:04:22.988+0000] {dag.py:3954} INFO - Setting next_dagrun for example_complex to None, run_after=None
[2024-08-26T02:04:22.998+0000] {processor.py:183} INFO - Processing /home/airflow/.local/lib/python3.12/site-packages/airflow/example_dags/example_complex.py took 0.046 seconds
[2024-08-26T02:04:53.977+0000] {processor.py:161} INFO - Started process (PID=4768) to work on /home/airflow/.local/lib/python3.12/site-packages/airflow/example_dags/example_complex.py
[2024-08-26T02:04:53.978+0000] {processor.py:830} INFO - Processing file /home/airflow/.local/lib/python3.12/site-packages/airflow/example_dags/example_complex.py for tasks to queue
[2024-08-26T02:04:53.979+0000] {logging_mixin.py:188} INFO - [2024-08-26T02:04:53.978+0000] {dagbag.py:540} INFO - Filling up the DagBag from /home/airflow/.local/lib/python3.12/site-packages/airflow/example_dags/example_complex.py
[2024-08-26T02:04:53.984+0000] {processor.py:840} INFO - DAG(s) 'example_complex' retrieved from /home/airflow/.local/lib/python3.12/site-packages/airflow/example_dags/example_complex.py
[2024-08-26T02:04:54.004+0000] {logging_mixin.py:188} INFO - [2024-08-26T02:04:54.004+0000] {dag.py:3096} INFO - Sync 1 DAGs
[2024-08-26T02:04:54.011+0000] {logging_mixin.py:188} INFO - [2024-08-26T02:04:54.011+0000] {dag.py:3954} INFO - Setting next_dagrun for example_complex to None, run_after=None
[2024-08-26T02:04:54.022+0000] {processor.py:183} INFO - Processing /home/airflow/.local/lib/python3.12/site-packages/airflow/example_dags/example_complex.py took 0.049 seconds
