[2024-08-26T01:25:13.579+0000] {processor.py:161} INFO - Started process (PID=55) to work on /home/airflow/.local/lib/python3.12/site-packages/airflow/example_dags/tutorial.py
[2024-08-26T01:25:13.579+0000] {processor.py:830} INFO - Processing file /home/airflow/.local/lib/python3.12/site-packages/airflow/example_dags/tutorial.py for tasks to queue
[2024-08-26T01:25:13.580+0000] {logging_mixin.py:188} INFO - [2024-08-26T01:25:13.580+0000] {dagbag.py:540} INFO - Filling up the DagBag from /home/airflow/.local/lib/python3.12/site-packages/airflow/example_dags/tutorial.py
[2024-08-26T01:25:13.585+0000] {processor.py:840} INFO - DAG(s) 'tutorial' retrieved from /home/airflow/.local/lib/python3.12/site-packages/airflow/example_dags/tutorial.py
[2024-08-26T01:25:13.597+0000] {logging_mixin.py:188} INFO - [2024-08-26T01:25:13.597+0000] {dag.py:3096} INFO - Sync 1 DAGs
[2024-08-26T01:25:13.611+0000] {logging_mixin.py:188} INFO - [2024-08-26T01:25:13.611+0000] {dag.py:3954} INFO - Setting next_dagrun for tutorial to 2024-08-25 00:00:00+00:00, run_after=2024-08-26 00:00:00+00:00
[2024-08-26T01:25:13.623+0000] {processor.py:183} INFO - Processing /home/airflow/.local/lib/python3.12/site-packages/airflow/example_dags/tutorial.py took 0.048 seconds
[2024-08-26T01:25:44.067+0000] {processor.py:161} INFO - Started process (PID=116) to work on /home/airflow/.local/lib/python3.12/site-packages/airflow/example_dags/tutorial.py
[2024-08-26T01:25:44.067+0000] {processor.py:830} INFO - Processing file /home/airflow/.local/lib/python3.12/site-packages/airflow/example_dags/tutorial.py for tasks to queue
[2024-08-26T01:25:44.068+0000] {logging_mixin.py:188} INFO - [2024-08-26T01:25:44.068+0000] {dagbag.py:540} INFO - Filling up the DagBag from /home/airflow/.local/lib/python3.12/site-packages/airflow/example_dags/tutorial.py
[2024-08-26T01:25:44.071+0000] {processor.py:840} INFO - DAG(s) 'tutorial' retrieved from /home/airflow/.local/lib/python3.12/site-packages/airflow/example_dags/tutorial.py
[2024-08-26T01:25:44.082+0000] {logging_mixin.py:188} INFO - [2024-08-26T01:25:44.082+0000] {dag.py:3096} INFO - Sync 1 DAGs
[2024-08-26T01:25:44.093+0000] {logging_mixin.py:188} INFO - [2024-08-26T01:25:44.093+0000] {dag.py:3954} INFO - Setting next_dagrun for tutorial to 2024-08-25 00:00:00+00:00, run_after=2024-08-26 00:00:00+00:00
[2024-08-26T01:25:44.102+0000] {processor.py:183} INFO - Processing /home/airflow/.local/lib/python3.12/site-packages/airflow/example_dags/tutorial.py took 0.038 seconds
[2024-08-26T01:26:14.168+0000] {processor.py:161} INFO - Started process (PID=174) to work on /home/airflow/.local/lib/python3.12/site-packages/airflow/example_dags/tutorial.py
[2024-08-26T01:26:14.169+0000] {processor.py:830} INFO - Processing file /home/airflow/.local/lib/python3.12/site-packages/airflow/example_dags/tutorial.py for tasks to queue
[2024-08-26T01:26:14.170+0000] {logging_mixin.py:188} INFO - [2024-08-26T01:26:14.170+0000] {dagbag.py:540} INFO - Filling up the DagBag from /home/airflow/.local/lib/python3.12/site-packages/airflow/example_dags/tutorial.py
[2024-08-26T01:26:14.174+0000] {processor.py:840} INFO - DAG(s) 'tutorial' retrieved from /home/airflow/.local/lib/python3.12/site-packages/airflow/example_dags/tutorial.py
[2024-08-26T01:26:14.187+0000] {logging_mixin.py:188} INFO - [2024-08-26T01:26:14.186+0000] {dag.py:3096} INFO - Sync 1 DAGs
[2024-08-26T01:26:14.200+0000] {logging_mixin.py:188} INFO - [2024-08-26T01:26:14.200+0000] {dag.py:3954} INFO - Setting next_dagrun for tutorial to 2024-08-25 00:00:00+00:00, run_after=2024-08-26 00:00:00+00:00
[2024-08-26T01:26:14.213+0000] {processor.py:183} INFO - Processing /home/airflow/.local/lib/python3.12/site-packages/airflow/example_dags/tutorial.py took 0.049 seconds
[2024-08-26T01:26:44.355+0000] {processor.py:161} INFO - Started process (PID=234) to work on /home/airflow/.local/lib/python3.12/site-packages/airflow/example_dags/tutorial.py
[2024-08-26T01:26:44.356+0000] {processor.py:830} INFO - Processing file /home/airflow/.local/lib/python3.12/site-packages/airflow/example_dags/tutorial.py for tasks to queue
[2024-08-26T01:26:44.357+0000] {logging_mixin.py:188} INFO - [2024-08-26T01:26:44.357+0000] {dagbag.py:540} INFO - Filling up the DagBag from /home/airflow/.local/lib/python3.12/site-packages/airflow/example_dags/tutorial.py
[2024-08-26T01:26:44.360+0000] {processor.py:840} INFO - DAG(s) 'tutorial' retrieved from /home/airflow/.local/lib/python3.12/site-packages/airflow/example_dags/tutorial.py
[2024-08-26T01:26:44.372+0000] {logging_mixin.py:188} INFO - [2024-08-26T01:26:44.372+0000] {dag.py:3096} INFO - Sync 1 DAGs
[2024-08-26T01:26:44.384+0000] {logging_mixin.py:188} INFO - [2024-08-26T01:26:44.384+0000] {dag.py:3954} INFO - Setting next_dagrun for tutorial to 2024-08-25 00:00:00+00:00, run_after=2024-08-26 00:00:00+00:00
[2024-08-26T01:26:44.394+0000] {processor.py:183} INFO - Processing /home/airflow/.local/lib/python3.12/site-packages/airflow/example_dags/tutorial.py took 0.041 seconds
[2024-08-26T01:27:14.545+0000] {processor.py:161} INFO - Started process (PID=295) to work on /home/airflow/.local/lib/python3.12/site-packages/airflow/example_dags/tutorial.py
[2024-08-26T01:27:14.545+0000] {processor.py:830} INFO - Processing file /home/airflow/.local/lib/python3.12/site-packages/airflow/example_dags/tutorial.py for tasks to queue
[2024-08-26T01:27:14.547+0000] {logging_mixin.py:188} INFO - [2024-08-26T01:27:14.547+0000] {dagbag.py:540} INFO - Filling up the DagBag from /home/airflow/.local/lib/python3.12/site-packages/airflow/example_dags/tutorial.py
[2024-08-26T01:27:14.550+0000] {processor.py:840} INFO - DAG(s) 'tutorial' retrieved from /home/airflow/.local/lib/python3.12/site-packages/airflow/example_dags/tutorial.py
[2024-08-26T01:27:14.562+0000] {logging_mixin.py:188} INFO - [2024-08-26T01:27:14.562+0000] {dag.py:3096} INFO - Sync 1 DAGs
[2024-08-26T01:27:14.575+0000] {logging_mixin.py:188} INFO - [2024-08-26T01:27:14.575+0000] {dag.py:3954} INFO - Setting next_dagrun for tutorial to 2024-08-25 00:00:00+00:00, run_after=2024-08-26 00:00:00+00:00
[2024-08-26T01:27:14.585+0000] {processor.py:183} INFO - Processing /home/airflow/.local/lib/python3.12/site-packages/airflow/example_dags/tutorial.py took 0.044 seconds
[2024-08-26T01:27:44.851+0000] {processor.py:161} INFO - Started process (PID=355) to work on /home/airflow/.local/lib/python3.12/site-packages/airflow/example_dags/tutorial.py
[2024-08-26T01:27:44.851+0000] {processor.py:830} INFO - Processing file /home/airflow/.local/lib/python3.12/site-packages/airflow/example_dags/tutorial.py for tasks to queue
[2024-08-26T01:27:44.852+0000] {logging_mixin.py:188} INFO - [2024-08-26T01:27:44.852+0000] {dagbag.py:540} INFO - Filling up the DagBag from /home/airflow/.local/lib/python3.12/site-packages/airflow/example_dags/tutorial.py
[2024-08-26T01:27:44.855+0000] {processor.py:840} INFO - DAG(s) 'tutorial' retrieved from /home/airflow/.local/lib/python3.12/site-packages/airflow/example_dags/tutorial.py
[2024-08-26T01:27:44.866+0000] {logging_mixin.py:188} INFO - [2024-08-26T01:27:44.866+0000] {dag.py:3096} INFO - Sync 1 DAGs
[2024-08-26T01:27:44.878+0000] {logging_mixin.py:188} INFO - [2024-08-26T01:27:44.878+0000] {dag.py:3954} INFO - Setting next_dagrun for tutorial to 2024-08-25 00:00:00+00:00, run_after=2024-08-26 00:00:00+00:00
[2024-08-26T01:27:44.887+0000] {processor.py:183} INFO - Processing /home/airflow/.local/lib/python3.12/site-packages/airflow/example_dags/tutorial.py took 0.039 seconds
[2024-08-26T01:28:14.971+0000] {processor.py:161} INFO - Started process (PID=415) to work on /home/airflow/.local/lib/python3.12/site-packages/airflow/example_dags/tutorial.py
[2024-08-26T01:28:14.971+0000] {processor.py:830} INFO - Processing file /home/airflow/.local/lib/python3.12/site-packages/airflow/example_dags/tutorial.py for tasks to queue
[2024-08-26T01:28:14.972+0000] {logging_mixin.py:188} INFO - [2024-08-26T01:28:14.972+0000] {dagbag.py:540} INFO - Filling up the DagBag from /home/airflow/.local/lib/python3.12/site-packages/airflow/example_dags/tutorial.py
[2024-08-26T01:28:14.975+0000] {processor.py:840} INFO - DAG(s) 'tutorial' retrieved from /home/airflow/.local/lib/python3.12/site-packages/airflow/example_dags/tutorial.py
[2024-08-26T01:28:14.988+0000] {logging_mixin.py:188} INFO - [2024-08-26T01:28:14.988+0000] {dag.py:3096} INFO - Sync 1 DAGs
[2024-08-26T01:28:15.000+0000] {logging_mixin.py:188} INFO - [2024-08-26T01:28:14.999+0000] {dag.py:3954} INFO - Setting next_dagrun for tutorial to 2024-08-25 00:00:00+00:00, run_after=2024-08-26 00:00:00+00:00
[2024-08-26T01:28:15.010+0000] {processor.py:183} INFO - Processing /home/airflow/.local/lib/python3.12/site-packages/airflow/example_dags/tutorial.py took 0.042 seconds
[2024-08-26T01:28:45.283+0000] {processor.py:161} INFO - Started process (PID=481) to work on /home/airflow/.local/lib/python3.12/site-packages/airflow/example_dags/tutorial.py
[2024-08-26T01:28:45.284+0000] {processor.py:830} INFO - Processing file /home/airflow/.local/lib/python3.12/site-packages/airflow/example_dags/tutorial.py for tasks to queue
[2024-08-26T01:28:45.285+0000] {logging_mixin.py:188} INFO - [2024-08-26T01:28:45.285+0000] {dagbag.py:540} INFO - Filling up the DagBag from /home/airflow/.local/lib/python3.12/site-packages/airflow/example_dags/tutorial.py
[2024-08-26T01:28:45.288+0000] {processor.py:840} INFO - DAG(s) 'tutorial' retrieved from /home/airflow/.local/lib/python3.12/site-packages/airflow/example_dags/tutorial.py
[2024-08-26T01:28:45.299+0000] {logging_mixin.py:188} INFO - [2024-08-26T01:28:45.299+0000] {dag.py:3096} INFO - Sync 1 DAGs
[2024-08-26T01:28:45.311+0000] {logging_mixin.py:188} INFO - [2024-08-26T01:28:45.311+0000] {dag.py:3954} INFO - Setting next_dagrun for tutorial to 2024-08-25 00:00:00+00:00, run_after=2024-08-26 00:00:00+00:00
[2024-08-26T01:28:45.321+0000] {processor.py:183} INFO - Processing /home/airflow/.local/lib/python3.12/site-packages/airflow/example_dags/tutorial.py took 0.041 seconds
[2024-08-26T01:29:15.517+0000] {processor.py:161} INFO - Started process (PID=541) to work on /home/airflow/.local/lib/python3.12/site-packages/airflow/example_dags/tutorial.py
[2024-08-26T01:29:15.518+0000] {processor.py:830} INFO - Processing file /home/airflow/.local/lib/python3.12/site-packages/airflow/example_dags/tutorial.py for tasks to queue
[2024-08-26T01:29:15.519+0000] {logging_mixin.py:188} INFO - [2024-08-26T01:29:15.519+0000] {dagbag.py:540} INFO - Filling up the DagBag from /home/airflow/.local/lib/python3.12/site-packages/airflow/example_dags/tutorial.py
[2024-08-26T01:29:15.522+0000] {processor.py:840} INFO - DAG(s) 'tutorial' retrieved from /home/airflow/.local/lib/python3.12/site-packages/airflow/example_dags/tutorial.py
[2024-08-26T01:29:15.534+0000] {logging_mixin.py:188} INFO - [2024-08-26T01:29:15.534+0000] {dag.py:3096} INFO - Sync 1 DAGs
[2024-08-26T01:29:15.549+0000] {logging_mixin.py:188} INFO - [2024-08-26T01:29:15.549+0000] {dag.py:3954} INFO - Setting next_dagrun for tutorial to 2024-08-25 00:00:00+00:00, run_after=2024-08-26 00:00:00+00:00
[2024-08-26T01:29:15.560+0000] {processor.py:183} INFO - Processing /home/airflow/.local/lib/python3.12/site-packages/airflow/example_dags/tutorial.py took 0.045 seconds
[2024-08-26T01:29:45.785+0000] {processor.py:161} INFO - Started process (PID=601) to work on /home/airflow/.local/lib/python3.12/site-packages/airflow/example_dags/tutorial.py
[2024-08-26T01:29:45.785+0000] {processor.py:830} INFO - Processing file /home/airflow/.local/lib/python3.12/site-packages/airflow/example_dags/tutorial.py for tasks to queue
[2024-08-26T01:29:45.786+0000] {logging_mixin.py:188} INFO - [2024-08-26T01:29:45.786+0000] {dagbag.py:540} INFO - Filling up the DagBag from /home/airflow/.local/lib/python3.12/site-packages/airflow/example_dags/tutorial.py
[2024-08-26T01:29:45.789+0000] {processor.py:840} INFO - DAG(s) 'tutorial' retrieved from /home/airflow/.local/lib/python3.12/site-packages/airflow/example_dags/tutorial.py
[2024-08-26T01:29:45.801+0000] {logging_mixin.py:188} INFO - [2024-08-26T01:29:45.801+0000] {dag.py:3096} INFO - Sync 1 DAGs
[2024-08-26T01:29:45.813+0000] {logging_mixin.py:188} INFO - [2024-08-26T01:29:45.813+0000] {dag.py:3954} INFO - Setting next_dagrun for tutorial to 2024-08-25 00:00:00+00:00, run_after=2024-08-26 00:00:00+00:00
[2024-08-26T01:29:45.822+0000] {processor.py:183} INFO - Processing /home/airflow/.local/lib/python3.12/site-packages/airflow/example_dags/tutorial.py took 0.040 seconds
[2024-08-26T01:30:16.005+0000] {processor.py:161} INFO - Started process (PID=661) to work on /home/airflow/.local/lib/python3.12/site-packages/airflow/example_dags/tutorial.py
[2024-08-26T01:30:16.005+0000] {processor.py:830} INFO - Processing file /home/airflow/.local/lib/python3.12/site-packages/airflow/example_dags/tutorial.py for tasks to queue
[2024-08-26T01:30:16.006+0000] {logging_mixin.py:188} INFO - [2024-08-26T01:30:16.006+0000] {dagbag.py:540} INFO - Filling up the DagBag from /home/airflow/.local/lib/python3.12/site-packages/airflow/example_dags/tutorial.py
[2024-08-26T01:30:16.010+0000] {processor.py:840} INFO - DAG(s) 'tutorial' retrieved from /home/airflow/.local/lib/python3.12/site-packages/airflow/example_dags/tutorial.py
[2024-08-26T01:30:16.023+0000] {logging_mixin.py:188} INFO - [2024-08-26T01:30:16.022+0000] {dag.py:3096} INFO - Sync 1 DAGs
[2024-08-26T01:30:16.036+0000] {logging_mixin.py:188} INFO - [2024-08-26T01:30:16.036+0000] {dag.py:3954} INFO - Setting next_dagrun for tutorial to 2024-08-25 00:00:00+00:00, run_after=2024-08-26 00:00:00+00:00
[2024-08-26T01:30:16.045+0000] {processor.py:183} INFO - Processing /home/airflow/.local/lib/python3.12/site-packages/airflow/example_dags/tutorial.py took 0.044 seconds
[2024-08-26T01:30:46.137+0000] {processor.py:161} INFO - Started process (PID=722) to work on /home/airflow/.local/lib/python3.12/site-packages/airflow/example_dags/tutorial.py
[2024-08-26T01:30:46.137+0000] {processor.py:830} INFO - Processing file /home/airflow/.local/lib/python3.12/site-packages/airflow/example_dags/tutorial.py for tasks to queue
[2024-08-26T01:30:46.138+0000] {logging_mixin.py:188} INFO - [2024-08-26T01:30:46.138+0000] {dagbag.py:540} INFO - Filling up the DagBag from /home/airflow/.local/lib/python3.12/site-packages/airflow/example_dags/tutorial.py
[2024-08-26T01:30:46.142+0000] {processor.py:840} INFO - DAG(s) 'tutorial' retrieved from /home/airflow/.local/lib/python3.12/site-packages/airflow/example_dags/tutorial.py
[2024-08-26T01:30:46.153+0000] {logging_mixin.py:188} INFO - [2024-08-26T01:30:46.153+0000] {dag.py:3096} INFO - Sync 1 DAGs
[2024-08-26T01:30:46.165+0000] {logging_mixin.py:188} INFO - [2024-08-26T01:30:46.165+0000] {dag.py:3954} INFO - Setting next_dagrun for tutorial to 2024-08-25 00:00:00+00:00, run_after=2024-08-26 00:00:00+00:00
[2024-08-26T01:30:46.174+0000] {processor.py:183} INFO - Processing /home/airflow/.local/lib/python3.12/site-packages/airflow/example_dags/tutorial.py took 0.040 seconds
[2024-08-26T01:31:16.492+0000] {processor.py:161} INFO - Started process (PID=782) to work on /home/airflow/.local/lib/python3.12/site-packages/airflow/example_dags/tutorial.py
[2024-08-26T01:31:16.493+0000] {processor.py:830} INFO - Processing file /home/airflow/.local/lib/python3.12/site-packages/airflow/example_dags/tutorial.py for tasks to queue
[2024-08-26T01:31:16.493+0000] {logging_mixin.py:188} INFO - [2024-08-26T01:31:16.493+0000] {dagbag.py:540} INFO - Filling up the DagBag from /home/airflow/.local/lib/python3.12/site-packages/airflow/example_dags/tutorial.py
[2024-08-26T01:31:16.496+0000] {processor.py:840} INFO - DAG(s) 'tutorial' retrieved from /home/airflow/.local/lib/python3.12/site-packages/airflow/example_dags/tutorial.py
[2024-08-26T01:31:16.508+0000] {logging_mixin.py:188} INFO - [2024-08-26T01:31:16.508+0000] {dag.py:3096} INFO - Sync 1 DAGs
[2024-08-26T01:31:16.519+0000] {logging_mixin.py:188} INFO - [2024-08-26T01:31:16.519+0000] {dag.py:3954} INFO - Setting next_dagrun for tutorial to 2024-08-25 00:00:00+00:00, run_after=2024-08-26 00:00:00+00:00
[2024-08-26T01:31:16.528+0000] {processor.py:183} INFO - Processing /home/airflow/.local/lib/python3.12/site-packages/airflow/example_dags/tutorial.py took 0.039 seconds
[2024-08-26T01:31:46.824+0000] {processor.py:161} INFO - Started process (PID=842) to work on /home/airflow/.local/lib/python3.12/site-packages/airflow/example_dags/tutorial.py
[2024-08-26T01:31:46.824+0000] {processor.py:830} INFO - Processing file /home/airflow/.local/lib/python3.12/site-packages/airflow/example_dags/tutorial.py for tasks to queue
[2024-08-26T01:31:46.825+0000] {logging_mixin.py:188} INFO - [2024-08-26T01:31:46.825+0000] {dagbag.py:540} INFO - Filling up the DagBag from /home/airflow/.local/lib/python3.12/site-packages/airflow/example_dags/tutorial.py
[2024-08-26T01:31:46.828+0000] {processor.py:840} INFO - DAG(s) 'tutorial' retrieved from /home/airflow/.local/lib/python3.12/site-packages/airflow/example_dags/tutorial.py
[2024-08-26T01:31:46.839+0000] {logging_mixin.py:188} INFO - [2024-08-26T01:31:46.838+0000] {dag.py:3096} INFO - Sync 1 DAGs
[2024-08-26T01:31:46.950+0000] {logging_mixin.py:188} INFO - [2024-08-26T01:31:46.949+0000] {dag.py:3954} INFO - Setting next_dagrun for tutorial to 2024-08-25 00:00:00+00:00, run_after=2024-08-26 00:00:00+00:00
[2024-08-26T01:31:46.960+0000] {processor.py:183} INFO - Processing /home/airflow/.local/lib/python3.12/site-packages/airflow/example_dags/tutorial.py took 0.139 seconds
[2024-08-26T01:32:17.002+0000] {processor.py:161} INFO - Started process (PID=902) to work on /home/airflow/.local/lib/python3.12/site-packages/airflow/example_dags/tutorial.py
[2024-08-26T01:32:17.003+0000] {processor.py:830} INFO - Processing file /home/airflow/.local/lib/python3.12/site-packages/airflow/example_dags/tutorial.py for tasks to queue
[2024-08-26T01:32:17.004+0000] {logging_mixin.py:188} INFO - [2024-08-26T01:32:17.004+0000] {dagbag.py:540} INFO - Filling up the DagBag from /home/airflow/.local/lib/python3.12/site-packages/airflow/example_dags/tutorial.py
[2024-08-26T01:32:17.007+0000] {processor.py:840} INFO - DAG(s) 'tutorial' retrieved from /home/airflow/.local/lib/python3.12/site-packages/airflow/example_dags/tutorial.py
[2024-08-26T01:32:17.018+0000] {logging_mixin.py:188} INFO - [2024-08-26T01:32:17.018+0000] {dag.py:3096} INFO - Sync 1 DAGs
[2024-08-26T01:32:17.029+0000] {logging_mixin.py:188} INFO - [2024-08-26T01:32:17.029+0000] {dag.py:3954} INFO - Setting next_dagrun for tutorial to 2024-08-25 00:00:00+00:00, run_after=2024-08-26 00:00:00+00:00
[2024-08-26T01:32:17.038+0000] {processor.py:183} INFO - Processing /home/airflow/.local/lib/python3.12/site-packages/airflow/example_dags/tutorial.py took 0.039 seconds
[2024-08-26T01:32:47.441+0000] {processor.py:161} INFO - Started process (PID=962) to work on /home/airflow/.local/lib/python3.12/site-packages/airflow/example_dags/tutorial.py
[2024-08-26T01:32:47.441+0000] {processor.py:830} INFO - Processing file /home/airflow/.local/lib/python3.12/site-packages/airflow/example_dags/tutorial.py for tasks to queue
[2024-08-26T01:32:47.442+0000] {logging_mixin.py:188} INFO - [2024-08-26T01:32:47.442+0000] {dagbag.py:540} INFO - Filling up the DagBag from /home/airflow/.local/lib/python3.12/site-packages/airflow/example_dags/tutorial.py
[2024-08-26T01:32:47.446+0000] {processor.py:840} INFO - DAG(s) 'tutorial' retrieved from /home/airflow/.local/lib/python3.12/site-packages/airflow/example_dags/tutorial.py
[2024-08-26T01:32:47.458+0000] {logging_mixin.py:188} INFO - [2024-08-26T01:32:47.458+0000] {dag.py:3096} INFO - Sync 1 DAGs
[2024-08-26T01:32:47.469+0000] {logging_mixin.py:188} INFO - [2024-08-26T01:32:47.469+0000] {dag.py:3954} INFO - Setting next_dagrun for tutorial to 2024-08-25 00:00:00+00:00, run_after=2024-08-26 00:00:00+00:00
[2024-08-26T01:32:47.479+0000] {processor.py:183} INFO - Processing /home/airflow/.local/lib/python3.12/site-packages/airflow/example_dags/tutorial.py took 0.041 seconds
[2024-08-26T01:33:18.064+0000] {processor.py:161} INFO - Started process (PID=1022) to work on /home/airflow/.local/lib/python3.12/site-packages/airflow/example_dags/tutorial.py
[2024-08-26T01:33:18.064+0000] {processor.py:830} INFO - Processing file /home/airflow/.local/lib/python3.12/site-packages/airflow/example_dags/tutorial.py for tasks to queue
[2024-08-26T01:33:18.065+0000] {logging_mixin.py:188} INFO - [2024-08-26T01:33:18.065+0000] {dagbag.py:540} INFO - Filling up the DagBag from /home/airflow/.local/lib/python3.12/site-packages/airflow/example_dags/tutorial.py
[2024-08-26T01:33:18.068+0000] {processor.py:840} INFO - DAG(s) 'tutorial' retrieved from /home/airflow/.local/lib/python3.12/site-packages/airflow/example_dags/tutorial.py
[2024-08-26T01:33:18.079+0000] {logging_mixin.py:188} INFO - [2024-08-26T01:33:18.079+0000] {dag.py:3096} INFO - Sync 1 DAGs
[2024-08-26T01:33:18.091+0000] {logging_mixin.py:188} INFO - [2024-08-26T01:33:18.091+0000] {dag.py:3954} INFO - Setting next_dagrun for tutorial to 2024-08-25 00:00:00+00:00, run_after=2024-08-26 00:00:00+00:00
[2024-08-26T01:33:18.100+0000] {processor.py:183} INFO - Processing /home/airflow/.local/lib/python3.12/site-packages/airflow/example_dags/tutorial.py took 0.040 seconds
[2024-08-26T01:33:48.680+0000] {processor.py:161} INFO - Started process (PID=1082) to work on /home/airflow/.local/lib/python3.12/site-packages/airflow/example_dags/tutorial.py
[2024-08-26T01:33:48.680+0000] {processor.py:830} INFO - Processing file /home/airflow/.local/lib/python3.12/site-packages/airflow/example_dags/tutorial.py for tasks to queue
[2024-08-26T01:33:48.681+0000] {logging_mixin.py:188} INFO - [2024-08-26T01:33:48.681+0000] {dagbag.py:540} INFO - Filling up the DagBag from /home/airflow/.local/lib/python3.12/site-packages/airflow/example_dags/tutorial.py
[2024-08-26T01:33:48.684+0000] {processor.py:840} INFO - DAG(s) 'tutorial' retrieved from /home/airflow/.local/lib/python3.12/site-packages/airflow/example_dags/tutorial.py
[2024-08-26T01:33:48.695+0000] {logging_mixin.py:188} INFO - [2024-08-26T01:33:48.695+0000] {dag.py:3096} INFO - Sync 1 DAGs
[2024-08-26T01:33:48.706+0000] {logging_mixin.py:188} INFO - [2024-08-26T01:33:48.706+0000] {dag.py:3954} INFO - Setting next_dagrun for tutorial to 2024-08-25 00:00:00+00:00, run_after=2024-08-26 00:00:00+00:00
[2024-08-26T01:33:48.715+0000] {processor.py:183} INFO - Processing /home/airflow/.local/lib/python3.12/site-packages/airflow/example_dags/tutorial.py took 0.039 seconds
[2024-08-26T01:34:18.783+0000] {processor.py:161} INFO - Started process (PID=1142) to work on /home/airflow/.local/lib/python3.12/site-packages/airflow/example_dags/tutorial.py
[2024-08-26T01:34:18.784+0000] {processor.py:830} INFO - Processing file /home/airflow/.local/lib/python3.12/site-packages/airflow/example_dags/tutorial.py for tasks to queue
[2024-08-26T01:34:18.785+0000] {logging_mixin.py:188} INFO - [2024-08-26T01:34:18.785+0000] {dagbag.py:540} INFO - Filling up the DagBag from /home/airflow/.local/lib/python3.12/site-packages/airflow/example_dags/tutorial.py
[2024-08-26T01:34:18.788+0000] {processor.py:840} INFO - DAG(s) 'tutorial' retrieved from /home/airflow/.local/lib/python3.12/site-packages/airflow/example_dags/tutorial.py
[2024-08-26T01:34:18.798+0000] {logging_mixin.py:188} INFO - [2024-08-26T01:34:18.798+0000] {dag.py:3096} INFO - Sync 1 DAGs
[2024-08-26T01:34:18.810+0000] {logging_mixin.py:188} INFO - [2024-08-26T01:34:18.809+0000] {dag.py:3954} INFO - Setting next_dagrun for tutorial to 2024-08-25 00:00:00+00:00, run_after=2024-08-26 00:00:00+00:00
[2024-08-26T01:34:18.818+0000] {processor.py:183} INFO - Processing /home/airflow/.local/lib/python3.12/site-packages/airflow/example_dags/tutorial.py took 0.038 seconds
[2024-08-26T01:34:49.621+0000] {processor.py:161} INFO - Started process (PID=1202) to work on /home/airflow/.local/lib/python3.12/site-packages/airflow/example_dags/tutorial.py
[2024-08-26T01:34:49.622+0000] {processor.py:830} INFO - Processing file /home/airflow/.local/lib/python3.12/site-packages/airflow/example_dags/tutorial.py for tasks to queue
[2024-08-26T01:34:49.623+0000] {logging_mixin.py:188} INFO - [2024-08-26T01:34:49.623+0000] {dagbag.py:540} INFO - Filling up the DagBag from /home/airflow/.local/lib/python3.12/site-packages/airflow/example_dags/tutorial.py
[2024-08-26T01:34:49.626+0000] {processor.py:840} INFO - DAG(s) 'tutorial' retrieved from /home/airflow/.local/lib/python3.12/site-packages/airflow/example_dags/tutorial.py
[2024-08-26T01:34:49.637+0000] {logging_mixin.py:188} INFO - [2024-08-26T01:34:49.636+0000] {dag.py:3096} INFO - Sync 1 DAGs
[2024-08-26T01:34:49.648+0000] {logging_mixin.py:188} INFO - [2024-08-26T01:34:49.648+0000] {dag.py:3954} INFO - Setting next_dagrun for tutorial to 2024-08-25 00:00:00+00:00, run_after=2024-08-26 00:00:00+00:00
[2024-08-26T01:34:49.657+0000] {processor.py:183} INFO - Processing /home/airflow/.local/lib/python3.12/site-packages/airflow/example_dags/tutorial.py took 0.039 seconds
[2024-08-26T01:35:20.515+0000] {processor.py:161} INFO - Started process (PID=1262) to work on /home/airflow/.local/lib/python3.12/site-packages/airflow/example_dags/tutorial.py
[2024-08-26T01:35:20.515+0000] {processor.py:830} INFO - Processing file /home/airflow/.local/lib/python3.12/site-packages/airflow/example_dags/tutorial.py for tasks to queue
[2024-08-26T01:35:20.516+0000] {logging_mixin.py:188} INFO - [2024-08-26T01:35:20.516+0000] {dagbag.py:540} INFO - Filling up the DagBag from /home/airflow/.local/lib/python3.12/site-packages/airflow/example_dags/tutorial.py
[2024-08-26T01:35:20.519+0000] {processor.py:840} INFO - DAG(s) 'tutorial' retrieved from /home/airflow/.local/lib/python3.12/site-packages/airflow/example_dags/tutorial.py
[2024-08-26T01:35:20.530+0000] {logging_mixin.py:188} INFO - [2024-08-26T01:35:20.529+0000] {dag.py:3096} INFO - Sync 1 DAGs
[2024-08-26T01:35:20.541+0000] {logging_mixin.py:188} INFO - [2024-08-26T01:35:20.541+0000] {dag.py:3954} INFO - Setting next_dagrun for tutorial to 2024-08-25 00:00:00+00:00, run_after=2024-08-26 00:00:00+00:00
[2024-08-26T01:35:20.550+0000] {processor.py:183} INFO - Processing /home/airflow/.local/lib/python3.12/site-packages/airflow/example_dags/tutorial.py took 0.039 seconds
[2024-08-26T01:35:51.395+0000] {processor.py:161} INFO - Started process (PID=1322) to work on /home/airflow/.local/lib/python3.12/site-packages/airflow/example_dags/tutorial.py
[2024-08-26T01:35:51.395+0000] {processor.py:830} INFO - Processing file /home/airflow/.local/lib/python3.12/site-packages/airflow/example_dags/tutorial.py for tasks to queue
[2024-08-26T01:35:51.396+0000] {logging_mixin.py:188} INFO - [2024-08-26T01:35:51.396+0000] {dagbag.py:540} INFO - Filling up the DagBag from /home/airflow/.local/lib/python3.12/site-packages/airflow/example_dags/tutorial.py
[2024-08-26T01:35:51.399+0000] {processor.py:840} INFO - DAG(s) 'tutorial' retrieved from /home/airflow/.local/lib/python3.12/site-packages/airflow/example_dags/tutorial.py
[2024-08-26T01:35:51.410+0000] {logging_mixin.py:188} INFO - [2024-08-26T01:35:51.410+0000] {dag.py:3096} INFO - Sync 1 DAGs
[2024-08-26T01:35:51.422+0000] {logging_mixin.py:188} INFO - [2024-08-26T01:35:51.422+0000] {dag.py:3954} INFO - Setting next_dagrun for tutorial to 2024-08-25 00:00:00+00:00, run_after=2024-08-26 00:00:00+00:00
[2024-08-26T01:35:51.431+0000] {processor.py:183} INFO - Processing /home/airflow/.local/lib/python3.12/site-packages/airflow/example_dags/tutorial.py took 0.039 seconds
[2024-08-26T01:36:21.479+0000] {processor.py:161} INFO - Started process (PID=1382) to work on /home/airflow/.local/lib/python3.12/site-packages/airflow/example_dags/tutorial.py
[2024-08-26T01:36:21.479+0000] {processor.py:830} INFO - Processing file /home/airflow/.local/lib/python3.12/site-packages/airflow/example_dags/tutorial.py for tasks to queue
[2024-08-26T01:36:21.480+0000] {logging_mixin.py:188} INFO - [2024-08-26T01:36:21.480+0000] {dagbag.py:540} INFO - Filling up the DagBag from /home/airflow/.local/lib/python3.12/site-packages/airflow/example_dags/tutorial.py
[2024-08-26T01:36:21.483+0000] {processor.py:840} INFO - DAG(s) 'tutorial' retrieved from /home/airflow/.local/lib/python3.12/site-packages/airflow/example_dags/tutorial.py
[2024-08-26T01:36:21.494+0000] {logging_mixin.py:188} INFO - [2024-08-26T01:36:21.494+0000] {dag.py:3096} INFO - Sync 1 DAGs
[2024-08-26T01:36:21.505+0000] {logging_mixin.py:188} INFO - [2024-08-26T01:36:21.505+0000] {dag.py:3954} INFO - Setting next_dagrun for tutorial to 2024-08-25 00:00:00+00:00, run_after=2024-08-26 00:00:00+00:00
[2024-08-26T01:36:21.515+0000] {processor.py:183} INFO - Processing /home/airflow/.local/lib/python3.12/site-packages/airflow/example_dags/tutorial.py took 0.039 seconds
[2024-08-26T01:36:51.687+0000] {processor.py:161} INFO - Started process (PID=1442) to work on /home/airflow/.local/lib/python3.12/site-packages/airflow/example_dags/tutorial.py
[2024-08-26T01:36:51.688+0000] {processor.py:830} INFO - Processing file /home/airflow/.local/lib/python3.12/site-packages/airflow/example_dags/tutorial.py for tasks to queue
[2024-08-26T01:36:51.689+0000] {logging_mixin.py:188} INFO - [2024-08-26T01:36:51.689+0000] {dagbag.py:540} INFO - Filling up the DagBag from /home/airflow/.local/lib/python3.12/site-packages/airflow/example_dags/tutorial.py
[2024-08-26T01:36:51.692+0000] {processor.py:840} INFO - DAG(s) 'tutorial' retrieved from /home/airflow/.local/lib/python3.12/site-packages/airflow/example_dags/tutorial.py
[2024-08-26T01:36:51.703+0000] {logging_mixin.py:188} INFO - [2024-08-26T01:36:51.703+0000] {dag.py:3096} INFO - Sync 1 DAGs
[2024-08-26T01:36:51.714+0000] {logging_mixin.py:188} INFO - [2024-08-26T01:36:51.714+0000] {dag.py:3954} INFO - Setting next_dagrun for tutorial to 2024-08-25 00:00:00+00:00, run_after=2024-08-26 00:00:00+00:00
[2024-08-26T01:36:51.724+0000] {processor.py:183} INFO - Processing /home/airflow/.local/lib/python3.12/site-packages/airflow/example_dags/tutorial.py took 0.040 seconds
[2024-08-26T01:37:21.918+0000] {processor.py:161} INFO - Started process (PID=1502) to work on /home/airflow/.local/lib/python3.12/site-packages/airflow/example_dags/tutorial.py
[2024-08-26T01:37:21.919+0000] {processor.py:830} INFO - Processing file /home/airflow/.local/lib/python3.12/site-packages/airflow/example_dags/tutorial.py for tasks to queue
[2024-08-26T01:37:21.920+0000] {logging_mixin.py:188} INFO - [2024-08-26T01:37:21.920+0000] {dagbag.py:540} INFO - Filling up the DagBag from /home/airflow/.local/lib/python3.12/site-packages/airflow/example_dags/tutorial.py
[2024-08-26T01:37:21.923+0000] {processor.py:840} INFO - DAG(s) 'tutorial' retrieved from /home/airflow/.local/lib/python3.12/site-packages/airflow/example_dags/tutorial.py
[2024-08-26T01:37:21.935+0000] {logging_mixin.py:188} INFO - [2024-08-26T01:37:21.935+0000] {dag.py:3096} INFO - Sync 1 DAGs
[2024-08-26T01:37:21.947+0000] {logging_mixin.py:188} INFO - [2024-08-26T01:37:21.947+0000] {dag.py:3954} INFO - Setting next_dagrun for tutorial to 2024-08-25 00:00:00+00:00, run_after=2024-08-26 00:00:00+00:00
[2024-08-26T01:37:21.957+0000] {processor.py:183} INFO - Processing /home/airflow/.local/lib/python3.12/site-packages/airflow/example_dags/tutorial.py took 0.041 seconds
[2024-08-26T01:37:52.045+0000] {processor.py:161} INFO - Started process (PID=1562) to work on /home/airflow/.local/lib/python3.12/site-packages/airflow/example_dags/tutorial.py
[2024-08-26T01:37:52.046+0000] {processor.py:830} INFO - Processing file /home/airflow/.local/lib/python3.12/site-packages/airflow/example_dags/tutorial.py for tasks to queue
[2024-08-26T01:37:52.047+0000] {logging_mixin.py:188} INFO - [2024-08-26T01:37:52.046+0000] {dagbag.py:540} INFO - Filling up the DagBag from /home/airflow/.local/lib/python3.12/site-packages/airflow/example_dags/tutorial.py
[2024-08-26T01:37:52.050+0000] {processor.py:840} INFO - DAG(s) 'tutorial' retrieved from /home/airflow/.local/lib/python3.12/site-packages/airflow/example_dags/tutorial.py
[2024-08-26T01:37:52.062+0000] {logging_mixin.py:188} INFO - [2024-08-26T01:37:52.062+0000] {dag.py:3096} INFO - Sync 1 DAGs
[2024-08-26T01:37:52.074+0000] {logging_mixin.py:188} INFO - [2024-08-26T01:37:52.074+0000] {dag.py:3954} INFO - Setting next_dagrun for tutorial to 2024-08-25 00:00:00+00:00, run_after=2024-08-26 00:00:00+00:00
[2024-08-26T01:37:52.085+0000] {processor.py:183} INFO - Processing /home/airflow/.local/lib/python3.12/site-packages/airflow/example_dags/tutorial.py took 0.044 seconds
[2024-08-26T01:38:22.167+0000] {processor.py:161} INFO - Started process (PID=1622) to work on /home/airflow/.local/lib/python3.12/site-packages/airflow/example_dags/tutorial.py
[2024-08-26T01:38:22.168+0000] {processor.py:830} INFO - Processing file /home/airflow/.local/lib/python3.12/site-packages/airflow/example_dags/tutorial.py for tasks to queue
[2024-08-26T01:38:22.169+0000] {logging_mixin.py:188} INFO - [2024-08-26T01:38:22.169+0000] {dagbag.py:540} INFO - Filling up the DagBag from /home/airflow/.local/lib/python3.12/site-packages/airflow/example_dags/tutorial.py
[2024-08-26T01:38:22.172+0000] {processor.py:840} INFO - DAG(s) 'tutorial' retrieved from /home/airflow/.local/lib/python3.12/site-packages/airflow/example_dags/tutorial.py
[2024-08-26T01:38:22.184+0000] {logging_mixin.py:188} INFO - [2024-08-26T01:38:22.184+0000] {dag.py:3096} INFO - Sync 1 DAGs
[2024-08-26T01:38:22.196+0000] {logging_mixin.py:188} INFO - [2024-08-26T01:38:22.196+0000] {dag.py:3954} INFO - Setting next_dagrun for tutorial to 2024-08-25 00:00:00+00:00, run_after=2024-08-26 00:00:00+00:00
[2024-08-26T01:38:22.207+0000] {processor.py:183} INFO - Processing /home/airflow/.local/lib/python3.12/site-packages/airflow/example_dags/tutorial.py took 0.042 seconds
[2024-08-26T01:38:52.403+0000] {processor.py:161} INFO - Started process (PID=1682) to work on /home/airflow/.local/lib/python3.12/site-packages/airflow/example_dags/tutorial.py
[2024-08-26T01:38:52.403+0000] {processor.py:830} INFO - Processing file /home/airflow/.local/lib/python3.12/site-packages/airflow/example_dags/tutorial.py for tasks to queue
[2024-08-26T01:38:52.404+0000] {logging_mixin.py:188} INFO - [2024-08-26T01:38:52.404+0000] {dagbag.py:540} INFO - Filling up the DagBag from /home/airflow/.local/lib/python3.12/site-packages/airflow/example_dags/tutorial.py
[2024-08-26T01:38:52.408+0000] {processor.py:840} INFO - DAG(s) 'tutorial' retrieved from /home/airflow/.local/lib/python3.12/site-packages/airflow/example_dags/tutorial.py
[2024-08-26T01:38:52.420+0000] {logging_mixin.py:188} INFO - [2024-08-26T01:38:52.420+0000] {dag.py:3096} INFO - Sync 1 DAGs
[2024-08-26T01:38:52.432+0000] {logging_mixin.py:188} INFO - [2024-08-26T01:38:52.432+0000] {dag.py:3954} INFO - Setting next_dagrun for tutorial to 2024-08-25 00:00:00+00:00, run_after=2024-08-26 00:00:00+00:00
[2024-08-26T01:38:52.442+0000] {processor.py:183} INFO - Processing /home/airflow/.local/lib/python3.12/site-packages/airflow/example_dags/tutorial.py took 0.042 seconds
[2024-08-26T01:39:22.467+0000] {processor.py:161} INFO - Started process (PID=1742) to work on /home/airflow/.local/lib/python3.12/site-packages/airflow/example_dags/tutorial.py
[2024-08-26T01:39:22.468+0000] {processor.py:830} INFO - Processing file /home/airflow/.local/lib/python3.12/site-packages/airflow/example_dags/tutorial.py for tasks to queue
[2024-08-26T01:39:22.469+0000] {logging_mixin.py:188} INFO - [2024-08-26T01:39:22.469+0000] {dagbag.py:540} INFO - Filling up the DagBag from /home/airflow/.local/lib/python3.12/site-packages/airflow/example_dags/tutorial.py
[2024-08-26T01:39:22.472+0000] {processor.py:840} INFO - DAG(s) 'tutorial' retrieved from /home/airflow/.local/lib/python3.12/site-packages/airflow/example_dags/tutorial.py
[2024-08-26T01:39:22.483+0000] {logging_mixin.py:188} INFO - [2024-08-26T01:39:22.483+0000] {dag.py:3096} INFO - Sync 1 DAGs
[2024-08-26T01:39:22.494+0000] {logging_mixin.py:188} INFO - [2024-08-26T01:39:22.494+0000] {dag.py:3954} INFO - Setting next_dagrun for tutorial to 2024-08-25 00:00:00+00:00, run_after=2024-08-26 00:00:00+00:00
[2024-08-26T01:39:22.504+0000] {processor.py:183} INFO - Processing /home/airflow/.local/lib/python3.12/site-packages/airflow/example_dags/tutorial.py took 0.039 seconds
[2024-08-26T01:39:53.197+0000] {processor.py:161} INFO - Started process (PID=1802) to work on /home/airflow/.local/lib/python3.12/site-packages/airflow/example_dags/tutorial.py
[2024-08-26T01:39:53.197+0000] {processor.py:830} INFO - Processing file /home/airflow/.local/lib/python3.12/site-packages/airflow/example_dags/tutorial.py for tasks to queue
[2024-08-26T01:39:53.198+0000] {logging_mixin.py:188} INFO - [2024-08-26T01:39:53.198+0000] {dagbag.py:540} INFO - Filling up the DagBag from /home/airflow/.local/lib/python3.12/site-packages/airflow/example_dags/tutorial.py
[2024-08-26T01:39:53.201+0000] {processor.py:840} INFO - DAG(s) 'tutorial' retrieved from /home/airflow/.local/lib/python3.12/site-packages/airflow/example_dags/tutorial.py
[2024-08-26T01:39:53.212+0000] {logging_mixin.py:188} INFO - [2024-08-26T01:39:53.212+0000] {dag.py:3096} INFO - Sync 1 DAGs
[2024-08-26T01:39:53.223+0000] {logging_mixin.py:188} INFO - [2024-08-26T01:39:53.223+0000] {dag.py:3954} INFO - Setting next_dagrun for tutorial to 2024-08-25 00:00:00+00:00, run_after=2024-08-26 00:00:00+00:00
[2024-08-26T01:39:53.232+0000] {processor.py:183} INFO - Processing /home/airflow/.local/lib/python3.12/site-packages/airflow/example_dags/tutorial.py took 0.039 seconds
[2024-08-26T01:40:23.985+0000] {processor.py:161} INFO - Started process (PID=1862) to work on /home/airflow/.local/lib/python3.12/site-packages/airflow/example_dags/tutorial.py
[2024-08-26T01:40:23.986+0000] {processor.py:830} INFO - Processing file /home/airflow/.local/lib/python3.12/site-packages/airflow/example_dags/tutorial.py for tasks to queue
[2024-08-26T01:40:23.988+0000] {logging_mixin.py:188} INFO - [2024-08-26T01:40:23.987+0000] {dagbag.py:540} INFO - Filling up the DagBag from /home/airflow/.local/lib/python3.12/site-packages/airflow/example_dags/tutorial.py
[2024-08-26T01:40:23.991+0000] {processor.py:840} INFO - DAG(s) 'tutorial' retrieved from /home/airflow/.local/lib/python3.12/site-packages/airflow/example_dags/tutorial.py
[2024-08-26T01:40:24.002+0000] {logging_mixin.py:188} INFO - [2024-08-26T01:40:24.002+0000] {dag.py:3096} INFO - Sync 1 DAGs
[2024-08-26T01:40:24.015+0000] {logging_mixin.py:188} INFO - [2024-08-26T01:40:24.015+0000] {dag.py:3954} INFO - Setting next_dagrun for tutorial to 2024-08-25 00:00:00+00:00, run_after=2024-08-26 00:00:00+00:00
[2024-08-26T01:40:24.024+0000] {processor.py:183} INFO - Processing /home/airflow/.local/lib/python3.12/site-packages/airflow/example_dags/tutorial.py took 0.042 seconds
[2024-08-26T01:40:54.735+0000] {processor.py:161} INFO - Started process (PID=1922) to work on /home/airflow/.local/lib/python3.12/site-packages/airflow/example_dags/tutorial.py
[2024-08-26T01:40:54.735+0000] {processor.py:830} INFO - Processing file /home/airflow/.local/lib/python3.12/site-packages/airflow/example_dags/tutorial.py for tasks to queue
[2024-08-26T01:40:54.736+0000] {logging_mixin.py:188} INFO - [2024-08-26T01:40:54.736+0000] {dagbag.py:540} INFO - Filling up the DagBag from /home/airflow/.local/lib/python3.12/site-packages/airflow/example_dags/tutorial.py
[2024-08-26T01:40:54.740+0000] {processor.py:840} INFO - DAG(s) 'tutorial' retrieved from /home/airflow/.local/lib/python3.12/site-packages/airflow/example_dags/tutorial.py
[2024-08-26T01:40:54.752+0000] {logging_mixin.py:188} INFO - [2024-08-26T01:40:54.752+0000] {dag.py:3096} INFO - Sync 1 DAGs
[2024-08-26T01:40:54.764+0000] {logging_mixin.py:188} INFO - [2024-08-26T01:40:54.764+0000] {dag.py:3954} INFO - Setting next_dagrun for tutorial to 2024-08-25 00:00:00+00:00, run_after=2024-08-26 00:00:00+00:00
[2024-08-26T01:40:54.773+0000] {processor.py:183} INFO - Processing /home/airflow/.local/lib/python3.12/site-packages/airflow/example_dags/tutorial.py took 0.042 seconds
[2024-08-26T01:41:25.476+0000] {processor.py:161} INFO - Started process (PID=1982) to work on /home/airflow/.local/lib/python3.12/site-packages/airflow/example_dags/tutorial.py
[2024-08-26T01:41:25.476+0000] {processor.py:830} INFO - Processing file /home/airflow/.local/lib/python3.12/site-packages/airflow/example_dags/tutorial.py for tasks to queue
[2024-08-26T01:41:25.477+0000] {logging_mixin.py:188} INFO - [2024-08-26T01:41:25.477+0000] {dagbag.py:540} INFO - Filling up the DagBag from /home/airflow/.local/lib/python3.12/site-packages/airflow/example_dags/tutorial.py
[2024-08-26T01:41:25.480+0000] {processor.py:840} INFO - DAG(s) 'tutorial' retrieved from /home/airflow/.local/lib/python3.12/site-packages/airflow/example_dags/tutorial.py
[2024-08-26T01:41:25.491+0000] {logging_mixin.py:188} INFO - [2024-08-26T01:41:25.491+0000] {dag.py:3096} INFO - Sync 1 DAGs
[2024-08-26T01:41:25.503+0000] {logging_mixin.py:188} INFO - [2024-08-26T01:41:25.503+0000] {dag.py:3954} INFO - Setting next_dagrun for tutorial to 2024-08-25 00:00:00+00:00, run_after=2024-08-26 00:00:00+00:00
[2024-08-26T01:41:25.513+0000] {processor.py:183} INFO - Processing /home/airflow/.local/lib/python3.12/site-packages/airflow/example_dags/tutorial.py took 0.040 seconds
[2024-08-26T01:41:56.165+0000] {processor.py:161} INFO - Started process (PID=2042) to work on /home/airflow/.local/lib/python3.12/site-packages/airflow/example_dags/tutorial.py
[2024-08-26T01:41:56.165+0000] {processor.py:830} INFO - Processing file /home/airflow/.local/lib/python3.12/site-packages/airflow/example_dags/tutorial.py for tasks to queue
[2024-08-26T01:41:56.166+0000] {logging_mixin.py:188} INFO - [2024-08-26T01:41:56.166+0000] {dagbag.py:540} INFO - Filling up the DagBag from /home/airflow/.local/lib/python3.12/site-packages/airflow/example_dags/tutorial.py
[2024-08-26T01:41:56.169+0000] {processor.py:840} INFO - DAG(s) 'tutorial' retrieved from /home/airflow/.local/lib/python3.12/site-packages/airflow/example_dags/tutorial.py
[2024-08-26T01:41:56.181+0000] {logging_mixin.py:188} INFO - [2024-08-26T01:41:56.181+0000] {dag.py:3096} INFO - Sync 1 DAGs
[2024-08-26T01:41:56.193+0000] {logging_mixin.py:188} INFO - [2024-08-26T01:41:56.193+0000] {dag.py:3954} INFO - Setting next_dagrun for tutorial to 2024-08-25 00:00:00+00:00, run_after=2024-08-26 00:00:00+00:00
[2024-08-26T01:41:56.202+0000] {processor.py:183} INFO - Processing /home/airflow/.local/lib/python3.12/site-packages/airflow/example_dags/tutorial.py took 0.040 seconds
[2024-08-26T01:42:26.896+0000] {processor.py:161} INFO - Started process (PID=2102) to work on /home/airflow/.local/lib/python3.12/site-packages/airflow/example_dags/tutorial.py
[2024-08-26T01:42:26.897+0000] {processor.py:830} INFO - Processing file /home/airflow/.local/lib/python3.12/site-packages/airflow/example_dags/tutorial.py for tasks to queue
[2024-08-26T01:42:26.898+0000] {logging_mixin.py:188} INFO - [2024-08-26T01:42:26.898+0000] {dagbag.py:540} INFO - Filling up the DagBag from /home/airflow/.local/lib/python3.12/site-packages/airflow/example_dags/tutorial.py
[2024-08-26T01:42:26.901+0000] {processor.py:840} INFO - DAG(s) 'tutorial' retrieved from /home/airflow/.local/lib/python3.12/site-packages/airflow/example_dags/tutorial.py
[2024-08-26T01:42:26.912+0000] {logging_mixin.py:188} INFO - [2024-08-26T01:42:26.912+0000] {dag.py:3096} INFO - Sync 1 DAGs
[2024-08-26T01:42:26.924+0000] {logging_mixin.py:188} INFO - [2024-08-26T01:42:26.923+0000] {dag.py:3954} INFO - Setting next_dagrun for tutorial to 2024-08-25 00:00:00+00:00, run_after=2024-08-26 00:00:00+00:00
[2024-08-26T01:42:26.933+0000] {processor.py:183} INFO - Processing /home/airflow/.local/lib/python3.12/site-packages/airflow/example_dags/tutorial.py took 0.040 seconds
[2024-08-26T01:42:57.624+0000] {processor.py:161} INFO - Started process (PID=2162) to work on /home/airflow/.local/lib/python3.12/site-packages/airflow/example_dags/tutorial.py
[2024-08-26T01:42:57.625+0000] {processor.py:830} INFO - Processing file /home/airflow/.local/lib/python3.12/site-packages/airflow/example_dags/tutorial.py for tasks to queue
[2024-08-26T01:42:57.626+0000] {logging_mixin.py:188} INFO - [2024-08-26T01:42:57.625+0000] {dagbag.py:540} INFO - Filling up the DagBag from /home/airflow/.local/lib/python3.12/site-packages/airflow/example_dags/tutorial.py
[2024-08-26T01:42:57.629+0000] {processor.py:840} INFO - DAG(s) 'tutorial' retrieved from /home/airflow/.local/lib/python3.12/site-packages/airflow/example_dags/tutorial.py
[2024-08-26T01:42:57.644+0000] {logging_mixin.py:188} INFO - [2024-08-26T01:42:57.644+0000] {dag.py:3096} INFO - Sync 1 DAGs
[2024-08-26T01:42:57.657+0000] {logging_mixin.py:188} INFO - [2024-08-26T01:42:57.657+0000] {dag.py:3954} INFO - Setting next_dagrun for tutorial to 2024-08-25 00:00:00+00:00, run_after=2024-08-26 00:00:00+00:00
[2024-08-26T01:42:57.666+0000] {processor.py:183} INFO - Processing /home/airflow/.local/lib/python3.12/site-packages/airflow/example_dags/tutorial.py took 0.045 seconds
[2024-08-26T01:43:28.254+0000] {processor.py:161} INFO - Started process (PID=2222) to work on /home/airflow/.local/lib/python3.12/site-packages/airflow/example_dags/tutorial.py
[2024-08-26T01:43:28.255+0000] {processor.py:830} INFO - Processing file /home/airflow/.local/lib/python3.12/site-packages/airflow/example_dags/tutorial.py for tasks to queue
[2024-08-26T01:43:28.255+0000] {logging_mixin.py:188} INFO - [2024-08-26T01:43:28.255+0000] {dagbag.py:540} INFO - Filling up the DagBag from /home/airflow/.local/lib/python3.12/site-packages/airflow/example_dags/tutorial.py
[2024-08-26T01:43:28.258+0000] {processor.py:840} INFO - DAG(s) 'tutorial' retrieved from /home/airflow/.local/lib/python3.12/site-packages/airflow/example_dags/tutorial.py
[2024-08-26T01:43:28.269+0000] {logging_mixin.py:188} INFO - [2024-08-26T01:43:28.269+0000] {dag.py:3096} INFO - Sync 1 DAGs
[2024-08-26T01:43:28.281+0000] {logging_mixin.py:188} INFO - [2024-08-26T01:43:28.281+0000] {dag.py:3954} INFO - Setting next_dagrun for tutorial to 2024-08-25 00:00:00+00:00, run_after=2024-08-26 00:00:00+00:00
[2024-08-26T01:43:28.290+0000] {processor.py:183} INFO - Processing /home/airflow/.local/lib/python3.12/site-packages/airflow/example_dags/tutorial.py took 0.039 seconds
[2024-08-26T01:43:58.965+0000] {processor.py:161} INFO - Started process (PID=2282) to work on /home/airflow/.local/lib/python3.12/site-packages/airflow/example_dags/tutorial.py
[2024-08-26T01:43:58.965+0000] {processor.py:830} INFO - Processing file /home/airflow/.local/lib/python3.12/site-packages/airflow/example_dags/tutorial.py for tasks to queue
[2024-08-26T01:43:58.966+0000] {logging_mixin.py:188} INFO - [2024-08-26T01:43:58.966+0000] {dagbag.py:540} INFO - Filling up the DagBag from /home/airflow/.local/lib/python3.12/site-packages/airflow/example_dags/tutorial.py
[2024-08-26T01:43:58.969+0000] {processor.py:840} INFO - DAG(s) 'tutorial' retrieved from /home/airflow/.local/lib/python3.12/site-packages/airflow/example_dags/tutorial.py
[2024-08-26T01:43:58.980+0000] {logging_mixin.py:188} INFO - [2024-08-26T01:43:58.980+0000] {dag.py:3096} INFO - Sync 1 DAGs
[2024-08-26T01:43:58.992+0000] {logging_mixin.py:188} INFO - [2024-08-26T01:43:58.992+0000] {dag.py:3954} INFO - Setting next_dagrun for tutorial to 2024-08-25 00:00:00+00:00, run_after=2024-08-26 00:00:00+00:00
[2024-08-26T01:43:59.002+0000] {processor.py:183} INFO - Processing /home/airflow/.local/lib/python3.12/site-packages/airflow/example_dags/tutorial.py took 0.040 seconds
[2024-08-26T01:44:29.713+0000] {processor.py:161} INFO - Started process (PID=2342) to work on /home/airflow/.local/lib/python3.12/site-packages/airflow/example_dags/tutorial.py
[2024-08-26T01:44:29.714+0000] {processor.py:830} INFO - Processing file /home/airflow/.local/lib/python3.12/site-packages/airflow/example_dags/tutorial.py for tasks to queue
[2024-08-26T01:44:29.715+0000] {logging_mixin.py:188} INFO - [2024-08-26T01:44:29.714+0000] {dagbag.py:540} INFO - Filling up the DagBag from /home/airflow/.local/lib/python3.12/site-packages/airflow/example_dags/tutorial.py
[2024-08-26T01:44:29.718+0000] {processor.py:840} INFO - DAG(s) 'tutorial' retrieved from /home/airflow/.local/lib/python3.12/site-packages/airflow/example_dags/tutorial.py
[2024-08-26T01:44:29.729+0000] {logging_mixin.py:188} INFO - [2024-08-26T01:44:29.728+0000] {dag.py:3096} INFO - Sync 1 DAGs
[2024-08-26T01:44:29.740+0000] {logging_mixin.py:188} INFO - [2024-08-26T01:44:29.740+0000] {dag.py:3954} INFO - Setting next_dagrun for tutorial to 2024-08-25 00:00:00+00:00, run_after=2024-08-26 00:00:00+00:00
[2024-08-26T01:44:29.749+0000] {processor.py:183} INFO - Processing /home/airflow/.local/lib/python3.12/site-packages/airflow/example_dags/tutorial.py took 0.039 seconds
[2024-08-26T01:45:00.364+0000] {processor.py:161} INFO - Started process (PID=2402) to work on /home/airflow/.local/lib/python3.12/site-packages/airflow/example_dags/tutorial.py
[2024-08-26T01:45:00.364+0000] {processor.py:830} INFO - Processing file /home/airflow/.local/lib/python3.12/site-packages/airflow/example_dags/tutorial.py for tasks to queue
[2024-08-26T01:45:00.365+0000] {logging_mixin.py:188} INFO - [2024-08-26T01:45:00.365+0000] {dagbag.py:540} INFO - Filling up the DagBag from /home/airflow/.local/lib/python3.12/site-packages/airflow/example_dags/tutorial.py
[2024-08-26T01:45:00.368+0000] {processor.py:840} INFO - DAG(s) 'tutorial' retrieved from /home/airflow/.local/lib/python3.12/site-packages/airflow/example_dags/tutorial.py
[2024-08-26T01:45:00.379+0000] {logging_mixin.py:188} INFO - [2024-08-26T01:45:00.379+0000] {dag.py:3096} INFO - Sync 1 DAGs
[2024-08-26T01:45:00.390+0000] {logging_mixin.py:188} INFO - [2024-08-26T01:45:00.390+0000] {dag.py:3954} INFO - Setting next_dagrun for tutorial to 2024-08-25 00:00:00+00:00, run_after=2024-08-26 00:00:00+00:00
[2024-08-26T01:45:00.399+0000] {processor.py:183} INFO - Processing /home/airflow/.local/lib/python3.12/site-packages/airflow/example_dags/tutorial.py took 0.038 seconds
[2024-08-26T01:45:30.926+0000] {processor.py:161} INFO - Started process (PID=2462) to work on /home/airflow/.local/lib/python3.12/site-packages/airflow/example_dags/tutorial.py
[2024-08-26T01:45:30.926+0000] {processor.py:830} INFO - Processing file /home/airflow/.local/lib/python3.12/site-packages/airflow/example_dags/tutorial.py for tasks to queue
[2024-08-26T01:45:30.927+0000] {logging_mixin.py:188} INFO - [2024-08-26T01:45:30.927+0000] {dagbag.py:540} INFO - Filling up the DagBag from /home/airflow/.local/lib/python3.12/site-packages/airflow/example_dags/tutorial.py
[2024-08-26T01:45:30.930+0000] {processor.py:840} INFO - DAG(s) 'tutorial' retrieved from /home/airflow/.local/lib/python3.12/site-packages/airflow/example_dags/tutorial.py
[2024-08-26T01:45:30.941+0000] {logging_mixin.py:188} INFO - [2024-08-26T01:45:30.941+0000] {dag.py:3096} INFO - Sync 1 DAGs
[2024-08-26T01:45:30.953+0000] {logging_mixin.py:188} INFO - [2024-08-26T01:45:30.953+0000] {dag.py:3954} INFO - Setting next_dagrun for tutorial to 2024-08-25 00:00:00+00:00, run_after=2024-08-26 00:00:00+00:00
[2024-08-26T01:45:30.962+0000] {processor.py:183} INFO - Processing /home/airflow/.local/lib/python3.12/site-packages/airflow/example_dags/tutorial.py took 0.039 seconds
[2024-08-26T01:46:01.557+0000] {processor.py:161} INFO - Started process (PID=2522) to work on /home/airflow/.local/lib/python3.12/site-packages/airflow/example_dags/tutorial.py
[2024-08-26T01:46:01.558+0000] {processor.py:830} INFO - Processing file /home/airflow/.local/lib/python3.12/site-packages/airflow/example_dags/tutorial.py for tasks to queue
[2024-08-26T01:46:01.559+0000] {logging_mixin.py:188} INFO - [2024-08-26T01:46:01.559+0000] {dagbag.py:540} INFO - Filling up the DagBag from /home/airflow/.local/lib/python3.12/site-packages/airflow/example_dags/tutorial.py
[2024-08-26T01:46:01.562+0000] {processor.py:840} INFO - DAG(s) 'tutorial' retrieved from /home/airflow/.local/lib/python3.12/site-packages/airflow/example_dags/tutorial.py
[2024-08-26T01:46:01.573+0000] {logging_mixin.py:188} INFO - [2024-08-26T01:46:01.573+0000] {dag.py:3096} INFO - Sync 1 DAGs
[2024-08-26T01:46:01.584+0000] {logging_mixin.py:188} INFO - [2024-08-26T01:46:01.584+0000] {dag.py:3954} INFO - Setting next_dagrun for tutorial to 2024-08-25 00:00:00+00:00, run_after=2024-08-26 00:00:00+00:00
[2024-08-26T01:46:01.593+0000] {processor.py:183} INFO - Processing /home/airflow/.local/lib/python3.12/site-packages/airflow/example_dags/tutorial.py took 0.039 seconds
[2024-08-26T01:46:32.203+0000] {processor.py:161} INFO - Started process (PID=2582) to work on /home/airflow/.local/lib/python3.12/site-packages/airflow/example_dags/tutorial.py
[2024-08-26T01:46:32.203+0000] {processor.py:830} INFO - Processing file /home/airflow/.local/lib/python3.12/site-packages/airflow/example_dags/tutorial.py for tasks to queue
[2024-08-26T01:46:32.204+0000] {logging_mixin.py:188} INFO - [2024-08-26T01:46:32.204+0000] {dagbag.py:540} INFO - Filling up the DagBag from /home/airflow/.local/lib/python3.12/site-packages/airflow/example_dags/tutorial.py
[2024-08-26T01:46:32.207+0000] {processor.py:840} INFO - DAG(s) 'tutorial' retrieved from /home/airflow/.local/lib/python3.12/site-packages/airflow/example_dags/tutorial.py
[2024-08-26T01:46:32.219+0000] {logging_mixin.py:188} INFO - [2024-08-26T01:46:32.219+0000] {dag.py:3096} INFO - Sync 1 DAGs
[2024-08-26T01:46:32.231+0000] {logging_mixin.py:188} INFO - [2024-08-26T01:46:32.231+0000] {dag.py:3954} INFO - Setting next_dagrun for tutorial to 2024-08-25 00:00:00+00:00, run_after=2024-08-26 00:00:00+00:00
[2024-08-26T01:46:32.241+0000] {processor.py:183} INFO - Processing /home/airflow/.local/lib/python3.12/site-packages/airflow/example_dags/tutorial.py took 0.041 seconds
[2024-08-26T01:47:02.910+0000] {processor.py:161} INFO - Started process (PID=2642) to work on /home/airflow/.local/lib/python3.12/site-packages/airflow/example_dags/tutorial.py
[2024-08-26T01:47:02.911+0000] {processor.py:830} INFO - Processing file /home/airflow/.local/lib/python3.12/site-packages/airflow/example_dags/tutorial.py for tasks to queue
[2024-08-26T01:47:02.911+0000] {logging_mixin.py:188} INFO - [2024-08-26T01:47:02.911+0000] {dagbag.py:540} INFO - Filling up the DagBag from /home/airflow/.local/lib/python3.12/site-packages/airflow/example_dags/tutorial.py
[2024-08-26T01:47:02.915+0000] {processor.py:840} INFO - DAG(s) 'tutorial' retrieved from /home/airflow/.local/lib/python3.12/site-packages/airflow/example_dags/tutorial.py
[2024-08-26T01:47:02.926+0000] {logging_mixin.py:188} INFO - [2024-08-26T01:47:02.925+0000] {dag.py:3096} INFO - Sync 1 DAGs
[2024-08-26T01:47:02.937+0000] {logging_mixin.py:188} INFO - [2024-08-26T01:47:02.937+0000] {dag.py:3954} INFO - Setting next_dagrun for tutorial to 2024-08-25 00:00:00+00:00, run_after=2024-08-26 00:00:00+00:00
[2024-08-26T01:47:02.946+0000] {processor.py:183} INFO - Processing /home/airflow/.local/lib/python3.12/site-packages/airflow/example_dags/tutorial.py took 0.039 seconds
[2024-08-26T01:47:33.574+0000] {processor.py:161} INFO - Started process (PID=2702) to work on /home/airflow/.local/lib/python3.12/site-packages/airflow/example_dags/tutorial.py
[2024-08-26T01:47:33.575+0000] {processor.py:830} INFO - Processing file /home/airflow/.local/lib/python3.12/site-packages/airflow/example_dags/tutorial.py for tasks to queue
[2024-08-26T01:47:33.576+0000] {logging_mixin.py:188} INFO - [2024-08-26T01:47:33.576+0000] {dagbag.py:540} INFO - Filling up the DagBag from /home/airflow/.local/lib/python3.12/site-packages/airflow/example_dags/tutorial.py
[2024-08-26T01:47:33.579+0000] {processor.py:840} INFO - DAG(s) 'tutorial' retrieved from /home/airflow/.local/lib/python3.12/site-packages/airflow/example_dags/tutorial.py
[2024-08-26T01:47:33.591+0000] {logging_mixin.py:188} INFO - [2024-08-26T01:47:33.591+0000] {dag.py:3096} INFO - Sync 1 DAGs
[2024-08-26T01:47:33.602+0000] {logging_mixin.py:188} INFO - [2024-08-26T01:47:33.602+0000] {dag.py:3954} INFO - Setting next_dagrun for tutorial to 2024-08-25 00:00:00+00:00, run_after=2024-08-26 00:00:00+00:00
[2024-08-26T01:47:33.611+0000] {processor.py:183} INFO - Processing /home/airflow/.local/lib/python3.12/site-packages/airflow/example_dags/tutorial.py took 0.040 seconds
[2024-08-26T01:48:04.168+0000] {processor.py:161} INFO - Started process (PID=2762) to work on /home/airflow/.local/lib/python3.12/site-packages/airflow/example_dags/tutorial.py
[2024-08-26T01:48:04.168+0000] {processor.py:830} INFO - Processing file /home/airflow/.local/lib/python3.12/site-packages/airflow/example_dags/tutorial.py for tasks to queue
[2024-08-26T01:48:04.169+0000] {logging_mixin.py:188} INFO - [2024-08-26T01:48:04.169+0000] {dagbag.py:540} INFO - Filling up the DagBag from /home/airflow/.local/lib/python3.12/site-packages/airflow/example_dags/tutorial.py
[2024-08-26T01:48:04.172+0000] {processor.py:840} INFO - DAG(s) 'tutorial' retrieved from /home/airflow/.local/lib/python3.12/site-packages/airflow/example_dags/tutorial.py
[2024-08-26T01:48:04.183+0000] {logging_mixin.py:188} INFO - [2024-08-26T01:48:04.183+0000] {dag.py:3096} INFO - Sync 1 DAGs
[2024-08-26T01:48:04.195+0000] {logging_mixin.py:188} INFO - [2024-08-26T01:48:04.195+0000] {dag.py:3954} INFO - Setting next_dagrun for tutorial to 2024-08-25 00:00:00+00:00, run_after=2024-08-26 00:00:00+00:00
[2024-08-26T01:48:04.204+0000] {processor.py:183} INFO - Processing /home/airflow/.local/lib/python3.12/site-packages/airflow/example_dags/tutorial.py took 0.039 seconds
[2024-08-26T01:48:34.825+0000] {processor.py:161} INFO - Started process (PID=2822) to work on /home/airflow/.local/lib/python3.12/site-packages/airflow/example_dags/tutorial.py
[2024-08-26T01:48:34.826+0000] {processor.py:830} INFO - Processing file /home/airflow/.local/lib/python3.12/site-packages/airflow/example_dags/tutorial.py for tasks to queue
[2024-08-26T01:48:34.827+0000] {logging_mixin.py:188} INFO - [2024-08-26T01:48:34.827+0000] {dagbag.py:540} INFO - Filling up the DagBag from /home/airflow/.local/lib/python3.12/site-packages/airflow/example_dags/tutorial.py
[2024-08-26T01:48:34.830+0000] {processor.py:840} INFO - DAG(s) 'tutorial' retrieved from /home/airflow/.local/lib/python3.12/site-packages/airflow/example_dags/tutorial.py
[2024-08-26T01:48:34.842+0000] {logging_mixin.py:188} INFO - [2024-08-26T01:48:34.842+0000] {dag.py:3096} INFO - Sync 1 DAGs
[2024-08-26T01:48:34.853+0000] {logging_mixin.py:188} INFO - [2024-08-26T01:48:34.853+0000] {dag.py:3954} INFO - Setting next_dagrun for tutorial to 2024-08-25 00:00:00+00:00, run_after=2024-08-26 00:00:00+00:00
[2024-08-26T01:48:34.862+0000] {processor.py:183} INFO - Processing /home/airflow/.local/lib/python3.12/site-packages/airflow/example_dags/tutorial.py took 0.040 seconds
[2024-08-26T01:49:05.465+0000] {processor.py:161} INFO - Started process (PID=2882) to work on /home/airflow/.local/lib/python3.12/site-packages/airflow/example_dags/tutorial.py
[2024-08-26T01:49:05.466+0000] {processor.py:830} INFO - Processing file /home/airflow/.local/lib/python3.12/site-packages/airflow/example_dags/tutorial.py for tasks to queue
[2024-08-26T01:49:05.467+0000] {logging_mixin.py:188} INFO - [2024-08-26T01:49:05.466+0000] {dagbag.py:540} INFO - Filling up the DagBag from /home/airflow/.local/lib/python3.12/site-packages/airflow/example_dags/tutorial.py
[2024-08-26T01:49:05.469+0000] {processor.py:840} INFO - DAG(s) 'tutorial' retrieved from /home/airflow/.local/lib/python3.12/site-packages/airflow/example_dags/tutorial.py
[2024-08-26T01:49:05.480+0000] {logging_mixin.py:188} INFO - [2024-08-26T01:49:05.480+0000] {dag.py:3096} INFO - Sync 1 DAGs
[2024-08-26T01:49:05.492+0000] {logging_mixin.py:188} INFO - [2024-08-26T01:49:05.492+0000] {dag.py:3954} INFO - Setting next_dagrun for tutorial to 2024-08-25 00:00:00+00:00, run_after=2024-08-26 00:00:00+00:00
[2024-08-26T01:49:05.501+0000] {processor.py:183} INFO - Processing /home/airflow/.local/lib/python3.12/site-packages/airflow/example_dags/tutorial.py took 0.039 seconds
[2024-08-26T01:49:36.129+0000] {processor.py:161} INFO - Started process (PID=2942) to work on /home/airflow/.local/lib/python3.12/site-packages/airflow/example_dags/tutorial.py
[2024-08-26T01:49:36.130+0000] {processor.py:830} INFO - Processing file /home/airflow/.local/lib/python3.12/site-packages/airflow/example_dags/tutorial.py for tasks to queue
[2024-08-26T01:49:36.131+0000] {logging_mixin.py:188} INFO - [2024-08-26T01:49:36.131+0000] {dagbag.py:540} INFO - Filling up the DagBag from /home/airflow/.local/lib/python3.12/site-packages/airflow/example_dags/tutorial.py
[2024-08-26T01:49:36.134+0000] {processor.py:840} INFO - DAG(s) 'tutorial' retrieved from /home/airflow/.local/lib/python3.12/site-packages/airflow/example_dags/tutorial.py
[2024-08-26T01:49:36.146+0000] {logging_mixin.py:188} INFO - [2024-08-26T01:49:36.146+0000] {dag.py:3096} INFO - Sync 1 DAGs
[2024-08-26T01:49:36.158+0000] {logging_mixin.py:188} INFO - [2024-08-26T01:49:36.158+0000] {dag.py:3954} INFO - Setting next_dagrun for tutorial to 2024-08-25 00:00:00+00:00, run_after=2024-08-26 00:00:00+00:00
[2024-08-26T01:49:36.167+0000] {processor.py:183} INFO - Processing /home/airflow/.local/lib/python3.12/site-packages/airflow/example_dags/tutorial.py took 0.040 seconds
[2024-08-26T01:50:06.798+0000] {processor.py:161} INFO - Started process (PID=3002) to work on /home/airflow/.local/lib/python3.12/site-packages/airflow/example_dags/tutorial.py
[2024-08-26T01:50:06.798+0000] {processor.py:830} INFO - Processing file /home/airflow/.local/lib/python3.12/site-packages/airflow/example_dags/tutorial.py for tasks to queue
[2024-08-26T01:50:06.799+0000] {logging_mixin.py:188} INFO - [2024-08-26T01:50:06.799+0000] {dagbag.py:540} INFO - Filling up the DagBag from /home/airflow/.local/lib/python3.12/site-packages/airflow/example_dags/tutorial.py
[2024-08-26T01:50:06.802+0000] {processor.py:840} INFO - DAG(s) 'tutorial' retrieved from /home/airflow/.local/lib/python3.12/site-packages/airflow/example_dags/tutorial.py
[2024-08-26T01:50:06.813+0000] {logging_mixin.py:188} INFO - [2024-08-26T01:50:06.813+0000] {dag.py:3096} INFO - Sync 1 DAGs
[2024-08-26T01:50:06.825+0000] {logging_mixin.py:188} INFO - [2024-08-26T01:50:06.825+0000] {dag.py:3954} INFO - Setting next_dagrun for tutorial to 2024-08-25 00:00:00+00:00, run_after=2024-08-26 00:00:00+00:00
[2024-08-26T01:50:06.834+0000] {processor.py:183} INFO - Processing /home/airflow/.local/lib/python3.12/site-packages/airflow/example_dags/tutorial.py took 0.040 seconds
[2024-08-26T01:50:37.506+0000] {processor.py:161} INFO - Started process (PID=3062) to work on /home/airflow/.local/lib/python3.12/site-packages/airflow/example_dags/tutorial.py
[2024-08-26T01:50:37.507+0000] {processor.py:830} INFO - Processing file /home/airflow/.local/lib/python3.12/site-packages/airflow/example_dags/tutorial.py for tasks to queue
[2024-08-26T01:50:37.508+0000] {logging_mixin.py:188} INFO - [2024-08-26T01:50:37.507+0000] {dagbag.py:540} INFO - Filling up the DagBag from /home/airflow/.local/lib/python3.12/site-packages/airflow/example_dags/tutorial.py
[2024-08-26T01:50:37.511+0000] {processor.py:840} INFO - DAG(s) 'tutorial' retrieved from /home/airflow/.local/lib/python3.12/site-packages/airflow/example_dags/tutorial.py
[2024-08-26T01:50:37.522+0000] {logging_mixin.py:188} INFO - [2024-08-26T01:50:37.522+0000] {dag.py:3096} INFO - Sync 1 DAGs
[2024-08-26T01:50:37.534+0000] {logging_mixin.py:188} INFO - [2024-08-26T01:50:37.534+0000] {dag.py:3954} INFO - Setting next_dagrun for tutorial to 2024-08-25 00:00:00+00:00, run_after=2024-08-26 00:00:00+00:00
[2024-08-26T01:50:37.544+0000] {processor.py:183} INFO - Processing /home/airflow/.local/lib/python3.12/site-packages/airflow/example_dags/tutorial.py took 0.041 seconds
[2024-08-26T01:51:08.209+0000] {processor.py:161} INFO - Started process (PID=3122) to work on /home/airflow/.local/lib/python3.12/site-packages/airflow/example_dags/tutorial.py
[2024-08-26T01:51:08.210+0000] {processor.py:830} INFO - Processing file /home/airflow/.local/lib/python3.12/site-packages/airflow/example_dags/tutorial.py for tasks to queue
[2024-08-26T01:51:08.211+0000] {logging_mixin.py:188} INFO - [2024-08-26T01:51:08.210+0000] {dagbag.py:540} INFO - Filling up the DagBag from /home/airflow/.local/lib/python3.12/site-packages/airflow/example_dags/tutorial.py
[2024-08-26T01:51:08.214+0000] {processor.py:840} INFO - DAG(s) 'tutorial' retrieved from /home/airflow/.local/lib/python3.12/site-packages/airflow/example_dags/tutorial.py
[2024-08-26T01:51:08.225+0000] {logging_mixin.py:188} INFO - [2024-08-26T01:51:08.225+0000] {dag.py:3096} INFO - Sync 1 DAGs
[2024-08-26T01:51:08.238+0000] {logging_mixin.py:188} INFO - [2024-08-26T01:51:08.238+0000] {dag.py:3954} INFO - Setting next_dagrun for tutorial to 2024-08-25 00:00:00+00:00, run_after=2024-08-26 00:00:00+00:00
[2024-08-26T01:51:08.247+0000] {processor.py:183} INFO - Processing /home/airflow/.local/lib/python3.12/site-packages/airflow/example_dags/tutorial.py took 0.041 seconds
[2024-08-26T01:51:38.867+0000] {processor.py:161} INFO - Started process (PID=3182) to work on /home/airflow/.local/lib/python3.12/site-packages/airflow/example_dags/tutorial.py
[2024-08-26T01:51:38.868+0000] {processor.py:830} INFO - Processing file /home/airflow/.local/lib/python3.12/site-packages/airflow/example_dags/tutorial.py for tasks to queue
[2024-08-26T01:51:38.869+0000] {logging_mixin.py:188} INFO - [2024-08-26T01:51:38.868+0000] {dagbag.py:540} INFO - Filling up the DagBag from /home/airflow/.local/lib/python3.12/site-packages/airflow/example_dags/tutorial.py
[2024-08-26T01:51:38.871+0000] {processor.py:840} INFO - DAG(s) 'tutorial' retrieved from /home/airflow/.local/lib/python3.12/site-packages/airflow/example_dags/tutorial.py
[2024-08-26T01:51:38.882+0000] {logging_mixin.py:188} INFO - [2024-08-26T01:51:38.882+0000] {dag.py:3096} INFO - Sync 1 DAGs
[2024-08-26T01:51:38.894+0000] {logging_mixin.py:188} INFO - [2024-08-26T01:51:38.894+0000] {dag.py:3954} INFO - Setting next_dagrun for tutorial to 2024-08-25 00:00:00+00:00, run_after=2024-08-26 00:00:00+00:00
[2024-08-26T01:51:38.903+0000] {processor.py:183} INFO - Processing /home/airflow/.local/lib/python3.12/site-packages/airflow/example_dags/tutorial.py took 0.039 seconds
[2024-08-26T01:52:09.559+0000] {processor.py:161} INFO - Started process (PID=3242) to work on /home/airflow/.local/lib/python3.12/site-packages/airflow/example_dags/tutorial.py
[2024-08-26T01:52:09.559+0000] {processor.py:830} INFO - Processing file /home/airflow/.local/lib/python3.12/site-packages/airflow/example_dags/tutorial.py for tasks to queue
[2024-08-26T01:52:09.560+0000] {logging_mixin.py:188} INFO - [2024-08-26T01:52:09.560+0000] {dagbag.py:540} INFO - Filling up the DagBag from /home/airflow/.local/lib/python3.12/site-packages/airflow/example_dags/tutorial.py
[2024-08-26T01:52:09.563+0000] {processor.py:840} INFO - DAG(s) 'tutorial' retrieved from /home/airflow/.local/lib/python3.12/site-packages/airflow/example_dags/tutorial.py
[2024-08-26T01:52:09.574+0000] {logging_mixin.py:188} INFO - [2024-08-26T01:52:09.574+0000] {dag.py:3096} INFO - Sync 1 DAGs
[2024-08-26T01:52:09.585+0000] {logging_mixin.py:188} INFO - [2024-08-26T01:52:09.585+0000] {dag.py:3954} INFO - Setting next_dagrun for tutorial to 2024-08-25 00:00:00+00:00, run_after=2024-08-26 00:00:00+00:00
[2024-08-26T01:52:09.594+0000] {processor.py:183} INFO - Processing /home/airflow/.local/lib/python3.12/site-packages/airflow/example_dags/tutorial.py took 0.039 seconds
[2024-08-26T01:52:40.234+0000] {processor.py:161} INFO - Started process (PID=3302) to work on /home/airflow/.local/lib/python3.12/site-packages/airflow/example_dags/tutorial.py
[2024-08-26T01:52:40.234+0000] {processor.py:830} INFO - Processing file /home/airflow/.local/lib/python3.12/site-packages/airflow/example_dags/tutorial.py for tasks to queue
[2024-08-26T01:52:40.235+0000] {logging_mixin.py:188} INFO - [2024-08-26T01:52:40.235+0000] {dagbag.py:540} INFO - Filling up the DagBag from /home/airflow/.local/lib/python3.12/site-packages/airflow/example_dags/tutorial.py
[2024-08-26T01:52:40.238+0000] {processor.py:840} INFO - DAG(s) 'tutorial' retrieved from /home/airflow/.local/lib/python3.12/site-packages/airflow/example_dags/tutorial.py
[2024-08-26T01:52:40.249+0000] {logging_mixin.py:188} INFO - [2024-08-26T01:52:40.249+0000] {dag.py:3096} INFO - Sync 1 DAGs
[2024-08-26T01:52:40.260+0000] {logging_mixin.py:188} INFO - [2024-08-26T01:52:40.260+0000] {dag.py:3954} INFO - Setting next_dagrun for tutorial to 2024-08-25 00:00:00+00:00, run_after=2024-08-26 00:00:00+00:00
[2024-08-26T01:52:40.270+0000] {processor.py:183} INFO - Processing /home/airflow/.local/lib/python3.12/site-packages/airflow/example_dags/tutorial.py took 0.039 seconds
[2024-08-26T01:53:10.852+0000] {processor.py:161} INFO - Started process (PID=3362) to work on /home/airflow/.local/lib/python3.12/site-packages/airflow/example_dags/tutorial.py
[2024-08-26T01:53:10.852+0000] {processor.py:830} INFO - Processing file /home/airflow/.local/lib/python3.12/site-packages/airflow/example_dags/tutorial.py for tasks to queue
[2024-08-26T01:53:10.853+0000] {logging_mixin.py:188} INFO - [2024-08-26T01:53:10.853+0000] {dagbag.py:540} INFO - Filling up the DagBag from /home/airflow/.local/lib/python3.12/site-packages/airflow/example_dags/tutorial.py
[2024-08-26T01:53:10.856+0000] {processor.py:840} INFO - DAG(s) 'tutorial' retrieved from /home/airflow/.local/lib/python3.12/site-packages/airflow/example_dags/tutorial.py
[2024-08-26T01:53:10.867+0000] {logging_mixin.py:188} INFO - [2024-08-26T01:53:10.867+0000] {dag.py:3096} INFO - Sync 1 DAGs
[2024-08-26T01:53:10.879+0000] {logging_mixin.py:188} INFO - [2024-08-26T01:53:10.878+0000] {dag.py:3954} INFO - Setting next_dagrun for tutorial to 2024-08-25 00:00:00+00:00, run_after=2024-08-26 00:00:00+00:00
[2024-08-26T01:53:10.888+0000] {processor.py:183} INFO - Processing /home/airflow/.local/lib/python3.12/site-packages/airflow/example_dags/tutorial.py took 0.039 seconds
[2024-08-26T01:53:41.508+0000] {processor.py:161} INFO - Started process (PID=3422) to work on /home/airflow/.local/lib/python3.12/site-packages/airflow/example_dags/tutorial.py
[2024-08-26T01:53:41.509+0000] {processor.py:830} INFO - Processing file /home/airflow/.local/lib/python3.12/site-packages/airflow/example_dags/tutorial.py for tasks to queue
[2024-08-26T01:53:41.510+0000] {logging_mixin.py:188} INFO - [2024-08-26T01:53:41.510+0000] {dagbag.py:540} INFO - Filling up the DagBag from /home/airflow/.local/lib/python3.12/site-packages/airflow/example_dags/tutorial.py
[2024-08-26T01:53:41.513+0000] {processor.py:840} INFO - DAG(s) 'tutorial' retrieved from /home/airflow/.local/lib/python3.12/site-packages/airflow/example_dags/tutorial.py
[2024-08-26T01:53:41.523+0000] {logging_mixin.py:188} INFO - [2024-08-26T01:53:41.523+0000] {dag.py:3096} INFO - Sync 1 DAGs
[2024-08-26T01:53:41.535+0000] {logging_mixin.py:188} INFO - [2024-08-26T01:53:41.535+0000] {dag.py:3954} INFO - Setting next_dagrun for tutorial to 2024-08-25 00:00:00+00:00, run_after=2024-08-26 00:00:00+00:00
[2024-08-26T01:53:41.544+0000] {processor.py:183} INFO - Processing /home/airflow/.local/lib/python3.12/site-packages/airflow/example_dags/tutorial.py took 0.039 seconds
[2024-08-26T01:54:12.194+0000] {processor.py:161} INFO - Started process (PID=3482) to work on /home/airflow/.local/lib/python3.12/site-packages/airflow/example_dags/tutorial.py
[2024-08-26T01:54:12.195+0000] {processor.py:830} INFO - Processing file /home/airflow/.local/lib/python3.12/site-packages/airflow/example_dags/tutorial.py for tasks to queue
[2024-08-26T01:54:12.196+0000] {logging_mixin.py:188} INFO - [2024-08-26T01:54:12.196+0000] {dagbag.py:540} INFO - Filling up the DagBag from /home/airflow/.local/lib/python3.12/site-packages/airflow/example_dags/tutorial.py
[2024-08-26T01:54:12.199+0000] {processor.py:840} INFO - DAG(s) 'tutorial' retrieved from /home/airflow/.local/lib/python3.12/site-packages/airflow/example_dags/tutorial.py
[2024-08-26T01:54:12.209+0000] {logging_mixin.py:188} INFO - [2024-08-26T01:54:12.209+0000] {dag.py:3096} INFO - Sync 1 DAGs
[2024-08-26T01:54:12.220+0000] {logging_mixin.py:188} INFO - [2024-08-26T01:54:12.220+0000] {dag.py:3954} INFO - Setting next_dagrun for tutorial to 2024-08-25 00:00:00+00:00, run_after=2024-08-26 00:00:00+00:00
[2024-08-26T01:54:12.230+0000] {processor.py:183} INFO - Processing /home/airflow/.local/lib/python3.12/site-packages/airflow/example_dags/tutorial.py took 0.038 seconds
[2024-08-26T01:54:42.870+0000] {processor.py:161} INFO - Started process (PID=3542) to work on /home/airflow/.local/lib/python3.12/site-packages/airflow/example_dags/tutorial.py
[2024-08-26T01:54:42.870+0000] {processor.py:830} INFO - Processing file /home/airflow/.local/lib/python3.12/site-packages/airflow/example_dags/tutorial.py for tasks to queue
[2024-08-26T01:54:42.871+0000] {logging_mixin.py:188} INFO - [2024-08-26T01:54:42.871+0000] {dagbag.py:540} INFO - Filling up the DagBag from /home/airflow/.local/lib/python3.12/site-packages/airflow/example_dags/tutorial.py
[2024-08-26T01:54:42.874+0000] {processor.py:840} INFO - DAG(s) 'tutorial' retrieved from /home/airflow/.local/lib/python3.12/site-packages/airflow/example_dags/tutorial.py
[2024-08-26T01:54:42.886+0000] {logging_mixin.py:188} INFO - [2024-08-26T01:54:42.886+0000] {dag.py:3096} INFO - Sync 1 DAGs
[2024-08-26T01:54:42.898+0000] {logging_mixin.py:188} INFO - [2024-08-26T01:54:42.898+0000] {dag.py:3954} INFO - Setting next_dagrun for tutorial to 2024-08-25 00:00:00+00:00, run_after=2024-08-26 00:00:00+00:00
[2024-08-26T01:54:42.907+0000] {processor.py:183} INFO - Processing /home/airflow/.local/lib/python3.12/site-packages/airflow/example_dags/tutorial.py took 0.040 seconds
[2024-08-26T01:55:13.517+0000] {processor.py:161} INFO - Started process (PID=3602) to work on /home/airflow/.local/lib/python3.12/site-packages/airflow/example_dags/tutorial.py
[2024-08-26T01:55:13.517+0000] {processor.py:830} INFO - Processing file /home/airflow/.local/lib/python3.12/site-packages/airflow/example_dags/tutorial.py for tasks to queue
[2024-08-26T01:55:13.518+0000] {logging_mixin.py:188} INFO - [2024-08-26T01:55:13.518+0000] {dagbag.py:540} INFO - Filling up the DagBag from /home/airflow/.local/lib/python3.12/site-packages/airflow/example_dags/tutorial.py
[2024-08-26T01:55:13.521+0000] {processor.py:840} INFO - DAG(s) 'tutorial' retrieved from /home/airflow/.local/lib/python3.12/site-packages/airflow/example_dags/tutorial.py
[2024-08-26T01:55:13.532+0000] {logging_mixin.py:188} INFO - [2024-08-26T01:55:13.532+0000] {dag.py:3096} INFO - Sync 1 DAGs
[2024-08-26T01:55:13.543+0000] {logging_mixin.py:188} INFO - [2024-08-26T01:55:13.543+0000] {dag.py:3954} INFO - Setting next_dagrun for tutorial to 2024-08-25 00:00:00+00:00, run_after=2024-08-26 00:00:00+00:00
[2024-08-26T01:55:13.552+0000] {processor.py:183} INFO - Processing /home/airflow/.local/lib/python3.12/site-packages/airflow/example_dags/tutorial.py took 0.038 seconds
[2024-08-26T01:55:44.263+0000] {processor.py:161} INFO - Started process (PID=3662) to work on /home/airflow/.local/lib/python3.12/site-packages/airflow/example_dags/tutorial.py
[2024-08-26T01:55:44.264+0000] {processor.py:830} INFO - Processing file /home/airflow/.local/lib/python3.12/site-packages/airflow/example_dags/tutorial.py for tasks to queue
[2024-08-26T01:55:44.265+0000] {logging_mixin.py:188} INFO - [2024-08-26T01:55:44.265+0000] {dagbag.py:540} INFO - Filling up the DagBag from /home/airflow/.local/lib/python3.12/site-packages/airflow/example_dags/tutorial.py
[2024-08-26T01:55:44.268+0000] {processor.py:840} INFO - DAG(s) 'tutorial' retrieved from /home/airflow/.local/lib/python3.12/site-packages/airflow/example_dags/tutorial.py
[2024-08-26T01:55:44.279+0000] {logging_mixin.py:188} INFO - [2024-08-26T01:55:44.279+0000] {dag.py:3096} INFO - Sync 1 DAGs
[2024-08-26T01:55:44.291+0000] {logging_mixin.py:188} INFO - [2024-08-26T01:55:44.291+0000] {dag.py:3954} INFO - Setting next_dagrun for tutorial to 2024-08-25 00:00:00+00:00, run_after=2024-08-26 00:00:00+00:00
[2024-08-26T01:55:44.301+0000] {processor.py:183} INFO - Processing /home/airflow/.local/lib/python3.12/site-packages/airflow/example_dags/tutorial.py took 0.041 seconds
[2024-08-26T01:56:15.243+0000] {processor.py:161} INFO - Started process (PID=3722) to work on /home/airflow/.local/lib/python3.12/site-packages/airflow/example_dags/tutorial.py
[2024-08-26T01:56:15.243+0000] {processor.py:830} INFO - Processing file /home/airflow/.local/lib/python3.12/site-packages/airflow/example_dags/tutorial.py for tasks to queue
[2024-08-26T01:56:15.244+0000] {logging_mixin.py:188} INFO - [2024-08-26T01:56:15.244+0000] {dagbag.py:540} INFO - Filling up the DagBag from /home/airflow/.local/lib/python3.12/site-packages/airflow/example_dags/tutorial.py
[2024-08-26T01:56:15.248+0000] {processor.py:840} INFO - DAG(s) 'tutorial' retrieved from /home/airflow/.local/lib/python3.12/site-packages/airflow/example_dags/tutorial.py
[2024-08-26T01:56:15.260+0000] {logging_mixin.py:188} INFO - [2024-08-26T01:56:15.260+0000] {dag.py:3096} INFO - Sync 1 DAGs
[2024-08-26T01:56:15.273+0000] {logging_mixin.py:188} INFO - [2024-08-26T01:56:15.272+0000] {dag.py:3954} INFO - Setting next_dagrun for tutorial to 2024-08-25 00:00:00+00:00, run_after=2024-08-26 00:00:00+00:00
[2024-08-26T01:56:15.282+0000] {processor.py:183} INFO - Processing /home/airflow/.local/lib/python3.12/site-packages/airflow/example_dags/tutorial.py took 0.042 seconds
[2024-08-26T01:56:46.214+0000] {processor.py:161} INFO - Started process (PID=3782) to work on /home/airflow/.local/lib/python3.12/site-packages/airflow/example_dags/tutorial.py
[2024-08-26T01:56:46.214+0000] {processor.py:830} INFO - Processing file /home/airflow/.local/lib/python3.12/site-packages/airflow/example_dags/tutorial.py for tasks to queue
[2024-08-26T01:56:46.215+0000] {logging_mixin.py:188} INFO - [2024-08-26T01:56:46.215+0000] {dagbag.py:540} INFO - Filling up the DagBag from /home/airflow/.local/lib/python3.12/site-packages/airflow/example_dags/tutorial.py
[2024-08-26T01:56:46.218+0000] {processor.py:840} INFO - DAG(s) 'tutorial' retrieved from /home/airflow/.local/lib/python3.12/site-packages/airflow/example_dags/tutorial.py
[2024-08-26T01:56:46.229+0000] {logging_mixin.py:188} INFO - [2024-08-26T01:56:46.229+0000] {dag.py:3096} INFO - Sync 1 DAGs
[2024-08-26T01:56:46.241+0000] {logging_mixin.py:188} INFO - [2024-08-26T01:56:46.241+0000] {dag.py:3954} INFO - Setting next_dagrun for tutorial to 2024-08-25 00:00:00+00:00, run_after=2024-08-26 00:00:00+00:00
[2024-08-26T01:56:46.251+0000] {processor.py:183} INFO - Processing /home/airflow/.local/lib/python3.12/site-packages/airflow/example_dags/tutorial.py took 0.041 seconds
[2024-08-26T01:57:16.309+0000] {processor.py:161} INFO - Started process (PID=3842) to work on /home/airflow/.local/lib/python3.12/site-packages/airflow/example_dags/tutorial.py
[2024-08-26T01:57:16.309+0000] {processor.py:830} INFO - Processing file /home/airflow/.local/lib/python3.12/site-packages/airflow/example_dags/tutorial.py for tasks to queue
[2024-08-26T01:57:16.310+0000] {logging_mixin.py:188} INFO - [2024-08-26T01:57:16.310+0000] {dagbag.py:540} INFO - Filling up the DagBag from /home/airflow/.local/lib/python3.12/site-packages/airflow/example_dags/tutorial.py
[2024-08-26T01:57:16.313+0000] {processor.py:840} INFO - DAG(s) 'tutorial' retrieved from /home/airflow/.local/lib/python3.12/site-packages/airflow/example_dags/tutorial.py
[2024-08-26T01:57:16.325+0000] {logging_mixin.py:188} INFO - [2024-08-26T01:57:16.325+0000] {dag.py:3096} INFO - Sync 1 DAGs
[2024-08-26T01:57:16.337+0000] {logging_mixin.py:188} INFO - [2024-08-26T01:57:16.337+0000] {dag.py:3954} INFO - Setting next_dagrun for tutorial to 2024-08-25 00:00:00+00:00, run_after=2024-08-26 00:00:00+00:00
[2024-08-26T01:57:16.346+0000] {processor.py:183} INFO - Processing /home/airflow/.local/lib/python3.12/site-packages/airflow/example_dags/tutorial.py took 0.041 seconds
[2024-08-26T01:57:46.375+0000] {processor.py:161} INFO - Started process (PID=3902) to work on /home/airflow/.local/lib/python3.12/site-packages/airflow/example_dags/tutorial.py
[2024-08-26T01:57:46.376+0000] {processor.py:830} INFO - Processing file /home/airflow/.local/lib/python3.12/site-packages/airflow/example_dags/tutorial.py for tasks to queue
[2024-08-26T01:57:46.377+0000] {logging_mixin.py:188} INFO - [2024-08-26T01:57:46.377+0000] {dagbag.py:540} INFO - Filling up the DagBag from /home/airflow/.local/lib/python3.12/site-packages/airflow/example_dags/tutorial.py
[2024-08-26T01:57:46.380+0000] {processor.py:840} INFO - DAG(s) 'tutorial' retrieved from /home/airflow/.local/lib/python3.12/site-packages/airflow/example_dags/tutorial.py
[2024-08-26T01:57:46.393+0000] {logging_mixin.py:188} INFO - [2024-08-26T01:57:46.392+0000] {dag.py:3096} INFO - Sync 1 DAGs
[2024-08-26T01:57:46.405+0000] {logging_mixin.py:188} INFO - [2024-08-26T01:57:46.405+0000] {dag.py:3954} INFO - Setting next_dagrun for tutorial to 2024-08-25 00:00:00+00:00, run_after=2024-08-26 00:00:00+00:00
[2024-08-26T01:57:46.415+0000] {processor.py:183} INFO - Processing /home/airflow/.local/lib/python3.12/site-packages/airflow/example_dags/tutorial.py took 0.043 seconds
[2024-08-26T01:58:16.594+0000] {processor.py:161} INFO - Started process (PID=3968) to work on /home/airflow/.local/lib/python3.12/site-packages/airflow/example_dags/tutorial.py
[2024-08-26T01:58:16.595+0000] {processor.py:830} INFO - Processing file /home/airflow/.local/lib/python3.12/site-packages/airflow/example_dags/tutorial.py for tasks to queue
[2024-08-26T01:58:16.595+0000] {logging_mixin.py:188} INFO - [2024-08-26T01:58:16.595+0000] {dagbag.py:540} INFO - Filling up the DagBag from /home/airflow/.local/lib/python3.12/site-packages/airflow/example_dags/tutorial.py
[2024-08-26T01:58:16.598+0000] {processor.py:840} INFO - DAG(s) 'tutorial' retrieved from /home/airflow/.local/lib/python3.12/site-packages/airflow/example_dags/tutorial.py
[2024-08-26T01:58:16.609+0000] {logging_mixin.py:188} INFO - [2024-08-26T01:58:16.609+0000] {dag.py:3096} INFO - Sync 1 DAGs
[2024-08-26T01:58:16.621+0000] {logging_mixin.py:188} INFO - [2024-08-26T01:58:16.621+0000] {dag.py:3954} INFO - Setting next_dagrun for tutorial to 2024-08-25 00:00:00+00:00, run_after=2024-08-26 00:00:00+00:00
[2024-08-26T01:58:16.630+0000] {processor.py:183} INFO - Processing /home/airflow/.local/lib/python3.12/site-packages/airflow/example_dags/tutorial.py took 0.039 seconds
[2024-08-26T01:58:46.716+0000] {processor.py:161} INFO - Started process (PID=4028) to work on /home/airflow/.local/lib/python3.12/site-packages/airflow/example_dags/tutorial.py
[2024-08-26T01:58:46.717+0000] {processor.py:830} INFO - Processing file /home/airflow/.local/lib/python3.12/site-packages/airflow/example_dags/tutorial.py for tasks to queue
[2024-08-26T01:58:46.718+0000] {logging_mixin.py:188} INFO - [2024-08-26T01:58:46.718+0000] {dagbag.py:540} INFO - Filling up the DagBag from /home/airflow/.local/lib/python3.12/site-packages/airflow/example_dags/tutorial.py
[2024-08-26T01:58:46.721+0000] {processor.py:840} INFO - DAG(s) 'tutorial' retrieved from /home/airflow/.local/lib/python3.12/site-packages/airflow/example_dags/tutorial.py
[2024-08-26T01:58:46.732+0000] {logging_mixin.py:188} INFO - [2024-08-26T01:58:46.732+0000] {dag.py:3096} INFO - Sync 1 DAGs
[2024-08-26T01:58:46.745+0000] {logging_mixin.py:188} INFO - [2024-08-26T01:58:46.744+0000] {dag.py:3954} INFO - Setting next_dagrun for tutorial to 2024-08-25 00:00:00+00:00, run_after=2024-08-26 00:00:00+00:00
[2024-08-26T01:58:46.754+0000] {processor.py:183} INFO - Processing /home/airflow/.local/lib/python3.12/site-packages/airflow/example_dags/tutorial.py took 0.041 seconds
[2024-08-26T01:59:16.926+0000] {processor.py:161} INFO - Started process (PID=4088) to work on /home/airflow/.local/lib/python3.12/site-packages/airflow/example_dags/tutorial.py
[2024-08-26T01:59:16.926+0000] {processor.py:830} INFO - Processing file /home/airflow/.local/lib/python3.12/site-packages/airflow/example_dags/tutorial.py for tasks to queue
[2024-08-26T01:59:16.927+0000] {logging_mixin.py:188} INFO - [2024-08-26T01:59:16.927+0000] {dagbag.py:540} INFO - Filling up the DagBag from /home/airflow/.local/lib/python3.12/site-packages/airflow/example_dags/tutorial.py
[2024-08-26T01:59:16.930+0000] {processor.py:840} INFO - DAG(s) 'tutorial' retrieved from /home/airflow/.local/lib/python3.12/site-packages/airflow/example_dags/tutorial.py
[2024-08-26T01:59:16.943+0000] {logging_mixin.py:188} INFO - [2024-08-26T01:59:16.943+0000] {dag.py:3096} INFO - Sync 1 DAGs
[2024-08-26T01:59:16.954+0000] {logging_mixin.py:188} INFO - [2024-08-26T01:59:16.954+0000] {dag.py:3954} INFO - Setting next_dagrun for tutorial to 2024-08-25 00:00:00+00:00, run_after=2024-08-26 00:00:00+00:00
[2024-08-26T01:59:16.964+0000] {processor.py:183} INFO - Processing /home/airflow/.local/lib/python3.12/site-packages/airflow/example_dags/tutorial.py took 0.041 seconds
[2024-08-26T01:59:47.556+0000] {processor.py:161} INFO - Started process (PID=4148) to work on /home/airflow/.local/lib/python3.12/site-packages/airflow/example_dags/tutorial.py
[2024-08-26T01:59:47.557+0000] {processor.py:830} INFO - Processing file /home/airflow/.local/lib/python3.12/site-packages/airflow/example_dags/tutorial.py for tasks to queue
[2024-08-26T01:59:47.558+0000] {logging_mixin.py:188} INFO - [2024-08-26T01:59:47.558+0000] {dagbag.py:540} INFO - Filling up the DagBag from /home/airflow/.local/lib/python3.12/site-packages/airflow/example_dags/tutorial.py
[2024-08-26T01:59:47.561+0000] {processor.py:840} INFO - DAG(s) 'tutorial' retrieved from /home/airflow/.local/lib/python3.12/site-packages/airflow/example_dags/tutorial.py
[2024-08-26T01:59:47.572+0000] {logging_mixin.py:188} INFO - [2024-08-26T01:59:47.572+0000] {dag.py:3096} INFO - Sync 1 DAGs
[2024-08-26T01:59:47.583+0000] {logging_mixin.py:188} INFO - [2024-08-26T01:59:47.583+0000] {dag.py:3954} INFO - Setting next_dagrun for tutorial to 2024-08-25 00:00:00+00:00, run_after=2024-08-26 00:00:00+00:00
[2024-08-26T01:59:47.593+0000] {processor.py:183} INFO - Processing /home/airflow/.local/lib/python3.12/site-packages/airflow/example_dags/tutorial.py took 0.040 seconds
[2024-08-26T02:00:18.196+0000] {processor.py:161} INFO - Started process (PID=4208) to work on /home/airflow/.local/lib/python3.12/site-packages/airflow/example_dags/tutorial.py
[2024-08-26T02:00:18.197+0000] {processor.py:830} INFO - Processing file /home/airflow/.local/lib/python3.12/site-packages/airflow/example_dags/tutorial.py for tasks to queue
[2024-08-26T02:00:18.198+0000] {logging_mixin.py:188} INFO - [2024-08-26T02:00:18.197+0000] {dagbag.py:540} INFO - Filling up the DagBag from /home/airflow/.local/lib/python3.12/site-packages/airflow/example_dags/tutorial.py
[2024-08-26T02:00:18.201+0000] {processor.py:840} INFO - DAG(s) 'tutorial' retrieved from /home/airflow/.local/lib/python3.12/site-packages/airflow/example_dags/tutorial.py
[2024-08-26T02:00:18.212+0000] {logging_mixin.py:188} INFO - [2024-08-26T02:00:18.211+0000] {dag.py:3096} INFO - Sync 1 DAGs
[2024-08-26T02:00:18.223+0000] {logging_mixin.py:188} INFO - [2024-08-26T02:00:18.223+0000] {dag.py:3954} INFO - Setting next_dagrun for tutorial to 2024-08-25 00:00:00+00:00, run_after=2024-08-26 00:00:00+00:00
[2024-08-26T02:00:18.233+0000] {processor.py:183} INFO - Processing /home/airflow/.local/lib/python3.12/site-packages/airflow/example_dags/tutorial.py took 0.040 seconds
[2024-08-26T02:00:48.847+0000] {processor.py:161} INFO - Started process (PID=4268) to work on /home/airflow/.local/lib/python3.12/site-packages/airflow/example_dags/tutorial.py
[2024-08-26T02:00:48.847+0000] {processor.py:830} INFO - Processing file /home/airflow/.local/lib/python3.12/site-packages/airflow/example_dags/tutorial.py for tasks to queue
[2024-08-26T02:00:48.848+0000] {logging_mixin.py:188} INFO - [2024-08-26T02:00:48.848+0000] {dagbag.py:540} INFO - Filling up the DagBag from /home/airflow/.local/lib/python3.12/site-packages/airflow/example_dags/tutorial.py
[2024-08-26T02:00:48.851+0000] {processor.py:840} INFO - DAG(s) 'tutorial' retrieved from /home/airflow/.local/lib/python3.12/site-packages/airflow/example_dags/tutorial.py
[2024-08-26T02:00:48.862+0000] {logging_mixin.py:188} INFO - [2024-08-26T02:00:48.862+0000] {dag.py:3096} INFO - Sync 1 DAGs
[2024-08-26T02:00:48.874+0000] {logging_mixin.py:188} INFO - [2024-08-26T02:00:48.874+0000] {dag.py:3954} INFO - Setting next_dagrun for tutorial to 2024-08-25 00:00:00+00:00, run_after=2024-08-26 00:00:00+00:00
[2024-08-26T02:00:48.883+0000] {processor.py:183} INFO - Processing /home/airflow/.local/lib/python3.12/site-packages/airflow/example_dags/tutorial.py took 0.040 seconds
[2024-08-26T02:01:19.508+0000] {processor.py:161} INFO - Started process (PID=4328) to work on /home/airflow/.local/lib/python3.12/site-packages/airflow/example_dags/tutorial.py
[2024-08-26T02:01:19.509+0000] {processor.py:830} INFO - Processing file /home/airflow/.local/lib/python3.12/site-packages/airflow/example_dags/tutorial.py for tasks to queue
[2024-08-26T02:01:19.510+0000] {logging_mixin.py:188} INFO - [2024-08-26T02:01:19.510+0000] {dagbag.py:540} INFO - Filling up the DagBag from /home/airflow/.local/lib/python3.12/site-packages/airflow/example_dags/tutorial.py
[2024-08-26T02:01:19.513+0000] {processor.py:840} INFO - DAG(s) 'tutorial' retrieved from /home/airflow/.local/lib/python3.12/site-packages/airflow/example_dags/tutorial.py
[2024-08-26T02:01:19.525+0000] {logging_mixin.py:188} INFO - [2024-08-26T02:01:19.524+0000] {dag.py:3096} INFO - Sync 1 DAGs
[2024-08-26T02:01:19.536+0000] {logging_mixin.py:188} INFO - [2024-08-26T02:01:19.536+0000] {dag.py:3954} INFO - Setting next_dagrun for tutorial to 2024-08-25 00:00:00+00:00, run_after=2024-08-26 00:00:00+00:00
[2024-08-26T02:01:19.546+0000] {processor.py:183} INFO - Processing /home/airflow/.local/lib/python3.12/site-packages/airflow/example_dags/tutorial.py took 0.041 seconds
[2024-08-26T02:01:49.635+0000] {processor.py:161} INFO - Started process (PID=4388) to work on /home/airflow/.local/lib/python3.12/site-packages/airflow/example_dags/tutorial.py
[2024-08-26T02:01:49.636+0000] {processor.py:830} INFO - Processing file /home/airflow/.local/lib/python3.12/site-packages/airflow/example_dags/tutorial.py for tasks to queue
[2024-08-26T02:01:49.637+0000] {logging_mixin.py:188} INFO - [2024-08-26T02:01:49.637+0000] {dagbag.py:540} INFO - Filling up the DagBag from /home/airflow/.local/lib/python3.12/site-packages/airflow/example_dags/tutorial.py
[2024-08-26T02:01:49.640+0000] {processor.py:840} INFO - DAG(s) 'tutorial' retrieved from /home/airflow/.local/lib/python3.12/site-packages/airflow/example_dags/tutorial.py
[2024-08-26T02:01:49.651+0000] {logging_mixin.py:188} INFO - [2024-08-26T02:01:49.651+0000] {dag.py:3096} INFO - Sync 1 DAGs
[2024-08-26T02:01:49.663+0000] {logging_mixin.py:188} INFO - [2024-08-26T02:01:49.663+0000] {dag.py:3954} INFO - Setting next_dagrun for tutorial to 2024-08-25 00:00:00+00:00, run_after=2024-08-26 00:00:00+00:00
[2024-08-26T02:01:49.672+0000] {processor.py:183} INFO - Processing /home/airflow/.local/lib/python3.12/site-packages/airflow/example_dags/tutorial.py took 0.040 seconds
[2024-08-26T02:02:19.777+0000] {processor.py:161} INFO - Started process (PID=4448) to work on /home/airflow/.local/lib/python3.12/site-packages/airflow/example_dags/tutorial.py
[2024-08-26T02:02:19.778+0000] {processor.py:830} INFO - Processing file /home/airflow/.local/lib/python3.12/site-packages/airflow/example_dags/tutorial.py for tasks to queue
[2024-08-26T02:02:19.779+0000] {logging_mixin.py:188} INFO - [2024-08-26T02:02:19.778+0000] {dagbag.py:540} INFO - Filling up the DagBag from /home/airflow/.local/lib/python3.12/site-packages/airflow/example_dags/tutorial.py
[2024-08-26T02:02:19.781+0000] {processor.py:840} INFO - DAG(s) 'tutorial' retrieved from /home/airflow/.local/lib/python3.12/site-packages/airflow/example_dags/tutorial.py
[2024-08-26T02:02:19.794+0000] {logging_mixin.py:188} INFO - [2024-08-26T02:02:19.794+0000] {dag.py:3096} INFO - Sync 1 DAGs
[2024-08-26T02:02:19.806+0000] {logging_mixin.py:188} INFO - [2024-08-26T02:02:19.805+0000] {dag.py:3954} INFO - Setting next_dagrun for tutorial to 2024-08-25 00:00:00+00:00, run_after=2024-08-26 00:00:00+00:00
[2024-08-26T02:02:19.815+0000] {processor.py:183} INFO - Processing /home/airflow/.local/lib/python3.12/site-packages/airflow/example_dags/tutorial.py took 0.040 seconds
[2024-08-26T02:02:49.886+0000] {processor.py:161} INFO - Started process (PID=4508) to work on /home/airflow/.local/lib/python3.12/site-packages/airflow/example_dags/tutorial.py
[2024-08-26T02:02:49.886+0000] {processor.py:830} INFO - Processing file /home/airflow/.local/lib/python3.12/site-packages/airflow/example_dags/tutorial.py for tasks to queue
[2024-08-26T02:02:49.887+0000] {logging_mixin.py:188} INFO - [2024-08-26T02:02:49.887+0000] {dagbag.py:540} INFO - Filling up the DagBag from /home/airflow/.local/lib/python3.12/site-packages/airflow/example_dags/tutorial.py
[2024-08-26T02:02:49.890+0000] {processor.py:840} INFO - DAG(s) 'tutorial' retrieved from /home/airflow/.local/lib/python3.12/site-packages/airflow/example_dags/tutorial.py
[2024-08-26T02:02:49.902+0000] {logging_mixin.py:188} INFO - [2024-08-26T02:02:49.901+0000] {dag.py:3096} INFO - Sync 1 DAGs
[2024-08-26T02:02:49.914+0000] {logging_mixin.py:188} INFO - [2024-08-26T02:02:49.914+0000] {dag.py:3954} INFO - Setting next_dagrun for tutorial to 2024-08-25 00:00:00+00:00, run_after=2024-08-26 00:00:00+00:00
[2024-08-26T02:02:49.923+0000] {processor.py:183} INFO - Processing /home/airflow/.local/lib/python3.12/site-packages/airflow/example_dags/tutorial.py took 0.040 seconds
[2024-08-26T02:03:19.993+0000] {processor.py:161} INFO - Started process (PID=4568) to work on /home/airflow/.local/lib/python3.12/site-packages/airflow/example_dags/tutorial.py
[2024-08-26T02:03:19.994+0000] {processor.py:830} INFO - Processing file /home/airflow/.local/lib/python3.12/site-packages/airflow/example_dags/tutorial.py for tasks to queue
[2024-08-26T02:03:19.995+0000] {logging_mixin.py:188} INFO - [2024-08-26T02:03:19.995+0000] {dagbag.py:540} INFO - Filling up the DagBag from /home/airflow/.local/lib/python3.12/site-packages/airflow/example_dags/tutorial.py
[2024-08-26T02:03:19.998+0000] {processor.py:840} INFO - DAG(s) 'tutorial' retrieved from /home/airflow/.local/lib/python3.12/site-packages/airflow/example_dags/tutorial.py
[2024-08-26T02:03:20.012+0000] {logging_mixin.py:188} INFO - [2024-08-26T02:03:20.012+0000] {dag.py:3096} INFO - Sync 1 DAGs
[2024-08-26T02:03:20.024+0000] {logging_mixin.py:188} INFO - [2024-08-26T02:03:20.024+0000] {dag.py:3954} INFO - Setting next_dagrun for tutorial to 2024-08-25 00:00:00+00:00, run_after=2024-08-26 00:00:00+00:00
[2024-08-26T02:03:20.034+0000] {processor.py:183} INFO - Processing /home/airflow/.local/lib/python3.12/site-packages/airflow/example_dags/tutorial.py took 0.044 seconds
[2024-08-26T02:03:50.071+0000] {processor.py:161} INFO - Started process (PID=4628) to work on /home/airflow/.local/lib/python3.12/site-packages/airflow/example_dags/tutorial.py
[2024-08-26T02:03:50.072+0000] {processor.py:830} INFO - Processing file /home/airflow/.local/lib/python3.12/site-packages/airflow/example_dags/tutorial.py for tasks to queue
[2024-08-26T02:03:50.073+0000] {logging_mixin.py:188} INFO - [2024-08-26T02:03:50.072+0000] {dagbag.py:540} INFO - Filling up the DagBag from /home/airflow/.local/lib/python3.12/site-packages/airflow/example_dags/tutorial.py
[2024-08-26T02:03:50.075+0000] {processor.py:840} INFO - DAG(s) 'tutorial' retrieved from /home/airflow/.local/lib/python3.12/site-packages/airflow/example_dags/tutorial.py
[2024-08-26T02:03:50.086+0000] {logging_mixin.py:188} INFO - [2024-08-26T02:03:50.086+0000] {dag.py:3096} INFO - Sync 1 DAGs
[2024-08-26T02:03:50.098+0000] {logging_mixin.py:188} INFO - [2024-08-26T02:03:50.098+0000] {dag.py:3954} INFO - Setting next_dagrun for tutorial to 2024-08-25 00:00:00+00:00, run_after=2024-08-26 00:00:00+00:00
[2024-08-26T02:03:50.107+0000] {processor.py:183} INFO - Processing /home/airflow/.local/lib/python3.12/site-packages/airflow/example_dags/tutorial.py took 0.039 seconds
[2024-08-26T02:04:20.166+0000] {processor.py:161} INFO - Started process (PID=4688) to work on /home/airflow/.local/lib/python3.12/site-packages/airflow/example_dags/tutorial.py
[2024-08-26T02:04:20.166+0000] {processor.py:830} INFO - Processing file /home/airflow/.local/lib/python3.12/site-packages/airflow/example_dags/tutorial.py for tasks to queue
[2024-08-26T02:04:20.167+0000] {logging_mixin.py:188} INFO - [2024-08-26T02:04:20.167+0000] {dagbag.py:540} INFO - Filling up the DagBag from /home/airflow/.local/lib/python3.12/site-packages/airflow/example_dags/tutorial.py
[2024-08-26T02:04:20.170+0000] {processor.py:840} INFO - DAG(s) 'tutorial' retrieved from /home/airflow/.local/lib/python3.12/site-packages/airflow/example_dags/tutorial.py
[2024-08-26T02:04:20.182+0000] {logging_mixin.py:188} INFO - [2024-08-26T02:04:20.182+0000] {dag.py:3096} INFO - Sync 1 DAGs
[2024-08-26T02:04:20.195+0000] {logging_mixin.py:188} INFO - [2024-08-26T02:04:20.195+0000] {dag.py:3954} INFO - Setting next_dagrun for tutorial to 2024-08-25 00:00:00+00:00, run_after=2024-08-26 00:00:00+00:00
[2024-08-26T02:04:20.205+0000] {processor.py:183} INFO - Processing /home/airflow/.local/lib/python3.12/site-packages/airflow/example_dags/tutorial.py took 0.043 seconds
[2024-08-26T02:04:50.244+0000] {processor.py:161} INFO - Started process (PID=4748) to work on /home/airflow/.local/lib/python3.12/site-packages/airflow/example_dags/tutorial.py
[2024-08-26T02:04:50.245+0000] {processor.py:830} INFO - Processing file /home/airflow/.local/lib/python3.12/site-packages/airflow/example_dags/tutorial.py for tasks to queue
[2024-08-26T02:04:50.246+0000] {logging_mixin.py:188} INFO - [2024-08-26T02:04:50.246+0000] {dagbag.py:540} INFO - Filling up the DagBag from /home/airflow/.local/lib/python3.12/site-packages/airflow/example_dags/tutorial.py
[2024-08-26T02:04:50.249+0000] {processor.py:840} INFO - DAG(s) 'tutorial' retrieved from /home/airflow/.local/lib/python3.12/site-packages/airflow/example_dags/tutorial.py
[2024-08-26T02:04:50.261+0000] {logging_mixin.py:188} INFO - [2024-08-26T02:04:50.261+0000] {dag.py:3096} INFO - Sync 1 DAGs
[2024-08-26T02:04:50.272+0000] {logging_mixin.py:188} INFO - [2024-08-26T02:04:50.272+0000] {dag.py:3954} INFO - Setting next_dagrun for tutorial to 2024-08-25 00:00:00+00:00, run_after=2024-08-26 00:00:00+00:00
[2024-08-26T02:04:50.281+0000] {processor.py:183} INFO - Processing /home/airflow/.local/lib/python3.12/site-packages/airflow/example_dags/tutorial.py took 0.041 seconds
