[2024-08-16T13:29:42.190+0000] {processor.py:161} INFO - Started process (PID=99) to work on /home/airflow/.local/lib/python3.12/site-packages/airflow/example_dags/example_datasets.py
[2024-08-16T13:29:42.191+0000] {processor.py:830} INFO - Processing file /home/airflow/.local/lib/python3.12/site-packages/airflow/example_dags/example_datasets.py for tasks to queue
[2024-08-16T13:29:42.192+0000] {logging_mixin.py:188} INFO - [2024-08-16T13:29:42.192+0000] {dagbag.py:540} INFO - Filling up the DagBag from /home/airflow/.local/lib/python3.12/site-packages/airflow/example_dags/example_datasets.py
[2024-08-16T13:29:42.201+0000] {processor.py:840} INFO - DAG(s) 'dataset_produces_1', 'dataset_consumes_1_never_scheduled', 'dataset_produces_2', 'consume_1_or_both_2_and_3_with_dataset_expressions', 'dataset_consumes_1_and_2', 'dataset_consumes_unknown_never_scheduled', 'conditional_dataset_and_time_based_timetable', 'consume_1_and_2_with_dataset_expressions', 'dataset_consumes_1', 'consume_1_or_2_with_dataset_expressions' retrieved from /home/airflow/.local/lib/python3.12/site-packages/airflow/example_dags/example_datasets.py
[2024-08-16T13:29:42.228+0000] {logging_mixin.py:188} INFO - [2024-08-16T13:29:42.228+0000] {dag.py:3096} INFO - Sync 10 DAGs
[2024-08-16T13:29:42.243+0000] {logging_mixin.py:188} INFO - [2024-08-16T13:29:42.243+0000] {dag.py:3954} INFO - Setting next_dagrun for conditional_dataset_and_time_based_timetable to 2024-08-14 01:00:00+00:00, run_after=2024-08-14 01:00:00+00:00
[2024-08-16T13:29:42.246+0000] {logging_mixin.py:188} INFO - [2024-08-16T13:29:42.246+0000] {dag.py:3954} INFO - Setting next_dagrun for consume_1_and_2_with_dataset_expressions to None, run_after=None
[2024-08-16T13:29:42.247+0000] {logging_mixin.py:188} INFO - [2024-08-16T13:29:42.247+0000] {dag.py:3954} INFO - Setting next_dagrun for consume_1_or_2_with_dataset_expressions to None, run_after=None
[2024-08-16T13:29:42.248+0000] {logging_mixin.py:188} INFO - [2024-08-16T13:29:42.248+0000] {dag.py:3954} INFO - Setting next_dagrun for consume_1_or_both_2_and_3_with_dataset_expressions to None, run_after=None
[2024-08-16T13:29:42.249+0000] {logging_mixin.py:188} INFO - [2024-08-16T13:29:42.249+0000] {dag.py:3954} INFO - Setting next_dagrun for dataset_consumes_1 to None, run_after=None
[2024-08-16T13:29:42.250+0000] {logging_mixin.py:188} INFO - [2024-08-16T13:29:42.250+0000] {dag.py:3954} INFO - Setting next_dagrun for dataset_consumes_1_and_2 to None, run_after=None
[2024-08-16T13:29:42.251+0000] {logging_mixin.py:188} INFO - [2024-08-16T13:29:42.251+0000] {dag.py:3954} INFO - Setting next_dagrun for dataset_consumes_1_never_scheduled to None, run_after=None
[2024-08-16T13:29:42.252+0000] {logging_mixin.py:188} INFO - [2024-08-16T13:29:42.251+0000] {dag.py:3954} INFO - Setting next_dagrun for dataset_consumes_unknown_never_scheduled to None, run_after=None
[2024-08-16T13:29:42.253+0000] {logging_mixin.py:188} INFO - [2024-08-16T13:29:42.253+0000] {dag.py:3954} INFO - Setting next_dagrun for dataset_produces_1 to 2024-08-15 00:00:00+00:00, run_after=2024-08-16 00:00:00+00:00
[2024-08-16T13:29:42.254+0000] {logging_mixin.py:188} INFO - [2024-08-16T13:29:42.254+0000] {dag.py:3954} INFO - Setting next_dagrun for dataset_produces_2 to None, run_after=None
[2024-08-16T13:29:42.275+0000] {processor.py:183} INFO - Processing /home/airflow/.local/lib/python3.12/site-packages/airflow/example_dags/example_datasets.py took 0.088 seconds
[2024-08-16T13:30:12.900+0000] {processor.py:161} INFO - Started process (PID=157) to work on /home/airflow/.local/lib/python3.12/site-packages/airflow/example_dags/example_datasets.py
[2024-08-16T13:30:12.901+0000] {processor.py:830} INFO - Processing file /home/airflow/.local/lib/python3.12/site-packages/airflow/example_dags/example_datasets.py for tasks to queue
[2024-08-16T13:30:12.902+0000] {logging_mixin.py:188} INFO - [2024-08-16T13:30:12.902+0000] {dagbag.py:540} INFO - Filling up the DagBag from /home/airflow/.local/lib/python3.12/site-packages/airflow/example_dags/example_datasets.py
[2024-08-16T13:30:12.909+0000] {processor.py:840} INFO - DAG(s) 'dataset_consumes_1', 'conditional_dataset_and_time_based_timetable', 'dataset_produces_2', 'dataset_produces_1', 'dataset_consumes_unknown_never_scheduled', 'consume_1_or_2_with_dataset_expressions', 'dataset_consumes_1_and_2', 'consume_1_and_2_with_dataset_expressions', 'consume_1_or_both_2_and_3_with_dataset_expressions', 'dataset_consumes_1_never_scheduled' retrieved from /home/airflow/.local/lib/python3.12/site-packages/airflow/example_dags/example_datasets.py
[2024-08-16T13:30:12.933+0000] {logging_mixin.py:188} INFO - [2024-08-16T13:30:12.933+0000] {dag.py:3096} INFO - Sync 10 DAGs
[2024-08-16T13:30:12.946+0000] {logging_mixin.py:188} INFO - [2024-08-16T13:30:12.946+0000] {dag.py:3954} INFO - Setting next_dagrun for conditional_dataset_and_time_based_timetable to 2024-08-14 01:00:00+00:00, run_after=2024-08-14 01:00:00+00:00
[2024-08-16T13:30:12.948+0000] {logging_mixin.py:188} INFO - [2024-08-16T13:30:12.948+0000] {dag.py:3954} INFO - Setting next_dagrun for consume_1_and_2_with_dataset_expressions to None, run_after=None
[2024-08-16T13:30:12.949+0000] {logging_mixin.py:188} INFO - [2024-08-16T13:30:12.949+0000] {dag.py:3954} INFO - Setting next_dagrun for consume_1_or_2_with_dataset_expressions to None, run_after=None
[2024-08-16T13:30:12.950+0000] {logging_mixin.py:188} INFO - [2024-08-16T13:30:12.950+0000] {dag.py:3954} INFO - Setting next_dagrun for consume_1_or_both_2_and_3_with_dataset_expressions to None, run_after=None
[2024-08-16T13:30:12.951+0000] {logging_mixin.py:188} INFO - [2024-08-16T13:30:12.951+0000] {dag.py:3954} INFO - Setting next_dagrun for dataset_consumes_1 to None, run_after=None
[2024-08-16T13:30:12.951+0000] {logging_mixin.py:188} INFO - [2024-08-16T13:30:12.951+0000] {dag.py:3954} INFO - Setting next_dagrun for dataset_consumes_1_and_2 to None, run_after=None
[2024-08-16T13:30:12.952+0000] {logging_mixin.py:188} INFO - [2024-08-16T13:30:12.952+0000] {dag.py:3954} INFO - Setting next_dagrun for dataset_consumes_1_never_scheduled to None, run_after=None
[2024-08-16T13:30:12.953+0000] {logging_mixin.py:188} INFO - [2024-08-16T13:30:12.953+0000] {dag.py:3954} INFO - Setting next_dagrun for dataset_consumes_unknown_never_scheduled to None, run_after=None
[2024-08-16T13:30:12.954+0000] {logging_mixin.py:188} INFO - [2024-08-16T13:30:12.954+0000] {dag.py:3954} INFO - Setting next_dagrun for dataset_produces_1 to 2024-08-15 00:00:00+00:00, run_after=2024-08-16 00:00:00+00:00
[2024-08-16T13:30:12.955+0000] {logging_mixin.py:188} INFO - [2024-08-16T13:30:12.955+0000] {dag.py:3954} INFO - Setting next_dagrun for dataset_produces_2 to None, run_after=None
[2024-08-16T13:30:12.972+0000] {processor.py:183} INFO - Processing /home/airflow/.local/lib/python3.12/site-packages/airflow/example_dags/example_datasets.py took 0.075 seconds
