[2024-08-17T23:48:03.567+0000] {processor.py:161} INFO - Started process (PID=81) to work on /home/airflow/.local/lib/python3.12/site-packages/airflow/example_dags/example_subdag_operator.py
[2024-08-17T23:48:03.568+0000] {processor.py:830} INFO - Processing file /home/airflow/.local/lib/python3.12/site-packages/airflow/example_dags/example_subdag_operator.py for tasks to queue
[2024-08-17T23:48:03.570+0000] {logging_mixin.py:188} INFO - [2024-08-17T23:48:03.570+0000] {dagbag.py:540} INFO - Filling up the DagBag from /home/airflow/.local/lib/python3.12/site-packages/airflow/example_dags/example_subdag_operator.py
[2024-08-17T23:48:03.592+0000] {processor.py:840} INFO - DAG(s) 'example_subdag_operator.section-1', 'example_subdag_operator.section-2', 'example_subdag_operator' retrieved from /home/airflow/.local/lib/python3.12/site-packages/airflow/example_dags/example_subdag_operator.py
[2024-08-17T23:48:03.611+0000] {logging_mixin.py:188} INFO - [2024-08-17T23:48:03.610+0000] {dag.py:3096} INFO - Sync 3 DAGs
[2024-08-17T23:48:03.634+0000] {logging_mixin.py:188} INFO - [2024-08-17T23:48:03.633+0000] {dag.py:3954} INFO - Setting next_dagrun for example_subdag_operator to 2022-01-01 00:00:00+00:00, run_after=2022-01-01 00:00:00+00:00
[2024-08-17T23:48:03.639+0000] {logging_mixin.py:188} INFO - [2024-08-17T23:48:03.638+0000] {dag.py:3954} INFO - Setting next_dagrun for example_subdag_operator.section-1 to None, run_after=None
[2024-08-17T23:48:03.640+0000] {logging_mixin.py:188} INFO - [2024-08-17T23:48:03.640+0000] {dag.py:3954} INFO - Setting next_dagrun for example_subdag_operator.section-2 to None, run_after=None
[2024-08-17T23:48:03.651+0000] {logging_mixin.py:188} INFO - [2024-08-17T23:48:03.651+0000] {dag.py:3096} INFO - Sync 2 DAGs
[2024-08-17T23:48:03.658+0000] {logging_mixin.py:188} INFO - [2024-08-17T23:48:03.657+0000] {dag.py:3954} INFO - Setting next_dagrun for example_subdag_operator.section-1 to None, run_after=None
[2024-08-17T23:48:03.658+0000] {logging_mixin.py:188} INFO - [2024-08-17T23:48:03.658+0000] {dag.py:3954} INFO - Setting next_dagrun for example_subdag_operator.section-2 to None, run_after=None
[2024-08-17T23:48:03.671+0000] {processor.py:183} INFO - Processing /home/airflow/.local/lib/python3.12/site-packages/airflow/example_dags/example_subdag_operator.py took 0.107 seconds
[2024-08-17T23:48:34.197+0000] {processor.py:161} INFO - Started process (PID=139) to work on /home/airflow/.local/lib/python3.12/site-packages/airflow/example_dags/example_subdag_operator.py
[2024-08-17T23:48:34.198+0000] {processor.py:830} INFO - Processing file /home/airflow/.local/lib/python3.12/site-packages/airflow/example_dags/example_subdag_operator.py for tasks to queue
[2024-08-17T23:48:34.199+0000] {logging_mixin.py:188} INFO - [2024-08-17T23:48:34.199+0000] {dagbag.py:540} INFO - Filling up the DagBag from /home/airflow/.local/lib/python3.12/site-packages/airflow/example_dags/example_subdag_operator.py
[2024-08-17T23:48:34.212+0000] {processor.py:840} INFO - DAG(s) 'example_subdag_operator.section-1', 'example_subdag_operator.section-2', 'example_subdag_operator' retrieved from /home/airflow/.local/lib/python3.12/site-packages/airflow/example_dags/example_subdag_operator.py
[2024-08-17T23:48:34.222+0000] {logging_mixin.py:188} INFO - [2024-08-17T23:48:34.222+0000] {dag.py:3096} INFO - Sync 3 DAGs
[2024-08-17T23:48:34.235+0000] {logging_mixin.py:188} INFO - [2024-08-17T23:48:34.235+0000] {dag.py:3954} INFO - Setting next_dagrun for example_subdag_operator to 2022-01-01 00:00:00+00:00, run_after=2022-01-01 00:00:00+00:00
[2024-08-17T23:48:34.238+0000] {logging_mixin.py:188} INFO - [2024-08-17T23:48:34.238+0000] {dag.py:3954} INFO - Setting next_dagrun for example_subdag_operator.section-1 to None, run_after=None
[2024-08-17T23:48:34.240+0000] {logging_mixin.py:188} INFO - [2024-08-17T23:48:34.239+0000] {dag.py:3954} INFO - Setting next_dagrun for example_subdag_operator.section-2 to None, run_after=None
[2024-08-17T23:48:34.246+0000] {logging_mixin.py:188} INFO - [2024-08-17T23:48:34.246+0000] {dag.py:3096} INFO - Sync 2 DAGs
[2024-08-17T23:48:34.251+0000] {logging_mixin.py:188} INFO - [2024-08-17T23:48:34.251+0000] {dag.py:3954} INFO - Setting next_dagrun for example_subdag_operator.section-1 to None, run_after=None
[2024-08-17T23:48:34.252+0000] {logging_mixin.py:188} INFO - [2024-08-17T23:48:34.252+0000] {dag.py:3954} INFO - Setting next_dagrun for example_subdag_operator.section-2 to None, run_after=None
[2024-08-17T23:48:34.259+0000] {processor.py:183} INFO - Processing /home/airflow/.local/lib/python3.12/site-packages/airflow/example_dags/example_subdag_operator.py took 0.065 seconds
