[2024-08-17T23:48:04.528+0000] {processor.py:161} INFO - Started process (PID=98) to work on /home/airflow/.local/lib/python3.12/site-packages/airflow/example_dags/example_datasets.py
[2024-08-17T23:48:04.528+0000] {processor.py:830} INFO - Processing file /home/airflow/.local/lib/python3.12/site-packages/airflow/example_dags/example_datasets.py for tasks to queue
[2024-08-17T23:48:04.530+0000] {logging_mixin.py:188} INFO - [2024-08-17T23:48:04.529+0000] {dagbag.py:540} INFO - Filling up the DagBag from /home/airflow/.local/lib/python3.12/site-packages/airflow/example_dags/example_datasets.py
[2024-08-17T23:48:04.540+0000] {processor.py:840} INFO - DAG(s) 'consume_1_or_both_2_and_3_with_dataset_expressions', 'dataset_produces_2', 'dataset_produces_1', 'consume_1_or_2_with_dataset_expressions', 'dataset_consumes_1_never_scheduled', 'conditional_dataset_and_time_based_timetable', 'dataset_consumes_1', 'dataset_consumes_1_and_2', 'dataset_consumes_unknown_never_scheduled', 'consume_1_and_2_with_dataset_expressions' retrieved from /home/airflow/.local/lib/python3.12/site-packages/airflow/example_dags/example_datasets.py
[2024-08-17T23:48:04.572+0000] {logging_mixin.py:188} INFO - [2024-08-17T23:48:04.572+0000] {dag.py:3096} INFO - Sync 10 DAGs
[2024-08-17T23:48:04.589+0000] {logging_mixin.py:188} INFO - [2024-08-17T23:48:04.589+0000] {dag.py:3954} INFO - Setting next_dagrun for conditional_dataset_and_time_based_timetable to 2024-08-14 01:00:00+00:00, run_after=2024-08-14 01:00:00+00:00
[2024-08-17T23:48:04.592+0000] {logging_mixin.py:188} INFO - [2024-08-17T23:48:04.591+0000] {dag.py:3954} INFO - Setting next_dagrun for consume_1_and_2_with_dataset_expressions to None, run_after=None
[2024-08-17T23:48:04.593+0000] {logging_mixin.py:188} INFO - [2024-08-17T23:48:04.593+0000] {dag.py:3954} INFO - Setting next_dagrun for consume_1_or_2_with_dataset_expressions to None, run_after=None
[2024-08-17T23:48:04.594+0000] {logging_mixin.py:188} INFO - [2024-08-17T23:48:04.594+0000] {dag.py:3954} INFO - Setting next_dagrun for consume_1_or_both_2_and_3_with_dataset_expressions to None, run_after=None
[2024-08-17T23:48:04.595+0000] {logging_mixin.py:188} INFO - [2024-08-17T23:48:04.595+0000] {dag.py:3954} INFO - Setting next_dagrun for dataset_consumes_1 to None, run_after=None
[2024-08-17T23:48:04.596+0000] {logging_mixin.py:188} INFO - [2024-08-17T23:48:04.596+0000] {dag.py:3954} INFO - Setting next_dagrun for dataset_consumes_1_and_2 to None, run_after=None
[2024-08-17T23:48:04.598+0000] {logging_mixin.py:188} INFO - [2024-08-17T23:48:04.598+0000] {dag.py:3954} INFO - Setting next_dagrun for dataset_consumes_1_never_scheduled to None, run_after=None
[2024-08-17T23:48:04.599+0000] {logging_mixin.py:188} INFO - [2024-08-17T23:48:04.599+0000] {dag.py:3954} INFO - Setting next_dagrun for dataset_consumes_unknown_never_scheduled to None, run_after=None
[2024-08-17T23:48:04.601+0000] {logging_mixin.py:188} INFO - [2024-08-17T23:48:04.601+0000] {dag.py:3954} INFO - Setting next_dagrun for dataset_produces_1 to 2024-08-16 00:00:00+00:00, run_after=2024-08-17 00:00:00+00:00
[2024-08-17T23:48:04.602+0000] {logging_mixin.py:188} INFO - [2024-08-17T23:48:04.602+0000] {dag.py:3954} INFO - Setting next_dagrun for dataset_produces_2 to None, run_after=None
[2024-08-17T23:48:04.627+0000] {processor.py:183} INFO - Processing /home/airflow/.local/lib/python3.12/site-packages/airflow/example_dags/example_datasets.py took 0.103 seconds
[2024-08-17T23:48:34.772+0000] {processor.py:161} INFO - Started process (PID=156) to work on /home/airflow/.local/lib/python3.12/site-packages/airflow/example_dags/example_datasets.py
[2024-08-17T23:48:34.773+0000] {processor.py:830} INFO - Processing file /home/airflow/.local/lib/python3.12/site-packages/airflow/example_dags/example_datasets.py for tasks to queue
[2024-08-17T23:48:34.774+0000] {logging_mixin.py:188} INFO - [2024-08-17T23:48:34.774+0000] {dagbag.py:540} INFO - Filling up the DagBag from /home/airflow/.local/lib/python3.12/site-packages/airflow/example_dags/example_datasets.py
[2024-08-17T23:48:34.781+0000] {processor.py:840} INFO - DAG(s) 'dataset_produces_2', 'conditional_dataset_and_time_based_timetable', 'dataset_consumes_1_and_2', 'dataset_consumes_unknown_never_scheduled', 'dataset_consumes_1', 'consume_1_and_2_with_dataset_expressions', 'consume_1_or_2_with_dataset_expressions', 'dataset_consumes_1_never_scheduled', 'dataset_produces_1', 'consume_1_or_both_2_and_3_with_dataset_expressions' retrieved from /home/airflow/.local/lib/python3.12/site-packages/airflow/example_dags/example_datasets.py
[2024-08-17T23:48:34.808+0000] {logging_mixin.py:188} INFO - [2024-08-17T23:48:34.807+0000] {dag.py:3096} INFO - Sync 10 DAGs
[2024-08-17T23:48:34.822+0000] {logging_mixin.py:188} INFO - [2024-08-17T23:48:34.822+0000] {dag.py:3954} INFO - Setting next_dagrun for conditional_dataset_and_time_based_timetable to 2024-08-14 01:00:00+00:00, run_after=2024-08-14 01:00:00+00:00
[2024-08-17T23:48:34.824+0000] {logging_mixin.py:188} INFO - [2024-08-17T23:48:34.824+0000] {dag.py:3954} INFO - Setting next_dagrun for consume_1_and_2_with_dataset_expressions to None, run_after=None
[2024-08-17T23:48:34.825+0000] {logging_mixin.py:188} INFO - [2024-08-17T23:48:34.824+0000] {dag.py:3954} INFO - Setting next_dagrun for consume_1_or_2_with_dataset_expressions to None, run_after=None
[2024-08-17T23:48:34.825+0000] {logging_mixin.py:188} INFO - [2024-08-17T23:48:34.825+0000] {dag.py:3954} INFO - Setting next_dagrun for consume_1_or_both_2_and_3_with_dataset_expressions to None, run_after=None
[2024-08-17T23:48:34.826+0000] {logging_mixin.py:188} INFO - [2024-08-17T23:48:34.826+0000] {dag.py:3954} INFO - Setting next_dagrun for dataset_consumes_1 to None, run_after=None
[2024-08-17T23:48:34.827+0000] {logging_mixin.py:188} INFO - [2024-08-17T23:48:34.827+0000] {dag.py:3954} INFO - Setting next_dagrun for dataset_consumes_1_and_2 to None, run_after=None
[2024-08-17T23:48:34.827+0000] {logging_mixin.py:188} INFO - [2024-08-17T23:48:34.827+0000] {dag.py:3954} INFO - Setting next_dagrun for dataset_consumes_1_never_scheduled to None, run_after=None
[2024-08-17T23:48:34.828+0000] {logging_mixin.py:188} INFO - [2024-08-17T23:48:34.828+0000] {dag.py:3954} INFO - Setting next_dagrun for dataset_consumes_unknown_never_scheduled to None, run_after=None
[2024-08-17T23:48:34.829+0000] {logging_mixin.py:188} INFO - [2024-08-17T23:48:34.829+0000] {dag.py:3954} INFO - Setting next_dagrun for dataset_produces_1 to 2024-08-16 00:00:00+00:00, run_after=2024-08-17 00:00:00+00:00
[2024-08-17T23:48:34.830+0000] {logging_mixin.py:188} INFO - [2024-08-17T23:48:34.830+0000] {dag.py:3954} INFO - Setting next_dagrun for dataset_produces_2 to None, run_after=None
[2024-08-17T23:48:34.848+0000] {processor.py:183} INFO - Processing /home/airflow/.local/lib/python3.12/site-packages/airflow/example_dags/example_datasets.py took 0.078 seconds
